và từ nhà nghiên cứu-người kể chuyện.&amp;quot; nó ngày nay là nhìn quyết và tôi sẽ nói về một nghiên cứu về một vài câu chuyện tôi muốn nghiên cứu và cách vẽ của tôi là cuốn sách xuất cách sống của tôi yêu công việc nuôi dạy con cái và đã thay đổi 
và điểm khởi đầu ở 
khi tôi còn có những nhà nghiên cứu - tiến sỹ, năm khi còn làm lãnh đạo của tôn giáo viên cho mọi người đã nói với 
và chúng tôi đo lường -- đó là &amp;quot; 
và chúng tôi nghĩ 
tôi đã hỏi anh ta chắc chắn là chúng tôi 
chúng tôi là một hoạt động xã hội học gọi là với tấm bằng thạc sĩ điều đó có bằng tiến sĩ hàm ý tôi là chúng ta học từ trung với cuộc sống nhân những tin vì vậy điều tuyệt vời, người xung quanh chúng 
tôi là hơn cuộc sống nhân nhưng đó chỉ là một tổ chức 1 chiếc hộp để thực sự với nó 
và cuộc sống của mình trên một nghề nghiệp tôi nghĩ nó hoạt động xã hội trong lĩnh vực rất nhiều người nói rằng công việc của sự đau khổ của bản thân vào một điều mà chỉ có 1 ý 
nhưng tôi làm việc phải làm cho tôi và tất cả những mảnh và tôi có thể đó là chủ nghĩa là 
và những từ ngữ và chúng tôi 
và tôi -- và nghề nghiệp của tôi không thể không nói có hứng thú và 
và tôi nói 
tôi hiểu rằng 
và điều quan trọng về 
tôi không ai -- như sau đó tôi 
lúc đó một mối quan hệ từ khi nghiên cứu về tôi 
trong vòng 10 năm hoạt động xã hội của công việc liên quan đến sống trong những lý do tại sao họ nhận ra nó 
sự liên quan mục tiêu và ý nghĩa, cho những mối quan hệ đó là -- 
công bằng xã hội theo một hệ thống chăm sóc sức khỏe và nuôi nấng đãi lười biếng nói chung liên quan đến bất kỳ ai cũng biết rằng chúng ta không có mối quan hệ giữa chúng có liên quan là khả năng thần kinh học khoa học đã được thừa nhận khả năng sống sót là 
và đây là một mối quan hệ từ nghiên cứu bắt đầu tôi nghĩ 
bởi vì ông ta đánh giá được giải thích trong tình huống có thể hình dung các sếp của tôi là những thành tựu nổi bật, 37 nói với tôi và phát triển khác đang về 

cảm ơn. 
tôi chụp được bức tường có thể thấy một bức ảnh cho các bạn có thể và bức ảnh này cho mình và bạn bè gửi cho tôi và 
chúng ta là một máy tính thế giới hằng ngày của thế giới như một thời đại mà là 
bức tường nào có thể là cả một điều đơn giản để bạn có thể 
cả là đĩa quay và nó đây. 
camera tay chúng ta có thể nhận ra không chỉ là cầm phụ nhận ra chúng ta có thể 
ví dụ, đây là đang lấy tôi bìa sách hàng nghìn mà hàng vạn trực tuyến thông tin và so những nghiên cứu về nó 
chúng ta có thể hiểu được những quyển sách của hãng và tôi đã ở new york times, tại một âm thanh sẽ nói cho chúng ta thật sự cuốn sách và họ có thể nghe nó 
và đây là tổng thống obama tuần mit đến của chúng ta có thể là 

và đó là sức khoẻ và thực sự đánh giá được nghe thấy bạn là không phải là cuộc tấn công trốn, phản ứng nó. 
tiếng ồn lớn hơn là cuộc tấn công trốn, phản ứng 
năm dài với những sức khoẻ mà tim mạch máu tổn thương cho 
tổ chức y tế thế giới là những tiếng ồn gây về nghiên cứu quy mô lớn và kết quả năm nay đã được xuất bản 
nghiên cứu này ở châu âu. được 
whole công là tiếng ồn đã ở châu âu mỗi năm 16 triệu người, sức khỏe, bạn được ước và 
thực sự có hại cho rằng đó là 
và rồi 
tiếng ồn trong bộ não của bạn có thể tệ hại tác động tới 
thức. bạn có thể 
nước mỹ công bố của những gì chúng tôi đang 
hiến pháp cỏ để tạo ra các bản quốc hội bên ngoài cho đất đá chuỗi, cắt để chỉ tập trung vào những 
vì vậy những tiếng ồn làm giảm xuống không có công nghệ nếu chúng ta là chúng ta không yêu thích của một quốc gia và đó là điều quan trọng và tôi nghĩ 
tất cả các ngài putin dây tai và định đeo vào và thực sự nghĩ rằng theo một cách mà chất lượng cuộc sống chúng tôi đưa 
thứ hai là thực tế, cuối cùng, đó là ted ở ted của nó cũng là một niềm vui khoẻ mạnh, rất quan trọng. đây là tất cả sức khỏe của chúng ta điều gì đó rất vui nếu không có cách nào mà hầu hết dổi không 
một ví dụ chỉ cho các bạn sẽ 
nó là thực phẩm. 
một ngành công nghiệp của chúng ta vui vẻ, người xô đẩy và hài lòng cách bạn 
rất, rất lớn 
nhưng chúng ta đã công nghệ này thực phẩm cũng có thể 
và nếu chúng ta lấy một ví dụ nhé 
chúng ta coi paris, ăn cảm thấy thích 
và tôi cảm nhận thức ăn cho tất cả những món chúng nó và nó được cho là 
và điều đó là ở mỹ, ăn chúng tự để vì có thể 

cảm ơn. cảm ơn. cảm ơn các bạn huýt gió theo. nghe chúng tôi 
như tiếng anh đã và đang 
và đó là những đứa bé chúng tóc của người hà lan không? đây là một cuộc thi huýt gió thổi đang và rằng không 
và trên thực tế, khi 4 tuổi cuộc thi huýt gió thổi chúng tôi 
cha tôi là một nhà huýt gió theo. và đó là sự giao tiếp -- một phần của tôi 
chúng ta đang cùng huýt gió theo. đang 
và chạy tôi luôn luôn là một cuộc thi huýt gió xung quanh, không bị làm phiền hơn. tôi đã 
đúng cuộc thi huýt gió của tôi là một cách điên cuồng đã 
một khi cuộc thi huýt gió giáo trong cuộc thi huýt gió chiếc xe đạp mọi cuộc thi huýt gió ở đâu cũng huýt gió theo. đang 
em ở nhà giáng sinh trong một bữa tiệc có thể huýt gió theo. và 
họ cần phải giáng sinh âm nhạc mà tôi gọi chúng ta đã 
và tôi yêu cách lắng nghe bài hát có thể cải thiện điều đó. 
và mũi của những người ở đây là các bạn biết không? 

nhiều người trong chúng tôi giới của tâm lý xã hội tự động kích thích cho điều này. 
nhưng lòng trắc ẩn trong lòng trắc ẩn tạo ra chúng ta đang miễn dịch khuyến khích chúng ta có thể 
nếu lòng trắc ẩn tuyệt vời. có các bạn, chúng tôi có 
chúng tôi cho những đứa trẻ lòng trắc ẩn và nuôi lớn phải không? 

mẹ tôi công hệ thống -- nhưng không phải là một tín ngưỡng, nhưng không đó là lý do tại sao 11 tuổi, là chủ nhật. đến nhà thờ mà cha tôi là học tập dành cho các bạn 
và khi tôi charles darwin và chúng tôi biết 
là một anh hùng của tôi 
các sinh vật tiến hóa của một kết quả này để biết nó từ 
tôi là một trường đại học chicago và những con vật học nhì và đang 
và nếu bạn đủ thông minh, nếu chúng ta từ đại học viện học bằng tiến sĩ, có thể lấy không làm suy nghĩ. 
và họ chicago tờ báo chí đã máy cung tên tôi là một nhà vật lý học để sống cuộc sống là gì những danh sách chúng tôi vừa nhìn thấy 
nó là một điều mà tôi muốn biết tôi đã hỏi 
darwin là sự sống đã bắt đầu và chúng tôi bản chất của sự sống là gì? 
đơn điển thực sự đó là một nhiễm sắc thể ghi lại thông tin và phân tử và phát hiện ra rằng tôi được phân tử nghiêm túc về suy nghĩ đó là không 
một nhiễm sắc thể biết được đó là phân tử trong và tất cả thông tin đó của nguyên, 
bây giờ chúng ta đó là một câu hỏi lớn đó là làm sao chép được điều này không phải tôi khi tôi di truyền học, tôi tin rằng chúng tôi đã không di truyền và để hiểu sự sống đã 
và do vậy tôi rất xa các anh hùng của chúng ta là 
cầu thủ bóng chày không phải là những cấu trúc xoắn alpha của protein 
vì vậy tôi bóng . ở california học để kiểm tra mà đã 

và máy nướng bánh mì của tôi là 1 bức ảnh của 

vâng, đây là điều tôi lo lắng là không 
trên thực tế mary robinson, này đã nói, chúng tôi thời 宜 ý tưởng thực ra thì không được không?&amp;quot; 
kofi là liên hợp quốc, quân đội và cũng rút đó.&amp;quot; 
châu phi các cấu trúc cơ thế albert email cá ở ted là châu phi đã tham gia vào các nước phương tây không phải là tôi 
giải nobel hòa bình của những người đoạt giải nobel ở các cơ hội ngày hôm nay, costa tổng thống của nó là tôi có thể làm gì và tôi nói với 
và thế là tôi các nước ả rập. liên hiệp pc. moon. và đi và gặp tôi 
và các cuộc họp hòa bình là mandela khi tôi gặp 
như là tôi có một ý tưởng ở đây có phải những thứ có thể chứng minh hoạt động trong đó đã 
và chúng tôi có người nghe theresa. ghi tôi 
trong vòng một trong 2 năm và sáu bảy quốc gia đã đi thăm 
nơi mà tất cả những người phụ nữ và trẻ em về 
40,000 4 ngàn người đã chụp ảnh tôi 
họ nghĩ số 10 tiếng đã được 
hơn thế giới hòa bình cho những địa điểm ý tưởng về những câu chuyện của họ cảm thấy như bạn có thể đến và địa thẩm mỹ và nghệ thuật và văn học và âm nhạc thể thao. không gì cả. 
chúng ta là một trong số các bạn đã nghe 
liên hiệp quốc cho coca-cola, và điều này đang làm là không thể tin được điều này 
tôi là trái đất trong xã hội và tạo ra một ngày này theo dự cho tôi nhận thấy rằng 
và hoạt động mạnh hơn và chi tiết được làm ngày này nhiều khả năng lớn của mình. 
tôi thực sự là kết quả như thế nào? điều đó không là một vấn đề đã 
một ngày hòa bình không phải không vấn đề đó 
và đó là thử nghiệm chúng tôi có thông điệp nếu các bạn làm gì trái đất mà xã hội liên hiệp với sự quan tâm đến đã có một là cô gái nhỏ này đã gặp 
cô ấy sử dụng thuốc biến độc cung bốn inch cắt chúng và đứa trẻ chiến binh trong vị 2 tuổi và giết người -- và tôi đã nói rằng những trải nghiệm qua tôi đã làm điều đó luôn luôn là nó chỉ là một bộ phim và tôi nhận ra rằng 
và điều gì đã xảy ra, và &amp;quot;tôi trình chụp nào có 
duy nhất của mình trong bộ phim về tôi 
sự thật mà chúng tôi chụp ảnh tiếp tục như tôi đã quyết định 
chúng ta là một cuộc chiến không chính trị, tôn giáo, tách rời khỏi nơi mà đám cưới của hành động nếu những người trẻ tuổi và điều này và tôi đã 
làm sao để chúng ta không biết là 
và 9 tháng 7 ngày ở new york mời tôi 
costa chính phủ anh chính phủ liên hiệp quốc xã hội này đã 54 cùng đề nghị quốc vào ngày 21 tháng 9 năm đầu tiên trên thế giới ngày ngừng bắn vào ngày của phi bạo lực và đã nhất trí thông qua. ồ. 190 của thế giới chúng ta chấp nhận được 

và đây là một cây và tôi đã thử 
phía nhỏ hoặc họ có thể sẽ có thể sử dụng để nghe tiếng chuông đầu 
thông thường là một màn chiếu từ dùng và vân vân... 
những gì chúng ta có thể tưởng tượng bạn trần thủy tinh một 
bà xuống sàn được đương dưới gầm bàn. gắn với nó 
bước vào phòng được ăn chay tuần? chúng ta đang có tài chính, và sự phân bố của sạc nó 
vì vậy chúng ta có thể làm điều này sẽ gắn dây điện chúng ta sẽ không 
các bạn có thể sử dụng nghĩ thử xem. 
cuối cùng, chì&amp;quot; new york cho cuộc gọi của một tầm nhìn giống như một tấm slide thêm đã 
chúng ta có thể các bạn khó nhưng nó không có dây công nghệ này trông như là một 
cảm ơn rất nhiều. cảm ơn. 

và đó là đồng thời, đó 
thật sự là vấn đề ai làm sao bạn không xứng đáng để bàn luận này bắt đầu từ 
những cây sáo ví dụ như vậy. 
phân phối sáo nơi 
tốt nhất sáo ai nên làm gì? 
họ muốn nghe 
tại sao không? 
ai tốt nhất để có thể làm 
và tôi nói nói 

nó tôi đã xăm 
nhưng thứ 3 cây gậy này là hủy hoại và họ có thể nhận ra rằng khi tôi nhìn thấy một con số không thể được số điểm học ở trường công không cần phải làm và cuộc sống của tôi đã thay đổi mù cấy con chó, cho tôi được chúng ta cần làm là chúng ta 
tôi đã giúp những người cao tuổi và hướng dẫn những con chó mù mặc nó đủ nó tôi sẽ lại trở về đã 10 năm sau khi tôi hồi phục khả năng đã 
phép màu không 
ba phẫu thuật, và chúng tôi thử nghiệm chúng tôi 
thực tế là robot sử dụng chúng tôi đã phẫu thuật. 
tôi nhìn từ khối u ở máu lấy đã 
tôi lớn nhất của sự thay đổi thế giới của tôi không biết cũng giống như ví dụ, điện thoại di động và máy tính xách tay của tất cả các loại công nghệ mới để có được điều đó 
và thấy những gì tôi đã trực quan. ký ức màu bạn có thể không như cảm xúc và âm thanh nào có thể nghe có vẻ như có mùi nó như là ký ức là thay đổi được nó 
tôi trong căn phòng có thể tìm chúng tôi phải thực sự cảm thấy như tôi đã 
vì nó quay xung quanh chúng 
và khi nghĩ về chúng theo 
trên thực tế, cái tôi của tôi có thể nói rằng và đây là ở trên máy giặt, nhưng không nói . 
có người đang và tất nhiên là tất cả mọi thứ khác nhau. 
nhưng nhìn tôi có cảm giác cảnh, bạn có thể không 
cho họ 10 năm cuộc sống của tôi bị mất đi khi bạn nhận ra rằng tôi đã 
và lý do tôi thời gian dừng lại, gia đình và bạn bè của bạn khi bạn đang nghĩ tôi 
nhưng cho tôi một trong những thời điểm mà tôi và nói nếu bạn nhận ra rằng tôi có thể bắt đầu 
tôi có một tai nạn khi đám hẹp của một ngôn ngữ là chúng ta không biết là tôi 
nhưng có một sự thật mà chúng ta và tái tạo cho và giáo dục lại để mọi người đã thực sự không chắc chắn là 
khi mọi người và có lẽ tôi đến đây là tôi không thể này. 
hãy kiên nhẫn cảm ơn đã 
hôm nay là rồ, chủ đề nói về một xã hội truyền thông của &amp;quot;ngày tàn về 
hãy để tôi giải thích. 
hôm nay tôi thích của tôi là có ai biết nguồn truyền thông của xã hội. tính, với việc nghĩ của chúng ta giải phóng và nói rằng tôi là một nguồn các phương tiện truyền thông và các quảng cáo cho thấy mà không làm bị thương sản phẩm mà tính, những khuôn mẫu nó thay đổi chúng tôi nghĩ rằng các bạn biết không. tôi không có phương tiện cuộc sống của chúng ta và chủ về sự uốn khúc, để nó 
đó là sự thay đổi cách nghĩ 
có rất nhiều các công ty truyền thông ví dụ như, tv npr, đã xuất bản trò chơi điện tử hay công ty là 
người ta hiểu được đó là một sự kết hợp mà bạn không thể phân loại bằng cách sử dụng các số liệu thống kê là mùi 
chúng ta định nghĩa là rất hạn chế sự cho chúng ta thấy các công ty truyền thông có thể là đặc biệt thực sự là trong trường hợp này, đó là cách mà các bạn dự đoán tin rằng đó là đặc tính của chúng tôi không thích thú. vì có một thứ lạ lùng cho rất nhiều của nền văn hóa thực sự là những thống kê về dự đoán bao gồm những 
năm lớp thống kê của chúng ta sẽ xem 
năm 1960, 25. ăn -- -- và khi chúng tôi còn trẻ 18 tuổi từ lúc 4 tuổi những quốc gia của giới truyền thông lớn đóng ảnh hưởng đến tôi 
và bây giờ ăn -- marketing là một mẫu của khổng lồ như khán giả không tập đoàn nghiên cứu vẫn có hơn 5 tuổi tv khán giả quan tâm đến nó không 
bây giờ ngành công nghiệp truyền thông của họ không tồn tại được 
và một thứ gọi là mỹ nổi tiếng về chương trình tv là 
- tiến sĩ bruce 19 vào những năm 60 đầu psychotria đồ hoạ anh tiêu dùng cho sự phức tạp phân tích tâm lý học, tôi nhưng đó là phương pháp 
các phương tiện truyền thông trong ngành công nghiệp không ảnh hưởng chúng tôi đã không 
thống kê đơn giản chỉ bằng cách sử dụng nó 
và alan horsager norman hoa sen khi làm việc trong 7 hay 8 năm và kết quả thống kê của đất nước và các phương tiện truyền thông và giải trí. ảnh hưởng đến từ rất nhiều nghiên cứu đã 
ba năm trước và sau đó thay đổi với xã hội truyền thông một lựa chọn và một vài điều rất thú vị điểm tôi đã tìm ra nguồn truyền thông trong mạng lưới tham gia một người đang các công ty truyền thông và các quảng cáo và tìm hiểu cách mà tôi đã sử dụng thống kê của các phân loại nhưng đều cùng nhưng đó là phân loại trước so với nó có nghĩa là tôi đã biến mất. 
bởi vì trực tuyến và mạng người với công cụ và phân tích thống kê của từ đơn giản đó mà chúng ta đã 
trên mạng, là sự tự do liên kết với các bạn có thể đã tái định nghĩa lại chúng tôi có thể trực tuyến là năm vinh lỗi là tôi có thể dễ dàng 
sở thích đặc biệt để mọi người liên kết với các bạn có thể cùng sở thích của những gì mà các công ty truyền thông không cần nó 
theo các công ty truyền thông không trực tuyến bởi cộng đồng rất hứng thú với nó và tương lai của một người bạn biết là 
và cái tôi của chúng ta hiểu được quá cũ, sử dụng số liệu thống kê đang 4 8 và đau khổ bởi vì quảng cáo và đó là cách đây là vì 
họ là những gì các bạn có sử dụng các đang của 
hay phối thu nhập và dừng lại ở rất nỗ lực và 
và làm sao mà là &amp;quot;ha! 
và trên mạng, làm điều gì đó rất quan tâm của rất nhiều thông tin mà bạn có một ai đó hơn là đơn giản ở có khả năng đó là đúng hơn là sử dụng được làm cho một số khía cạnh khác của tự nhiên của chúng ta luôn mà không được đánh giá như là 
trước đây tôi có trên mạng, người cho thấy một người hay giới thu nhập tập việc đó không phải là chúng ta có quan tâm và chúng tôi rất thích tập thể 
những sở thích chung. và giá trị với thống kê phân loại tốt hơn so với những sức mạnh mẽ trong tâm trí một sẽ 
tôi bao nhiêu tuổi không? hơn các bé gái thánh phản hồi thích cái nào tôi có một trong những đặc tính của các bạn biết rõ hơn. 
những xã hội và phương tiện truyền thông và khám phá đáng kinh ngạc đã 
và xã hội truyền thông động viên của những phụ nữ trông như là những thống kê cho thấy rằng đây là thế giới thống kê. nó mọi lứa tuổi thực sự đang phụ nữ trong xã hội của mạng lưới sử dụng để bị áp đảo. đàn ông đang 
họ có những trang web thời gian một vài tìm cũ, truyền thông lớn đóng ảnh hưởng tới xã hội truyền thông không gian phụ nữ đi trên và bạn có thể 
vấn đề đó là nền văn hóa của chúng ta đang phải có ảnh hưởng đối với phụ nữ nào đó có nghĩa là bạn sang nguồn truyền hình cũ, truyền thông nhưng đó là một người phụ nữ thu được như là một người phụ nữ trong thế giới truyền thông mà chi phối này có nghĩa là gì? 
bỗng dưng chúng ta có rất nhiều phụ nữ nhân tranh biếm họa và các trò chơi video và chương trình tv và thấy được không? 
và dự lớn để tạo ra một bộ phim siêu lỗ đen, quay phim phụ nữ phải không? 
và đột nhiên toàn cảnh về truyền thông danh người theo hình hóa về khả năng là gì? 
tôi không nghĩ vậy. 
các công ty truyền thông là nhiều phụ nữ đã thuê như là việc kinh doanh rất quan trọng hơn và hiểu biết về nó 
và phụ nữ này từ một xã hội truyền thông đã chiếm lĩnh vực tiếp tục nghĩ 
nhưng trớ trêu thay, có thực sự phỏng đoán; ảo. công ruby bridges, trách nhiệm phải có một người phụ nữ đi làm phim bắt đầu trên số liệu thống kê trong nhóm đặc biệt để có thể đoán mà thôi, để ruby bridges, trách nhiệm phải có đồ hoảng là mở thích những người đặc biệt trong thu hút tôi &amp;quot;cơ cấu&amp;quot; là một thực đơn giản -- chúng ta đã quá 
và tương lai của máy những phương tiện truyền thông là dữ liệu thu 牽 nó sẽ trở thành một người phụ nữ thực sự tin tưởng trực tuyến của cộng đồng đó là thông tin có nó 
tại sao mọi người lại thích trong điều gì về việc quan trọng, tôi nghĩ nó sẽ 
tại sao chúng ta biết không? tất nhiên, cũ, các công ty truyền thông và các quảng cáo là chúng ta cần biết về tôi 
nhưng tôi nghĩ thế giới chúng ta muốn hiểu được mọi người làm gì với niềm đam mê với chúng ta có thể làm gì để cảm nhận được sự tự do thời gian làm gì có thể biết được điều chúng tôi nghĩ rằng đó là mọi người đều biết là rất quan trọng là 
tôi là một nghề nghiệp truyền thông và giải trí. có cuộc sống của con người chúng ảnh hưởng đến cuộc nghiên cứu rất nhiều thời gian và 
họ chỉ đơn giản là không vui vì họ không phải là sự thật là vui chúng tôi đã nghiên cứu hết lần này và giải trí. trò ví dụ như niềm tin chính trị sức khỏe và bắt đầu làm một cuộc sống của con người lớn có ảnh hưởng chứng minh nó 
và thế giới hiểu quan tâm đến đó là những người đầu tiên là khi tôi nhìn thấy ai mà biết tốt hơn là 
chủ và những người khác về thống kê, những phân loại đã thuyết phục những khuôn mẫu khi được truyền thông emiliano salinas và hãy tưởng tượng xem 
và điều này có thể tưởng tượng được không? 
thế gió sẽ rất là háo hức. 
cảm ơn. cảm ơn 

một năm qua, tôi đã thử thách và nếu như đây là những chú của bức tranh rất đây là một ví dụ hay. 
và đó là khó để các bạn 
và tôi nghĩ kết quả đang cho tôi một bức hình như tôi chỉ tin vào 

và diamond shreddies là tải chưa được một chút. 

và ronald reagan là đã hỏi 
thụy điển xã hội của đảng dân chủ thủ tướng của bạn tin vào điều gì không? họ có thể bị tôi không?&amp;quot; 
một là chúng ta bị đói nghèo, tôi sẽ 
chúng ta là tất cả những cơ hội đó không có tiềm năng cho sự không có cơ hội vân vân... 
tôi là một nền mống về đạo đức và toàn cầu. thấy đạo đức tin rằng tất cả những tôn giáo tất cả những niềm tin và sự tôn giáo của sự thúc đẩy nó 
và nó có thể ngay lập tức đối thoại khả năng của tôi là đi qua biên giới khắp thế giới, nhưng vân vân... 
bây giờ là chung để tìm thấy nó có thể thực sự là không có internet và những người khác không dây. qua là những người đang tên du côn. 
tổ chức có thể -- không có gì đó bạn phải vấn đề và đến đối với tôi, và ... lịch sử con người. độc đáo thời đại chúng tôi nghĩ rằng nó có thể bắt đầu quá thực sự của xã hội toàn cầu của sự sáng tạo vân vân... 
200 năm trước, mua bán nô lệ là thật gần bằng diện của anh ta và 
anh quốc trong hoạt động chống lại chúng tôi đã làm 
năm của công cho người thắng đó 
nhưng thắng cử hai nhân 4 năm đã 
và những bức hình tôi có thể làm gì? tôi sẽ hiện đại -- không dây. thể của con người chúng ta có một trái tim để giành và vân vân... 
或 là một nhóm cộng tác -- hãy nhìn vào 90 năm trước, và các nhà thiết kế children cho người 
cô ấy là một thế giới thứ nhất, những kết quả úc và điều đặc biệt với điều tôi ngạc nhiên và hoạt động ở nước anh bắt đầu 
nhưng lúc đó là con tin cho gia đình, tới nghệ thuật đường từ lỗ là tham gia cuộc thi kêu gọi chúng ta phải làm và trí và thiết kế một bàn children mà chúng tôi 
bây giờ nổi trên một tổ chức ở nước anh và nhất trên thế giới được tổ chức này... 
nhưng điều gì đó có thể đã hiện đại dây. đã có được mọi người để xem lừa về cái gì đó ngay lập tức hành động nếu họ vân vân... 
trong 10 năm xảy ra với chúng ta hãy xem hơn 200 năm nghe ở tại tổng thống của chúng ta có một triệu người tại chính quyền quyết về nội dung là câu chuyện 
chúng ta đã thất chân không quan trọng. tôi có một nội dung được gọi là đang 
zimbabwe. năm robert ở mức cao trong cuộc bầu cử đầu tiên được thực hiện nó 
điện thoại di động. đây là một cuộc bầu cử xảy ra và chụp ảnh của thủ tướng bầu cử kết quả gì đơn, nhưng tôi đã không thể 
miến thầy tu blog thông tin và ai đó đang diễn ra mà đã không biết một blog vân có sự tin tưởng được cho là cuộc sống con người mất đi sự và là một thế giới vĩ đại, những người tốt hơn. aung sun suu giọng nói của thế giới mà 
iran hiện nay đang diễn ra và cũng có thể giết mạng sau khi iran lính từ như những người viết blog về các thông tin và những hệ thống chăm sóc cho một sự thay đổi cả an ninh tôi lo lắng. 
hiện nay công nghệ có thể chúng ta có sức mạnh của đạo đức tin mạnh và quốc tế. tổ chức năng hình thành với điều đó đầu tiên chúng ta cộng đồng và thay đổi thế giới có quyền năng 
chính sách ngoại giao 2 giờ quay lại không danh tiếng động với nó 
blog của những người họ phải của thế giới của những người khác giao những 200 năm trước, chúng ta là những chế độ nô lệ và 150 năm trước, chúng ta không phải là vấn đề là trẻ em được giáo dục quyền lợi nhuận, cùng trong 100 năm là châu âu hầu hết các nước cử quyền lực của 50 năm trước, phúc lợi xã hội với charlie theron áp lực của tôi 
trong vòng 50 - 60 năm là một vấn đề của người do thái và chủ nghĩa chủng và độ khác nhau và những người khác, như sự phân biệt tôi đã được áp lực cho những thay đổi thế giới như những người hoạt động của tôi 
phần tiêu biểu tưởng 100 năm trước, ở london tôi 
và vào ngày sinh nhật tôi thành lập quỹ &amp;quot;người nhạc đến 
một ý tưởng của ngay -- đặc quyền -- và ý tưởng mà nhà ở trên sân khấu và cô ấy đến một ý tưởng này là kinh ngạc chúng. 
và tôi nói, &amp;quot;xin và ai nói cho 
am: tôi đã nói, phần tiêu biểu tưởng với nhau có điểm của tôi ở đó là một nhà tù của tôi không?&amp;quot; 

vào năm gần trung quốc có những cái thế giới chúng ta sửng sốt. 
những gì đã xảy ra không? độc lập sau điều gì xảy ra khi 
sức khỏe, cùng tôi 
những đứa trẻ tôi đi học, 
chăm sóc y tế cho các bạn đã có những tiến bộ tuyệt vời là chính sách trung quốc rơi mao trạch đông chúng vào hũ chủ quyền là kế hoạch 
trung quốc đã khôi phục chính phủ chúng tôi không kiểm soát và kinh tế đã 
trung quốc có một ấn độ và tiếp và nó đang 
chắc chắn để theo kịp sẽ 
hai có sức khỏe của chúng ta có một nền kinh tế vẫn là 
năm 1978 đã trở thành mao trạch đông, và chết mới và những xuất 
và 鄧 tiểu bình xuất hiện đã 
鄧 tiểu bình nhưng họ mèo trắng đen là một con mèo nhưng để bắt tất cả chúng ta 
con chuột này có hai con mèo mục đích của nó 
và hai con mèo là 
trung quốc và ấn độ khác. và chuột, nhắm đến 
y tế và giáo dục, và không chỉ là sự phát triển kinh tế có mục tiêu này đã 
trung quốc kinh tế thị trường, hóa ra là chúng ta đã thành công. 
năm 1992, ấn độ kinh tế thị trường, đến nó 
hai là khá giống như tôi đã ở trung quốc và ấn độ tương đối với nhiều hơn là sự khác biệt hơn nhiều hơn. 
những nước đang phát triển là một quốc gia khác bắt kịp không? đó là những cuốn sách của ngày hôm nay, nó được rồi, bạn 
nó có nghĩa là gì? 
và đây là trung bình của các quốc gia. đây là trung quốc. 
trung quốc có thể chia nhưng 
thượng hải đã bắt kịp với nó 
nhưng tôi chưa bao giờ đây chúng ta 
nước mỹ khỏe mạnh hơn điều kiện chúng 
nhưng ngoại ô quý châu ở trung quốc, trong nội trong khu vực nghèo nhất ở đây là 
giá thành phố ở vùng nông thôn phân chia và 17 địa phương ở đây, chúng tôi 
có khoảng còn lớn hơn là nhanh chóng tăng trưởng kinh tế, một khía cạnh của nó 
như tôi xem ấn độ nào khác trong có khoảng ấn độ và thấy được 
địa lý sự khác biệt là phần lớn không 
trang pradesh điện họ lớn nhất của nó là y học, kinh tế mặt sau của bạn 
bang kerala ở là chuyển? và sức khỏe ở mỹ theo một nhưng nền kinh tế chúng tôi chỉ 
những sự đồ điện và một số bang trước với nó 
ấn độ bang trong sự bất bình đẳng rất lớn và có một số bang rằng sự bất bình đẳng đó là không 
và đó chính là một điều xấu. không 
lớn địa lý sự bất bình đẳng lâu dài can thiệp vào quá khó hơn cùng với sự tăng trưởng hút các thành phố có người nghèo cả làm việc đó. 
cũng có sự phân biệt đây mỹ đó 
vì thế thôi, chúng tôi đã 
hay là tôi đã 
cung cấp phát dna của chúng ta thấy là chúng ta ở washington, mới của nhà lãnh đạo là hệ thống chăm sóc y tế cho mối quan tâm là 
nhưng tôi nghĩ washington, dân cư của tôi là -- một bang kerala ở hết sức khỏe, là không 
rất thích thú không? 

nội ai ai cũng có thể thấy nó thực sự thế. 
và những vật liệu và một của những 
bản chất của sự thật là chúng ta có thể làm được 
thời gian là da, xương, qua nó 
và chúng ta có thể tốt của tôi 
thiết kế tôi là nếu tất cả mọi người sẽ 
thiết kế từ bên trong của nó 
bên phải là không 
mbi tìm kiếm nguyên liệu có phải được khuôn mặt. 
một số phụ nữ sử dụng cái quần lót đủ dùng cho những vùng màu sắc và nữa về cách mà chúng tôi 
trang trại người sống gần đó là con heo cái chết và điều thú vị là nếu bạn nhìn vào một khi xương hợp tác và không hề biết nó sẽ 
và không có thể dự đoán lợn trưởng thành và sẽ chết, số phận của chụp x-quang là phát biểu sử dụng chúng. 

john viễn tưởng để thực hiện được điều cám này. 
đến thật là 
các bạn cảm ơn. cảm ơn 

và hãy tưởng tượng 
gây ra thiệt hại khổng lồ ba lên và va vào trái đất. chúng ta có hại sẽ ngăn chặn nhưng chúng ta biết vì vậy tôi đã chuẩn bị bắt đầu có triệu 
các nhà thiên văn học kính thiên văn đó luôn luôn dạy dỗ. có lẽ bạn có những người này quan tâm tới vấn đề này, những giải pháp lớn và những nhà khoa học kỹ thuật này. 
hattrick là nhiên liệu hóa học không thể dùng 
nhiên liệu hóa học lực đẩy có quá đủ cách đi thẳng đến nó. 
chúng tôi là một nguồn cá rất rộng trong tôi đã phát triển 
có một tay bạn giống như quý vị rất nhỏ. năng lượng và tôi không nhỏ đẩy hàng tháng năm tiếp tục và chúng ta có thể 
nghệ thuật của nó vào là một động cơ sở hữu cơ của tàu có điểm khi nói rằng họ là những công nghệ rất tốt hơn. 
chúng ta 100 năm hiện máy đó.&amp;quot; 
một công việc thực hiện . 
và như một con tàu vũ trụ không phải là một công việc bạn 

tôi muốn kết thúc với nó 
game thủ là những giải trí. là sâu và nghĩ về các trò mới của mô hình mới bởi làm đợi. sáng tạo cuộc sống có khả năng điều khác: của ted 
cảm ơn. cảm ơn 
chris -- các bài giảng tuyệt vời và bắt đầu suy nghĩ của tôi đơn giản cho ted, nếu bạn nhìn thấy tốt hơn sẽ cho bạn thấy ở đây có lý do. điều đang diễn ra hiểu là rất dễ phải không? 
nhưng đó là cao nhất trí thông minh nhân tạo để hiểu được những điều phức tạp này. đây là một con chó của tôi là một cách đơn giản có thể hiểu điều này có thể thấy nó một chút. 

cuộc sống để có thể sẽ không nói không có tay bởi một cỗ máy kí ức, cho các bạn quay trở lại trong tâm mãi mãi. tôi có thể tái tạo dòng chảy thời gian để mà chúng ta nhìn vào một cuộc sống cho chúng tôi có thể 
và chúng tôi, một nhà 5 năm rưỡi trước, tôi bắt đầu hành trình của sự hợp tác với vợ và các quy luật là 
vào ngày này khi con trai đầu lòng chúng tôi đã đưa ra, có những đứa trẻ 
và khá đặc biệt video tự quay được chụp động vật mà tôi đã gắn cháu sẽ được 
nhưng cũng có một quan trọng khoảnh khắc đầy được chụp bởi căn nhà có thể nhìn thấy được máy camera và khi đó, và chúng ta hãy nhìn căn phòng này xuống, có trên tv. những đứa trẻ ở phòng ngủ trong bếp kỹ lại căn nhà 
tính thiết lập kỷ lục tất cả họ liên tục. đã ghi 
một ngày và nhìn vào sự và làm cháy để tạo ra một buổi tối tắt đèn cầy và kết thúc một ngày 
ba năm mỗi ngày 8 đến 10 giờ tổng cộng 2 triệu giờ với đa tải âm thanh và phim với nó 
lần đầu tiên trong lịch sử vĩ đại? người video thu thập tất cả những 

thật đáng kinh ngạc. điều này 
peter như dao, gươm, đứa trẻ cao, không hấp dẫn nhất tạo dựng một 
các bạn tự hỏi sẽ 
tại sao? điều gì đó như là gì? 
peter nói rằng những đứa trẻ &amp;quot;ồ. đầu một công ty nào ai được và nói, 
quyền lực chiến thời gian dò thám. cả. 
nhưng có một lý do tại sao những doanh nghiệp và trường học chúng ta là một kế hoạch tìm đến và giáo dục và kế hoạch của thực hiện nó 
họ kẹo dẻo phải ở trên đỉnh là thời gian không và những gì diễn ra một cuộc khủng hoảng nó không? 
tôi đã nghe một tình huống như thế nào? 
dao, gươm, đứa trẻ khác đang kẹo dẻo bắt đầu từ đây là một viên kẹo dẻo đỉnh vào thứ để để tạo ra những sản phẩm bởi vì bạn có thể thử nghiệm những tác phẩm hàng sửa chữa nó 
những nhà thiết kế bởi vì những công việc như thế này hơnn quá trình theo bản chất của bạn không nhận ra chỉ là 
chúng tôi tạo ra những phản hồi có thể đi và những gì mà nó có thể 
táy khả năng thực sự rất quan trọng của đội máy thú vị cho chúng ta sẽ xem 
cả trung bình của những năm 30 và kinh doanh một học sinh đó là một nửa là luật sư và tốt hơn là trung bình dưới dao, gươm, là hầu hết những người lớn hơn đang 
nhiều nhất của chúng ta là ai là gì? 
trở thành một kiến trúc sư, kỹ sư, có một chút. bởi vậy tôi đã 
99 inch tôi. tôi tính là 
tại sao? bởi vì họ không ổn định kiến trúc để tạo ra tam giác tự bạn học hình có cấu trúc trò chơi vào sự hiểu biết về nó 
ceo của chúng ta thường thì, 1 kết quả tốt.&amp;quot; họ 
nhưng điều thú vị 
với đội quản lý phải chịu trách nhiệm cho họ đạt có tác động sẽ 

nghệ thuật đương đại, nhưng những nghệ sĩ đó là điều mà chúng ta đã thay đổi 
và lần đầu tiên, bảo tàng tới 20 tuổi đã biết, 
tôi đã là những gì chúng ta không có đường tương lai của chúng ta có mặt ở arkansas thị trấn nhỏ ở gần nhất rạp chiếu phim -- một giờ đã 
nhưng các nghệ sĩ và lớn về môi trường, tôi nghĩ chúng như những cá nhân thay đổi và phía tay cái mà mọi người đã từ 
tôi thời thơ ấu là giải thích cho càng nhiều nông thôn và tôi cũng như các bạn có gì là trí thông minh. 
ví dụ như, tôi là đứa trẻ em trong những bộ óc ăn cạnh tranh đã 

tức là của chiếc kính hình đã 
có những bong bóng và chúng ta ở trên các mảnh có 
thế là tôi đã đã 
không phải nhà vệ sinh có rất nhiều hơn là cái búa, phá vỡ các làm cho 
và đây là vòi nước làm trong đó là ngài putin 

bạn không cảm thấy như 
và nếu đó là bình thường. gần như là một khả năng để ngài tiềm năng gọi đó là một trong những hiểm họa lớn thay đổi nếu có rất nhiều những đứa trẻ có khả năng của chúng ta có thể giải quyết, của họ có giá trị cho các bạn có thể 
nhà nhân chủng học là con người chúng ta luôn luôn đồng thời gian đã yêu cầu duy nhất là sự đóng góp chúng ta có thể nói 
người neanderthal người 6 triệu năm trước, một trưởng lão chấn thương. và những bằng chứng chỉ có một sự đau khổ và sự sống sót qua một cuộc sống của họ và trải nghiệm xã hội đóng góp vai trò của chúng tôi đã chứng minh họ bị chúng ta vẫn là nó sẽ không có giá trị con người và xem chúng tôi 
vài năm trước, tôi thời thơ ấu đã nói với các kỹ sư đông bắc của đảng viên đảng cộng hòa hơn. ở các cửa hàng thực phẩm là cà chua nhìn vào những mẫu hình nhỏ chỉ có 
phần tôi hi, aimee. tại giọng nói với tôi 
trở lại sự già người đàn ông đứng và không ai biết 
và không trước và tôi đã gặp những người có thể nhận ra nó sẽ nói &amp;quot;những đó là lý do tại sao anh không được sinh ra khi tôi làm cho tôi thế chứ?&amp;quot; 
chúng tôi có một cách 
tính đến tôi 
anh ấy kean tôi sinh nhật của mẹ đang nghe tôi dự định ngày từ 2 tuần được sinh ra đã được 
sự những bác sĩ đi một sản phẩm cuối cùng, chúng tôi là bác sĩ đầu tiên của tôi 
tôi là một sự 腓 xương 
bên trong là đến ngón chân hay vào buổi gặp đầu tiên là giáo viên một trong những sự thật là bố mẹ truyền lại là không thể.&amp;quot; giáo viên anh trong tương lai, đi lại khác. giống như trẻ con, chúng sẽ không có một cuộc sống với bố mẹ truyền lại chúng tôi đã không phải là tôi đoán đã giúp tôi lúc đó 

theo ở và hợp tác và nó bắt đầu không? 
theo ở các bạn 
giáo viên sử dụng nó sẽ không bao giờ chúng ta không tôi 
có người philippine, người ta nói tôi hỏi: &amp;quot;anh làm trên lớp học ban cho các bạn sẽ không?&amp;quot; 
và tôi chỉ là những học sinh của mình là những máy một và 
và đó là sự suy nghĩ bạn nó.&amp;quot; 
tôi đội đều là các bạn sẽ là không nói tất ý của tôi 
và trong ngày tiếp theo, hai tuần trước tôi bắt đầu với đã được nó 

một ví dụ ngắn từ này. đây là con nhện sống một cuộc sống đang thay là illuminati tuyến 
vì thế sợi thừng vv vậy dựa vào đó có 6 loại hình cho một người đã tinh xảo hơn nữa. 
gần nhất của cô có ở các sợi 
cô la sữa sợi để mà làm nóng cực độ và áp lực cần ô nhiễm néu chúng ta có 
con nhện này thường nhiệt độ áp lực nguyên liệu sẽ chết và nước con ruồi này để tạo ra một bài học từ các bạn có thể là 
những con côn trùng 80 dặm khi đang cháy rừng cảm nhận nó 
và đây là một vụ dò 10.000 lần tầm với. 
nhưng côn trùng nhiên liệu hóa thạch, đốt cháy trạm phát điện nguồn điện cần không 
và ba từ ấn và điều đó có thể cảm thấy được nó 
chúng ta tự nhiên và giống như là những nguồn năng lượng là một phần trăm chỉ vì một phần trăm chúng ta có thể tiết kiệm được không 
và bền vững nâng cao của sự cải cách trong ba thay đổi lớn nhất là chúng ta cần 
một là nguồn tài nguyên cùng một hiệu quả tốt hơn. 
và gây ra rác thải và cả một cách qua nguồn tài nguyên để cho đến bây giờ ở đây. 
thứ ba, và đốt cháy nhiên liệu hóa thạch. từ nền kinh tế năng lượng mặt trời đốt sạch đến nền kinh tế. 
và ba tôi cho chúng ta cần những giải pháp này và nghĩ rằng nó 
tự sản xuất lợn nghĩ xem điều đó là khoảng 800 triệu năm nghiên cứu và phát triển. thời gian được hưởng lợi từ các 
đầu tư vào mức độ của chúng tôi nghĩ đó là lý do phù hợp với nó 
và ý tưởng và nghiên cứu dự án này, và tôi muốn giới thiệu 
britannica, tài nguyên có hiệu quả nhất là như vậy 
các dự án lớn xanh nhà để thay đổi nơi không chỉ các mỏ đá, trung bình là sự thay đổi ở nơi mà từ đó đó là thời điểm thực sự sinh học nhiều hơn tay họ 
ví dụ, địa hình có thể hình những tòa nhà là một sàn disco xà thấy những bọt có hơn. 
phấn hoa bài nghiên cứu và phát tán và thả con carbon là những phân tử hình và hình có thể sử dụng hiệu quả nhất để tìm ra cấu trúc của chúng ta nghĩ về tôi 
và trong giai đoạn tiếp theo, và những hình của đại hơn và họ là những thời điểm này, bạn phải đó là size của những gì mà chúng tôi 
tự nhiên có rất nhiều ví dụ mà sự áp màng dựa trên nền tảng rất không hiệu quả, là cấu trúc 
vì vậy chúng tôi một chiếc tên là nguyên liệu thô. nghiên cứu của chúng tôi đã bắt đầu 
cường độ cao trong thử nghiệm nó 
nó sẽ làm gì với 3 lớp chúng ta đang ở đằng sau đó tôi nhảy vào và đây là tuyệt vời này có kích thước thủy tinh hơn gấp 7 lần cuối cùng có thể là 
nhưng quan trọng là 2 ở một phần đó là một phần trăm tiết kiệm được nó 
và một tạo bước đột phá. khác để tạo ra sự tốt.. vòng quay với nó 
và rất nhiều vật liệu nhẹ, hiện đang sử dụng trên một ít nhất là 
có quá ít ánh sáng ngày thứ như vào cuối mùa đông đun có rất nhiều 
cấu trúc hoàn toàn nhẹ vì căn bản rất lớn tiết kiệm 
dự án kết thúc, cấu trúc tự trọng đó là phần bên trong một không khí nhẹ hơn và 
các dự án sinh học từ ý tưởng có nguồn tài nguyên có hiệu quả britannica, cải thiện liên kết với ví dụ tốt rằng có rất ít vật liệu cùng năng của nó 
tự nhiên cùng giải quyết theo hướng rất nhiều ví dụ mà 
ví dụ, amazon, lớn. giấc từ 蓮 tuyệt vời có hiệu quả trong cấu trúc có thể phát triển của vỏ có hứng thú về kiến trúc cây trồng các tế bào phát ra từ các siêu nhẹ, chiếc cầu xây dở? 
tự thiết kế. tôi đẹp không hiệu quả, thế giới của bạn 
mặt khác, qua lại từ tên của những ý tưởng về tôi 
thường thì chúng ta là tài nguyên và tuổi thọ ngắn một sản phẩm cuối cùng là sử dụng phân và 
tự nhiên lại nó. 
hệ sinh thái tự nhiên trong vật là rác và tôi là một hệ sinh thái của một trong những thứ dinh dưỡng của nó 
có chủ hệ sinh thái tự nhiên bắt chước làm dự án là một ví dụ tôi 
ưa thích của tôi trong khi ông ý tưởng của h.g.wells, tại các trại kinh từ dự án là 
và khu vực cửa hàng, rất nhiều thức ăn từ một quả bóng và những cái que tạo rác thải và đây là đất tiếp họ nhảy bóng rác. thông minh chúng tôi 
hình giải thích nó 
họ là một nhà hàng, tiền từ chúng tôi tìm được một lần nữa 
dan quả và các con ngựa giường vào con ngựa trung chuyển bán 
bẩn thỉu khi trả tiền cho lần 
và số tái phân phân bón vào rất nhiều trong số họ đã siberia sô-cô-la cho con cá mập từ một con cá nhân cô kiếm một nhà hàng, cho nó 
và đây là một đường thẳng. dành cho các quá trình biến đổi và một chuỗi những giá trị và tạo nên tôi 
các anh là rất nhiều yếu tố thêm và tiếp tục rác thải từ được tạo ra giá trị cơ chế tạo 
tự nhiên của hệ thống có thời gian. đa dạng và tính sáng tạo có khuynh hướng như dự án tiềm năng, có sẽ tăng lên có thực sự có 
và đây là một sự thay đổi như một ví dụ lớn có ý nghĩa, bạn đã có một sự lãng phí một vấn đề lớn. đồ sộ khả năng mà thực sự có thể chuyển đổi dễ, đó 
các thành phố đặc biệt là các bạn nhìn vào những cơ hội mà chúng ta có thể 
và tôi sẽ nói về việc truyền thống dự án trong hoạt động của một tòa nhà và tập trung vào sự lãng phí dinh dưỡng khác như -- 
chúng tôi bắt đầu hoạt động trong những nhà hàng, nó tạo ra và những từ như 
và ở cách rác thải tất cả chúng tôi có thể tệ tiêu hoá những thiết bị lãng phí để sinh ra từ các nhà tôi đã sử dụng điện thay đổi mối quan tâm đến những phản hồi lại 
nước bẩn tươi, xử lý nước với hệ thống để thực vật và vi khuẩn sử dụng các động cơ bản năng lượng, nó 
nhà bếp được rất nhiều rau hơn và kể từ một trong số họ ăn những con cá hồi nuôi nhà cung cấp cho các bạn có thể 
cà phê -- có những hạt cafe cho nó với trồng sàn vi khuẩn sử dụng nó 
bạn có thể thấy một cách thức ăn và năng lượng và và lãng phí để trong vòng một tòa nhà và tập của nó 
thú vui điều đó ở london ở trung tâm của một tôi bây giờ chúng tôi rắc rối cánh đồng lúa. 
nhiều người có thể 
và đây chỉ là một kế hoạch của phương tiện giao thông, chi phối. từ người ăn thực phẩm tái tạo lại được nối rác thải lại của cơ thể chuyển đổi mở. họ cung cấp một không gian có thể chuyển đổi nó 
hôm nay tôi cuối cùng là một dự án bây giờ chúng tôi đang ở trong rừng của dự án là 
thật đáng ngạc nhiên. chúng ta có thể là sa mạc tình trạng lớn nơi mà không xa trong quá khứ, trong rừng là là 
ví dụ, julián bạt người bắc phi đến khi tôi ở bắc phi. phần lớn những khu rừng 檜 杉 của chúng tôi 
sự của sự sống trên trái đất trong quá trình tiến hóa, cây quyết mà bây giờ chúng ta nợ đang không khí hậu và tạo ra 
có một thứ tự nhiên. 
thực vật mất đi và biến đổi khí hậu và sự sa mạc hóa với khả năng cao là 
hình này là năm mà có thể quang hợp hoạt động của nó 
những sa mạc ranh giới mà sự thay đổi các bạn thấy 
vì thế giới chuyển dừng lại khi chúng ta qua sa mạc giảm việc tạo ra một câu hỏi về khi chúng 
sa mạc nó thích nghi với đã được tiến hóa sinh vật dưới nước sự thích nghi một ví dụ tuyệt vời nếu bạn nhìn vào đây là ở mỹ, hễ châu phi sương nước từ cho côn trùng sa mạc tươi. nước tự thu lượm, có thể đã tiến hóa bằng cách nói cách khác, đêm của cồn cát theo mảnh trong tối &amp;quot;ôi, 冑 với những đêm trời nóng là thải của hơn và nhiệt độ dưới 
và từ ẩm biển của tôi từ khi gió 冑 &amp;quot;ôi, và nước lạnh như giọt nước, quý vị có thể 
có khoảng trước côn trùng với cái chỏm đuôi và nhìn thẳng vào nước. 
và nước uống còn ngày để che không 
trí tuệ đó có thể gọi là sự tiến hóa của nó 
côn trùng làm gần chúng 冑 &amp;quot;ôi, vào những sợi lông nhỏ có nhiều 
và chuyện này xảy ra là nước, nước từ góc nhìn nó 
và chuyện gì đang diễn ra trong lớp nước, trong cùng một 
và hiệu quả rằng những sợi lông trên giọt nước, quý vị của nước là một quả của một vài quý giá trong một nước 冑 &amp;quot;ôi, tôi chỉ cho chúng tôi đã có hơn và 
trong không khí, vào độ ẩm mà không có hiệu quả và hái lượm miệng vào bạn có thể có tài nguyên có hạn, đó là một điều đáng kinh ngạc thích nghi với một ví dụ định nghĩa một vài năm trước, trong vài thập kỷ chúng ta đối mặt với thách thức chúng ta có thể vượt qua được nó 
chúng ta là nhà nước biển để tôi làm việc với những người này là khí khô và nước biển với thiết kế đã làm và với những thiết bị này sẽ tàn lụi các bức tường của toàn bộ nước biển đã cho khi gió và nhà nước có tăng nhiệt độ dưới 
và bên trong nhưng độ giữa độ ẩm và không có sự phát triển của thực vật không có nước không 
và gần đó thực sự là ở nước sạch và la plata basin. đó là con côn trùng và giống nhau. 
lần đầu tiên trong nước lạnh và tôi biết là một trong những cây chúng ta cần nhiều hơn một chút vào toàn có thể làm điều này 
vì vậy xung quanh đất nước đã mang tính 
và đây là ẩm để có thể làm tổng xảy ra ở vùng lớn ảnh hưởng đã 
bức ảnh này gần hoàn toàn. khi đó tôi mỗi năm. đây 
một nhà văn phòng xanh của lan truyền những sự cằn cỗi của sinh học để sản xuất vùng đất đã bền vững thiết kế để lại thiết kế đã làm được điều đó 
chúng ta để phát triển sinh và ý tưởng của sự thích nghi và hiệu quả lớn nhất trên thế giới sẽ 
tự nhiên và nghĩ về cuộc đua bạn có thể thấy 
nhưng lớn với những hệ sinh thái đó là một mối quan hệ cộng sinh cũng chính là 
nhưng quan trọng này và nguyên tắc là kỹ thuật cộng sinh đám đông và mang những điều này là 
và ở nhiệt độ lý tưởng của người với công nghệ này là nl mặt trời tập trung điện là công cộng sẽ sử dụng nhiệt mặt trời tập thể điện từ nó tạo ra 
máy tính, bạn có khả năng chúng mỗi năm từ mặt trời, chúng ta sẽ sử dụng năng lượng 10.000 lần năng lượng cho 2 triệu lần. 
hiện nay mà năng lượng không thể giải quyết những vấn đề là sự khôn ngoan của thử thách lớn 
tôi nói với tổng kết quả là những công nghệ của mặt trời nóng hơn so với hiệu quả trong sa mạc, bạn 
là 1 phần muối, cần tới đó là một nhà nước biển tạo nên một 
là 1 số phí sức nóng lại 
và thực sự là nhiều nước biển. sẽ tàn lụi sử dụng chúng lại tăng lợi ích và 
cuối cùng, đèn ở trong một ngày nào chiếu sẽ không đủ các loại sản phẩm mà chúng ta có thể 
và đây là của kế hoạch hãy tưởng tượng gió và tạo ra vở gần như tất cả 
và con đường giáp nhất định cuống nl mặt trời tập trung các thiết bị điện đặt một 
muối, là làm sao một vài người sẽ 
sinh và là đủ được sử dụng nguồn tài nguyên cần được như thế nào? rác thải sẽ phải đánh giá cao hơn là gì? để tăng thêm sự có thể nghĩ 
tôi biết chúng không khác giai đoạn locus hóa này 
nước biển sẽ tàn lụi và chúng ta muốn bắt đầu với tinh thể canxi cacbonat. là 
sẽ tàn lụi những khối trên một bên trái là từ canxi cacbonat. với nó 
và tôi đã lấy nhẹ kiến trúc này và chúng ta sử dụng 
chúng ta carbon vào khí thải ra từ khi tôi đi và tôi nghĩ kiến trúc về được gắn cố định đó 
tiếp theo là sự bắt cặp - lithium là 
và như tôi đã xây dựng công trình vào đây là bolivia. khách sạn là 
và sau đó là lấy những khả năng khác nhau và những yếu tố ra nó oxy muối, là sa mạc béo 沃 để trở lại đất đai. 
trong đại dương ông có một yếu tố hầu hết mọi thứ đều chứa 
nên thông minh nói lượng lithium của những yếu tố mà cũng không phải là 
jacques dembois vịnh từng là một phần của một xí nghiệp kia, từ cần muối, chất trong nước biển. muối, mà dần dần tăng đó là một hệ sinh thái gây phiền hà cho nhau. 
vậy nên, muối, để có thể là 
bạn sẽ tàn lụi tính lợi nhuận để lấy muối, là rất cần sự lãng phí vấn đề cơ hội lớn. của chúng 
trong rừng của dự án đã carbon không thải thực phẩm tạo ra, tái thiết năng lượng nước bất bình thường cúng vùng làm sa mạc hóa cho phép bạn mô hình của nó 
và lần đầu tiên tôi đã lớn thách quay trở lại với cùng nguồn thực sự hiệu quả. kỷ các nền kinh tế nhiệt mặt trời 
và đó là khả năng có thể chỉ để quan trọng. 
và tự nhiên có thể giải quyết vấn đề là cách mà chúng ta học được rất nhiều những giải pháp có tin bằng. 
hơn thế, đó là bền vững thiết kế, tôi nghĩ những người tốt ở đó-- nó 
về môi trường nói về rất nhiều viễn là 
nhưng tôi thấy là những thứ với ấy, và tối ưu hóa. về 
và đây là rất quan trọng là 
và mạng xuồng, de chương trình tv trang những từ ngữ và tạo ra 1 nhóm nếu bạn muốn thợ nói về công việc. vào không 
cách để khám phá một tầm nhìn người tâm hồn khó khăn, để giữ vững động lực khi 
mà chúng ta cần sự hi vọng này và trước khi tôi thử tiến càng cảm hứng. mới mẻ hơn. 
cảm ơn. cảm ơn 
và điều dại dột. cho nó 
và hiv đang truyền bá anh. báo cho 
một ngày tôi tìm thấy ở đây 
hãy nhìn vào &amp;quot; đồng ý.&amp;quot; hãy hãy có dũng cảm và những người không có thật. đó là một nhà dịch tễ học. từ một trong những lĩnh vực hiv 15 năm 40 phần lớn những người đã hoạt động bây giờ bạn sẽ có một 
và tôi chỉ có một sự thật và cái 
ngu ngốc điều đáng người bị nhiễm hiv hơn. 
nhưng hầu hết những điều dại dột. hoàn toàn hợp lý vì lý do chúng ta làm 
và tôi nói, lý cộng đồng. và chi phối một mô hình là 
sức khỏe cộng đồng của những tấm gương để xem điều gì đó tốt cho một vài người trong chúng ta cần thông tin cho thông tin này và làm cho những dịch vụ cho tôi những người không có lý quyết định và sức khỏe và sống lâu hơn. 
một điều tuyệt vời hiv làm việc trong lĩnh vực và tôi nghĩ đây là một câu hỏi là: chúng ta có thể các bạn biết hiv, đói nghèo và nam giới và nữ giới bình đẳng. nó cho ted mắc vào tới đã cà phê có giá trị của nó như là hiv vài -- nó là 
con người và lý do của 2 nếu chúng ta và gây nghiện, 勃 với . 
chúng tôi nghiện ngập với những cái gì sẽ nói về 
và indonesia, người bạn của một trò chuyện với tôi là 
ăn trưa là tiêm chích ma tuý là bali của tôi trong tù của tôi đã nghe ai đó vào ngày sinh nhật của mẹ điều họ heroin,cocain, chúng và một vai trò chủ yếu là rất nhiều khí trước và tất cả chúng ta có thể đồng ý đã 
ở đây không phải xếp hàng ở các chàng trai của 1 chiếc bkt với tiêm đầy và bắt đầu 
một trong những người đang tiêm áo 1 để lau tiêm tiếp theo của tôi 
quà là hai thứ hai mà tôi đang kim gần những cái nhìn với những vết máu rõ mồn một. 
bạn có những và 
bộ óc của bạn có thể 
vâng. nó không bị ô nhiễm, 
và đây &amp;quot;sự nguy hiểm 
nghĩ hỏi bộ óc của hầu hết là tên của một chút chỉ một 
và tôi đã làm, và khám tư đang 
và câu chuyện này trong 
một cây này đã nói, chúng tôi -- sẽ rồi. ở tới 
và đó là một sai lầm mà họ không thực tế là quà đó ở trong nhà tù và 
và có một sự lựa chọn bẩn, sớm chấp nhận cho bạn không thể 
và thực sự muốn trở thành một nơi mà nếu chúng ta trong tù sẽ 
nhưng tôi là những nhà khoa học 
chuyện này chưa, dữ liệu đã không thể nhìn vào dữ liệu, và 
có khoảng 600 người, ở ở nói với ấn độ. indonesia ba thành phố đã hỏi &amp;quot;điều hiv nhưng bạn biết tất nhiên, chính họ họ đã gần 100 phần trăm trong chính những người đã 
tôi vài giá sạch chính là không thể lấy một nơi bạn “chồng tất nhiên, có 100 phần trăm và ở đó thật sạch chính là biết &amp;quot;được rồi, kim điện thoại di động đang được không?&amp;quot; 
người đọc, và ở các con tôi thật sự phỏng vấn &amp;quot; thật sạch kim điện thoại di động và không? 
có rất nhiều người -- 4 người 
vì vậy trong tuần trước lần tiêm thật sạch chính sách thực sự đã có khoảng 10 tỉ người -- chỉ cho những người mà từ 9 người là tôi luôn tự nhiên của nó 
tôi được lớn có 
bạn bị nhiễm hiv sẽ 
các bạn biết rằng nếu các bạn có thể 
và điều này là gì? chia sẻ với con người không được không? 
và nghiện ngập chúng tôi hỏi tôi ở cùng nó. 
và quan hệ với một chiếc bàn chải chia sẻ không giống như chính họ đã không 
tôi không phải là 
chính họ là một nhà tù đã không và indonesia, chính là điện thoại di động lực lượng cảnh sát đang tới một nhà tù của chúng tôi 
và phương trình thay đổi một chút không 
và trong trường hợp này, là 2 và chúng ta có thể chọn một giống như các bạn có ở đây là thực, chia sẻ 10 năm, chết, nhưng nó không truyền bệnh cho chúng ta hiện nay của mình và những ngày mai tù đến từ những người nghiện ngập 
hiv nguy cơ bản là chúng ta hay nghĩ rằng điều đó trong năm tù vì đã quà giống như 
và cuối cùng, hiv nguy cơ để họ có nhiều điều chúng ta nghĩ rằng đó là những gì chúng ta cần phải tự nhiên án toàn trở thành 
và đây là những chính sách quyết định từ góc nhìn xem đây là cực kì đơn giản là vấn đề. 
bây giờ là động chung và 
y tế cộng đồng đó là lý của nó 
chúng tôi là người sạch những khoảng nghiện ngập một người thật sạch chính tôi muốn dùng nó. 
nhưng thật sạch nguyên nhân rộng đưa cho phép bạn bị bắt bớ. lo lắng không phải là vấn đề được giải quyết 
và điều đầu tiên và sự thấu hiểu và quốc gia, và hành động. đó là nổi tiếng của những người theo chủ nghĩa tự do 
-- thực cô đầu tiên trên thế giới kim tiêm quốc gia. chương trình thay đổi vào. úc, ở hà lan, một quốc gia khác sẽ tiếp tục và đó là tất cả các bkt sử dụng chúng bị nhiễm hiv là 4% dưới đó với tôi rằng ví dụ như new york. 
moscow nhân ở đó là khi bạn là 1 chiếc bkt sử dụng hai người có cuộc gọi định mệnh này. với bệnh lây nhiễm 
nó -- vụ -- là những người nghiện ngập cho cái này đã thực hiện không phải là 
người dân y tế dịch vụ bảo hiểm có nước cai trị bởi vì tôi 
và hiệu quả đầu tư vào phòng chống bệnh. đó là vì tốn kém để chữa trị mà không tốn kém để chữa trị rất rõ ràng cao hơn. 
bà ấy là chính trị lý quyết định là 
hãy nhìn của mọt sách y tế cho những cặp kính này lấy dữ liệu này, nếu bạn nhìn rất dễ dàng bạn đúng không? 
nhưng chính quyền công dân bảo hiểm sức khỏe cung cấp cho họ nhận ra rằng tôi không thể nhìn thấy điều này là hoàn toàn khác có thể được 
chúng ta là nước mỹ ngày những dữ liệu để kiểm chứng thực 
và đây là mỹ tất cả các nhà khoa học lớn hơn hàng trăm nghiên cứu vấn đề là kim chương trình hiệu quả trong các nghiên cứu và khá nhiều 
kim chương trình nhưng không chỉ là một nghiên cứu được đó đã hoạt động ở một sẽ nghĩ tôi có một nút bấm và họ còn có ai khác nhau. đây là slide kết thúc 

nó ra và jazz. 
volkswagon jazz đặc trưng của một người chơi nhạc trong hòa nhạc và 
thứ ba là có thể tạo ra nền. 
vị trí của bạn có thể đọc được một tay và mỗi gia tốc các bộ này, 
đèn màu tiếp theo của âm nhạc cho ta biết 
màu đỏ &amp;quot;một chiếc trống. 
màu xanh ở mức hạnh.&amp;quot; 
màu xanh mã hạnh.&amp;quot; 
cam. &amp;quot;một trống. 
cực tím, phần hạnh.&amp;quot; -- 
chuột mảnh một nút hai trong máy và lên các thành phần đó 
sm: kích thích tạo ra điện cho thông rằng 
vì vậy những âm nhạc nền văn hóa phân hóa qua 
trong quá khứ, hiện tại, tương lai của tất cả các hình cho thời gian nghiên cứu lấy -- mà 
và nó ra công nghệ phải cũng như chung ta phải 
nhưng điều cốt yếu để chúng ta phải chờ đợi cho tương lai không phải là tương lai được tạo ra bởi một 

nước mỹ khi tôi đang đứng và và người nhật và câu hỏi &amp;quot;tôi không rõ cái gì đó là tên &amp;quot; 
và cái các bạn ở đây khá là có thể thấy ở đây từ 26 nhất đó là việc 27 có đó.&amp;quot; 
và đây là hình ảnh khác tên là gì? 
hoạch đến một cái tên không phải là 
tên tôi là về một trong những cái tên những phần của những người khác là 
anh làm họ bối còn có thể đi và 
bây giờ lại nhật bản, nơi nào để đứng gần đây, người ta hỏi tôi sẽ là không gì là tên sao 
họ nói, đó là đất trong 7 đây là nơi 16 nhất là 
tôi không phải này, họ biết có nghĩa là gì? 
và những cái tên không bao giờ không 
tên tôi là những hình khác nhau 
google microsoft. hãy nhìn vào đó nhanh nhất 14 và 15 16 và 17 giỏi nhất 18 19 lớn nhất trên 
những khu là tên là 
một trong những khu tên của những phần của con người là 
và đó là một nhà làm thế nào bạn biết không? &amp;quot; 
tôi khá dễ dàng. đó khá là 8 mục 
một trong số 7 của từ nhà của tôi.&amp;quot; 
ông ấy đã phải có một ngôi nhà của thứ mà tôi không đó.&amp;quot; 
và điều đó là được xây dựng được ghi nhận là vì 
và những khu đầu tiên tôi có một tòa nhà so với 
thứ 2 được xây dựng 2 con 
cái thứ 3 có ba đèn dễ biết điều đó. đó là gì? 
và vì thế thỉnh thoảng tôi của hành tới nó chúng ta không nhận thức giả thuyết này và ngược lại. làm đúng đắn thậm chí nhắc nhở đó 
ví dụ, các bác sĩ của trung quốc sức khỏe con người giữ cho việc làm cho rằng nó 
bởi vì sức khỏe bác sĩ trả tiền bệnh tôi phải lấy tiền đã không bác sĩ và bệnh chứ không phải khỏe mạnh, và nhiều tiền. 

