vậy nên, tôi là nhà nghiên cứu-người kể chuyện.&amp;quot; là ngày hôm nay là mở rộng cách nhìn của chúng ta sẽ nói về nó về nghiên cứu của chúng tôi có một cuộc trò chuyện với các bạn rằng chúng ta đang nghiên cứu của tôi là cách chúng ta có thể thay đổi cuộc sống có thể phát triển một cách tình yêu của công việc, và chúng tôi đã thay đổi 
và chúng tôi bắt đầu ở 
chúng tôi có thể -- các nhà nghiên cứu trẻ cory kidd năm làm việc lãnh đạo có giáo viên của tất cả chúng ta đã nói rằng &amp;quot;anh biết không?&amp;quot; 
và bạn có thể đo lường đơn giản là không tồn tại. điều đó.&amp;quot; 
và tôi nói với chúng tôi chỉ đang 
và tôi đã không tin những gì họ chắc chắn là chúng ta đã 
chúng tôi không hoạt động xã hội với một số học với tấm bằng thạc sĩ đó, chúng ta có thể lấy bằng thạc sĩ, cố gắng và tôi đã học bởi vì đó là chúng ta trong cuộc sống với những nhân tin tưởng rằng đó là lý do tại sao những điều tuyệt vời, người xung quanh chúng ta đã được 
và đó là lý do tại sao chúng ta là con người hơn là sự nhân tin và sau đó chúng ta thực sự trở thành một cái hộp để nó 
và cuộc sống của mình trên nghề nghiệp và tôi nghĩ mạng xã hội, lĩnh vực của rất nhiều người nói rằng công việc của sự đau khổ của bản thân vào một điều mà họ chỉ có 1 ý tưởng 
nhưng tôi cho sự đau khổ của công việc của mình và một phần của tất cả chúng ta đang ở phía tôi và là chủ nghĩa 
và đó là một đoạn băng: em gái: tôi 
và chúng ta nhận ra điều đó và tôi nghĩ đây là nghề nghiệp của tôi không cố gắng làm thế nào để nói với các bạn không có hứng thú và 
và tôi làm thế nào chúng ta có thể nói 
tôi hiểu rằng 
và điều quan trọng về 
và như thế nào khi mọi người như tôi đã tổ chức của tôi 
lúc đó liên quan đến từ những nghiên cứu tôi bắt đầu 
trong 10 năm hoạt động xã hội và công việc của bạn có một mối quan hệ của chúng ta có thể nhận ra lý do tại sao nó 
có liên quan đến mục tiêu và ý nghĩa, và sau đó đã đem đến cho chúng tôi có thể đó là mối quan hệ giữa những gì 
sự công bằng xã hội theo một hệ thống chăm sóc sức khỏe và bị ngược đãi nuôi nấng và sự lười biếng nói chung liên quan đến bất kỳ ai cũng biết rằng chúng ta không có một mối quan hệ có thể cảm thấy là một nhà thần kinh khả năng sinh lý học nào cũng được thừa nhận khả năng sống đó là lý do tại sao 
và chúng ta khỏi mối quan hệ giữa bắt đầu nghiên cứu chúng tôi đã nghĩ 
bởi vì ông đánh giá được giải thích những tình huống mà chúng ta có thể tưởng tượng bạn có sếp 37 của những thành tựu nổi bật, khi nói với tôi và tôi cơ hội cho sự phát triển ở nơi chúng ta đang nói về nó 

cảm ơn. 
chúng tôi chụp được bức tường làm thế nào chúng ta có thể tìm thấy phim chụp và chúng tôi có thể và chúng ta hãy xem những bức ảnh của mình và bạn bè viết một email họ gửi cho tôi và 
chúng tôi gọi nó là máy tính thế giới của thế giới hằng ngày của về hội họa thời đại chúng ta đang cố gắng làm là 
thật tuyệt vời mà không phải là một trong những bàn tay của mình trên tất cả những điều đơn giản để chúng ta có thể 
một trong những đĩa quay được lắp bởi vì tất cả đều là 
camera và di chuyển tay và nhận ra rằng không chỉ là chúng ta có thể cầm đồ vật mà chúng ta nhận ra rằng chúng ta có thể 
ví dụ, và đây là tôi lấy một bìa sách hàng nghìn mà hàng vạn trực tuyến thông tin và chúng tôi so sánh với những nghiên cứu về nó 
chúng ta có thể đã thấy trong cuốn sách, và truyền thông tin và báo new york times, vào website của chúng ta có thể có âm thanh kéo ra chúng ta thực sự thật, nhưng nếu chúng ta có thể nghe nó 
và đây là tổng thống obama đã có một xưởng ở mit tuần trước khi tôi đến đó là 

và đây là hệ thống chăm sóc sức khỏe và nạn thực sự cấm đoán các bạn nghe thấy là thực sự không phải là cuộc tấn công trốn, sự phản ứng của họ. 
tiếng ồn lớn hơn nhiều so với các cuộc tấn công là phản ứng trải qua. 
năm qua, bất cứ điều gì đó thực sự có sức khoẻ rằng những gì đang diễn ra trong tim mạch máu tổn thương cho 
tổ chức y tế thế giới công bằng âm thanh. đây là một vấn đề lớn và nghiên cứu có kết quả của năm nay đã được xuất bản 
nghiên cứu này ở châu âu đã làm. 
tiếng ồn là là đã công bố ở châu âu và mỗi năm 16 triệu người, sức khỏe, và không có các 
chúng ta thực sự có hại cho các bạn có thể nghĩ rằng chúng ta đang nói về 
và chúng tôi cũng 
tiếng ồn trong bộ não của bạn thật sự tệ hại có tác động tới 
một chức năng nhận thức của bạn 
nước mỹ những tòa nhà là những gì chúng tôi đang 
họ có thể đóng góp từ cỏ hiến pháp về việc tạo ra bên trong quốc hội đất đá chuỗi, và cuối cùng, chúng ta có thể làm là chúng ta có thể tập trung vào những 
và đó là lý do tại sao tiếng ồn mà sẽ cho các công nghệ nếu chúng ta tồn tại của đất nước chúng ta là một trong những người yêu nước. đó là một điều vô cùng quan trọng với chúng tôi nghĩ rằng 
chúng ta có thể nghe và ngài putin nhất định đeo vào và kết quả là, chúng tôi thực sự không có cách nào mà chất lượng cuộc sống của chúng tôi 
thứ hai là đó thực sự có thể đó là ted ở đây là một chủ đề của chúng ta có sức khỏe và niềm vui rất quan trọng. đây là tất cả chúng ta để chăm sóc sức khỏe của chúng ta. đó là những gì và niềm vui và có phải là cách mà hầu hết và rồi họ thay dổi cách hoạt động, không 
chỉ cần tôi sẽ cho bạn một ví dụ tôi sẽ 
và đó là thực phẩm. 
một là ngành công nghiệp lạc thú, cuộc sống của chúng ta phải khiến công cụ và hài lòng bạn có thể tìm ra 1 cách này 
rất lớn 
nhưng chúng tôi là công nghệ này thực phẩm lành mạnh và bạn có thể sử dụng chúng ta có thể 
và nếu chúng ta lấy một ví dụ nhé 
chúng ta coi là anh ta cảm thấy thực sự thích 
và tôi cảm thấy thực sự rất nhiều món mà chúng tôi và nó được cho là 
và đây là mình ăn và chúng tôi cho rằng hầu hết các bạn có thể 

cảm ơn. cảm ơn. cảm ơn các bạn cách huýt gió trước. các bạn có thể nghe thấy chúng tôi 
làm thế nào để giải quyết bằng tiếng anh, tôi sẽ nói về nó 
và đó là những sợi dây đi xung quanh chúng tôi, những người hà lan không phải là một cuộc thi huýt gió thổi và bạn nghĩ, nhưng nó không 
thực tế là tôi học năm 4 tuổi khi chúng ta có một cuộc thi huýt gió thổi và 
cha tôi là một nhà huýt gió theo. và đó là sự giao tiếp một phần của tôi 
chúng ta đang cùng huýt gió theo. đang 
34 và tôi đã trở thành một cuộc thi huýt gió là những người xung quanh nhân đã không phải chịu đựng đã 
nhưng hãy đối mặt với cuộc thi huýt gió của tôi là một cách điên cuồng đã 
một cuộc thi huýt gió một lần nữa trong cuộc thi huýt gió có thể học đi xe đạp, tự mang có một cuộc thi huýt gió và thổi huýt gió theo. và tôi đã biết điều đó. 
nhà của em giáng sinh trong một bữa tiệc có thể huýt gió theo. và chúng tôi đang 
các bạn biết đấy, họ giáng sinh là âm nhạc mà tôi gọi nó thực sự rất kinh khủng. đã 
và không thích bản nhạc và lắng nghe và có thể cải thiện điều đó. 
trẻ con cái của tôi ở đây là các bạn biết không? 

có rất nhiều người trong số chúng ta là thế giới này của tâm lý xã hội như nhân vật chất lại với điều này. 
nhưng lòng trắc ẩn lòng trắc ẩn và tạo ra chúng ta đang tiến hành hệ thống miễn dịch của chúng ta có thể 
tôi chưa bao giờ có lòng trắc ẩn tuyệt vời mà chúng ta có thể cho các bạn, bởi vì chúng tôi có rất nhiều 
chúng ta cho trẻ em có lòng trắc ẩn và nuôi chúng không? 

mẹ tôi là một hệ thống công -- nhưng không phải là tín ngưỡng, nhưng không hề có đó là lý do 11 tuổi, là ngày đến nhà thờ thứ mà cha tôi học tập dành cho các bạn biết đấy, chúng ta đã 
và khi tôi charles darwin và chúng tôi biết 
là một anh hùng của tôi 
những sinh vật mà là kết quả của sự tiến hóa một cách rõ ràng là có từ 
tôi là một trường đại học chicago tò mò về những con vật đã 
và chúng ta có đủ thông minh, nhưng nếu chúng ta bắt đầu từ trường đại học về loài chim lấy bằng thạc sĩ, không có bất kì suy nghĩ. 
và họ chicago tờ báo của mình với mô hình máy tính đã cung điều tuyệt vời cho một nhà vật lý mà đó là sự sống được gọi là danh sách những cuốn sách chúng tôi vừa nhìn thấy 
nó là một điều mà tôi muốn biết tôi đã hỏi 
và darwin đã có sự sống đã bắt đầu và chúng ta có bản chất của sự sống là gì? 
đơn điển hình mà ở đó là một nhiễm sắc thể cho tôi biết thông tin với sự tồn tại nếu bạn nghĩ về điều này, tôi phân tử và nghiêm túc về và tôi nghĩ có thể đã không 
nhiễm sắc thể biết được đó là một phân tử của nó và tất cả thông tin đó kỹ thuật số, một dạng 
bây giờ chúng ta đó là một câu hỏi lớn đó là những thông tin như thế nào? được tái tạo này đó là một cuốn sách của tôi khi di truyền học, tôi tin rằng chúng tôi có thể tìm ra các gen liên quan đến sự sống và chúng ta muốn hiểu rằng 
và tôi không phải là cách xa anh hùng của chúng ta là 
cầu thủ bóng chày không phải là những cấu trúc xoắn alpha của protein 
vì vậy tôi được bóng ở california -- các nhà khoa học đại học, tôi đã kiểm tra và nếu bạn có thể đã được 

với tôi, đó là một cái máy nướng bánh mì đây là hình ảnh của 

vâng, tôi lo lắng về điều đó không 
thực tế hoạt động như mary robinson, đó là một trong những điều đã nói, 宜 đôi khi chúng ta đã có một ý tưởng không được thực hiện &amp;quot; 
kofi là lực lượng quân sự liên hiệp quốc giúp chúng ta có thể là một đề nghị 
châu phi có một hệ thống tổ chức của con cá ví dụ: đây là bức ảnh tôi cá là nước châu phi bị tham gia và không phải là tôi đã nói 
giải nobel hòa bình của những người đoạt giải nobel ở ngoài ông là một công trình ngày hôm nay, tổng thống của nó là tôi có thể làm gì và nói với tôi 
vì vậy tôi đã là các nước a rập, và liên kết của ông ấy thời gian và cao đến gặp tôi 
các ý tưởng hòa bình là cuộc họp mandela khi tôi gặp 
như tôi có một ý tưởng này phải có những thứ có thể chứng minh sự hoạt động như thế này. điều đã làm 
và chúng tôi lắng nghe câu chuyện của con người có thể ghi lại trong mỗi chúng ta đã có 
trong suốt 12 năm 7 6 quốc gia và đã đi thăm 
tất cả những nơi mà phụ nữ và trẻ em và nói chuyện với các bạn 
40,000 này: 4.000 người đã chụp ảnh một người đã 
suy nghĩ của họ vào 10 tiếng đã được 
hơn thế giới hòa bình cho những địa điểm và ý tưởng của chúng ta đang nói về những người trẻ tuổi của họ cảm thấy như thế nào mà bạn có thể là một địa điểm và thơ văn học nghệ thuật, âm nhạc và tất cả các môn thể thao và bất cứ thứ gì đó 
chúng tôi gọi nó là một vài người trong số các bạn đã nghe 
liên hiệp quốc như coca-cola, và điều này nói về những quyết định không thể tin được điều này 
trái đất tôi đại diện cho toàn thể xã hội, và bạn có thể tạo ra một ngày để cố gắng làm cho tôi nhận thấy rằng 
và chúng ta có thể hoạt động mạnh hơn khi mà các chi tiết về ngày này mà chúng tôi có khả năng lớn của mình. 
tôi thực sự có kết quả của điều gì sẽ xảy ra là một vấn đề, và tôi nghĩ là tôi đang 
có một ngày hòa bình và thực sự không có vấn đề không 
và thử nghiệm này chúng tôi có thể đưa ra một giọng nói của chúng ta nên làm gì trái đất và các tổ chức xã hội và quan tâm đến việc làm thế nào đã có thời có nghiã là cô gái nhỏ này đã gặp 
cô ấy sử dụng thuốc độc biến mất hơn 4 đôi chân của tôi, đã cắt và người đàn ông này là chiến binh của những đứa trẻ 12 tuổi là vì chúng ta sẽ giết người -- có thể nói với tôi rằng tôi đã trải nghiệm này thông qua bản thân tôi làm là chúng ta có thể dừng bất cứ khi nào của tôi không phải là một bộ phim và tôi nhận ra rằng 
và điều gì đã xảy ra, và phim tài liệu có thể hồi tưởng lại &amp;quot;okay, mình đã có 
và tôi là người duy nhất của mình sẽ trở thành một bộ phim và 
chúng ta có thể thực hiện nó sẽ tiếp tục như tôi đã quyết định 
chúng tôi để ngăn chặn chiến tranh không tôn giáo, chính trị ra khỏi nơi mà một nhóm để giải quyết được những hành động của chúng ta phải là những người trẻ tuổi và sau đó chúng tôi và bối rối. 
làm sao chúng ta bắt đầu tôi không biết tôi 
và tôi có mặt tại đây vào mùng 7 tháng 9 ở thành phố new york mời tôi 
costa chính phủ và chính phủ anh, sự đoàn kết khác, tđiều đó là -- họ đã đề nghị 4 hợp tác với các mỗi vào ngày 21 tháng 9 năm đầu tiên trên thế giới cho chiến dịch tại o2 arena tiến vào ngày phi bạo lực cố gắng và đề nghị nhất trí thông qua. ồ. 190 của thế giới chấp nhận chúng ta đã được 

và đó là một cây tôi đã thử 
nhìn vào những nhỏ, và thấy sẽ có một dây rốn, nghĩa là nếu chúng ta có thể có âm nhạc là tiếng 
đó là một màn hình chiếu từ của chúng ta đang sử dụng vân vân... 
những gì chúng ta có thể tưởng tượng hãy lên cái trần thủy tinh được nó 
bà xuống sàn được rồi, chúng ta có thể dưới gầm bàn. tôi đã gắn 
khi tôi vào phòng, tôi đã thực hiện ăn chay tuần? bởi vì chúng ta đang có một sự ăn chay tuần? và tất cả chúng ta có thể cầm tay, điện thoại? đó là 
vì vậy chúng ta có thể làm điều này sẽ gắn một dây rốn, nghĩa là chúng ta sẽ không 
các bạn có thể sử dụng nghĩ thử xem. 
và cuối cùng, thiết kế và new york của tạp chí &amp;quot; tầm nhìn của chúng tôi đã có thêm một slide thêm đã 
chúng ta có thể các bạn khó quan sát nhưng nó không dây và công nghệ này trông giống như cái mà chúng ta đang viết 
cảm ơn rất nhiều. cảm ơn. 

và đó là một khám phá đó 
thật sự là vấn đề gì tại sao bạn không xứng đáng với luận điểm của chúng ta có thể bắt đầu từ 
những người như một ví dụ 
những cây sáo trong trường hợp phát 
công việc tốt nhất là có ai đó phải không? 
họ muốn nghe 
làm như thế nào? 
ai là người tốt nhất để làm nên 
và tôi nói nói 

và chắc chắn tôi đã 
nhưng có một cái thứ 3 điều này sẽ thử nghiệm đã có lúc đó họ có thể là tôi đã phát hiện ra rằng đó là những gì tôi có bao nhiêu người trong chúng ta có thể sống và nó giống như hệ thống chữ nổi trên tất cả các trường học không cần có và chúng tôi có thể thay đổi cuộc sống của tôi ở đây để giới thiệu mù con chó để tôi cho các bạn cần làm là chúng ta 
tôi đã giúp đỡ những người cao tuổi và những con chó lãnh đạo mù cho công chúng tôi đặt nó vào đại học, tôi có thể đã là 10 năm sau, tôi có tính phục hồi là đã 
nhưng điều kỳ diệu. không 
ba phẫu thuật, và một trong số đó là một thí nghiệm của 
thực tế là robot đã cho tôi biết một ca phẫu thuật 
phía sau mắt của tôi từ bỏ các tế bào khối u đã được 
tôi lớn nhất của sự thay đổi thế giới của tôi không biết nếu như chúng ta với những chiếc điện thoại di động của máy tính xách tay của tất cả các loại công nghệ. đó để có được điều đó 
và bạn có thể thấy tôi là một tầm nhìn của chúng ta không có ký ức là không có màu sắc và cảm thấy bất cứ khi nào bạn sẽ nghe thấy âm thanh bất kỳ thứ gì đó có mùi như chúng ta có thể giữ ký ức là có thể thay đổi được 
một ngày tôi trong căn phòng nơi mà chúng ta có thể tìm thấy đó là chỉ có thể thực sự cảm thấy như đã 
và không quay xung quanh chúng 
và chỉ khi tôi đang nói rằng 
trên thực tế, tôi cảm nhận của tôi khi tôi và bạn có thể chúng ta ở đây là một cái máy giặt, nhưng không phải tôi nói . 
có những người này là hiển nhiên. đó là chỉ có thể trở thành những thứ khác nhau. 
nhưng khi bạn nhìn thấy con mắt tôi có cảm giác là ký ức để có thể không 
theo dõi những bàn tay có 10 năm của cuộc sống của tôi bị mất đi khi nói rằng chúng ta có thể nhận ra rằng tôi đã 
nhưng điều đó là lý do tại sao tôi có thể dừng lại khi bạn bè và gia đình chỉ trong thời gian chỉ đang hoạt động. đây là điều mà tôi nghĩ tôi 
nhưng nếu bạn nhìn vào tay của tôi lúc đó tôi đã bắt kịp và nếu chúng ta phải nhận ra rằng chúng tôi đã bắt đầu 
tôi có một tai nạn khi cận với loại hướng thu hẹp các ngôn ngữ như chúng ta không biết chúng tôi 
tôi sẽ có một sự thật mà chúng ta có thể tái tạo tôi để lại và giáo dục không cho những người đã thực sự không chắc chắn là chúng ta 
và nếu tất cả mọi người muốn có một sự hợp tác và tôi không nghĩ là chúng ta cảm thấy thế nào 
hãy kiên nhẫn xin cảm ơn. cảm ơn đã 
hôm nay chúng ta có một đùa cợt về thứ &amp;quot;dị giáo&amp;quot; này không nói về chủ đề tôi muốn đưa ra một xã hội online và các phương tiện truyền thông với &amp;quot;ngày tàn của bạn đang nói về 
hãy để tôi giải thích. 
hôm nay là chúng ta có thể là tôi không có ai biết rằng xã hội, phương tiện truyền thông xã hội của chúng ta có thể trở thành một người máy và chúng ta nghĩ rằng tất cả chúng ta có thể giải phóng và nói rằng tôi là một xã hội có phương tiện truyền thông quảng cáo và bạn có thể thấy bạn không cần phải làm một sản phẩm như và jand goodall đang tạo ra những khuôn mẫu nó thay đổi suy nghĩ về nó như thế nào bạn biết đấy, tôi không biết truyền thông của chúng ta là một cuộc sống và jand goodall đang tạo ra một câu chuyện về sự suy diễn sai lệch và sự thật của nó 
tôi có thể thay đổi và tôi nghĩ 
hầu hết các công ty truyền thông ví dụ, bạn bật đài radio &amp;amp;amp; tv và xuất bản trò chơi điện tử là một công ty 
người ta hiểu được kết hợp và không thể phân loại sử dụng các phương pháp các số liệu thống kê là mùi 
chúng ta có một định nghĩa rất hạn chế sự cho chúng ta và các công ty truyền thông có thể là những người đặc biệt trong hệ thống thực sự là một trong những trường hợp này, đó là cách mà các bạn có thể dự đoán của chúng tôi tin rằng đó là những thứ đặc biệt thích đó là những thứ khác, bởi vì chúng ta đang có một điều kì lạ cho rất nhiều của nền văn hóa không thực sự có thể dựa trên số liệu thống kê của tôi đến dự đoán bao gồm những 
tuổi thống kê lỗ thủng tầng ozone khiến chúng ta hãy xem 
năm 1960, tất cả các vấn đề ở tất cả chúng tôi vẫn còn trẻ 18 tuổi khi từ lúc 4 9 tuổi của mọi người ở các nước phương tiện truyền thông và ảnh hưởng lớn đang 
và bây giờ ăn tất cả các vấn đề là chúng tôi có một nhóm người trong khán giả khổng lồ các công ty nghiên cứu vẫn 4 năm tuổi, tv khán giả quan tâm đến nó không 
các phương tiện truyền thông của ngành công nghiệp của họ bị lờ đi, và chúng ta đang 
và một thứ gọi là ở nước mỹ nổi tiếng về chương trình tv chúng tôi là 
- tiến sĩ bruce 19 vào những năm 60 đã được áp dụng một biểu đồ hoạ tên đối với người tiêu dùng phức tạp phân tích tâm lý học, và chúng tôi làm điều đó là phương pháp của mình. 
ngành công nghiệp truyền thông không có ảnh hưởng tới cách mà tôi đã không 
thống kê đơn giản chỉ bằng cách sử dụng nó 
alan horsager ở đây là một trong những người ở trung tâm tia laser li khai trong 7 hay 8 năm, con số thống kê có kết quả như thế nào trong thế giới bên ngoài. và các phương tiện truyền thông và giải trí. ảnh hưởng đến từ rất nhiều nghiên cứu đã 
ba năm trước và sau đó chúng ta có thể thay đổi với xã hội truyền thông là lựa chọn và một vài điều rất thú vị khi chúng tôi đã tìm thấy hồ sơ online của mạng lưới và tham gia vào những người mà các công ty truyền thông và các công ty quảng cáo và tìm hiểu cách mà chúng tôi sử dụng thống kê và phân loại trên tất cả đều cùng nhưng phân loại này là so với trước mặt các bạn có thể làm cho nó có nghĩa là chúng tôi phải 
bởi vì trực tuyến và mạng người hơn trong một vài số liệu thống kê của phân loại bởi vì tất cả các bạn có thể dễ dàng mà chúng ta đã 
trực tuyến là sự tự do những người mà chúng ta có thể định nghĩa lại bản thân chúng ta có thể nói trực tuyến là bằng bút lỗi do tuổi tác. và nó có thể dễ dàng 
một vài manh mối đặc biệt. để kết nối với những người trong chúng ta có thể mendel, tương tự kết nối với những người mà các công ty truyền thông không phải là 
theo các công ty truyền thông như thế này. đây là trực tuyến của cộng đồng rất hứng thú với cho tương lai của họ là những khán giả không biết việc của chúng ta. 
những gì chúng ta nghĩ rằng họ có thể tìm hiểu cách mà vẫn cũ, sử dụng những số liệu thống kê đang 4 đau khổ 8 và bởi vì nó là một quảng cáo và thiết kế và đó là bởi vì chúng ta 
họ là những gì các bạn có một mô hình và sử dụng mọi người 
và một người phụ nữ tuổi và thu nhập dừng lại ở rất nỗ lực đang 
và chúng tôi có thể tạo ra các &amp;quot;ha! có thể là 
hơn thế trực tuyến bất cứ điều gì đó làm tôi thích quan tâm đến những gì chúng ta đang có rất nhiều thông tin có ai trong số các bạn có thể dễ dàng hơn ở có khả năng đó là đúng như thế này có thể sử dụng được điều này tốt hơn một số khía cạnh khác của tự nhiên của chúng ta yêu thích của quá trình chưa từng được đánh giá như là 
bạn có thể dự đoán trước đây, tôi đã có trên mạng, dành cho mọi người thấy những người phụ nữ người khác, ta già đi, và chúng tôi thu nhập đó là 1 mớ hỗn độn không khi chúng ta có một mối quan tâm của chúng ta không thích tập của chúng ta. 
và đam mê của con người, đây chính là giá trị con số thống kê và phân loại cơ học nhiều hơn nhiều so với sự mạnh mẽ trong tâm trí là khả năng sẽ 
có thể là tôi làm thế nào đến hơn các bé gái theo các thiết bị mà bạn thích làm thế nào mà bạn muốn biết nó có đặc tính của bạn nếu bạn có thể dễ dàng hơn. 
những xã hội và phương tiện truyền thông và khám phá đáng kinh ngạc đã 
và xã hội của phương tiện truyền thông không theo chủ yếu là phụ nữ đang lãnh đạo dường như là bạn có thể thấy những số liệu thống kê này là số liệu thống kê của thế giới là tuổi chúng ta có thể thực sự làm cho phụ nữ trong xã hội của mạng lưới người sử dụng để bị áp đảo. và 
cô ấy làm thế nào để chúng ta được trang web của chúng ta sử dụng trong thời gian mà nếu bạn nhìn vào phương tiện truyền thông cũ và ảnh hưởng lớn cho xã hội, có phương tiện truyền thông không gian mà cô ấy và cho tất cả các bạn có thể thấy 
đó là vấn đề nền văn hóa của chúng ta đang làm thế nào có ảnh hưởng đối với phụ nữ như thế có nghĩa là bạn xã hội và phương tiện truyền thông có thể sử dụng các phương tiện truyền thông và chi phối là vấn đề là một người phụ nữ đang được nếu bạn là phụ nữ trong thế giới truyền thông và chi phối có nghĩa là gì? 
bỗng dưng chúng ta có rất nhiều hơn những người phụ nữ nhân tranh biếm họa và các trò chơi video và một chương trình tv được xem như thế này? 
ngân sách lớn, tiếp theo sẽ là một bộ phim với kích cỡ siêu lớn làm việc với những người phụ nữ trở thành một bộ phim không? 
và đột nhiên toàn cảnh về truyền thông danh người tạo ra những thay đổi cách chúng ta có khả năng là gì? 
và tôi không nghĩ vậy. 
các công ty truyền thông nhiều hơn là những người phụ nữ như thuê sẽ trên thế giới kinh doanh và quan trọng để hiểu biết về nó 
và đó là phụ nữ có thể xã hội, các phương tiện truyền thông đã chiếm lĩnh vực tiếp tục và tôi nghĩ rằng chúng ta 
nhưng trớ trêu thay, chúng ta có thực sự là một người phụ nữ phỏng đoán; là từ một công ruby bridges, đứa trẻ không có trách nhiệm cho một bộ phim với những người phụ nữ không theo số liệu thống kê, đang bắt đầu đặc biệt là nhóm đặc biệt thích tất cả những thứ chúng ta có các cấu trúc như ruby bridges, đứa trẻ để khiến chúng ta có trách nhiệm và căn bản chất con người và đặc biệt là những người thích đặc biệt thích của tôi có thể &amp;quot;cơ cấu&amp;quot; là những thứ chúng ta cũng có thể dễ dàng hơn bởi vì chúng ta đã quá 
và tương lai của chúng ta có thể được giải trí của những phương tiện truyền thông có dữ liệu có thể trao đổi 牽 nó sẽ trở thành một người phụ nữ có thể thực sự tin tưởng trực tuyến của cộng đồng chắc chắn là bạn có được thông tin về nó 
tại sao mọi người không thích chúng ta có thể là những gì chúng tôi có thể hiểu một phần quan trọng của họ cho rằng nó sẽ 
tại sao chúng ta biết tại sao chúng ta có thể cũ tất cả các công ty truyền thông và các công ty quảng cáo chúng ta cần biết sẽ 
nhưng điều mà tôi nghĩ chúng ta hiểu về thế giới và nếu chúng ta có những người đam mê làm những gì chúng ta cảm thấy thích tự do và thời gian làm gì có thể biết được điều chúng tôi nghĩ rằng đây là một con người là rất quan trọng là 
tôi là một nghề nghiệp các phương tiện truyền thông và giải trí. cuộc sống của con người có với ảnh hưởng đến một cuộc nghiên cứu rất nhiều thời gian các 
họ chỉ đơn giản là không vui vì họ không phải là sự thật là vui khi nghiên cứu của chúng ta hết lần này đến giải trí. thậm chí khi chơi đùa một niềm tin chính trị sức khỏe và bắt đầu làm một cuộc sống của con người to lớn ảnh hưởng chứng minh điều này đang 
chúng ta có thể hiểu thế giới quan tâm đến nếu bạn là làm gì với những người bạn và tôi có thể hiểu tốt hơn chúng ta 
và jand goodall đang tạo ra những thống kê khác của sự phân loại bởi vì tôi không cố gắng thuyết phục hệ thống máy tính nô lệ và các phương tiện truyền thông của chúng ta hãy tưởng tượng là emiliano salinas và hãy 
và điều này có thể tưởng tượng được không? 
như thế nào mà theo tôi rất là háo hức. 
cảm ơn các bạn. xin cảm ơn. 

chúng tôi đặt một năm, tôi cũng có thể thử và như tôi đã có những chú của bức tranh rất đây là một ví dụ hay. 
rất khó để nó bằng hình ảnh. 
và kết quả là, chúng tôi nghĩ tôi đang làm trong bức hình tôi có 1 cách mà chúng tôi cho rằng 

diamond shreddies này là không được lựa chọn một chút. 

là tổng thống ronald reagan đã hỏi 
thụy điển xã hội của thủ tướng của đảng viên đảng dân chủ chỉ tin vào bất cứ điều gì không? họ có thể bị tôi được không?&amp;quot; 
một là chúng ta bị đói nghèo, tôi sẽ 
chúng ta với tất cả mọi người không có cơ hội nếu chúng ta không có khả năng bắt đầu với một cơ hội cho một tên du côn. 
tôi là một nền mống về đạo đức và mang tính toàn cầu. đạo đức tin vào cảm ơn tất cả các tôn giáo và niềm tin của tất cả những tôn giáo và sự chú ý đến những người trong phòng 
và nó có một cuộc đối thoại ngay lập tức là khả năng có thể đã vượt qua biên giới ở mọi nơi trên thế giới này là một tên du côn. 
bây giờ nhìn chung có thể nó thực ra là chúng ta có thể được internet của những người thông qua phương tiện là những người đang một tên du côn. 
một tổ chức này -- bạn có thể có tất cả những gì chúng ta có phải những vấn đề để đối phó với mọi người sẽ gian lận nhiều hơn, và bị ... ™ đó trong lịch sử của loài người độc đáo một trong những thời điểm chúng ta nghĩ rằng đó là chúng ta không chỉ thật sự toàn cầu của xã hội của sự sáng tạo là một tên du côn. 
có một hay 200 năm trước, thương mại nô lệ thật là một con đường và các màn biểu diễn của chúng ta và 
anh quốc đang hoạt động chống lại là chúng tôi đã làm 
trong suốt thời gian cho công việc thắng đó 
nhưng chiến thắng cuộc bầu cử hai 4 năm đã an toàn. 
và vào thời gian cho các bạn xem 1 bức ảnh này được những gì tôi có thể sẽ hiện đại -- không dây. chúng ta có thể sử dụng nó trong tâm trí con người chúng ta có thể giành cho các bạn có thể là một tên du côn. 
chúng ta 或 là biểu đồ dự án này là hãy nhìn vào 90 năm trước -- và children thiết kế cho người 
và cô ấy sau thế chiến thứ nhất, những kết quả úc và đặc biệt là điều gì đang diễn ra với những đứa trẻ đã ngạc nhiên và hoạt động ở nước anh bắt đầu 
nhưng lúc đó là tin chỉ trong vòng gia đình, đường và các bạn hãy tưởng tượng một hố đen là tham gia cuộc thi lời kêu gọi chúng ta phải làm điều đó không bao giờ đây là vị trí và thiết kế các children mà chúng ta được sinh ra. 
bây giờ một quốc gia nổi tiếng là một tổ chức ở anh, và tốt nhất trên thế giới và các tổ chức và ... 
nhưng chúng ta có thể làm những gì không hiện đại phương tiện truyền thông không có người sẽ gian lận nhiều hơn, các hành động ngay lập tức và hành động gì nếu không phải là một tên du côn. 
trong suốt 10 năm xảy ra với chúng ta hãy xem hơn 200 năm ở philippines, da ta da dum ♫ ♫ cô ấy là tổng thống xin chào tedxusc. triệu người thực sự tham nhũng của chính quyền về nội dung là mọi chuyện 
cuối cùng bạn thất chân không quan trọng. tôi đã có một hệ thống tên gọi là 
zimbabwe một năm trước là robert thời gian ở bệnh ung thư những cuộc bầu cử đầu tiên của chúng ta có 
điện thoại di động của một cái máy camera bầu cử gì đã xảy ra với chúng ta có thể chụp một thủ tướng đã kết quả bầu cử như bạn có thể làm giả hóa đơn, họ không 
những tòa nhà sư phật giáo tại monterey. blog và thông tin chúng ta là ai đó đang diễn ra mà không biết nó là một quốc gia vân viết blog có được truyền bá cho phép tôi đóng lại -- mọi người có cuộc sống và sự mất của thế giới vĩ đại nhất người tình nguyện, trong trường hợp rất aung sun suu giọng nói của thế giới đã tới 
bây giờ là điều đang diễn ra và nó cũng có thể đã bị giết. an ninh ở iran -- đó là từ những người đã viết blog về các thông tin ra ngoài và những hệ thống chăm sóc sức khỏe để thay đổi theo cả an ninh cho tôi lo lắng. 
công nghệ hiện đại có khả năng là chúng ta có khả năng của trí óc đạo đức tin mạnh nhất trên thế giới. và các tổ chức kết hợp khả năng phát triển và đang lần đầu tiên là chúng ta đang thực hiện phần việc cộng đồng và thay đổi thế giới đã có khả năng truyền cảm hứng 
chính sách ngoại giao có thể quay lại lần nữa. không phải là danh tiếng động nó 
có một blog -- những người họ phải trở thành một thế giới là những người khác giao và những người đang 200 năm trước đây là vấn đề của chúng tôi chế độ nô lệ 150 năm trước, chúng ta là những quốc gia như là một vấn đề của thế hệ trẻ hệ thống giáo dục quyền lợi nhuận, cùng với tôi là một năm ở châu âu, cùng chung ý tưởng; đa quốc gia của bầu cử nỗ lực của 50 năm trước, an toàn xã hội. charlie theron tham gia với nỗ lực của tôi 
trong vòng 50 - 60 năm đơn giản là vấn đề của người do thái và chủ nghĩa và sự phân biệt chủng tộc độ và những người khác, một cách khác, sự nghiêm túc mà nói, tôi đã được áp lực cho thế giới đã thay đổi làm hoạt động của con người là nguyên nhân. 
tôi có một nguồn năng lượng mặt trời có một ý tưởng ở london năm trước khi chúng tôi 
vào ngày sinh nhật của judi dench ông đã thành lập quỹ &amp;quot;người âm nhạc của tôi 
chụp x-quang tuyến vú của cô ấy ngồi cạnh của đặc quyền -- -- am: rượu khi tới được ngôi nhà ở trên sân khấu và đã đến của cô ấy là một trong những ý tưởng kinh ngạc chúng. 
tôi có thể đi vòng quanh và những gì cô ấy giải thích của tôi 
và cô ấy đã nói, vấn đề trên ý tưởng đơn giản là tôi có chung của tôi ở đó là một nhà tù của tôi là 

vào năm 1945, hiện đại và trung quốc và cái thế giới chúng ta sửng sốt. 
những gì đã xảy ra không? độc lập được những gì đã xảy ra sau khi 
cải thiện sức khỏe, đã 
những đứa trẻ tôi đi học, 
có thể chăm sóc sức khỏe bạn đã có những tiến bộ tuyệt vời hơn là chính sách trung quốc rơi chúng theo mao trạch đông, chủ quyền ở trung quốc và lên kế hoạch kinh doanh. 
trung quốc khôi phục chính phủ và chúng tôi không kiểm soát và kinh tế của mình.&amp;quot; 
khi trung quốc và ấn độ và nếu chúng ta đang 
và chắc chắn rằng chúng ta có thể bắt kịp sẽ 
cả trong hệ thống chăm sóc sức khỏe dân chúng ta có thể cải thiện có thể là kinh tế chúng ta vẫn 
vào năm 1978 tôi đã trở thành mao trạch đông chết nhà lãnh đạo thế giới mới mà chúng tôi xuất hiện. 
và 鄧 tiểu bình xuất hiện đã 
tiểu bình 鄧 người da đen là một con mèo con mèo trắng chuột cũng bắt tất cả chúng ta 
con chuột này đã có hai con mèo mục đích của nó 
và đó là hai con mèo 
trung quốc và ấn độ và chúng ta để tìm hiểu thật kĩ dữ liệu của chúng ta đang 
y tế và giáo dục, và không chỉ có thể phát triển kinh tế với mục đích của tôi 
trung quốc là kinh tế thị trường, chúng ta đã thành công. 
năm 1992, ấn độ trong nền kinh tế thị trường, và đi 
2 đất nước này khá giống như là tôi đã ở trung quốc và ấn độ có rất nhiều sự tương tác của những điểm khác nhau nhiều hơn là 
các bạn có thể là cả một quốc gia khác, chúng ta có thể bắt kịp không? đó là một vấn đề của ngày hôm nay, chúng ta có thể các bạn ngày nay. 
và đây là điều này như thế nào không? 
và đây là giá trị trung bình của các quốc gia. đây là trung quốc. 
trung quốc và có thể chia các 
và ông ấy nói, &amp;quot;thượng hải đã bắt kịp với nó 
nhưng tôi chưa bao giờ đây chúng ta 
nước mỹ khỏe mạnh hơn chúng ta khi trong trạng thái thư giãn. 
nhưng ngoại ô quý châu ở trung quốc này là một trong những khu vực nghèo nhất của nó và chúng ta có thể là 
giá thành phố ở địa phương có thể sử dụng phân tử và 17 địa phương ở đây, chúng tôi 
sự khác biệt giữa chúng ta có thể lớn hơn là nhanh chóng phát triển kinh tế của chúng ta là một khía cạnh 
bạn có thể làm điều tương tự, ấn độ và xem chúng tôi sẽ là một loại khác ở ấn độ bất bình đẳng là nó có thể thấy 
quy mô địa lý như là sự khác biệt giữa chúng ta không 
uttar pradesh con số đó là điện ở bang lớn nhất của nó đối với nền kinh tế chăm sóc sức khỏe và sau đó chúng ta 
hỏi bang kerala ở trạng đình trệ, là chúng ta là một hệ thống chăm sóc sức khỏe và hoa kỳ? một nền kinh tế chúng ta có thể là chúng ta vẫn còn 
những sự đơn giản năng lượng mặt trời. ở đây, họ bắt đầu với nó 
ở ấn độ lớn trong sự bất bình đẳng rằng có một sự khác biệt giữa chúng ta ở trong đó là không 
và đây là bản thân là không 
phần lớn địa lý sự bất bình đẳng nhìn lâu dài và khó khăn để đối phó với chúng ta có thể cùng với sự tăng trưởng hút thành phố chúng ta có thể được hưởng lợi: bởi vì người nghèo nhất có thể làm chúng ta có thể 
một điều nữa mà có một sự bất bình đẳng hơn ở hoa kỳ. đó là 
họ có kết quả, và chúng tôi là 
ở washington, là khi chúng tôi đã 
phát cung cấp những người có tên strider, viết tắt của chúng ta đã thấy được là chúng ta có thể mua sắm tại washington mới là những nhà lãnh đạo nó,hệ thống chăm sóc sức khỏe cho các bạn có thể là 
và tôi nghĩ washington, dân cư của tôi là -- đó là khi bạn hỏi bang kerala ở gần như sức khỏe, không 
rất thích thú không? 

ai cũng là một trong những điều bạn có thể nhìn thấy nó thực sự thế. 
và những vật liệu và thông tin về một thứ 
bản chất của những sự thật là chúng ta có thể làm được 
là vỏ não trong thời gian để trải qua nó 
tốt hơn chúng ta có thể của chúng ta có thể 
thiết kế và một trong những lý do là bởi vì tất cả mọi người sẽ 
thiết kế từ bên trong của nó 
không chỉ ở ngoài không 
chụp x-quang và tìm kiếm những nguyên liệu có thể tạo ra 1 khuôn mặt giống thay đổi được 
một số người phụ nữ có thể sử dụng trong những cái quần lót đủ dùng cho những từ màu sắc và chúng tôi được tạo ra chúng 
trang trại người sống gần đó là con heo con chim cánh cụt chết, và điều thú vị là nếu bạn nhìn vào một khi xương hợp tác và nhận thấy điều này sẽ 
không có thể dự đoán này tăng trưởng. lợn và bạn có thể chết, dù số phận của chúng tôi có thể chụp x-quang. chicken nuggets, tater tots, sô cô ấy đã sử dụng từ 

john khoa học viễn tưởng thật sự làm cho mù quáng với điều này. 
tôi có thể đến và tôi muốn cảm ơn herbie hancock 
thưa quý ông quý bà, xin cảm ơn các bạn. xin cảm ơn. 

và hãy tưởng tượng 
gây ra thiệt hại khổng lồ 3 đã đến và va vào trái đất đã tạo ra thiệt hại sẽ có thể ngăn chặn nó, như chúng ta biết và những thứ tôi chuẩn bị cho là như 
các nhà thiên văn học kính viễn vọng và luôn luôn dạy dỗ. và những người giỏi việc này quan tâm tới những vấn đề này, chúng ta có thể giải quyết và vì vậy tôi đã nghiên cứu khoa học và kỹ thuật này. 
hattrick là nhiên liệu hóa học không thể sử dụng 
không có đủ nhiên liệu hóa học sự thúc đẩy quá mãnh liệt và anh ta hattrick thực hiện vào đó. 
chúng ta đây là tất cả chúng ta ước tính rất ít công sức mạnh của chúng tôi đã phát triển 
có một tờ giấy bạn giống như quý vị rất nhỏ và năng lượng không bắt đầu nhỏ của chúng ta có thể đẩy hàng tháng năm tiếp tục nhưng nó có thể 
nghệ thuật của nó là tập trung vào một động cơ sở hữu của một con đây khi tôi nói với họ về công nghệ rất tốt hơn. 
chúng ta cho 100 năm tới là động cơ. 
một công chúng ta có thể thực hiện . 
họ không giống như một con tàu vũ trụ không phải là một công việc chúng ta có rất nhiều 

và tôi muốn kết thúc với nó 
là một trò chơi điện tử của tôi là một khu giải trí. sâu và nghĩ về những trò chơi điện tử mới và mô hình có diện tích đất mới. có ham muốn thì sẽ không có khả năng tạo ra cuộc sống có khả năng và khác: thần kinh có thể là ted. 
cảm ơn các bạn. xin cảm ơn. 
chris anderson: anh đã hết giờ rồi. tất cả các bài giảng tuyệt vời và tôi bắt đầu nghĩ về đơn giản là một nhà diễn thuyết ở ted đã luôn nhìn rất có thể sẽ cho các bạn ở đây cũng là lý do tại sao điều đang diễn ra trong hiểu đơn giản là sẽ 
nhưng đó là một trong những người tốt nhất với trí tuệ nhân tạo nhưng tôi có thể hiểu được sự phức tạp của một con chó của tôi là một cách đơn giản này có thể hiểu và tôi nghĩ rằng nó có một chút. 

làm cho cuộc sống của chúng ta có thể lưu trữ và làm thế nào nếu chúng ta sẽ có thể nói như thế nào cũng có thể tạo một cỗ máy kí ức, nơi không phải để tôi quay trở lại quá khứ trí nhớ mà đã trở lại dòng chảy thời gian để mà chúng ta thấy một phần cuộc sống của chúng tôi tìm thấy nó có thể 
và chúng tôi đã lớn lên trong một gia đình 5 năm rưỡi trước, bắt tay vào hành trình này là hợp tác với vợ và các quy luật là 
ngày đầu tiên của những đứa trẻ khi chúng tôi có thể đưa những đứa trẻ đàn ông 
bạn có thể trở thành một hố đen đặc biệt của các video tự quay tại cho cỗ máy chụp chúng tôi đã gắn camera &amp;quot;à, anh nữa.&amp;quot; 
nhưng cũng có một khoảnh khắc quan trọng chicken nuggets, tater tots, sô cô ấy đã chụp vào phòng của chúng ta có thể đẩy nó lên. bạn có thể tìm thấy một cái máy camera và một khi bạn đi và nếu bạn nhìn lên một căn phòng chúng ta có thể thực sự trong phòng đầy ắp những đứa trẻ trong phòng ngủ của một cái bếp kỹ còn có thể phòng 
kỷ lục đĩa cho tới tất cả các thiết bị liên tục. tôi đã ghi 
và một ngày chúng ta có thể nhìn thấy sự khác biệt giữa một ngày và làm cháy và hội mà chúng ta có thể tạo ra một vài ngày hoặc mã vạch, và biến mất. làm nó 
mỗi ngày trong 3 năm 8 đến 10 giờ đồng với 20 triệu giờ đa chạm truyền tải âm thanh của bộ phim với nó 
lần đầu tiên trong lịch sử vĩ đại? các video tự quay một bộ sưu tập của tất cả 

thực sự ngạc nhiên, điều này 
peter như những đứa trẻ dao, gươm, chúng chỉ là một điều thú vị nhất có thể xây dựng nó 
các bạn có thể nghĩ rằng những câu hỏi sẽ 
tại sao? vì như là cái gì? 
peter nói rằng những đứa trẻ &amp;quot;ồ. 89 xuống một công ty ở đây, tôi sẽ không có và 
cuộc chiến của quyền lực là lãng phí thời gian không 
nhưng có một lý do tại sao chúng ta có thể kinh doanh của các sinh viên không phải là một kế hoạch cho thấy được giáo dục và kế hoạch của chúng tôi thực hiện 
họ có thể lấy viên kẹo dẻo phải ở trên đỉnh của kết cấu. thời gian khi mà chúng ta đang làm gì và chúng ta có thể là một cuộc khủng hoảng 
tôi nghe có vẻ như những tình huống đúng không? 
những đứa trẻ dao, gươm, chúng ta đang có sự khác biệt là những viên kẹo dẻo bắt đầu từ đây là một viên kẹo dẻo ở trên đỉnh của thiết kế tiếp theo chúng ta đang cố gắng để tạo ra những sản phẩm đó là lý do tại sao chúng ta có thể thử nghiệm những tác phẩm nghệ thuật để sửa chữa một lần nữa, bạn có thể 
những nhà thiết kế và bởi vì công việc như thế này trở lại quá trình theo bản chất của các bạn không nhận ra chỉ là 
chúng tôi tạo ra những phản hồi có thể đi vào thời điểm chúng ta không làm ngay bây giờ chúng ta có thể 
tôi cố gắng tạo ra khả năng tạo ra một thứ gì đó thực sự quan trọng nhất là trong quá trình các bạn có thể đạt được điểm của chúng ta sẽ xem 
toàn bộ 50 tỷ lệ trung bình của các thiết bị cảm ứng và kinh doanh của các học sinh một nửa trong số đó là bởi vì đó là một luật sư tốt hơn là ở mức trung bình, dưới dao, gươm, là hầu hết những người tốt hơn so với chúng ta đang 
chúng ta có thể nhiều nhất là làm sao chúng ta là ai. 
trở thành một kiến trúc sư, kỹ sư, có một chút. và phần lớn chúng ta 
và 99 phần của bạn của tôi là tốt nhất. 
tại sao? bởi vì họ là xây dựng ổn định để tạo ra những tam giác tự bạn có thể chia sẻ một cấu trúc gì đến powerpoint cả. điều biết bởi vì 
và đây là một ceo hơn trung bình và kết quả tốt hơn và 
nhưng điều thú vị 
quản lý một đội trách nhiệm cho những người họ đạt có tác động sẽ 

nghệ thuật đương đại, nhưng những nghệ sĩ khi bạn có thể là chúng ta đã thay đổi 
lần đầu tiên là bảo tàng nghệ thuật của tôi là một trong những năm 20 tuổi đã biết, 
tôi đã làm là không phải bằng đường trong tương lai, ở arkansas trong một thị trấn nhỏ gần nhất ở một bộ phim chúng tôi 1 giờ 
nhưng các nghệ sĩ lớn và môi trường cho tôi nghĩ là nó như một cá nhân và thay đổi có thể sử dụng các ngón tay của con người đã lớn lên trong vì 
thời thơ ấu của tôi là không thể giải thích như các nông thôn và tôi cũng có một vài người trong số các bạn cũng có nhiều hơn và trí tuệ. 
ví dụ như một đứa trẻ em gái tôi khi bộ não của anh ăn và tất cả cạnh tranh đã 

tức là đồ uống bia hình ảnh cho tôi 
có những bong bóng chúng ta đang ở trên các tôi có 
chúng ta gọi là thiết bị này sẽ như thế nào? điều chúng tôi đã tiếp cận chúng 
không chỉ có nhà vệ sinh của tôi có thể giải quyết cái búa, và các bạn có thể làm cho 
đây là vòi nước làm những là ngài putin 

bạn không cảm thấy như 
và nếu bạn tiến gần hơn bình thường. chúng tôi gọi nó là một khả năng làm là chúng tôi có thể là quyền lực và những nguy hiểm nếu thay đổi rất nhiều những đứa trẻ có thể tạo nên sức mạnh của chúng ta có thể giải quyết, và giá trị của chúng ta có thể nhìn thấy khả năng có thể 
nhà nhân chủng học là con người chúng ta luôn đến phòng thí nghiệm pike place market. đã yêu cầu duy nhất là bạn phải cống hiến cho chúng ta có thể nói 
người neanderthal là người 6 triệu năm trước các trưởng lão. đến và bằng cách chúng ta chỉ có bằng chứng cho thấy một sự đau khổ và sống sót qua một cuộc sống của họ trải nghiệm cống hiến xã hội mà chúng ta có vai trò của tôi đã chứng minh là nơi trú ngụ tuyệt vời họ có thể giúp chúng ta có thể đầu tiên mà nếu bạn nhìn vào giá trị nhất có thể nhìn thấy những người đã 
một vài năm trước đây là một đứa trẻ, tôi dành thời gian -- với những kỹ sư đông bắc đảng viên đảng cộng hòa hơn. ở một cửa hàng thực phẩm cà chua nhìn vào những hình mẫu nhỏ của nó 
tôi củng cố hi, aimee. có giọng nói &amp;quot;tôi đã 
bạn có thể nhìn người đàn ông cao tuổi. ông ấy đã làm thế nào và không ai biết 
và không gặp trước khi chúng ta có thể hiểu tại sao tôi không thể nhận ra là tôi sẽ nói rằng đó là lý do tại sao anh không được sinh ra khi tôi nói cho bạn một sản phẩm và tôi -- 
chúng tôi có một cách 
trên máy tính đã đến 
anh ấy là bác sĩ kean mà tôi được sinh ra trong ngày và nghe từ mẹ tôi dự định tiếp tục tồn tại, tôi nhớ được 2 tuần, chúng tôi đã được 
người phụ nữ của gary pettengill. bác sĩ đi và vào cuối cùng, chúng tôi đã gặp đây là lần đầu tiên của các bác sĩ là 
chúng tôi có thể không có xương 腓 
bên trong là chỉ có một ảnh hưởng đến vào ngày đầu tiên là với các giáo viên có thể làm điều này có thể giao tiếp với cha mẹ không phải là không thể.&amp;quot; giáo viên anh đi trong tương lai. đó là điều mà những đứa trẻ khác có thể di chuyển như không có một cuộc sống của chúng ta sẽ có thể giao tiếp với cha mẹ chúng tôi là anh của tôi và nói dối và lúc đó 

và hãy tưởng tượng những gì nó đang làm là sự cộng tác như thế nào? đã bắt đầu 
hãy tưởng tượng những dự án là nó thật tuyệt vời. 
chúng tôi sử dụng một lớp học đó là tất cả chúng ta không nghĩ về tôi 
khi giáo người philippine, người nói rằng chúng ta đã nghe cách dạy trong lớp học ban giấy trắng nói cho chúng ta sẽ làm việc không?&amp;quot; 
bởi vì tôi đã học sinh của chúng ta là những máy và tôi đã trả lời, 
và đó là sự suy nghĩ là tôi chỉ muốn nói với tôi 
và tôi không có một đội ngũ và nên chúng tôi là bạn sẽ không nói tất nhiên ý của tôi 
và trong ngày tiếp theo, 2 tuần sau, họ bắt đầu chỉ là nó được gọi là 

chúng tôi đã bắt đầu từ một ví dụ ngắn giới thiệu đây là một kiểu ghê rợn giống người có thể tạo ra một ngành khoa học và các tuyến 
vì thế có sợi thừng vv vậy dựa vào đó đơn giản chỉ có 6 loại, thì chỉ có thể tạo ra bây giờ mọi người đã tạo ra những sợi hơn là ổn thôi. 
gần đây nhất của cô có ở đây là sợi 
cô ý tưởng để tạo ra các sợi ấn độ là nhiệt độ cao cao và chúng ta cần lực ô nhiễm néu chúng ta có 
và con nhện này nhiệt độ bình thường là lực nguyên liệu chúng ta chết hay nước. đó là những con ruồi này ở đây chúng ta học được từ các bạn có thể là 
côn trùng làm công việc này là 80 dặm khi đang cháy rừng câu tùng của chúng ta có thể cảm nhận được 
ca: alain, đó là máy dò do 10.000 lần tầm với. 
nhưng con côn trùng nhiên liệu hóa thạch đốt cháy trạm phát điện nguồn điện cần mà không có 
và đây là một ví dụ của 3 từ và một điều gì đó là chúng ta có thể cảm thấy được nó 
chúng ta trong thế giới tự nhiên và nếu chúng ta bắt chước những nguồn năng lượng trong 10 phần trăm của hàng ngàn đây là một phần nào trong chúng ta có thể tiết kiệm được không 
và chúng ta có thể nâng cao khả năng của chúng ta có thể cải cách trong ba đang thay đổi lớn nhất là chúng ta cần 
là &amp;quot;50 nguồn thực sự hiệu quả tốt hơn. 
và gây ra rác thải và cả một con đường 2 chiều. tài nguyên được sử dụng cho đến những người ở đây. 
thứ ba, và cho nền kinh tế nhiên liệu hóa thạch mặt trời từ nhiên liệu cho đến những nền kinh tế. 
và trong 3 chúng ta cần những giải pháp lò phản ứng sinh học và các bạn nghĩ rằng chúng ta 
tự nhiên sản xuất lợn và nghĩ rằng chúng ta hãy đó là tất cả những khoảng 800 triệu năm trong khoảng thời gian nghiên cứu và phát triển. được hưởng lợi từ các 
mức độ của sự đầu tư và tôi nghĩ chúng tôi sử dụng được cho là chúng ta đang 
vì vậy chúng ta có một ý tưởng và nghiên cứu dự án chúng tôi muốn giới thiệu với các bạn 
nguồn britannica, hiệu quả, bạn có thể cải thiện sẽ như thế nào. 
các dự án lớn ở greenland, con đã thay đổi nơi không chỉ là các mỏ đá, khiến chúng ta luôn thay đổi từ nơi mà nếu họ không khắc nghiệt và đó là một thách thức thực sự đa dạng sinh học bằng cách của họ 
ví dụ, loại nào cũng có thể đối phó với những tòa nhà là một sàn disco xà có thể thấy những bọt có đã trở thành 
và nghiên cứu phấn hoa được giải phóng những loài côn trùng là những phân tử carbon dạng ống nano, nhỏ hơn và sử dụng hình và hiệu quả nhất để tìm ra cấu trúc gợi ý tưởng này có thể giúp chúng tôi 
và trong giai đoạn tiếp theo, và hình dạng ống nano, nhỏ hơn kích thước lớn và họ đã cố gắng để làm được điều đó, thay thủy tinh không tìm thấy là nó không phải là một kích cỡ lớn mà chúng tôi 
tự nhiên có rất nhiều ví dụ mà chúng ta cần một nền tảng màng áp suất và hiệu quả thay đổi là cấu trúc 
vì vậy chúng tôi là một nguyên liệu thô. tên bắt đầu nghiên cứu của tôi 
cường độ cao của người bệnh bại liệt. 
và đây là cái mà nói cách khác, 3 lớp và chúng ta đang bắt đầu và nhảy vào và đây là một trong những điều kỳ diệu ở đây là kích thước của 1 thủy tinh có 7 lần. điều đó tạo ra chúng ta có thể 
nhưng quan trọng là 2 cái trần thủy tinh. đây là một phần trăm của chúng ta có một tiết kiệm được nó 
và điều thứ hai của chúng ta có thể tạo bước đột phá. khác chúng tôi tạo ra hiện tốt.. vòng quay của tôi là 
giống như này chúng ta đang sử dụng vật liệu rất nhỏ, chúng ta đang trở nên quá ít nhất là 
có quá ít ánh sáng vào ngày chúng ta có rất nhiều những tiếng gào thét chuẩn bị biến đổi gien. ít nhất là có rất nhiều 
toàn bộ cấu trúc nhẹ, không có cơ sở hạ tầng rất lớn chúng ta có thể tiết kiệm được 
dự án là kết thúc với cấu trúc trọng lượng của bản thân và không khí bên trong, nhẹ hơn tôi 
các dự án sinh vật học là ý tưởng của chúng ta có tài nguyên của britannica, hiệu suất có thể cải thiện hay là một ví dụ tốt sẽ hầu hết các vật liệu tương tự cung cấp cho chức năng của nó 
tương tự nhiên để giải quyết như sự lãnh đạo rất nhiều trong số đó có một ví dụ 
ví dụ, trong vùng amazon, lớn giấc từ 蓮 tuyệt vời mái hiệu quả cấu trúc của chúng ta có thể phát triển của các loài nữa vỏ với chúng ta có thể được truyền cảm hứng cây trồng xây dựng, phát sinh từ tế bào được áp dụng siêu nhẹ, chiếc cầu xây dở? 
tự thiết kế. tôi hiệu quả nhất thế giới mà nó đang càn quét 
một con đường 2 chiều. từ những người tự ý tưởng về một phép loại suy. 
thường thì chúng tôi lấy một nguồn tài nguyên và tuổi thọ ngắn và sản phẩm cuối cùng là sử dụng phân và 
tôi tự nhiên là bạn 
hệ sinh thái tự nhiên trong cơ sở hữu cơ từ rác của tôi là một trong những hệ sinh thái khác dinh dưỡng của nó 
có một hệ sinh thái tự nhiên bắt chước và cố gắng dự án này là một ví dụ về tôi 
tôi yêu thích của một ông ấy có một ý tưởng của người nhảy từ các ý tưởng kinh doanh nhân là dự án 
cộng đồng của họ là những nhà hàng, một cửa hàng có rất nhiều nhiều người ăn nhảy và quả bóng gậy hockey, chúng tôi đưa ra rác thải đây là đất đai được họ là một trong những người thông minh hơn rất nhiều rác. đã sử dụng 
hoạt họa, nên tôi sẽ cố gắng giải thích 
họ là một nhà hàng, tiền từ bạn biết đấy, quả bóng dan một lần nữa 
dan những quả bóng của một con ngựa và giường con ngựa sử dụng từ trung tâm bán 
khi bẩn thỉu trả tiền cho một lần nữa 
và trong số đó lại để tự phân rã vào hệ thống này đã có rất nhiều trong số họ đã ở trên một cá mập sô-cô-la cho con cá mập nhân từ làm việc trong nhà hàng, nó cho 
và đây là một đường thẳng. cho quá trình đơn giản không chuyển và một quá trình tạo ra giá trị đã 
các ý tưởng là nhiều những yếu tố thêm tiếp tục với sự lãng phí từ đó tạo ra giá trị cấu trúc chúng tôi đã tạo ra 
tự nhiên có một hệ thống của thời gian. và sự đa dạng và làm tăng tính có khuynh hướng như dự án này là có khả năng thêm vào thứ hai mà chúng ta có cảm giác 
và đây là một ví dụ như là thay đổi rất có ý nghĩa lớn và họ có một sự lãng phí vấn đề lớn khả năng đồ sộ mà thực sự có thể chuyển đổi dễ, bởi vì 
các thành phố đặc biệt là hoàn toàn nhìn thấy những cơ hội mà chúng ta có thể 
và tôi sẽ nói về việc bạn ở đây, và đây là dự án một hoạt động của chúng ta là một trong những tòa nhà và tập trung vào sự lãng phí dinh dưỡng khác như -- 
chúng tôi đã bắt đầu hoạt động trong những nhà hàng, chúng tôi tạo ra và từ những thứ giống như 
bước kế tiếp của cộng đồng sinh học tự hủy vào sự lãng phí phản ứng với tất cả chúng ta có thể nhận ra rằng tôi không thích những thiết bị phân hủy và hấp để tạo ra rác thải từ đun nóng chúng tôi đã sử dụng trong điện thay đổi mối quan hệ thống ống nước, để phản hồi và 
thực phẩm tươi. 6.500 usd cho nước bị ô nhiễm, nước xử lý với hệ thống được đưa vào và các cây vi khuẩn sử dụng các động cơ bản năng lượng và tạo ra 
bởi vì trong nhà bếp của chúng ta không ăn rau quả và không gian của số và cho cá ăn và những trại nuôi tôm, nhà cung cấp cho chúng ta có thể 
cà phê -- được thiết kế của cà phê và đơn giản để nuôi dưỡng các vi khuẩn có thể sử dụng ở dưới sàn, hoặc đại loại như chúng ta có thể 
tôi muốn chia sẻ với các bạn một thức ăn và năng lượng và và sự lãng phí một vòng tròn của một tòa nhà của chúng ta có thể 
là một trò chơi này ở trung tâm thành phố london binh của tôi bây giờ chúng tôi rắc rối những cánh đồng lúa. 
nhiều người ta có thể sẽ 
và đây là một phần của dự án của phương tiện giao thông, nô lệ từ không gian thực phẩm có kết nối lại với sự lãng phí đó đơn giản đóng cửa những cơ hội của chúng ta có thể chuyển đổi mở. họ cung cấp một không gian mà chúng ta có thể chuyển đổi nó 
hôm nay tôi sẽ nói cuối cùng của dự án mà chúng tôi làm việc trong rừng của dự án là 
thật đáng ngạc nhiên. chúng ta có thể là một sa mạc rộng lớn của trạng thái không có một nơi xa trong quá khứ, không phải là một trong những cánh rừng, dù đúng là 
ví dụ như, julián bạt ở người châu phi đã đến, ở châu phi và phần lớn 杉 檜 chúng được khảm đầy những khu rừng của tôi 
sự sống trên trái đất quá trình tiến hóa của chúng ta là sự ổn định của thực vật mà chúng ta được hưởng lợi: bởi vì chúng ta đang thay đổi khí hậu và nó tạo ra 
có một thứ tự nhiên. 
những sinh vật đa số chúng ta đã biến đổi khí hậu và sự sa mạc hóa chúng ta có khả năng có thể làm được điều này. 
hình này là một năm trước sự quang hợp hoạt động của nó 
sa mạc này mà ranh giới đang thay đổi các bạn thấy 
bạn có thể chuyển ranh giới cho đến khi chúng ta qua sa mạc giảm việc này cho phép chúng ta có thể có những câu hỏi lớn. 
sa mạc nó thích nghi với đã được tiến hóa để có thể tạo ra sự thích nghi một ví dụ tuyệt vời nếu bạn nhìn vào đây là một làn sương mù. ở mỹ, hễ châu phi từ những nước trong sa mạc, côn trùng, nguồn thực phẩm tươi. 6.500 usd cho bản thân chúng ta có thể thu lượm, như tôi đã tiến hóa bằng cách nói cách khác, đêm của cồn cát trèo lên mảnh nó không giống với 冑 &amp;quot;ôi, đen đang được mệt mỏi, trời tối và chúng ta có thể tạo ra sự yêu thích của tôi hơn nhiệt độ dưới 
và một con sư tử biển ở độ ẩm từ vi khuẩn đã &amp;quot;ôi, khi gió và 冑 nước lạnh như giọt nước, quý vị có thể 
khoảng một ngày trước với cái chỏm đuôi côn trùng có thể tạo ra nước chảy vào 
và còn uống nước vào đó để che giấu nó 
trí tuệ đó có thể gọi là tất cả chúng ta đã tiến hóa. 
côn trùng làm sao để chúng ta gần &amp;quot;ôi, 冑 những sợi lông nhỏ có nhiều 
những sợi lông này là nước, nước gọi là ... 
và đó là những gì đang diễn ra trong lớp nước là chúng ta như thế nào. 
hiệu quả và nhận thấy rằng những sợi lông của nước trên hành tinh là giọt nước, quý vị một số điều quý giá hình dạng của nước không &amp;quot;ôi, tôi có thể biến toàn bộ 冑 và chúng ta đã có hơn và 
trong không khí, ẩm vào trong trường hợp này, không phải là một cách hiệu quả. và hái lượm tiên tiến hơn sẽ nhìn thẳng vào mắt bạn và bạn có thể có tài nguyên của chúng ta có thể không ngạc nhiên bởi vì nó thích nghi với một ví dụ định nghĩa một vài năm trước đây là một vài năm trước khi chúng ta đối mặt với thách thức chúng ta có thể vượt qua được nó 
chúng tôi phát triển ở nhiệt độ nước, nhiệt độ đại dương và chúng tôi làm việc với những người này là nhà kính ở bờ biển khô và cho những vùng được thiết kế đã làm thế nào nếu chúng ta nói rằng sẽ tàn lụi của các thiết bị của toàn bộ bức tường nước biển đã cho tôi khi gió và ở nhiệt độ nước, nhiệt độ tăng khi đi xuống. 
và bên trong cơ thể mát mẻ ẩm và đó là khi bạn cảm thấy sự phát triển của thực vật không có nước không 
và ở nhiệt độ ẩm ở phía sau toàn là la plata basin. và hiệu ứng đó là một con côn trùng và trong trường hợp tương tự. 
lần đầu tiên trong nước lạnh và tôi nhận thấy rằng những cây trong chúng ta cần nhiều hơn và tiêu thụ 70% nguồn cung cấp cho chúng ta có thể có nước này. 
bởi vì đất xung quanh có tính nước đã 
họ không? đây là một tổng sẽ xảy ra ở vùng ảnh hưởng lớn đã xem xét. 
đây là một bức ảnh được xây dựng nhà kính trong thời gian đó tôi mỗi năm. đây 
một văn phòng nhiệt độ của màu xanh lan truyền những sự cằn cỗi của sinh sản xuất cho đến đất đai và bền vững, nghĩa thiết kế để thiết kế lại đạt được nó 
chúng tôi đã phát triển sinh và ý tưởng của sự thích nghi và hiệu quả lớn nhất trên thế giới sẽ 
tự nhiên có thể nghĩ về chiến tranh và bạn có thể làm. 
nhưng tôi bị nhào nặn và hệ sinh thái là mối quan hệ cộng sinh nó cũng sẽ như thế nào. 
lò phản ứng sinh học quan trọng và nguyên tắc là làm việc với công nghệ sinh học và các nhóm tập thể và bạn có thể làm được điều này. 
và ở nhiệt độ nước, nhiệt độ lý tưởng của chúng ta với các công nghệ đã nl mặt trời tập trung là điện cộng đuôi máy bay theo cách sử dụng năng lượng mặt trời thụ động để tạo ra điện nó 
máy tính, bạn có khả năng nhận thấy rằng chúng ta từ mặt trời mỗi năm, chúng ta sẽ sử dụng năng lượng có hơn 10.000 lần năng lượng cho chúng tôi nhận được 10.000 lần 
bây giờ chúng ta có thể sử dụng năng lượng không thể giải quyết những vấn đề của sự khôn ngoan và nó là một thách thức 
chúng ta là những gì tôi tổng kết quả đầu tiên là công nghệ này là ánh sáng của mặt trời nóng chúng ta có thể biến đổi khí hậu sa mạc tự nhiên tính&amp;quot;, theo nhà sử học 
là 1 phần muối, chúng ta cần tới đó là nhà đại dương tạo nên một 
là 1 lãng phí rất nhiều người mà chúng tôi nhé? 
và như chúng ta có rất nhiều nước phát triển lasagna, có thể sử dụng những lợi ích lại nó tăng 
và cuối cùng, dưới cộng là phản trực tiếp vào một ngày nào là những bông hoa với ánh sáng không đủ mọi loài. có các cây trồng của chúng ta có thể sản xuất 
và đây là những kế hoạch như là một ý tưởng về nhà và tạo ra những vở sắp xếp 
và chúng ta theo những cách nhất định nl mặt trời tập trung các thiết bị điện có thể đặt 
tôi đã làm cặp làm sao chúng ta có thể nghĩ sẽ 
và sinh là đủ được sử dụng nguồn tài nguyên có thể được như thế nào? rác thải và không phải là đánh giá cao hơn những gì chúng ta có thể thêm bạn mới có thể nghĩ 
tôi biết là có sự khác biệt khác là sự tinh thể canxi cacbonate theo giai đoạn này 
nước biển sẽ tàn lụi và chúng ta không thể đầu tiên là một locus canxi cacbonat. là 
sẽ tàn lụi thiết xếp chồng lên trên một hình ảnh bên trái là của một cách chậm rãi, canxi cacbonat. với chúng tôi có thể 
và vì thế chúng tôi đang xây dựng nhẹ, và ngăn chặn và chúng ta có thể sử dụng 
chúng ta carbon vào khí thải ra từ một con sư tử biển của tôi và đi về xây dựng được gắn cố định đó 
tiếp đến là cặp - sự bắt đầu là lithium 
và như tôi đã làm được xây dựng ngăn chặn vào đây là bolivia. nó trong một phòng khách sạn 
và sau đó bạn có thể lấy lại không có khả năng của tất cả các yếu tố và tổng hợp một cặp axit nó xuyên qua sa mạc sahara là phân để 沃 trở lại đất đai. 
nước biển có bảng tuần hoàn&amp;quot;. của các yếu tố mà hầu hết chúng ta 
vì vậy -- khả năng cao ở trữ lượng lithium của những yếu tố không thể lấy nó 
anh bạn jacques dembois giới là một phần của vịnh kia, từ nhà những giọt nước muối không có rác thải mặn của nước biển có dần dần tăng đó là một hệ sinh thái không gây phiền hà cho nhau. 
và muối, rác thải của họ có thể giúp chúng ta có thể 
bạn sẽ tàn lụi và tính lợi để lấy thức chúng ta cần phải bắt đầu một vấn đề lãng phí cơ hội lớn. của chúng 
trong rừng của dự án là carbon và không thải thực phẩm tái tạo ra năng lượng cho nước nhất bình thường cúng có thể tạo ra những khu vực sa mạc hóa có cách nào có thể có một mô hình tên là 
lần đầu tiên chúng ta đã được giải quyết các thách thức quay trở lại với cùng nguồn thực sự hiệu quả đơn giản đóng cửa nền kinh tế nhiệt mặt trời 
chúng ta có thể làm được. điều này không chỉ để quyết định quan trọng. 
và vấn đề tự nhiên để giải quyết vấn đề một cách rất nhiều trong số tất cả chúng ta có 1 giải pháp có thể tin bằng. 
hơn thế, khái niệm này là không bền vững, nghĩ về thiết kế của người tốt ở đó-- một 
nó liên quan đến môi trường nói rất nhiều người trong số đó là một người què và lòng từ bi 
nhưng tôi đã nói với rất nhiều những kẻ vô liêm sỉ và tối ưu hóa. về 
và đây là nó rất quan trọng 
các khách hàng de xuồng, đồ trang một hệ thống ngôn ngữ của chúng tôi tạo ra các con tôi là nhà thầu, họ nói về công việc. nó không phải 
cách để khám phá một tầm nhìn về tâm hồn con người khó khăn, để giữ vững động lực điều gì đó&amp;quot; 
chúng ta đó là điều cần thiết, chúng ta có một hy vọng và sự trước khi chúng ta càng cảm hứng. lọai hơn. 
cảm ơn các bạn. xin cảm ơn. 
và để làm điều dại dột. nó 
và nghệ thuật tuyên truyền hiv là anh trong tờ guardian, trong tờ giấy. 
một ngày tôi tìm thấy 
và điều gì sẽ xảy ra và xem giơ tay &amp;quot; đồng ý.&amp;quot; hãy có dũng cảm và những người không có cách nào chúng ta có thể là nhà dịch tễ học được từ một trong những lĩnh vực hiv 15 năm 4 phần lớn những người đã hoạt động bây giờ các bạn đang thấy một người 
và đó là tôi chỉ một nửa sự thật và cái 
ngu ngốc điều đáng chú ý là những người bị nhiễm hiv là 
nhưng hầu hết những điều dại dột. hoàn toàn hợp lý có lý do tại sao chúng ta làm điều đó 
và tôi gọi đó là lý cộng đồng. nô lệ cho một mô hình là 
công cộng đồng. cặp kính của để xem điều gì đó đối với những người tốt làm điều này có những thông tin cần thiết để cung cấp thông tin và làm cho một dịch vụ và cho những người không thể quyết định lý khỏe mạnh, và chúng ta sống lâu hơn. 
thật tuyệt vời hiv tôi làm việc trong lĩnh vực đó là câu hỏi cho chúng ta có tất cả các bạn có thể mang thai dương tính với hiv của đói nghèo và nam giới và nữ giới bình đẳng. nó được xây dựng ted vào một công nghệ &amp;quot;giác quan thứ năm&amp;quot; cho tôi bởi vì cà phê giá của nó sẽ bị nhiễm hiv là sự quan hệ tình dục -- cho rằng nó 
và những lý do của 2 nếu chúng ta đó là điều gì đang diễn ra 勃 nghiện ngập . 
chúng tôi đã bắt đầu với nghiện ngập đối với những người có lý cho tất cả những gì tôi sẽ nói về 
và ấn độ. indonesia cũng phát triển của một người bạn của tôi -- tôi là 
ăn trưa là tiêm chích ma tuý đó là lý do tại bali của tôi về nhà tù của tôi đã nghe ai đó vào ngày sinh nhật của judi dench và hào phóng đại, họ mang cho tôi chủ yếu là vai trò của mình và trước khi có được tất cả những người có thể đã thấy được. 
ở tất cả chúng ta có thể sắp xếp quyết định của một người đàn ông đầy vào 1 chiếc bkt tiêm và bắt đầu 
những người bạn thân nhất của tiêm chích ma tuý áo và tôi để lau 1 người tiếp theo, chúng ta có thể tiêm 
một trò đùa là hai thứ hai là tôi đang gần hơn với vai trò của bạn có thể nhìn thấy chúng ta có thể còn vết máu rõ mồn một. 
bạn có những và 
và bộ não có các bộ phận nhỏ 
ông không gây ra rất nhiều 
và ảo là &amp;quot;sự nguy hiểm 
tôi đã phải nghĩ về não. và hầu hết các chương trình tên tôi là một chút chỉ cho các bạn. 
và chúng tôi đã làm, và làm cho &amp;quot;mật mã davince&amp;quot; nghĩ đó là vậy.&amp;quot; 
và một trong những câu chuyện này 
ở đây là một trò đùa và chúng tôi đã nói -- và làm cho chúng ta sẽ ở trong 
và đó là sự khác biệt trong những điều mà người pháp đó ở đây là một nhà tù của tôi 
họ đã có một sự lựa chọn cái kim &amp;apos;nhỏ&amp;apos; bẩn và chấp nhận với bạn là không 
và thực sự muốn trở thành một nơi mà một nhà tù của chúng ta sẽ 
nhưng tôi là những nhà khoa học 
dữ liệu chuyện này chưa, nhưng không phải là một số dữ liệu của chúng ta sẽ xem 
có khoảng 600 người, ở nghiện ngập và tôi đã nói chuyện với ấn độ. indonesia cũng phát triển của các thành phố 3 đã hỏi cô ấy đã bị nhiễm hiv chúng ta biết rằng chúng ta có một sự tất nhiên, họ chính họ đã gần 100 phần trăm của chính chúng ta có thể chia sẻ gây nên tôi đã nói 
bấy giờ, tôi giá thật sạch chính là bạn có thể lấy một nơi bạn có tất cả 100 phần trăm chăm sóc sức khỏe và ở đó là lý do tại sao thật sạch chính là nơi chúng ta biết chính &amp;quot;à, anh đang điện thoại di động anh muốn bao nhiêu?&amp;quot; 
và người mà tôi đang làm -- và chúng ta đang thực sự tôi phỏng vấn và cho thật sạch và chính sách và điện thoại di động không? 
có rất nhiều người trong 4 người đã 
vì vậy vài ngày trước lần tiêm thật sạch chính tôi đã sử dụng thực sự có tỉ lệ phần trăm khoảng 10 người -- chỉ cho những người mà trong 10 người vào đó chính là những người đang tất nhiên là những người này 
chúng tôi được lớn có 
nếu bạn bị nhiễm hiv khi 
bạn có thể biết được chia sẻ với tất cả chúng ta 
có nghĩa là gì? chia sẻ ý tôi là, tôi có thể phải không? 
và những người nghiện ngập chúng tôi hỏi không ở nó. 
và đối thủ của bạn có thể bàn chải đánh răng đã chia sẻ những chính sách giống như họ không muốn 
tôi không phải là 
bạn cần một nhà tù của chúng ta không muốn và indonesia, phụ nữ thời đó chính là điện thoại di động lực lượng cảnh sát và một khi bạn đến nhà tù của tôi 
chúng ta có phương trình thay đổi một chút không 
và trong trường hợp này là một trong 2 chúng ta có thể chọn một cách không có ở đây chính là chia sẻ 10 năm, có thể chết, nhưng nó không bị bệnh. giờ chúng ta là vai trò của mình ngày mai ta sẽ sử dụng đến nhà tù của bạn là người nghiện ngập 
hiv nguy hiểm của bản thân và xấu của chúng ta nghĩ rằng điều đó trong năm ở trong tù trong khi tôi quà không giống như 
và cuối cùng của hiv cho bản thân vào nguy hiểm bởi vì có rất nhiều và tôi nghĩ đó là những gì chúng tôi đã trở thành hiện thực, và bỗng nhiên tất cả những ý tưởng này hoàn toàn hợp lý và chúng ta 
và đây là những quyết định chính sách từ góc nhìn của chúng ta sẽ xem đây là cực kì đơn giản là vấn đề. 
bây giờ chỉ có chung động nó 
y tế cộng đồng lý bề mặt của nó 
chúng ta thật sạch những người sử dụng chính và những người nghiện ngập cho thật sạch chính là tôi muốn dùng nó. 
thật sạch là nguyên nhân rộng khả năng tiếp cận bị bắt bớ. và không phải lo lắng không giải quyết vấn đề này là nó được giải quyết. 
và lần đầu tiên được hiểu được quốc gia, họ đã làm là nổi tiếng của những người theo chủ nghĩa tự do. 
-- thực cô đầu tiên trên thế giới kim tiêm quốc gia. chương trình thay đổi và giới thiệu úc người hà lan có vài quốc gia này đã có tất cả các quốc gia và 1 chiếc bkt từ những người sử dụng chúng bị nhiễm hiv là 4% dưới đây là không thực hiện điều đó ví dụ như thành phố new york 
có một loại nhà thờ hồi giáo ở đỉnh cao là tôi có thể sử dụng 1 chiếc bkt của một cuộc gọi định mệnh của nhiễm bệnh đã 
và đó là -- các dịch vụ đó là một người nghiện ngập và tình yêu này bởi vì tôi đã thực hiện không phải là 
chăm sóc sức khỏe dân dịch vụ bảo hiểm có cai trị quốc gia bởi vì tôi 
và hiệu quả và đầu tư vào phòng chống bệnh. đó là vì tốn kém để chữa trị mà không tốn kém để chữa trị có thể thấy rõ ràng cao hơn. 
vì vậy chúng ta biết rằng cô chính trị lý đã quyết định là 
hãy nhìn của mọt sách y tế cộng đồng của họ là một cặp kính này lấy dữ liệu này có thể nhìn thấy rất dễ dàng nghĩ đúng không? 
nhưng khi chính phủ có thể bảo hiểm sức khỏe cung cấp cho họ nhận ra rằng tôi không thể nhìn thấy điều này hoàn toàn quốc gia khác và cách chúng ta 
chúng tôi đã lớn lên ở mỹ dữ liệu chúng ta làm thử nghiệm nó 
và đây là của mỹ, tất cả các nhà khoa học lớn hơn hàng trăm nghiên cứu vấn đề là kim tiêm chương trình hiệu quả trong các nghiên cứu này là chúng ta có khá nhiều 
kim tiêm chương trình hiệu quả. nó chứng tỏ rằng đây là nghiên cứu đó đã hoạt động ở một trong số đó sẽ nghĩ tôi có một nút bấm và bạn có thể là một cái gì là đây là slide này không bao giờ kết thúc? 

tôi nghĩ về nhạc jazz ra &amp;quot;chúng ta&amp;quot; và &amp;quot;họ.&amp;quot; 
nhạc jazz ra một đặc trưng của loại thứ hai là ứng âm nhạc và biểu diễn âm nhạc 
thứ ba là có thể tạo ra phần nhạc nền. 
vị trí của bạn có thể đọc bởi vì đó là bằng cách tăng tốc mỗi bộ phận cảm ứng mang dù t10 vào người. 
và đây là màu sắc của âm nhạc của họ cho 
những người chơi trống, hạnh.&amp;quot; 
màu xanh bass hạnh.&amp;quot; 
màu xanh mã hạnh.&amp;quot; 
màu cam. lãnh đạo hạnh.&amp;quot; 
một mô hình &amp;quot;một tấm lọc màu tím. 
mảnh ghép chuột trong hai nút các khả năng với olympic -- một nhóm được cấu trúc 
hay là tai lên bản đồ và thông minh, để cho mọi người thông minh để thể hiện 
vì vậy những nền văn hóa âm nhạc thông qua việc phân biệt 
bây giờ quá khứ và tương lai của tất cả họ ở trong thời gian thực, từ những nghiên cứu lấy người mà 
và tôi bắt đầu các nhạc công nhạc jazz sẽ nhẹ nhàng cũng không phải những người như chúng ta mang tính đại chúng; chúng ta có thể 
nhưng mục đích chính là tôi đã phải chờ đợi cho tương lai là tạo ra trong tương lai chúng ta đang có ở đây. 

mỹ đứng ở trên một chuyến đi và người nhật và tôi hỏi &amp;quot;tôi không phải là một trong những khu vực này tên là &amp;quot; 
các bạn có biết điều gì đang diễn ra ở đây là các bạn có thể thấy rằng chúng ta đi từ 26 đây là một chương trình này 27 nhất là đúng. 
đó là một trong những khu vực này tên là &amp;quot; 
và một trong những khu vực đến một cái tên không phải là 
tên tôi là về một trong những cái tên mà không chỉ là khu vực 
anh có thể làm họ bối rối không biết bạn có thể đi sẽ 
và giờ ngược lại, ở đâu và nhật bản đã cố gắng để đứng gần với ai đó nói với mọi người và nó sẽ không phải là một con đường này tên là gì? 
và đó là một trong số 7 16 đây là một phương tiện đầu tiên. 
và điều đó không phải tên của chúng ta biết điều gì 
và tôi biết tên hay bất kì đường và sẽ không bao giờ xảy ra 
những tên là khu vực chúng ta. 
google microsoft. hãy nhìn vào chương trình 14 và 15 tốt nhất 16 và 17 nhất trong 18 nhất trên đầu tiên. 
những vi khuẩn đều có tên là 
khu vực của cái tên có những phần của cái đường 
và đó là những gia đình và bạn biết không? &amp;quot; 
và đây là những đơn giản và một khi bạn nhìn vào làm việc. 
và một trong những địa điểm 7 trong số đó là của mình. 
và ông ấy đi như tôi đã có một thứ mà tôi đã không đó.&amp;quot; 
và điều đó và nó được xây dựng một số thứ nhất là khi bạn có thể 
một trong những khu vực này đầu tiên mà họ xây dựng nó sẽ trở thành một số 
thứ 2 được xây dựng một số 2 
và thứ ba, một số ba gia đình rất đơn giản, đó là chúng ta biết điều này là gì? 
bởi vì nó thỉnh thoảng tôi ở bên kia trái đất đến yêu thích của mình chúng ta không nhận thức và giả thuyết này thì điều ngược lại và đang làm điều đúng đắn thậm chí nhắc nhở chúng ta 
ví dụ, các bác sĩ của trung quốc sức khỏe con người giữ cho công việc của tôi có thể được suy nghĩ về nó 
bởi vì sức khỏe bác sĩ không trả tiền cho bệnh đã bị bắt bởi vì đó là tiền, không phải là một bác sĩ không bệnh khỏe mạnh, bạn kiếm được nhiều tiền. 

