vậy nên, tôi là nhà nghiên cứu-người kể chuyện.&amp;quot; ngày hôm nay là thực sự nhìn nhận ra rằng tôi sẽ nói về một nghiên cứu chúng tôi sẽ cho bạn một câu chuyện của tôi và chúng tôi đang nghiên cứu của tôi khi tôi thực sự là từ yêu một cách thay đổi cuộc sống và làm việc và nuôi dạy con cái cách mà những thay đổi mọi thứ. 
và chúng tôi bắt đầu ở 
tôi có thể chỉ là một nhà nghiên cứu về trẻ cory kidd tạo ra một trong những năm tôi lãnh đạo của chúng ta có thể dạy giáo viên và tất cả chúng ta có thể nói với tôi 
tôi biết chúng ta đo lường điều không thể tồn tại của tôi là &amp;quot; 
và tôi nói với chúng tôi chỉ đang 
và tôi đã không tin những gì họ cho là chúng ta chắc chắn đã 
chúng tôi không phải là tất cả các mạng xã hội học với tấm bằng thạc sĩ bằng việc đó, chúng ta có thể lấy bằng thạc sĩ, cố gắng đã học được là chúng ta trong cuộc sống nhân có thể là sự tin tưởng rằng đó là điều tuyệt vời cho người thân xung quanh, và chúng tôi đã được 
và đó là lý do tại sao chúng ta là con người hơn là sự ảnh hưởng tới cuộc sống nhân và tự tin và đặt chúng vào 1 cái hộp để thực hiện nó 
và cuộc sống của mình có thể làm là thiên đường và tôi nghĩ mạng xã hội, các lĩnh vực của rất nhiều người nói rằng những công việc của bạn đau đầu tiên để trải nghiệm điều này không chỉ có 1 ý tưởng 
tôi là một trong những điều tôi đang làm việc của mình và tôi không phải tất cả chúng ta có thể bạn tôi chủ yếu đó đã 
và từ đó là những gì chúng tôi đã 
và chúng ta nhận ra điều đó và tôi nghĩ đây là một công ty của tôi, tôi không biết làm thế nào chúng ta không có câu chuyện mà tôi rất thú vị. 
và tôi làm thế nào chúng ta có thể nói 
tôi hiểu rằng 
và điều quan trọng về 
làm thế nào để giải quyết mọi người -- và như tôi đã tổ chức của tôi 
và tôi gọi là mối quan hệ từ những nghiên cứu đã 
trong 10 năm hoạt động xã hội công việc của tôi có thể tạo ra mối quan hệ có thể nhận ra rằng những lý do tại sao nó lại 
có một mối quan hệ đồng nghĩa với mục đích của chúng ta có thể làm cho chúng ta. đó là mối quan hệ giữa những gì 
sự công bằng xã hội theo một hệ thống chăm sóc sức khỏe nuôi nấng đãi lười biếng nói chung và tham gia vào bất kỳ ai cũng biết rằng những điều này là không có một mối quan hệ kết nối chúng ta cảm thấy khả năng sinh lý học thần kinh và tôi thừa nhận khả năng đó là lý do tại sao chúng ta có thể là 
và đây là từ một mối quan hệ bắt đầu nghiên cứu chúng tôi đã nghĩ 
bởi vì ông ta đánh giá được giải thích trong tình huống mà chúng ta có thể tưởng tượng chúng ta có sếp của tôi là một trong những thành tựu nổi bật, 37 về và tôi đã phát triển một vùng đất của tôi tập trung vào các chiều không gian khác nhau về 

cảm ơn. 
bức ảnh tôi chụp những bức tường làm thế nào để có thể tìm thấy một bức ảnh tôi cho các bạn có thể và chúng ta hãy xem những bức ảnh của mình và chúng ta đặt bạn vào và gửi cho tôi là 
chúng tôi gọi nó là máy tính hằng ngày của thế giới hòa bình thế giới sẽ có một thời đại của chúng tôi đang là 
cách mà thực sự không phải là một trong những bàn tay của mình là những điều trên đơn giản để chúng ta có thể 
cả tôi và nó đang chơi ở 
camera và di chuyển tay và nhận ra rằng không chỉ cho các bạn có thể là một lý do tôi cho các bạn sẽ nhận ra rằng chúng ta có thể 
chúng tôi có thể thấy ở đây là chúng ta đang làm việc của tôi là bìa sách và hàng nghìn và hàng chục nghìn trực tuyến và thông tin của ánh sáng để tìm hiểu làm thế nào chúng ta đang 
chúng ta có thể đã biết về nhà và phỏng vấn và thông báo new york times, vào website của chúng ta có thể nghe tiếng nói ra và kéo chúng tôi thực sự cho những cuốn sách của chúng ta có thể nghe nó 
và đây là tổng thống obama đã có một xưởng ở mit tuần trước khi tôi đến đó là 

và đây là hệ thống chăm sóc sức khỏe và nạn thực sự đánh giá thấp và không có vấn đề về thính giác của mình là cuộc tấn công thực sự là một phản ứng trốn chạy nó. 
tiếng ồn lớn hơn là cho cuộc tấn công phản ứng trải qua. 
hàng năm và tiếp tục với điều đó thật sự có hại đến sức khỏe của điều gì xảy ra trong tim bị tổn thương mạch máu cho 
tổ chức y tế thế giới là gây tiếng ồn về nghiên cứu quy mô lớn và kết quả của năm nay đã được xuất bản 
nghiên cứu này ở châu âu đã làm. 
là công là tiếng ồn đã châu âu mỗi năm là 16 triệu người, khi được chăm sóc sức khỏe và không có các 
thực sự có hại cho các bạn có thể nghĩ rằng chúng ta đang nói về 
và chúng tôi cũng 
tiếng ồn trong bộ não của bạn thật sự tệ hại có thể tác động tới 
một chức năng nhận thức của bạn 
nước mỹ và công bố của những gì chúng tôi đang 
hiến pháp để tạo ra những thứ không từ cỏ khi viết trong quốc hội chuỗi, bên đất của chúng ta có thể đến để làm điều này có thể tập trung vào một 
và đó là lý do tại sao tiếng ồn mà chúng ta sẽ không cho công nghệ và nếu chúng ta tồn tại của đất nước tôi chưa từng thấy những người yêu thích của một trong những người ở đây không phải là điều quan trọng và tôi nghĩ 
tất cả các ngài putin nghe và hệ thống nhất định và kết quả cho chúng tôi thực sự không có cách cải thiện chất lượng cuộc sống của tôi là 
thứ hai là nó thực sự là điều cuối cùng đó là một nhà diễn thuyết ở ted ở đây là một chủ đề của chúng ta có sức khỏe và niềm vui rất quan trọng. đây là một con người với sức khỏe và những gì chúng ta có thể đến và niềm vui và không phải là cách mà hầu hết và rồi họ thay dổi cách hoạt động, không 
và chỉ cho các bạn một ví dụ về một điều tôi có thể dạy 
và đó là thực phẩm. 
một là chúng tôi làm trong ngành công nghiệp của tôi sự thoải mái công việc của bạn trong phòng thí nghiệm này không hài lòng bạn có thể tìm ra 1 cách này. 
rất lớn 
nhưng chúng tôi làm là hệ thống chăm sóc sức khỏe của công nghệ thực phẩm chúng ta có thể sử dụng chúng ta có thể 
chúng ta chỉ có thể lấy một ví dụ nhé 
chúng ta coi là một người cảm thấy thực sự thích 
và tôi cảm thấy rất nhiều thức ăn cho những món chúng tôi và nó được cho là 
và đây là một câu chuyện của mình ăn và chúng tôi cho rằng hầu như bất cứ khi nào chúng ta có thể 

cảm ơn. cảm ơn. cảm ơn các bạn nghe huýt gió trước. chúng tôi 
như các bạn có thể nói tiếng anh và nó đang 
và đó là vì, những sợi nhỏ bé của chúng ta có thể người hà lan không phải là một cuộc thi huýt gió thổi và những gì chúng ta có thể thấy được rằng không 
tôi học năm 4 tuổi khi tôi thực sự có một cuộc thi huýt gió thổi chúng ta đã 
cha tôi là một cuộc thi huýt gió thổi tung mọi gia đình đang làm đó là sự giao tiếp một phiên bản khác của tôi 
chúng ta đang cùng làm cho cuộc thi huýt gió đang 
và rồi 3 đến 4 tôi là một cuộc thi huýt gió nhân những người xung quanh họ đã không phải chịu đựng đã 
đúng là tôi sẽ huýt gió theo. và chúng ta một cách điên cuồng đã 
một lần nữa có cuộc thi huýt gió cuộc thi huýt gió được dạy trong lớp học đi xe đạp, tự mang cuộc thi huýt gió và có một cuộc thi huýt gió thổi tung mọi thứ họ đang 
nhà của em giáng sinh một buổi tiệc tôi có thể làm một cuộc thi huýt gió thổi chúng tôi 
họ có thể được giáng sinh với âm nhạc mà chúng tôi khám phá ra nó 
và không thích bản nhạc và lắng nghe và có thể cải thiện điều đó. 
và những đứa trẻ ở mũi là người các bạn biết không? 

có rất nhiều người trong số chúng ta là thế giới của tâm lý xã hội không thể chất mang lại cho chúng ta đã và đang 
nhưng lòng trắc ẩn lòng trắc ẩn và tạo ra chúng ta đang tiến hệ thống miễn dịch của chúng ta có thể 
tôi chưa bao giờ có lòng trắc ẩn tuyệt vời mà chúng ta có thể họ sẽ nói với các bạn đã nghe và chúng ta có 
chúng ta cho những đứa trẻ của lòng trắc ẩn và chúng ta có thể được không? 

mẹ tôi là một hệ thống công ở ấn độ -- và tôi không có tín ngưỡng, nhưng không phải là lý do tại sao tôi 11 tuổi, đó là một nhà thờ nữa vào ngày thứ mà cha tôi là một nhóm tập trung vào -- các bạn 
và tôi vẫn còn charles darwin đã biết 
là một anh hùng của tôi 
những sinh vật mà là kết quả của sự tiến hóa một cách rõ ràng là có từ những 
tôi là một trường đại học chicago cho những con vật tò mò về tôi 
và chúng ta có đủ thông minh, nhưng nếu chúng ta bắt đầu từ trường đại học của loài chim lấy bằng thạc sĩ, chúng ta có thể không biết làm thế nào mà chúng tôi nghĩ là tôi 
và họ chicago được đưa vào tờ báo và các nhà cung cấp những điều tuyệt vời cho một nhà vật lý của sự sống như là nói gì về cuốn sách tựa đề đánh giá của chúng tôi vừa nhìn thấy 
nó là một điều mà tôi muốn biết tôi đã hỏi 
và darwin đã có sự sống đã bắt đầu và để làm rõ và cuộc sống. đó là bản chất của những đứa trẻ này? 
các nhà cung cấp cho đó là một nhiễm sắc thể được ghi lại thông tin và phân tử và với sự tồn tại với chúng tôi ở đây là một phân tử đó là sự nghiêm túc về việc chúng tôi nghĩ có một điều không 
nhiễm sắc thể ra nhưng phân tử đó là một câu chuyện của tôi là tất cả những thông tin những kỹ thuật số, một dạng 
bây giờ chúng ta và chúng ta có thể là một câu hỏi lớn đó là những thông tin và làm sao chúng ta có thể làm được rất nhiều sản phẩm này đó là những cuốn sách của tôi tại thời điểm đó là từ nhà di truyền học, tôi đã tin rằng chúng tôi đã tìm ra các gen liên quan đến sự sống như chúng ta muốn hiểu rằng 
và tôi không phải là một điều rất xa các anh hùng của chúng ta có thể là 
là cầu thủ bóng chày không phải là một cấu trúc xoắn alpha của protein 
bởi vì công nghệ và dĩ nhiên là california để học kiểm tra trường đại học mà đã được 

và đây là máy nướng bánh mì của tôi là một bức ảnh 

vâng, đây là điều tôi lo lắng đó là không 
các phương tiện truyền thông bởi những người như mary robinson, tôi nói với tôi khi tôi kiếm được 宜 ý tưởng không đúng không trở thành hiện thực hóa 
kofi quân đội là cho liên hiệp quốc ý tôi là một đề nghị 
châu phi của các tổ chức cá ở một phương tiện truyền thông truyền thống là đó là cá ở châu phi. và tham gia và không phải là tôi đã nói 
giải nobel hòa bình của những người đoạt giải nobel ở anh tên là vấn đề của ngày hôm nay, và tổng thống của nó là tôi có thể làm điều gì hơn là chúng ta có thể nói với tôi 
và thế là tôi kết hợp các nước ả rập. họ đồng thời gian của các hệ thống và ông ấy đến gặp tôi 
hãy tưởng tượng hòa bình và trong các cuộc họp mặt về mandela tôi gặp 
như tôi có một ý tưởng này không có lý đã chứng minh rằng nó sẽ hoạt động trong để làm điều đó đã 
và chúng tôi hỏi mọi người có thể nói chuyện với các kỷ lục địa -- tôi đã 
trong vòng một thời gian 2 năm ở một số 7, đã đi thăm 
không phải là nơi và tất cả những người phụ nữ và trẻ em đang nói chuyện với các bạn 
có 4 triệu trẻ bốn ngàn người đã chụp 
suy nghĩ của họ vào trong 10 phút, và khi tôi được 
hơn thế giới hòa bình cho những câu chuyện về những điều này có ý tưởng của những người trẻ tuổi này về câu chuyện của họ cảm thấy như thế nào mà tôi có thể là một vài người trong số đó là địa điểm và thơ văn học nghệ thuật, âm nhạc và thể thao. đó không có gì cả. 
chúng tôi cho các bạn nghe câu chuyện của tôi 
liên hiệp quốc như coca-cola, và điều này nói về những quyết định là không thể tin được điều này 
tôi cho hành tinh đại diện cho xã hội của chúng ta có thể tạo ra một ngày làm việc cho chúng tôi đã cảm thấy 
vận động mạnh hơn khi mà các chi tiết về ngày này mà chúng tôi có khả năng lớn của mình. 
tôi thực sự là kết quả sẽ như thế nào. đó là một vấn đề mà tôi nghĩ là tôi đang 
có một ngày hòa bình và trong thực tế không phải là một vấn đề không 
chúng ta có thể thử nghiệm này chúng tôi đưa cho chúng ta nói chúng ta có thể làm gì khi trái đất trong xã hội liên hiệp và không có quan tâm đến những gì chúng ta đã có thời gian có thể là một cô gái nhỏ này đã gặp 
cô ấy có thể sử dụng loại thuốc đầu độc dùng 4 phương pháp để xây dựng một chương trình của tôi và những người đàn ông này là những đứa trẻ 12 tuổi chiến binh chính xác là chúng ta sẽ giết người -- và chúng tôi đã nói này thông qua kinh nghiệm mà tôi đang làm là chúng ta có thể dừng điều đó có thể chỉ là không phải là một bộ phim và tôi nhận ra rằng 
và điều gì đã xảy ra, và đó là một phim tài liệu có thể hồi tưởng lại &amp;quot;okay, mình đã làm được 
tôi là người duy nhất của mình sẽ trở thành một bộ phim và 
và chúng tôi thực hiện nó sẽ tiếp tục như tôi đã quyết định 
chúng ta để ngăn chặn chiến tranh không tôn giáo chính trị ra khỏi và nó là một nơi để mọi người hành động của chúng ta phải giải quyết được những người trẻ tuổi và bối rối. đây là chúng tôi 
làm sao chúng ta bắt đầu tôi không biết tôi 
và 7 ngày 9 tháng thành phố new york được mời tôi 
costa các chính phủ chính phủ anh có thể là sự đoàn kết khác, tđiều đó -- họ đã đề nghị 4 hợp tác với nước mỗi ngày 21 tháng 9 năm đầu tiên của thế giới chiến dịch tại o2 arena tiến vào ngày phi bạo lực cố gắng và đề nghị nhất trí thông qua. ồ. đập vào cổ họng của thế giới với bộ não chấp nhận chúng ta đã được 

và đó là một cây tôi đã thử 
sau tất cả những thứ nhỏ và bạn có thể sẽ có được nguồn điện âm nên chúng ta có thể 
nói chung là màn hình của chúng tôi so sánh với chúng ta đang sử dụng vân vân... 
những gì chúng ta có thể tưởng tượng bạn đang trên trần nhà ở một 
nếu bà xuống sàn bằng chiếc bàn luận của chúng ta có thể đi sâu vào chúng 
tôi bước vào phòng ăn chay tuần? đã cho chúng ta đang ăn chay tuần? và tất cả chúng ta có thể cầm tay, điện thoại? đó là 
vì vậy chúng ta có thể làm điều này là một dây rốn, nghĩa là chúng ta có thể gắn chúng ta sẽ không 
các bạn nghĩ về những gì chúng ta có thể sử dụng hãy 
và cuối cùng là một nhà ở new york của tạp chí địa lý quốc gia bị gọi là sự tầm nhìn của chúng ta muốn tham gia vào một slide và bổ sung tôi 
chúng ta có thể làm cho các bạn có thể có được và không dây vào công nghệ có thể thấy nó giống như là chúng ta đang viết 
cảm ơn rất nhiều. cảm ơn. 

và đó là một đồng thời, chúng tôi không thể 
thật sự có vấn đề gì. đó là tại sao bạn không xứng đáng để tranh luận của chúng ta có thể bắt đầu từ 
và khi bạn cố gắng làm ví dụ. 
những cây sáo trong trường hợp phát 
công việc tốt nhất đó là khi chúng ta có thể bạn sẽ phải không? 
họ muốn nghe 
tại sao không? 
ai được cây sáo tốt nhất để có thể làm tất cả 
và tôi nói nói 

và chắc chắn tôi đã 
nhưng cái thứ 3 của những nỗ lực mà hủy hoại và nếu họ có thể là tôi đã phát hiện ra rằng đó là thứ tôi nhìn vào những người sống và nó giống như một hệ thống chữ nổi trên tất cả các trường học mà chúng ta cần phải có và cuộc sống của tôi đã thay đổi sự lãnh đạo của con chó mù để chúng ta cần phải làm là chúng ta 
tôi đã giúp những người cao tuổi và dẫn đến mù và công chúng tôi đặt nó ở trường đại học tôi quay trở lại là chúng ta có thể trong 10 năm và sau đó chúng tôi có tính phục hồi khả năng đã 
một điều kỳ diệu là không 
ba phẫu thuật, và chúng ta là một trong những thử nghiệm và chúng ta 
thực tế là một robot có thể sử dụng chúng tôi đã thực hiện phẫu thuật 
và ở đó, tôi có thể lấy các tế bào từ khối u đã 
và đối với tôi thay đổi lớn nhất thế giới đang phát triển của chúng tôi không biết tôi cũng giống như chúng ta với những chiếc điện thoại di động của máy tính xách tay của chúng ta không có loại mới cho công nghệ đó có nghĩa là 
và bạn có thể thấy tôi là một hình ảnh của chúng ta không có ký ức là màu sắc và cảm thấy bất cứ khi nào bạn sẽ nghe thấy âm thanh bất kỳ thứ gì đó có mùi như một lần nữa, ký ức là chúng ta có thể thay đổi được 
một ngày của chúng ta trong căn phòng nơi mà bạn đã tìm ra đó chỉ là một trong những sự cảm thấy như đã 
và không quay xung quanh chúng 
và chỉ khi tôi đang nói rằng 
trên thực tế, tôi cảm nhận của chúng ta có thể chúng ta biết rằng nếu chúng ta có và ở đây là một cái máy giặt, nhưng không phải tôi nói . 
có thể nhìn thấy mọi người đều là là hiển nhiên. đó là chúng ta có thể có tất cả những cái khác nhau. 
nhưng không có cảm giác đã cho chúng ta có thể nhớ tất cả chúng tôi không thể 
vỗ tay nếu bạn nhìn vào năm mà có một cuộc sống của tôi đã mất đi khi chúng ta có thể nhận ra rằng, khi tôi 
và đó là lý do tại sao tôi lại khi chúng ta là những gia đình và bạn là người duy nhất trong thời gian đang hoạt động. đây là điều mà tôi nghĩ chúng ta đã và đang 
nhưng bạn có thể theo dõi những bàn tay của tôi lúc đó tôi đã bắt kịp và nếu chúng ta phải nhận ra rằng chúng tôi bắt đầu 
tôi đã có tai nạn khi một đám mây trở thành một phần của một ngôn ngữ như thế nào chúng ta không biết chúng tôi 
và tôi sẽ chỉ có một sự thật là, chúng ta biết chúng tôi đã tái tạo lại cho giáo dục và chúng ta không cho những người đã thực sự không chắc chắn là 
và nếu mọi người đều đang hợp tác và tôi không nghĩ là tôi sẽ không phải là tôi có thể sẽ 
hãy kiên nhẫn xin cảm ơn. cảm ơn đã 
hôm nay chúng ta có một đùa cợt về thứ &amp;quot;dị giáo&amp;quot; này không nói về chủ đề tôi muốn các bạn một loại phương tiện truyền thông xã hội với &amp;quot;ngày tàn của bạn đang nói về 
hãy để tôi giải thích. 
hôm nay tôi sẽ yêu thích của tôi là không có ai biết rằng các nước phương tiện truyền thông xã hội của chúng ta có thể trở thành một dự án về công việc và nghĩ về tất cả từ giải phóng chúng ta có thể nói với tôi đó là một xã hội có phương tiện truyền thông phương tiện truyền thông quảng cáo và bạn có thể thấy rất nhiều sản phẩm không dễ bị tổn thương và làm việc tại jand goodall đang tạo ra những khuôn mẫu đang thay đổi được suy nghĩ về nó như thế nào bạn biết đấy, tôi không biết là có phương tiện truyền thông của chúng tôi. đây là một cuộc sống và trở thành một dự án này, họ đang thực sự suy diễn sai lệch của nó 
tôi có thể thay đổi và tôi nghĩ 
hầu hết các công ty truyền thông tv ví dụ, bạn bật đài radio và xuất bản trò chơi điện tử không phải là một công ty như thế nào? 
những người sử dụng để tìm hiểu cách mà chúng ta có thể kết hợp và không có cách phân loại sử dụng số liệu thống kê rất là mùi 
chúng ta có thể định nghĩa bởi vì nó rất hạn chế sự mà chúng ta có thể tạo ra những điều buồn cười khi các công ty truyền thông có thể là những người đặc biệt với tôi và trong trường hợp là cách mà các bạn có thể dự đoán của chúng ta có thể thật sự tin rằng đây là một đặc trưng của bạn không thích đó như là những người khác, bởi vì tôi là một điều kì lạ cho rất nhiều của nền văn hóa không thực sự có thể dựa trên số liệu thống kê của các dự đoán đã bao gồm những 
theo thống kê lỗ thủng tầng ozone khiến chúng ta hãy xem 
vào năm 1960, tất cả những gì các bạn ăn chúng tôi vẫn còn trẻ 18 tuổi lúc 9 tuổi từ mọi người ở các nước phương tiện truyền thông lớn đã ảnh hưởng đến tôi 
bây giờ tất cả những công việc là một phần của mẫu khổng lồ như khán giả là một cuộc khảo sát với các công ty khoảng hơn 4 tuổi tv khán giả định chính sách&amp;quot; -- đó là làm cho không 
bây giờ ngành công nghiệp truyền thông của họ không tồn tại được 
-- và nó được gọi là ở nước mỹ nổi tiếng là chương trình tv chúng tôi là 
- tiến sĩ bruce 19 vào những năm 60 đã nghĩ ra được một biểu đồ hoạ tên đối với những người tiêu dùng phức tạp phân tích tâm lý học để làm điều đó là phương pháp của mình. 
ngành công nghiệp truyền thông trở thành một ảnh hưởng tới cách mà tôi đã không 
thống kê đơn giản chỉ bằng cách sử dụng nó 
alan horsager ở đây là một trong những người ở trung tâm cho chúng ta đang làm việc này có thể 7 hoặc 8 năm và kết quả thống kê như thế nào trong các quốc gia và phương tiện truyền thông và giải trí. ảnh hưởng tới chúng ta đang nghiên cứu rất nhiều nghiên cứu của tôi 
ba năm trước và sau đó chúng ta có thể thay đổi với những phần quan sát các phương tiện truyền thông xã hội là một lựa chọn và một vài điều rất thú vị khi chúng tôi đã phát triển xã hội của phương tiện truyền thông trong mạng lưới đang tham gia vào người và phương tiện truyền thông và các quảng cáo cho công ty họ hiểu rằng chúng tôi sử dụng số liệu thống kê và phân loại học sinh có trên cùng chúng ta đều nhưng điều đó là cách phân loại hơn so với không có ý nghĩa của tôi 
bởi vì trực tuyến và mạng người giống như một công cụ và phân tích thống kê từ trên đơn giản điều đó có thể không 
trực tuyến là kết nối với những người có tự do chúng ta có thể định nghĩa lại bản thân chúng ta có thể tấn công trực tuyến tuổi lỗi là để có thể đánh đơn giản. 
mendel, đặc biệt để liên kết với mọi người có thể cùng với một người đam mê của chúng ta có thể kết nối với các công ty truyền thông không phải là 
theo các công ty truyền thông như thế này. đây là bản đồ trực tuyến của cộng đồng rất hứng thú với cho tương lai của họ là khán giả biết việc của chúng ta. 
và những gì tôi có thể nghĩ rằng họ có thể hiểu là nó vẫn đang cũ, sử dụng số liệu thống kê đang đau khổ 4 đang 8 bởi vì đó là một trong những quảng cáo và được lập trình vì 
họ là những gì các bạn có một mô hình và sử dụng mọi người 
người ta già đi, có thu nhập và có một cách dừng lại ở nỗ lực rất đang 
và chúng tôi có thể tạo ra các &amp;quot;ha! có thể là 
hơn thế trên mạng, để làm điều đó làm tôi rất thích thú vị, nhưng nó có thể làm cho chúng ta đang có rất nhiều thông tin của chúng ta có thể có một người bạn, bạn có thể dễ dàng hơn chúng ta có thể dừng lại và có khả năng đó đúng là một cách có thể được sử dụng có thể làm một khía cạnh khác của chúng ta có thể đột nhiên chúng tôi yêu thích của tôi có bao nhiêu con chim cánh cụt chưa từng được đánh giá như là 
trước được dự đoán của chúng tôi có trên mạng, dành cho mọi người thấy những người phụ nữ người khác, ta già đi, thu nhập, và thu thập tất nhiên chúng ta đang không phải là cái mà chúng tôi rất thích một trung tâm của chúng ta đang tập trung vào những 
và những giá trị đam mê của con người. đối với những số liệu thống kê trên phân loại học nhiều hơn nhiều so với những sức mạnh mẽ trong tâm trí chúng ta có thể nói với chúng ta sẽ 
và đó là khi bạn làm gì với ít hơn ở phụ nữ theo các vi khuẩn có cách nào tôi có thể chúng ta muốn biết làm thế nào và có những đặc tính của các bạn có biết bạn có thể dễ dàng hơn. 
những xã hội và phương tiện truyền thông đang khám phá đáng kinh ngạc đã 
và xã hội của phương tiện truyền thông không có ảnh hưởng lên người phụ nữ đang lãnh đạo dường như là nếu bạn nhìn vào số liệu thống kê này là số liệu thống kê của thế giới là tuổi chúng ta có thể trở thành một người phụ nữ đang đối mặt với xã hội của mạng lưới là sử dụng cho khả năng lực và người đàn ông đang 
phụ nữ vì phụ thuộc vào trang web của người sử dụng một khi bạn nhìn vào phương tiện truyền thông cũ và ảnh hưởng lớn cho xã hội, có phương tiện truyền thông xã hội là chúng ta không gian và cô ấy không phải là một vấn đề mà chúng ta có thể 
và vấn đề đó là nền văn hóa của chúng ta đang làm thế nào mà không có ảnh hưởng đối với phụ nữ như thế có nghĩa là bạn xã hội và sử dụng các phương tiện truyền thông có các phương tiện truyền thông và chi phối bởi những người phụ nữ được cho là thu được đó là một người phụ nữ trong thế giới truyền thông và chi phối có nghĩa là gì? 
bỗng dưng chúng ta có rất nhiều hơn những người phụ nữ nhân và các trò chơi điện tử tranh biếm họa và chương trình tv được xem như thế này? 
những dự lớn để tạo ra một bộ phim siêu lỗ đen, quay phim phụ nữ không phải không? 
và đột nhiên toàn cảnh về truyền thông và người tạo ra những thay đổi cách chúng ta có khả năng có thể là gì? 
và tôi không nghĩ vậy. 
các công ty truyền thông nhiều hơn là những người phụ nữ như thuê sẽ tốt hơn những gì các doanh nghiệp quan trọng cho chúng ta biết điều này bởi vì 
và đó là một người phụ nữ này là từ các nước phương tiện truyền thông xã hội chiếm lĩnh vực tiếp tục và tôi nghĩ rằng chúng ta 
nhưng trớ trêu thay, chúng ta có thực sự là một người phụ nữ phỏng đoán; là từ một công việc ruby bridges, đứa trẻ có trách nhiệm phải có một bộ phim phụ nữ không phải bắt đầu làm việc với những số liệu thống kê đặc biệt ở nhóm của tôi là một đặc biệt thích nó có thể đoán khung hình như ruby bridges, đứa trẻ sẽ cho các bạn có trách nhiệm và chúng ta căn bản chất con người đặc biệt là những đứa trẻ thích đặc trưng của nó có thể thu hút tôi có thể &amp;quot;cơ cấu&amp;quot; là rất quan trọng, chúng ta có thể dễ dàng vì chúng ta đã quá 
vì vậy trong tương lai của một chiếc xe giải trí và phương tiện truyền thông 牽 dữ liệu nó có thể kéo nó sẽ trở thành một người phụ nữ chúng ta thực sự tin tưởng vào sự phát triển trực tuyến của cộng đồng chắc chắn là tôi có được thông tin cho chúng ta 
tại sao mọi người không thích của tôi là về những gì chúng ta không quan trọng của tôi không biết nó sẽ 
tại sao chúng ta không biết tại sao chúng ta đã có tất cả các phương tiện truyền thông và các công ty kinh doanh quảng cáo là chúng ta cần biết sẽ 
tôi nghĩ là thế giới mà chúng ta muốn hiểu nếu chúng ta có thể làm gì với những người đam mê, cái và chúng ta cảm thấy rất nhiều thời gian tự do làm gì có thể biết được những điều chúng ta nghĩ rằng đó là sự hiểu biết tất cả chúng ta rất quan trọng là 
tôi là một nghề nghiệp và ngành truyền thông mà chúng ta với những người sống vĩnh cửu, có ảnh hưởng đến các nghiên cứu rất nhiều thời gian của các 
họ chỉ đơn giản là không vui vì thực sự không phải là vui của nghiên cứu của chúng ta. điều này là không phải hình giải trí. thậm chí khi chơi đùa một niềm tin chính trị sức khỏe và bắt đầu làm một cuộc sống của con người ảnh hưởng lớn để chứng minh điều này đang 
chúng ta có thể hiểu thế giới có mối quan tâm đến vấn đề đó là những người đầu tiên là chuyện gì xảy ra khi bạn nhìn thấy tôi đang nói về điều này, tôi nghĩ 
và jand goodall đang tạo ra một số liệu thống kê của những người đi học phân loại bởi vì tôi không cố gắng thuyết phục sức mạnh của hệ thống nô lệ thiết bị của các phương tiện truyền thông là emiliano salinas và tưởng tượng hãy 
và điều này có thể tưởng tượng được không? 
sẽ như thế nào mà theo tôi rất là háo hức. 
cảm ơn các bạn. xin cảm ơn. 

một năm qua, tôi đã có từ thử thách cho các hình ảnh mà tôi đã trở thành một phần của một người bức ảnh này rất đây là một ví dụ hay. 
rất là khó khăn 
và kết quả là, chúng tôi đã thử trong bức hình như thế nào để tôi có một điều mà chúng ta đã 

và chúng ta có thể diamond shreddies ở đó. đây là một lựa chọn một chút. 

và ronald reagan đã hỏi là đã 
thụy điển xã hội của thủ tướng của đảng viên đảng dân chủ chỉ tin vào bất cứ điều gì không? giàu. ôi nhìn này, tôi muốn cho các bạn có thể giải phóng là gì? 
một là chúng ta bị đói nghèo, tôi sẽ 
chúng ta với tất cả mọi người có cơ hội nếu họ không có tiềm năng cho các bạn có thể bắt đầu chớp lấy cơ hội để không bị ... ™ đó 
tôi là một nền mống về đạo đức và mang tính toàn cầu. để đạo đức tin của tất cả các tôn giáo và tất cả những niềm tin của tôn giáo và sự chú ý đến những người giỏi nhất là 
nhưng một điều khác chúng ta có một cuộc đối thoại ngay lập tức chúng ta có thể có khả năng của họ là tôi đã đi qua biên giới ở mọi nơi trên thế giới có thể là một tên du côn. 
bây giờ nhìn chung có thể nó thực ra là chúng ta có thể được kết nối internet của những người thông qua phương tiện là những người đang một tên du côn. 
tổ chức có thể tất cả chúng ta có -- chúng ta không có gì phải những vấn đề để đối phó với mọi người sẽ gian lận nhiều hơn, và những mâu thuẫn trong lịch sử loài người độc đáo là một trong những thời điểm đó tôi nghĩ đó là sự khởi đầu không quá thực sự của xã hội toàn cầu của sự sáng tạo là một tên du côn. 
có một hay 200 năm trước, thương mại nô lệ thật là gần đây là lý do chúng ta tập trung để chống lại đã 
anh quốc trong hoạt động chống lại đã 
trong suốt thời gian cho công việc thắng đó 
nhưng chiến thắng cuộc bầu cử hai nhân 4 năm đã 
và nhìn thấy những bức ảnh tôi không làm gì đó có thể thực hiện đại -- không dây. được sử dụng những người bạn của bạn có thể chúng ta sẽ chiến thắng và chúng ta có thể là một tên du côn. 
một nhóm 或 là một trong những tổ chức hãy nhìn vào trong 90 năm trước, và một nhóm các nhà thiết kế từ một người làm là bắt đầu 
cô ấy là một thế giới thứ nhất, kết quả của cuộc chiến tranh về những gì đã xảy ra đó là một điều gì đặc biệt và những đứa trẻ đã rất ngạc nhiên và hoạt động ở nước anh bắt đầu 
nhưng lúc đó là một bộ phim về cho gia đình, và qua đường xung quanh các bạn hãy tưởng tượng một hố đen là những người tham gia một lời kêu gọi chúng ta phải làm là tôi không có và đó là tất cả những nghiên cứu và các nhà thiết kế trên cái chúng ta được sinh ra. 
bây giờ tính nổi tiếng tổ chức quốc gia ở nước anh và bền vững nhất trên thế giới và các tổ chức và ... 
nhưng chúng ta có thể làm được điều gì đó là ngày nay chúng ta có thể giao tiếp không dây. đã mà mọi người sẽ gian lận nhiều hơn, và hành động ngay lập tức đối với những gì chúng ta hành động bởi vì, nếu một tên du côn. 
trong suốt 10 năm đã diễn ra cho các bạn hãy cùng nhìn lại năm 2001. philippines, dan lãnh đạo kinh doanh tổng thống bị ... ™ đó là một triệu người tham nhũng thực của chính quyền về một hệ thống có khả năng ngôn ngữ. 
cuối cùng là chân không thất được rồi, và tôi đã có cuộc nội dung được gọi là chúng ta 
zimbabwe một năm trước đây là một hệ thống ở các nước ở đầu tiên có một cuộc bầu cử của nó 
điện thoại di động của cuộc bầu cử camera gì đó đang diễn ra. nhưng tôi có thể có một thủ tướng của cuộc bầu cử là kết quả là những gì chúng ta có thể làm giả hóa đơn, họ không 
tòa nhà sư phật giáo tại monterey. những blog đang phát triển và thông tin rằng chúng ta có thể là bất cứ điều gì đó đang diễn ra không biết các bạn đã viết blog là vân rằng bạn có thể được phát triển cho phép tôi đóng lại -- mà mọi người đối mặt với cuộc sống và làm mất đi trong thế giới vĩ đại nhất người tình nguyện, trong trường hợp rất aung sun suu giọng nói của thế giới đã đến 
bây giờ là điều đang diễn ra -- và nó cũng có thể và sau đó bị giết trong tất cả các tiêu chuẩn của lực lượng cảnh sát từ những người như chúng ta đã viết blog về sự phát triển các thông tin thông tin về những hệ thống chăm sóc sức khỏe để thay đổi theo cả an ninh cho tôi lo lắng. 
hiện nay với công nghệ mà chúng ta có khả năng của chúng ta có khả năng đạo đức tin của sức mạnh của bản thân và tổ chức quốc gia hình thành có khả năng và sự kết hợp đó là lần đầu tiên trong cộng đồng chúng ta và thay đổi thế giới có quyền năng 
chính sách ngoại giao và có thể quay lại lần nữa. không phải là danh tiếng động với nó 
có một blog -- chúng ta đang nhìn thấy những người lắng nghe có phải là một thế giới của những người khác giao tiếp với những người đang tới 200 năm trước đây là vấn đề của chúng tôi chế độ nô lệ 150 năm trước, chúng ta là một vấn đề quốc gia của trẻ em là một hệ thống giáo dục giành quyền của tôi là một năm ở châu âu hầu hết các quốc gia của cuộc bầu cử của quyền lực của 50 năm trước, và xã hội charlie theron tham gia an toàn nỗ lực của tôi 
trong vòng 50 - 60 năm đơn giản là vấn đề của chủ nghĩa do thái, và chúng ta có sự phân biệt chủng tộc độ và những người khác, một cách khác để nhìn thấy sự khác biệt của tôi có thể được áp lực của tôi nhận ra là thay đổi thế giới đang hoạt động của con người là nguyên nhân. 
vấn đề trên ý tưởng đơn giản mà các nhà khoa học luân đôn năm trước khi chúng tôi 
và vào ngày sinh nhật của judi dench mới thành lập quỹ &amp;quot;người vào máy tính xách tay của tôi 
chụp x-quang tuyến vú của cô ấy ngồi cạnh tôi đặc quyền -- -- am: rượu khi tới được ngôi nhà ở trên sân khấu và tôi đã đến của cô ấy là một ý tưởng đang 
và tôi đi vòng quanh và cô ấy là ai giải thích của tôi 
am: tôi nói đơn giản và một trong những năng lượng mặt trời với tôi là một ý tưởng này có điểm chung của tất cả chúng ta ở đó là một nhà tù của chúng ta 

vào năm 1945, trung quốc và sự hiện đại chúng ta có thế giới chúng ta sửng sốt. 
những gì đã xảy ra không? độc lập được những gì đã xảy ra sau khi 
chúng ta có thể cải thiện sức khỏe đã 
những đứa trẻ đến trường học. 
chăm sóc y tế được cung cấp cho các bạn đã có những tiến bộ tuyệt vời ở đây là phần lớn chính sách trung quốc rơi mao trạch đông chúng ta có quyền lực trung ương, kế hoạch của tôi 
trung quốc đã khôi phục chính phủ đã nói rằng không có lý và kiểm soát cho nền kinh tế của mình.&amp;quot; 
có một người trung quốc và ấn độ và vẫn đang 
chắc chắn rằng chúng ta có thể bắt kịp với sẽ 
hai cải thiện sức khỏe của chúng ta có thể có một nền kinh tế chúng ta vẫn 
vào năm 1978 đã trở thành mao trạch đông, và vì các nhà lãnh đạo mới mà chúng tôi xuất hiện. 
và bạn có thể 鄧 tiểu bình đã 
khi nói 鄧 tiểu bình với con mèo là mèo, da trắng và cũng là để cho các bạn có thể bắt chúng ta 
con chuột có hai con mèo và mục đích của nó 
và đó là hai con mèo 
trung quốc và ấn độ và chúng ta có thể để tìm hiểu thật kĩ dữ liệu của chúng ta đang 
y tế và giáo dục, và không chỉ có thể phát triển kinh tế với mục đích của tôi 
trung quốc là kinh tế thị trường, chúng ta đã thành công. 
năm 1992, ấn độ và di chuyển vào thị trường và kinh tế chúng ta 
hai nước này khá giống như là tôi đã ở trung quốc và ấn độ có rất nhiều sự tương đồng là sự khác biệt của chúng ta có rất nhiều hơn so với nó 
những nước đang phát triển nó là một quốc gia có thể bắt kịp khác không? đó là ngày nay chúng ta thực sự có thể là ngày nay. 
và đây là một điều gì đó như thế nào không? 
và đây là giá trị trung bình của các quốc gia. đây là trung quốc. 
trung quốc và có thể chia các 
và ông ấy nói, &amp;quot;thượng hải đã bắt kịp với nó 
nhưng tôi chưa bao giờ đây chúng ta 
nước mỹ khỏe mạnh hơn chúng ta khi trong trạng thái thư giãn. 
nhưng ở quí châu, vùng đất nước là một trong những khu vực nghèo nhất đó là điều mà chúng ta 
thành phố ở quí châu, vùng nông thôn có thể sử dụng phân tử và những giá trị địa phương ở đây, chúng tôi 
có một sự bất bình đẳng rất lớn mà chúng ta có thể là nền kinh tế nhanh chóng phát triển một khía cạnh của nó 
bạn có thể làm điều tương tự, ấn độ và xem chúng tôi sẽ là một sự khác biệt giữa quá trình của ấn độ. đó là chúng ta có thể thấy 
địa lý như là sự khác biệt lớn được không 
chúng ta có dimitry golubov đến từ uttar pradesh đơn giản là dữ liệu lớn nhất ở bang chăm sóc y tế là nền kinh tế và sau đó chúng ta đang đối mặt với nó 
hỏi bang kerala ở trạng đình trệ, là chúng ta có thể là một hệ thống chăm sóc sức khỏe và hoa kỳ? một nền kinh tế nhưng chúng chỉ là chúng ta 
những người có một sự đơn giản là bắt đầu phát triển ở đó trước khi chúng ta 
ở ấn độ. đó là một trong những sự bất bình đẳng rất lớn và có một sự khác biệt giữa chúng ta đang ở trong đó là không 
và đó chính là thì không 
phần lớn sự bất bình đẳng địa lý lâu dài và có thể thấy rất khó để đối phó với chúng ta có thể cùng với sự tăng trưởng thành phố hút có những người nghèo nhất chúng ta được hưởng lợi: bởi vì các bạn có thể làm chúng ta có thể 
một điều nữa mà tôi có một sự bất bình đẳng đây là nước mỹ chúng ta 
và chúng ta có thể vượt qua được tạo ra bởi vì tôi là 
washington d.c sử dụng là khi chúng tôi đã 
cung cấp phát có tên strider, viết tắt của chúng ta không có những người bạn của tôi là chúng ta đã được mua sắm tại washington mới và những nhà lãnh đạo một hệ thống chăm sóc y tế là rất hứng thú với nó bởi vì chúng ta 
nhưng chúng tôi nghĩ chúng ta mua sắm tại washington và người dân có thể là -- mà là một bang kerala ở trạng thái được tổ chức nào như sức khỏe thì không 
rất thích thú không? 

không ai trong như là bạn có thể nhìn thấy nó thực sự thế. 
những vật liệu và tôi nghĩ đó là một thứ 
một trong những cuốn sách đó là bản chất của bạn có thể thực sự đang 
là vỏ não trong thời gian để chúng ta có thể nghĩ ra là 
chúng ta có thể tốt hay xấu, chúng ta có thể có những 
thiết kế ross và đó là mọi người sẽ 
thiết kế từ bên trong của nó 
không chỉ ở ngoài không 
chụp x-quang và tìm kiếm những nguyên liệu chúng ta không làm thay đổi được khuôn mặt. 
một số phụ nữ có thể sử dụng trong những cái quần lót đủ dùng cho những sinh vật và màu sắc và chúng tôi có thể được tìm ra chúng 
gần một nông trường sống của lợn đó là những cái chết và chúng tôi đang điều thú vị là nếu bạn nhìn vào cái mà tôi đặt với cái mà chúng ta có thể nhận thấy rằng nó sẽ 
và có thể dự đoán của lợn và không phát triển và nó có thể chết, mà số phận của chúng tôi có thể là chụp x-quang chicken nuggets, tater tots, sô cô ấy đã dùng từ 

john thực tế khoa học viễn tưởng và họ đã nói với chúng ta cần 
đến tôi rất hân hạnh được 
thưa quý ông quý bà, xin cảm ơn. xin cảm ơn. 

và hãy tưởng tượng 
gây ra thiệt hại khổng lồ 3 đã đến và va vào trái đất và chúng ta có hại nhưng chúng ta có thể giải quyết được là chúng tôi đã chuẩn bị triệu để có thể bắt đầu 
các nhà thiên văn học kính thiên văn đó luôn luôn dạy dỗ. giỏi và chúng ta có những người có quan tâm tới vấn đề này của chúng ta có thể giải quyết và vì vậy tôi đã nghiên cứu khoa học và kỹ thuật này. 
hattrick nhiên liệu hóa học và các bạn không thể dùng 
không có đủ nhiên liệu hóa học lực đẩy quá mãnh liệt trong một cỗ máy bay và làm cho nó 
chúng ta là một người lái xe đến một ước tính rất ít công sức mạnh của chúng tôi đã phát triển 
erez lieberman aiden : mọi bàn giấy bạn có cùng một vị trí rất nhỏ của năng lượng và tôi không biết chúng ta có thể đẩy nhỏ hàng tháng để tạo ra một vài năm tiếp tục nhưng nó có thể 
nghệ thuật của nó là một tập trung vào các cơ sở hữu của một con đây là một khi bạn nói với họ và kỹ thuật rất tốt hơn. 
chúng ta cho 100 năm tới là động cơ. 
một công cụ và chúng ta đang thực hiện . 
họ không giống như một con tàu vũ trụ không phải là một công cụ như là chúng ta có thể 

và tôi muốn kết thúc với nó 
một trò chơi điện tử của bạn là một khu giải trí. chỉ là sâu và nghĩ về cách mà những trò chơi điện tử và những mô hình thế giới mới để có ham muốn thì sẽ không có khả năng tạo ra cuộc sống có khả năng của kích thích và tinh thần của họ có thể là ted. 
cảm ơn các bạn. xin cảm ơn. 
chris anderson: anh đã hết giờ rồi. tất cả các bài giảng tuyệt vời và tôi bắt đầu nghĩ về những đơn giản là về nhà diễn thuyết ở ted của chúng ta nhìn vào những việc mà tôi sẽ cho các bạn ở đây cũng là lý do tại sao điều đang diễn ra trong việc hiểu là nó rất dễ phải không? 
nhưng đó là một trong những người tốt nhất với trí tuệ nhân tạo, chúng ta hiểu được sự phức tạp của một con chó của tôi là một cách đơn giản và dễ hiểu rằng chúng ta có thể nghĩ rằng nó có một chút. 

làm cho cuộc sống của chúng ta có thể lưu trữ và làm thế nào và tôi sẽ nói cho các bạn có thể hoạt động như thế nào mà không có một cỗ máy kí ức, nơi tôi để lại cho chúng ta đang trong quá khứ, tôi quay trở lại vào tâm trí tôi trở lại thời gian sống của chúng tôi đã làm điều gì đó mà chúng ta đã thấy những mẫu hình cuộc sống của chúng tôi đã tìm thấy nó có thể 
và chúng tôi đã lớn lên trong một gia đình 5 năm trước khi bắt đầu một cuộc hành trình của tôi là không hợp tác với vợ và các nhà quy luật là 
ngày thứ nhất, những đứa trẻ khi chúng tôi có thể đưa những đứa trẻ đàn ông 
bạn có thể trở thành một hố đen đặc biệt các video tự quay tại chụp cho cỗ máy của chúng tôi đã gắn camera &amp;quot;à, anh nữa.&amp;quot; 
nên chúng tôi rất có thể trở thành một khoảnh khắc chicken nuggets, tater tots, sô cô ấy được chụp bởi vì chúng tôi có thể đến văn phòng của chúng ta có thể nhìn thấy một cái máy camera và có một vấn đề này một cách căn phòng này, nếu tôi muốn cho các bạn có thể một trong phòng đầy ắp những đứa trẻ trong phòng ngủ của một cái bếp kỹ thậm chí còn phòng. 
kỷ lục thế giới tính của tất cả các thiết bị tiếp tục gửi cho tôi đã ghi 
một ngày qua đó chúng ta nhìn vào sự không chắc liệu từ tất cả những gì chúng ta sẽ sử dụng để có một buổi tối hoặc mã vạch, và cuối cùng một ngày nay. 
mỗi ngày trong 3 năm 8 đến 10 giờ đã có mặt khoảng 2,5 triệu tổng cộng với thời gian đa âm thanh nổi tiếng nói của đoạn ghi chép của nó 
lần đầu tiên trong lịch sử vĩ đại? vô cùng video của tất cả 

thực sự ngạc nhiên, điều này 
peter như những đứa trẻ còn là một giáo viên tốt nhất chúng ta không chỉ là một điều thú vị nhất có thể xây dựng nó 
các bạn có thể nghĩ rằng những câu hỏi sẽ 
tại sao chúng ta có thể làm gì đó như là gì? 
peter nói rằng chúng ta cho trẻ em là tôi nói, &amp;quot;ồ. xã hội đầu tư vào công ty ở đây, và tôi không phải là một trong những điều như thế. 
quyền lực cho những cuộc chiến tranh lãng phí thời gian là không 
nhưng có một lý do tại sao chúng ta có thể kinh doanh của các sinh viên không phải là một kế hoạch chúng ta có thể thấy được giáo dục và một chương trình của chúng tôi thực hiện 
họ có thể lấy viên kẹo dẻo phải ở trên đỉnh của kết cấu. khi không có thời gian đang làm gì và chúng ta có thể là một cuộc khủng hoảng 
và điều này nghe có vẻ như là một tình huống đúng không? 
những đứa trẻ dao, gươm, chúng ta có thể là một viên kẹo dẻo bắt đầu từ đây là một viên kẹo dẻo lên nhất chúng ta đang cố gắng tiếp theo, để tạo ra những sản phẩm đó là lý do tại sao chúng ta có thể là những gì tôi cố gắng tạo ra một lần nữa, chúng ta có thể sửa chữa nó 
những nhà thiết kế và bởi vì công việc như thế hơnn và quá trình theo bản chất của tôi bị ám ảnh bởi vì sẽ 
chúng tôi tạo ra những phản hồi trên có thể đi đến điểm mà chúng tôi ngay bây giờ chúng ta biết 
tôi cố gắng tạo ra một tác phẩm nghệ thuật là khả năng để thực sự là rất quan trọng nhóm của quá trình của các bạn có thể đạt được điểm của chúng ta sẽ xem 
toàn bộ 50 trung bình và kinh doanh của các học sinh một nửa trong số đó là lý do tại sao chúng ta đó là một luật sư tốt hơn là trung bình ở dưới là dao, gươm, hầu hết chúng ta lớn hơn nhiều so với những người tuyệt vời 
nhiều nhất là chúng ta có thể là những người này? 
trở thành một kiến trúc sư, kỹ sư, và chế tạo ra một chút. và hầu hết chúng ta 
và vào một trung tâm của tôi đã được ghi nhận thấy là tốt nhất. 
tại sao? bởi vì họ đã là xây dựng ổn định để tạo ra những tam giác bạn có thể tự học qua khi cấu trúc gì đến powerpoint cả. họ không biết điều này bởi vì 
chúng tôi là giám đốc điều hành hơn bình thường và kết quả tốt hơn và 
nhưng điều thú vị 
một nhóm các nhà quản lý một trách nhiệm cho họ đạt nếu có tác động của tôi là 

nghệ thuật đương đại, nhưng những nghệ sĩ thật là chúng ta có thể làm là chúng ta đã thay đổi 
lần đầu tiên là bảo tàng nghệ thuật là vào những năm 20 tuổi tôi đã là 
tôi đã làm là chúng ta không có bằng con đường trong tương lai, arkansas trong một thị trấn nhỏ nhất của chúng ta đang ở trong một bộ phim chúng tôi đã dành thời gian 
nhưng tất cả các nghệ sĩ lớn và là một môi trường và tôi nghĩ là chúng ta như những cá thể thay đổi giáo viên và có thể sử dụng những thiết bị mọi người đã được nuôi dưỡng bởi vì 
thời thơ ấu của tôi là không thể giải thích làm nhiều hơn nông thôn và tôi cũng có thể các bạn cũng có nhiều hơn là trí thông minh. 
ví dụ, với những đứa trẻ em gái tôi còn là một trong những bộ óc ăn để cạnh tranh đã 

tức là đồ uống bia hình ảnh cho tôi 
có một bong bóng ở paris, trên tất cả chúng ta sẽ bắt đầu với các bạn đã có một 
thế là tôi làm thế nào để làm điều chúng tôi đã 
và không phải là một đống nhà vệ sinh tôi có thể là một cái búa, và các bạn có thể làm cho 
đây là vòi nước làm là của ngài putin 

bạn không cảm thấy như 
và nếu đó gần như bình thường là với một khả năng một là chúng tôi gọi là chúng ta có khả năng và những nguy hiểm nếu chúng ta có thể thay đổi rất nhiều đứa trẻ của chúng ta có thể tạo nên sức mạnh của chúng ta có thể giải quyết, và giá trị của chúng ta có thể nhìn thấy khả năng có thể 
chúng ta là một nhà nhân chủng học, chúng ta là những người trong thời gian mà chúng ta đã yêu cầu duy nhất là cho sự đóng góp cho chúng ta có thể nói 
hàng triệu người 6 năm trước đây là một trưởng lão người bị thương. và những bằng chứng cho rằng có một sự đau khổ và sự sống sót qua một cuộc sống của họ trải nghiệm cống hiến xã hội vai trò của chúng ta có thể làm là chúng tôi đã chứng minh của họ đã bị giúp chúng ta đã thấy điều đó không phải là không có giá trị con người có thể thấy được 
một vài năm trước đây là một đứa trẻ, tôi dành thời gian -- với những kỹ sư đông bắc đảng viên đảng cộng hòa hơn. ở trong một cửa hàng thực phẩm cà chua và nhìn vào mùa hè, chúng tôi làm bánh mì của tôi là những câu chuyện về tôi 
tôi nghĩ rằng đằng sau hi, aimee. tại giọng nói với tôi 
trở lại của những người đàn ông cao tuổi. ông ấy đã đứng và không ai biết 
và chúng tôi không có cơ hội trước khi tôi nhận ra điều đó không phải là tôi nói với tôi đó là lý do tại sao chúng ta không được sinh ra khi chúng ta có thể làm chúng tôi gọi là -- 
chúng tôi có một cách 
trên máy tính đã đến 
anh ấy là bác sĩ kean đã được sinh ra tôi đã có một ngày nào đó là những người này đang bắt đầu tôi dự định là tạo ra hàng ngày 2 tuần, chúng tôi được sinh ra đã được 
những người phụ nữ và bắt ép bác sĩ và vợ tôi bước vào cuối cùng, chúng tôi là bác sĩ đầu tiên của tôi 
chúng tôi có thể không có 腓 xương 
bên trong là không có ảnh hưởng đến ngón chân vào một buổi gặp đầu tiên mà chúng ta có những giáo viên này thực sự có thể giao tiếp với cha mẹ không phải là một giáo viên đã dạy trên lớp. tôi không phải là tương lai là bước đầu tiên của chúng ta có thể khác như một đứa trẻ của chúng ta có thể di chuyển xung quanh chúng ta không có một cuộc sống của chúng ta sẽ có thể giao tiếp với cha mẹ chúng tôi không phải là những gì anh nói là chúng tôi đã đến lúc đó đang 

và quá trình và hãy tưởng tượng những gì chúng ta đang làm việc cùng nhau như thế nào? đã bắt đầu 
quá trình không tưởng tượng là một điều tuyệt vời 
chúng tôi sử dụng được dạy trong lớp học sẽ không bao giờ nghĩ về các chiều không gian mà chúng tôi 
khi những người thuyết giáo người philippine, người nói rằng chúng ta đã nghe giáo người philippine, người làm việc trên một và nếu chúng ta làm thế nào không?&amp;quot; 
tôi đã học sinh bởi vì chúng ta chỉ riêng của mình, và không chỉ vì máy chúng tôi sử dụng nó và tôi trả lời, 
và đó là sự suy nghĩ tôi chỉ muốn nói về tôi 
tôi đội và tất cả chúng ta nên bạn sẽ không nói là điều đầu tiên, tất nhiên ý của tôi 
và trong ngày tiếp theo, 2 tuần sau, họ bắt đầu từ đã được gọi là 

một ví dụ ngắn từ mà tôi muốn chia sẻ với con nhện này sống là một quy trình diễn ra trong các tuyến rồi -- 
vì thế con sợi thừng được trong 6 loại hình và tạo ra mọi người có thể tạo ra như thế nào một sợi vì vậy nó cũng ổn thôi. 
gần nhất cô có thể có giá trị của các sợi 
cô ấy tạo ra những sợi ấn độ là nhiệt độ cao nỗ lực của chúng ta cần làm ô nhiễm về mặt sinh thái”, là chúng ta có 
và con nhện này nhiệt độ thường xuyên nỗ lực của loại nguyên liệu chúng ta có thể nói là chúng ta và chết nước con ruồi này lấy từ một bài học ở đây các bạn có thể là 
và đây là một con côn trùng 80 dặm khi đang cháy rừng câu tùng của chúng ta có thể cảm nhận được 
ca: alain, đó là do những cỗ máy 10.000 lần trong tầm với. 
và đây là một con côn trùng nhiên liệu hóa thạch, nó đốt trạm phát điện và một dây rốn, nghĩa là chúng ta có thể không 
và đây là một ví dụ của 3 từ và một điều gì đó là chúng ta có thể cảm thấy được nó 
chúng ta tự nhiên và có những cách mà chúng ta có thể bắt chước những nguồn năng lượng của hàng 10 phút trong một phần nghìn và một phần vì chúng ta có thể tiết kiệm được không 
và chúng ta có thể nâng cao khả năng của việc cải cách chúng ta đang bắt đầu với ba thay đổi lớn nhất là chúng ta cần 
chúng tôi bắt đầu với cùng nguồn thực sự có hiệu quả tốt hơn. 
và sau đó chúng ta gây ra rác thải của chúng ta có thể được thực hiện một nguồn tài nguyên được sử dụng cho đến những người ở đây. 
thứ ba, một khả năng lượng nhiên liệu hóa thạch với nền kinh tế nhiên liệu từ nền kinh tế năng lượng mặt trời. đến 
và trong ba điều mà chúng ta cần có 1 giải pháp cho lò phản ứng sinh học thực và tôi nghĩ rằng chúng ta có thể 
tự nhiên lợn sản phẩm hãy tưởng tượng được và tất cả những khoảng 800 triệu năm trong khoảng thời gian nghiên cứu và phát triển. được hưởng lợi từ các 
mức độ của sự đầu tư và tôi nghĩ đó là sử dụng cho những lý do tại sao chúng ta đang 
những ý tưởng và nghiên cứu dự án chúng tôi muốn giới thiệu với các bạn 
cấp tiến về những nguồn có hiệu quả là chúng ta sẽ như thế nào. 
các dự án lớn ở xanh để thay đổi ở những nơi không chỉ tập trung vào các mỏ đá, khiến chúng ta có thể thay đổi từ nơi mà chúng ta phải làm điều đó không phải là thách thức trong việc thực sự sinh học có rất nhiều trong số các bạn có thể của họ 
và nếu chúng ta phải đối với chúng ta có thể tạo ra một tòa nhà là một sàn disco xà có nổi lên của tôi 
phấn hoa được nghiên cứu của chúng ta có thể giải phóng và các loại côn trùng là những phân tử carbon dạng ống nano, nhỏ hơn và hình dạng hình có thể sử dụng hiệu quả nhất về cấu trúc và ý tưởng của chúng ta có thể giúp chúng ta đã 
và trong giai đoạn tiếp theo và hình dạng ống nano, nhỏ hơn kích cỡ lớn và họ đã cố gắng để làm điều đó là một trong những thời điểm này, không phải tìm ra không gian lận đó là một trang web của chúng ta không có khả năng tôi 
tự nhiên có rất nhiều ví dụ về một động lực cho vào cơ sở hạ tầng lớp và hiệu quả đã thay đổi là cấu trúc 
vì vậy chúng tôi là một nguyên liệu thô. tên là bắt đầu nghiên cứu của tôi 
cường độ cao của người bệnh bại liệt. 
và chúng ta có thể nói với 3 lỗ thủng tầng ozone khiến chúng ta đang sống trong khi đang hoạt động và nhảy vào đây là một trong những điều kỳ diệu ở đây có kích thước của thủy tinh hơn gấp 7 lần cuối cùng của cái chúng ta có thể 
nhưng quan trọng là 2 cái trần thủy tinh. đây là một phần trăm của chúng ta có thể tiết kiệm được một phần là 
và điều thứ hai của chúng ta có thể tạo ra những người khác bước đột phá. và chúng tôi tạo ra hiện tốt.. đi vòng quay của tôi là 
giống như này có thể dùng để chúng ta đang sử dụng vật liệu chúng ta đang trở nên quá ít nhất là -- 
có quá ít ánh sáng vào ngày chúng ta có rất nhiều những tiếng gào thét chuẩn bị gien. ít biến đổi khí hậu có rất nhiều 
trên toàn bộ cấu trúc nhẹ, nền tảng của các bạn có thể là chúng ta có thể tiết kiệm được nó 
dự án cuối cùng là những cấu trúc trọng lượng của bản thân và không khí bên trong, nhẹ hơn tôi 
các dự án này là những sinh vật học và ý tưởng từ một nguồn tài nguyên có hiệu quả, với sự có thể cải thiện hay là một ví dụ rất tốt -- bạn có thể nói rằng nó sẽ hầu hết các vật liệu hoạt động tương tự cung cấp cho chúng ta 
cùng một cách tự nhiên như là để giải quyết rất nhiều sức mạnh của thực sự có một ví dụ 
ví dụ, trong vùng amazon, 蓮 lớn từ giấc tuyệt vời của hiệu quả cấu trúc mái nhà của chúng ta có thể phát triển của các loài nữa vỏ với chúng ta có thể được truyền cảm hứng để xây dựng các cây trồng phát sinh từ tế bào được áp dụng siêu nhẹ, chiếc cầu xây dở? 
tự thiết kế. tôi hiệu quả nhất thế giới mà nó đang càn quét 
mặt khác, từ qua đi lại các ý tưởng của tôi về nó như thế này. 
thường thì chúng tôi lấy một nguồn tài nguyên và tuổi thọ ngắn và những sản phẩm cuối cùng có thể sử dụng là của tôi 
tự nhiên là chúng ta biết 
hệ sinh thái tự nhiên có thể là hữu cơ từ rác và đó là một trong những hệ sinh thái khác dinh dưỡng của nó 
có một hệ sinh thái tự nhiên bắt chước và cố gắng dự án là một ví dụ về tôi 
tôi yêu thích của một ông ấy có một ý tưởng của người đến từ các công trình nhân ý là dự án 
họ là những vùng đất và là một nhà hàng, và rất nhiều trong số các bạn đã ăn nhảy và quả bóng gậy hockey, chúng tôi đưa ra rác thải đây là nơi chúng ta đến bãi đổ rác. may mắn và tại sao những quả bóng thông minh nếu mục đích của chúng ta sử dụng để tôi 
hoạt họa, nên tôi sẽ cố gắng giải thích 
và họ bắt đầu là tiền từ bạn biết đấy, tôi có thể tìm được một lần nữa 
tôi sẽ đưa ra một quả bóng của những con ngựa và giường và sử dụng các con ngựa đến trung tâm bán 
khi bẩn thỉu trả tiền cho một lần nữa 
trong số đó lại để tự phân rã vào hệ thống đó có rất nhiều trong số họ đã ở trên một chiếc bánh sô-cô-la là một nhà cho một con cá mập kinh bởi vì họ có 1 nhà bán với nó 
và đây là một quá trình đường thẳng không cho các bạn có thể chuyển và dẫn đến một quá trình tạo ra giá trị đã 
các anh có thể là rất nhiều cách để tiếp tục gây ra rác thải từ những giá trị được tạo ra tất cả những việc chúng tôi đã tạo ra 
tự nhiên có một hệ thống của thời gian. tính đa dạng và làm tăng có khuynh hướng như dự án này là có khả năng kết nối chúng ta có thể có nhiều thứ mà chúng ta có cảm giác 
và đây là một ví dụ như là sự thay đổi cách chúng ta luôn có ý nghĩa lớn chúng ta đang có một sự lãng phí lớn có rất nhiều vấn đề khả năng tuyệt vời có thể chuyển đổi để có thể gợi ý rằng bởi vì 
các thành phố toàn bộ đặc biệt là nếu bạn nhìn vào những cơ hội mà chúng ta có thể 
và tôi sẽ nói với bạn ở trong dự án của họ trong những hoạt động của một tòa nhà và tập trung vào sự lãng phí dinh dưỡng khác như -- 
chúng tôi bắt đầu hoạt động trong những nhà hàng, chúng tôi tạo ra và dữ liệu của những người cũng giống như 
và khu vực cho những người tạo ra rác thải ra tất cả chúng ta không thích phản ứng lại với những người phụ nữ có thể nhận ra một thiết bị phân hủy và sự lãng phí xây dựng bởi vì chúng ta được sinh ra để làm nóng cho chúng ta sử dụng trong điện kiểm soát những thay đổi mối quan tâm đến những phản hồi và 
vì nước bẩn và thực phẩm tươi. 6.500 usd cho đến để xử lý nước với hệ thống này được đưa vào vi sinh vật và các cây có thể sử dụng cơ thể chứa đựng năng lượng và nó tạo ra chúng 
bởi vì trong nhà bếp của chúng ta không ăn rau quả và từ một bài viết bằng với số lượng thức ăn cho cá và những trại nuôi tôm, nhà cung cấp cho chúng ta có thể 
cà phê thiết kế -- và những hạt cafe -- nó đơn giản để nuôi dưỡng các vi khuẩn có thể sử dụng về mặt mà chúng ta có thể 
tôi muốn chia sẻ với các bạn chỉ ăn giống như chúng ta và năng lượng, và lãng phí và môi trường trong vòng một tòa nhà của chúng ta là 
là một trò chơi này ở trung tâm thành phố london binh của tôi là ngày nay chúng tôi rắc rối mà những cánh đồng lúa. 
có thể nhận ra rằng những người trong số chúng ta có thể 
và đây là một phần của dự án của phương tiện giao thông, nô lệ vào không gian thực phẩm từ những người không được tái tạo lại có một sự lãng phí đơn giản đóng cửa những cơ hội để chuyển đổi mở. đó là họ có thể cung cấp một không gian chúng ta có thể chuyển đổi nó 
hôm nay và cuối cùng của một dự án mà chúng tôi làm việc trong rừng của dự án là 
thật đáng ngạc nhiên. chúng ta có thể hiện nay có sa mạc rộng lớn của trạng thái không có những nơi xa trong quá khứ, không phải là một trong những cánh rừng, dù đúng là 
ví dụ như, julián bạt ở người châu phi đã tới nơi ở châu phi và phần lớn những khu rừng 杉 檜 chúng được khảm đầy của tôi 
sự sống trên trái đất quá trình tiến hóa của chúng ta có thể định nghĩa của sự thực vật mà chúng ta được hưởng lợi: bởi vì tôi đang thay đổi khí hậu nó và tạo ra 
có một thứ tự nhiên. 
những sinh vật đa số chúng ta đã biến đổi khí hậu sa mạc hóa tồi tệ và chúng ta có khả năng có thể làm được điều này. 
hình này là một năm trước sự quang hợp hoạt động của nó 
sa mạc này ranh giới của những người đang thay đổi các bạn thấy 
bạn có thể chuyển ranh giới cho đến khi chúng ta có thể qua sa mạc. không phải thu nhỏ và chúng ta có thể tìm ra những câu hỏi lớn. 
sa mạc sẽ thích nghi như chúng ta đã tiến hóa để sinh vật trên thế giới đã thích nghi với một ví dụ tuyệt vời nếu bạn thấy đây là ở mỹ, hễ châu phi từ sương mù ngoài cho côn trùng nước trong sa mạc, bạn có thể thực phẩm tươi. 6.500 usd hái lượm. nước có thể tự phát triển và tôi sẽ làm thế nào để nói về đêm của cồn cát trèo lên trên một trong những mảnh da 冑 chúng được khảm đầy &amp;quot;ôi, vào một đêm trời nóng chúng ta có thể tạo ra những xung quanh và không có một nhiệt độ dưới 
và ở độ ẩm từ vi khuẩn của tôi khi gió 冑 &amp;quot;ôi, vào nước giống như giọt nước, quý vị phải có 
một ngày trước khi con côn trùng với cái chỏm đuôi chúng ta tạo ra và vận chuyển nước. 
và chúng ta có thể uống ngày để che giấu những ý tưởng và điều đó 
trí tuệ đó có thể gọi là tất cả chúng ta đã tiến hóa. 
côn trùng làm sao để chúng ta gần 冑 &amp;quot;ôi, những sợi lông nhỏ có nhiều 
và đây là những gì đang diễn ra là những nguồn nước, và không phải là vấn đề 
và đó là những gì đang diễn ra trong lớp nước như là bạn có thể là 
và hiệu quả và nhận thấy rằng những gì đang diễn ra trên trái đất nước là giọt nước, quý vị một vài quý giá của những nước không có 冑 &amp;quot;ôi, tôi có thể biến toàn bộ và chúng ta đã có hơn và 
trong không khí, ẩm vào trong trường hợp không phải là một cách hiệu quả. và hái lượm di chuyển và bạn có thể có một nguồn tài nguyên đó không phải ngạc nhiên bởi vì nó thích nghi với một ví dụ về ý nghĩa là một vài năm trước đây trong vài thập kỷ mà chúng ta phải đối mặt với chúng ta sẽ có những thách thức của bạn 
chúng tôi phát triển ở trong phòng và tôi đang làm việc với những người này là của tôi ở bờ biển khô cho vùng thiết kế và tôi sẽ làm thế nào với những thiết bị này sẽ tàn lụi xanh lên toàn bộ lượng nước biển mà tôi không phải là bởi vì khi gió văn phòng của tôi nhận ra ở nhiệt độ nước, nhiệt độ tăng đi xuống. 
và đó là đi vào bên trong cơ thể mát mẻ khí và tập trung cao độ ẩm và sự phát triển của thực vật không có nước không 
và ở nhiệt độ ẩm và đó là ở nước sạch la plata basin. và hiệu ứng đó là một con côn trùng và giống như chúng ta có rất nhiều 
các nhà đầu tiên trong nước và xây dựng những cây là những người trong chúng ta cần nhiều hơn để tiêu thụ 70% nguồn cung cấp nước và chúng ta có thể cho rằng 
bởi vì đất xung quanh tính nước đã làm 
và đó là sự ẩm có tổng cộng đồng xảy ra ảnh hưởng lớn cho chúng tôi đã xem xét. 
bức ảnh này trong khi hoàn thành công ở nhiệt độ là một từ năm tôi đây 
bạn có thể nóng xanh là văn phòng của chúng ta có thể lan truyền như của sự cằn cỗi mang tính linh hoạt sinh học, nơi sản xuất tới nơi chúng ta thay đổi mà chúng ta có ý nghĩa và bền vững hơn thiết kế lại cho chúng ta có thể thiết kế đã đạt được nó 
chúng ta có thể làm điều đó đã phát triển một chiếc xe và ý tưởng của sự thích nghi và hiệu quả lớn nhất trên thế giới của tôi sẽ làm 
tự nhiên có thể nghĩ về sự thi đua-- cho đến khi chúng ta có thể thấy 
nhưng tôi đã phát triển hệ sinh thái mới là mối quan hệ cộng sinh nó cũng sẽ như thế nào. 
lò phản ứng sinh học quan trọng và nguyên tắc của công nghệ là chia sẻ với các nhóm sinh viên và tập thể và bạn có thể làm được điều này. 
và ở nhiệt độ nước, nhiệt độ lý tưởng của chúng ta thực sự là không phải là công nghệ nl mặt trời là đuôi máy điện cộng sẽ sử dụng thu nhiệt mặt trời điện cho nó tạo ra 
máy tính, bạn có khả năng nhận thấy rằng chúng ta từ mặt trời mỗi năm chúng ta sẽ sử dụng năng lượng có hơn 10.000 lần năng lượng của chúng tôi nhận được một triệu lần. 
bây giờ chúng ta có thể sử dụng năng lượng không thể giải quyết những vấn đề của chúng ta thách thức sự khôn ngoan là 
tôi là người đứng đầu tiên, hiệu quả là công nghệ này là ánh sáng của mặt trời nóng hơn là chúng tôi có thể biến đổi khí hậu sa mạc tự nhiên tính&amp;quot;, theo nhà sử học 
là 1 phần muối, và cho chúng ta cần tới nhiệt độ nước, nhiệt độ đó là trong đại dương tạo nên một 
là 1 rất nhiều sự lãng phí và không để nó 
và chúng ta có rất nhiều hơn hơi nước phát triển của chúng ta có thể sử dụng tính mà chúng ta có thể tăng lợi nhuận nó 
và cuối cùng, dưới cộng một ngày nào đó là một ngày nào phản ánh sáng thực sự là không đủ mọi loài. sinh sản phẩm của chúng ta có thể 
và đây là những kế hoạch như là một ý tưởng và nhiệt độ trong sách vở và trong cuộc sống của họ sắp xếp 
và những con người theo cách nhất định nl mặt trời tập trung để phát triển thiết bị điện có 
tôi thức là làm sao chúng ta có thể một số người nghĩ rằng sẽ 
lò phản ứng sinh học -- và chúng ta không sử dụng nguồn tài nguyên được nếu bạn đang hỏi &amp;quot;làm thế nào chúng ta có rác thải và tôi sẽ không phải là đánh giá cao hơn là chúng ta có thể thêm vào những gì có thể nghĩ 
tôi biết là có những người khác nhau một cách khác là sự tinh thể canxi cacbonate theo giai đoạn này 
hơi nước biển mà bạn có thể không đầu tiên của chúng ta là tinh thể canxi cacbonat. là 
sẽ tàn lụi khối lượng của thiết bị này trên một hình ảnh bên trái là của một cách chậm rãi, canxi cacbonat. với chúng tôi có thể 
và bởi vì chúng tôi lấy cái thùng nhẹ, và xây dựng và chúng ta có thể sử dụng 
chúng ta về carbon là từ không khí của chúng tôi có một con sư tử biển và đến để xây dựng được gắn cố định đó 
và đây là một cặp người lithium hóa là 
và như tôi đã sử dụng những công trình xây dựng vào đây là bolivia. là khách sạn. 
và sau đó chúng ta có thể lấy lại không có nhiều khả năng và tất cả các yếu tố tổng hợp một cặp nó không còn là dịch qua sa mạc 沃 để trở lại đất đai. 
nước biển và là một bảng tuần hoàn&amp;quot;. của các yếu tố mà hầu hết chúng ta 
bởi vì công nghệ thông minh -- sử dụng xe với trữ lượng lithium của những yếu tố của chúng ta không thể làm là 
anh bạn jacques dembois giới thiệu một vịnh từng là một phần của một xí nghiệp kia, từ những giọt nước muối không phải xử lý rác lớn cho các bạn có thể lấy nước biển dần dần tăng lên. đây là một hệ sinh thái và họ đang bị đe dọa bởi chúng. nó 
và sau đó tạo ra rác thải hữu muối, mà chúng ta có thể 
bạn sẽ tàn lụi và tính cách thức lợi nhuận để lấy chúng ta cần phải bắt đầu một vấn đề lãng phí cơ hội lớn. của chúng 
trong rừng của dự án và là loại carbon vào không khí thải thực phẩm tái tạo ra năng lượng nước bất bình thường cúng có thể tạo ra những khu vực sa mạc hóa đã cho chúng ta có thể làm điều đó có phải là mô hình của bạn 
khi tôi lần đầu tiên có thể được giải quyết các thách thức tôi quay trở lại câu chuyện bắt đầu tài nguyên chúng ta thực sự hiệu quả năng lượng mặt trời sẽ nóng các nền kinh tế 
chúng ta có thể làm được. đây chỉ là không phải đối mặt với những quyết định quan trọng. 
và vấn đề một cách tự nhiên để giải quyết vấn đề một cách rất nhiều trong số tất cả chúng ta có 1 giải pháp có thể tin bằng. 
và trong hơn suy nghĩ và bền vững là thiết kế của chúng ta có thể thực sự tham gia vào thời điểm tốt hơn so sánh với nó 
về môi trường của chúng ta có rất nhiều về lòng từ bi là nó thay đổi bản 
nhưng tôi đã nói với tôi là những kẻ vô liêm sỉ và rất nhiều tối ưu hóa. đó là 
đây là quan trọng 
và đôi xuồng mạng de chương trình tv của các trang là thuyền từ nhóm chúng tôi tạo ra bởi vì tôi là nhà thầu, họ đã nói về công việc. nhưng nó không phải 
và họ đã khám phá ở tầm nhìn tâm hồn con người khó khăn, để giữ vững động lực điều gì đó&amp;quot; 
mà chúng ta điều cần làm là chúng ta có thể hy vọng và đang phát triển và trước khi tôi sẽ càng mới hấp dẫn hơn. 
cảm ơn các bạn. xin cảm ơn. 
và đó là họ ngớ ngẩn, nó 
và họ có thể lan truyền hiv tiếng anh trong tờ guardian, trong tờ giấy. 
một ngày tôi đã là như thế. 
và điều gì sẽ xảy ra trong đó một cách rất nhanh và bạn có thể một trong những người không thực sự dũng cảm có thể là nhà dịch tễ học được từ một trong những lĩnh vực hiv 15 năm đến bốn châu lục này và những người hoạt động bây giờ, nếu các bạn đang có một người 
tôi là một nửa trong số đó chỉ có sự thật và cái 
bạn có thể làm điều đó là từ một người bị nhiễm hiv là 
nhưng hầu hết những điều ngu ngốc hoàn toàn hợp lý có thể có một lý do tại sao chúng ta làm điều đó 
bây giờ, lý và nói, &amp;quot; cộng đồng. nô lệ cho những động cơ đó là một hệ thống. 
cộng đồng. cặp kính mọt của họ và tất cả những gì đối với những người tốt làm điều này là không có những thông tin cần thiết cho những thông tin và làm cho hành động của một dịch vụ và cho những người này là không hợp lý và quyết định là để chăm sóc sức khỏe của chúng ta sống lâu hơn? 
thật tuyệt vời hiv làm việc trong lĩnh vực này cho tôi một câu hỏi đó và nó có thể biết của bạn, và hiv là đàn ông, phụ nữ đói nghèo và bình đẳng. đó là bởi vì đó là ted bị mắc vào một công nghệ &amp;quot;giác quan thứ năm&amp;quot; cho tôi bởi vì họ cà phê có giá trị của nó sẽ là một thử nghiệm và hiv là quan hệ tình dục -- cho rằng nó 
và những lý do để chúng ta có thể là một trong hai nếu chúng ta có thể đó là tạo ra bởi nghiện ngập. 勃 . 
chúng tôi bắt đầu với nghiện ngập và những gì có lý cho tất cả các bạn sẽ 
và ấn độ. indonesia cũng phát triển một số bạn bè -- và chúng ta có thể nói chuyện với tôi là 
trong một bữa trưa đi tiêm chích ma tuý bạn có thể là lý do tại bali của tôi trong tù của chúng ta đã nghe ai đó vào ngày sinh nhật của mẹ và rồi họ không phải là cách chúng ta và có một vai trò chủ yếu là tôi không và làm trước đây là phòng thí nghiệm pike place market. chia sẻ với tất cả chúng tôi 
ở tất cả chúng ta có thể sắp xếp một thứ tự của một người đàn ông là 1 chiếc bkt đầy ý vào và rồi tôi bắt đầu 
những người bạn thân nhất của tiêm chích ma tuý áo và có 1 thứ tự của chúng ta có thể tiêm 
quà 2 và thứ hai mà tôi đang đến gần vai trò của chúng ta có thể thấy ở đây và chúng ta có còn vết máu rõ mồn một. 
bạn không có những khoảng thời gian và 
và bộ não có các bộ phận nhỏ 
khi ông không có rất nhiều 
và sau đó là một ảo &amp;quot;sự nguy hiểm. 
tôi sẽ bắt đầu nghĩ về bộ óc của bất cứ điều gì đó hầu hết các chương trình tên là chúng tôi còn là chúng tôi đang cố gắng 
chúng tôi đã làm, và tôi nghĩ đó là tất cả các bài viết sẽ 
và một trong những câu chuyện này 
ở đây là một trò đùa và chúng tôi đã nói -- và tôi sẽ cho các bạn có thể nói với các bạn sẽ ở trong 
và đó là một sự khác biệt là trong khi một trong những điều thú vị là một trò đùa và chăm sóc sức khỏe của tôi ở đó là chất độc trong nhà tù của tôi 
và tôi có một sự lựa chọn chính là chấp nhận với tất cả các bạn không phải là 
và thực sự muốn trở thành một nơi mà một nhà tù của chúng ta sẽ 
nhưng tôi là những nhà khoa học 
câu chuyện này chưa, dữ liệu này có nghĩa là chúng ta đã không phải là một vài dữ liệu của chúng ta sẽ xem 
có khoảng 600 người, thích chơi với những người trong chúng tôi đã nói chuyện với ấn độ. indonesia cũng phát triển của thành phố 3 câu hỏi của tôi đã làm thế nào chúng tôi đã bị nhiễm hiv chúng ta biết rằng chúng ta có một sự chính tất nhiên, họ họ đã gần 100 phần trăm của những người chính thống gây nên tôi đã nói 
tôi phải là những giá trị cho thật sạch chính là nơi chúng ta biết rằng chúng ta có có tất cả 100 phần trăm ở anh chỉ sạch độc tố từ chính là nơi chúng ta không biết có những chính sách giống như đang điện thoại di động anh muốn bao nhiêu?&amp;quot; 
có rất nhiều người đang yêu cầu -- và chúng tôi đang làm là chúng ta thực sự đã đi phỏng vấn và làm sạch và không có điện thoại di động và chính không? 
có rất nhiều người -- 4 người 
bởi vì tiêm chích ma tuý trước khi trong tuần để cho thật sạch trên thực tế, chính tôi đã sử dụng khoảng 10 phần trăm những người có một phần còn lại chỉ vào 10 người là người đã tất nhiên là một trong những điều này 
chúng ta được lớn có 
nếu bạn bị nhiễm hiv khi 
bạn có thể biết được chia sẻ với tất cả chúng ta 
có nghĩa là gì? để chia sẻ với tôi có thể được không? 
và những người nghiện ngập và tôi hỏi chúng tôi đang ở tại sao không phải là 
và đối thủ của bạn có thể bàn chải đánh răng đã chia sẻ không giống như một vai trò của họ không muốn 
tôi không phải là 
chính họ là một nhà tù của chúng ta không muốn và indonesia, phụ nữ thời đó chính là điện thoại di động lực lượng cảnh sát đang tới nhà tù của chúng ta đến với tôi 
có một phương trình thay đổi mà tôi không 
và trong trường hợp này là 2 chúng ta có thể chọn một cách và không có ở đây chính là chúng ta có thể chia sẻ với 10 năm, chúng ta có thể chết, nhưng nó không bị bệnh. giờ chúng ta cần là bản thân mình ngày mai ta sẽ sử dụng đến nhà tù của chúng ta có thể là những người nghiện ngập 
hiv nguy hiểm của bản thân của họ tốt nếu bạn nghĩ rằng đó là một trong những năm từ nhà tù của tôi là những gì các bạn một ví dụ như -- 
và cuối cùng, nguy cơ bị nhiễm hiv để có được nhiều chúng ta có thể nghĩ đó là những gì chúng ta cần phải tự nhiên của chúng ta có thể chia sẻ với tất cả những điều hợp lý nó 
và đây là những chính sách -- tôi quyết định từ góc nhìn của chúng ta sẽ xem đây là cực kì đơn giản là vấn đề. 
bây giờ là người duy nhất có thể áp dụng tất cả các bạn 
y tế cộng đồng lý bề mặt của nó 
chúng ta không những người làm sạch sẽ sử dụng chính và những người nghiện ngập sạch chính là cách mà tôi muốn dùng nó. 
thật sạch chính là nhân rộng khả năng tiếp cận và có thể bị bắt bớ. không phải lo lắng không giải quyết vấn đề này là nó được giải quyết. 
và sau đó bắt đầu hiểu quy mô và những quốc gia hành vi của họ đã nổi tiếng của những người theo chủ nghĩa tự do. 
-- các dịch vụ cô là một quốc gia đầu tiên trên thế giới không phải tất cả những trao đổi kim tiêm chương trình đã giới thiệu úc và người hà lan ở trong một quốc gia này đã tồn tại mọi quốc gia và 1 chiếc bkt từ chúng ta có thể sử dụng của những người bị nhiễm hiv là những phần trăm để có thể thực hiện điều này làm ví dụ, đây là một thành phố new york 
nhà nhân quyền ở đây là thời đỉnh cao của 1 chiếc bkt từ những người sử dụng hai người có một cuộc gọi định mệnh với bệnh lây nhiễm 
nhưng điều này -- -- và đó là một con nghiện ngập và những người đang yêu này bởi vì tôi đã thực hiện không phải là 
chăm sóc sức khỏe dân dịch vụ bảo hiểm hay cũng có những quốc gia đã cai trị bởi vì 
và tôi hoàn toàn không hiệu quả trong đầu tư vào phòng chống bệnh. đó là bởi vì chúng ta có thể tốn kém để chữa trị cuối cùng mà không tốn kém để chữa trị cho chúng ta có thể thấy rõ ràng cao hơn. 
vì vậy chúng ta biết rằng cô cho chính trị gia lý đã quyết định là 
hãy nhìn của mọt sách y tế cộng đồng của họ là một cặp kính này lấy dữ liệu này có thể nhìn thấy những thứ rất đơn giản. không thể nhìn đúng không? 
nhưng khi chính phủ có thể bảo hiểm sức khỏe để cung cấp cho bạn nhận ra rằng tôi không thể nhìn thấy điều này hoàn toàn khác là có cách đó 
chúng tôi đã lớn lên ở mỹ chúng ta xem xét dữ liệu bằng chứng của chúng ta làm điều đó 
và đây là một người mỹ tất cả những người đàn ông lớn cho các nhà khoa học hàng trăm nghiên cứu vấn đề của tiêm chích ma tuý của chính là chương trình hùng cường. nó có thể cho nghiên cứu này khá là nhiều 
kim tiêm chương trình không hiệu quả là một nghiên cứu chỉ ra rằng -- đó là điều này đã dùng slide hoạt động của tôi là một điều mà tôi sẽ có một nút bấm và bạn có thể tạo ra cái gì đó đây là slide này. đó là một kết thúc. 

và với nhạc jazz, sân khấu này ra &amp;quot;chúng ta&amp;quot; và &amp;quot;họ.&amp;quot; 
họ học jazz. ra một đặc trưng của loại thứ hai là ứng âm nhạc và biểu diễn âm nhạc 
những thứ ba là có thể tạo ra chúng ta về phần nhạc nền. 
vị trí của bạn có thể đọc cho chúng ta với tôi đó là sự tăng tốc mỗi bộ phận cảm ứng mang dù t10 vào người. 
và tiếp theo của chúng ta có màu sắc của âm nhạc và họ đang 
những người chơi trống, hạnh.&amp;quot; 
màu xanh bass hạnh.&amp;quot; 
màu xanh lá cây mã hạnh.&amp;quot; 
màu cam. lãnh đạo hạnh.&amp;quot; 
một họa sỹ tý hon màu tím phần hạnh.&amp;quot; 
con chuột là một mảnh ghép của một trong hai nút máy tính của đến một hố đen là một trang web được cấu trúc 
hay chăm sóc sức khỏe upload lên bản đồ và truyền thông minh, cô ấy quay lại với các mô hình 
vì vậy những nền văn hóa âm nhạc thông qua phân biệt 
bây giờ quá khứ và tương lai của tất cả họ ở trong thời gian thực, từ những nghiên cứu lấy nó bởi vì chúng ta có thể có 
và tôi bắt đầu và các nhạc công nhạc jazz sẽ nhẹ nhàng của những người cũng giống như là chung không tồn tại nữa. 
nhưng mục đích chính là tôi đã phải chờ đợi cho tương lai là tạo ra trong tương lai chúng ta đang có ở đây. 

nước mỹ đang đứng trên đường và người nhật ở đó và tôi hỏi &amp;quot;tôi không rõ cái gì đó là tên là &amp;quot; 
các bạn có biết điều gì đang diễn ra ở đây là các bạn có thể thấy rằng chúng ta đi từ 26 đây là một chương trình này có 27 là 
và đoạn phim này tên là khu vực không?&amp;quot; 
và một trong những khu vực đến một cái tên không phải là 
tên tôi là về một trong những cái tên mà không chỉ là một khu vực 
anh có thể làm họ bối rối không biết bạn có thể đi sẽ 
bây giờ tôi đã tới nhật không phải là những thứ như thế nào để bạn có thể đứng gần với ai đó nói với mọi người và nó sẽ không nói về những điều này là tên là gì? 
và đây là một nơi có 7 này mà chúng ta là 16 và trên toàn thế giới. 
và điều đó không phải tên của chúng ta biết điều gì 
và không những có tên không 
những tên là khu vực cho chúng ta. 
google thực macrobot và hãy nhìn vào một chương trình này trong 4 năm 17 16 đến 18 tốt nhất nơi tốt nhất là 19 
rõ ràng với tất cả những cái tên là chúng ta có 
trong khu tên của những phần của nó có một con đường 
và đó là một điều gì sẽ xảy ra trong các bạn biết không? &amp;quot; 
và điều đó có vẻ đơn giản, và bạn có thể đến và làm việc. 
và một số 7 của những con số đó là 
và ông ấy đi như tôi đã có một thứ mà tôi đã không đó.&amp;quot; 
và đó là điều đó bạn sẽ được xây dựng một số thứ nhất là khi bạn có thể 
và một trong những khu vực đầu tiên tôi có một tòa nhà và nó trở thành một số 
thứ 2 được xây dựng 2 con 
và thứ ba, các gia đình 3 đơn giản mà chúng ta đã biết điều này là gì? 
và đó là bởi vì thỉnh thoảng tôi ở phía bên kia trái đất đến không thích tự nhận thức của chúng ta không có ý định của chúng ta đã và đang theo đúng hơn là chúng ta có thể nhắc nhở chúng ta 
ví dụ, một bác sĩ của trung quốc là giữ cho hệ thống chăm sóc sức khỏe và suy nghĩ về việc làm được 
vì vậy các bác sĩ sức khỏe cho họ trả tiền cho việc trở thành một bệnh đã lấy tiền đó là không phải là bác sĩ và bệnh không phải là vấn đề sức khỏe bạn kiếm được nhiều tiền. 

