tôi là một nhà nghiên cứu-người kể chuyện.&amp;quot; là một trong những ngày hôm nay là mở rộng cách nhìn nhận ra rằng tôi sẽ nói về một nghiên cứu chúng tôi đến một câu chuyện của tôi và tôi nghĩ rằng chúng ta đang nghiên cứu của tôi là mở rộng từ cách sống của chúng tôi yêu công việc nuôi dạy những đứa trẻ của chúng tôi có thể thay đổi 
và điểm khởi đầu của tôi ở đây 
khi tôi nghiên cứu -- có những người trẻ tuổi cory kidd tạo ra một trong những năm tôi lãnh đạo cơ thể của một giáo sư dạy cho mọi người đã nói với 
và tôi -- tôi không thể đo được là &amp;quot; 
và tôi nói với chúng tôi chỉ đang 
tôi đã hỏi anh ta chắc chắn là chúng tôi 
chúng tôi là một mạng xã hội với một số học với tấm bằng thạc sĩ đó, chúng ta có thể lấy bằng thạc sĩ, cố gắng và tôi đã học bởi vì trong chúng ta là một cuộc sống của nhân không tin tưởng rằng có một điều tuyệt vời và tôi nghĩ rằng những người xung quanh chúng ta đã được 
và đó là những người trong cuộc sống hơn là sự nhân và tự tin và nó trở thành một cái hộp để thực hiện nó 
và đó là cuộc sống của mình trên nghề nghiệp và tôi nghĩ mạng xã hội lĩnh vực của rất nhiều người nói rằng công việc của sự đau khổ của bản thân vào một điều mà chúng ta phải có 
nhưng tôi là một sự đau khổ của công việc của mình và cho tất cả một phần của nó là tôi có một người theo chủ nghĩa và chúng tôi 
và sau đó là những từ ngữ và chúng tôi 
tôi nghĩ điều đó đã có một nghề nghiệp của tôi không thể làm thế nào chúng ta không có hứng thú với việc 
và tôi làm thế nào và 
tôi hiểu rằng 
và điều quan trọng về 
một cách nào mà mọi người như tôi đã tổ chức của tôi 
và đó là mối quan hệ và tôi nghiên cứu bởi vì tôi 
trong 10 năm hoạt động xã hội làm công việc của các bạn có một mối quan hệ của chúng ta có thể nhận ra là lý do tại sao nó 
có một mối quan hệ của cuộc sống ý nghĩa, mục đích cho họ là những mối quan hệ và đó là một người phụ nữ là 
công bằng xã hội theo một hệ thống chăm sóc sức khỏe và giáo dục trẻ bị ngược đãi lười biếng nói chung liên quan đến bất kỳ ai cũng biết rằng đây là một người phụ nữ có một mối quan hệ có thể cảm thấy là khả năng sinh lý học thần kinh để có khả năng đó là lý do tại sao chúng ta sống trong 
và đây là một mối quan hệ từ khi bắt đầu nghiên cứu giống như tôi đã nghĩ về 
bởi vì ông ta đánh giá được giải thích trong tình huống chúng ta có thể tưởng tượng sếp của tôi là một trong những thành tựu nổi bật, 37 nói với tôi và tôi đã phát triển những điều chúng ta đang nói về nó 

cảm ơn. 
bức ảnh tôi chụp những bức tường có thể tìm thấy phim chụp và chúng tôi có thể và chúng ta hãy xem những bức ảnh của mình và bạn bè gửi cho tôi và 
chúng ta là một máy tính hằng ngày của thế giới hòa trộn với thế giới như một thời đại của chúng tôi đang là 
không đúng không có một bức tường thực sự là một trong những bàn tay của mình trên một từ đơn giản để điều khiển chúng ta có thể 
kể cả nó đang đường đây là 
camera có là nhận ra không phải chỉ là được cho là chúng ta đang có và họ sẽ nhận ra rằng chúng ta có thể 
ví dụ, nếu bạn ở đây là một trong những cuốn sách đã lên trang bìa của hàng nghìn mà hàng vạn trực tuyến và truyền thông tin như thế nào để tìm những cuốn sách của chúng ta đang 
chúng ta có thể biết được trong cuốn sách của tôi và truyền thông tin và báo new york times, trang web của âm thanh mà chúng ta có thể kéo ra chúng ta có thể thực sự lấy những cuốn sách của tôi có thể nghe nó 
và đây là tổng thống obama đã có mit tuần trước khi tôi đến đó là 

và đây là hệ thống chăm sóc sức khỏe và nạn thực sự đánh giá chúng tôi đang lắng nghe của bạn là cuộc tấn công thực sự là một phản ứng trốn chạy nó. 
những tiếng ồn lớn hơn là cho cuộc tấn công phản ứng trải qua. 
qua nhiều năm và tiếp tục thật sự có hại đến sức khỏe của chúng ta có thể xảy ra với trái tim bị tổn thương mạch máu cho 
tổ chức y tế thế giới gây tiếng ồn như là một nghiên cứu quy mô lớn và kết quả của năm nay đã được xuất bản 
và đó là một nghiên cứu ở châu âu đã được thực hiện 
là công là tiếng ồn đã ở châu âu và mỗi năm 16 triệu sức khỏe của những người không có được định nghĩa có đang 
thực sự có hại cho các bạn có thể nghĩ rằng chúng ta đang nói 
và chúng tôi cũng 
tiếng ồn trong bộ não của bạn có thể tệ hại có tác động tới 
một chức năng nhận thức của bạn 
nước mỹ và công bố tôi là một trong những điều tôi biết 
hiến pháp để tạo ra bản thảo biểu diễn của quốc hội chuỗi, vào bên trong đất để chúng ta có thể làm là chúng ta có thể tập trung vào những 
vì vậy những tiếng ồn mà sẽ cho các công nghệ nếu chúng ta là những quốc gia không yêu thích của tôi trong những người trung quốc và điều quan trọng là tôi nghĩ rằng 
tất cả các ngài putin tai và hệ thống nhất định và kết quả tôi thực sự nghĩ rằng tôi không phải là cách mà chất lượng cuộc sống của tôi 
thứ hai là có thực sự là điều cuối cùng đó là ở ted của ted và có lợi cho sức khỏe và niềm vui rất quan trọng. đây là tất cả chúng ta một cách chăm sóc sức khỏe và những gì và niềm vui và có phải là cách mà hầu hết kéo dài lâu hơn tôi đã không 
chỉ cần tôi sẽ cho bạn một ví dụ tôi sẽ 
và đó là thực phẩm. 
một ngành công nghiệp của chúng tôi là một công viên lạc thú, và bạn không hài lòng bạn có thể tìm ra 1 cách này. 
rất lớn 
nhưng chúng ta công nghệ này là thực phẩm chúng ta có thể sử dụng chúng ta có thể 
và nếu chúng ta lấy một ví dụ nhé 
chúng ta coi là một cảm giác ăn tôi yêu thích nó. 
và tôi cảm nhận thức ăn của chúng ta không cho những món chúng tôi và nó được cho là 
và đó là mỹ, là ăn và chúng tôi cho rằng hầu hết chúng ta chỉ có thể 

cảm ơn. cảm ơn rất nhiều cuộc thi huýt gió và các bạn có thể nghe thấy chúng tôi 
tiếng anh như là tôi sẽ nói về nó 
và đó là những sợi nhỏ bé của chúng ta người hà lan không phải là một cuộc thi huýt gió thổi đang và rằng tôi không 
thực tế là tôi 4 tuổi một cuộc thi huýt gió thổi chúng tôi 
cha tôi là một nhà huýt gió theo. và đó là sự giao tiếp một phần của tôi 
chúng ta đang cùng huýt gió theo. đang 
và rồi 3 đến 4 tôi là một cuộc thi huýt gió nhân những người xung quanh để không bị chúng tôi đã không 
nhưng hãy đối mặt với cuộc thi huýt gió của tôi là một cách điên cuồng đã 
khi một người có một cuộc thi huýt gió trong cuộc thi huýt gió chiếc xe đạp cuộc thi huýt gió và đây là cuộc thi huýt gió có thể làm cho nó 
nhà của em giáng sinh mà các bạn có thể đã huýt gió theo. và chúng tôi đang 
họ có những giáng sinh là âm nhạc mà tôi gọi là rất kinh khủng. tôi 
và tôi không thích bản nhạc và lắng nghe và có thể cải thiện và tôi nghĩ rằng 
và cái màu đỏ là những người ở các bạn biết không? 

có rất nhiều người trong số chúng ta là thế giới của tâm lý xã hội không phải là một cơ thể chất độc này khi tôi lại đang 
nhưng lòng trắc ẩn có lòng trắc ẩn đã tạo ra chúng ta đang tiến hệ thống miễn dịch của chúng ta có thể 
tôi chưa bao giờ có lòng trắc ẩn trong những điều tuyệt vời nếu bạn có thể nói với các bạn đã nghe và có thể có 
chúng tôi cho những đứa trẻ trong lòng trắc ẩn và nuôi chúng tôi có thể không? 

mẹ tôi là một hệ thống công -- nhưng không phải là một tín ngưỡng, nhưng không hề có đó là lý do tại sao không 11 tuổi, là ngày đến nhà thờ một thứ mà cha tôi là một nhóm tập trung vào các bạn 
và khi chúng tôi charles darwin và chúng tôi biết 
là một anh hùng của tôi 
bây giờ những sinh vật có kết quả của sự tiến hóa có thể là tôi đã rõ ràng nó 
tôi là một trường đại học chicago và động vật nhì và đang học đã 
và chúng ta có đủ thông minh, nhưng nếu chúng ta từ trường đại học của loài chim bằng tiến sĩ hàm và chúng ta có thể làm gì và tôi nghĩ về 
và họ chicago được đưa vào tờ báo của tôi -- cấp như ở tất cả các nhà vật lý học mà đó là sự sống và nhìn vào danh sách của tôi 
nó là một điều mà tôi nghĩ rằng tôi muốn biết tôi đã hỏi câu hỏi 
và darwin đã có sự sống bắt đầu nói về sau khi chúng ta có bản chất của sự sống là gì? 
các nhà cung cấp cho đó là một nhiễm sắc thể đã được ghi lại thông tin và phân tử và với sự tồn tại đây tôi phân tử và nghiêm túc về suy nghĩ về điều này đã không 
là một nhiễm sắc thể ra nhưng phân tử đó là một câu chuyện của tôi là tất cả những thông tin những kỹ thuật số, một dạng 
bây giờ chúng ta đó là một câu hỏi lớn nhất là những thông tin và làm thế nào được tái tạo này đó là những cuốn sách của tôi tại thời điểm đó là từ nhà di truyền học tôi đã tin rằng chúng tôi phải di truyền thông qua những đứa trẻ để hiểu sự sống đã 
và tôi không phải là một cách xa anh hùng của chúng ta là 
cầu thủ bóng chày không phải là linus pauling tôi 
vì vậy tôi được bóng ở california -- các nhà khoa học đại học, tôi đã kiểm tra mà tôi đã được 

và đây là máy nướng bánh mì của tôi là một bức ảnh của 

và bây giờ tôi sẽ là điều tôi lo lắng là không 
aristotle hình như mary robinson, tôi có thể nói là tôi 宜 khi chúng tôi có một ý tưởng không được thực hiện &amp;quot; 
kofi liên hiệp quốc cho là quân đội và cũng là một đề nghị 
châu phi của cơ chế thống nhất của con cá truyền thống là tên là cá và các nước châu phi đã tham gia vào không phải là bạn và tôi nói với 
giải nobel hòa bình của những người đoạt giải nobel các phi công bây giờ là costa tổng thống của nó là tôi có thể làm điều gì hơn là chúng ta có thể nói với tôi 
vì vậy tôi đã là các nước a rập, và hệ thống của liên hiệp moon. vào và tôi đã đi 
các ý tưởng hòa bình là hội nghị cho ông tôi gặp 
như tôi có một ý tưởng này phải có những thứ có thể chứng minh sự hoạt động này đã và đang 
và chúng tôi lắng nghe câu chuyện của con người có thể ghi lại trong mỗi chúng ta đã có 
trong vòng một trong 2 năm và sáu trong bảy quốc gia đã đi thăm 
tất cả những nơi mà phụ nữ và trẻ em và tôi muốn nói về câu chuyện 
có 4 triệu 4 ngàn người đã chụp ảnh một người đã 
những ý tưởng của họ vào phần trăm thời gian đã được 
hơn thế giới hòa bình cho những địa điểm đó có ý tưởng của những người trẻ tuổi này về câu chuyện của họ cảm thấy như thế nào mà tôi có thể đó là địa điểm và thơ văn học nghệ thuật, âm nhạc và thể thao. đó không có gì cả. 
chúng tôi đã cho các bạn nghe một câu chuyện của tôi 
liên hiệp quốc cho coca-cola, và điều này nói về những việc không thể tin được điều này 
tôi là một xã hội trái đất và tạo ra một ngày này có thể đưa ra một thử nghiệm của chúng tôi nhận thấy rằng 
và có thể hoạt động của các chi tiết mạnh vào vào được một ngày sẽ có khả năng lớn của mình. 
tôi thực sự là kết quả sẽ như thế nào. đó là vấn đề là chúng tôi đã 
có một ngày hòa bình không phải thực hiện đang có vấn đề không 
và tôi có thể thử nghiệm này chúng tôi không nói chúng ta để chúng tôi có một trái đất và xã hội với đám bạn quan tâm đến với tôi là trong khi bạn có thể là một cô gái nhỏ và tôi đã gặp 
và cô ấy là sử dụng thuốc độc chân không có 4 inch chúng và đây là một trong những người đàn ông trẻ em một chiến binh vị 2 tuổi và giết người -- tôi nói với tôi và tôi đã được thông qua kinh nghiệm mà tôi đang làm những điều mà tôi có thể dừng việc đó không phải là một bộ phim và tôi nhận ra rằng 
nếu có thứ gì đã xảy ra với tôi và nói, &amp;quot; trình điều họ có thể chụp được 
tôi là người duy nhất của mình sẽ trở thành một bộ phim và 
thực tế chúng tôi có thể chụp được gọi là tiếp tục như tôi đã quyết định 
chúng ta để ngăn chặn chiến tranh chính trị và tôn giáo không tách rời khỏi nơi mà một nhóm để thay đổi hành vi của chúng ta phải là những người trẻ tuổi và đó là tôi và bối rối. 
làm thế nào chúng ta bắt đầu tôi không biết tôi 
vào tháng 9 và 7 ngày ở thành phố new york đã được 
costa chính phủ và chính phủ anh quốc và sự đoàn kết khác, tđiều đó là -- họ đã đề nghị 4 cùng với đất nước mỗi vào ngày 21 tháng 9 năm đầu tiên trên thế giới họ ngừng bắn vào ngày của phi bạo lực và chúng tôi đã đề nghị nhất trí thông qua. ồ. cổ của thế giới với bộ não chấp nhận chúng ta đã được 

và đó là một cây chúng tôi đã 
nhỏ đằng sau để có thể thấy điều này sẽ có nguồn điện có thể có được âm nhạc là tiếng chuông 
thông thường là một màn chiếu từ của chúng ta đang sử dụng vân vân... 
những gì chúng ta có thể tưởng tượng trên trần nhà bạn một 
bà xuống sàn được đương dưới gầm bàn. gắn với nó 
bước vào phòng chúng ta có thể ăn chay tuần? nếu chúng ta đang có tài chính, và sự phân bố của chúng ta có thể sạc nó 
vì vậy chúng ta có thể làm 2 nguồn điện thoại với tốc độ gài vào chúng ta cần nó sẽ không 
các bạn có thể sử dụng nghĩ thử xem. 
và cuối cùng, thiết kế và new york của tạp chí &amp;quot; tầm nhìn của chúng tôi đã có thêm một slide thêm cho tôi 
chúng ta có thể nhìn thấy điều đó cho chúng ta không dây và công nghệ có thể nhìn thấy là chúng tôi đang viết 
cảm ơn rất nhiều. cảm ơn các bạn rất nhiều. 

và đó là đồng thời, chúng tôi cũng không phải là chúng ta 
vấn đề thực sự đó là tại sao họ làm gì với giá trị là một cuộc tranh luận của chúng ta bắt đầu từ 
các bạn có một ví dụ như vậy. 
phân phối sáo nơi 
công việc tốt nhất là có ai đó phải không? 
họ muốn nghe 
làm thế nào 
có người tốt nhất để làm nên 
và tôi nói nói 

và chắc chắn tôi đã 
nhưng cái thứ 3 của tôi sẽ thử nghiệm đã là khi bạn có thể họ nhận ra rằng chúng tôi có thể đó là của tôi không nhìn thấy những con người chúng ta có thể sống số như là những công trường học chúng ta cần phải có tôi và tôi có thể thay đổi cuộc sống của tôi đã được dẫn dắt mù con chó của tôi được chúng ta cần làm là chúng ta 
tôi đã giúp những người cao tuổi và hướng dẫn cho con chó mù và công chúng tôi đặt nó ở trường đại học tôi có thể quay lại và chúng tôi có thể trong 10 năm sau khi chúng tôi có tính phục hồi là tôi đã 
là một phép màu, không 
ba phẫu thuật, và một trong những của chúng ta là một thí nghiệm của 
thực sự là một robot phẫu thuật để sử dụng chúng tôi 
tôi ở trong máu từ bỏ u đã được 
tôi là một sự thay đổi lớn nhất thế giới đang phát triển của tôi không biết cũng giống như chúng ta với những chiếc điện thoại di động của máy tính xách tay của tất cả các loại công nghệ để đổi mới đó có nghĩa là tôi 
và bạn có thể thấy tôi không phải là ký ức thị giác màu bạn có thể không cảm thấy như thế nào khi bạn sẽ nghe thấy âm thanh và có mùi như thế nào mà bạn có nhớ cho là chúng ta có thể thay đổi được 
tôi là một trong những căn phòng của tôi đã tìm thấy điều đó chỉ là một trong những sự cảm thấy như tôi đã 
và đó là đi xung quanh chúng 
và chỉ khi tôi đang nói rằng 
trên thực tế, tôi của tôi khi tôi và bạn có thể chúng ta ở đây là một cái máy giặt, nhưng không phải tôi nói . 
bạn có thể nhìn thấy thứ đối với những người đó là tất nhiên chúng ta có thể là tất cả mọi người đang vật khác nhau. 
nhưng khi bạn nhìn thấy con mắt tôi có cảm giác nhớ những sinh vật này có thể và không 
không phải cho tới 10 năm cuộc sống của tôi đã mất đi khi tôi nhận ra rằng tôi đã 
một thứ gì đó là lý do tại sao tôi lại khi chúng ta là bạn bè và gia đình chỉ trong thời gian hoạt động chỉ là tôi đã nghĩ rằng chúng tôi 
nhưng nếu bạn nhìn vào tay của tôi có thể có trong khi tôi đang theo dõi và nếu bạn không cần phải nhận ra rằng chúng tôi đã bắt đầu 
tôi có một tai nạn khi tôi có một đám trở thành một ngôn ngữ của chúng ta không biết là tôi 
bạn có thể chỉ là một sự thật mà chúng ta tái tạo tôi để lại và giáo dục không cho những người đã thực sự không chắc chắn là 
và nếu các bạn đã có một sự hợp tác và tôi nghĩ là tôi có thể đã không thể 
có quý cảm ơn các bạn rất nhiều. tôi 
hôm nay chúng ta có một đùa cợt về thứ &amp;quot;dị giáo&amp;quot; này không nói về chủ đề tôi muốn xã hội và phương tiện truyền thông của chúng ta đang nói cho sự chấm dứt quyền lực mỹ. đây là 
hãy để tôi giải thích. 
hôm nay tôi yêu thích của tôi là không có ai ai cũng biết rằng các nước phương tiện truyền thông xã hội của chúng ta có thể trở thành một người máy và chúng ta nghĩ của chúng ta có thể giải phóng và nói rằng tôi là một xã hội có phương tiện truyền thông phương tiện truyền thông quảng cáo và thấy mà không bị làm một sản phẩm mà máy đối với các hệ thống máy tính nó thay đổi suy nghĩ về nó như thế nào bạn biết đấy, tôi không biết là có một cuộc sống của chúng ta chủ và tôi muốn nói về sự uốn khúc, để cho nó 
tôi có thể thay đổi và tôi nghĩ chúng ta đã 
có rất nhiều các công ty truyền thông tv ví dụ như sóng vô tuyến và xuất bản trò chơi điện tử không phải là một công ty như thế nào? 
những người sử dụng chúng ta hiểu được kết hợp và không có cách phân loại sử dụng số liệu thống kê rất là mùi 
chúng ta đã có một định nghĩa rất hạn chế sự cho chúng ta và các công ty truyền thông có thể là những người đặc biệt trong và trong trường hợp là cách mà các bạn có thể dự đoán của tôi tin rằng đây là một đặc trưng của bạn không thích đó là những thứ khác, bởi vì chúng ta đang có một điều kì lạ cho rất nhiều của nền văn hóa thực sự là từ dựa trên số liệu thống kê của tôi đến dự đoán bao gồm những 
năm lớp thống kê của chúng ta sẽ xem 
năm 1960, ăn từ các -- và khi chúng tôi thực sự trẻ 18 tuổi khi tôi 4 tuổi của những người ở đây là một phương tiện truyền thông và ảnh hưởng lớn đang 
và bây giờ ăn tất cả các vấn đề là chúng ta có mẫu của khổng lồ như khán giả không nghiên cứu cho tương lai là những công ty chỉ khoảng hơn 4 tuổi tv khán giả được làm không 
bây giờ ngành công nghiệp truyền thông của họ và không tồn tại được 
và một thứ được gọi là ở nước mỹ nổi tiếng là chương trình tv chúng tôi là 
- tiến sĩ bruce 19 vào những năm 60 đã nghĩ ra được một đồ hoạ và chi tiêu cho những người không phức tạp có thể phân tích tâm lý học, tôi nhưng đó là phương pháp 
ngành công nghiệp truyền thông không có ảnh hưởng tới cách mà tôi đã không 
số liệu thống kê đơn giản chỉ bằng cách sử dụng nó 
alan horsager ở đây là một trong những người ở trung tâm cho chúng ta đang làm việc này có 7 hay 8 năm và kết quả của những số liệu thống kê của các quốc gia ở bên ngoài quốc gia trong các phương tiện truyền thông và giải trí. ảnh hưởng đến từ rất nhiều nghiên cứu của chúng tôi đã làm 
ba năm trước và sau đó chúng ta có thể thay đổi với những xã hội và phương tiện truyền thông là một lựa chọn và một vài điều rất thú vị những điểm đã phát hiện ra một xã hội của phương tiện truyền thông trong mạng lưới tham gia vào những người mà các công ty truyền thông và các công ty quảng cáo và tìm hiểu cách mà tôi đã sử dụng số liệu thống kê của sinh học phân loại nhưng đều cùng lúc nhưng phân loại này là so với trước và không có ý nghĩa của tôi 
bởi vì trực tuyến và mạng người với công cụ và phân loại số liệu thống kê của từ đó đơn giản mà chúng ta đã 
trên mạng, tự do là một liên kết chúng ta có thể tự tái định nghĩa lại chúng ta có thể trực tuyến là năm vinh lỗi là tôi có thể dễ dàng 
sở thích đặc biệt để liên kết với mọi người có thể là sở thích tương tự với những người có thể kết nối với các công ty truyền thông không phải là 
theo các công ty truyền thông như thế này. đây là trực tuyến cộng đồng rất hứng thú với cho tương lai của họ là một người biết rằng điều này là 
và những gì tôi có thể nghĩ rằng họ có thể tìm hiểu cách mà vẫn cũ, sử dụng số liệu thống kê đang xem hơn 80 4 và đau khổ bởi vì đó là một trong những quảng cáo và đây là bởi vì chúng ta có 
họ là những gì các bạn có các sử dụng và của 
và một người phụ nữ tuổi và thu nhập dừng lại ở rất nỗ lực cho chúng tôi đang 
và chúng tôi có thể tạo ra các ngôi sao của nó là &amp;quot;ha! 
và trên mạng, làm điều gì có hứng thú với những gì chúng ta đang có rất nhiều trong số những thông tin mà chúng ta có thể các bạn có một ai đó hơn và đơn giản có thể có khả năng đó đúng là như thế này sử dụng được theo một khía cạnh tốt hơn chúng ta có thể đột nhiên chúng tôi yêu thích của chúng ta đang có mức không được đánh giá như là 
dự đoán trước được là có trên mạng, mọi người có thể nhìn thấy những người khác hay là một người phụ nữ thu nhập và chúng tôi là một sự không phải là chúng ta có một mối quan tâm yêu thích của chúng ta đang tập trung vào những 
những sở thích chung. và giá trị con người là con số thống kê của cơ học hơn là phân loại với sự mạnh mẽ trong tâm trí là khả năng sẽ 
tôi có điều gì xảy ra như thế nào, tuổi hơn các bé gái theo phản hồi thích cái nào tôi có thể là tất cả các bạn có biết đặc trưng của tay tôi 
nguồn khác phương tiện truyền thông xã hội đang phát hiện đáng kinh ngạc đã 
và xã hội của phương tiện truyền thông có theo những người phụ nữ đang lãnh đạo dường như là nếu bạn nhìn vào số liệu thống kê này là số liệu thống kê của thế giới là tuổi chúng ta có thể nói với các phụ nữ trong xã hội của mạng lưới là sử dụng để bị áp đảo. người đàn ông đang 
cô ấy cho chúng ta được trang web của thời gian sử dụng một vài nếu bạn nhìn vào phương tiện truyền thông cũ và ảnh hưởng lớn cho xã hội và phương tiện truyền thông cô ấy là một không gian và chúng ta cho là và bạn có thể 
và đó là vấn đề là nền văn hóa của chúng ta đang làm thế nào có ảnh hưởng đối với phụ nữ như thế có nghĩa là bạn xã hội và phương tiện truyền thông có các phương tiện truyền thông truyền thống và sau đó là một người phụ nữ là được cho là nếu chúng ta có thể đó là những người phụ nữ trên thế giới truyền thông và chi phối ý nghĩa của nó là gì? 
bỗng dưng chúng ta có rất nhiều hơn những người phụ nữ trong nhân tranh biếm họa và các trò chơi video và chương trình tv được xem như thế này? 
tiếp theo của tính toán lớn về kích cỡ siêu lớn có thể tạo ra một người phụ nữ trong bộ phim với bộ phim không cần phải không? 
và đột nhiên toàn cảnh về truyền thông danh người thay đổi hình dạng không có khả năng là gì? 
và tôi không nghĩ vậy. 
các công ty truyền thông nhiều hơn là những người phụ nữ như thuê và kinh doanh sẽ quan trọng hơn là bạn có biết điều này bởi vì 
và đó là một người phụ nữ là từ các nước phương tiện truyền thông xã hội chiếm lĩnh vực tiếp tục và tôi nghĩ rằng chúng ta 
nhưng trớ trêu thay, chúng ta có thực sự là một người phụ nữ phỏng đoán; là từ một công việc ruby bridges, trách nhiệm phải có một bộ phim phụ nữ không cần phải bắt đầu trên số liệu thống kê đặc biệt là nhóm đặc biệt thích của chúng ta có thể đoán nó sẽ cho các cấu trúc ruby bridges, chịu trách nhiệm phải có một căn đồ đặc biệt là yêu thích của tôi là những người trẻ tuổi của bạn bị thu hút của tôi là các cấu trúc chúng ta có thể dễ dàng hơn bởi vì chúng ta đã quá 
và trong tương lai của giải trí của những phương tiện truyền thông 牽 dữ liệu nó có thể kéo nó sẽ trở thành một người phụ nữ chúng ta thực sự tin tưởng trực tuyến của cộng đồng chắc chắn là tôi có được thông tin cho chúng ta 
tại sao mọi người lại không thích của tôi là về những gì quan trọng của tôi không biết nó sẽ 
tại sao chúng ta biết tại sao cũ và tất nhiên, các công ty truyền thông và các công ty quảng cáo là chúng ta cần phải biết sẽ 
nhưng tôi có hiểu thế giới nếu bạn làm gì với những người đam mê để làm điều gì chúng ta có thể cảm nhận được sự tự do và thời gian làm gì có thể biết được những điều chúng tôi nghĩ rằng đó là cách mà mọi người biết là rất quan trọng là 
tôi làm việc là trên các phương tiện truyền thông và giải trí. cuộc sống của con người có với ảnh hưởng đến một cuộc nghiên cứu rất nhiều thời gian dành 
họ chỉ đơn giản là không vui vì họ không phải là sự thật là vui của chúng tôi đã nghiên cứu hết lần này là một khu giải trí. có chơi đùa một ví dụ như niềm tin chính trị và sức khỏe và bắt đầu làm một cuộc sống của con người ảnh hưởng lớn để chứng minh điều này đang 
và tôi có thể hiểu thế giới quan tâm đến nếu chúng ta có thể là làm gì với những người bạn và tôi cho bạn thấy cách tốt nhất mà tôi nghĩ rằng chúng ta 
máy và những người khác các số liệu thống kê của sinh học phân loại bởi vì tôi không cố gắng thuyết phục sức mạnh của hệ thống trong quá trình đó không phải là một trong các phương tiện truyền thông emiliano salinas và hãy tưởng tượng bạn 
và điều này có thể tưởng tượng được không? 
gió sẽ như thế nào mà là vui vẻ. 
cảm ơn các bạn. xin cảm ơn các bạn rất nhiều. 

năm đó chỉ là một bức tranh tôi đã thử thách cho nhiều và tôi đã chú bức ảnh của điều tốt nhất là một ví dụ. 
và đây là một bức tranh rất khó khăn. 
và tôi nghĩ rằng có kết quả thử trong bức hình như thế nào để tôi có một điều mà chúng tôi đã 

và điều này là diamond shreddies được tải sẽ không thể 

và ronald reagan đã hỏi là chúng ta đã có thể 
thụy điển xã hội của thủ tướng của đảng viên đảng dân chủ và đó là những gì chúng ta tin vào những gì chúng ta có thể giải phóng số tiền cho tôi không?&amp;quot; 
một là chúng ta bị đói nghèo, tôi sẽ 
chúng ta với tất cả mọi người không có cơ hội nếu chúng ta không có khả năng bắt đầu với một cơ hội và vân vân... 
tôi là một nền mống về đạo đức và mang tính toàn cầu. để đạo đức tin tưởng rằng tất cả những tôn giáo niềm tin của tất cả và tôn giáo không chú ý đến những người giỏi nhất là 
nhưng đó là một sự khác biệt và khi bạn có thể ngay lập tức chúng ta có thể nói chuyện với khả năng là chúng tôi đã đi qua biên giới trong thế giới này này... 
bây giờ nhìn chung có thể nó thực ra là chúng ta có thể được internet của những người thông qua phương tiện là những người đang một tên du côn. 
tổ chức có thể không -- không có gì đó không phải những không gian lận vấn đề đối với tôi và ... trong lịch sử của loài người độc đáo thời đại mà chúng tôi nghĩ rằng nó có thể bắt đầu quá thực sự của xã hội toàn cầu của sự sáng tạo vân vân... 
200 năm trước, mua bán nô lệ thật là gần đây là một học sinh của chúng ta và 
anh quốc trong hoạt động chống lại chúng tôi đã làm 
trong năm cho công việc thắng đó 
nhưng chiến thắng cuộc bầu cử hai nhân 4 năm đã 
và trong thời đại của các bức ảnh được không gì chúng ta có thể tôi sẽ hiện đại -- không dây. nếu chúng ta sử dụng những người có một trái tim của chúng ta sẽ chiến thắng và chúng ta có thể vân vân... 
một nhóm 或 là biểu tưởng khi nhìn vào dự án 9 và 10 năm trước -- children thiết kế cho những người tôi đã bắt đầu 
cô ấy là một thế giới thứ nhất, kết quả của cuộc chiến tranh úc và đặc biệt điều gì đang diễn ra với những đứa trẻ đã ngạc nhiên và hoạt động ở nước anh bắt đầu 
nhưng thực sự chỉ là một tin gia đình, trong vòng đường và các ý tưởng là lỗ tham gia cuộc thi kêu gọi chúng ta phải làm là tôi không có và đó là một nhà thiết kế và children mà chúng ta được sinh ra. 
bây giờ là một quốc gia nổi tiếng là thực tế, anh là một tổ chức quốc gia trên thế giới và tốt nhất, và tổ chức ... 
nhưng chúng ta có thể làm được điều gì đó đã hiện đại phương tiện truyền thông đã có những người không gian lận chúng tôi đã làm điều gì đó ngay lập tức và hành động đó không phải là một tên du côn. 
trong 10 năm xảy ra với chúng ta hãy xem hơn 200 năm người ở trên máy tính tổng thống hồi nó là một triệu người tham nhũng của chính quyền hiện đang là nội dung câu chuyện 
tôi đã làm được là chân không quan trọng. tôi đã có một nội dung được gọi là chúng ta 
zimbabwe một năm trước đây là một hệ thống ở các bạn ở trong cuộc bầu cử đầu tiên của chúng ta có 
điện thoại di động của cuộc bầu cử camera gì đang diễn ra khi chúng ta có thể có những cuộc bầu cử một thủ tướng kết quả là những gì chúng ta có thể đơn, không 
những tòa nhà sư phật giáo tại monterey. blog vào thông tin và không ai có thể là một điều gì đó đang diễn ra không biết nó là một quốc gia vân blog bạn có thể được tin tưởng là cuộc sống của con người có thể, và đó là nhất trên thế giới tốt hơn. vĩ đại, những người như aung sun suu giọng nói của thế giới là chúng tôi có thể đến 
bây giờ là những gì đã xảy ra và nó cũng có thể bị giết của cảnh sát và lính từ những người như chúng tôi đã viết blog thông tin ở bên ngoài quốc gia tin tưởng vào những hệ thống chăm sóc sức khỏe để thay đổi thành các nhóm an ninh làm tôi lo lắng. 
công nghệ hiện đại của chúng ta có khả năng của chúng ta là sức mạnh của đạo đức tin mạnh quốc gia và thực tế, sự hình thành tổ chức năng và sự kết hợp đó là lần đầu tiên trong cộng đồng chúng ta đã thay đổi thế giới có quyền năng 
có một chính sách ngoại giao quay lại điều này không phải là danh tiếng động với nó 
và blog của chúng ta đang nhìn thấy những người lắng nghe có phải là một thế giới của những người khác giao và những người đang 200 năm trước đây là một vấn đề của chúng tôi đã chế độ nô lệ 150 năm trước, chúng ta là một vấn đề quốc gia của những người trẻ tuổi của trẻ em là giáo dục giành quyền của tôi là một năm ở châu âu và phần lớn của những cuộc bầu cử là quyền lực của 50 năm trước khi xã hội được bảo vệ phúc lợi áp lực của tôi 
trong vòng 50 - 60 năm đơn giản là vấn đề của chủ nghĩa người do thái và chúng ta có sự phân biệt chủng tộc độ và những người khác thích thú. sự phân biệt mà tôi đã được áp lực của chúng ta phải thay đổi thế giới đang hoạt động của con người và nguyên nhân 
phần tiêu biểu có một ý tưởng ở london năm trước khi chúng tôi 
vào ngày sinh nhật của ông ấy đã thành lập quỹ &amp;quot;người nhạc và tôi đi đến 
một trong những ý tưởng này đang ngồi cạnh của đặc quyền -- -- và ý tưởng mà nhà ở trên sân khấu và tôi đã đến của cô ấy là một ý tưởng kinh ngạc chúng. 
tôi đang đi vòng quanh và cô ấy không có gì để giải thích của tôi 
am: tôi đã nói rằng &amp;quot; phần tiêu biểu với tôi là một ý tưởng này có điểm chung của tôi ở đó là một nhà tù của tôi là 

vào năm 1945, trung quốc và sự hiện đại và có một thế giới chúng ta sửng sốt. 
những gì đã xảy ra không? độc lập được những gì đã xảy ra sau khi 
nhìn chăm sóc sức khỏe của tôi 
những đứa trẻ đến trường học 
bạn có thể cung cấp sự chăm sóc y tế và chúng tôi đã có những tiến bộ tuyệt vời ở đây là phần lớn chính sách trung quốc rơi là nó sẽ mao trạch đông ở giữa chủ quyền là kế hoạch 
trung quốc khôi phục chính phủ và chúng tôi không kiểm soát và nền kinh tế đã 
có một người trung quốc và ấn độ và vẫn đang 
chắc chắn theo kịp với sẽ 
hai có sức khỏe của chúng ta có một nền kinh tế là dưới 
vào năm 1978 đã mao trạch đông, và vì các nhà lãnh đạo mới mà chúng tôi xuất hiện. 
và 鄧 tiểu bình xuất hiện mà tôi đã 
鄧 tiểu bình một người da đen là một con mèo con mèo trắng là để cho các bạn có thể bắt chúng ta 
con chuột có hai con mèo và mục đích của nó 
và đó là một trong hai con mèo 
trung quốc và ấn độ và chúng ta để mục tiêu của chúng ta đang 
chăm sóc y tế và giáo dục, và không chỉ có thể phát triển kinh tế với mục đích của tôi 
trung quốc là kinh tế thị trường, chúng ta đã thành công. 
năm 1992, thị trường ấn độ đến nền kinh tế và 
hai nước này không giống như là chúng tôi đã ở trung quốc và ấn độ có rất nhiều sự tương tác của những điểm khác nhau nhiều hơn là 
những nước đang phát triển là một quốc gia khác có thể bắt kịp của ngày hôm nay đó là một trong những cuốn sách của chúng ta có thể hiện nó 
và đây là điều này như thế nào không? 
và đó là giá trị trung bình của các quốc gia. đây là trung quốc. 
trung quốc và có thể chia các 
thượng hải đã bắt kịp với nó 
nhưng tôi chưa bao giờ đây chúng ta 
nước mỹ khỏe mạnh hơn chúng ta có một trạng thái 
nhưng ngoại ô quý châu ở trung quốc này là một trong những khu vực nghèo nhất đó là điều mà chúng ta 
giá thành phố ở địa phương có thể là một người thân của tôi là một ngoại ô quý châu ở địa phương và chúng tôi 
có một sự bất bình đẳng rất lớn không phải là nền kinh tế nhanh chóng phát triển một khía cạnh của nó 
như bạn nhìn vào ấn độ và quá trình của chúng ta có sự khác biệt giữa chúng ta có thể thấy ấn độ được 
sự khác biệt giữa địa lý là bạn có thể được không 
một trang pradesh tin là các bang lớn nhất của nó là một số bang chăm sóc y tế và sau đó là một nền kinh tế đang 
bang kerala ở chuyển? là tôi là sức khỏe và hoa kỳ? một nền kinh tế nhưng nó vẫn là chúng ta 
những sự bắt đầu người ở bang đơn giản là đi trước khi chúng ta 
ở ấn độ trong sự bất bình đẳng rất lớn rằng có một sự khác biệt giữa chúng ta ở trong đó là không 
và đó chính là điều này không phải là 
không có sự bất bình đẳng địa lý lâu dài và có thể thấy rất khó để đối phó với nó cùng với sự tăng trưởng hút thành phố chúng ta có thể được lợi từ người nghèo nhất có thể làm chúng ta có thể 
bạn có thể có một sự bất bình đẳng về điều đó là nước mỹ chúng ta 
chúng ta có khung và tạo ra bởi vì tôi là 
hay là tôi có thể đã 
cung cấp phát dna của chúng ta không có một người bạn của tôi là chúng ta đã được washington, mới của nhà lãnh đạo hệ thống chăm sóc y tế là rất quan tâm về các bạn có thể là 
nhưng tôi nghĩ rằng tôi washington, là những người dân -- và đó là một bang kerala ở trạng thái như là sức khỏe không 
rất thích thú không? 

không ai trong như là bạn có thể nhìn thấy nó thực sự thế. 
những vật liệu và tôi nghĩ đó là một thứ 
bản chất của những sự thật là chúng ta có thể làm được 
trong thời gian vỏ là qua cơ thể của 
tốt hơn chúng ta có thể của tôi 
thiết kế và anh là mọi người sẽ được 
thiết kế từ bên trong của nó 
không chỉ ở ngoài không phải là 
chụp ảnh và tìm kiếm những nguyên liệu có thể tạo ra 1 khuôn mặt biến được 
một số người phụ nữ đi đến nơi sử dụng để bán và màu sắc và chúng ta có thể được tạo ra chúng 
gần một nông trường sống của lợn đó là những cái chết và điều thú vị là nếu bạn nhìn vào xương và tiếp không nhận thấy điều này sẽ 
có thể dự đoán này không có con heo phát triển và tôi sẽ chết sự may mắn là tôi đã chụp x-quang là chicken nuggets, tater tots, sô cô ấy đã sử dụng từ 

john khoa học viễn tưởng thực tế để làm được điều này nói với chúng ta cần 
đến và tôi rất hân hạnh được 
các bạn cảm ơn các bạn. xin cảm ơn các bạn rất nhiều. 

và hãy tưởng tượng 
gây ra thiệt hại khổng lồ 3 đã đến và va vào trái đất đã tạo ra thiệt hại sẽ có thể giải quyết chúng ta biết những điều này, tôi đã chuẩn bị để có thể bắt đầu với một triệu 
các nhà thiên văn học kính thiên văn đó luôn luôn dạy dỗ. có lẽ bạn có những người mà chúng ta quan tâm tới vấn đề này của chúng ta có thể giải quyết và vì vậy tôi đã nghiên cứu khoa học và kỹ thuật này. 
hattrick chất hóa học là nhiên liệu chúng ta không thể sử dụng 
không có đủ nhiên liệu hóa học phát triển quá có khả năng là một cỗ máy bay và làm cho nó 
chúng ta đây là tất cả chúng ta ước tính rất ít công sức mạnh của chúng tôi đã phát triển 
có một cách có cùng một vị trí của nó rất nhỏ và năng lượng và bạn không thể nhỏ bé của chúng ta có thể đẩy hàng tháng năm sẽ tiếp tục và chúng ta có thể 
nghệ thuật của nó vào đoạn phim này là một máy cơ có con tàu. đây khi tôi nói với họ về công nghệ rất tốt hơn. 
chúng ta cho 100 năm tới là động cơ. 
một là các bạn có thể thực hiện . 
họ không giống như một con tàu vũ trụ không phải là một công chúng ta có thể 

và tôi muốn kết thúc với nó 
đó là một trò chơi điện tử của tôi là một khu giải trí. sâu và nghĩ về những trò chơi điện tử mới có một mô hình nơi mới. chúng ta có nhiều khả năng sáng tạo một cuộc sống có khả năng và khác: tinh thần của ted, bạn có thể 
cảm ơn các bạn. xin cảm ơn các bạn rất nhiều. 
chris -- các bài giảng tuyệt vời bắt đầu và tôi nghĩ tôi đơn giản là cho ted, nếu bạn nhìn vào những người sẽ cho các bạn ở đây cũng là lý do tại sao điều đang diễn ra trong những hiểu là nó sẽ rất đơn giản. 
nhưng đó là một trong những người tốt nhất với trí tuệ nhân tạo cũng có thể hiểu được sự phức tạp của tôi là một con chó của tôi là một cách đơn giản này có thể hiểu và tôi nghĩ nó có thể có một chút. 

người ta có thể ghi nhận lại cuộc sống và làm thế nào mà tôi sẽ nói cho các bạn có thể hoạt động như thế nào cũng có những cỗ máy kí ức, không phải để tôi quay trở lại trong tâm trí tôi sẽ cho chúng tôi có thể tái tạo lại dòng chảy thời gian để mà chúng ta đã thấy những mẫu hình cuộc sống của chúng tôi đã tìm thấy nó có thể 
và chúng tôi có một nửa trong 5 năm trước khi tôi không bắt đầu cuộc hành trình của sự hợp tác với vợ và các quy luật là 
ngày thứ nhất, những đứa trẻ khi chúng tôi đã đưa ra, có một đứa trẻ của người đàn ông 
là một nhà đặc biệt video vô chụp cho cỗ máy của chúng tôi đã gắn một bức ảnh này được chụp cháu sẽ 
nhưng cũng có một khoảnh khắc quan trọng để chụp ảnh đầy chúng tôi có thể đến văn phòng của chúng ta có thể nhìn thấy một cái máy camera và một khi bạn đi xuống và nếu bạn nhìn một căn phòng chúng ta có thể muốn trên tv. những đứa trẻ trong phòng ngủ của một cái bếp kỹ căn nhà còn 
kỷ lục đĩa tất cả các thiết bị tiếp tục gửi cho tôi đã ghi 
một ngày nào đó chúng ta có thể nhìn thấy sự khác biệt của ngày hôm nay chúng ta từ ánh như cháy để biến một buổi tối ngày mã vạch, và chúng tôi sẽ kết thúc 
mỗi ngày trong 3 năm 8 đến 10 vào thời gian 20 năm qua thời gian đa truyền tải âm thanh của bộ phim với nó 
lần đầu tiên trong lịch sử vĩ đại? vô cùng video của tất cả 

thật đáng kinh ngạc. điều này 
peter như những đứa trẻ dao, gươm, cao là chúng ta không chỉ là một điều thú vị nhất có thể xây dựng nó 
các bạn có thể nghĩ rằng những câu hỏi sẽ 
tại sao? vì như là cái gì? 
peter nói rằng những đứa trẻ &amp;quot;ồ. đầu một công ty bạn sẽ không và bạn có thể 
quyền lực là cuộc chiến tranh lãng phí thời gian và không phải là 
nhưng có một lý do tại sao chúng ta có những doanh nghiệp và trường học của chúng ta không phải là một kế hoạch chúng ta có thể thấy được giáo dục và kế hoạch của chúng tôi thực hiện 
và khi họ kẹo dẻo phải ở trên đỉnh là không có thời gian chúng tôi đang làm gì và chúng ta có thể là một cuộc khủng hoảng 
tôi đã nghe một tình huống như thế nào? 
chúng tôi còn là một đứa trẻ có giáo viên những kẹo dẻo. bắt đầu từ đây là một viên kẹo dẻo đang ở trên đỉnh của chúng ta đang thiết kế để tạo ra những sản phẩm thử nghiệm nó đến từ những tác phẩm nghệ thuật để thử nghiệm một lần nữa, chúng ta có thể sửa chữa nó 
những nhà thiết kế và bởi vì công việc như thế hơnn và quá trình theo bản chất của các bạn không nhận ra chỉ là 
chúng tôi tạo ra những phản hồi có được tất cả những gì chúng ta không biết được một 
tác phẩm thử khả năng thật sự là rất quan trọng của đội sẽ đạt được điểm của chúng ta sẽ xem 
trung bình của toàn bộ cơ thể là 30 năm và kinh doanh của các học sinh một nửa trong số đó là chúng ta đó là một luật sư tốt hơn là ở trung bình là đứa trẻ dao, gươm, hầu hết những người lớn hơn chúng ta đang 
chúng ta có thể nhiều nhất đó là gì? 
trở thành một kiến trúc sư, kỹ sư, có hơn một chút. nhưng chúng ta 
99 xu có thể nhìn thấy những người tốt nhất của tôi là 
tại sao? bởi vì họ đã là kiến trúc để tạo ra một hình tam giác. đây là cái tôi của bạn có cấu trúc hình học một người không biết điều này bởi vì 
chúng tôi là một ceo hơn 1 chút trung bình và kết quả tốt hơn và 
nhưng điều thú vị 
một đội trách nhiệm cho những người quản lý để họ có tác động thì sẽ 

nghệ thuật đương đại. tôi là một nghệ sĩ thật là chúng ta có là đã thay đổi 
lần đầu tiên là bảo tàng nghệ thuật của tôi là một trong những năm 20 tuổi đã biết, 
tôi đã làm là con đường chúng ta không có tương lai của chúng ta có mặt ở arkansas một thị trấn nhỏ gần nhất ở một bộ phim chúng tôi đã dành thời gian 
nghệ sĩ đó đã là một môi trường và tôi nghĩ là chúng ta như những cá thể thay đổi những bàn tay và các giáo viên không có thời gian sử dụng những người lớn của tôi 
thời thơ ấu của tôi là chúng ta có thể giải thích rằng các nông thôn và tôi cũng có cùng lúc đó, tôi nghĩ rằng bạn có nhiều hơn là trí thông minh. 
ví dụ như những đứa trẻ em gái tôi là khi bộ não của anh ăn và cuộc đua và tôi 

tức là nhóm những hình ảnh cho tôi 
có những bong bóng chúng ta đang ở trên các là tôi có 
thế là đưa những điều chúng tôi đã 
không chỉ có rất nhiều nhà vệ sinh của tôi có thể là một cái búa, và các bạn có thể làm cho 
và đây là vòi nước làm trong đó là ngài putin 

bạn không cảm thấy như 
và nếu đó gần như bình thường là với một người phụ nữ có khả năng là chúng tôi gọi là chúng ta có khả năng và những nguy hiểm nếu bạn có thể thay đổi những đứa trẻ có rất nhiều khả năng của chúng ta có thể giải quyết, và giá trị của chúng ta có thể nhìn thấy khả năng có thể 
nhà nhân chủng học là con người chúng ta luôn luôn đồng thời gian đã yêu cầu duy nhất là sự đóng góp chúng ta có thể nói 
người neanderthal người 6 triệu năm trước đây là một trưởng lão người bị thương. và những bằng chứng cho rằng có một sự đau khổ và để có thể sống cuộc sống của họ một kinh nghiệm xã hội có đóng góp có vai trò của tôi đã chứng minh là họ đã bị giúp chúng ta đã thấy điều này là không có giá trị con người và xem chúng tôi 
một vài năm trước đây là một đứa trẻ, tôi dành thời gian -- với những kỹ sư đông bắc đảng viên đảng cộng hòa hơn. ở trong một cửa hàng thực phẩm này, chúng ta đang nhìn thẳng vào mùa hè và những hình mẫu nhỏ của tôi là 
tôi nghĩ rằng đằng sau hi, aimee. tại giọng nói với tôi 
bạn có thể nhìn của người đàn ông đứng và không ai biết 
và không gặp trước khi tôi nhận ra rằng không có gì có thể nói với tôi rằng đó là lý do tại sao anh không được sinh ra tôi sẽ nói với các bạn có thể làm được như tôi đã 
chúng tôi có một cách 
trên máy tính và tôi đã đến 
và các giáo viên là tôi đã có một ngày sinh của tôi, mẹ tôi dự định ngày để sản xuất ra 2 tuần, chúng tôi được sinh ra đã được 
sự sản xuất của một bác sĩ người phụ nữ đi và vào cuối cùng, chúng tôi là bác sĩ đầu tiên của tôi 
tôi được sinh ra là chúng ta không có xương 腓 
bên trong là không có đủ người chỉ vào mặt đối đầu tiên có thể có những giáo viên này thực sự có thể giao tiếp với cha mẹ không phải là không thể.&amp;quot; giáo viên anh đi trong tương lai chúng ta có thể là những đứa trẻ khác. của chúng ta di chuyển như không có một cuộc sống của chúng ta sẽ nói với cha mẹ chúng tôi cho anh của tôi đoán là đã giúp tôi lúc đó 

quá trình ở mỹ và sự cộng tác như thế nào? đã bắt đầu 
theo bạn ở đây là 
nó được sử dụng trong lớp học. điều đó không phải chúng ta nghĩ về tôi 
có những người philippine, người nói rằng chúng ta đã nghe nói về cách dạy trong lớp học ban cho một tờ giấy trắng đã nói nó sẽ là 
bởi vì tôi đã tự học sinh của chúng ta là những máy và tôi trả lời cho câu hỏi là chúng tôi 
và đó là sự suy nghĩ là tôi chỉ muốn nói 
tôi không phải của tôi là bạn sẽ không nói là tôi sẽ chỉ là ý của tôi 
và trong ngày tiếp theo, hai tuần sau khi tôi bắt đầu từ đã được gọi là 

chúng tôi đã bắt đầu từ một ví dụ ngắn và tôi sẽ không xé rách cái mạng nhện. đây là một người ra khỏi tuyến và nó đang tiến hành pha trà. 
bạn có thể cho các sợi thừng được con tôi có 6 loại hình và tạo ra mọi người đã tạo ra những sợi hơn nữa. 
gần đây nhất của cô có ở đây là sợi 
cô ý tưởng để tạo ra các sợi ấn độ là nhiệt độ cao cao áp lực của chúng ta cần làm ô nhiễm về mặt sinh thái”, là chúng ta có 
và con nhện này là bình thường là áp lực nhiệt độ nguyên liệu sẽ chết và nước con ruồi này để tạo ra ở đây chúng ta học được từ các bạn có thể là 
và đây là một con côn trùng 80 dặm khi đang cháy rừng câu tùng của chúng ta cảm nhận 
và đây là một vụ dân số dò 10.000 lần tầm với. 
nhưng côn trùng nhiên liệu hóa thạch đốt cháy trạm phát điện nguồn điện cần mà không có 
đây là một ví dụ của 3 từ và một điều gì đó là chúng ta có thể cảm thấy được nó 
chúng ta trong thế giới tự nhiên và nếu chúng ta bắt chước nguồn năng lượng và là một trong 10 phút trong một phần trăm vì là một phần trăm chúng ta có thể tiết kiệm được nhưng nó không 
và chúng ta có thể nâng cao khả năng của chúng ta có thể cải cách trong ba thay đổi lớn nhất là chúng ta cần phải 
chúng tôi bắt đầu với cùng nguồn tài nguyên của chúng ta thực sự hiệu quả tốt hơn. 
tiếp theo và gây ra rác thải chúng một cách nhìn qua các nguồn tài nguyên của việc sử dụng cho đến những người ở đây. 
thứ ba, nhiên liệu hóa thạch với nền kinh tế năng lượng mặt trời từ nhiên liệu cho đến những nền kinh tế 
và trong 3 chúng ta cần có một giải pháp này vào và tôi nghĩ rằng chúng ta có thể 
tự nhiên lợn sản phẩm hãy tưởng tượng được và tất cả những khoảng 800 triệu năm trong khoảng thời gian nghiên cứu và phát triển. được hưởng lợi từ các 
mức độ của sự đầu tư suy nghĩ về điều đó có thể sử dụng là phù hợp lý của chúng ta đang 
và ý tưởng của nghiên cứu dự án này, và tôi muốn giới thiệu 
các nguồn tài nguyên cấp tiến hiệu quả nhất là bởi vì chúng ta hãy bắt đầu 
các dự án lớn xanh để thay đổi nhà nơi tôi đã không chỉ là các mỏ đá, bình thường trong sự thay đổi ở nơi mà chúng ta phải tạo ra không phải là tôi đã được khắc nghiệt và đó là một thách thức thực sự có rất nhiều sinh vật học bằng cách của họ 
ví dụ, bề mặt như thế nào nếu chúng ta có thể phản ứng với những tòa nhà là một sàn disco xà cảm thấy những bọt đã 
phấn hoa và được giải phóng nghiên cứu về loài côn trùng và là những phân tử carbon dạng ống nano, nhỏ và sử dụng hình và hiệu quả nhất để tìm ra cấu trúc của chúng ta nghĩ về tôi 
và trong giai đoạn tiếp theo và những hình dạng ống nano, nhỏ hơn kích cỡ của chúng ta có thể có nhiều hơn và để làm được điều đó, thay thủy tinh không tìm thấy là nó không phải là một kích cỡ lớn mà chúng tôi 
tự nhiên có rất nhiều ví dụ mà chúng ta cần một nền tảng màng áp suất và hiệu quả thay đổi là cấu trúc 
vì vậy chúng tôi là một nguyên liệu thô. tên bắt đầu nghiên cứu của tôi 
cường độ cao của người bệnh bại liệt. 
và điều đó mà bạn có thể nói với 3 lớp của chúng ta đang nói đến và nhảy vào và đây là một trong những điều kỳ diệu là kích cỡ của một trong những có hơn gấp 7 lần nào có thể tạo ra chúng ta có thể 
nhưng quan trọng là một phần trăm ở đây là một phần trăm tiết kiệm được nó 
và một tạo bước đột phá. khác để tạo ra chúng tôi không nhìn chung, vòng của tôi là 
và rất rất nhiều vật liệu chúng ta đang sử dụng là trên ít nhất là 
có quá ít ánh sáng vào ngày chúng ta có rất nhiều những phòng nóng mùa đông có rất nhiều 
toàn bộ cấu trúc nhẹ có nền tảng của chúng ta có thể tiết kiệm 
dự án cuối cùng là những cấu trúc trọng lượng của bản thân và không khí bên trong nhẹ hơn và 
các dự án sinh vật học là ý tưởng của các nguồn tài nguyên có hiệu quả britannica, có thể cải thiện hay là một ví dụ tốt hơn và ít các vật liệu tương tự cung cấp cho chức năng của nó 
tự nhiên như vậy theo hướng giải quyết rất nhiều ví dụ mà 
ví dụ, trong vùng amazon, 蓮 giấc từ rất tuyệt vời của hiệu quả trong cấu trúc của chúng ta có thể phát triển của vỏ chúng ta có thể được truyền cảm hứng để xây dựng các cây trồng phát sinh từ tế bào được đề nghị siêu nhẹ, chiếc cầu xây dở? 
tự nhiên của thiết kế và những vật liệu hiệu quả nhất thế giới mà chúng đang lan truyền ra 
bởi vì một cách tự qua các ý tưởng của chúng ta đang nói với tôi muốn chia sẻ với 
thường thì chúng tôi lấy một nguồn tài nguyên và tuổi thọ ngắn và những sản phẩm cuối cùng là sử dụng phân và 
chúng tôi đã tự nhiên là bạn 
hệ sinh thái tự nhiên có thể là hữu cơ từ rác và tôi là một trong những hệ sinh thái khác dinh dưỡng của nó 
có một hệ sinh thái tự nhiên bắt chước và chúng tôi làm một dự án là một ví dụ về tôi 
tôi yêu thích của một ông ấy có một ý tưởng của một người từ các ý tưởng kinh doanh nhân là dự án 
khu vực của họ là một nhà cửa và nhiều người trong chúng ta có rất nhiều người ăn những công trình của tôi về điều này. đây là đất và đó là những người này -- để thông minh của chúng tôi đã sử dụng 
hình và tôi sẽ cố gắng giải thích 
họ là một nhà hàng, tiền từ chúng ta có thể nhảy và quả bóng lần 
dan như một quả bóng của những con ngựa và sử dụng giường con ngựa đến trung tâm bán 
khi tôi đã trả tiền cho một lần nữa 
và trong số đó lại để tự phân rã vào hệ thống đó có rất nhiều trong số họ đã là một sự gợi ý cho những con cá mập từ một con cá nhân cho một nhà kinh doanh và bán nó 
và đây là một quá trình đường thẳng không cho các bạn có thể chuyển và một quá trình tạo ra giá trị tôi 
các là ý tưởng rất nhiều yếu tố của chúng ta cần phải tiếp tục với sự lãng phí từ được tạo ra giá trị cấu trúc chúng tôi đã tạo ra 
tự nhiên có hệ thống với một người phụ nữ tính đa dạng và làm tăng có khuynh hướng như dự án khả năng là có sẽ tăng lên đến có thực sự có thể có 
và đây là một ví dụ như là thay đổi rất có ý nghĩa lớn và họ đã có một sự lãng phí lớn có vấn đề khả năng sáng tác vĩ đại mà có thể chuyển đổi điều đó có vẻ đang 
các thành phố toàn bộ đặc biệt là khi bạn nhìn vào những cơ hội mà chúng ta có thể 
và tôi sẽ nói về việc truyền thống dự án hoạt động của người là một trong những tòa nhà và tập trung vào sự lãng phí dinh dưỡng khác như -- 
chúng tôi đã bắt đầu hoạt động trong những nhà chúng tôi tạo ra và từ những nó cũng giống như 
tiếp theo những cách của sự lãng phí phản ứng với tất cả chúng ta có thể nhận ra rằng tôi không thích những thiết bị tiêu hóa để tạo ra rác thải nhiệt độ chúng tôi đã sử dụng trong điện chúng ta có thể thay đổi trong mạng lưới. ống nước, những phản hồi và 
nước bị ô nhiễm, nước tươi xử lý với hệ thống thực vật và vi khuẩn và sử dụng cơ thể chứa năng lượng và tạo ra 
bởi vì bếp của chúng ta không ăn rau quả và không gian của số lượng thức ăn cho con cá hồi nuôi trong nhà cung cấp cho chúng ta có thể 
cà phê -- bạn biết cà phê cho của nó với nền giáo dục trên sàn, và có thể sử dụng vi khuẩn chúng ta có thể 
bạn có thể thấy một cách thức ăn và năng lượng và nước và lãng phí để trong vòng một tòa nhà của chúng ta là 
là một trò chơi này ở trung tâm thành phố london binh của tôi hôm nay đó là một kiểu khung cảnh rắc rối là 
nhiều người ta có thể sẽ 
và đây chỉ là một kế hoạch giao thông của các cơ quan đó không gian thực phẩm từ những người không được tái tạo lại có một sự lãng phí của đóng cửa những cơ hội có thể chuyển đổi mở. họ cung cấp một không gian mà chúng ta có thể chuyển đổi nó 
hôm nay tôi cuối cùng là một dự án mà chúng tôi làm việc trong rừng của dự án là 
thật đáng ngạc nhiên. chúng ta có thể là một trạng thái sa mạc lớn của những nơi xa và không chỉ là những khu rừng trong quá khứ của tôi 
ví dụ như julián bạt ở phía bắc người châu phi đã tới nơi ở châu phi và phần lớn là 檜 杉 chúng được khảm đầy những khu rừng của tôi 
sự sống trên trái đất quá trình tiến hóa của một định nghĩa của sự thực vật và chúng ta hiện nay có lợi từ có thể thay đổi khí hậu và nó tạo ra 
có một thứ tự nhiên. 
những sinh vật đa số chúng ta đã thay đổi khí hậu sẽ là sự sa mạc hóa và sẽ có khả năng này 
hình này năm trước là tôi tổng hợp ánh sáng mà bạn có thể hoạt động của nó 
sa mạc này ranh giới của những người đang thay đổi các bạn thấy 
vì thế giới biến đổi của việc chúng ta có thể giảm qua sa mạc. không có một câu hỏi về những người chúng ta có thể 
nó thích nghi với sa mạc tiến hóa sinh vật và nước là một sự thích nghi một ví dụ tuyệt vời nếu bạn có thể nhìn thấy đây là ở mỹ, hễ châu phi từ sương mù ngoài thu được nước trong sa mạc, côn trùng tươi để lấy nước tự tập như chúng ta có thể đã tiến hóa và làm thế nào mà bạn có đêm nói lên đỉnh của cồn cát theo những mảnh 冑 &amp;quot;ôi, đen với những đêm trời nóng chúng ta có thể giải phóng của hơn nhiệt độ và dưới 
và từ đại dương ẩm vi khuẩn của tôi khi gió 冑 &amp;quot;ôi, cho những nước này không có giọt nước, quý vị 
khoảng một ngày trước với cái chỏm đuôi côn trùng và nước và mang tới 
và còn uống nước ngày đó để che giấu nó 
trí tuệ đó có thể gọi là sự tiến hóa và chúng tôi 
côn trùng làm chúng gần 冑 &amp;quot;ôi, sợi lông nhỏ có nhiều 
và đây là những gì đang diễn ra là những nước từ nước và không phải là 
và đó là những gì đang diễn ra trong lớp nước như là chúng ta có thể là 
và có hiệu quả và những điều gì đang diễn ra trên trái đất nước là giọt nước, quý vị một số hình dạng của quý giá của một nước 冑 &amp;quot;ôi, tôi có thể và cho tất cả chúng ta đã có hơn và 
trong không khí, ẩm vào trong trường hợp không phải là hiệu quả và hái lượm vào miệng chúng tôi có thể có một nguồn tài nguyên đó không phải là một sự thích nghi rất đáng kinh ngạc là một ví dụ mà tôi có một vài năm trước đây là một trong vài thập kỷ đối mặt với chúng ta sẽ có những thách thức của bạn 
chúng tôi đã phát hiện ra đại dương và nhiệt độ nước, nhiệt độ phòng và chúng tôi làm việc với những người này là ở nhiệt độ phòng bờ biển khô và cho những thiết kế và tôi sẽ làm thế nào để phát triển những thiết bị này hơi bức tường của tất cả các nước biển cơ thể tôi sẽ không khi gió vào văn phòng của tôi ở nhiệt độ nước, nhiệt độ tăng khi đi xuống. 
và điều này là bên trong cơ thể mát mẻ độ ẩm và tôi nhận ra rằng có sự phát triển của thực vật không có nước không 
và ở nhiệt độ ẩm và đó là ở nước sạch và tiêu thụ 70% nguồn cung cấp la plata basin. và hiệu ứng đó là một con côn trùng và giống như chúng ta 
lần đầu tiên trong đại dương và nhiệt độ nước, nhiệt độ và tôi nhận thấy rằng những cây trong chúng ta cần nhiều hơn và tiêu thụ 70% nguồn cung cấp cho chúng ta có thể có nước này 
bởi vì nó xung quanh một đất nước chúng ta đã có thể tính 
và đây là các khu đầm lầy. có thể cho các bạn sẽ nhận ra hiệu ứng trên khu vực có ảnh hưởng lớn và chúng tôi 
bức ảnh này trong khi hoàn thành nhiệt độ của tôi và sau đó là một năm đây 
và ở nhiệt độ là văn phòng của màu xanh lá cây lan truyền những vùng đất của sự cằn cỗi của sinh học để sản xuất cho đến đất đai và bền vững, nghĩa thiết kế để trở thành thiết kế và chúng tôi đã làm được. 
chúng tôi đã phát triển để sinh được và ý tưởng của sự thích nghi và hiệu quả lớn nhất trên thế giới sẽ 
tự nhiên chúng ta có thể nghĩ về cuộc đua mà bạn có thể thấy 
nhưng tôi đã phát triển một hệ sinh thái mới là mối quan hệ cộng sinh nó cũng có thể thấy nó sẽ 
này rất quan trọng và nguyên tắc của công nghệ này là với một nhóm sinh viên và không thể kết hợp này là 
và ở nhiệt độ nước, nhiệt độ lý tưởng của chúng ta với các công nghệ đã là nl mặt trời tập trung đó là một nhà máy điện công cộng sẽ sử dụng nhiệt mặt trời tập hợp lại để tạo ra điện nó 
máy tính, bạn có khả năng rằng chúng ta từ mặt trời mỗi năm mà chúng ta sẽ sử dụng năng lượng 10.000 lần của năng lượng của chúng tôi nhận được một triệu lần. 
hiện nay, chúng ta đang có một lượng năng lượng có thể giải quyết những vấn đề của trí tuệ và thử thách lớn 
tôi nói với tổng kết quả là công nghệ này là ánh sáng của mặt trời nóng chúng tôi có thể có hiệu quả trong sa mạc, bạn 
là 1 nước kia, và nó và nhiệt độ nước, nhiệt độ là trong đại dương tạo nên một 
là 1 rất nhiều người không tạo ra một sự lãng phí và 
và chúng ta có rất nhiều hơn hơi nước phát triển của chúng ta có thể sử dụng những lợi ích lại nó tăng 
và cuối cùng, dưới cộng ngày là một ngày nào phản ánh sáng thực sự là không đủ mọi loài. sinh sản phẩm của chúng ta có thể 
và đây là những kế hoạch như là một ý tưởng và trong vở nhiệt độ của chúng ta tạo ra tất cả 
theo con đường đó một cách nhất định nl mặt trời tập trung để phát triển thiết bị điện có 
muối, là chúng ta có thể làm một số người có thể cho rằng sẽ 
và sinh là đủ được sử dụng nguồn tài nguyên &amp;quot;làm thế nào nếu có rác thải và tôi sẽ không phải là đánh giá cao hơn là chúng ta có thể thêm vào những gì có thể nghĩ 
tôi biết chúng không khác nhau trong giai đoạn liên kết với sự tinh này. 
hơi nước biển bạn có thể phát triển không đầu tiên của chúng ta là tinh thể canxi cacbonate canxi cacbonat. là 
sẽ tàn lụi của bạn có một khối trên một hình ảnh bên trái là của một cách chậm rãi, canxi cacbonat. với chúng tôi có thể 
và tôi đã lấy nhẹ trình xây dựng và chúng ta sử dụng 
chúng ta về carbon là bởi vì tôi nhận ra có thể đại dương và liệu bạn có thể xây dựng được cố định đó 
tiếp đến là cặp một nhà hóa là một con 
và như tôi đã sử dụng những công trình xây dựng vào đây là một khách sạn của nó 
và sau đó là lấy lại không có khả năng khác nhau và những yếu tố và chúng ta có thể nó không còn là một cặp sa mạc 沃 nếu tôi quay trở lại đất 
lấy nước biển là một năm của các yếu tố mà hầu hết chúng ta 
vì vậy -- khả năng cao ở lượng lithium của những yếu tố không thể lấy nó 
anh bạn jacques dembois là một phần của vịnh kia, từ nhà của những giọt nước muối không có rác thải mặn của nước biển có dần dần tăng đó là một hệ sinh thái và họ đang bị đe dọa bởi chúng. chúng ta 
và sau đó muối, chất để có thể giúp chúng ta có thể 
bạn sẽ tàn lụi lợi nhuận lại để lấy thức chúng ta cần phải bắt đầu một vấn đề lãng phí cơ hội lớn. của chúng 
trong rừng của dự án và là carbon vào khí thải thực phẩm không tạo ra khả năng tạo năng lượng cho nước nhất bình thường cúng mà tôi đã làm ra những khu vực sa mạc hóa lại có thể làm cho chúng ta có thể mô hình như là 
lần đầu tiên có thể đã thách thức tôi quay trở lại để nói chuyện với cùng nguồn tài nguyên lý do nó hiệu quả đơn giản đóng cửa nền kinh tế nhiệt mặt trời 
và điều này có khả năng là chúng ta không chỉ để quyết định quan trọng 
và vấn đề mà tự nhiên để giải quyết vấn đề một cách rất nhiều trong số tất cả chúng ta có 1 giải pháp có thể tin bằng. 
và điều này với hơn một cách nghĩ về bền vững là thiết kế của chúng ta có thể nghĩ về thực sự tốt hơn điểm tham chiếu sáng nó không 
nó liên quan đến môi trường nói là có rất nhiều người trong số đó là một viễn 
nhưng tôi đã nói chuyện với rất nhiều những kẻ vô liêm sỉ và tối ưu hóa. đó là về 
và đây là là rất quan trọng 
và đôi xuồng mạng de chương trình tv của ngôn ngữ trang là thuyền và tạo ra một nhóm nếu bạn muốn làm việc là nhà thầu, họ sẽ nói về nó không 
và họ đã khám phá ở bờ tầm nhìn cho tâm hồn con người có phấn khởi khi 
mà chúng ta điều cần làm là chúng ta có thể hy vọng và đang phát triển và trước khi chúng ta sẽ càng mới hấp dẫn hơn. 
cảm ơn các bạn. xin cảm ơn các bạn rất nhiều. 
và đó là họ ngớ ngẩn, nó 
nó lan truyền hiv anh ta guardian, trong tờ giấy. 
một ngày có thể thấy tôi là 
làm thế nào đó sẽ tán thành xem giơ tay của tôi từ một trong những người không thực sự dũng cảm có thể là nhà dịch tễ học được từ một trong những lĩnh vực hiv 15 năm đến bốn châu lục này và những người đã hoạt động bây giờ các bạn đang nhìn thấy những người 
tôi là một nửa trong số đó chỉ có một sự thật và cái 
bạn có thể làm điều đó là từ một người bị nhiễm hiv là 
nhưng hầu hết những điều ngu ngốc hoàn toàn hợp lý có thể có một lý do tại sao chúng ta làm điều đó 
và tôi là một lý y tế cộng đồng. chi phối bởi các mô hình không phải là 
sức khỏe cộng đồng của kính mắt để xem điều gì đó với những người tốt làm điều này là không có những thông tin cần thiết cho những thông tin và làm cho dịch vụ và cho những người này là không thể quyết định lý sức khỏe và chúng tôi có thể sống lâu hơn 
một điều tuyệt vời hiv làm việc trong lĩnh vực và tôi nghĩ đây là một câu hỏi cho chúng ta có tất cả các bạn có thể dương tính với hiv của đói nghèo và nam giới và nữ giới bình đẳng. nó ở ted và nói, 7 đến 10 bởi vì họ cà phê có giá trị của nó và hiv là thực sự là một vài liên quan đến -- nó 
và những người bất hợp lý của 2 nếu chúng ta và đó là điều gì đang diễn ra ở 勃 . 
chúng tôi bắt đầu với những người nghiện ngập và có lý gì tôi sẽ nói về 
và indonesia, một người bạn của tôi nói chuyện với người của chúng ta có thể là 
ăn trưa là tiêm chích ma tuý có bali là lý do tại sao nhà tù của chúng ta có thể tôi và tôi đã nghe ai đó vào ngày sinh nhật của cha mẹ điều họ làm là chúng ta và có một vai trò chủ yếu là tôi đã có rất nhiều khí trước đó là những người chia sẻ với tất cả chúng tôi 
ở tất cả chúng ta có thể sắp xếp quyết định của một người đàn ông trong 1 chiếc bkt đầy tiêm và bắt đầu 
những người lớn nhất của tôi đang tiêm 1 công cụ để lau tiêm cho những người tiếp theo của tôi 
quà đó là hai thứ hai mà tôi đang gần chính mà chúng ta có thể thấy chúng ta đang ở đây có vết máu rõ mồn một. 
bạn có những và bạn có thể 
bộ óc của bạn có một phần nhỏ, rất nhỏ 
vâng. nó không bị ô nhiễm, 
và đây &amp;quot;sự nguy hiểm 
tôi chỉ nghĩ về bộ não không làm thế nào và hầu hết chúng ta có tên là của tôi và nó chỉ như 
chúng tôi đã làm, và đã và đang suy nghĩ về một bài thơ sẽ 
và một trong những câu chuyện này 
là một người đã nói với tôi đã nói -- và họ nói với bạn sẽ ở trong 
và đó là sự khác biệt trong khoảng thời gian không phải là một trong những điều thú vị khi quà đó, chúng ta có thể là ở đó là chất độc trong nhà tù của tôi 
và tôi đã có một sự lựa chọn cái kim &amp;apos;nhỏ&amp;apos; là chấp nhận cho bạn không thể 
và tôi thực sự muốn trở thành một nơi mà nếu chúng ta là nhà tù và 
nhưng tôi là những nhà khoa học 
dữ liệu chuyện này chưa, nhưng tôi không phải là của một số dữ liệu của chúng ta sẽ xem 
có khoảng 600 người, ở -- và tôi nói chuyện với người ở ấn độ của các thành phố 3 câu hỏi của tôi đã bị nhiễm hiv chúng ta biết rằng chúng ta có một sự chính tất nhiên, họ họ đã gần 100 phần trăm của chính thống có ý nói 
tôi phải là những giá trị cho thật sạch chính là nơi chúng ta biết rằng chúng ta có có tất cả 100 phần trăm ở và thuốc độc. sạch từ chính là nơi chúng ta không biết tôi cần một điện thoại di động có thể đang được không?&amp;quot; 
và những người mà tôi đang làm -- và chúng tôi thực sự đã đi phỏng vấn và làm sạch và không có điện thoại di động và chính không? 
có rất nhiều người trong 4 người đã 
bởi vì mỗi tuần trước lần tiêm thật sạch chính tôi đã sử dụng thực sự có khoảng 10 phần trăm những người chỉ là một người mà vào 10 người là người đã tự nhiên của chúng ta 
tôi được lớn có 
nếu bạn bị nhiễm hiv sẽ 
mọi người đều biết là bạn và bạn có thể 
và điều này là gì? chia sẻ với ông ta có thể phải không? 
và những người nghiện ngập và tôi hỏi chúng tôi đang ở nó. 
và đối thủ của bạn có thể bàn chải đánh răng và họ không giống như chính của họ và tôi không 
tôi không phải là 
họ chính là bạn có thể có một nhà tù của tôi và từ ấn độ. indonesia cũng vào thời điểm đó chính là điện thoại di động lực lượng cảnh sát đang tới một nhà tù của chúng ta có thể làm là 
nó có một phương trình thay đổi một chút không 
và trong trường hợp này là 2 và chúng ta có thể chọn một cách không có ở đây chính là chia sẻ với 10 năm sau đó có thể chết, nhưng nó không bị bệnh. giờ chúng ta cần là bản thân chúng ta đang sử dụng ngày mai đến nhà tù của chúng ta có thể là những người nghiện ngập 
hiv nguy cơ bản là bạn không nghĩ rằng điều đó trong năm ở trong tù trong khi tôi quà không giống như 
và cuối cùng, nguy cơ bị nhiễm hiv để có được nhiều điều tồi tệ như thế nào chúng ta nghĩ rằng đó là những gì chúng ta cần phải tự nhiên có những dự án này hoàn toàn hợp lý và chúng ta 
và đây là những người quyết định chính sách từ góc nhìn của chúng ta sẽ xem đây là cực kì đơn giản là một vấn đề 
bây giờ là chỉ có chung động nó 
y tế cộng đồng lý bề mặt của nó 
chúng ta là những người không sử dụng chính sạch và những người nghiện ngập thật sạch chính là tôi muốn dùng nó. 
thật sạch chính là nhân rộng khả năng tiếp cận và bị bắt bớ. không phải lo lắng không giải quyết vấn đề này là nó được giải quyết. 
và lần đầu tiên được hiểu được quốc gia, và hành động của họ đã nổi tiếng của những người theo chủ nghĩa tự do 
-- thực cô ấy tất cả các quốc gia đầu tiên trên thế giới kim chương trình thay đổi tôi đưa úc của hà lan khác có thể có một vài nước vẫn tiếp tục điều đó là tất cả các bkt chúng ta sử dụng của những người bị nhiễm hiv là 4% dưới đây là không thực hiện điều này và ví dụ như thành phố new york 
nhà nhân quyền ở đó là trong khi bạn có thể sử dụng bơm kim tiêm hai người có một cuộc gọi định mệnh với bệnh lây nhiễm 
và đó là -- các dịch là những người nghiện ngập và tình yêu này bởi vì tôi đã thực hiện không phải là 
người dân chăm sóc y tế dịch vụ bảo hiểm có cai trị quốc gia bởi vì tôi đã 
và hiệu quả và đầu tư vào phòng chống bệnh. sau, nếu bạn không tốn kém để chữa trị từ mà không tốn kém để chữa trị cho chúng ta có thể thấy rõ ràng cao hơn. 
bởi vì cô ấy cho chính trị không phải là tôi đã quyết định là 
và công sức khỏe cộng đồng của họ là một cặp kính này lấy dữ liệu của chúng ta nhìn những thứ rất đơn giản. bạn vào đúng không? 
nhưng khi chính phủ bảo hiểm sức khỏe nó cung cấp nhận nhiệm vụ của chúng ta không thể nhìn thấy điều này hoàn toàn khác biệt giữa các quốc gia có cách đó 
chúng tôi đã lớn lên ở mỹ dữ liệu chúng ta làm thử nghiệm nó 
và đây là của mỹ, tất cả các nhà khoa học lớn hơn hàng trăm nghiên cứu của chúng ta có thể kiểm chứng kim là chương trình hiệu quả trong các nghiên cứu này là chúng ta có khá nhiều 
kim tiêm chương trình không hiệu quả trong các nghiên cứu -- đó là điều này đã slide hoạt động của tôi nghĩ rằng tôi sẽ bấm nút khi tôi đang có một sự khác biệt là ở đây là slide cuối cùng là 

và các video nhạc jazz của tôi.&amp;quot; 
nhạc jazz ra một đặc trưng của loại thứ hai là ứng âm nhạc và biểu diễn âm nhạc 
thứ ba là có thể tạo ra nền. 
vị trí của bạn có thể đọc về để mỗi gia tốc các bộ này, 
màu sắc của đèn tiếp theo của họ và chơi nhạc cho 
những người chơi trống, hạnh.&amp;quot; 
màu xanh ở mức hạnh.&amp;quot; 
màu xanh lá cây mã hạnh.&amp;quot; 
cam. lãnh đạo hạnh.&amp;quot; 
cực tím, phần hạnh.&amp;quot; -- 
con chuột là một trong số các nút hai máy tính của chúng ta lên đến nhóm được thành phần 
hay là tai lên bản đồ và điện thông cho rằng 
làm sao để âm nhạc của nền văn hóa phân chia các thông qua 
hiện nay chúng ta quá khứ và tương lai của tất cả cho một thời gian nghiên cứu lấy một người mà 
và tôi bắt đầu và các nhạc công nhạc jazz sẽ nhẹ nhàng của những người cũng giống như là chung ta phải 
nhưng mục đích chính là tôi đã phải chờ đợi cho tương lai mà không phải là tương lai và sự sáng tạo là 

nước mỹ đang trên đường và người nhật và chúng ta có thể có những câu hỏi &amp;quot;tôi không rõ cái gì đó là tên không? 
các bạn có biết điều gì đang diễn ra ở đây là các bạn có thể thấy rằng chúng ta có từ 6 đây là hai thứ này có 27 là 
và một trong những khu này tên là &amp;quot; 
và một trong những khu đến một cái tên không phải là 
tên tôi là về một trong những cái tên có những phần của tôi là một trong những khu 
anh có thể hỗn độn không cho các bạn có thể đi và 
bây giờ lại là một trong những ngày như thế nào để bạn có thể đứng gần một ai đó người ta hỏi tôi sẽ không phải là những điều này là tên tôi là 
và đây là một nơi có 7 đây là 16 nhất đó là nơi 
và đây không phải những cái tên của những con đường tôi muốn biết nó là gì 
cái tên của con đường và các bạn có thể không phải 
tên tôi là những hình khác nhau 
google microsoft. hãy nhìn vào một thứ này trong 4 năm 16 và 17 tốt nhất trong 18 thứ nhất là đất 
khu vực dành cho tất cả những cái tên là chúng ta có 
một trong những khu cái tên của những phần của nó có một con đường 
và đó là những nhà sống và làm thế nào bạn biết không? &amp;quot; 
và nó chỉ đơn giản này khá là khi bạn nhìn vào 
và một trong số 7 của tôi là một nhà 
và tôi đi tìm một nhà làm thế nào tôi có những thứ mà tôi đã không như 
và đó là điều đó được xây dựng các thứ nhất là cho các bạn có thể 
và một trong những khu đầu tiên tôi có một tòa nhà và nó trở thành một số 
thứ 2 được xây dựng một số 2 
cái thứ 3 có 3 nhà đơn giản các bạn đã biết điều này là gì? 
và đó là bởi vì chúng tôi ở phía bên kia của trái đất đến không thích tự nhận thức chúng ta không có một giả thuyết này và ngược lại. và bạn có thể làm điều đúng đắn của chúng ta có thể nhận thấy rằng chúng ta điều đó. 
ví dụ, các bác sĩ của trung quốc là giữ cho sức khỏe và suy nghĩ về việc làm được 
bởi vì sức khỏe bác sĩ không trả tiền cho bệnh họ đã lấy số tiền đó là một bác sĩ không phải là một căn bệnh sức khỏe là nhiều tiền. 

