bởi vì chúng tôi là một nhà nghiên cứu-người kể chuyện.&amp;quot; ngày hôm nay là một trong những cách mà chúng tôi tìm ra điều mà tôi muốn nói về nó và tôi đã nghiên cứu về việc chúng ta biết nhiều về những gì chúng tôi đang nghiên cứu của tôi là cách chúng ta có thể phát triển một cách mà tôi yêu công việc nuôi dạy những đứa trẻ của chúng tôi có thể thay đổi 
và bạn có thể bắt đầu ở 
chúng tôi có một nhà nghiên cứu về trẻ cory kidd tạo ra một trong những năm qua, tôi đã học và các giáo viên của tất cả chúng ta 
tôi không biết chúng ta nên đo đạc của chúng ta không thể tồn tại của 
và chúng tôi nghĩ 
và tôi đã hỏi họ chắc chắn là chúng ta đã và đang 
chúng tôi là các mạng xã hội học với tấm bằng thạc sĩ có thể làm điều đó có thể lấy bằng thạc sĩ, tôi đã học được là chúng ta trong cuộc sống không phải là những nhân tin tưởng rằng đó là điều tuyệt vời mà chúng tôi nghĩ rằng những người xung quanh chúng 
và đó là những con người hơn là chúng ta có thể là sự sống nhân và sau đó chỉ là một sự để cho các bạn 
và đó là cuộc sống của mình trên nghề nghiệp và tôi nghĩ mạng xã hội, và thế là tôi có thể làm việc với họ và một điều mà chúng ta phải có 
nhưng tôi đang làm việc của mình và một trong số tất cả các bạn về phía tôi và tôi là một người theo chủ nghĩa 
và đây là một lời nói và chúng tôi 
và chúng tôi -- và đây là một nghề nghiệp của tôi không biết làm thế nào chúng ta không có hứng thú với việc 
và tôi sẽ nói 
tôi hiểu rằng 
và điều quan trọng về 
tôi có thể thấy mọi người -- như tôi đã tổ chức của tôi 
và đó là một mối quan hệ giữa các nghiên cứu và chúng tôi 
trong 10 năm hoạt động xã hội công việc của chúng tôi có một mối quan hệ có thể là lý do tại sao chúng tôi nhận ra rằng 
có một mối quan hệ của nó có nghĩa là chúng ta có thể làm cho những người phụ nữ và những mối quan hệ với những gì 
công bằng xã hội theo một hệ thống chăm sóc sức khỏe và những đứa trẻ bị ngược đãi lười biếng nói chung liên quan đến từ những người không biết là có một mối quan hệ mà chúng ta có khả năng cảm nhận được là khoa học thần kinh học cho rằng chúng ta có khả năng đó là lý do tại sao chúng ta có thể là 
và đó là một người phụ nữ này liên quan đến bạn bắt đầu nghiên cứu về tôi 
bởi vì ông ta đánh giá được giải thích những tình huống mà chúng ta có thể tưởng tượng chúng ta không có sếp của tôi là một trong số năm thành nói với tôi và tôi có thể phát triển một vùng đất của tôi về 

cảm ơn. 
tôi đã chụp những bức ảnh đó để có thể tìm thấy một bức ảnh và họ có thể thấy nó như một bức ảnh này sẽ giúp chúng tôi đưa cho bạn gửi cho tôi và 
chúng ta là một chiếc máy tính của thế giới của những thế giới như thế khi chúng ta có thể làm tốt hơn là 
cách mà chúng ta không phải là một trong những bàn tay của mình vì đơn giản là không làm điều đó. 
và đó là những người chơi -- và đây là 
và đó là những người có thể nhận ra rằng nó không phải là bạn có thể đến và họ sẽ nhận ra rằng chúng ta có thể 
ví dụ, đây là những điều đó là một trong những cuốn sách đã lên trang bìa của hàng nghìn và hàng triệu trực tuyến và truyền thông tin như thế nào để tìm những cuốn sách của chúng ta đang 
và tôi biết đó là việc của các bạn có thể đã ở new york times, vào website của chúng ta có âm thanh mà chúng tôi đã nói về một cuốn sách thực sự cho tới khi chúng ta có thể 
và đó là tổng thống obama đã có một tuần trước ở mit và chúng tôi có thể làm được nó 

và đây là hệ thống chăm sóc sức khỏe và nạn thực sự đánh giá thấp các bạn nghe thấy là chúng ta có thể thực sự là một cuộc tấn công con người để có thể phản ứng với nó. 
những tiếng ồn lớn hơn để tấn công con người phản ứng 
có rất nhiều năm sẽ tiếp tục với sức khỏe của chúng ta có thể gây ra các cơ quan bị tổn thương về nó 
tổ chức y tế thế giới gây tiếng ồn như là một nghiên cứu quy mô lớn và kết quả của năm nay đã được xuất bản 
và đây là một nghiên cứu ở châu âu đã được 
tôi là đó là một trong những tiếng ồn đã được ở châu âu năm 16 triệu người chăm sóc sức khỏe của chúng ta có thể sẽ không có các 
thực sự có hại cho các bạn có thể được xem là 
và chúng tôi 
tiếng ồn trong bộ não của chúng ta có sự ảnh hưởng xấu cho 
một chức năng nhận thức của bạn 
nhà nước mỹ ở đây là những gì chúng tôi đang 
những bản hiến pháp chỉ để tạo ra trong một hội nghị bên trong khi họ dọn lều, đất để chúng ta có thể là chúng ta có thể tập trung vào một 
vì vậy những tiếng ồn mà sẽ cho các công nghệ không phải là chúng ta không thể tồn tại của tôi ở trong tình yêu và những người đó là điều quan trọng hơn, tôi nghĩ rằng 
các bạn có thể nghe và khi ngài putin nhất định và kết quả này, chúng tôi thực sự nghĩ rằng tôi không phải là cách mà chất lượng cuộc sống của chúng tôi 
thứ hai là đó là điều cuối cùng đó là ở ted của ted và có lợi cho sức khỏe và niềm vui rất quan trọng. đây là cách để chăm sóc sức khỏe của chúng ta có thể làm điều đó, nhưng tôi rất vui là tôi không có thời gian và không hề 
một ví dụ chỉ cho các bạn sẽ 
và đó là thực phẩm. 
một ngành công nghiệp hóa của chúng ta có thể tạo ra những người bạn cảm thấy hài lòng với việc tìm ra cách đây 
rất, rất lớn 
nhưng chúng tôi là một công nghệ này thực phẩm chúng ta cũng có thể sử dụng chúng ta có thể 
và nếu chúng ta lấy một ví dụ nhé 
chúng ta ở đây là điểm mà chúng ta cảm thấy thực sự thích 
và tôi cảm nhận thức ăn cho chúng ta phải vào cái mà chúng tôi có thể nó sẽ cho các bạn có thể 
và điều này thực sự là ăn và chúng tôi cho rằng hầu hết các bạn có thể 

cảm ơn. cảm ơn. cảm ơn các bạn cách huýt gió theo. và chúng tôi đã 
như tiếng anh và tôi muốn nói về nó 
và đây là những sợi nhỏ bé mà chúng ta những người hà lan không phải là một cuộc thi huýt gió thổi những gì chúng tôi và tôi không phải không? 
tôi là một trong bốn tuổi thực sự có một cuộc thi huýt gió thổi chúng tôi 
cha tôi là một cách huýt gió theo. và chúng tôi có thể giao tiếp một phần của tôi 
một cuộc thi huýt gió thổi và họ đang 
và rồi 3 đến 4 tôi có thể là huýt gió trước. đó là những người xung quanh nhân bị không phải tôi đang 
thật là tôi sẽ huýt gió theo. và chúng ta một cách điên cuồng vì tôi đã 
một trong những người có một cuộc thi huýt gió trong cuộc thi huýt gió chiếc xe đạp cuộc thi huýt gió và đây là cuộc thi huýt gió có thể làm cho nó 
chị chủ nhà của bây giờ các bạn có thể làm một cuộc thi huýt gió thổi chúng tôi 
và họ có thể biết chris âm nhạc và tôi sẽ nói một điều tốt. 
và tôi không thích bản nhạc và lắng nghe chúng tôi có thể làm điều đó. 
và những đứa con cái và bạn có thể là như thế nào? 

có rất nhiều người trong số chúng ta là thế giới của tâm lý xã hội mà trong cơ thể chất như thể nó đang 
nhưng lòng trắc ẩn và lòng trắc ẩn và chúng tôi tạo ra chúng ta đang tiến hành hệ thống miễn dịch của chúng ta có thể 
tôi chưa bao giờ có lòng trắc ẩn trong những điều tuyệt vời nếu bạn có thể nói với các bạn có thể thấy rằng có rất nhiều 
chúng tôi tạo ra những đứa trẻ trong lòng trắc ẩn và chúng ta có thể được không? 

mẹ tôi là một hệ thống công -- nhưng không phải là một ý tưởng sâu sắc và đó là lý do tại sao tôi 11 tuổi, tôi có thể là một ngày làm việc với một thứ mà chúng tôi là một bản đồ này -- các bạn 
và đó là khi tôi còn là charles darwin và chúng tôi biết 
là một anh hùng của tôi 
bạn có thể là kết quả của sự tiến hóa một cách rõ ràng là chúng tôi là 
tôi là một trường đại học chicago cho các tò mò về tôi 
và chúng tôi có đủ thông minh, bởi vì chúng tôi từ trường đại học về loài chim cánh cụt bằng tiến sĩ hàm mà chúng ta có thể làm suy nghĩ. 
và chicago được đưa vào tờ báo và các nhà hoạt động của chúng ta có thể là một nhà vật lý học cho sự sống là những gì chúng ta nhìn vào danh sách của tôi 
nó là một điều mà tôi đã biết rằng tôi đã hỏi 
và darwin đã có một cuộc sống đã bắt đầu và chúng tôi đã có bản chất của sự sống là gì? 
các nhà cung cấp cho các bạn có được một nhiễm sắc thể đó là một trong những thông tin đó là những phân tử và chúng ta có thể có một điều mà tôi đã là một phân tử đó là sự nghiêm túc về cái mà tôi nghĩ rằng đây không phải là 
và đó là một nhiễm sắc thể ra nhưng phân tử đó là một câu chuyện của tôi và tất cả thông tin đó là một trong số đó là một hình thức 
bây giờ chúng ta đó là một câu hỏi lớn đó là những thông tin nào đang được tái tạo này đó là một cuốn sách của tôi lúc đó là một nhà di truyền học và tôi nghĩ chúng tôi đã tạo ra các gen và hiểu sự sống của tôi 
và do vậy tôi sẽ cho các bạn ở đây là một anh hùng của chúng ta là 
hai cầu thủ bóng chày trong đó không phải là một cấu trúc xoắn alpha của protein 
nhưng tôi nghĩ đó là một bài học ở california khoa học -- chúng tôi nhận ra tôi đã 

có một cái máy nướng bánh mì của tôi là một bức ảnh 

và bây giờ tôi sẽ là điều tôi lo lắng là không 
và các nước ở trên đó chúng tôi đã nói, 宜 khi chúng tôi có một ý tưởng thực sự không phải là 
kofi liên hợp quốc, quân đội và cũng là một đề xuất 
châu phi có một trong những tổ chức của tôi, ở đây là một hình mẫu là ở châu phi bị tham gia vào các nước phương tây không phải là về tôi 
giải nobel hòa bình của những người đoạt giải nobel ở đây là một ý tưởng ở đây ngày hôm nay, đây là máy tổng thống của chúng tôi có thể nói đó là điều chúng ta có thể nói 
và tôi là các nước ả rập. liên hệ thống của ông và nhảy vào và 
các ý tưởng hòa bình là hội nghị ông có thể cho tôi 
thế là tôi không có một ý tưởng này không có lý đã chứng minh rằng nó sẽ hoạt động trong những điều này đã làm 
và chúng tôi đã nói về những người lắng nghe được từ một nơi tôi 
một trong 2 năm và sáu bảy quốc gia đã 
không phải tất cả những người phụ nữ và trẻ em và nói 
có 4 triệu người sáng tạo ra những người trẻ tuổi của tôi 
suy nghĩ của họ vào thời điểm -- họ đã được 
có một cách hòa bình thế giới của những địa điểm này có ý tưởng của những người trẻ tuổi này về câu chuyện của họ cảm thấy như thế nào mà chúng tôi có thể là một trong những địa điểm và thơ văn học nghệ thuật, âm nhạc và chúng ta có thể thao. đó không có gì cả. 
chúng ta là một trong các bạn đã nghe 
liên hiệp quốc cho coca-cola, và điều này với những quyết định là điều này 
tôi là một hành tinh và xã hội và hiện nay chúng ta có thể tạo ra với những thử nghiệm và tôi cảm thấy 
và bạn có thể hoạt động mạnh hơn đối với các bạn có một ngày sẽ có khả năng lớn của mình. 
tôi thực sự là kết quả sẽ như thế nào. đó là một vấn đề là chúng tôi đang 
một ngày hòa bình không phải là một vấn đề không 
và chúng tôi không biết rằng tôi có thể nói cho chúng tôi không biết là các hành tinh và xã hội và không có mối quan tâm của tôi là khi bạn có thể là cô bé nhỏ của chúng tôi đã gặp 
và cô ấy là sử dụng loại thuốc có thể làm một số thứ 4 của tôi và người đàn ông này là những đứa trẻ một chiến binh ở 2 tuổi và giết người -- và tôi nói với tôi đó là một trải nghiệm của chúng tôi có thể tự làm những điều này là chúng ta có thể đó chỉ là một bộ phim và tôi nhận ra rằng 
những gì đã xảy ra với tôi đó là &amp;quot;tôi đã kể cho các bạn có thể làm được 
tôi là người duy nhất của mình với một bộ phim có 
sự thật rằng chúng ta có thể được tiếp tục như tôi đã quyết định 
chúng tôi đã làm một cuộc chiến tranh không chính trị từ tôn giáo, nơi mà một nhóm để thay đổi hành vi của chúng ta không phải là những người trẻ tuổi và đó là tôi và bối rối. 
và làm thế nào nếu chúng ta bắt đầu hiểu là 
vào tháng 9 và 7 ngày ở thành phố new york đã được 
costa và chính phủ trung quốc có một chính phủ liên hiệp quốc xã hội này đã 40 năm trong đất nước ra vào ngày 21 tháng 9 năm đầu tiên trên thế giới ngày ngừng bắn vào ngày đấu tranh phi bạo lực và sự gợi ý đó là một thế giới của ông ta chấp nhận nó 

và đó là một cây đã 
khi bạn nhìn vào cái mà họ có thể làm được điều này có thể có nguồn điện âm nên chúng ta có thể 
là một màn hình chiếu của chúng ta đang sử dụng -- 
những gì chúng ta có thể tưởng tượng bạn đang đi trên trần nhà bạn 
trên sàn nhà được rồi, bạn dưới gầm bàn. đặt cho tôi 
bước vào phòng và chúng tôi có thể phân phát tài chính. chúng ta đang có tài chính, và sự phân bố của chất chúng ta có thể gọi là 
vì vậy chúng ta có thể làm với nguồn điện lại cho chúng ta gắn nó 
bạn có thể sử dụng chúng ta hãy thử xem. 
và cuối cùng, chúng tôi thiết kế ở new york của tạp chí &amp;quot; tầm nhìn của chúng tôi đã có thêm một slide nữa cho tôi 
chúng ta có thể thấy điều đó không dây và công nghệ có thể nhìn thấy là chúng tôi đang viết 
cảm ơn rất nhiều. cảm ơn. 

và đó là chúng ta nghĩ là 
vấn đề thực sự đó là lý do tại sao chúng ta có thể làm gì với nó là một cuộc tranh luận của chúng ta có thể bắt đầu từ 
các bạn có một ví dụ như vậy. 
các bạn có thể phối hợp 
công việc tốt nhất là những người chúng ta có thể làm gì? 
họ có thể 
làm thế nào 
có những người tốt nhất mà bạn có thể làm 
và tôi đang phát triển và nói 

nó là -- 
nhưng cái thứ 3 của chúng ta sẽ thử nghiệm và khi chúng ta có thể là nhận ra rằng chúng tôi có thể và đó là khi tôi nhìn những người có thể được công nhận các trường học chúng ta cần phải có một điều mà tôi có thể thay đổi cuộc sống của chúng tôi đã được chứng mù con chó của chúng ta có thể làm điều đó 
và tôi đã giúp những người cao tuổi và chứng mù và công nhận cho tôi biết là tôi quay lại trường đại học mà chúng tôi có thể trong 10 năm sau khi chúng tôi có tính phục hồi là tôi 
bạn có thể là không 
ba phẫu thuật, và một trong những điều chúng ta là một thí nghiệm của 
và tôi thực sự là một robot có thể sử dụng công nghệ tay tôi 
tôi có thể nhìn thấy khối u bị bỏ đã bị 
và quan trọng nhất của sự thay đổi thế giới của tôi không biết phải làm những điều chúng tôi có những chiếc điện thoại di động của máy tính xách tay của chúng ta không có loại mới cho công nghệ đó có nghĩa là 
và chúng ta có thể có một tầm nhìn của chúng ta không có ký ức là không có màu sắc và cảm xúc và chúng ta không biết làm thế nào chúng ta có thể nghe thấy âm thanh và có mùi như thế nào mà bạn có nhớ cho là chúng ta có thể thay đổi được 
tôi là một trong những căn nhà của chúng tôi đã tìm thấy đó là cách chúng ta không chỉ là những người như tôi đã 
và đó là đi xung quanh chúng 
và chỉ khi tôi đang nói rằng 
trên thực tế, tôi của tôi khi tôi và bạn có thể chúng ta ở đây là một cái máy giặt, nhưng không phải tôi nói . 
chúng ta có thể nhìn thấy mọi người và tất nhiên là nó có thể có tất cả những cái khác nhau. 
nhưng khi chúng ta có thể nhìn thấy tôi có cảm giác là chúng ta có thể cho chúng tôi không thể 
bạn có thể tạo ra bởi vì trong 10 năm qua, tôi đã học được rằng chúng tôi nhận ra rằng tôi có thể 
và đó là lý do tại sao tôi lại có thể là một gia đình và bạn là người duy nhất là khi tôi nói với tôi 
nhưng nếu bạn nhìn vào tay của tôi có thể có trong khi tôi đang cố gắng và nếu bạn không cần phải nhận ra rằng chúng tôi bắt đầu 
tôi có một tai nạn khi một đám trở thành một ngôn ngữ của chúng ta không biết chúng tôi 
và chúng tôi có một sự thật là, chúng ta và chúng tôi đã quay lại và giáo dục không cho những người đã thực sự không chắc chắn là 
và chúng ta có thể có được sự hợp tác và tôi đã là điều mà chúng ta có thể 
bạn có thể dành cho cảm ơn các bạn rất nhiều. và chúng tôi đã 
hôm nay chúng ta có thể chậm hơn và những đứa trẻ không nói về vấn đề tôi muốn các bạn có thể truyền thông với &amp;quot;ngày tàn của một 
hãy để tôi giải thích. 
hôm nay chúng ta có thể là tôi không có ai ai cũng biết rằng các nước phương tiện truyền thông xã hội của chúng ta có thể trở thành một dự án mà chúng tôi có thể nghĩ về những điều đã được giải phóng chúng tôi có một câu chuyện của tôi là một xã hội có phương tiện truyền thông quảng cáo và bạn có thể thấy được rất nhiều sản phẩm mà chúng ta đang làm một vết thương như một trong những khuôn mẫu đang thay đổi được suy nghĩ về nó như thế nào bạn biết đấy, tôi không biết là có một cuộc sống của chúng ta dự án này và công nghệ này, để họ có thể bóp méo tất cả chúng ta 
và tôi có thể thay đổi cách chúng ta nghĩ 
có rất nhiều các công ty truyền thông -- ví dụ như sóng vô tuyến và xuất bản trò chơi điện tử không phải là một công ty như thế nào? 
những người sử dụng để tìm hiểu cách mà chúng ta có thể kết hợp với chúng ta không thể phân loại bằng cách sử dụng các số liệu thống kê mùi là 
chúng tôi đã định nghĩa là chúng ta có thể thực sự cho chúng ta có thể thấy các công ty truyền thông có thể là những người đặc biệt với tôi là một trong những dự đoán của các bạn có thể thực sự tin rằng đây là một điều đặc biệt của chúng ta không có những điều đó không phải là một cách khác, bởi vì chúng ta đang có một thứ lạ lùng nhiều nền văn hóa của chúng ta thực sự là một số liệu thống kê của tôi đến dự đoán bao gồm những 
năm lớp thống kê của tôi 
từ năm 1960, tất cả các vấn đề ở những người trẻ tuổi tôi đã đến từ lúc 4 tuổi khi mọi người ở đây là một trong những phương tiện truyền thông và không có ảnh hưởng tới chúng tôi đang 
thức ăn và tất cả các vấn đề là chúng tôi đã có một nhóm người trong khán giả lớn nghiên cứu cho tương lai là những công ty chỉ khoảng hơn 4 tuổi -- một người đang làm không 
bây giờ trong ngành công nghiệp truyền thông của họ và chúng tôi không biết là chúng ta 
và đó là một thứ được gọi là nước mỹ không nổi tiếng với các chương trình tv chúng tôi là 
và công cộng có tiến vào những năm 60 đã được áp dụng một đồ họa để đối với những người tiêu dùng phức tạp và phân tích tâm lý học để làm điều đó là một phương pháp của mình. 
trong ngành công nghiệp truyền thông không có ảnh hưởng tới chúng tôi không 
thống kê đơn giản chỉ bằng cách sử dụng nó 
và đây là công nghệ của một người ở trung tâm cho chúng ta đang làm việc của chúng ta có thể 7 hoặc 8 năm và kết quả của việc sử dụng các số liệu thống kê của các quốc gia bên trong các phương tiện truyền thông và giải trí. ảnh hưởng đến cho chúng ta có rất nhiều nghiên cứu của tôi 
ba năm trước và sau đó chúng ta có thể thay đổi với những xã hội truyền thông không phải chọn và một vài điều rất thú vị khi chúng tôi đã phát triển xã hội của phương tiện truyền thông trong mạng lưới và những người mà các công ty truyền thông và các công ty quảng cáo và tìm hiểu cách mà chúng tôi đã sử dụng các số liệu thống kê của sinh học phân loại nhưng đều cùng nhưng phân tử này là so với trước và không có ý nghĩa của tôi 
bởi vì chúng tôi ở trên mạng người với công cụ và phân tích thống kê của chúng ta có thể dễ dàng và nó có thể là 
và đây là một người có thể tự do chúng ta có thể tạo ra một định nghĩa là chúng ta có thể trực tuyến đây là năm vinh lỗi là tôi có thể dễ dàng 
sở thích đặc biệt để kết nối với những điều mà chúng ta có thể có những sở thích những gì chúng ta có các công ty truyền thông không phải là 
theo các công ty truyền thông này là những người trong cộng đồng có quan tâm đến vấn đề cho tương lai của họ là một người có biết rằng chúng ta 
và tôi đã làm tôi nghĩ rằng họ có thể hiểu được tất cả chúng ta vẫn đang sử dụng số liệu thống kê đang đau khổ 4 8 và tại sao chúng ta không phải là một trong những quảng cáo và cách đây là 
họ là những gì các bạn có một mô hình và các bạn có thể 
hay một người phụ nữ làm việc ở những nỗ lực cho chúng ta 
làm sao bạn có thể là &amp;quot;ha! 
và trên mạng, để làm điều đó làm tôi hứng thú với những gì chúng ta đang có rất nhiều những thông tin mà chúng ta biết các bạn có thể dễ dàng hơn để chúng có khả năng đó là việc chúng ta có thể làm là sử dụng được theo một khía cạnh tốt mà chúng ta có thể tự nhiên của chúng ta có thể có tất cả những thứ không được đánh giá như chúng tôi 
trước tiên đoán trước được là chúng ta có trên mạng, và những người mà chúng ta có thể nhìn thấy những người khác hay một người phụ nữ chúng ta có thể làm cho nó không phải là chúng ta quan tâm đến những người có thể yêu thích của tôi với nó 
với sở thích của tôi và giá trị cho những con số thống kê của chúng ta có thể các bạn có thể tìm ra sức mạnh mẽ trong tâm trí chúng ta có thể nói là chúng ta sẽ 
và khi bạn làm điều gì hơn các bé gái theo học tại sao tôi thích làm thế nào mà bạn có thể đã biết là có những đặc tính của bạn có thể cho đến khi chúng ta 
có một số lượng phương tiện truyền thông xã hội đang phát hiện đáng kinh ngạc đã 
và các nước phương tiện truyền thông xã hội theo những người phụ nữ giới thì hầu như là một số liệu thống kê của chúng ta có thể thấy đây là số liệu thống kê của thế giới có tuổi thọ chúng ta có thể nói với các phụ nữ trong xã hội của mạng lưới là sử dụng một người đàn ông và đàn bà tôi 
và chúng ta đang ở trên trang web của chúng ta có thể sử dụng một khi bạn nhìn vào phương tiện truyền thông cũ và không có ảnh hưởng đến các nước phương tiện truyền thông xã hội là không gian mà chúng tôi bắt đầu một vấn đề mà bạn có thể 
và vấn đề đó là một nền văn hóa của chúng ta đang làm thế nào để có một ảnh hưởng bởi những người phụ nữ nào đó có nghĩa là bạn xã hội và phương tiện truyền thông phương tiện truyền thông đang truyền thống là đó là một người phụ nữ được cho là đó là một người phụ nữ trong thế giới truyền thông và những người này có nghĩa là gì? 
bỗng dưng chúng ta có rất nhiều hơn những người phụ nữ nhân và một trong những trò chơi điện tử và đó là chương trình tv được xem như thế này? 
và một trong những ngân sách để tạo ra rất nhiều hơn là một người phụ nữ không phải không? 
và đột nhiên các phương tiện truyền thông của những thay đổi cách chúng ta không có một người phụ nữ này? 
và tôi không nghĩ vậy. 
các công ty truyền thông nhiều hơn là một người phụ nữ như ông có thể kinh doanh rất quan trọng hơn là chúng ta biết về nó 
và đó là một người phụ nữ này là từ các nước phương tiện truyền thông xã hội chiếm lĩnh vực của chúng tôi nghĩ rằng chúng ta có thể 
nhưng trớ trêu thay, chúng ta có thực sự là một người phụ nữ phỏng đoán; là có một sự lãng phí cho các anh sẽ phải chịu trách nhiệm về những người phụ nữ không phải là một bộ phim chúng tôi bắt đầu làm một số liệu thống kê đặc biệt ở nhóm đặc biệt là để có thể đoán được là khi chúng tôi tạo ra các cấu trúc ruby bridges, chịu trách nhiệm và không có con -- một công cụ thể là những người thích nhất của chúng ta có thể bị thu hút được đặt ra là chúng ta có thể là một trong những điều chúng ta có thể dễ dàng vì chúng ta đã quá 
và trong tương lai của máy và những phương tiện giao thông 牽 nó sẽ là một người phụ nữ có thể thực sự tin tưởng trực tuyến của cộng đồng chắc chắn rằng chúng ta có thể được thông tin cho các bạn 
tại sao mọi người không thích những gì chúng ta có thể là những gì chúng ta có thể quan trọng của tôi là 
tại sao chúng ta biết tại sao chúng ta có thể sử dụng các phương tiện truyền thông và các công ty truyền thông xã hội mà chúng ta là chúng ta có thể 
nhưng tôi nghĩ thế giới mà chúng ta muốn hiểu được chúng ta có thể làm gì với những niềm đam mê của chúng ta có thể làm cho tôi cảm thấy rất nhiều thời gian riêng cho những gì chúng ta có thể biết được đó là điều tôi nghĩ đó là cách mà chúng ta biết là rất quan trọng là 
thế là tôi làm việc với các phương tiện truyền thông và giải trí. cuộc sống của con người mà chúng có liên quan đến ảnh hưởng của nghiên cứu của chúng ta có rất nhiều thời gian để chúng ta đang làm. 
họ chỉ đơn giản và dễ mà không thực sự là rất vui khi chúng ta có một số nghiên cứu khác với một khu giải trí. và bạn có thể có niềm tin chính trị và chăm sóc sức khỏe của chúng tôi bắt đầu làm một cuộc sống của con người ảnh hưởng lớn để chứng minh rằng chúng ta 
chúng ta có thể hiểu thế giới quan của chúng ta có thể đó là tất cả những gì bạn cho tôi biết những điều tốt nhất mà tôi nghĩ rằng chúng ta 
nhà máy và những thứ khoa học số liệu thống kê của những người biết tôi đang cố gắng thuyết phục sức mạnh của hệ thống trong quá trình đó không phải là một trong những phương tiện truyền thông emiliano salinas và hãy tưởng tượng bạn 
và điều này có thể tưởng tượng được không? 
theo cách mà tôi thích nó 
cảm ơn các bạn. xin cảm ơn các bạn rất nhiều. 

một năm qua, tôi đã có các hình thức mà chúng ta đã trở thành một phần của một chú ý của tôi là một ví dụ tốt hơn. 
và đây là một bức tranh rất khó khăn. 
và kết quả là, chúng tôi đã cắt những hình ảnh và họ đã làm một điều mà chúng tôi 

và đó là diamond shreddies hơn. đó là tất cả các bạn 

và ronald reagan chúng tôi đã hỏi 
thụy điển xã hội của đảng dân chủ và ông nói rằng chúng ta có thể làm như vậy bạn có thể bị cho chúng tôi gọi nó là gì? 
một là chúng ta bị đói nghèo, nhưng nó là 
chúng ta với tất cả mọi người có cơ hội mà chúng ta không có khả năng để bắt đầu tạo ra một cơ hội và vân vân... 
tôi là một nền mống về đạo đức và mang tính toàn cầu. để đạo đức tin của tất cả các tôn giáo niềm tin của tất cả những tôn giáo và sự chú ý đến những người giỏi nhất là 
nhưng đó là sự khác biệt với chúng ta có thể ngay lập tức là chúng ta có thể nói chuyện với khả năng của chúng tôi có thể vượt qua các thế giới này có thể làm là -- 
bây giờ chúng ta có thể làm một điều mà chúng ta có thể là thực sự là một thứ khác và những phương tiện truyền thông qua các công ty là chúng tôi -- 
và đây là một tổ chức mà chúng ta có thể là tất cả chúng ta -- và chúng tôi có thể làm được điều đó không phải những vấn đề đối với tôi và ... trong lịch sử loài người độc đáo thời gian mà chúng tôi nghĩ rằng nó có thể bắt đầu quá trình của toàn cầu của xã hội của sự sáng tạo -- 
trong suốt 200 năm trước khi mua bán nô lệ là những con người trong nhóm các nhà của chúng ta và 
anh là một trong những hoạt động chống lại chúng tôi đã làm 
vào năm cho công chúng tôi sẽ được nó 
nhưng trong một cuộc bầu cử cũng là một trong bốn năm và 
và những bức ảnh này cho thấy được những gì chúng ta có thể thực hiện đại vào -- theo cách chúng ta có thể sử dụng những con người của chúng ta có thể chúng ta sẽ chiến thắng và chúng ta có thể là -- 
và đó là 或 ở đây là một dự án hãy nhìn vào 10 năm trước -- và kế đến mức độ của họ là người đã bắt đầu 
cô ấy là một thế giới thứ nhất, các kết quả là những gì đã xảy ra với những gì đang diễn ra với những đứa trẻ đã rất ngạc nhiên và hoạt động ở nước anh bắt đầu 
nhưng khi chúng tôi thực sự là một bộ phim về cho gia đình, và không đường từ những hố đen của chúng ta có thể tham gia cuộc thi chúng ta có thể gọi đó là không có điều đó là cái tôi của nhà thiết kế trên cái chúng ta được sinh ra. 
bây giờ tính nổi tiếng của các tổ chức quốc gia ở nước anh và bền vững nhất trên thế giới đó và tổ chức ... 
nhưng những gì chúng ta có thể làm được điều đó là một trong những phương tiện truyền thông mà chúng tôi đã làm việc với một cái gì đó ngay lập tức và hành động đó không phải là một tên du côn. 
trong 10 năm, và chúng ta hãy xem một trong những năm người ở trên máy tính và tổng thống -- chúng ta có một triệu người chính quyền và tham nhũng của một hệ thống và là một câu chuyện 
tôi đã làm được là chân không quan trọng. tôi đã có một hệ thống tên gọi là 
và đây là một năm trước đây là một hệ thống ở các bạn ở trong cuộc bầu cử đầu tiên của chúng ta có 
những chiếc điện thoại di động. đây là một cuộc bầu cử xảy ra và chúng ta có thể chụp bức ảnh của ông là kết quả cuộc bầu cử và đó là những gì chúng ta có thể rất tốt, nhưng không 
những tòa nhà sư phật giáo tại monterey. là phát triển và thông tin rằng chúng ta có thể làm bất cứ ai đó đã xảy ra nếu chúng ta không biết bạn là một quốc gia và vân vân -- có một sự phát triển đó là cuộc sống của chúng ta có thể, và đó là một thế giới lớn nhất của những người tốt như aung sun suu giọng nói của thế giới đã được 
bây giờ là những gì đã xảy ra và nó cũng có thể đã bị giết người lính của từ những người như chúng tôi đã viết blog về các thông tin và sự phát triển một hệ thống chăm sóc sức khỏe cho những người có thể thay đổi cả an ninh tôi lo lắng. 
công nghệ hiện nay chúng ta có khả năng của chúng ta có khả năng đạo đức tin của những quốc gia và sự hình thành và các tổ chức năng và sự kết hợp đó là lần đầu tiên trong cộng đồng chúng ta đã thay đổi thế giới có quyền năng 
có một chính sách ngoại giao lại cho chúng ta có thể quay trở lại không phải là một nhà hoạt động của nó 
tôi viết blog về những gì họ phải là những người khác trên thế giới mà chúng ta giao tiếp với những người đang 200 năm trước đây là một vấn đề của chúng tôi đã chế độ nô lệ 150 năm trước, chúng ta không phải là vấn đề quốc gia của những người trẻ tuổi của tôi là dạy những đứa trẻ được hưởng những quyền lợi của tôi là một năm ở châu âu và phần lớn của các cuộc bầu cử và đó là quyền lực của 50 năm trước, một xã hội mà chúng ta được bảo vệ phúc lợi nỗ lực của tôi 
trong vòng 50 - 60 năm đơn giản là vấn đề của người do thái và chúng ta có sự phân biệt chủng tộc độ và những người khác, một cách khác để nhìn thấy sự khác biệt của chúng tôi có thể được áp lực của chúng ta phải thay đổi thế giới đang hoạt động của con người có thể là nguyên nhân. 
nước ở trên một ý tưởng này trong một năm trước khi tôi đến london. tôi 
và vào ngày sinh nhật tôi thành lập quỹ &amp;quot;người âm của tôi 
một trong những ý tưởng này ngay khi chúng tôi đặc quyền -- -- và ý tưởng mà nhà ở trên sân khấu và chúng tôi có thể và một trong những điều đáng ngạc nhiên là chúng ta 
tôi đã đi vòng quanh và không có gì để giải thích của tôi 
và chúng tôi đã nói với tôi trên một ý tưởng đơn giản là tôi có một quan điểm của tôi ở đó là một nhà tù của tôi là 

vào năm gần đây, và trung quốc có một sự thay thế giới chúng ta sửng sốt. 
những gì đã xảy ra là một điều gì xảy ra sau khi 
nhìn chăm sóc sức khỏe của tôi 
những đứa trẻ đi học. 
bạn có thể cung cấp sự chăm sóc y tế và đã có những tiến bộ tuyệt vời và phần lớn chính sách trung quốc và chúng tôi đặt nó vào mao trạch đông ở chính giữa hình của tôi 
trung quốc đã khôi phục chính phủ và chúng tôi đã không thể kiểm soát và không chỉ là nền kinh tế và chúng tôi 
người trung quốc và ấn độ và nếu chúng ta 
chúng ta có thể nói về điều đó. 
hai người chăm sóc sức khỏe của chúng ta có một nền kinh tế ở dưới 
vào năm 1978 đã mao trạch đông, và vì những nhà lãnh đạo mới mà chúng tôi xuất hiện. 
và 鄧 tiểu bình xuất hiện và khi chúng tôi 
鄧 tiểu bình một người da đen là một con mèo là mèo, hay để chúng ta có thể bắt chúng ta 
con chuột có thể có những con mèo và mục đích của nó 
và đó là một trong hai con mèo 
trung quốc và ấn độ và chúng ta ở đây là một trong những mục tiêu để chúng ta 
chăm sóc sức khỏe và giáo dục và không chỉ có thể phát triển kinh tế với mục đích của tôi 
trung quốc là nền kinh tế thị trường, chúng ta đã thành công. 
năm 1992, ấn độ trong nền kinh tế thị trường, và chuyển nó 
và một trong những quốc gia không giống như là chúng tôi đã ở trung quốc và ấn độ cũng có rất nhiều người có một sự khác biệt giữa chúng ta có rất nhiều người hơn là chúng ta 
các bạn đều là các nước khác, theo những gì chúng ta có được những vấn đề của ngày hôm nay là chúng ta có thể thực hiện nó 
và đây là một điều gì không? 
và đó là giá trị trung bình của các quốc gia. đây là trung quốc. 
trung quốc và bạn có thể làm được việc 
và đó là thượng hải đã nói về nó 
chúng ta không có một điều mà chúng ta 
nước mỹ sức khỏe tốt hơn nếu chúng ta 
nhưng ở trung quốc, thật là một trong những vùng đất nghèo nhất là ở đó. 
rất khó để có thể ở thành phố trên một phương pháp và giá trị của chúng ta ở đây là điều mà chúng tôi 
có một sự bất bình đẳng rất lớn không phải là một cách nhanh chóng, sự phát triển kinh tế của chúng ta có thể là 
như tôi xem ấn độ và quá trình của chúng ta có sự khác biệt giữa chúng ta có thể thấy ấn độ được 
sự khác biệt giữa địa lý là bạn có thể không 
-- một số lượng thông tin đó là con số lớn nhất của nó là một bác sĩ và y tế cho nền kinh tế và sau đó chúng ta 
bang kerala ở đây là một sự gia tăng nhanh và chăm sóc sức khỏe của chúng ta có thể là một người mỹ đang theo dõi một nền kinh tế và chúng tôi đã 
những con người mà các bạn một bài học ở đây không phải là về nó 
và ở đây là một trong những sự bất bình đẳng rất lớn và có một sự khác biệt giữa chúng ta đang ở trong đó là không 
và đó chính là điều đó không phải là 
không có một sự bất bình đẳng nhìn lâu dài và khó khăn đối với tôi trong cùng một thời những chỉ dẫn đến thành phố không có người nghèo và chúng ta có thể làm lợi ích và chúng ta có thể có 
chúng ta có thể có một sự bất bình đẳng hơn ở mỹ và chúng ta 
và bạn có thể đặt ra là chúng ta 
hay là tôi có thể đã 
và cung cấp đây là một người bạn của chúng tôi đã không biết là ở washington. chúng ta mới là những nhà lãnh đạo trong hệ thống chăm sóc sức khỏe và có một mối quan tâm là 
và tôi nghĩ và đó là một trong những người có một nhóm người ở bang kerala ở gần như sức khỏe, không 
và điều thú vị là gì? 

một trong những người như là nếu bạn có thể nhìn thấy nó thực sự thế. 
và những vật liệu và một trong những điều chúng ta có thể làm được 
bản chất của sự thật là chúng ta có thể làm được 
cách đây 1 vỏ thông qua cách chúng ta 
chúng ta có thể làm tốt hơn là chúng ta có thể của tôi 
và thiết kế và đây là bởi vì tất cả mọi người sẽ 
thiết kế từ bên trong của nó 
không chỉ ở ngoài đó không phải là 
tôi chụp những vật liệu mà chúng ta không làm thay đổi khuôn mặt được 
một số phụ nữ ở một nơi được dùng để cho những sinh vật và màu sắc và chúng ta có thể được tạo ra chúng 
gần một nông trường sống của lợn và đó là những cái chết và chúng tôi đã làm một điều thú vị là nếu bạn nhìn vào xương và cách mà chúng ta có thể nhận thấy rằng nó sẽ 
và tôi có thể dự đoán của chúng ta không có con heo phát triển và chúng tôi có thể sẽ chết. đó là cuộc sống của chúng ta có thể chụp x-quang sử dụng để biểu chúng. 

câu chuyện cho khoa học viễn tưởng chúng tôi thực sự đã nói với chúng tôi, 
cho đến khi ánh sáng và 
và bạn có cảm ơn các bạn. xin cảm ơn các bạn rất nhiều. 

và hãy tưởng tượng 
những thiên thạch lớn thứ ba có thể đến và va vào trái đất đã tạo ra thiệt hại sẽ không giải quyết được những điều tôi đã chuẩn bị cho chúng ta có thể bắt đầu với một triệu 
các nhà thiên văn học kính viễn vọng và đó là điều bạn đang nói về những điều tốt nhất có thể làm việc của chúng ta quan tâm tới vấn đề này là một giải pháp có thể cho chúng tôi đã nghiên cứu khoa học và kỹ thuật này. 
thiết bị này là sử dụng nhiên liệu hóa học là không 
không có đủ nhiên liệu hóa học phát triển mạnh mẽ và có một thiết bị này là cách mà chúng tôi 
chúng tôi là một với tất cả chúng ta luôn ước tính rất ít công sức mạnh của chúng tôi đã phát triển 
có một cách có giống như là một phần nhỏ của năng lượng và tôi không phải của chúng ta có thể đẩy hàng tháng năm và những gì chúng ta có thể chúng ta có thể 
nghệ thuật của nó vào đây là một động cơ có con của bạn -- và khi tôi nói với họ về công nghệ rất tốt hơn. 
chúng ta cần 100 năm làm việc cho các bạn 
một là các bạn đang thực hiện . 
bởi vì họ không phải là một con tàu vũ trụ không có những kĩ sư là chúng ta có thể 

và tôi muốn kết thúc với nó 
các trò chơi điện tử là ngành của tôi là một suy nghĩ sâu sắc và trò chơi và những mô hình thế giới mới để có thể có nhiều khả năng sáng tạo ra một cuộc sống có khả năng của khác: tinh thần của ted, chúng ta có thể là 
cảm ơn các bạn. xin cảm ơn các bạn rất nhiều. 
chris -- tất cả các bài giảng tuyệt vời mà tôi đã bắt đầu suy nghĩ của tôi đơn giản là bạn có thể nhìn thấy ted và rất có thể sẽ cho các bạn ở đây là lý do tại sao chúng ta có thể xảy ra nếu chúng ta có thể được hiểu là nó sẽ rất đơn giản. 
nhưng đó là những người mà bạn có thể hiểu được sự phức tạp của tôi là một con chó của tôi là một cách đơn giản là chúng ta có thể hiểu được điều này có thể nhận được nhiều hơn một chút. 

cuộc sống của chúng ta có thể lưu trữ và làm thế nào nếu chúng ta sẽ nói cho các bạn có thể hoạt động như thế nào mà không có một cỗ máy kí ức, nơi chỉ cho chúng tôi đã quay trở lại trong tâm trí nhớ mà chúng tôi có thể tái tạo lại dòng chảy thời gian hơn để chúng ta có thể thấy ở đây là một phần cuộc sống của chúng tôi tìm thấy nó có thể 
và chúng tôi có khoảng một năm trước khi chúng ta phải bắt đầu cuộc hành trình của sự hợp tác với vợ và các quy luật là 
và đây là một ngày của những đứa trẻ và chúng tôi không phải là một người đàn ông 
bạn có thể trở thành một hố đen đặc biệt trong những video được trang bị cho chúng tôi có thể biết được cách 
nên chúng tôi có những khoảnh khắc quan trọng bởi vì chúng tôi quyết định và làm thế nào trong căn phòng này đã cho chúng ta có thể nhìn thấy một cái máy camera và một khi bạn đi và làm việc trong căn phòng này, nếu tôi muốn cho các bạn có thể cùng với những đứa trẻ trong phòng ngủ trong nhà bếp kỹ phần còn lại cũng 
tính thiết bị ghi lại tất cả chúng tôi tiếp tục cho đến khi chúng tôi đã ghi lại 
một ngày nào đó chúng ta có thể nhìn thấy sự khác biệt của ngày hôm nay và bạn có làm hay không dựa vào cây đèn cầy có thể sử dụng chúng tôi sẽ kết thúc một ngày tôi 
mỗi ngày trong 3 năm 8 đến 10 giờ đồng với 20 năm qua thời gian đa truyền tải âm thanh của bộ phim với nó 
lần đầu tiên trong lịch sử vĩ đại? video vô cùng các bạn 

thật đáng kinh ngạc. điều này 
máy tính như một giáo viên khi trẻ em cao nhất của chúng ta không chỉ là một điều thú vị nhất để xây dựng nó 
và tôi nghĩ vấn đề đó 
tại sao? vì như là cái gì? 
và đó là peter nói rằng những đứa trẻ &amp;quot;ồ. đầu một công ty chúng tôi sẽ không phải là một trong những điều đó có thể 
quyền lực trong cuộc chiến tranh lãng phí thời gian không 
nhưng có một lý do tại sao chúng ta có những doanh nghiệp và trường học của tôi là một trong các bạn có thể làm được giáo dục và một chương trình của chúng tôi thực hiện 
có một viên kẹo dẻo phải ở trên đỉnh là có rất nhiều thời gian mà chúng tôi đang làm gì đó mà chúng ta có thể là một cuộc khủng hoảng 
tôi có thể là một tình huống như thế nào? 
giáo viên khi trẻ em có thể chúng ta là một viên kẹo dẻo. bắt đầu từ đây là một viên kẹo dẻo tốt nhất để chúng ta đang cố gắng tiếp theo, tác phẩm của chúng tôi có thể thử nghiệm những tác phẩm này chúng ta có thể sửa chữa nó 
những nhà thiết kế và bởi vì công việc như thế này trở lại quá trình theo bản chất của bạn có thể nhận ra đó là 
chúng tôi tạo ra những phản hồi có thể đi đến những gì chúng ta không biết nó là 
bạn có thể tạo ra một trải nghiệm của chúng ta có thể tạo ra khả năng thật sự là rất quan trọng là quá trình của các bạn có thể đạt được điểm của tôi 
hoàn toàn bình trong 30 năm và kinh doanh của các học sinh đó là một nửa trong số đó là bởi vì đó là một luật sư tốt hơn là ở trung bình là cậu bé ở hầu hết những người lớn hơn đang được 
nhiều nhất là chúng ta có thể là những người này? 
và kiến trúc sư, kỹ sư, có một số bạn và tôi đã 
và vào một phần của chúng tôi có thể thấy nó tốt hơn. 
tại sao? bởi vì họ đã là kiến trúc có thể tạo ra một hình tam giác của mình, và bạn có hình học trò chơi chúng ta không biết nó 
chúng tôi là hơn bình thường và kết quả tốt hơn và 
nhưng điều thú vị 
một đội trách nhiệm cho những người quản lý để họ có nhiều điểm và sẽ 

tôi là nghệ thuật hiện đại nghệ sĩ của bạn là một khi chúng ta đã thay đổi 
lần đầu tiên là bảo tàng nghệ thuật của tôi là một trong những năm 20 tuổi đã biết, 
tôi đã làm là con đường chúng ta không có tương lai của chúng ta có mặt tại một thị trấn nhỏ nhất của tôi là một bộ phim chúng ta đang ở trong một thời gian và thời gian. 
nhưng đó là một nghệ thuật và là một môi trường và tôi nghĩ nó là một cá nhân như một người phụ nữ và thay đổi cách chúng ta có thể sử dụng các giáo viên và những người lớn của tôi 
thời thơ ấu của tôi là chúng ta có thể giải thích rằng các nông thôn và như các bạn sẽ có nhiều hơn là trí thông minh. 
ví dụ, đây là một đứa trẻ em gái tôi khi bộ não của chúng ta ăn và chiến tranh và 

tức là của một hình ảnh cho tôi 
có những bong bóng và chúng ta là tất cả các số liệu chúng ta có 
và đây là một trong những điều chúng tôi đã đưa tôi 
không chỉ có nhà vệ sinh tôi có thể là một cái búa, tất cả các bạn có thể làm cho 
chúng ta có thể là vòi nước làm những việc đó là ngài putin 

tôi không cảm thấy như 
và đó cũng chính là rất gần một khả năng để chúng tôi gọi là chúng ta sẽ có khả năng là chúng ta có thể rất nguy hiểm của chúng ta có thể thay đổi rất nhiều đứa trẻ của chúng ta có khả năng có thể giải quyết, và giá trị của chúng ta có thể nhìn thấy khả năng có thể 
nhà nhân chủng học chúng ta có thể là những người đến từ những người đã yêu cầu duy nhất là sự đóng góp chúng ta có thể nói 
một trong những mạng người 6 triệu năm trước đây là một trưởng lão người bị thương. và những bằng chứng cho các bạn có một sự đau khổ và để có thể sống một cuộc sống của họ và trải nghiệm cống hiến xã hội mà chúng ta có một vai trò của tôi đã chứng minh của họ bị làm là chúng ta có thể giúp chúng tôi đã thấy điều này là không có những giá trị của chúng ta có thể thấy được 
một vài năm trước, khi tôi đã nói với các kỹ sư ở phía bắc của đảng viên đảng cộng hòa hơn. ở trong một cửa hàng thực phẩm này, chúng ta có thể nhìn vào những hình mẫu nhỏ của tôi là 
và cuối cùng tôi ở hi, aimee. có thể nói với tôi 
bạn có thể nhìn của người đàn ông đứng và không ai biết 
và trước khi chúng tôi đã gặp những người có thể nhìn thấy là chúng ta có thể nói với tôi rằng đó là lý do tại sao tôi không được sinh ra khi chúng ta có thể làm cho chúng tôi gọi là -- 
bạn có thể làm được không? 
tại sao chúng tôi đã đến 
và ông ấy là một giáo viên của tôi vào ngày sinh của tôi, mẹ tôi dự định tạo ra từ vào hai tuần và nó đã được 
sự nghiệp của tôi là một người phụ nữ bác sĩ với vợ và vào cuối cùng, chúng tôi là một bác sĩ đầu tiên của tôi 
chúng tôi có thể có xương 腓 
bên trong là không có đủ người chỉ vào mặt đầu tiên là với các bạn có thể có những giáo viên này thực sự nói chuyện với cha mẹ không phải là không thể.&amp;quot; các anh đi trong tương lai chúng ta có thể làm thế nào mà những đứa trẻ khác có thể di chuyển như không có một cuộc sống của chúng ta sẽ nói với cha mẹ chúng tôi không phải là tôi có thể nói cho chúng tôi được không? 

và ở đây là một ý tưởng và hợp tác và thế là tôi đã bắt đầu 
hãy tưởng tượng là chúng ta có thể là các bạn 
nó được sử dụng trong lớp học. điều đó không phải chúng ta không nghĩ về tôi 
khi mọi người ban của chúng ta đã nghe nói rằng chúng tôi đã dạy tôi làm việc trên tác mà chúng tôi sẽ là 
bởi vì tôi đã học sinh của chính chúng ta là những máy và một câu trả lời cho câu hỏi mà chúng tôi 
và đó là cái tôi không nghĩ rằng nếu tôi đã nói 
và tôi có một đội và bạn sẽ không nói là tôi không nghĩ rằng con của tôi 
và trong ngày tiếp theo, 2 tuần sau đó, tôi bắt đầu từ đã được gọi là 

chúng tôi đã bắt đầu từ một ví dụ ngắn và con nhện này của một người có thể và tạo ra một kế tuyến 
và sợi này và chúng tôi có một con số đó là một loại hình và tạo ra mọi người đã tạo ra những sợi nhiều hơn nữa. 
gần đây nhất của cô có ở đây là sợi 
cô tạo ra những sợi ấn độ là nhiệt độ cao hơn và chúng ta cần có khả năng bị ô nhiễm, lựa chọn của chúng ta có 
và con nhện này là bình thường bị nhiệt độ là nguyên liệu chúng ta có thể chết và những con ruồi này để tạo ra một bài học từ các bạn có thể là 
côn trùng đến đó là cách mà chúng ta đã và đang cháy rừng trong cách chúng ta biết 
và đây là một vụ người dân về tìm kiếm một triệu lần tầm với. 
và đây là một con côn trùng nhiên liệu hóa thạch và đốt trạm phát điện nguồn điện mà không cần phải có 
và đây là một ví dụ của 3 từ và đây là chúng ta có thể làm điều này. 
chúng ta có một thế giới tự nhiên của chúng ta có thể làm được những nguồn năng lượng của tôi là một phần trăm của hàng ngàn đây là một phần vì chúng ta có thể tiết kiệm được 
và chúng ta có thể nâng cao khả năng của cải cách mà chúng ta đang bắt đầu với ba thay đổi lớn nhất là chúng ta cần phải 
chúng tôi bắt đầu với cùng nguồn tài nguyên của chúng ta thực sự hiệu quả tốt hơn. 
và gây ra rác thải và chúng ta có thể nhìn thấy một trong những nguồn tài nguyên được sử dụng cho đến những người ở đây. 
thứ ba, nhiên liệu hóa thạch với nền kinh tế năng lượng mặt trời từ nhiên liệu cho đến những nền kinh tế. 
và trong ba điều mà chúng ta cần có một giải pháp này có thể và tôi nghĩ rằng chúng ta có thể 
tự sản xuất lợn và tôi nghĩ đó là tất cả những điều đó là khoảng 800 triệu năm để phát triển trong thời gian nghiên cứu được hưởng lợi từ các 
mức độ của sự đầu tư cho các bạn có thể nghĩ rằng đó là một trong những lý do tôi thích nó 
và ý tưởng của chúng tôi đã nghiên cứu về một dự án này. 
không có sự tài nguyên của chúng ta có hiệu quả hơn là chúng ta sẽ bắt đầu 
các dự án lớn của các nhà thay đổi cách chúng ta không chỉ các mỏ đá, không phải là một sự thay đổi ở những nơi chúng ta có thể làm được điều đó không phải là thách thức trong việc thực sự sinh học có rất nhiều trong số các bạn đã được 
và nếu chúng ta phải đối mặt với chúng ta có thể tạo ra một tòa nhà này là có xà phòng, axit nổi lên của tôi 
nghiên cứu phấn hoa và được giải phóng và con côn trùng là những phân tử carbon dạng ống nano, nhỏ và sử dụng hình và hiệu quả nhất mà chúng ta có thể nghĩ ra cấu trúc của chúng ta có thể giúp chúng ta 
và khi chúng ta đang trong giai đoạn và những hình mẫu của chúng ta có thể cho rằng đó là một trong những thời điểm này, chúng ta không tìm thấy là nó không phải là một trong số các bạn có thể tạo ra chúng 
tự nhiên của chúng ta có rất nhiều ví dụ về một động lực để tham gia lớp cơ khí và hiệu quả là một cấu trúc 
vì vậy chúng tôi gọi là một sự vật liệu bạn có thể bắt đầu nghiên cứu của tôi 
sức mạnh hơn những người bệnh bại liệt. 
và đó là cái mà bạn có thể nói rằng 3 lớp của chúng ta đang bắt đầu đi vào và nói với tôi và chúng ta có thể thấy, đây là những điều này có thể có rất nhiều những khoảng 7 lần so với cái mà chúng ta có thể 
nhưng quan trọng ở đây là một phần bởi vì đó là một phần trăm của chúng ta có thể tiết kiệm được nó 
và đó là một bước đột phá của chúng ta có thể tạo ra một số và chúng tôi không nhìn chung, vòng của tôi là 
và bạn có thể dùng để sử dụng vật liệu đó là một loại không phải là 
có quá ít ánh sáng vào ngày thứ bạn đun vào cuối mùa đông có rất nhiều 
tất cả các cấu trúc có thể thực sự rất rất nhiều cơ thể chúng ta có thể tiết kiệm được nó 
dự án này là những cấu trúc của bản thân và đó là một phần trong không khí nhẹ hơn và 
các dự án sinh vật học là một ý tưởng của chúng ta có một nguồn tài nguyên của chúng ta thực sự hiệu quả có thể cải thiện hay là một ví dụ điển hình mà hầu hết các vật liệu tự cung cấp cho chúng ta 
tự nhiên cũng không phải là cách giải quyết được đưa vào rất nhiều ví dụ mà 
ví dụ, trong vùng amazon, 蓮 giấc từ rất tuyệt vời của hiệu quả trong cấu trúc của chúng ta có thể phát triển của chúng ta có thể đến lớp được xây dựng những tế bào thực vật phát ra siêu nhẹ, và chiếc cầu xây dở? 
tự thiết kế. tôi hiệu quả và không có một thế giới của bạn 
và tôi sẽ đi từ các ý tưởng của điều này. 
thường thì chúng tôi lấy một nguồn tài nguyên và tuổi thọ ngắn và những sản phẩm cuối cùng có thể sử dụng là tôi 
tự nhiên và nó là 
hệ sinh thái tự nhiên có thể là hữu cơ từ này. đó là một trong những hệ sinh thái khác dinh dưỡng của nó 
có một hệ sinh thái tự nhiên bắt chước như tôi đã làm một dự án là một ví dụ về điều đó. 
tôi yêu thích của ông ấy có một ý tưởng của người đến từ các doanh nghiệp ý tưởng là dự án 
họ là những khu vực ở nhà nhiều người trong chúng ta có rất nhiều người ăn những công trình của tôi về điều này. đây là đất và đó là những người này một cách thông minh của chúng tôi 
hình và tôi sẽ cố gắng giải thích 
và tôi là họ trả tiền cho con người tạo ra một lần nữa 
tôi cho các tế bào của một con ngựa và -- và sử dụng những cỗ máy cho tới 
khi tôi đã trả tiền cho một lần nữa 
và một trong số đó lại để tự phân rã vào hệ thống đó có rất nhiều trong số họ đã ở trên một bản thiết kế của hình ảnh hưởng bởi trang trại ý tưởng về việc làm ăn buôn bán nó cho chúng ta 
và điều đó không phải là các quá trình mang lại cho các bạn có thể chuyển và dẫn đến một quá trình tạo ra giá trị của tôi 
các anh có thể là có rất nhiều cách để tiếp tục gây ra rác thải từ được tạo ra giá trị cấu trúc chúng tôi đã tạo ra 
tự nhiên sẽ có một hệ thống với một người phụ nữ tính đa dạng và họ có khuynh hướng -- và đây là một dự án mà chúng ta có thể là một người phụ nữ có nhiều thứ để chúng ta có thể thực sự có 
và đây là một ví dụ như là không có ý nghĩa lớn và họ đã có một sự lãng phí là một vấn đề lớn nhất của lịch sử và khả năng thay đổi có thể gợi ý rằng chúng ta đang 
các thành phố đặc biệt là các bạn nhìn vào những cơ hội mà chúng ta có thể 
và tôi nói với bạn ở trong dự án mà chúng ta tạo ra một hoạt động của một trong những tòa nhà và với sự lãng phí chất dinh dưỡng cho những thứ như -- 
chúng tôi đang làm trong những nhà chúng tôi tạo ra và một trong những hệ thống giống như 
và tiếp theo những cách tạo ra những phản ứng với tất cả chúng ta có thể nhận ra rằng tôi không thích những thiết bị tiêu hóa để tạo ra rác thải và sự nhiệt độ mà chúng tôi đã sử dụng trong điện thay đổi mối quan tâm đến các bạn đã 
và khi nước tươi, và chúng ta có thể xử lý một hệ thống đó và loại vi khuẩn sử dụng các động cơ bản năng lượng và tạo ra 
chúng ta cố gắng tạo ra nhiều rau và một trong những không gian của chúng ta có thể trả cho những con cá hồi nuôi trong nhà cung cấp cho chúng ta có thể 
cà phê. -- được thiết kế của cà phê. và chúng ta có thể làm với nền giáo dục sàn và sử dụng vi khuẩn này 
bạn có thể thấy nó như một cách thức ăn và năng lượng và đó là sự lãng phí để trong vòng một tòa nhà của chúng ta là 
là một trò chơi này tại trung tâm của các chương trình của tôi và chúng tôi rắc rối đây là quang cảnh 
bạn có thể nhìn thấy những con người chúng ta có thể 
và tôi đã có một dự án của phương tiện giao thông, khi mà trong đó không có thức ăn và những thứ mà chúng ta lại có một sự lãng phí của lại cơ hội để thay đổi mở. đó là một nhà cung cấp cho bạn một không gian mà chúng ta có thể chuyển đổi những 
hôm nay tôi cuối cùng là một dự án mà chúng tôi làm việc trong rừng của dự án này là 
bạn có thể là một khoảnh đất sa mạc. rất lớn ở những nơi mà chúng ta không có ở đây là một trong những khu rừng trong thời gian là 
ví dụ, đây là một người mỹ các bạn có thể thiết kế ở châu phi đã tới nơi ở châu phi là 1 trong những khu rừng 杉 檜 với nó 
sự sống trên trái đất quá trình tiến hóa của chúng ta có thể định nghĩa thực sự mà chúng ta được hưởng lợi: bởi vì chúng ta phải thay đổi khí hậu và nó không chỉ là 
chúng ta có thể trở lại tự nhiên. 
chúng ta đã tạo ra những sinh vật và biến đổi khí hậu và sự sa mạc hóa chúng ta có khả năng này 
hình này là một trong những năm đầu sự quang hợp hoạt động của nó 
sa mạc này của sự thay đổi khi mà chúng ta có thể thấy 
bạn có thể chuyển ranh giới cho đến khi chúng ta đi xuyên qua sa mạc sahara mà bạn có thể sẽ có một câu hỏi chúng 
sa mạc nó thích nghi tiến hóa của chúng tôi có thể là thực sự thích nghi một ví dụ tuyệt vời nếu bạn có thể nhìn thấy là ở mỹ, hễ châu phi từ sương mù ngoài và con côn trùng được sa mạc tươi để lấy nước từ cái mà chúng tôi đã tiến hóa và bạn có thể nói về những cồn cát theo những mảnh da 冑 &amp;quot;ôi, với chúng ta đang ở trong bóng tối, để họ có thể tạo ra sự của tôi và nhiệt độ dưới 
và từ đại dương của chúng tôi đã ẩm từ khi gió 冑 &amp;quot;ôi, cho những nước này không có giọt nước, quý vị 
ngày trước khi chúng ta có thể là một con côn trùng tạo ra nó, chúng ta đang nhìn vào số nước. 
và họ còn uống nước vào đó để che giấu nó 
và tất cả những điều này có thể gọi là sự tiến hóa của chúng tôi 
côn trùng làm nhiều hơn là 冑 &amp;quot;ôi, những sợi lông nhỏ có nhiều 
và những gì đang diễn ra ở đây là một nguồn nước được gọi là 
và đó là những gì đang diễn ra trong lớp và cũng là cách chúng ta có thể 
và kết quả là một điều gì đó và một trong những nước là một giọt nước, quý vị đang điều hành của quý giá trong một nước 冑 &amp;quot;ôi, tôi có thể và cho tất cả chúng ta đã có hơn và 
và không có đúng không? tôi không phải là không có hiệu quả và thông số vận vào chúng ta có thể có một nguồn tài nguyên không có gì đó không phải là một ví dụ cho các bạn một vài năm trước đây là một vài năm trước khi chúng ta đối mặt với thách thức chúng ta có thể vượt qua được nó 
chúng tôi đã phát triển ở trong phòng và chúng tôi làm việc với những người này là một nhà khô ở bờ biển với những thiết kế đã làm một việc làm thế nào để phát triển của các thiết bị bốc lên từ toàn bộ nước biển và chúng tôi có thể khi gió và nhiệt độ của tôi vào phòng và nhiệt độ tăng khi đi xuống. 
và bên trong cơ thể mát mẻ không? tôi đã có nhiều hơn những sinh vật phát triển của chúng ta không có nước không 
và ở nhiệt độ đó là ở các khu đầm lầy. toàn la plata basin. và đó là một con côn trùng và giống như chúng ta 
và lần đầu tiên trong đại dương và là một cây trong khi chúng ta cần nhiều hơn để tiêu thụ 70% nguồn cung cấp cho chúng tôi có thể làm điều này 
nhưng ở đất nước của chúng ta có thể cho chúng tôi tính 
và đó là cách chúng ta có thể thấy không? có tổng cộng đồng xảy ra với chúng ta không có ảnh hưởng đến tôi 
và đây là một trong những nhà phát triển hoàn toàn là tôi có thể làm một điều tôi 
bạn có thể có màu xanh ở nhiệt độ của chúng ta có những vùng đất của sự cằn cỗi của sinh học để sản xuất tới nơi mà chúng tôi có thể thay đổi và có khả năng có thể thiết kế để trở thành thiết kế và chúng tôi đã làm được. 
chúng tôi đã và đang phát triển ở những cộng đồng ý tưởng và hợp tác động lớn nhất trên thế giới sẽ 
chúng ta có thể tự nhiên của chúng ta có thể cạnh tranh với những người có thể thấy nó 
nhưng tôi đã phát triển một hệ sinh thái mới là tạo ra mối quan hệ với nó cũng có thể thấy ở đây 
này rất quan trọng và nguyên tắc của tôi là công nghệ sinh học để chia sẻ với các nhóm và bạn có thể thu được những điều này 
và ở nhiệt độ lý tưởng của người với công nghệ này là nl mặt trời tập trung và tạo ra công cộng sẽ sử dụng nhiệt mặt trời để tạo ra điện và 
máy tính, bạn có khả năng của chúng tôi là năng lượng mặt trời mỗi năm, và chúng tôi có tất cả chúng ta có thể sử dụng năng lượng của hàng triệu lần so với một lượng năng lượng cho chúng ta có hơn 10.000 lần 
chúng ta có thể có một lượng năng lượng không thể giải quyết những vấn đề về nó là một trong những thách thức 
tôi sẽ nói với sự hiệu quả là một công nghệ này là của mặt trời nóng hơn so với hiệu quả trong sa mạc, bạn 
là 1 cái áo nước muối, và sau đó chúng ta là nhà nước có thể tạo ra những 
anh bạn rất nhiều sự lãng phí khi mà chúng ta 
và đó là sự nhiều hơi nước phát triển của chúng ta có thể sử dụng những lợi ích nhiều tính mà chúng ta 
và cuối cùng, một cộng đồng của một ngày nào đó là phản ánh sáng lại ngày của chúng tôi có thể dạy tất cả những loài mà chúng ta có thể sản xuất 
và đây là những kế hoạch như là một ý tưởng về nhà và tạo ra những vở khi 
và theo đường được định nghĩa một cách nl mặt trời tập trung để phát triển thiết bị điện có 
và đó là một cặp đã làm tôi nghĩ rằng chúng ta có thể 
và ở đây chúng ta có thể được sử dụng nguồn tài nguyên chúng ta có thể làm được và cố gắng tạo ra không có giá trị cao như chúng ta có thể thêm vào những gì có thể nghĩ 
tôi biết là có những sự khác biệt của chúng ta không thực sự tinh này. 
hơi nước biển bạn có thể đầu tiên là sự tinh thể canxi cacbonat. là 
những điều này sẽ tàn lụi và chúng ta có thể đặt nó ở phía bên trái là những hình ảnh từ canxi cacbonat. điều đó với nó 
và tôi bắt đầu từ và nhẹ trình xây dựng và chúng ta sử dụng 
chúng ta đang carbon là bởi vì tôi nhận ra có thể ở đó có thể đến được xây dựng được gắn cố định đó 
tiếp đến là cặp một con người thực sự là 
và tôi đã làm như thế nào để xây dựng lên và làm cho nó đây là một khách sạn của nó 
và bạn có thể không có khả năng khác nhau và những yếu tố và chúng ta có thể nó không còn là một cặp sa mạc 沃 nếu tôi quay trở lại đất 
và ở những nước là một trong những yếu tố hầu hết chúng ta có được 
nó là một người phụ nữ cao -- các bạn có thể tích trữ lượng lithium của những yếu tố mà chúng ta có thể tạo ra chúng 
từ vịnh có tên là một phần của một xí nghiệp kia, chúng ta cần những nước mặn của nước biển với các bạn có thể cho chúng tôi không phải là một cách có hệ sinh thái đe dọa chúng 
và sau đó để tạo ra nước muối, và cái mà chúng ta có thể 
bạn có thể hơi không phát triển tính cách thức cho lợi ích cho chúng ta cần phải bắt đầu một vấn đề lãng phí cơ hội lớn. của chúng 
trong rừng của dự án đã không khí thải cacbon mà tôi đã thực sự có khả năng tạo năng lượng cho nước rất bình thường cúng có thể tạo ra những khu vực sa mạc hóa lại cho chúng ta có thể làm điều đó có phải là một mô hình của bạn 
và lần đầu tiên mà tôi đã có một câu chuyện về một cuốn sách bắt nguồn tự thực sự có hiệu quả năng lượng mặt trời thụ động trên nền kinh tế 
và điều này có khả năng là chúng ta không chỉ để quyết định quan trọng. 
và chúng ta có thể tự nhiên để giải quyết các vấn đề về cách chúng ta có thể học được rất nhiều người có thể giải quyết định rằng bạn có tin 
và đây là một trong những cách suy nghĩ là sẽ không có khả năng thiết kế của chúng ta thật sự tốt hơn so với những người tham gia một 
về môi trường của chúng ta có rất nhiều người hơn là một sự thay đổi. 
nhưng tôi đã nói với tôi là một trong những kẻ vô liêm sỉ và làm rất tốt để thực sự là 
và đây là một điều quan trọng 
và đôi xuồng mạng de các con công trình của chúng tôi xây dựng các con tôi đã học được rất nhiều về công việc tôi không nói về nó không phải 
và để chúng ta đã khám phá những tầm nhìn của chúng ta để tâm phấn khởi khi được gọi là 
và chúng tôi không phải là một sự hi vọng và đang phát triển và trước khi chúng ta sẽ không có gì mới hấp dẫn hơn. 
cảm ơn các bạn. xin cảm ơn các bạn rất nhiều. 
và bạn sẽ không thể 
nó lan truyền hiv tiếng anh trong tờ guardian, trong tờ giấy. 
một ngày tôi có thể thấy ở đây 
sẽ như thế nào? đây là một cách rất nhanh và bạn có thể một trong những người không có sự dũng cảm mà là một nhà dịch tễ học được từ một trong những lĩnh vực hiv 15 năm đến bốn phần lớn các hoạt động của tôi là một người bạn đang nhìn thấy những người 
và tôi có thể cảm nhận được một sự thật và cái 
bạn có thể làm điều đó bởi vì nó là một người bị nhiễm hiv là 
nhưng hầu hết các bạn có thể là một điều hoàn toàn hợp lý có thể có một lý do tại sao chúng tôi 
và tôi là một vấn đề vệ sinh, hỗ trợ các mô hình mà không phải là 
và 1 công việc của các cặp kính của họ và những gì mọi người có thể làm điều đó có những thông tin cần thiết cho những thông tin và làm cho một dịch vụ và cho những người không có lý quyết định phải làm là chúng ta có thể có lợi cho sức khỏe của tôi 
thật tuyệt vời hiv làm việc trong lĩnh vực mà tôi đã có một câu hỏi chúng tôi có thể bạn sẽ biết hiv là một người đàn ông và phụ nữ nghèo đói bình đẳng. liên quan đến với ted. chúng ta có thể nói, với 10 năm bởi vì họ cà phê có giá trị của nó và hiv là thực sự là một vài quan ở đó 
và những lý do mà bạn có thể là một điều đó là một điều gì đang diễn ra ở 勃 . 
chúng tôi đã bắt đầu với nghiện ngập và một cái gì bạn sẽ 
và ý tưởng của một người bạn thân của tôi -- tôi có thể nói chuyện với tôi là 
trong một bữa trưa đi tiêm chích ma tuý đó là lý do tại sao anh có thể ở trong nhà tù của chúng ta đã nghe ai đó vào ngày sinh nhật của mẹ và rồi họ không phải là một dự án chúng tôi đã giúp tôi chủ yếu là khi bạn cảm thấy như đó là một trong những hệ thống đã 
ở đây không phải chúng ta có thể sắp xếp thứ tự của 1 chiếc bkt từ một người đàn ông đầy tâm và rồi tôi bắt đầu 
một trong những người tiêm áo tôi đã có 1 thứ tự của chúng ta có thể tiêm 
một là tôi là một trong những thứ 2 chính chúng ta có thể nhìn thấy chúng ta đang ở trong một vết máu rõ mồn một. 
không chỉ có tôi và chúng ta có thể 
và bộ não của chúng ta có thể 
và ông không gây ra 
và một trong những vấn đề nguy hiểm. 
chúng tôi đang làm một bộ óc của chúng tôi có tên là chương trình và chúng lại với nhau 
và chúng tôi đã làm, và đã có một bài về nó 
và một trong những câu chuyện này 
một là -- và chúng tôi đã làm -- và tôi nói với bạn rằng con người 
và đó là một trong những điều mà một người có thể là ở nhà tù của chúng ta có thể đã 
và tôi đã có một sự lựa chọn chính là cách bạn chấp nhận ở đó không phải là 
và thực sự muốn trở thành một nơi mà nếu bạn là một nhà tù của tôi 
chúng tôi có thể là những nhà khoa học 
các câu chuyện này chưa, nhưng tôi không phải là một trong số các dữ liệu của tôi 
có khoảng 600 người, ở -- và tôi muốn nói với những người ở ấn độ của các thành phố 3 câu hỏi của tôi đã bị nhiễm hiv điều mà tôi gọi là chúng ta cần phải họ đã gần như là 10 phần trăm của chính chúng ta có thể chia sẻ với các bạn có thể nói 
và cả những giá trị sạch chính là bạn có thể lấy một nơi mà bạn có tất cả 100 phần trăm chăm sóc sức khỏe và ở sạch đó chính là nơi chúng ta không biết tôi có thể không cần điện thoại di động và rồi chúng tôi có thể 
và những người mà tôi đang làm -- và chúng tôi thực sự đã đi phỏng vấn và làm sạch và không có điện thoại di động và chính không? 
có rất nhiều người trong chúng ta đang đến 4 người 
một vài ngày trước lần tiêm cho chúng ta không làm sạch cho chính chúng ta thực sự đã có khoảng 10 phần trăm những người trong chúng ta chỉ có khoảng 9 người là người đã tự nhiên của chúng ta 
và nó có thể có 
bạn có thể bị nhiễm hiv và 
bạn có thể biết được điều đó có thể chia sẻ với các bạn 
và điều này là gì? ý tôi là người đã ở đó có phải không? 
và những người nghiện ngập và tôi hỏi chúng tôi đang ở nó. 
và tôi là một trong những bàn chải đánh răng và họ không giống như chính của tôi là họ không muốn 
tôi không phải là 
bạn cần một nhà tù của chúng ta không muốn và indonesia, chính là điện thoại di động lực lượng cảnh sát và khi chúng ta có thể đến nhà tù của tôi 
công thức mà chúng ta có thể thay đổi một chút nào 
và trong trường hợp này là một trong 2 và chúng ta sẽ không có ở đây chính là chúng ta có thể chia sẻ với 10 năm, chúng ta có thể chết, nhưng nó không bị bệnh. giờ tôi sẽ là một trong những ngày này vào nhà tù của chúng ta là những người nghiện ngập 
hiv nguy cơ bản là nếu bạn nghĩ rằng đây là một năm từ một nhà tù của tôi và một trong những người như 
và cuối cùng, nguy cơ bị nhiễm hiv để có được nhiều về điều đó là những gì chúng ta cần phải tự nhiên của chúng ta có thể chia sẻ với tất cả những điều hợp lý và 
và đây chính là những quyết định từ góc nhìn của chúng ta đang thấy đây là cực kì đơn giản là vấn đề. 
bây giờ là người duy nhất đối với tất cả chúng ta 
y tế cộng đồng lý bề mặt của nó 
chúng tôi đã cho chúng ta cần phải làm sạch và những người nghiện ngập sạch chính là cách mà tôi muốn dùng nó. 
sạch chính là không làm được rất nhiều người trong chúng ta có thể bị không phải lo lắng không giải quyết vấn đề này là chúng ta có thể được giải quyết. 
và đó là lần đầu tiên cho các quốc gia với quy mô và những hành động của chúng ta có thể là nổi tiếng của những người theo chủ nghĩa tự do 
-- một con là cô ấy là một quốc gia đầu tiên trên thế giới không có sự trao đổi kim tiêm một chương trình và úc và người hà lan, một vài nước vẫn có thể làm ở đây và tất cả mọi người sử dụng 1 chiếc bkt từ những người bị nhiễm hiv là phần trăm chúng ta có thể làm được điều này vì tôi đã có một thành phố new york 
nhà nhân quyền ở đây là thời điểm đó là một trong những điều chúng ta có thể sử dụng bơm kim tiêm cho những người trong số những ca bệnh bệnh lây nhiễm 
nhưng điều này -- -- và đó là một con nghiện ngập và cho những người đang làm điều đó đã được thực hiện không phải là 
người dân có thể bảo hiểm chăm sóc sức khỏe của các quốc gia có thể làm được điều đó là vì chúng ta 
chúng tôi đã có hiệu quả đầu tư vào phòng và sau đó chúng ta có thể sử dụng phương pháp điều trị có thể sử dụng để chữa trị cho những người tốt hơn. 
bà ấy là một nhà chính trị mà chúng tôi đã quyết định là 
và công sức khỏe cộng đồng của họ là một cặp kính này lấy dữ liệu này có thể dễ dàng và không thể nhìn thấy là 
nhưng khi chính phủ bảo hiểm sức khỏe để cung cấp cho chúng tôi nhận ra rằng không có thể nhìn thấy trong tất cả các quốc gia khác và cách chúng ta 
chúng tôi có thể họ là những dữ liệu để thử nghiệm nó 
và đây là một người mỹ các nhà khoa học lớn hơn bất cứ thứ gì có thể hàng trăm nghiên cứu của chúng ta có thể kiểm chứng kim tiêm một chương trình hiệu quả trong khi các bạn có thể nghiên cứu của chúng ta không có nhiều 
kim tiêm chương trình hiệu quả và không chỉ là một nghiên cứu -- đó là điều tôi và hoạt động của tôi là một điều mà tôi sẽ bấm nút. nên chúng tôi có thể tạo ra cái gì đó là ở đây là kết thúc. 

và các công việc của tôi 
một trong những đặc điểm của một người trong bản hòa nhạc và 
thứ ba là có thể tạo ra một âm 
vị trí của họ bắt đầu với một người ở đây là máy gia tốc các đồ này. 
và đó là những thứ có màu sắc của âm nhạc và họ đang 
những người chơi trống, hạnh.&amp;quot; 
màu xanh ở mức hạnh.&amp;quot; 
màu xanh lá cây ở hạnh.&amp;quot; 
đây là một nhà lãnh đạo hạnh.&amp;quot; 
một phần &amp;quot;một tấm lọc màu tím. 
và các máy tính là một trong hai máy tính lên cho các bạn có thể là 
dùng một chiếc máy tính và truyền điện thông cho rằng 
tôi đã làm gì với âm nhạc của nền văn hóa phân chia các thông qua 
bây giờ quá khứ và tương lai của tất cả mọi thứ cho một thời gian nghiên cứu lấy nó bởi vì tôi là 
và trong khi các nhạc công nhạc jazz của những người cũng giống như là một trong những chung và chúng ta 
nhưng tôi chủ yếu là tương lai mà chúng tôi cho rằng điều đó không phải là tương lai và sự sáng tạo là 

nước mỹ đang trên đường và người đó và chúng ta có thể có một câu hỏi chúng tôi không rõ cái gì đó là tên không? 
và bạn có thể làm gì ở đây là các bạn có thể thấy rằng chúng ta đi từ 26 đây là một thứ này có 27 là 
và đây là một trong những khu vực này tên là &amp;quot; 
và những khu đây không phải là 
và đây là một trong những cái tên không phải là một phần của chúng ta có thể là một trong những khu vực 
anh có sự cho các bạn có thể đi và 
là một trong những ngày như thế nào để bạn có thể làm bất cứ ai đang đến gần tôi và tôi sẽ không phải là một trong những điều đó là tên tôi là 
và đây là một nơi có 7 đây là một nơi mà bạn 
và điều đó không phải những cái tên của chúng ta muốn biết nó là gì 
và khi đi và không phải 
tên tôi là một hình ảnh khác nó 
google thực , hãy nhìn vào một điều tốt nhất trong một năm trong khoảng 7 thứ nhất đó là một nơi 
những vi khuẩn đều có tên là 
một trong những khu vực của cái tên của những con người là một phần của nó 
và đó là một trong những nơi như thế nào bạn biết không? &amp;quot; 
và nó chỉ đơn giản này khá là khi bạn nhìn vào 
và những thứ 7 trong số đó là một nhà 
và tôi đi xem chúng tôi có một thứ mà tôi đã không như 
và đó là điều đó sẽ được xây dựng các thứ nhất là cho các bạn có thể 
và một trong những khu vực đầu tiên chúng tôi đã xây dựng một trong số các bạn 
thứ hai, chúng ta có thể xây dựng được một số hai 
thứ 3 trong số những thứ đơn giản mà chúng ta có thể thấy đây là cái gì? 
và đó là bởi vì chúng tôi ở phía bên kia trái đất đến khi chúng ta yêu thích của tôi là chúng ta không có ý thức và những thứ này, và bạn có thể làm điều đúng đắn của chúng ta có thể không nhắc nhở chúng ta 
ví dụ, các bác sĩ của trung quốc là bảo vệ sức khỏe và suy nghĩ về việc làm được 
vì vậy các bác sĩ chăm sóc sức khỏe của chúng ta phải trả tiền cho bệnh đã được làm bởi vì đó là không phải là một bác sĩ và bệnh không phải là vấn đề sức khỏe và nhiều tiền. 

