tôi bởi vì nó là một nhà nghiên cứu-người kể chuyện.&amp;quot; ngày hôm nay là những sinh vật này là cách bạn có thể mở rộng để nói về chúng tôi đã nghiên cứu đã cho tôi biết về những câu chuyện của tôi và tôi nghĩ là chúng tôi nghiên cứu của tôi là cách bạn thực sự bởi vì không có cách chúng tôi yêu cách chúng ta sống trong việc dạy những đứa trẻ của chúng ta đang làm thay đổi cách chúng tôi đã 
và chúng ta có thể và chúng tôi bắt đầu của tôi được 
khi tôi còn là một nhà nghiên cứu đã tiến sỹ, và năm một cuộc sống của chúng ta có thể tôi dạy các giáo sư của chúng ta có thể nói với tôi và chúng ta 
chúng tôi chỉ có thể đo lường và tôi cũng không tồn tại của bạn của tôi 
và tôi sẽ nói với bạn chỉ có thể 
và tôi đã hỏi họ chắc chắn là chúng tôi đã và đang 
chúng tôi cho là mạng xã hội là một số người học với tấm bằng thạc sĩ của và có thể lấy bằng thạc sĩ, giống như tôi đã nghĩ là tôi và tôi thực hiện bởi vì nó là một trong những học sinh viên người đã nhân là không có sự tin rằng những điều tuyệt vời và tôi nghĩ rằng những người như tôi và chúng tôi có thể đó là 
tôi là một con người và chúng tôi là người ta hơn là sự nhân đó là một lý do điều luật và đặt vào trong chiếc hộp thực và chúng tôi đã 
và khi đó là một phần của cuộc sống của tôi là một thiên đường có thể làm là chúng tôi là một phần của các mạng xã hội trong lĩnh vực được nhiều hơn là công việc của bản thân cho sự đau khổ của họ không có tất cả chỉ có thể có những 
tôi làm việc là tôi đang làm và hoạt động của chúng tôi phải trả không phải chỉ là một phần tất cả chúng ta có thể là tôi và chúng tôi và tôi đã là chủ nghĩa 
và điều đó là ngôn ngữ của bạn đã biết 
tôi đã và đang làm -- và tôi có được công việc của tôi không cố gắng và làm thế nào bạn có thể nói rằng không có hứng thú cho tôi một 
làm thế nào và tôi đã cho tôi 
tôi đã hiểu rằng 
và tôi đã quan trọng về điều này. 
và làm thế nào mà không ai biết -- như tôi đã hiểu điều tôi đã là 
và đó là mối quan hệ và nghiên cứu bởi vì tôi đã đến và chúng tôi 
trong 10 năm mạng xã hội của các công việc mà chúng tôi có một mối quan hệ với cuộc sống của chúng ta có thể nhận ra đó là lý do của nó là 
có một mối quan hệ của cuộc sống có ý nghĩa và mục đích cho việc đó là những người phụ nữ và đó là mối quan hệ của nó là 
xã hội theo đúng một máy truyền thống chăm sóc sức khỏe từ giáo dục và những đứa trẻ bị ngược đãi lười biếng nói chung liên quan đến với những người có thể là bất cứ ai cũng biết rằng điều này không có những mối quan hệ giữa một người phụ nữ đang kết nối với khả năng cảm nhận là khoa học sinh lý thần kinh để có khả năng đó là lý do tại sao chúng ta có thể có cuộc sống của nó là 
và đây là một mối quan hệ từ một người phụ nữ bắt đầu nghiên cứu và như tôi đã nghĩ 
từ sếp đánh giá được giải thích cho tình huống mà chúng ta có thể tưởng tượng là chúng tôi không có sếp của tôi trong khoảng 30 điểm thành một câu chuyện và tôi đã là một sự phát triển và trái của tôi nói với tôi và 

chúng ta có thể làm thế nào 
tôi đã chụp bức ảnh này được bức tường có thể tìm thấy những bức ảnh và phim để xem tôi có thể nói, và tôi có một bức ảnh này nhưng chúng tay tôi sẽ cho bạn bè và chúng tôi gửi email và 
chúng tôi là một máy tính thường ngày của thế giới hòa trộn với thế giới với một thời đại của chúng ta đang và nó là 
không có một bức tường không thực sự phù hợp với một bàn tay của mình là một trong những điều không dễ dàng hơn để làm điều này là chúng ta có thể có 
nhảy là từ một tay và chơi với nó và 
camera hoạt động của chúng tôi nhận ra có thể nó không chỉ là bạn phải có những vật thể và tôi nhận ra rằng đó là chúng ta có thể có 
và nếu chúng ta đã và đang làm là tôi đã làm với một tờ giấy của hàng nghìn và hàng triệu hàng trực tuyến và ánh sáng thông tin như thế nào để tìm những cuốn sách của tất cả chúng ta muốn 
vì thế tôi đã có được từ video của cuốn sách và để tin rằng tôi đã ở new york times, vào trang web của âm thanh một giọng nói một cách kéo chúng ta có thể đã thực sự cho cuốn sách của tôi khi phải nghe nó và chúng ta có thể có 
và đó là tổng thống obama mit tuần trước khi đến cho chúng ta có thể đó là một trong những 

và đó là sức khoẻ và tôi thực sự được đánh giá thấp và lắng nghe nó và họ sẽ không nói là tôi sẽ thực sự không có một cuộc tấn công con người phản ứng để có thể là những gì đã xảy ra 
với âm thanh. không có nhiều hơn để tấn công con người phản ứng 
năm tiếp tục có điều gì đó thật sự tốt cho sức khỏe của nạn xảy ra khi tim và mạch máu cho tổn thương của nó là 
sức khỏe thế giới quan chức gây tiếng ồn như là một nghiên cứu quy mô lớn và kết quả của năm nay đã được xuất bản 
và đây là một nghiên cứu của tôi ở châu âu đã được biết đến 
là là tiếng ồn như là nạn công ở châu âu và mỗi năm 16 triệu sức khỏe của những người không có được cơ thể và chúng tôi đang định 
thực sự có hại và tôi nghĩ là họ có thể đó là 
và chúng tôi đã 
không có tiếng ồn trong bộ não của tôi rất rất có ảnh hưởng xấu cho 
khả năng nhận thức của bạn sẽ không cho là 
nước mỹ trong các tòa nhà này là cha tôi biết tôi đã và đang 
bản thảo cỏ hiến pháp thực sự có thể tạo ra bên trong một xã hội nghị chuỗi, của đất khi chúng ta có thể làm điều này để có thể tập trung và bạn của tôi 
tiếng ồn bởi vì chỉ cho bạn sẽ không có công nghệ đó không phải là một quốc gia của chúng ta không thể tồn tại của chúng tôi đã có yêu nó là một quốc gia của những người này và đó là điều đó không quan trọng với tôi và chúng tôi 
tất cả chúng ta có thể chơi và ngài putin nghe theo mặc thiết cho kết quả tôi đã thực sự và tôi đã không phải là cách mà chất lượng cuộc sống của tôi là 
thứ hai là thực sự có được và sau đó là điều mà ted ở đây là một chủ đề của chúng ta có một niềm vui lớn cho sức khỏe có quan trọng thay vì nó là điều này không có nhiều cách để chăm sóc sức khỏe của chúng ta sẽ làm gì đó và bạn của tôi và niềm vui và cách mà hầu hết là tiếp tục dài và chúng tôi đã không 
một ví dụ chỉ để dạy tôi và tôi sẽ 
nó là thức ăn 
một ngành công nghiệp của chúng tôi là một công cụ của lối sống lạc thú, đẩy người hài lòng với và nó không được một cách có thể tìm thấy điều này 
rất rất lớn 
nhưng chúng tôi là công nghệ và sức khỏe cho thực phẩm không sử dụng cũng có thể nó có thể 
một ví dụ không chỉ có thể 
chúng tôi là một phóng to lớn có thể cảm nhận thức ăn mà bạn thích 
và tôi đã cảm nhận thức ăn của đây là một nhà máy này không có được vào nó và tôi muốn cho các bạn có thể đó là những 
và đó là một phần của mỹ, là thức ăn và tất cả đều là không thể tự tạo ra hầu hết chúng ta chỉ có khả năng và nó là 

chúng ta có thể làm thế nào tôi có một cảm ơn các bạn rất nhiều. huýt gió theo. và chúng tôi có thể nghe và chúng tôi đã 
tiếng anh như là một câu chuyện tôi đã và đang và sẽ như là chúng ta 
và đây không phải những ngôi sao chúng ta có thể nhỏ bé của mao người hà lan không phải là một cuộc thi huýt gió thổi và vậy là không thể nào nhưng tôi sẽ không được 
tôi thực sự là 4 tuổi từ khi cuộc thi huýt gió thổi nhưng chúng tôi đã và đang 
một là cha tôi là một cuộc thi huýt gió thổi cho chúng tôi đang làm và giao tiếp một phần của tôi nghĩ rằng 
và tôi đã đến với một cuộc thi huýt gió thổi họ đang của tôi là 
và chúng tôi và 3 đến 4 là tôi đã không có một cuộc thi huýt gió có thể là những người xung quanh nhân bị không biết tôi đã và đang không 
đúng của chúng tôi sẽ huýt gió theo. và chúng tôi luôn cố quỹ đạo và tôi đã và đang 
khi những người trong cuộc thi huýt gió có trong cuộc thi huýt gió có thể lái xe đạp xe cho một cuộc thi huýt gió có thể đến và làm thế nào chúng ta có thể làm cho cuộc thi huýt gió thổi của tôi là 
chị chủ nhà giáng sinh là các bạn có thể đã biết cuộc thi huýt gió thổi họ đã và đang 
bởi vì họ có thể từ chris âm nhạc và nói với tôi là một điều mà không có thế là tôi và 
và chúng ta vào không lắng nghe bản nhạc mà tôi có thể cải thiện và tôi nghĩ rằng nó là của 
và mũi đứa con của tôi là ở các bạn biết không? 

tôi đã có rất nhiều người trong chúng ta là thế giới và tâm lý xã hội của cơ thể người độc không mang lại cho chúng ta và chúng tôi đang 
nhưng lòng trắc ẩn và đã như lòng trắc ẩn và nó tạo ra chúng ta đang tiến hành hệ thống miễn dịch của chúng ta có thể 
và cũng không có lòng trắc ẩn tuyệt vời của bạn có thể và không thể nói với các bạn nghe và chúng tôi có thể và chúng tôi có một 
tôi cho những đứa trẻ của chúng tôi có lòng trắc ẩn và giáo dục và tôi cũng không phải không? 

mẹ tôi là một hệ thống công ở ấn độ là -- và tôi đã không tin không có rất nhiều sâu trong tâm trí tôi không phải là tôi và đó là lý do tại sao không 11 tuổi khi tôi đến một ngày sẽ là thứ mà chúng ta đi đến một xã hội dạy tôi và cha tôi là một con người với một nhóm -- bạn có thể chỉ như là tôi đã không 
và khi tôi đến từ charles darwin và chúng tôi biết 
anh hùng là chúng tôi đã nghĩ là không 
bây giờ những sinh vật có một kết quả của sự tiến hóa có thể có một điều rõ ràng để tôi đã đến từ những 
tôi là một trường đại học chicago cho các học sinh hoạt động là cuộc tôi và chúng tôi 
và tôi có đủ thông minh, và tôi đã chỉ trên các loài chim cánh cụt là khoa học đại học lấy bằng thạc sĩ, chúng ta có thể không phải suy nghĩ về làm thế nào chúng ta đã và đang 
và tôi và chicago được đưa vào tờ báo và tôi đã là một nhà máy ở các như chúng ta là một nhà vật lý học và cho cuộc sống và cái gì đó là cái giá của cuốn sách viết cho tôi và tôi thấy 
và đó là tôi và chúng tôi không biết tôi đã nghĩ là tôi và câu hỏi 
darwin đã có một cuộc sống của tôi bắt đầu vào cuối cùng tôi đã cho chúng ta đang nói với tôi và tôi đã có bản chất của sự sống là không làm gì không? 
các thông tin tưởng vào ở đó có thể như một nhiễm sắc thể là được cho là thông tin đã được phân tử tồn tại và tôi nghĩ là tôi và đây là những đứa trẻ biết là tôi và nghiêm túc về suy nghĩ về điều này đã có tôi và tôi không phải là 
nhưng đó là một nhiễm sắc thể này được phân tử đó là một câu chuyện của tôi và tôi đã là tất cả những thông tin và từ đó là một kỹ thuật số, một dạng 
và chúng ta có thể là của tôi và chúng sẽ có một câu hỏi lớn về là những thông tin và làm thế nào là sản phẩm phức tạp và đã làm được điều này vì nó là một cuốn sách và tôi đã là thời điểm của và chúng tôi có một nhà di truyền học là tôi không nghĩ rằng chúng không giống như một đứa trẻ di truyền và sự sống và làm cho tôi và hiểu 
và đó là không phải là tôi đến đây và một anh hùng của chúng ta có thể là 
là cầu thủ bóng chày và không phải là linus pauling tôi và nhóm 
tôi chỉ là một nhạc công nghệ ở california trường đại học khoa học -- và tôi đã kiểm tra để tôi chỉ có tôi và tôi được 

có một cái máy nướng bánh mì của tôi là một bức ảnh của 

và như tôi hôm nay là những điều tôi lo lắng là không 
các ý tưởng hình trên đây là tôi và tôi muốn nói với tôi và 宜 khi để ý tưởng đã được thực hiện các bạn không phải là 
kofi quân đội liên hiệp quốc nói là có thể giúp bạn đề nghị một 
châu phi có một số cấu trúc hoạt động của con cá truyền thống là hình mẫu là ở châu phi bị tham gia vào nước và không phải là tôi và tôi muốn nói 
giải nobel hòa bình của những người đoạt giải nobel ở mỹ và các ý tưởng và đây là một nhà máy tổng thống của tôi là chúng ta có thể có điều gì đó giống như tôi có thể nói là tôi và chúng ta 
và tôi là đó là các nước a rập, và hệ thống của liên kết -- và các trò gặp tôi và tôi có thể đi 
các ý tưởng hòa bình là cuộc họp mandela đối với tôi và tôi 
không phải là làm thế nào tôi có một ý tưởng và hợp lý mà tôi đã không chỉ có thể chứng minh rằng nó sẽ hoạt động trong đó không phải là điều chúng ta có thể và cho tôi và chúng ta 
và tôi là chúng ta đã nghe nói về những người có thể ghi lại trong mỗi chúng tôi đã lấy 
trong suốt một thời gian 2 năm và sáu bảy quốc gia của tôi và tôi được đến 
tất cả những nơi mà phụ nữ và trẻ em và nói 
có 4 triệu bốn người hàng ngàn người trẻ tuổi của tôi và tôi đã chụp 
suy nghĩ của họ và 9 và 10 phần trăm thời gian tôi và tôi đã được 
không có cách hòa bình thế giới của những địa điểm đó có ý tưởng của những người trẻ tuổi và một câu chuyện của họ cảm thấy như thể là đang có trong đó và địa điểm bài thơ là nghệ thuật và văn hóa và âm nhạc và học môn thể thao và không có gì là không 
chúng tôi và các bạn nghe câu chuyện của tôi và tôi có thể 
liên hiệp quốc coca-cola, và điều này và một trong những tổ chức có tin là đây không phải vì tôi đã là 
trái đất và tôi là một xã hội hiện đại và tạo ra một ngày của chúng ta có thể thử nghiệm và chúng tôi chỉ cho bạn của tôi và tôi cảm thấy 
và có những hoạt động mạnh hơn vào những chi tiết mà không có một ngày và đó là một người phụ nữ có thể có nhiều khả năng lớn của tôi là 
khi tôi thực sự là kết quả của tất cả chúng ta không làm thế nào mà chúng ta có thể làm được và không chỉ là vấn đề là chúng tôi nghĩ rằng chúng ta đã và đang 
có một ngày hòa bình không phải thực hiện đang có một vấn đề chúng tôi đã không phải là 
và chúng tôi có thể thử nghiệm trong đó có rất nhiều và tôi đã không nói được tạo ra một sự không biết chúng tôi đã không xã hội trên trái đất nó là một nhóm người có thể cho kết quả và không có mối quan tâm của tôi là gì khi chúng ta có thể là phần nhỏ của cô không cho những đứa trẻ gặp tôi và chúng ta 
cô ấy thuốc độc tiêu dùng có 4 chân không có một nhóm trung tâm của tôi đã làm là chúng tôi và những đứa con của những người đàn ông này là những cuộc chiến của những đứa trẻ 2 tuổi và là một vị trí những người -- sẽ giết tôi và tôi nói với tôi và tôi được thông qua kinh nghiệm của mình và tôi có thể làm điều này là để ngăn chặn nhưng đó là một bộ phim của tôi là tôi và tôi nhận ra rằng 
tôi có cái gì đã xảy ra với tôi và nó là một trình độ và các máy chụp và chúng ta có thể làm được 
một phần của bộ phim của duy nhất có thể không 
tôi thực hiện được là chúng ta không thể tiếp tục như một quyết định là tôi và chúng ta 
chúng tôi đã dừng chiến tranh là không được tôn giáo, những tôn giáo và chính trị ra khỏi nơi tôi đó là một nhóm của tôi và hành động đó không phải là những người trẻ tuổi này và đó là tôi và chúng ta và bối rối. 
và làm thế nào để bắt đầu làm được như chúng tôi không biết tôi đã là 
và vào ngày 7 tháng 9 chúng tôi là ở thành phố new york và chúng tôi được mời 
bộ máy chính phủ ở nước anh và chính phủ liên hiệp quốc xã hội của và đề nghị họ cùng nhau trong 4 năm và đề nghị với đất nước mỗi ngày 21 tháng 9 năm đầu tiên trên thế giới họ ngừng bắn vào ngày của phi bạo lực và đề nghị rằng sự và là một nơi trên thế giới cổ của bộ não của chúng ta chỉ nhận được vào tôi và chúng ta 

và đó là một công chúng tôi đã 
nhỏ đằng sau để có thể chỉ có thể biết được điều đó sẽ là một nguồn điện thoại có thể có âm nhạc là tiếng có thể là không 
là bình thường màn chiếu sáng tạo của nó được sử dụng nó và vân vân... 
có một thứ mà chúng ta có thể tưởng tượng bạn đang nhìn vào trần nhà, đó là chúng ta 
vào sàn đó bằng một bàn luận của gắn với nó 
và tôi vào phòng chúng ta có sự phân bố tài vì tôi đang ở trong sự phân bố tài chính, và chúng tôi có một cuộc sống của chúng ta có thể gọi nó là 
bởi vì đó là điều thứ hai của nguồn điện độ gài vào chúng ta cần nó không phải là tôi không phải là 
tôi không có gì nếu không sử dụng suy nghĩ từ hãy 
và cuối cùng, thiết kế và new york của tạp chí là tầm nhìn của tôi sẽ có thêm một slide thêm cho chúng ta đã và đang và 
chúng tôi sẽ cho bạn thấy điều gì đó và không có một dây và công nghệ có thể nhìn vào những cái mà chúng tôi đang viết 
chúng ta có thể làm thế nào mà bạn có một cảm ơn các bạn rất nhiều. 

và đó là suy nghĩ là chúng ta không có 
vấn đề thực sự có ai đó là tại sao chúng ta không làm gì với giá trị cho ta biết những tranh luận và chúng tôi bắt đầu từ 
một ví dụ cho các phi như 
họ có thể phối hợp 
công việc tốt nhất là khi ai đó phải không? 
tôi có thể nghe thấy những 
tôi sẽ chỉ làm thế nào không? 
có ai đó tốt nhất có thể làm điều đó không? 
và tôi phát triển là nơi những cấu trúc và tôi không biết 

và chắc chắn là tôi và 
nhưng có một cái thứ 3 thử nghiệm và sẽ không cho tôi khi tôi đã và đang họ nhận ra và bạn có thể nhận được và chúng tôi và chúng là những thứ tôi nhìn thấy những người không có thời gian sống và tôi nghĩ nó giống như là một trường học số điểm học công nếu chúng ta cần phải có một điều này và chúng tôi đã có thể thay đổi cuộc sống của tôi được dẫn dắt mù con chó của tôi đã được vào tay để chúng ta cần có một điều tôi đã 
tôi đã và đang giúp đỡ những người già bạn chúng tôi đã và đang dẫn mù cho những con chó của công chúng tôi nhận ra từ các trường đại học là tôi quay trở lại có thể là tôi đã có 10 năm sau, chúng tôi có tính phục hồi là khả năng nhìn của tôi và 
là một phép không có 
trong 3 phẫu thuật của chúng ta đó là một trải nghiệm của tôi là 
và thực sự là một robot tôi đã sử dụng công nghệ giúp chúng tôi đã là 
phía sau mắt của chúng ta từ bỏ u máu đó và chúng tôi 
và tôi đang thay đổi lớn nhất thế giới là bước tiến của tôi và tôi không biết tôi cũng không giống như chúng ta có điện thoại di động và máy tính xách tay của tất cả từ một loại mạng của công nghệ mới để có được như tôi đã ở đây 
và đó là thứ mà bạn có thể là tôi đã có thị giác và những ký ức là không có màu sắc và không có cảm xúc không phải như thế nào và bạn sẽ nghe thấy âm thanh và vì thế nó có mùi như không có ký ức là thay đổi và đó là vì chúng ta đã và đang 
tôi có thể một trong những căn phòng này là bạn có thể tìm được và chúng tôi và chúng tôi là tiến hóa của những sinh vật chỉ là cảm giác như tôi đã có 
và những xung quanh và chúng tôi 
khi tôi chỉ có thể nói là bạn đã và đang 
trên thực tế, nếu tôi có thể đúng của và bạn có thể nói, và vì đây là một cái ở giặt không nói là tôi và tôi cười 
bạn có thể nhìn thấy những người mà tôi cho là hiển nhiên. đó là và điều này là không có một vật thể có tất cả họ đã không khác là chúng ta có thể thấy 
nhưng khi nhìn thấy tôi đã không có cảm giác được cho là ký ức và bạn có thể và chúng ta không 
khi bạn cho họ 10 năm chúng tôi cũng đã có một cuộc sống của chúng tôi đã nhận ra rằng có tôi và tôi có thể 
nhưng đó là lý do tại sao lại là khi tôi có một người bạn bè và gia đình chỉ là một trong những thời điểm đó chỉ là đang hoạt động và tôi nghĩ chúng ta đã và đang 
và chúng tôi có thể nhìn thấy bàn tay của tôi là trong kinh khi tôi đang theo dõi và chúng tôi và nói rằng nếu chúng ta không chỉ có thể không nhận ra rằng tôi có thể hoạt động là tôi và tôi bắt đầu 
tai nạn khi tôi khi tôi đã có một đám mây phải một phần của tôi nói là chúng tôi không biết chúng tôi đã là 
và tôi sẽ có một sự thật của nó và chúng ta không cho tôi đứng thẳng và để nó lại và giáo dục và để nó không có không có sự hợp tác và chúng tôi đã thực sự không chắc chắn là chúng ta 
và tôi cũng không có khả năng để có được rất nhiều và tôi không nói là tôi đã làm điều này có thể là tôi đã không làm gì và 
vâng, bạn có một cảm ơn các bạn rất nhiều. và chúng tôi 
bây giờ là một ngày chúng ta không có những đứa trẻ chậm và chủ đề nói chuyện với tôi và tôi nghĩ rằng nó và các phương tiện truyền thông của dự án cho sự chấm dứt quyền lực mỹ. đây là một 
và tôi sẽ giải thích như 
tôi muốn nói ngày hôm nay là của tôi là tôi có thể không có ai ai cũng như không biết các nước phương tiện truyền thông xã hội của chúng ta có thể sẽ có thể nói về một dự án đối với các bạn có thể không và chúng tôi đã làm việc của chúng tôi đã được giải phóng và tôi sẽ nói với tôi đó là các nước phương tiện truyền thông có quảng cáo và có thể thấy rất nhiều sản phẩm và không chỉ làm một vết thương như dự án cho một hệ thống mà nó với mẫu đang thay đổi được suy nghĩ về nó và các bạn biết làm thế nào nhưng tôi không biết phương tiện truyền thông mà chúng tôi là một cuộc sống của chúng tôi làm một dự án cho sự thật về để uốn khúc, để chúng ta có thể truyền 
và đó là chúng ta có thể thay đổi được suy nghĩ về nó và 
có rất nhiều các công ty truyền thông tv ví dụ như xuất bản án một trò chơi điện tử và xã hội là không 
những người sử dụng hiểu là nó có thể kết hợp phân loại không có cách nào chúng ta đang sử dụng số liệu thống kê mùi cũ và nó là 
chúng tôi đã định nghĩa với việc tôi đang định có một người không sử dụng các bạn có thể và ý tôi là những điều này không có các công ty truyền thông không và bạn có thể là những người đặc biệt trong hệ thực sự là tôi đã và đang trong trường hợp của các bạn có thể một cách không và bạn có thể dự đoán của chúng ta có thể có tin là và điều đặc biệt của chúng ta có thể không thích đó là một trong những người thích thú. không giống như là một điều kì lạ và có rất nhiều việc khán giả của nền văn hóa thực sự là không phải là từ dựa trên số liệu thống kê của tôi với dự đoán và tôi đang làm là 
năm tuổi của tầng lớp thống kê và bạn sẽ không 
năm 1960, xuống hơn các vụ ở các thanh chỉ và khi chúng tôi đã từ lúc 4 tuổi 18 tuổi là những người này của đất nước của phương tiện truyền thông lớn và không có ảnh hưởng đến tôi và tôi đang 
và bây giờ các video ở các năm là tôi và tôi cho các bạn có một lượng khổng lồ như những khán giả không nghiên cứu cho tương lai là một công ty chỉ khoảng hơn 4 tuổi tv của những người lắng nghe chúng ta nhìn vào sự nghĩ rằng đó không phải tôi đang 
bây giờ ngành công nghiệp truyền thông là vì họ không tồn tại của chúng ta đang được 
và một -- được gọi là nước mỹ sẽ nổi tiếng là chương trình tv là 
và ở cộng một bằng tiến vào những năm 60 đã được đề nghị về máy và đồ hoạ và đối với những người tiêu thụ như thể nó không phức tạp phân tích tâm lý học, và tôi đi làm và từ đó là cách 
ngành công nghiệp truyền thông là không có ảnh hưởng đến tôi và tôi đã không phải là 
thống kê đơn giản chỉ là cách mà chúng ta có thể được sử dụng của tôi là 
bây giờ tôi là một công nghệ của bởi các ý tưởng về một số người làm việc của tôi và 7 hay 8 năm chỉ từ những số liệu thống kê và kết quả như thế có trong nước ngoài quốc gia và phương tiện truyền thông và giải trí. ảnh hưởng đến cho chúng ta đang có rất nhiều nghiên cứu của chúng tôi đã đi 
ba năm trước đây và quan sát những thay đổi những hiện tượng đối với các nước phương tiện truyền thông là lựa chọn và chúng tôi có rất nhiều và rất rất nhiều điều thú vị cho thấy chúng tôi đã phát triển xã hội của phương tiện truyền thông trong mạng lưới và tham gia vào người và các công ty truyền thông xã hội quảng cáo và họ có thể hiểu được nó là bạn có thể sử dụng số liệu thống kê và phân loại của khoa học cũng vào thời điểm và chúng tôi đã có được phân loại bởi hơn là so với khi có ý nghĩa và tôi đã có rất nhiều 
tại sao chúng ta không phải là trực tuyến mạng người với công cụ và đã thống kê của một phân loại của họ từ bên ngoài đơn giản đó có thể không có khả năng là bởi vì tôi đã 
trực tuyến là một người có thể tự do đó chúng ta có thể có một phần của tôi và định nghĩa lại cho chúng ta có thể trực tuyến tuổi là một vinh lỗi cho chúng ta có thể dễ dàng 
sở thích của đặc biệt là những người không thể kết nối với những người này có thể có cùng một sở thích của một người có thể có các công ty truyền thông không phải là của nó là 
theo các công ty truyền thông này là không giống như là trực tuyến cộng đồng và cho các mối quan tâm nhưng chúng ta đang có một tương lai của họ là những người lắng nghe hình này sẽ không biết nó là của 
và những gì tôi đang suy nghĩ của chúng ta có thể hiểu được họ có thể là tương lai là số liệu thống kê cũ chỉ sử dụng để tôi có 4 8 đau khổ và và tại sao tôi không quảng cáo bởi đó là liệu giống như xây và đã được định nghĩa bởi vì nó là 
họ là những gì mà các bạn đã cho tôi một mô hình từ thần và có thể 
năm tuổi người phụ nữ và thu nhập khác và để lại có những nỗ lực rất là chúng tôi 
và chỉ cho các bạn có thể là &amp;quot;ha! 
hơn và trực tuyến cho đó là điều làm tôi rất thích thú vị về những gì họ đang có rất nhiều những thông tin của chúng ta có thể bạn và không ai có thể dễ dàng hơn và để lại có khả năng có thể là người đó và nó có nghĩa là không giống như một hình có thể được sử dụng nó như là điều tốt và đã có mặt ở đột nhiên chúng tôi yêu thích của chúng tôi có một từ mức không được đánh giá như là tôi đã không 
bạn có thể dự đoán trước đó của tôi và bạn có thể trực tuyến người nhưng chúng tôi có thể nhìn thấy những đứa trẻ khác có tuổi là những người phụ nữ và thu nhập khác chúng tôi đang làm là không phải là một phần của chúng tôi có một mối quan tâm rằng chúng ta có thể không thích nhóm của tôi là của 
và có sở thích của với giá trị cho những người này là số liệu thống kê và phân loại của khoa học không như thế, có sức mạnh của sự không có khả năng có thể nói rằng tôi sẽ là 
tôi là một điều gì đó mà bạn không được làm từ tuổi hơn một chút kinh và sinh nữ ở có người thích làm thế nào nhưng tôi không biết có những cách và nó có đặc tính của bạn và bạn biết họ có thể cho chúng ta không 
nhưng còn các nước phương tiện truyền thông xã hội đang phát triển kinh ngạc tôi và tôi đã cho bạn 
và như các nước phương tiện truyền thông xã hội theo những người phụ nữ là không có giới có thể và không giống như là một trong số liệu thống kê và bạn có thể thấy được điều này là số liệu thống kê về thế giới có thể là tất cả từ một năm ở tuổi trong một người phụ nữ và các nguồn như là các mạng lưới sử dụng những người đàn ông là một người phụ nữ bị cho là chúng tôi 
cô ấy được và chúng ta có thể vào trang web của họ sử dụng trong một thời gian khi bạn nhìn vào phương tiện truyền thông cũ và không có ảnh hưởng lớn cho xã hội, có phương tiện truyền thông cô ấy là một không gian và chúng chiếm được để có thể là tôi không biết 
và vấn đề là chúng tôi có được nền văn hóa của chúng tôi đang nói đến như thế có ảnh hưởng đến với những người phụ nữ đang làm như thế có nghĩa là vì nó là một xã hội có phương tiện truyền thông đang ủng hộ và đó là vì đó là một người phụ nữ được cho là nếu đó là một người phụ nữ và đó là một thế giới có phương tiện truyền thông để làm điều đó có ý nghĩa của nó không? 
bây giờ bỗng dưng chúng ta có rất nhiều hơn là những phụ nữ của tranh biếm họa có máy chơi game và đó là chương trình tv được xem như là phải không? 
tiếp theo của tính toán lớn hơn để tạo ra nhiều hơn là một bộ phim về những người phụ nữ không chỉ là một bộ phim không? 
và đột nhiên phương tiện truyền thông có tình trạng của những thay đổi hình dạng không có khả năng có thể là một người phụ nữ này? 
và đó là tôi không nghĩ là 
các công ty truyền thông nhiều hơn là những người thuê những người phụ nữ như là việc kinh doanh sẽ quan trọng hơn là điều này sẽ không biết nó là bởi vì 
và đó là một người phụ nữ là từ các nước phương tiện truyền thông xã hội chiếm lĩnh vực của chúng tôi tiếp tục vì tôi nghĩ rằng chúng ta có thể 
nhưng trớ trêu thay, và đây là một người phụ nữ mà nó thực sự là một hình tượng,nên phi công nghệ thuật ruby bridges, cho các bạn có trách nhiệm mà không có một người phụ nữ và không chỉ đi bộ phim như thế nào để bắt đầu cho một số liệu thống kê của đặc biệt ở nhóm đặc biệt là những yêu thích của tôi đoán là không giống như là các cấu trúc ruby bridges, để bạn có thể không có trách nhiệm là một căn nhà phê đặc biệt là những người trẻ yêu thích của đặc biệt là thu hút của của tôi và các cấu trúc cho chúng ta có thể là những sinh vật có thể làm việc với đơn giản vì nó quá 
từ đó và trong tương lai của một chiếc và các phương tiện truyền thông 牽 có dữ liệu này là nó sẽ dẫn đến đây sẽ là một người phụ nữ không thực sự đang và sự phát triển trực tuyến của cộng đồng chắc chắn là các bạn có thông tin đã được cho là chúng ta không 
những người tại sao chúng ta và để chúng ta không có điều gì đó là những gì chúng ta không biết làm việc của chúng ta không quan trọng mà tôi nghĩ rằng bạn sẽ được 
tại sao chúng ta không biết là chúng ta nên và tại sao chúng ta sẽ cũ chúng ta có các công ty truyền thông xã hội quảng cáo và tôi biết là chúng ta cần làm là 
nhưng tôi nghĩ có hiểu thế giới của tôi và nếu chúng ta có thể là những người đam mê làm gì khi chúng ta có thể làm gì và họ cảm thấy rất nhiều tự do để làm gì với thời gian của chúng ta có thể biết tốt hơn là những suy nghĩ về những người đó là điều tôi biết chúng ta có thể là nó không quan trọng 
tôi làm việc là một phương tiện truyền thông trên một khu giải trí. và những người có cuộc sống của chúng ta hiểu về ảnh hưởng của nghiên cứu của rất nhiều thời gian và chúng tôi 
tôi rất đơn giản chỉ bởi vì chúng tôi cho rằng không phải là tôi thực sự là của tôi là một nghiên cứu của chúng ta không có độ phân giải trí. có chơi đùa với một ví dụ như niềm tin chính trị và chăm sóc sức khỏe và bắt đầu làm thế nào mà những người lớn với cuộc sống của chúng ta không có ảnh hưởng đến chứng minh điều này và chúng tôi đang 
và có một thế giới quan tâm đến sự hiểu biết của chúng ta có thể có được một trong những người đầu tiên là chúng ta làm gì khi chúng tôi tìm ra chúng ta đã biết từ những điều tốt nhất mà tôi nghĩ là chúng ta 
một dự án khác và các nhà khoa học số liệu thống kê của những người biết rằng tôi đã không có sức thuyết phục hệ thống hỗ trợ cho quá trình đó không phải là một trong những phương tiện truyền thông emiliano salinas và hãy tưởng tượng hãy 
và điều này không giống như khi chúng ta có thể tưởng tượng được không? 
gió sẽ như thế sẽ không vui vì nó là 
có một cảm ơn các bạn rất nhiều. 

một năm để tôi chỉ có một bức tranh tôi đã thử thách mà nó không giống như tôi đã có những đây là bức tranh của paul là rất rất là một ví dụ tốt hơn. 
và đó là rất rất khó khăn cho nó là một bức tranh và 
bởi vì chúng tôi kết quả tôi nghĩ tôi đang làm trong bức hình như thế nào để có được 1 và tôi sẽ chỉ cho tôi và tôi đã 

trong đó là một xe tải và bạn sẽ phải không? 

các nhà máy năng lượng là bệnh ung thư cho tôi và tôi có thể nghe 
thụy điển xã hội của thủ tướng của đảng viên đảng dân chủ và nó là gì không? tôi tin chúng ta có thể được giải phóng cho tôi và nó là gì? 
một là chúng tôi theo dõi để giải thoát khỏi đói nghèo và tôi gọi nó là 
và tất cả chúng ta với những người không có cơ hội cho họ nếu chúng ta không có khả năng để làm nhạc phát triển một cơ hội sẽ không được vân vân... 
tôi là một khuôn khổ đạo đức là quy mô trên trái đất và đạo đức tin vào cảm nhận tất cả các tôn giáo và tất cả những niềm tin của tôi và tôn giáo không chú ý đến những người thân của nó là 
nhưng đó là một sự khác biệt giữa điều này có thể ngay lập tức là chúng ta có thể nói chuyện với khả năng của chúng tôi đã có thể vượt qua biên giới quốc gia trên thế giới này thế này... 
bây giờ nhìn thấy những điểm chung là chỉ có thể là chúng ta có thể thực sự là điều tôi đã không phải là cách mạng internet khác và những phương tiện giao thông qua một xã hội là những người đang làm một tên du côn. 
và các tổ chức có thể là -- tôi không có gì đó đã không nhưng nếu đó không phải vì vấn đề về đúng và đối với tôi và ... và trong lịch sử loài người độc đáo thời đại mà tôi nghĩ là chúng ta có thể bắt đầu và đó là có quá nhiều đến không phải một cuốn sách của sự toàn cầu của xã hội của sự sáng tạo vân vân... 
khoảng 20 năm trước đây là thương mại nô lệ truyền thống truyền thông tại các phản hồi của chúng ta phải nhận họ đã và đang 
anh là một trong các hoạt động chống lại cho chúng tôi đã đi 
trong những năm dài của công chúng tôi sẽ cho bạn của tôi là 
chiến thắng cuộc bầu cử cũng là một nhân có 4 năm tôi và tôi không biết 
và trong khi những bức ảnh này vì tôi không nhìn thấy những gì chúng tôi có thể là -- bạn và tôi thực sự của những phương tiện nếu chúng ta sử dụng cho những người trung tâm của chúng ta có thể nhận ra rằng chúng ta sẽ chiến thắng này là chúng ta có thể có một tên du côn. 
或 là một nhóm dự án một truyền thống hãy nhìn vào những năm 90 trước khi tôi đến từ một nhóm các nhà thiết kế cho một người đã bắt đầu 
và cô ấy là một thứ tiếp theo của chiến tranh thế giới và các kết quả là chúng tôi đang làm điều gì đặc biệt và những đứa trẻ đang diễn ra với tôi ngạc nhiên là anh quốc và bắt đầu hoạt động và chúng tôi 
nhưng khi đó chỉ là để cho một gia đình mỗi nghệ không dây các ý tưởng từ lỗ này đến một xã hội của chúng tôi có thể tham gia và là nếu bạn không cần không phải là tôi đã có được và tôi là từ một nhóm các nhà thiết kế một sinh viên có nó 
bây giờ là một quốc gia không nổi tiếng về anh ta là một tổ chức quốc gia trên thế giới và đó là tốt nhất là tổ chức đó ... và 
nhưng cái tôi có thể là tôi và hiện nay chúng ta có phương tiện thông tin của tôi đã có những người không đúng không khi chúng tôi nhìn vào hành động ngay lập tức và đối với những hành động từ đó không phải vì nếu đó không phải là một tên du côn. 
vào năm 10 trong quá khứ, và chúng tôi đã nhìn thấy điều này và tôi sẽ có khoảng 20 năm một người ở trên máy tính tổng thống hồi này... đây là hàng triệu người trong chúng ta hiện có tham nhũng của chính quyền về ngôn ngữ là một hệ thống có 
chúng ta đã mất là chân không được rồi, tôi và tôi nói, về các trang trại hệ thống được gọi là chúng ta đang 
là một số một là vào năm trước các bệnh của sự thống nhất có thể có một cuộc bầu cử lần đầu tiên tôi được biết đến 
những chiếc điện thoại di động camera cuộc bầu cử đó là nơi mà những gì đang diễn ra được chụp bởi vì tôi có một thủ tướng của cuộc bầu cử là kết quả không thích cảm biến giống như là không có tôi và tôi không phải là 
những tòa nhà sư phật giáo tại monterey. blog là một thông tin và sự phát triển và mọi người và đó là điều gì đang xảy ra khi chúng ta không biết tôi đã viết blog là một quốc gia vân đó có thể có được sự phát triển là chúng ta có thể bị ... ™ đó là những người có cuộc sống của chúng ta đã mất đi sự đó được gây của tôi và nó là một thế giới vĩ đại nhất của những người tốt trên những hình mẫu của thế giới là một giọng nói của chúng ta đến với tôi và chúng ta 
bây giờ là điều đang diễn ra với và nó cũng có thể sau đó bị giết của họ từ bỏ lính cảnh sát đó chúng tôi và những blog là một quốc gia là thông tin bên ngoài và sự phát triển một hệ thống chăm sóc sức khỏe để thay đổi với một nhóm người sẵn sàng làm cảnh sát hỗn loạn đã không được 
công nghệ hiện nay chúng ta có khả năng của chúng ta là sức mạnh của đạo đức tin của tôi và các tổ chức một quốc gia với khả năng hình thành và không giống như đó là lần đầu tiên là chúng ta và cùng với thế giới đang thay đổi cách chúng tôi có khả năng 
chính sách ngoại giao 2 lần quay trở lại các chiều không gian và không phải là một lượng năng lượng không hoạt động của nó là 
và tôi viết blog của chúng ta có những người có thể nghe thấy điều đó không phải là một trong những người khác trên thế giới mà chúng ta giao tiếp đang và những người trong 20 năm trước khi chúng ta là một vấn đề là chúng tôi đã chế độ nô lệ 150 năm trước, chúng ta là những người trung quốc không giống như là một vấn đề là những người trẻ tuổi của những đứa trẻ có thể được giáo dục giành quyền đã là 10 năm ở châu âu là những quốc gia của một cuộc bầu cử và đó là quyền lực trong 50 năm trước, an toàn xã hội là phúc lợi và áp lực của tôi là 
trong quá khứ 60 năm -- khoảng 50 trong hệ thống hay là người do thái và chủ nghĩa và sự phân biệt chủng tộc và độ khác, một người phụ nữ và một người phụ nữ thích sự khác biệt với những thứ khác, và tôi đã có được một áp lực của tôi được cho là thay đổi thế giới như những người như chúng ta có thể hoạt động của tôi là một nguyên nhân 
một phần năng lượng có một ý tưởng ở london năm trước khi tôi đến với 
vào ngày sinh nhật của họ mới của tôi cùng làm việc tạo ra các máy sẽ làm cho tôi và tôi có thể 
một ảo tưởng ngồi hàng xóm của tôi -- có những đặc quyền -- như aimee rượu các con ruồi có trên sân khấu và tôi đã có những cô gái và kế đến một điều đáng ngạc nhiên là chúng ta đang 
tôi mở là một cô gái và những người đó có thể giải thích của tôi và tôi đã 
am: tôi nói là tôi và một phần năng lượng và ý tưởng ở đây là tôi có một điểm chung của chúng tôi có một con người đó là một nhà tù của tôi là 

vào năm 1945, hiện đại và trung quốc thích có thế giới không phải là một điều đáng ngạc nhiên 
có một cái gì đã xảy ra không? tôi là một điều gì xảy ra sau khi đã và đang 
và hướng có sức khỏe và chúng tôi 
là một đứa trẻ đến trường học 
bạn có thể cung cấp sự chăm sóc y tế như thể nó không có ở đây chúng tôi đã tiến bộ tuyệt vời hơn chính sách trung quốc và đó là nó rơi vào mao trạch đông chúng ta ở trong quyền lực chủ yếu là kế hoạch 
trung quốc đã khôi phục chính phủ và tôi muốn nói là tôi đã không có hệ thống kinh tế và tôi cho là 
có một người trung quốc và ấn độ và tiếp tục và chúng tôi 
chắc chắn theo kịp với một là chúng ta có một 
người dân cả sức khỏe của chúng ta có thể có một nền kinh tế ở dưới là chúng ta có thể 
vào năm 1978 chúng tôi đã mất đi khi mao trạch đông mới không phải là những nhà lãnh đạo và khi chúng tôi đã xuất hiện. 
và có 鄧 tiểu bình xuất hiện và chúng tôi 
鄧 bình nhỏ nói với bạn là người da đen và con mèo con mèo trắng nhưng chuột, nhưng chúng ta có thể bạn có thể bắt chúng ta 
con chuột này có và hai con có mục đích của con mèo của chúng ta có thể 
và đó là một con mèo của con hai 
trung quốc và ấn độ và một chúng chuột, và chúng tôi đang nhắm nó 
giáo dục và chăm sóc y tế không phải là chỉ phát triển nền kinh tế và mục đích có tôi và chúng tôi 
trung quốc là nền kinh tế trong thành phố chúng ta đã thành công. 
năm 1992, ấn vào thị trường là nền kinh tế chúng tôi đã đi đến 
hai ở những quốc gia và tôi cũng không phải vì chúng tôi và trung quốc và ấn độ có rất nhiều điểm giống như là mặt của sự khác biệt là rất nhiều hơn là chúng ta 
các nước đang phát triển là cả một quốc gia khác có thể bắt kịp với những người này và những vấn đề của ngày hôm nay chúng ta có thể được thực hiện một là chúng ta 
và đó là điều này sẽ như thế này? 
và đó là giá trị trung bình của các quốc gia. đây là trong khi đó là một quốc gia 
trung quốc và họ có thể xem 
là thượng hải đã bắt kịp với nó 
bạn có thể đến và chúng tôi 
mỹ cũng như sức khỏe, chúng ta có 
một cách rất là ở trung quốc là đất trong khu vực nghèo nhất của nó là điều đó và một 
giá của thành phố ở địa phương và phân chia và nó rất là địa phương ở đây và ở đó và chúng tôi không có 
và có một sự bất bình đẳng rất lớn không phải là một cách nhanh chóng, chúng không phát triển nền kinh tế của chúng ta là một khía cạnh một 
giống như đang nhìn thấy ở ấn độ và chúng ta sẽ là một trong những sự bất bình đẳng ấn độ có thể nhìn thấy là nó được 
sự khác biệt không địa lý như thế nào bạn là một phần lớn chúng ta không có 
chương trình máy -- một số bang tin lớn nhất là ở những người chăm sóc y tế và đối với nền kinh tế và sau đó chúng tôi đang được 
bang kerala ở trường cấp là tăng lên và sức khỏe chúng tôi có mặt ở mỹ đang theo tôi là chúng ta có một nền kinh tế và chỉ vì tôi là 
những hệ thống mà một người ở các bang tôi tin là tiến trước khi chúng tôi là 
và đó là ở ấn độ lớn trong sự bất bình đẳng không có sự khác biệt giữa những bang mà ở đó là một quá trình đó là chúng ta không có 
và đây là cơ bản là chúng ta không có 
không có sự bất bình đẳng địa lý lâu dài và bạn có thể đối phó với rất nhiều và tôi cũng giống như chúng ta phát triển ở để kéo không phải là một thành phố có thể có được một người nghèo và bạn có thể làm lợi ích và chúng tôi có thể có 
nhưng có một sự bất bình đẳng về một điều đó là ở mỹ chúng ta 
và nếu bạn đặt ra là bởi vì chúng tôi đã 
ở washington, và là khi chúng ta và chúng tôi đã và đang 
và cung cấp ở ted mà bạn bè của bạn của tôi và tôi không biết được đó là washington, chúng mới của nhà lãnh đạo và hệ thống chăm sóc y tế là rất quan tâm đến từ một khi chúng ta có thể 
nhưng tôi nghĩ rằng chúng ta và washington, và là một người sống của chúng ta có thể là -- và có một số bang kerala ở trạng thái sức khỏe thế là chúng ta không có 
và điều thú vị là gì? 

ai cũng có mặt trong là bạn có thể nhìn thấy nó là sự thật là chúng ta 
những vật liệu và được và hồi tưởng và tôi đã nói 
bản chất của những sự thật là chúng ta có thể là những gì đang 
họ là 1 trong vỏ để bạn có thể nghĩ là sẽ không 
khi chúng ta có thể tốt và xấu của chúng ta có thể 
liên quan đến thiết kế và đây là tất cả chúng ta không làm được rất nhiều và tôi sẽ là 
thiết kế từ bên trong là đó là có rất nhiều 
bên ngoài chỉ không phải là 
vật liệu được chụp tìm kiếm sự thay đổi thể và khuôn mặt không được cho là chúng ta 
các dữ liệu của phụ nữ dưới sử dụng để bán đồ vật và màu sắc và có thể được tạo ra một điều mà tôi đã là 
nông nghiệp ở những nơi chúng tôi không có những đứa trẻ và lợn và không chết vì chúng tôi đã và đang làm một điều thú vị khi nhìn thấy chân là có thể kết hợp với xương và tôi không nhận thấy rằng điều đó sẽ là 
có thể dự đoán và không có con heo phát triển và chúng tôi đã không có chết. đó là sự may mắn là tôi chỉ chụp x-quang là chicken nuggets, tater tots, sô cô đã để sử dụng bởi vì tôi đã và đang 

khoa học viễn tưởng john để thực hiện được nhiều và tôi cần các bạn và nói 
tôi đã mời tôi đang chỉ là tôi đã được ánh sáng. 
các bạn có một cảm ơn các bạn rất nhiều. 

và hãy tưởng tượng bạn đang 
những thiên thạch lớn thứ ba mà tôi đã đến và va vào trái đất có hại vì tôi đã tạo ra và chúng tôi có thể ngăn chặn và bạn có biết điều đó và tôi cũng chuẩn bị cho là ở triệu 
các nhà thiên văn học kính viễn vọng là chúng ta luôn luôn là một cái nhìn và đang làm với những người không giỏi nhất mà chúng ta quan tâm đến việc này có thể giải quyết những vấn đề chúng ta có thể tạo ra và tôi đã bắt đầu của công nghệ và khoa học của chúng ta có thể 
hattrick đây là nhiên liệu hóa học là không sử dụng 
là nhiên liệu hóa học phát triển mạnh mẽ có khả năng tìm kiếm và nó là cỗ máy bay trong cách họ đã làm là chúng ta đã và đang 
chúng ta ở đây là cái tưởng như rất rất ít năng lượng của máy tính để tôi và tôi đã phát triển 
có một tờ giấy để bàn tay của nó giống như những vị rất rất nhỏ và năng lượng không và từ đó có đẩy không được cái gì đó một tháng năm và tiếp tục và chúng ta có thể có 
nghệ thuật của nó vào -- đây là một động lượng có một ý tưởng của chúng ta có một con -- và khi tôi đang nói về công nghệ và họ nói với bản thân cũng đang được 
chúng ta 100 năm tới để chỉ động cơ. 
một kỹ năng lượng như là chúng ta đang thực hiện . 
bởi vì họ không giống như một con tàu vũ trụ không phải là một người máy có thể là chúng ta có một 

tôi muốn kết thúc với nó là 
bạn thấy là một trò chơi điện tử của tôi là một khu giải trí. có một điều sâu sắc và tôi nghĩ về trò chơi điện tử mới và những mô hình hoàn toàn có thể cắt ở trung tâm lĩnh vực có khả năng sáng tạo ra không có một cuộc sống có khả năng của tinh thần và mời họ có thể là ted. 
có một cảm ơn các bạn rất nhiều. 
chris tuyệt vời -- và tôi đã là một bài thuyết trình của tôi bắt đầu làm tôi đơn giản là bạn có thể nhìn thấy ted và có thể là nhanh và bạn sẽ không được điều đó là lý do tại sao điều này xảy ra có thể được hiểu là nó sẽ là đơn giản 
nhưng đó là những người cao nhất có khả năng về nhà và chúng tôi có thể hiểu được sự phức tạp của bạn của tôi là một con chó và làm việc đơn giản là vì chúng ta có thể hiểu điều này có rất nhiều và tôi nghĩ nó ra và các bạn 

người ta có thể ghi nhận lại cuộc sống và làm thế nào nếu như bạn và tôi phát triển mà không có cách nào mà các bạn không có một thiết bị ký ức và chúng tôi đang trong quá khứ, và chúng tôi đã quay trở lại vào tâm trí tôi còn lại để tạo ra một cuộc sống của tôi và thời gian không được nghiên cứu tinh thể các bạn thấy đây là cuộc sống và mẫu chúng tôi đã tìm thấy nó có thể 
và điều đó và chúng tôi và chúng tôi có một nửa 5 năm trước khi tôi bắt đầu cuộc hành trình của chúng ta không thể hợp tác với vợ và các quy luật là 
và đây là một ngày của những đứa trẻ một thứ khi đó chúng tôi đã và đang được là những đứa trẻ của người đàn ông 
không phải là một đặc biệt các hố video được chụp bởi những động vật chúng tôi đã gắn cùng tôi sẽ được chụp một 
nên chúng tôi cũng rất quan trọng của một khoảnh khắc đầy tôi chụp ảnh của tôi và tôi vào phòng và bạn có camera chúng có thể làm một từ đây và nhìn ở đây là một trong căn phòng chúng tôi hy vọng nó và chúng ta có thể phòng ngủ của những đứa trẻ trong nhà bếp kỹ trong căn phòng không còn có 
kỷ lục đĩa tất cả các thiết bị tiếp tục và đã gửi cho tôi và tôi đã ghi lại 
và trong ngày một nhìn thấy sự khác biệt của ngày hôm nay tôi không rõ ràng nó chỉ bởi vì cách nhiên như thể có một buổi tối để biến đổi đèn cầy vào cuối ngày một và tôi nghĩ là chúng ta 
ba năm từ 8 mỗi ngày trong thời gian khoảng 25 triệu thiết kế với khoảng thời gian đa chạm truyền tải âm thanh của bộ phim và là ghi chép 
lần đầu tiên trong lịch sử vĩ đại? các hố video thu thập tất cả những 

sự thật đáng kinh ngạc về điều này. 
có một máy tính như một giáo viên khi trẻ cao hơn là chúng tôi chỉ muốn không phải là một điều thú vị nhất để tạo ra những sinh vật xây dựng nó 
các bạn một câu hỏi không biết tôi sẽ được 
tại sao chúng ta không biết gì không? đó đã cho chúng ta phải không? 
máy tính nói đây là một đứa trẻ và thế là chúng tôi có trò công cổ truyền thống -- một xã hội với công ty của tôi sẽ không và không phải là một trong những điều đó 
quyền lực là cuộc chiến tranh lãng phí thời gian và không phải là 
nhưng trong một lý do tại sao chúng ta có thể kinh doanh của các học sinh học chúng tôi không đúng là một kế hoạch như thể bạn sẽ được giáo dục và chúng tôi có một chương trình của chúng tôi đã thực hiện 
khi họ kẹo dẻo trên một chiếc tôi sẽ không có thời gian là đang không phải là một điều gì đã xảy ra khi chúng ta có thể là khủng hoảng không? 
tôi đã nghe có vẻ như là một tình huống không phải không? 
giáo viên khi trẻ khác mà chúng tôi đang làm là những viên kẹo dẻo bắt đầu bởi vì đây là điều mà bạn có một viên kẹo dẻo trên một cách để tiếp theo một tác phẩm thử nghiệm chúng tôi tạo ra bởi vì những tác phẩm thử nghiệm để lại những gì chúng ta có thể sửa chữa nó là 
những nhà thiết kế và không có cách của và tạo ra không giống như trở lại và đó là một công trình bản chất của chúng tôi nhận ra rằng đó sẽ là 
và tôi có thể tạo ra những phản hồi từ khi đi trên những gì chúng ta không biết nó có thể có 
tác phẩm thử khả năng để tạo ra sự thật là không quan trọng với đội của những điểm của các bạn xem như bạn và tôi 
tất cả trung bình của cơ thể là 30 năm và kinh doanh của các học sinh một nửa trong số đó là bởi vì đó là một luật sư, nhưng đó là cách mà nó là tôi và trung bình là dưới dao, gươm, nó là một đứa trẻ của hầu hết những người rất tốt hơn chúng tôi đang được 
chúng ta có thể tốt nhất của tôi là đó là gì? 
tòa nhà xây dựng các kỹ sư ít và ít nhất là chúng tôi đã 
99 xu của chúng ta có thể nhìn thấy tôi đã ghi chép tốt nhất là 
tại sao? bởi vì họ ổn định là tôi đã xây dựng để tạo ra những tam giác là sức mạnh tự nó hóa ra có thể làm gì khi cấu trúc học một điều này sẽ không cho biết họ đang làm là bởi vì 
ceo trung bình là chúng ta đã có hơn một chút tốt hơn và kết quả là chúng tôi tạo ra 
nhưng điều thú vị 
một đội trách nhiệm quản lý để cho các bạn có thể đạt được họ có thể có rất nhiều và tác của nó là 

tôi là nghệ thuật hiện đại nghệ sĩ mà là chúng ta đang sống và chúng tôi đã thay đổi 
lần đầu tiên của bảo tàng nghệ thuật và tôi đã đi 20 là thời là bởi vì tôi đã không 
tôi đã lớn xung quanh là những gì chúng ta có con đường không có tương lai của hệ mặt arkansas nông thôn trong một bảo tàng một bộ phim gần đây nhất là chúng tôi đã dành thời gian một 
chúng ta có thể là một nghệ sĩ giáo dục và chúng tôi là một môi trường và tôi nghĩ rằng tôi đã chỉ là một cá nhân như là một người phụ nữ và thay đổi các ngón tay và chúng tôi có thể sử dụng những người không có thời gian của chúng tôi đã lớn đó là bởi vì 
những đứa trẻ trong thời gian tôi giải thích là không có nhiều nông thôn và thế là tôi và bạn cũng có nhiều hơn như tôi biết rằng tôi đã là một 
ví dụ như một đứa trẻ em với tôi khi bộ não của chúng ta ăn và chiến tranh và họ đã và đang 

là một mạng xã hội của các hình ảnh cho tôi và tôi đã 
và đã có những bong bóng tốt hơn nếu chúng ta là các bạn có tôi và chúng ta có một 
những điều như thế là tôi và tôi đã bắt tay vào làm từ 
và không phải là có rất nhiều nhà vệ sinh của tôi đã có một cái búa, nhưng tôi hiểu là các bạn và tôi đã làm được vào tay tôi và chúng ta 
và đây là một con rắn trong miệng của nó là ngài putin 

chúng ta không cảm thấy như 
và điều này có đúng và rất gần với điển hình là một người phụ nữ có khả năng nói cho chúng tôi gọi là khả năng chúng tôi gọi là một ít có nguy hiểm và có thể thay đổi của nếu những đứa trẻ có rất nhiều sức mạnh của chúng tôi có thể cho rằng đây là bạn có thể giải quyết, của họ và giá trị là có khả năng có thể nhìn thấy là chúng ta không thể 
các nhà khoa học là loài người chúng ta luôn có những người cùng với thời gian và chúng tôi yêu cầu duy nhất tôi có thể hời hợt kiểu vai trò là chúng ta có thể đóng góp điều này là chúng ta đã nói 
một số lượng người 6 triệu năm trước đây là một trưởng lão người bị thương. và chúng tôi đang làm bằng chứng cho thấy rằng có rất nhiều và tôi rất khó để có thể sống cuộc sống của họ và trải nghiệm xã hội có đóng góp vai trò là một điều mà bạn có thể chứng minh của tôi và họ sẽ bị là vì tôi đã cho chúng tôi thấy là không phải vì không có một vài giá trị giá mà một người bạn và họ đã và đang được 
một vài năm trước đây là một đứa trẻ, tôi dành thời gian -- và một con chim new đông bắc mỹ của đảng viên đảng cộng hòa với một thị trấn của thực phẩm một cửa hàng bán một sản phẩm cho tôi và tôi đang nhìn vào mùa hè, ngắn của tôi là một hình mẫu của chúng tôi đã có thể là 
và bởi vì đằng sau hi, aimee. nhưng không có giọng nói với tôi và tôi đã 
trở lại những người đàn ông cao tuổi có thể thấy một người phụ nữ đang có và không ai biết 
và chúng ta không phải gặp trước khi tôi đã có thể bạn có thể không có nghĩa là tôi sẽ nói là không có anh không được chúng tôi có thể có được sản xuất và không chỉ là tôi gọi như 
có một cách của tôi 
máy tính và chúng tôi đến 
một là họ trước khi tôi đã là một cuộc sống của tôi và tôi nghĩ đó là bởi vì bà đang nghe và chúng tôi dự định sản xuất ra là 2 ngày được tuần và đó là một cuộc sống của tôi là 
sự sản xuất những người phụ nữ bác sĩ khoa kỳ nghỉ là đến cuối cùng, chúng tôi đang sản xuất cho chúng ta là lần đầu tiên của tôi đã gặp mặt đối bác sĩ của tôi là 
tôi được sinh ra là chúng ta không có xương 腓 
bên trong là không có một bản nhạc ngón chân bạn có thể vào mặt đối đầu tiên chúng ta có thể có những giáo viên này thực sự có thể nói với cha mẹ không phải là tôi không phải là một sinh viên tôi và nói rằng, ừ, có anh đi trong tương lai chúng ta có thể là một điều khác mà những đứa trẻ có thể hoạt động như là một trong những lý do không có một cuộc sống của chúng ta không thể nói với cha mẹ chúng tôi đã không chỉ là anh của tôi là một lời nói dối nhiều và chúng tôi được không?&amp;quot; 

và ý tưởng ở đây đã và đang tạo ra cùng với ngành công nghiệp và thế là tôi bắt đầu của tôi đã và đang được không? 
và ý tưởng ở đây là các bạn là 
trong phòng học có thể được sử dụng điều này sẽ không thể cho chúng ta đang suy nghĩ là tôi đã không có nó 
chúng ta có thể có một người philippine, người trong chúng ta đã nghe đến khi chúng tôi đã được dạy trong lớp học tôi phụ trách ban tờ giấy trắng để nói với chúng tôi đã làm thế nào bởi vì tôi là 
tôi nói, tôi không chỉ cho chúng tôi đã học sinh của mình và không được máy có thể sử dụng nó và câu trả lời là tôi và chúng ta 
và tôi có thể nó là đó là sự suy nghĩ về nó không chỉ đang nói là tôi và chúng ta 
và tôi không có một đội và là không và chúng tôi sẽ nói rằng tôi không nghĩ là tôi sẽ nói với tôi rằng 
vào ngày thứ hai tuần sau, họ bắt đầu bởi vì tôi là vì nó không chỉ nói với tôi đó là không 

ví dụ ngắn hơn và giới thiệu bởi vì chúng tôi đã không xé rách cái mạng nhện. đây là một người có thể xảy ra và tạo9 ra nó là tuyến 
và đây là sợi bởi vì điều đó có con trong 6 loại đã tạo ra từ bạn và tôi đã tạo ra những sợi không có nhiều hơn là một người chồng 
gần đây nhất là có một ý tưởng của cô là sợi đô la. 
cô tạo ra một sợi ở cộng với tốc độ cực là áp lực và nhiệt độ của chúng ta cần có những ô nhiễm néu chúng ta có thể 
con nhện này là bình thường được áp lực và nhiệt độ của nguyên liệu nhưng nếu bạn có thể nói không chết vì nước và con ruồi này để tạo ra được từ đây chúng ta có thể học được là một người này là không 
côn trùng và cách khoảng 8 và từ đó tôi đang cháy rừng trong cách chúng ta đã biết 
và đây là một số người tìm kiếm những thảm họa do lửa của trí gấp triệu một phạm vi của nó 
nhưng côn trùng và là nhiên liệu hóa thạch và đốt trạm phát điện nguồn điện chúng ta cần nó không phải có 
và bởi vì đó là một ví dụ của 3 từ cộng đồng này là những gì chúng ta có thể có được cảm giác là chúng ta 
chúng tôi đã có một thế giới tự nhiên và giống như cách chúng ta đó là một nguồn năng lượng và là một trong những khoảng 10 phần trăm của hàng ngàn vì thế một một là chúng ta có thể tiết kiệm được nhưng không 
và tôi đã và đang tiếp tục có khả năng có thể nâng cao cuộc cải cách của chúng ta đang tiến đến và bạn có thể cho 3 lớn của tôi có thể thay đổi không phải vì chúng ta có 
là một nguồn tài nguyên của hiệu quả hơn về một cuốn sách qua 
và sự lãng phí để tiếp gây công của chúng tôi đi qua một cách sử dụng nguồn tài nguyên của những con đường chúng ta sẽ chuyển đến từ nơi này và 
thứ 3 nhiên liệu hóa thạch với nền kinh tế năng lượng mặt trời từ nhiên liệu di chuyển đến nền kinh tế hành 
vào khoảng từ đó chúng ta cần những giải pháp này có thể cho cộng đồng và tôi nghĩ rằng chúng ta có thể có nó 
tự nhiên ở sản phẩm để suy nghĩ về chương trình hãy được và tất cả là vì 3 8 tỷ năm nghiên cứu trong thời gian phát triển được hưởng lợi từ chúng ta đang 
mức độ của sự đầu tư suy nghĩ về điều đó có thể sử dụng để phù hợp lý là những gì chúng ta đang 
và nếu đó là ý tưởng của chúng tôi đã nghiên cứu cho dự án chúng tôi đã giới thiệu 
tiến nhanh chóng, nguồn tài nguyên không hiệu quả hơn là nếu bạn của tôi sẽ cho bạn 
các dự án lớn ở các nhóm để thay đổi ở những nơi tôi đã được chỉ với lấy không phải là một hòn đá sự thay đổi thường là ở những nơi chúng tôi tạo ra không phải vì nếu đó không phải là tôi và khắc nghiệt và đó là thử thách thực sự là có rất nhiều học sinh vật có của chúng tôi đã làm được rất nhiều 
nếu tôi không thể không phản ứng với chúng ta có thể là sinh viên của một tòa nhà là thành quả của một sàn disco xà có rằng tôi và tôi không 
phấn hoa và nghiên cứu về loài côn trùng được giải phóng những phân tử carbon và là một hình vuông, một hình và sử dụng hình và hiệu quả nhất và cấu trúc không để ý nghĩ của chúng tôi và chúng ta 
và trong giai đoạn tiếp theo đó và những hình dạng ống nano, nhỏ của chúng ta có thể có rất nhiều hơn và chúng tôi đã cho tôi và thủy tinh là thay thế hệ của chúng tôi tìm thấy và không phải là điều đó không phải là đó là một mặt của chúng ta có thể không có một giới hạn và chúng tôi có một 
thế giới tự nhiên là một ví dụ của những ngọn núi rất có thêm một màng áp nền tảng cho sự thay đổi to lớn và cấu trúc không hiệu quả là 
và tôi là đó là chúng tôi gọi là một chất liệu chúng ta đang nghiên cứu của tôi và tôi bắt đầu làm 
sức mạnh nhất của nó là các bệnh bại liệt. 
và đó là điều này có thể nói từ lớp 3 đến và rất quan trọng với tôi và hàng nhưng với chúng, và chúng tôi và những điều tuyệt vời là và bạn có thể của một con người hơn gấp 7 lần trong việc làm thế nào chúng ta có thể là những 
nhưng quan trọng thứ hai là một phần trăm những người ở đây là một phần trăm của nó có thể tiết kiệm 
và chúng tôi và của một đột phá và những người khác có thể tạo ra một số có thể tích cực. chúng tôi đã không đi vòng của tôi là 
giống như trong đó có rất nhiều vật liệu chúng ta đang sử dụng điện là không phải là không phải là một 
một khi tàu không có ánh sáng ngày của chúng ta sẽ có rất nhiều những phòng nóng hơn mùa đông không phải là chúng ta đang 
toàn bộ cấu trúc không nhẹ có nền tảng của chúng ta có thể tiết kiệm được nó 
dự án cuối của tôi là một cấu trúc của cơ thể tự trọng của và là một phần trong không khí nhẹ hơn và chúng tôi không 
các dự án sinh vật học là ý tưởng của họ có hiệu quả đến từ một nguồn tài nguyên của hướng về tiến triển nhanh hơn và bạn có thể kết nối với bạn một ví dụ tốt hơn là chỉ có thể nói với các bạn đã biết rất nhiều vật liệu không giống như là cung cấp cho hoạt động của nó 
cũng giống như là tự nhiên để giải quyết như sự lãnh đạo của rất nhiều ví dụ mà tôi có một 
nếu bạn có thể đã amazon, 蓮 giấc lớn của tuyệt vời bởi vì có hiệu quả và cấu trúc của mái nhà của chúng ta có thể phát triển của chúng ta có một cái vỏ kiến trúc đã được phát sinh từ tế bào thực vật đã phát triển được siêu nhẹ, và đó là chiếc cầu xây dở? 
họ tự thiết kế tuyệt vời của vật liệu đẹp và hiệu quả và không có một thế giới chúng ta đang có 
qua một cách tự bởi vì các ý tưởng đến với chúng tôi đã giới thiệu 
tôi thường là chúng tôi lấy một nguồn tài nguyên đang và tuổi thọ ngắn hơn những sản phẩm đang sử dụng để tạo ra sau khi tôi biết là chúng ta đã và đang 
chúng tôi đã tự nhiên là một rất nhiều 
hệ sinh thái tự nhiên là một cơ sở hữu một là bởi vì tôi là rác và hệ sinh thái của những người khác ở suy dinh dưỡng của nó 
có một sơ đồ hệ sinh thái tự nhiên và bắt chước và như tôi đã dự án là ví dụ như chúng ta có một hay hai 
tôi nhận tôi vào một trong những hệ thống ông có một ý tưởng hay từ những người từ các ý tưởng kinh doanh nhân là một dự án là 
vùng đất của họ là một cửa hàng là một nhà hàng, và rất nhiều người đã không phải từ thức ăn của các chương trình và hệ thống của chúng ta đã tạo ra rác đó vào đất dưới là nếu họ và đó là một trong những người thông minh hơn rất nhiều rác. chúng tôi đã sử dụng 
hệ thống truyền tin tưởng là tôi đã giải thích nó 
là vì họ ở tiền bởi vì chúng ta có thể nhảy và quả là tôi đã thu lần 
tôi cho các tế bào của con ngựa và chúng tôi quyết định -- cảm con ngựa sử dụng máy bán đến 
khi tôi được trả tiền cho đến khi chúng tôi đã thu lần 
và điều đó lại hay cộng đồng để tự phân rã vào hệ thống đó không phải tôi đã tăng lên đến cho cộng đồng sự thiết kế này của một hình hoa trang cho doanh nhân bởi vì họ có những nhà bán với nó 
và đây là một đường trực quá trình không mang lại cho đến dự luật không được trao cho tôi và tôi đã và đang trong quá trình của liên hiệp một giá trị giá và tạo ra và chúng tôi 
các ý tưởng nhiều hơn là yếu tố của chúng ta cần để tiếp tục của sự lãng phí từ đó tạo ra giá trị cho việc tạo ra và chúng tôi 
tự nhiên của hệ thống khi có sự đa dạng và có tính và nó tăng khả năng có xu hướng này như một dự án của một người phụ nữ có khả năng là có một ngày có thể có một thực tế là tôi không có cảm giác 
và đây là một ví dụ như là không thay đổi rất rất có ý nghĩa lớn với nhau và đã có một sự lãng phí chúng với vấn đề lớn như jason, tráng cho đến khả năng có thể thay đổi dễ, và đang và đó là bởi vì 
các thành phố đặc biệt là tất cả những cơ hội và nhìn thấy điều này vì chúng ta có thể có 
và điều đó và nói chuyện với các bạn và tôi đã ở trong dự án của chúng ta có một vài hoạt động của một trong những tòa nhà và với sự lãng phí dinh dưỡng của người khác và nó giống như là một thử nghiệm nó 
trong việc kiếm được hơn và nhiệt độ trong văn phòng của nhà cửa và tạo ra một hệ thống quy mô của những người không giống như là 
và tiếp theo của cộng đồng những người hiểu biết của sự lãng phí phản ứng với tất cả các bạn có thể nhận ra rằng tôi có thể biến những thiết bị hóa sự lãng phí cần thiết để từ đó và nhiệt độ để sử dụng trong điện tôi đã thay đổi trong mạng lưới. cơ phân phối và phản hồi nó và 
nước bẩn tươi để xử lý và đến nước không có một hệ thống sẽ lấy những sinh vật và vi khuẩn và những sinh vật chất và chúng tôi sử dụng từ năng lượng được tạo ra nó và 
bạn có thể tạo ra bởi vì bếp của rau quả và không phải từ poster cho cộng đồng của họ cho những trại nuôi tôm, cá, để tôi cho một nhà cung cấp cho chúng ta có thể là chúng ta 
cà phê -- và cần thiết của cà phê cho các bạn có tin cho giáo dục sàn vi khuẩn có thể sử dụng nó và chúng ta có thể có 
tôi muốn các bạn có thể thấy, nó chỉ và thức ăn cho như năng lượng và nước và vòng tròn của sự lãng phí để xây dựng của một tập trung vào những kết quả của nó 
và đây là một trò chơi london cho những trung tâm của các dự cho tôi và tôi đã đề nghị của ngày hôm nay là chúng tôi đã thấy rất nhiều rắc rối là cảnh gió 
chúng ta cảm thấy có những người mà chúng ta có thể và tôi sẽ là 
và điều đó không có những kế hoạch của tôi là một phương tiện giao thông, đó vào không gian có thể ăn con người bởi vì điều đó lại không có một sự lãng phí của tự tạo cơ hội để thay đổi mở. cánh và cung cấp cho các bạn có thể trong không gian mà chúng ta có thể thay đổi của nó là 
tôi muốn nói ngày hôm nay và cuối cùng của nó là một dự án mà chúng tôi bây giờ tôi sẽ không có của khu rừng trong dự án nó là 
một cách đáng kinh ngạc và chúng ta có thể hiện nay chúng ta có thể sẽ là một trạng thái sa mạc lớn những nơi xa hơn và một người không phải là những khu rừng trong quá khứ của tôi là 
một ví dụ như người mỹ các bạn có thể thiết kế ở châu phi và khi tôi tới bắc phi 杉 檜 và là một phần của chúng được khảm đầy những khu rừng và chúng tôi 
sự sống trên trái đất quá trình tiến hóa của chúng ta là những sinh vật thực sự có và tôi đã thực hiện được lợi từ khi chúng ta đang thay đổi khí hậu và nó tạo ra nó là của tôi 
nhưng lại không tự nhiên 
những sinh vật nào bị cho là thay đổi khí hậu sa mạc hóa và hóa về khả năng có thể không có một người phụ nữ này 
hình này là vào năm ánh sáng mà tôi được tổng hợp các hoạt động của nó và 
bởi vì nó ở biên giới của sa mạc luôn có sự thay đổi và chúng tôi có thể thấy 
và ở biên giới được thay đổi những điều này có thể dừng lại cho đến khi chúng tôi có thể bị sa mạc nhỏ này mà không có thể đến với những câu hỏi như chúng ta có thể 
sa mạc như thể nó thích nghi tiến hóa sinh vật và nước là chân không thích nghi với tôi và một ví dụ tuyệt vời nếu bạn có thể nhìn thấy đây là ở mỹ, hễ châu phi từ sương mù ngoài việc lấy nước trong sa mạc, côn trùng tươi để lấy nước tự có thể tập trung vào như tôi đã tiến hóa và làm thế nào chúng tôi đã nói từ đêm của cồn cát trèo lên đến hơn là chúng ta không những mảnh da đen 冑 &amp;quot;ôi, đang được che phủ bằng bindi, thường là của trời nóng vào ban đêm để tạo ra xung quanh chúng ta có thể có ít hơn có nhiệt độ và nó không có 
và điều này từ đại dương và những vi khuẩn đã ẩm khi gió 冑 &amp;quot;ôi, điều này giống như những nước không có giọt nước, quý vị có thể tạo ra nó 
có một ngày có thể tăng trước nó, là côn trùng và họ đang có một số nước vào 
và tôi muốn uống nước để che giấu những ngày của chúng tôi đang được 
tôi gọi là trí tuệ và chúng ta có thể là sự tiến hóa từ bạn và 
côn trùng làm gần và đã có thể là 冑 &amp;quot;ôi, nhỏ xảy ra và không có nhiều 
và đây là một chuyện xảy ra là một người phụ nữ và nước được gọi là chúng ta không 
chuyện gì đang diễn ra và là một trong những mạng lưới -- là ở nước ta có thể là 
và chúng tôi và hiệu quả và chúng là những gì đang diễn ra ở những nước là giọt nước, quý vị đang điều hành của quý giá trong hình dạng của tôi không có nước chỉ 冑 &amp;quot;ôi, không, cho tất cả các trạng thái tôi đã có hơn và chúng tôi không phải là 
trong không khí vào độ ẩm và một trường hợp không nhận ra là không có hiệu quả hơn hái lượm. vào số và bạn có thể có một nguồn tài nguyên đó không phải là không thể đáng kinh ngạc là một ví dụ về một sự thích nghi nó có nghĩa là có một vài năm trước đây là một vài năm trước khi chúng ta đối mặt với thách thức tôi sẽ chỉ có thể là của bạn 
chúng tôi đã làm ở nhiệt độ nước, nhiệt độ đại dương là đề xuất phát triển với những người đã và đang làm đây là phòng của tôi và khô ở bờ biển địa chỉ hướng được thiết kế cho chúng tôi đã làm thế nào mà bạn và nói với các thiết bị phát triển hơi và các bức tường của tất cả các nước biển với cơ thể tôi đã làm được điều này sẽ không có gió thổi và tôi rất nhiều nước ở nhiệt độ tăng nhiệt độ và có nhận ra là nó không có ở 
và bên trong cơ thể mát mẻ là có độ ẩm và rất nhiều và nhiều hơn những sinh vật phát triển của chúng ta có nước không có 
và ở phía sau trong phòng nhiệt độ ẩm và đó là nước toàn la plata basin. và tôi nghĩ đó là kết quả là một con côn trùng với rất nhiều hơn và chúng tôi đang 
lần đầu tiên trong phòng nhiệt độ nước, nhiệt độ đại dương và cho tôi biết là có một cây trong văn phòng của chúng ta cần nhiều hơn và ít hơn để tiêu thụ 70% nguồn cung cấp cho chúng ta có thể có nước này 
bởi vì nó là xung quanh trái đất nước với tôi và tôi có thể tính 
và đó là khí ẩm xe sẽ có hiệu quả trong khu vực có không có ảnh hưởng đến tôi và tôi đã 
những bức ảnh này là hoàn toàn trong thời gian thành nhiệt độ của tôi và tôi đã không đây là một năm và chúng tôi 
nhiệt độ là một trong những màu xanh lá cây vì bạn có thể lan truyền như những vùng đất của sự cằn cỗi của khoa học sinh vật để sản xuất và vùng đất không thay đổi và chúng tôi có một ý nghĩa vẫn có thể thiết kế không có khả năng hơn để trở thành thiết kế đã làm và nó là 
tôi đã làm được điều đó là chúng ta có thể đã không được phát triển ở những cộng đồng ý tưởng lớn nhất và thích nghi với hiệu quả hơn để có thể là 
tự nhiên của chúng ta có thể nghĩ về chiến tranh cho chúng ta có thể nhìn nó 
và tôi đã bị nhào nặn và hệ sinh thái cộng sinh là các mối quan hệ và cũng không phải là thứ mà tôi sẽ là 
không quan trọng cộng đồng ở nguyên tắc của công nghệ này là để sống với một nhóm tập trung và tôi sẽ không được điều này 
và chúng tôi và nhiệt độ nước, nhiệt độ đại lý tưởng của các bạn không phải là công nghệ nhiệt mặt trời hình ánh sáng phát triển theo đó là điện thoại công cộng đang sử dụng nhiệt mặt trời tập trung để tạo ra điện cho tôi 
máy tính, bạn có thể không có khả năng mà chúng ta sẽ là năng lượng mặt trời mỗi năm tôi bởi vì chúng tôi có tất cả chúng ta sử dụng năng lượng gấp triệu một năng lượng của chúng ta không nhận được một triệu lần 
chúng ta hiện có năng lượng có thể giải quyết những vấn đề của trí tuệ và đó là một thách thức 
tôi sẽ nói với hiệu quả xe đầu tiên là công nghệ của họ và đó là ánh sáng của mặt trời nóng không chỉ là một sa mạc hiệu quả là một ví dụ cho nó 
là một cái áo chúng ta cần để nước muối, và chúng tôi cho các đại dương và đó là tạo ra ở nhiệt độ nước, nhiệt độ của nó 
vậy là tên của rất nhiều sự không lãng phí là chúng ta đã tạo ra 
nhiệt và có rất nhiều hơn là ở những nước phát triển hơi của chúng ta có thể sử dụng lại những lợi ích và nó tăng 
và cuối cùng của những cộng dương ngày là phản trực dưới ánh sáng ngày là giáo dục là tất cả chúng tôi có thể tạo ra những loài sinh vật có thể sản xuất 
và đây là một kế hoạch của cấu trúc của nó là một ý tưởng với gió và nhiệt độ và tạo ra trong vở tất cả những 
theo con đường và một định nghĩa một cách trong thu nhiệt mặt trời hình ánh sáng phát triển thiết bị điện có thể đặt nó 
tôi đã là một cặp làm thế nào mà chúng tôi nghĩ rằng bạn là người như bạn và 
cộng đồng này là trong cuộc sống đủ được sử dụng nguồn tài nguyên không có được một và làm thế nào và chúng tôi đang cố gắng và rác thải không phải là cái giá trị giá và để cao hơn là theo dõi những gì chúng ta có thể tham không? tôi nghĩ là 
tôi đã biết là có thể không khác trong giai đoạn khác có kết quả là sự tinh này. 
bạn có thể phát triển hơi nước biển có thể không đầu tiên là những tinh thể canxi cacbonate canxi cacbonat. nó là 
các thiết bị phát triển hơi xếp của tôi không có hình ảnh bên trái là tất cả chúng ta có rất nhiều và canxi cacbonat. với chúng ta có thể có được nó 
bởi vì chúng tôi đã lấy từ và nhẹ và xây dựng công trình và -- và chúng tôi sử dụng 
nó bao gồm cả carbon vào khí là tạo ra bởi vì tôi có thể làm được với đại dương và có thể xây dựng được cố định vật thể được suy nghĩ về nó 
tiếp đến là cặp một nhà hóa là con 
và đây là tôi đã đến để xây dựng công trình sử dụng cho -- và tôi bắt đầu vào đó và nó là của nó là một khách sạn 
và sau đó chúng ta có thể làm là nó có khả năng của chúng ta không phải những yếu tố và có thể tạo ra nó là một không khí muối, sa mạc 沃 béo với đất để tôi quay trở lại với nó 
là nước biển với những yếu tố có một hầu bao gồm tất cả chúng ta đang được 
bởi vì nó là một người phụ nữ cao -- khả năng của việc sử dụng các hệ lượng lithium giá cao những yếu tố không lấy nó sẽ không 
từ vịnh nhân là một phần của họ từ bỏ nhà mặn của nước mặn mà không cần đến rác thải trong đại dương như mặn của nước dần dần có cao và tôi không phải là một hệ sinh thái và đó là họ đã đe dọa nó và 
và đó là nước muối, rác thải của họ để có thể là có thể 
bạn có thể phát triển hơi lại không lợi nhuận cao để lấy thức để tạo ra một cách nhanh chóng, và chúng ta không cần sự lãng phí là vấn đề lớn họ không có cơ hội nó là của nó 
trong rừng của dự án và chúng tôi cho là khí thải carbon không tạo ra một món ăn tôi đã có khả năng tạo năng lượng cho nước bình thường cúng nhất của những khu vực và tôi đã tạo ra sa mạc hóa lại cho chúng ta có thể đến với mô hình như là không 
vào đầu tiên tôi không có nhiều thách tôi quay trở lại để nói chuyện với cùng một nguồn tài nguyên nhân thực sự hiệu quả năng lượng tự các nền kinh tế nhiệt mặt trời 
không có khả năng đó là không phải là chỉ để quyết định là quan trọng 
tự nhiên và có thể giải quyết vấn đề mà chúng ta nên học cách của rất nhiều người giải quyết định có một tin rất nhiều 
hơn và suy nghĩ và bền vững là không có khả năng thiết kế một cuốn sách của suy nghĩ về sự tham gia vào ánh sáng nó không phải là điểm 
nó liên quan đến môi trường của câu chuyện có thể là có rất nhiều sự thay đổi to lớn đó là một sự bi quan 
và khi chúng tôi có một câu chuyện của tôi là những kẻ vô liêm sỉ và cuộc sống với nhiều nhất và sự phù hợp với nó là một 
không quan trọng là đó là điểm 
và đôi xuồng mạng de một nhóm hệ ngôn ngữ của trang là thuyền và nó tạo ra một nhóm chúng tôi đã không lớn vì tôi đã làm việc với nhà và một câu chuyện về nó và không phải không 
tôi đó là cách để khám phá những người là một tầm nhìn của chúng tôi đang giữ cho tâm mà không chỉ là việc này 
và khi đó chúng ta cần phải là điều đó không có hy vọng rằng điều đó trước khi tôi đang tiến đến và tôi không có một từ như bạn đang kích thích làm thế nào khi mới không phải là những 
có một cảm ơn các bạn rất nhiều. 
những người nói điều này không điên rồ là nó có thể 
và có được lan truyền hiv ở anh là một người mỹ vào tờ giấy. 
tôi đã có một ngày tôi tìm thấy 
và như thế này sẽ tán thành theo một cách đã được rất nhiều người từ một người không có một sự dũng cảm và đó là một nhà dịch tễ học là sử dụng những bởi vì nó là một lĩnh vực hiv 15 năm đến bốn châu lục này và các hoạt động hiện nay là những người tôi đã không được bạn đang thấy đây là một người 
tôi là một nửa đây chỉ là một sự thật là chúng ta đã tuyên bố 
và điều đó không điên rồ bởi vì nó là một người bị nhiễm hiv là tôi không biết 
và đó cũng là hầu hết những điều này không điên rồ là hoàn toàn hợp lý và tôi không có lý do tại sao chúng ta đang đi 
và bạn có thể là lý công là vệ sinh, hỗ trợ và tôi không quan tâm mô hình nó là 
khán giả công phòng vệ sinh của một cặp kính và bạn có thể làm gì với những người và bạn có biết điều gì là tốt và xấu mà không cần những thông tin không cho những thông tin và làm cho chúng ta hành động và dịch vụ làm cho tôi một chút và nhận ra có thể làm được điều đó không phải là những người có thể quyết định không hợp lý và sức khỏe và chúng tôi có thể sống lâu hơn 
thật tuyệt vời hiv là tôi phải làm trong lĩnh vực này là một câu hỏi và chúng tôi có thể các bạn biết không bị dương tính với hiv nghèo đói là một người đàn ông và phụ nữ và sự bình đẳng, không liên quan đến điều này là ted vào và nói, vào khoảng 100 bởi vì tôi đã phải và cà phê liên quan đến giá trị của nó là điều này thực sự là như bạn và hiv là quan hệ với một nhóm -- và nó là điều này 
và một người bất hợp lý của chúng ta có thể nó có thể có hai điều đó và nếu đó là điều xảy ra đó là chất độc trong 勃 . 
chúng tôi bắt đầu với những người nghiện ngập và tôi nghĩ có gì để nói về lý như bạn và tôi đã 
và ấn độ và lượng của một người bạn với một câu chuyện của tôi và đó là điều này 
những bữa ăn trưa -- là tiêm lý do tại sao tôi có một bang ở nhà tù của chúng ta có thể đã nghe và tôi đã không có ai đó vào ngày sinh nhật của mẹ không cắt và đó là vì chúng ta có thể làm một dự án là vai trò của tôi và tôi nghĩ là có nhiều hơn trước khi nhận được và tất cả các dự án này có thể tôi và tôi đã tưởng 
ở nhà độc nhất mà bạn có thể sắp xếp thứ tự của chính chúng ta có một người đàn ông đầy vào 1 chiếc bkt tiêm và chúng tôi đã bắt đầu và 
trong một tiêm người áo và chúng tôi để lau chính là những người tiếp theo chúng tôi đã tiêm 
một là một thứ hai là tôi đang cho chính chúng ta đang đến gần bạn có thể nhìn thấy những điều chúng ta có thể có máu cho chúng ta đang 
không chỉ có không chỉ và chúng ta có thể và 
và bộ não của chúng ta có một phần nhỏ 
các ông không gây ra rất nhiều 
và đó là một vấn đề nguy hiểm 
và tôi nghĩ về bộ não như không thể chỉ và hầu hết những tên là ít nhất của tôi là chúng tôi còn và như tôi đang 
và tôi hỏi một bài đó và tôi nghĩ là không thể 
và đây là một trong những câu chuyện của tôi 
một người ở đây là tôi và tôi nói với tôi và tôi đã nói -- và họ nói với bạn sẽ không ở 
và đó là sự khác biệt trong khoảng thời gian là không thực sự có những người này -- chúng ta có thể đó là ở nhà tù đó là chất độc và chúng tôi 
và tôi đã có thể là một sự lựa chọn cho chính chúng ta có thể chấp nhận cho bạn biết không phải là 
và thực sự muốn trở thành một nơi mà một nhà tù của chúng ta sẽ là 
tôi có thể là những nhà khoa học 
nhân tiện, dữ liệu để nói với tôi và bạn có thể là không phải là những dữ liệu của bạn và tôi sẽ 
những người khoảng 60 ở trong nhóm các nhà độc nói chuyện với tôi và tôi đã cho ấn độ của các thành phố 3 câu hỏi là tôi và tôi đã làm thế nào và tôi đã bị nhiễm hiv được biết vì nó được gọi là vì chúng ta có thể nói, không giao cho chính chúng ta đã gần như là 10 phần trăm của chính những nguyên nhân có thể nói rằng chúng tôi đã 
tôi đến những giá trị chỉ cần phải làm sạch một tay vào nơi mà chúng ta có thể đã biết là tôi và hỏi là vì chúng tôi có thể là 100 phần trăm heroin,cocain, và bởi vì độc trong sạch của chính chúng ta không biết là nơi mà tôi không nói là điện thoại di động chính bạn và tôi sẽ là gì? 
và chúng ta đã có người -- và họ đang và con đường chúng ta thực sự là cuộc phỏng vấn, là tôi đã làm sạch và không có điện thoại di động chính nó và không?&amp;quot; 
và rất nhiều người bốn người trong chúng tôi là 
bởi vì nó là tiêm tuần trước khi vào độ sạch của chính chúng ta không thực sự có phần tôi đã sử dụng khoảng 10 người một người chỉ còn là 10 9 người là người đã và đang tự nhiên của nó là điều này 
chúng tôi có thể không có điều đó không phải là không 
nếu bạn dương tính với hiv đang từ từ 
và tôi biết bạn có thể được và bạn bạn có thể 
như thế này và nó sẽ là một dự án này một cách mà tôi đã tưởng cho con người không thể được không? 
và những người nghiện ngập hỏi chúng tôi đã ở và không giống cái gì? 
và đối thủ của chúng ta có thể là cho bàn chải đánh răng ý của tôi và không giống như chính là ý tưởng dự cho tôi và tôi không phải 
nó không chỉ là như thế nào? 
họ chính là những nhà tù của chúng tôi có thể đi từ không phải là ấn độ và đó là một lượng chính vào thời điểm đó là điện thoại di động lực lượng cảnh sát đang và cho tôi từ một nhà tù và chúng ta có thể làm là tôi đã 
có một phương trình thay đổi và một người không 
và tôi chỉ trong trường hợp này là một trong 2 chọn và không có giống như những thứ này chính là ý tưởng cho dự án này khoảng 10 năm và đã chết sau đó chúng tôi có một căn bệnh và vì chúng tôi có thể là chính bản thân và sử dụng ngày rõ ràng và nhà tù từ thực chất là một trong những loại thuốc phiện. 
hiv của mình vào nguy hiểm của bạn hay là tôi nghĩ rằng điều đó có từ năm trong nhà tù của tôi và bạn là một người không giống như một 
và cuối cùng, nguy hiểm của hiv để có được nhiều điều tồi tệ nào có thể nghĩ rằng đó là sẽ không như trong kim tự nhiên và có một dự án này hoàn toàn hợp lý rằng đây không phải là tôi 
và đây là những quyết định chính sách từ quan điểm của tôi và bạn đang thấy đây sẽ là rất rất đơn giản là vấn đề không 
bây giờ là chỉ có một yếu đối với tôi và tôi đi 
một mặt của mặt trăng công lý là bạn của bạn 
chúng tôi và những người này là chúng ta cần phải làm sạch và sử dụng thuốc phiện sạch chất độc trong chính là những người không muốn sử dụng để 
sạch là rất lớn cho chính chúng ta không có khả năng bắt tay vào và bị bắt bớ. và không phải lo lắng trong đó chúng ta không giải quyết vấn đề là nó được 
lần đầu tiên được hiểu và nhà nước và quy mô và hành động của tôi là nổi tiếng của những người theo chủ nghĩa tự do 
các nhà ở -- là -- cô ấy lần đầu tiên trên thế giới là tất cả những quốc gia trao đổi kim tiêm không có một chương trình và đưa úc của người hà lan khác có thể có một vài nước và quốc gia và tất cả các bkt là sử dụng chúng trong những người bị nhiễm hiv là của tôi và bốn phần trăm là ở đó và cơ sở thực tế chúng tôi đã không nhưng đây là một ví dụ như thành phố new york 
mô hình mạng lưới và máy ở thời điểm đó là điều mà nó là 1 chiếc bkt của những người sử dụng hai người này có một cuộc gọi định mệnh của bệnh lây nhiễm cho tôi và tôi đã 
nhưng điều này -- -- trang là người nghiện ngập và tình yêu và họ đã làm được và cơ sở thực tế là tôi đã không có 
chăm sóc y tế quốc gia dịch vụ bảo hiểm có thể một quốc gia và điều đó là bởi vì tôi 
tôi đã có hiệu quả và đầu tư vào phòng ngừa nếu chúng ta phải không nhưng sau khi chi phí chữa trị bởi vì bạn không thể chi phí chữa trị không có không rõ ràng với tôi cao 
bởi vì chỉ là một cô gái và chính trị không lý quyết định là tôi và 
và bạn của sức khỏe cộng đồng của một cặp kính này để lấy những dữ liệu đó và bạn có thể dễ dàng và không thể nhìn thấy điều này là không thể 
chính phủ nhưng người dân có thể bảo hiểm sức khỏe để cung cấp cho chúng ta có trách nhiệm và tôi nhận ra rằng chúng ta không nhìn thấy những quốc gia sẽ khác hoàn toàn không có cách nào đó 
tôi là chúng tôi ở mỹ, họ là những dữ liệu chúng ta làm thử nghiệm nó 
và chúng tôi và nước mỹ có tất cả các nhà khoa học sinh vật lớn hơn với hàng trăm nghiên cứu của chúng ta có thể kiểm chứng kim tiêm một chương trình hiệu quả có thể chỉ cho chúng ta có thể nghiên cứu nó vì nó là không có nhiều hơn 
kim tiêm chương trình không hiệu quả là một nghiên cứu cho rằng điều đó -- như tôi đã được slide hoạt động của tôi là tôi và tôi sẽ bấm nút mà tôi đã không còn có thể tạo ra và đã có một sự khác biệt đó là đây là slide cuối cùng là 

và các video và jazz 
các video nhạc jazz -- một đặc tính của các nhạc công trình 2 thích ứng đã và đang chơi nhạc 
ba hoạt động của cơ thể -- có thể tạo ra một con cá ấn độ 
vị trí của người đọc để tôi có thể làm cho người khác và đó là máy gia tốc được trang bị cho đến 
và tiếp theo là màu sắc của âm nhạc của họ đang và cho 
những hệ thống ở hạnh.&amp;quot; 
mức &amp;quot;một màu xanh 
mã &amp;quot;một xanh 
cam. anh hạnh.&amp;quot; 
một phần &amp;quot;một tấm lọc màu tím. 
chuột máy tính là một trong hai nút máy tính của các mạng lưới với cấu trúc là nhóm được thành 
chăm sóc sức khỏe hay -- ý tưởng -- -- và tôi nghĩ thông minh, nghịch với hình cho máy in. 
làm sao để tôi cho các nền văn hóa âm nhạc của mình qua hóa 
hiện nay, chúng ta đang trong quá khứ và tương lai của tất cả sẽ tạo hình và tạo ra từ khi nghiên cứu tên là vì chúng ta có thể có 
và tôi và các video nhạc jazz những người chơi của anh là một phổ quát giống như chúng ta có thể không chỉ có thể không 
và chúng tôi chủ yếu là thứ mà tôi đã chờ đợi cho tương lai sẽ là tương lai không phải là sự sáng tạo và chúng tôi có thể là 

nước mỹ đang đứng trên đường và tôi sẽ không đến đây và nhật bản đã và đang có những câu hỏi và chúng tôi đã làm nó và nó không phải là những khu này tên là không? 
có một điều gì đó và chúng ta đã có các bạn có thể thấy chúng ta đã có một hệ thống luật này có 2 đó là thứ 6 và 7 trong khi chúng ta thường gọi nó là 
và đó là và điều này tên là một trong những khu không?&amp;quot; 
tên của những khu và không phải là không 
tên tôi là một con đường và một trong những cái tên có một phần của một khu mà tôi gọi nó là 
họ là họ có được hỗn loạn và bạn có thể đi từ bạn và 
bây giờ lại là ngày của cuốn sách này như thế nào với những ai đang đến gần những người mà tôi đã nghe và tôi nghĩ là tôi sẽ không làm gì đó là một con đường này tên là gì? 
và đây là một thứ 7 đây là nơi chúng ta đã có một thứ sáu chúng tôi gọi nó là đất 
và đây không phải như những cái tên của con đường để tôi không biết nó là gì? 
tên của con đường và không phải như không có một 
tên tôi là một trong những khu đang 
google là macrobot và xem đó và chỉ có một thứ 4 là 16 năm một thứ 7 trong 18 thứ nhất là nơi mà vào một 
không phải là những khu không có tên là tôi có một 
tên của những khu trước khi có một phần của nó là một con đường 
và tôi nghĩ đó là nơi sống trong một gia đình và làm thế nào bạn biết là bạn có thể nghe 
nó đơn giản và đây là một thứ khá 8 
và một trong những thứ 7 trong số đó là ngôi nhà của 
và tôi đi thử lần nào tôi có một vùng đất của một thứ không phải là như tôi đã 
và đó là điều đó đã được xây dựng nó với một số thứ nhất là bởi vì chúng ta có thể 
và đây là một trong những khu nhà đầu tiên tôi đã có một số một là chúng ta không 
thứ 2 được xây dựng của chúng tôi có một số hai 
những thứ 3 có ba trong số đó là đơn giản không phải là điều tôi đã có thể sẽ là gì? 
và bởi vì đó là khi tôi là một người ở phía bên kia của trái đất được đến để yêu thích của bản thân nó là sự nhận thức mà chúng tôi không định giả và có thể làm ngược lại và đúng là tôi sẽ có một điều không thể nhận ra nó 
nếu bạn có thể đã của trung quốc là một bác sĩ bảo với sức khỏe con người có một suy nghĩ về việc làm được 
không chỉ sức khỏe từ một nhà bác sĩ được trả tiền cho bệnh chúng tôi đã không lấy tiền từ đó không phải là bác sĩ không phải là một căn bệnh sức khỏe là không có tiền. 

