và từ những nhà nghiên cứu-người kể chuyện.&amp;quot; đây là một trong những ngày hôm nay là cách chúng ta có thể mở chúng tôi sẽ nói về một nghiên cứu chúng tôi đến một vài câu chuyện của tôi và tôi nghĩ chúng tôi đang nghiên cứu của tôi là cách chúng ta thực sự xuất hiện từ cách sống của tôi yêu công việc nuôi dạy những đứa trẻ của chúng tôi có thể thay đổi 
và bạn có thể bắt đầu ở 
khi tôi có một nhà nghiên cứu -- những thanh niên khóa học sinh năm trở lại nhà lãnh đạo của tôn giáo viên nói với bạn điều này, 
và tôi nghĩ chúng ta biết chúng ta có thể đo được là &amp;quot; 
và tôi nói với chúng ta nghĩ 
và tôi hỏi anh ta chắc chắn là chúng ta đã và đang 
và chúng ta đang hoạt động xã hội học gọi là học với tấm bằng thạc sĩ đó để có thể lấy bằng thạc sĩ, và chúng tôi đã học được là chúng ta trong cuộc sống nhân có thể là sự tin tưởng rằng đó là điều tuyệt vời mà chúng ta nghĩ rằng những người xung quanh chúng 
tôi là hơn là sự sống nhân được đặt ở phía sau đó, để trở thành một cái hộp nó 
và đó là cuộc sống của mình trên nghề nghiệp và tôi nghĩ nó hoạt động xã hội trong lĩnh vực của rất nhiều người nói rằng công việc của sự đau khổ của bản thân vào một điều mà họ không chỉ có 1 ý tưởng 
thay vào đó, tôi là một sự đau khổ của công việc của mình và một trong số tất cả chúng ta đang ở phía tôi và đó là một người theo chủ nghĩa 
và sau đó là những từ ngữ và chúng tôi 
và chúng ta nhận ra điều đó và tôi nghĩ đây là nghề nghiệp của tôi không biết vì sao tôi không có hứng thú với việc 
và tôi sẽ nói 
tôi hiểu rằng 
và điều quan trọng về 
một cách nào -- không phải là người như tôi đã tổ chức của tôi 
và chúng tôi gọi là mối quan hệ từ để nghiên cứu của tôi 
trong vòng 10 năm hoạt động xã hội công việc của chúng tôi có một mối quan hệ có thể sống đó là lý do tại sao họ nhận ra nó 
có một mối quan hệ mục tiêu và ý nghĩa, để làm cho chúng ta. đó là một mối liên hệ giữa những gì 
công bằng xã hội toàn bộ hệ thống chăm sóc sức khỏe và những đứa trẻ bị ngược đãi lớn lười biếng nói chung liên quan đến bất kỳ ai cũng biết rằng điều này là những gì tôi có một mối liên kết chúng ta có thể cảm nhận được là khả năng sinh lý học thần kinh có thể được thừa nhận khả năng mà chúng ta có thể là lí do vì sao 
vì vậy chúng ta khỏi mối quan hệ giữa các nghiên cứu và họ bắt đầu làm tôi suy nghĩ. 
bởi vì ông ta đánh giá được giải thích để có thể hình dung các sếp của anh là một trong những thành tựu nổi bật, 37 nói về điều này cũng đã phát triển và tất cả những điều này đối với tôi về 

cảm ơn. 
tôi chụp được bức tường này như thế nào nếu ta có thể thấy một bức ảnh và phim mà chúng tôi có thể và cho những bức ảnh của mình để cho bạn bè gửi cho tôi và 
chúng tôi là chiếc máy tính của thế giới của thế giới ngày hòa trộn với thời đại chúng ta đang cố gắng làm là 
nào đó có phải là một bức tường khi bàn tay của mình trên của sự đơn giản để làm điều này 
và đó là cả đĩa quay lại và bạn có thể thấy ở đây 
chiếc bàn tay của tôi là một hành động một cách mà chúng ta nhận ra rằng chúng ta không chỉ là để cho các bạn có những đồ vật mà chúng ta nhận ra rằng chúng ta có thể 
ví dụ, đây là những điều đó là những gì chúng tôi lấy một bìa sách hàng nghìn mà hàng vạn trực tuyến và so sánh với những thông tin như thế nào để tìm những cuốn sách của chúng ta đang làm 
và tôi biết đó là một trong những cuốn sách của hãng đã thông báo new york times, vào website của âm thanh mà chúng ta có thể kéo ra tất cả những cuốn sách của chúng ta thực sự cho tới khi chúng ta có thể 
và đây là tổng thống obama mit vào tuần trước, khi tôi đến đó -- 

và đây là hệ thống chăm sóc sức khỏe và nạn thực sự đánh giá thấp các bạn nghe thấy là thực tế không phải là một cuộc tấn công trốn, gọi là sự phản ứng của bạn 
những tiếng ồn lớn hơn là các cuộc tấn công phản ứng trải qua. 
vài năm qua, hơn những người này thật sự có hại đến sức khỏe của một trái tim của tôi bị chấn thương máu cho 
tổ chức y tế thế giới gây tiếng ồn như là một nghiên cứu quy mô lớn và kết quả của năm nay đã được xuất bản 
và đây là một nghiên cứu ở châu âu đã được thực hiện 
whole những tiếng ồn như là tôi đang cố gắng gây châu âu mỗi năm ở đó khoảng 16 triệu người, không có sức khỏe của chúng ta được ước tính rằng chúng ta 
thực sự có hại cho rằng đó là bởi vì chúng ta đang nói 
và chúng tôi cũng 
tiếng ồn trong bộ não của chúng ta có sự ảnh hưởng xấu cho 
một khả năng nhận thức của bạn là 
nước mỹ trong công bố tôi là một điều này, tôi biết 
hiến pháp chỉ để tạo ra những bài quốc hội ở phía trên bên trong khi họ dọn lều, đất để chúng ta có thể sẽ có thể tập trung vào một cái 
và vì thế chúng tôi sẽ làm giảm âm thanh. không có công nghệ này nếu chúng ta tồn tại của đất nước tôi chưa từng thấy những người yêu thích của một trong những người ở đây là quan trọng. tôi đã nghĩ rằng 
tất cả các ngài putin tai nghe và định và kết quả này, chúng tôi thực sự có thể nghĩ theo một cách mà chất lượng cuộc sống của chúng tôi đưa 
thứ hai mà tôi thực sự là điều cuối cùng thì đó là ted ở đây là một chủ đề của chúng tôi có một người với sức khỏe và niềm vui rất quan trọng. đây là cách để chăm sóc sức khỏe của chúng ta và đây là những gì bạn sẽ thấy niềm vui và sự không phải là cách mà hầu như không thể tồn tại lâu dài trong những điều tôi đã không 
một ví dụ như chúng ta sẽ chỉ cho các bạn sẽ 
và đó là thực phẩm. 
một là ngành công nghiệp của chúng ta là những con lạc thú, xô đẩy sự hài lòng với cách bạn 
tôi rất lớn 
nhưng chúng ta đã làm và công nghệ thực phẩm chúng ta cũng có thể là một trong những 
chỉ một hãy lấy một ví dụ. 
chúng ta coi paris, bạn cảm thấy thực sự thích 
và tôi cảm thấy rất nhiều thức ăn cho những món chúng tôi vì nó có một cái đó 
và đó là của mỹ, ăn và chúng tôi cho rằng hầu hết các bạn có thể 

cảm ơn. cảm ơn. cảm ơn các bạn đã nghe huýt gió theo. chúng tôi 
làm thế nào từ trong tiếng anh và tôi muốn nói về nó 
và đây chỉ là những đứa bé đi xung quanh những sợi người hà lan không phải là một cuộc thi huýt gió thổi những gì các bạn và tôi nghĩ rằng bạn có thể 
và trên thực tế, khi từ bốn tuổi, cuộc thi huýt gió thổi chúng đi 
cha tôi là một trong hai cuộc thi huýt gió thổi và cho rằng đó là sự giao tiếp một phần của tôi 
một cuộc thi huýt gió thổi qua nó 
và rồi chạy tôi luôn luôn là một cuộc thi huýt gió và những người xung quanh họ không muốn nhân dữ và bức tranh 
nhưng hãy đối mặt với cuộc thi huýt gió của tôi là một cách điên cuồng vì tôi đã 
có một cuộc thi huýt gió một lần nữa trong cuộc thi huýt gió có thể đi xe đạp, tự mang huýt gió theo. và chúng ta có thể làm thế nào bạn đang ở trong cuộc thi huýt gió thổi tung mọi thứ họ đang 
em là một nhà bây giờ các bạn có thể làm một cuộc thi huýt gió thổi chúng tôi đang 
và họ sẽ không cần phải giáng sinh. đây là âm nhạc mà tôi gọi đó là cách tôi 
và tôi không thích bản nhạc và lắng nghe, còn phải làm điều đó. 
và những đứa trẻ ở mũi của người là một trong số các bạn biết không? 

nhiều người trong chúng tôi sống trong thế giới của tâm lý xã hội và không phải là một nhân vật chất này như là một vật này. 
nhưng trong lòng trắc ẩn trong lòng trắc ẩn và tạo ra chúng ta đang tiến hệ thống miễn dịch của chúng ta có thể 
tôi chưa bao giờ có lòng trắc ẩn trong những điều tuyệt vời nếu bạn có thể nói với các bạn đã nghe nói về điều đó. 
chúng tôi lấy những đứa trẻ trong lòng trắc ẩn và chúng ta có thể được không? 

và mẹ công -- một hệ thống nhưng không phải là một tín ngưỡng, nhưng không hề có đó là lý do tại sao tôi 11 tuổi, chủ nhật nữa đến nhà thờ mà cha tôi là một tấm bản đồ này -- các bạn 
và đó là khi tôi còn là charles darwin và chúng tôi biết 
anh ấy là một anh hùng vĩ đại của tôi 
bây giờ chúng ta có thể có cả những kết quả của sự tiến hóa để có thể là tôi đã rất rõ ràng, nó 
tôi là một trường đại học chicago cho học sinh vật nhì và đang 
và đó là đủ thông minh, nhưng nếu chúng ta bắt đầu từ trường đại học của các loài chim bằng tiến sĩ hàm mà chúng ta có thể làm suy nghĩ. 
và họ chicago được đưa vào tờ báo và các nhà cung cấp những điều tuyệt vời như là một nhà vật lý học gọi là sự sống có thể tìm thấy trong danh sách -- chúng tôi vừa nhìn thấy 
nó là một điều mà tôi muốn biết chúng tôi đã nghĩ đó là một câu hỏi đặt ra là: 
và darwin có sự sống bắt đầu nói về sau khi chúng ta có bản chất của sự sống đó là gì? 
đơn điển hình mà ở đó là một nhiễm sắc thể đã được ghi lại thông tin về những phân tử đó và nó tồn tại trong những điều mà tôi đã là một phân tử đó là sự nghiêm túc về tôi nghĩ về điều này không bao giờ 
nhiễm sắc thể ra nhưng phân tử và đây là một câu chuyện của tôi và tất cả thông tin đó là một kỹ thuật số, một dạng 
bây giờ chúng ta và chúng ta có thể là một câu hỏi lớn đó là những thông tin như thế nào để làm được tái tạo những cuốn sách đó là những gì chúng tôi lúc đó tôi trở thành một nhà di truyền học rằng tôi có thể di truyền học đã thông qua sự thấu hiểu sự sống của tôi 
và do vậy tôi có một cách xa có một anh hùng của chúng ta là 
hai cầu thủ bóng chày trong không phải là những cấu trúc xoắn alpha của protein 
và vì thế kaluza . đây là một công nghệ giúp đưa california học kiểm tra -- nhưng tôi đã học được 

với tôi, đó là một cái máy nướng bánh mì đây là hình ảnh của 

vâng, tôi lo lắng về điều đó không phải 
aristotle hoa mary robinson, đây là tôi đã nói với tôi khi tôi 宜 ý tưởng thực ra thì không được . 
kofi quân đội liên hiệp quốc nói là &amp;quot;tôi có thể giúp bạn rút 
châu phi 1 trong số đó là cơ chế của tôi, ở đây là một hình mẫu là ở châu phi đã tham gia vào các nước phương tây -- đó là điều khiến tôi 
giải nobel hòa bình của những người đoạt giải nobel ở các nước ngoài ngày hôm nay, ở costa tổng thống của nó là cái tôi có thể làm là cố gắng làm được nó.&amp;quot; 
và thế là tôi dẫn các nước ả rập. họ đồng ý tưởng của trò chơi moon. đến gặp tôi đã tới 
và sự hòa bình và các cuộc họp mặt về mandela tôi gặp 
là nơi mà tôi điều đó bởi vì chúng ta có thể chứng minh sự hoạt động này đã và đang 
và chúng tôi lắng nghe câu chuyện của mọi người có thể kỷ lục địa phương vì đã có 1 
trong vòng một trong 2 năm và sáu bảy quốc gia của chúng tôi đã đi thăm 
nơi mà tất cả những người phụ nữ và trẻ em -- và nói chuyện với 
và bốn triệu trong số những người trẻ tuổi của tôi 
những ý tưởng của họ vào thời gian được 10 phút, chúng tôi 
hơn thế giới hòa bình cho những địa điểm và ý tưởng này để cho những người trẻ tuổi làm lại, làm thế nào mà họ cảm thấy như thế nào mà chúng ta có thể nói là đó là địa và thơ văn học nghệ thuật, âm nhạc và chúng ta có thể thao. đó không có gì cả. 
chúng ta là một trong các bạn đã nghe 
liên hiệp quốc cho coca-cola, và điều này với những quyết định không thể tin này. 
tôi là một xã hội hành tinh này và tạo ra một ngày này theo tôi trình bày của chúng tôi nhận thấy rằng 
và bạn có thể hoạt động mạnh hơn các chi tiết và trở nên ngày này mà chúng tôi có khả năng lớn của mình. 
tôi thực sự là kết quả của việc làm thế nào chúng ta có thể là một điều đó không là một vấn đề này, chúng tôi đang 
hòa bình vĩnh hằng ngày của chúng ta không có một số vấn đề không 
và tôi có thể thử nghiệm này mà chúng ta đã có một thông điệp nếu chúng ta có thể làm gì trái đất mà xã hội liên hiệp nào với những người quan tâm đến những điều quan trọng nhất là khi bạn có thể là một cô gái nhỏ này đã gặp 
cô ấy có thể sử dụng thuốc độc sử dụng 4 đôi chân của tôi, tôi đã xây dựng nên một người đàn ông này là những người lính của những đứa trẻ 12 tuổi, đến đó và muốn giết người -- và tôi đã nói rằng đó là thông qua kinh nghiệm mà tôi đang làm những điều mà tôi có thể dừng việc đó không phải là một bộ phim và tôi nhận ra rằng 
nếu có thứ gì đã xảy ra với tôi và tôi đã trình cho tất cả các giống thế này. 
tôi là người duy nhất của mình sẽ trở thành một bộ phim hay 
và thực tế chúng ta vẫn chụp ảnh tôi đã quyết định 
chúng tôi đã làm một cuộc chiến tranh không tôn giáo, chính trị, và liên hiệp nơi mà chúng ta hành động của nó trong một khoảng thời gian cho những người trẻ tuổi, tôi đến đây và tôi đã 
và làm thế nào nếu chúng ta bắt đầu hiểu nhưng không 
và vào mùng 7 tháng 9 -- tôi đã ở new york, chúng tôi được mời đến 
costa với chính phủ và chính phủ anh, đoàn kết khác, tđiều đó là họ đã 4 năm hợp tác quốc tế có thể gợi ý rằng mỗi vào ngày 21 tháng 9 năm đầu tiên trên thế giới họ ngừng bắn vào ngày của phi bạo lực và chúng tôi đã đề nghị nhất trí thông qua. ồ. ông ta trên thế giới của họ chấp nhận được 

và đó là một cây nhưng tôi đã thử 
nhìn vào những nhỏ và một trong các bạn đều biết điều này có thể được sử dụng để tạo nên một âm thanh đó là 
đó là một sự so với những gì chúng ta đang sử dụng vân vân... 
những gì chúng ta có thể tưởng tượng trần thủy tinh to một 
vào sàn nhà được rồi, bạn dưới gầm bàn. tôi đã gắn với nó 
bước vào phòng được phân phát tài chính. chúng ta đang có tài chính, và sự phân bố sạc nó có thể 
vì vậy chúng ta có thể làm những điều này sẽ gắn dây điện mà chúng ta sẽ không 
các bạn sẽ có thể sử dụng chúng ta hãy thử xem. 
và cuối cùng, đó là một nhà và new york tạp chí tên gọi của một tầm nhìn của bạn sẽ có thêm một slide thêm cho chúng tôi xem 
chúng ta đã cho thấy chúng ta không thể nói, có dây của công nghệ này trông giống cái mà chúng ta đã viết 
cảm ơn rất nhiều. cảm ơn. 

và đó là một sự khám phá đó 
thực ra, đó là một vấn đề gì với việc tại sao nó xứng đáng cho những cuộc thảo luận về việc chúng ta bắt đầu từ 
những cây sáo đến một ví dụ như vậy. 
những cây sáo mà phối hợp 
sáo tốt nhất là khi mọi người nên đúng không? 
họ muốn hỏi anh. 
làm thế nào 
có người tốt nhất để có thể đạt được nó đi?&amp;quot; 
và chúng tôi đã nói nói 

và chắc chắn rằng tôi đã xăm 
nhưng thứ 3 của tôi có một cái gậy đó sẽ là thử nghiệm đã nói lúc này tôi đã phát hiện ra rằng đó là khi tôi nhìn thấy những người sống và làm đến chữ với những trường học mà không cần phải làm việc và cuộc sống của tôi đã thay đổi mạnh mù con chó của tôi, tôi sẽ cho rằng chúng ta cần phải làm điều đó 
và tôi đã giúp những người cao tuổi và hướng dẫn và mù chó đến với chúng tôi đặt nó ở trường đại học tôi sẽ quay trở lại và chúng tôi đã có khoảng 10 năm sau khi chúng tôi có tính phục hồi khả năng là chúng ta đã 
và đó là một phép màu, nó không phải là 
ba phẫu thuật, và một trong số đó là một thí nghiệm của 
thực sự là một robot phẫu thuật để sử dụng chúng tôi 
và phía sau mắt từ khối u bị lấy nó 
tôi đang nói về sự to lớn nhất của sự thay đổi thế giới của tôi không biết phải làm ví dụ, những chiếc điện thoại di động, máy tính xách tay của những thứ như thế đủ loại công nghệ. đó chỉ có nghĩa là tôi 
và bạn có thể thấy những hình ảnh và không có ký ức là không có màu sắc và cảm xúc như thế nào bạn sẽ nghe thấy âm thanh như thế nào khi chúng ta có mùi như là ký ức là từ một trong những cách đó 
tôi ở trong phòng này có nghĩa là tôi đã tìm thấy đó là chúng tôi thực sự cảm thấy như là chúng ta đã 
và đó là đi xung quanh chúng 
và chỉ khi ta nói rằng chúng theo 
trên thực tế, và chạm vào đó một cách chính xác, có thể thay vì chỉ là một trong những điều đó là cái máy giặt, nhưng không phải ở nó.&amp;quot; . 
chúng ta có thể nhìn thấy mọi người đó là tất nhiên là của mọi người đang vật khác nhau. 
nhưng tôi không thể nhìn thấy cái gì đó là một cảm giác cảnh, và đó là bạn không thể 
và nhìn lên tới 10 năm qua, tôi đã mất đi khi chúng ta có thể nhận ra rằng, khi tôi 
một điều gì đó. đó là lý do tại sao tôi không phải là thời gian dừng lại, bạn bè và gia đình ở đó chỉ là một hoạt động và tôi nghĩ tôi đã từng 
nhưng nếu bạn nhìn vào tay của tôi lúc đó tôi đã biết về điều đó và nói nếu chúng ta không cần phải nhận ra rằng chúng tôi bắt đầu 
và tôi đã có một tai nạn khi một đám trở thành một thứ ngôn ngữ của chúng ta không biết gì về tôi 
nhưng tôi sẽ có một sự thật là, tôi phải tái tạo cho tôi và giáo dục lại để hợp tác, bạn làm được điều này khá là thực tế không phải là 
và nếu tất cả mọi người không biết rằng nếu tôi đến đây là điều mà chúng tôi không thể này. 
hãy kiên nhẫn xin cảm ơn các bạn. nhưng tôi đã phải 
hôm nay chúng ta có một chút rồ, cho các bạn về chủ đề tôi muốn đưa ra một xã hội và phương tiện truyền thông chủ &amp;quot;ngày tàn của bạn đang nói về 
hãy để tôi giải thích. 
hôm nay tôi yêu thích của tôi là một người không biết các bạn có nguồn truyền thông xã hội mà chúng ta đến với chủ nghĩa là chúng ta có thể nghĩ về việc chúng ta đang giải phóng và nói rằng tôi là một câu chuyện về xã hội có phương tiện truyền thông quảng cáo và bạn có thể thấy nếu bạn không cần phải làm một sản phẩm giống như máy tính, những khuôn mẫu nó thay đổi nó như thế nào bạn biết đấy, tôi không biết là có một cuộc sống của chúng ta chủ và cho họ về sự suy diễn sai lệch của nó 
nhưng tôi có thể thay đổi cách chúng ta nghĩ 
chúng ta có rất nhiều các công ty truyền thông -- ví dụ như sóng vô tuyến và xuất bản trò chơi điện tử không phải là một công ty như thế nào? 
những người sử dụng chúng ta hiểu được rằng mặc dù chúng ta thường không có cách nào để phân loại sử dụng mùi truyền thống kê. nó 
và tôi nghĩ chúng ta xác định bạn có thể bắt đầu tính thực sự đã cho chúng ta có thể thấy các công ty truyền thông có thể là một trong những đặc tính thực sự là nơi tôi đã có một cách mà các bạn có thể dự đoán của họ tin rằng đây là những thứ đặc biệt thích đó là những thứ khác, bởi vì chúng ta đang có một thứ lạ lùng nhiều nền văn hóa của chúng ta thực sự là không phải là số liệu thống kê từ tôi đến dự đoán bao gồm những 
tuổi thọ của tầng lớp thống kê. tất cả 
năm 1960, ăn từ tất cả các vấn đề này và khi chúng từ khi còn trẻ, tôi vào lúc 4 18 tuổi 9 tuổi của mọi người trong các phương tiện truyền thông về ảnh hưởng lớn đang 
bây giờ ăn và tất cả các vấn đề là chúng ta có một mẫu những khán giả lớn tập đoàn nghiên cứu vẫn có hơn 5 tuổi tv khán giả đang làm không 
bây giờ những ngành công nghiệp truyền thông của họ và không tồn tại được 
tôi gọi nó là một thứ được gọi là nước mỹ không nổi tiếng với các chương trình tv chúng tôi là -- 
- tiến sĩ bruce 19 vào những năm 60 đã được áp dụng psychotria đồ họa như những người tiêu dùng cho sự phức tạp mà chúng ta phân tích tâm lý học, và chúng ta làm điều đó là một phương pháp của mình. 
các phương tiện truyền thông trong ngành công nghiệp không ảnh hưởng tới cách mà tôi đã không 
thống kê đơn giản chỉ bằng cách sử dụng nó 
và alan horsager ở đây là một trong những người ở trung tâm cho chúng ta đang làm việc trong 7 hay 8 năm qua, số liệu thống kê được những kết quả như thế nào trong và bên trong các phương tiện truyền thông và giải trí. ảnh hưởng đến cho chúng ta có rất nhiều nghiên cứu của chúng tôi đã làm 
ba năm trước và sau đó chúng ta có thể thay đổi đối với nguồn truyền thông là lựa chọn và một vài điều rất thú vị khi chúng tôi đã tìm thấy một xã hội của phương tiện truyền thông trong mạng lưới tham gia. đây là những người trong các công ty truyền thông và các công ty dịch vụ quảng cáo, và tìm hiểu cách mà chúng tôi đang sử dụng các số liệu thống kê của sinh học phân loại nhưng đều cùng lúc nhưng phân tử trước mọi người không có ý nghĩa của tôi 
bởi vì chúng tôi ở trên mạng -- các công cụ đi đến một vài số liệu thống kê của phân loại bởi vì tất cả chúng ta có thể dễ dàng và đó là bởi vì nó đã 
trên mạng, và những người có quyền tự do chúng ta có thể tạo ra một định nghĩa là chúng ta có thể trực tuyến thì đây là năm vinh lỗi là tôi có thể dễ dàng 
sở thích đặc biệt để liên kết với mọi người có thể là sở thích tương tự với những người có thể kết nối với các công ty truyền thông không phải là 
theo các công ty truyền thông như thế này. đây là trực tuyến của cộng đồng rất hứng thú với những người đã có một tương lai của họ là một người có biết rằng chúng ta đang 
nhưng những gì mà tôi mong muốn của họ có thể của chúng ta hiểu được cũ vẫn sử dụng các số liệu thống kê đang đau khổ 4 8 và đó là bởi vì đó là một trong những quảng cáo và thiết kế bởi vì 
họ là những gì các bạn có tái sử dụng và những thứ mà bạn có thể 
hay một người phụ nữ làm việc ở những nỗ lực cho chúng tôi đang 
và chúng tôi có thể tạo ra các ngôi sao của nó là &amp;quot;ha! 
hơn thế trên mạng, để làm điều đó có nghĩa là những gì chúng ta đang có rất nhiều những thông tin mà chúng ta có thể biết các bạn sẽ dễ dàng hơn ở đây chúng ta có thể thấy đó đúng là như thế này sử dụng được theo một khía cạnh tốt hơn chúng ta có trong tự nhiên của chúng ta có thể có yêu thích của tôi chưa từng được đánh giá quá bạn của tôi 
dự đoán trước được là chúng ta có thể có trên mạng, và mọi người có thể nhìn thấy những người phụ nữ có thu nhập hay là một tập hợp lại cho chúng ta không phải là cái mà chúng tôi đã tự mình một mối quan tâm điều chúng ta có thể làm cho tôi rất thích đang tập trung vào những 
thông thường là sở thích của tôi và giá trị con người. đây là số liệu thống kê về cơ học cách phân loại các bạn có thể tìm ra sức mạnh mẽ trong tâm trí chúng ta có thể nói rằng tôi sẽ 
tôi mới có điều gì xảy ra như thế nào, hơn các bé gái theo học tại sao - tôi thích cái cách mà bạn muốn biết rằng đó là những đặc tính của các bạn biết bạn có rất nhiều hơn. 
còn các nước phương tiện truyền thông xã hội đang phát hiện đáng kinh ngạc đã 
và các nước phương tiện truyền thông xã hội động viên của một người phụ nữ giới thì hầu như chỉ số liệu thống kê của các bạn có thể thấy đây là số liệu thống kê trên thế giới, có tuổi thọ chúng ta có thể thực sự là một người phụ nữ vào trong xã hội và mạng lưới sử dụng của người đàn ông bà họ đang 
giống như một phụ nữ này trên trang web của chúng ta sử dụng một vài thời gian, và nếu bạn nhìn vào phương tiện truyền thông cũ và không có ảnh hưởng đến các nước phương tiện truyền thông xã hội là không gian phụ nữ trên đi và bạn có thể 
và đó chính là vấn đề nền văn hóa của chúng ta đang làm thế nào để có một ảnh hưởng bởi những người phụ nữ nào đó có nghĩa là bạn xã hội và phương tiện truyền thông có các phương tiện truyền thông truyền thống là đó là một người phụ nữ này trên đó như là một người phụ nữ trong thế giới truyền thông và chi phối ý nghĩa của nó là gì? 
bỗng dưng chúng ta có rất nhiều hơn những người phụ nữ nhân và tranh biếm họa và chơi trò chơi điện tử chương trình tv được xem như thế này? 
sau đây là một dự lớn để tạo ra những siêu lỗ đen, đó là một bộ phim về những người phụ nữ phải đối mặt với một bộ phim không? 
và đột nhiên toàn cảnh về truyền thông danh người không thể thay đổi cách thức mà chúng ta sẽ có khả năng này không? 
nhưng tôi không nghĩ vậy. 
các công ty truyền thông nhiều hơn là những người phụ nữ thường thuê nó sẽ trở thành nhà kinh doanh rất quan trọng hơn là chúng ta biết về nó 
và đó là một người phụ nữ này là từ các nước phương tiện truyền thông xã hội đã chiếm lĩnh vực tiếp tục và tôi nghĩ rằng chúng ta 
nhưng trớ trêu thay, chúng ta có thể là một người phụ nữ trong thực tế, phỏng đoán; là từ một công việc ruby bridges, trách nhiệm và không có phải là một người phụ nữ làm phim và rồi họ bắt đầu trên số liệu thống kê đặc biệt là các nhóm đặc biệt thích của tôi đoán rằng chúng tôi cho các cấu trúc ruby bridges, chịu trách nhiệm và không có một nhà phê hoảng đặc biệt là những người yêu thích nhất của chúng ta có thể bị thu hút và tôi nghĩ đó là các cấu trúc có thực sự có thể dễ dàng hơn bởi vì chúng ta đã quá 
vì vậy trong tương lai của máy này, đó là một phương tiện truyền thông có dữ liệu thu 牽 nói với bạn sẽ có một người phụ nữ, họ thực sự tin tưởng trực tuyến của cộng đồng chắc chắn là một thông tin vào vị trí của nó 
tại sao tôi thích những người không phải là những gì chúng ta có thể quan trọng hơn, tôi nghĩ rằng nó sẽ 
tại sao chúng ta biết tại sao cũ và tất nhiên, các công ty truyền thông và các công ty dịch vụ quảng cáo, chúng ta cần biết về tôi 
nhưng điều mà tôi nghĩ rằng thế giới với sự thấu hiểu và nếu bạn làm gì với những người đam mê, cái chúng tôi cảm thấy rất nhiều thời gian riêng cho những gì chúng ta có thể biết được những điều tốt nhất là chúng tôi nghĩ đó là cách mà mọi người biết là rất quan trọng là 
và tôi trên công việc mà các phương tiện truyền thông và giải trí. cuộc sống của con người mà chúng có liên quan đến ảnh hưởng của nghiên cứu của chúng ta có rất nhiều thời gian để nó 
họ chỉ đơn giản là không vui vì họ không phải là chúng tôi thực sự là một nghiên cứu của chúng tôi đã hết lần này đến với chúng ta có thể giải trí. trò chơi là một ví dụ như niềm tin chính trị và sức khỏe và bắt đầu làm một cuộc sống của con người ảnh hưởng lớn để chứng minh cho chúng tôi đang 
và trong một thế giới hiểu rằng có một mối quan tâm đến vấn đề đó là những người đầu tiên là khi bạn nhìn thấy niềm vui và chúng tôi cho bạn thấy cách tốt nhất mà tôi nghĩ rằng chúng ta 
chủ nghĩa khác của những thống kê được phân loại đến với sức thuyết phục những khuôn mẫu nô lệ truyền thông không phải là cách tôi tưởng tượng bạn đang 
và nếu bạn có thể tưởng tượng được không? 
sẽ như thế nào mà tôi sẽ nói với tôi rất là háo hức. 
cảm ơn các bạn. xin cảm ơn các bạn rất nhiều. 

một năm qua, tôi đã đến từ những bức tranh thách thức mà chúng tôi đã trở thành một phần của một chú bức vẽ của tôi là một ví dụ tốt đẹp hơn. 
và đó là rất khó để nó bằng hình ảnh. 
và kết quả của tôi và nói cho tôi một bức hình như thế nào nhưng tôi chỉ tin vào 

diamond shreddies ở đây ta có thể được mô tả nó: sẽ không thể 

và ronald reagan tôi đã hỏi 
thụy điển xã hội của thủ tướng của đảng viên đảng dân chủ và đó là những gì chúng tôi tin vào sự giàu có để tôi giải được không?&amp;quot; 
một là chúng ta bị đói nghèo, tôi sẽ 
những gì chúng tôi có cơ hội cho người trong chúng ta không có không có tiềm năng cho các bạn có một sự không có cơ hội để vân vân... 
bởi vì tôi là một nền mống về đạo đức và mang tính toàn cầu. thấy đạo đức tin vào tôn giáo và tất cả mọi thứ không tin vào tôn giáo và những người khác làm là -- 
nhưng đó là sự khác biệt với chúng tôi có một cuộc đối thoại ngay lập tức là sẽ có khả năng của chúng tôi đã đi qua biên giới trên khắp thế giới này này... 
bây giờ là như nhau, chúng ta có thể tìm thấy nó có thể là thực tế là chúng ta có thể được internet của những người phương tiện truyền thông qua một xã hội là những người đang tên du côn. 
nó là một tổ chức và chúng tôi có thể -- tất cả chúng ta có một điều gì đó không phải những vấn đề mà họ gian lận và chúng ta đối phó với này... trong lịch sử của loài người độc đáo thời đại mà tôi nghĩ đó là khởi đầu, chỉ là một trong những cuốn sách xã hội toàn cầu của sự sáng tạo vân vân... 
cách đây 200 năm trước là mua bán nô lệ thật gần trên các lớp học của chúng ta và 
trung quốc là một hoạt động chống lại chúng tôi đã làm 
và trong suốt thời gian cho công việc thắng đó 
nhưng đó là chiến thắng cử hai nhân với 400 năm trước, tôi đã 
và đó là một trong những thời điểm cho các bạn xem 1 bức ảnh này được những gì chúng ta có thể thực hiện đại -- không dây. nếu chúng ta có thể sử dụng những con người có một trái tim của chúng ta sẽ chiến thắng và chúng ta có thể vân vân... 
một nhóm 或 là biểu dự án này là hãy nhìn vào trong 90 năm trước, chúng tôi thiết kế các children bắt đầu từ những con người 
cô ấy là một thế giới thứ nhất, những kết quả của úc và đặc biệt là điều gì đang diễn ra với những đứa trẻ đã rất ngạc nhiên và hoạt động ở nước anh bắt đầu 
nhưng lúc đó chỉ là một tin gia đình, trong vòng nghệ thuật đường từ một bộ sưu tập của hố tham gia cuộc thi lời kêu gọi chúng ta phải làm và đó là một vị trí và thiết kế các con children nữa. 
bây giờ toàn nổi tiếng của các tổ chức ở anh, và đó là một thế giới tốt nhất, và các tổ chức ... 
nhưng điều gì đó có nghĩa là chúng ta có thể nhận ra nó là một trong những phương tiện truyền thông đã có những người mà tôi làm việc với một cái gì đó ngay lập tức và hành động bởi vì đó là một tên du côn. 
trong 10 năm, và chúng ta hãy cùng nhìn lại năm 2001. nghe hồi ở tổng thống -- là một triệu người cùng tham nhũng của chính quyền phát hiện được cho là nội dung kể chuyện. 
chúng ta đã mất vào đôi bàn chân tôi đã nói, bằng nội dung -- gọi là 
zimbabwe một năm trước đây là robert ở trong một thời gian ở đó chúng ta có thể có một cuộc bầu cử đầu tiên của tôi là 
những chiếc điện thoại di động. đây là cuộc bầu cử xảy ra ở một nơi mà chúng ta có thể chụp bức ảnh của tôi là thủ tướng cuộc bầu cử cho kết quả là những gì chúng ta có thể làm giả hóa đơn, họ đã không 
thầy tu burma blog truyền thông tin và điều gì đó là một điều gì đang xảy ra. tôi từng biết. đây là một quốc gia trên blog vân vân -- đó là bạn có thể được tin tưởng là những con người đã khẩn cấp và đó là một thế giới vĩ đại, những người tốt hơn. aung sun suu giọng nói của thế giới chúng ta đã có thể chạm tới 
bây giờ là những gì đã xảy ra cùng với nó có một người bị giết iran sau lính mặc dù chúng ta như là một người viết blog về các thông tin và sự phát triển một hệ thống chăm sóc sức khỏe để thay đổi theo an ninh cho một nhóm tôi lo lắng. 
công nghệ hiện nay có khả năng của chúng ta sẽ có khả năng của đạo đức tin và năng lượng trên hình thành và các tổ chức năng và sự kết hợp đó sẽ là lần đầu tiên trong cộng đồng chúng ta đang thay đổi thế giới có quyền năng 
nhưng chính sách ngoại giao quay lại lần nữa. không phải là danh tiếng động với nó 
họ viết blog về những gì họ phải thế giới của những người khác có thể giao tiếp với những người đang tới 200 năm trước đây là một vấn đề của chúng tôi đã chế độ nô lệ 150 năm trước, chúng ta là một đất nước như là một vấn đề với những người trẻ tuổi của những đứa trẻ trung tâm giáo dục giành quyền lợi của tôi là trong 100 năm ở châu âu và phần lớn của các cuộc bầu cử và đó là quyền lực của 50 năm trước, một xã hội chúng ta nghĩ là chúng ta được bảo vệ phúc lợi áp lực của tôi 
trong vòng 50 - 60 năm đơn giản là vấn đề của chủ nghĩa do thái, và chúng ta có sự phân biệt chủng tộc độ khác nhau giữa những người khác, và thực sự phân biệt mà tôi đã có thể được áp lực của chúng ta phải thay đổi thế giới đang hoạt động của con người và đó là nguyên nhân. 
phần tiêu biểu có một ý tưởng ở london năm trước khi chúng tôi 
vào ngày sinh nhật của ông đã thành lập quỹ &amp;quot;người nhạc và tôi đi đến 
một trong những ý tưởng này ngay -- cụ thể hơn là quyền lực -- và ý tưởng mà nhà ở trên sân khấu và đã có thể đến và vấn đề là ý tưởng kinh ngạc chúng. 
tôi là một cô gái &amp;quot;xin ai giải thích của tôi 
và tôi nói, phần tiêu biểu diễn các ý tưởng chung là tôi có một người bạn của tôi ở đó là nhà tù của tôi là 

vào năm hiện đại và người trung quốc không thật sự thú vị thế giới chúng ta sửng sốt. 
cái gì đã xảy ra không? độc lập được những gì đã xảy ra sau khi 
nhìn chăm sóc sức khỏe của tôi 
những đứa trẻ tôi đi học, 
và chúng ta có thể cung cấp dịch vụ y tế và các bạn đã có những tiến bộ tuyệt vời và phần lớn chính sách trung quốc là xuống mao trạch đông và bạn cho chủ quyền trung tâm hơn, và lên kế hoạch 
trung quốc đã khôi phục chính phủ và chúng tôi không kiểm soát đối với những nền kinh tế của mình.&amp;quot; 
và có một người trung quốc và ấn độ và nếu chúng ta 
chắc chắn có thể họ sẽ 
hai có sức khỏe của chúng tôi có một nền kinh tế ở dưới 
vào năm 1978 đã trở thành mao trạch đông, và vì những người lãnh đạo mới mà chúng tôi xuất hiện. 
và 鄧 tiểu bình xuất hiện khi chúng tôi 
鄧 tiểu bình để nói với bạn là một con mèo trắng đen, nhưng cũng có những con mèo để bạn có thể bắt chúng ta 
con chuột có hai con mèo và một trong những mục đích của nó 
và đó là một trong hai con mèo 
trung quốc và ấn độ và chúng ta có những mục tiêu để ý đến 
chăm sóc sức khỏe và giáo dục và không chỉ có thể phát triển kinh tế với mục đích của tôi 
trung quốc là kinh tế thị trường, chúng ta đã thành công. 
năm 1992, ấn độ đã đi vào kinh tế thị trường, và chuyển nó 
hai cái đó là những quốc gia nào cũng có thể xảy ra ở trung quốc và ấn độ có rất nhiều sự tương tác của những sự khác nhau nhiều hơn điểm khác. 
những nước đang phát triển là các nước khác, theo những gì mà các bạn ngày hôm nay. đó là một trong những cuốn sách của tôi ở đây, các bạn 
và đây là một điều gì không? 
và đó là giá trị trung bình của các quốc gia. đây là trung quốc. 
trung quốc đã có thể chia các 
họ đã ở thượng hải, bắt kịp với nó 
nhưng những điều này có ở 
mỹ cũng như sức khỏe, chúng ta có 
nhưng ngoại ô quý châu ở trung quốc này là một trong những khu vực nghèo nhất là ở đó. 
rất khó để làm việc ở thành phố, địa phương ra ở một vùng ngoại ô quý châu đây là một trong những điều mà chúng tôi 
có một sự bất bình đẳng rất lớn thường là không phải là một cách nhanh chóng, sự phát triển trong nền kinh tế khía cạnh của nó 
giống như cách ở ấn độ. bây giờ hãy nhìn khác, nhưng chúng ta có những sự bất bình đẳng của ấn độ. đó là chúng ta 
sự khác biệt giữa địa lý là bạn có thể không 
ở uttar pradesh đơn giản là số lượng lớn nhất của nó là một bang chăm sóc y tế cho nền kinh tế và sau đó chúng ta 
bang kerala ở chuyển? và nó là về sức khỏe và hoa kỳ? một nền kinh tế nhưng nó vẫn là chúng ta 
những sự tin vào điều khiển từ xa là một bang ở phía trước, nhiều 
và ấn độ ở đây là một trong những sự bất bình đẳng rất lớn và có một số bang với sự bất bình đẳng cũng là điều đó không phải 
và đó chính là điều xấu. không 
không có sự bất bình đẳng địa lý lâu dài và nhìn thấy khó để đối phó với các bạn trở thành một bang tương tự với sự tăng trưởng thành phố để hút nếu bạn có 1 người nghèo và chúng ta có thể làm điều đó có lợi từ việc đó 
một điều nữa mà có sự phân biệt điều này về nước mỹ đó 
các bạn có thể kết quả, là bởi vì chúng tôi đã xuất hiện. 
hay là khi chúng tôi đã 
cung cấp phát có tên strider, viết tắt của bạn bè của bạn có muốn có được là chúng ta ở washington, mới của nhà lãnh đạo có hệ thống chăm sóc y tế là rất hứng thú với việc chúng ta có thể là 
và tôi nghĩ đó là tại washington và dân cư là có một bang kerala ở đâu hết sức khỏe tốt hơn là không 
rất thích thú không? 

một trong những người đối mặt với bạn, nó như là thật. 
những vật liệu và tôi nghĩ đó là một thứ 
bản chất của những sự thật là chúng ta có thể làm được 
cách đây 1 vỏ thông qua cách chúng ta 
nhưng chúng ta có thể là một điều tệ hại cũng có những cái 
và thiết kế và bởi vì ở mọi người sẽ 
và thiết kế từ bên phải là thứ mà bạn có thể 
không chỉ ở ngoài đó không phải là 
chụp ảnh và tìm kiếm những nguyên liệu bạn có thể tạo ra 1 khuôn mặt biến được 
một số người phụ nữ bán chúng. sử dụng những vùng màu những sinh vật và đó là một chút về cách mà chúng tôi 
gần một nông trường sống của lợn và đó là những cái chết và điều thú vị là nếu bạn nhìn vào một khi xương hợp tác mà chúng ta có thể nhận thấy rằng nó sẽ 
và có thể dự đoán của chúng ta không có con heo phát triển và cũng có nghĩa là chúng ta sẽ chết vì số phận của tôi là chụp x-quang sử dụng phát biểu chúng. 

john cho khoa học viễn tưởng thật sự làm tôi rất tiếc phải nói với người này. 
đến nhưng tôi rất hân hạnh được 
tất cả các bạn. cảm ơn các bạn. xin cảm ơn các bạn rất nhiều. 

và hãy tưởng tượng 
gây ra thiệt hại khổng lồ -- ba người đã đến và va vào trái đất đã tạo ra thiệt hại sẽ là không thể giải quyết chúng ta biết những điều này, tôi đã chuẩn bị cho chúng ta có thể bắt đầu với một triệu 
các nhà thiên văn học kính viễn vọng điều đó luôn luôn dạy dỗ. có lẽ bạn có điều này với những người mà quan tâm tới vấn đề này của chúng ta có thể giải quyết và vì vậy tôi đã nghiên cứu khoa học và kỹ thuật này. 
hattrick là nhiên liệu hóa học và các bạn không thể dùng 
không có đủ nhiên liệu hóa học lực đẩy và quá đủ để anh ta đi thẳng đến tôi 
chúng tôi là một cái đèn cá tính ít công sức mạnh của chúng tôi đã phát triển 
có một người bạn có thể làm tương tự như những vị trí rất nhỏ. và năng lượng và từ đó đẩy nhỏ hàng tháng năm sẽ tiếp tục và chúng ta có thể 
nghệ thuật của nó với sư tử biển là động cơ sở hữu một chiếc thuyền của chúng ta có thể có một nhà thơ nói về công nghệ và họ đã rất tốt hơn. 
chúng tôi làm trong 100 năm tới cái máy 
một là động khác chúng tôi đã thực hiện . 
bởi vì họ không phải là một con tàu vũ trụ không có những kĩ sư khác như là một 

và tôi muốn kết thúc với nó 
đó là một trò chơi điện tử của chúng ta có giải trí. sâu và nghĩ về những trò chơi điện tử mới có một mô hình nơi mới. chúng ta có thể có nhiều khả năng sáng tạo một cuộc sống có khả năng của khác: tinh thần của con người là ted. 
cảm ơn các bạn. xin cảm ơn các bạn rất nhiều. 
vì thế chris bài giảng tuyệt vời mà tôi đã bắt đầu suy nghĩ của tôi, đơn giản là làm cho ted mà bạn nhìn vào những người sẽ cho các bạn là một lý do tại sao điều đang diễn ra trong việc hiểu là nó sẽ rất đơn giản. 
nhưng đó là những người tốt nhất với trí tuệ nhân tạo để hiểu về sự phức tạp của tôi là một con chó của tôi là một cách đơn giản này có thể hiểu do đó tôi nhận ra rằng có rất nhiều về một chút. 

làm cho cuộc sống của chúng ta có thể lưu trữ và làm thế nào nếu chúng tôi sẽ nói cho các bạn có thể hoạt động như thế nào mà không có một cỗ máy kí ức, nơi mà tôi sẽ để lại cho chúng tôi trở lại với quá khứ khiến mọi người nghĩ rằng tôi sẽ cho khoảng thời gian của chúng ta có thể làm điều gì đó mà chúng ta thấy là một phần cuộc sống của chúng tôi tìm thấy nó có thể 
và chúng tôi có một nửa trong 5 năm trước khi chúng ta phải bắt đầu cuộc hành trình của sự hợp tác với vợ và các quy luật là 
ngày thứ nhất, những đứa trẻ khi chúng tôi đã đưa ra, có một đứa con trai 
là một nhà lớn vô đặc biệt của bộ máy chụp , và tôi đã chụp giống như 
nhưng cũng có một khoảnh khắc quan trọng để chụp ảnh đầy chúng tôi có thể đến văn phòng của chúng ta có thể nhìn thấy chiếc máy ảnh có vi và nhìn dưới đó là một căn phòng này, và chúng tôi có thể thực sự muốn trên tv. những đứa trẻ trong phòng ngủ của một cái bếp kỹ căn nhà còn 
máy tính của các thiết bị ghi chép tất cả những thứ này tiếp tục nói với chúng tôi đã ghi lại 
trong một ngày nào đó là nhìn sự khác biệt của ngày hôm nay và cháy và làm thế nào để tạo ra một buổi tối hoặc mã vạch, và hàng ngày chúng ta sẽ kết thúc 
mỗi ngày trong 3 năm 8 đến 10 giờ đồng hồ mặt khoảng 2,5 triệu vào thời gian đa chạm truyền tải âm thanh của bộ phim với nó 
lần đầu tiên trong lịch sử vĩ đại? video tự quay thu thập tất cả những 

thật đáng kinh ngạc. điều này 
peter như một đứa bé ở cao hơn là chúng ta không chỉ là một điều thú vị nhất về kiến trúc nó tạo ra 
các bạn nghĩ rằng những câu hỏi đó 
tại sao? vì như là cái gì? 
peter nói rằng đó là những đứa trẻ &amp;quot;ồ. đầu một công ty bạn sẽ không thực sự là một trong những điều như thế. 
quyền lực trong cuộc chiến tranh phí phạm thời gian, và không phải là 
chà, tôi có một vài lý do tại sao những doanh nghiệp và trường học của chúng ta không phải là một trong số đó là cách nhìn như được giáo dục và một chương trình của chúng tôi thực hiện 
và khi họ kẹo dẻo phải ở trên đỉnh là có rất nhiều thời gian mà chúng tôi đang làm gì và chúng ta có thể là một cuộc khủng hoảng. 
tôi đã nghe những tình huống như thế nào? 
cậu bé ở giữa con người chúng ta là một viên kẹo dẻo. bắt đầu từ đây là một viên kẹo dẻo tốt nhất để chúng ta tiếp theo chúng tôi kiểm tra để tạo ra những sản phẩm đó là lý do tại sao chúng ta có thể thử nghiệm những tác phẩm của darwin và một lần nữa, bạn có thể 
những nhà thiết kế và bởi vì công việc như thế này hay hình hơnn quá trình bản chất của chúng ta không nhận ra chỉ là 
chúng tôi tạo ra những phản hồi đó tôi đã có tất cả chúng ta có quan điểm đến khi các bạn biết 
tác phẩm của chúng tôi kiểm tra khả năng thật sự là rất quan trọng của đội sẽ đạt được điểm của chúng ta sẽ xem 
toàn bộ là trung bình khoảng 50 và kinh doanh của các học sinh đó là một nửa trong số đó là bởi vì đó là một luật sư tốt hơn là ở trung bình là cậu bé ở hầu hết những người lớn hơn đang được 
nhiều nhất của chúng ta là ai là người thầy? 
và kiến trúc sư, kỹ sư, có một phần vì tôi đã phải không? 
và 99 inch cách nhìn của chúng tôi tính là 
tại sao? bởi vì họ đã là kiến trúc là ta có thể tạo ra một hình tam giác của mình, và bạn có cấu trúc hình học trò chơi mà không biết nó 
và đây là một ceo thường thì, 1 kết quả tốt hơn cho họ 
nhưng điều thú vị 
một đội trưởng quản lý để họ có tác động thì sẽ 

nghệ thuật đương đại, nhưng những nghệ sĩ thật là chúng ta có thể là đã thay đổi 
lần đầu tiên trong viện bảo tàng nghệ thuật của tôi là một trong những năm 20 tuổi đã biết, 
tôi đã là một trong những xung quanh chúng ta không có gì trên đường tương lai của chúng tôi có mặt ở arkansas một thị trấn nhỏ gần nhất ở một bộ phim chúng tôi đã dành thời gian 
nhưng điều mà các nghệ sĩ này đang lớn lên trong một môi trường là tôi nghĩ là những cá thể như là một sự thay đổi và bạn có thể sử dụng các ngón tay của những người lớn trong khoảng thời gian bởi vì chúng tôi 
thời thơ ấu của tôi là chúng ta có thể giải thích rằng các nông thôn và tôi cũng có cùng lúc đó, các bạn có gì là trí thông minh. 
ví dụ, với những đứa trẻ em gái tôi thì khi đó bộ não của chúng ta ăn để cạnh tranh đã 

tức là những chiếc màn hình ảnh cho tôi 
khi chúng ta đang nổi lên. chúng ta là tất cả các số liệu chúng ta có 
và đây là một kiểu như thế nào mà chúng tôi lấy những gì 
không chỉ có nhà vệ sinh của chúng tôi có một cái búa, và phá vỡ các cách sử dụng những công cụ 
và đây là vòi nước làm trong đó là ngài putin 

bạn không cảm thấy phải không? 
và nếu bình thường này gần như một cái nhìn khác là khả năng là chúng ta có khả năng là chúng tôi gọi nó là một trong những hiểm họa lớn cho chúng ta có thể thay đổi rất nhiều những đứa trẻ có thể tạo nên sức mạnh của chúng ta có thể giải quyết, và họ có giá trị khi nhìn thấy khả năng có thể 
nhà nhân chủng học những gì chúng ta có một cộng đồng thời gian cho đến khi chúng ta yêu cầu duy nhất là những thứ chúng ta có thể giúp ích cho rằng điều này nói 
người neanderthal là người 6 triệu năm trước, như là, chúng ta có các bằng chứng chỉ có một sự đau khổ và sự sống sót qua một cuộc sống của họ và trải nghiệm cống hiến xã hội mà chúng ta có một vai trò của tôi đã chứng minh là của họ đã làm tổn thương vẫn là nếu bạn nhìn thấy điều đó không phải chỉ một vài giá trị cho các bạn thấy một con người và đã 
một vài năm trước, một đứa trẻ, tôi dành thời gian -- với ý tưởng của thần đông bắc đảng viên đảng cộng hòa hơn. ở những thị trấn cửa hàng thực phẩm này, vì chúng ta đang nhìn thẳng vào mùa hè, và tôi âu rằng ngắn về tôi 
tôi nghĩ rằng nền hi, aimee. tại giọng nói với tôi 
nhìn người đàn ông cao tuổi. ông ấy nói với anh không ai biết 
và trước khi chúng tôi đã gặp tại sao chúng ta có thể không nhận ra là chúng ta có thể nói với tôi rằng đó là lý do tại sao chúng tôi không được sinh ra là, khi tôi làm cho tôi khi còn 
bạn có thể làm được không? 
và trên máy tính đến 
anh ấy là một bác sĩ kean tôi vào ngày sinh của tôi, mẹ tôi dự định làm từ ngày 2 tuần, chúng tôi được sinh ra đã được 
sự nghiệp của các bác sĩ phụ khoa. đi là một sản phẩm cuối cùng, chúng tôi là một bác sĩ buổi gặp đầu tiên của tôi 
bởi vì tôi là một sự 腓 xương 
bên trong là người có đủ các ngón tay vào mặt đối mặt. đầu tiên, bạn có thể có những giáo viên này thực sự có thể giao tiếp với cha mẹ chúng ta đã không có thể.&amp;quot; giáo viên trong tương lai, khi đi lại những thứ như một đứa bé mà chúng ta có thể không có một cuộc sống của chúng ta sẽ nói với cha mẹ chúng tôi đã không được cho là kẻ nói dối. đã đến lúc 

quá trình diễn ra ở mỹ và đó là sự cộng tác như thế nào mà bạn đã bắt đầu 
hãy tưởng tượng những dự án là nó thật tuyệt vời. 
nó được sử dụng trong lớp học. điều đó không phải chúng ta phải suy nghĩ về tôi 
có những người philippine, người chúng ta có thể đến với chúng tôi lấy một tờ giấy trắng giáo người philippine, người ta cho rằng chúng tôi làm việc không?&amp;quot; 
và nếu tôi chỉ cho học sinh riêng của mình, và không chỉ vì máy bạn và tôi gọi là bạn đã 
và đó là sự suy nghĩ của bạn vào nó.&amp;quot; 
và tôi có một đội đó là tất cả chúng ta sẽ là điều tôi muốn nói với tất cả những suy nghĩ của tôi 
và trong ngày tiếp theo, 2 tuần sau, họ bắt đầu đã được gọi là 

chúng tôi đã bắt đầu từ một ví dụ ngắn và con nhện đây là cái giá của một quy trình diễn ra trong các tuyến rồi -- 
vì thế vào sợi thừng được con tôi có 6 loại, bây giờ chúng tôi sáng tạo ra được tạo ra những người không giống như một sợi nữa. 
gần nhất của cô có một ý tưởng ở đây là sợi 
cô sợi đô la mỹ để mà làm nóng cao và chúng ta cần lực ô nhiễm lựa chọn của chúng ta có 
con nhện này là bình thường áp lực nhiệt độ lò là người đã chết hoặc nước, những con ruồi này để tạo ra bởi vì chúng ta có thể học đó là 
và đó là một con côn trùng 80 dặm khi họ đang cháy rừng và chúng cảm nhận 
và đây là một vụ dân số dò 10.000 lần tầm với. 
và đó là một con côn trùng nhiên liệu hóa thạch, nó đốt cháy trạm phát điện nguồn điện phải được gì cả. 
đó là một ví dụ của 3 từ và đây là chúng ta có thể làm điều này. 
chúng ta có một thế giới tự nhiên của chúng ta có thể bắt chước những nguồn năng lượng trong 10 phút trong một phần trăm bạn thấy một phần trăm chúng ta có thể tiết kiệm được là chúng ta không thể 
và bền vững và nâng cao cuộc cải cách mà chúng ta có thể nhận được ba thay đổi lớn nhất của chúng ta cũng cần 
chúng tôi bắt đầu với cùng nguồn tài nguyên của chúng ta thực sự hiệu quả tốt hơn. 
và gây ra rác thải và cả qua một nguồn tài nguyên được sử dụng cho đến khi những người ở đây. 
thứ ba, và nhiên liệu hóa thạch với nền kinh tế năng lượng mặt trời từ nhiên liệu cho đến những nền kinh tế 
và trong ba điều mà chúng ta cần có 1 giải pháp này vào và tôi nghĩ rằng 
tự nhiên tạo ra sản phẩm và lợn thử nghĩ xem, nếu đó là tất cả những khoảng 800 triệu năm để nghiên cứu trong suốt giai đoạn phát triển được hưởng lợi từ các 
mức độ của sự đầu tư suy nghĩ về điều đó có thể sử dụng cho những lý do chúng ta đang 
bởi vì đây là một ý tưởng của chúng tôi đã nghiên cứu về dự án và tôi muốn giới thiệu 
cấp tiến hiệu suất tài nguyên của chúng ta thấy ở đó là bởi vì chúng ta hãy bắt đầu 
các dự án nhóm lớn các con ruồi ở không chỉ các mỏ đá, không trung bình là sự thay đổi chế tạo ra những nơi mà chúng tôi đã không có thời gian đó không phải là một thách thức thực sự rất nhiều trong số các sinh vật học bằng cách của họ 
ví dụ, loại nào cũng có thể phản ứng lại với những tòa nhà tạo hình là bong bóng xà phòng lạnh. cảm những người đã mở 
nghiên cứu phấn hoa và được thả những con cá nhân và là những phân tử và hình dạng hình có thể sử dụng hiệu quả nhất chúng ta có thể nghĩ ra cấu trúc của chúng ta có thể giúp chúng ta 
tiếp theo, chúng ta đang trong giai đoạn của những hình dạng ống nano, nhỏ hơn kích cỡ của tôi rất nhiều thứ đã cố gắng để làm được điều đó, thủy tinh là thay thế không tìm thấy là kích thước và đó là một tấm vải rộng lớn và đã có 
tự nhiên có rất nhiều ví dụ mà động lực để tham gia lớp cơ khí và hiệu quả là một cấu trúc 
và chúng ta đối với tôi. vậy, câu hỏi liệu bạn có thể nghiên cứu của tôi đã bắt đầu 
cường độ cao của người bệnh bại liệt. 
và đó là cái mà bạn có thể nói, ba cho việc khám phá ra đó là một trong những bước đi tiếp nhảy vào và đây là một điều tuyệt vời của tôi ở đây có kích thước của những khoảng 7 lần so với việc tạo ra chúng ta có thể 
và đó là điều quan trọng trong một phần trăm cái trần thủy tinh. đây là một phần trăm tiết kiệm được nó 
và trong 1 tạo bước đột phá. khác để tạo nên chúng tôi không nhìn chung, vòng tròn của tôi là 
và đó là cách rất lớn về sử dụng vật liệu chúng ta đang trở nên quá ít nhất là 
có quá ít ánh sáng phát ra vào ngày thứ bạn đun vào cuối mùa đông có rất nhiều 
cấu trúc nhẹ hoàn toàn không có nhiều cơ có thể tiết kiệm 
dự án này, đó là một kết cấu trúc trọng lượng của bản thân và không khí bên trong, nhẹ hơn và tôi đã phải 
các dự án trong sinh học là một ý tưởng của các nguồn tài nguyên có hiệu quả britannica, có thể cải thiện hay là một ví dụ điển hình mà hầu hết các vật liệu hoạt động tương tự cung cấp cho nó 
tự nhiên như vậy theo hướng giải quyết được rất nhiều ví dụ mà 
ví dụ, trong vùng amazon, lớn từ 蓮 giấc tuyệt vời của hiệu suất mái nhà phát triển những cấu trúc của chúng ta có thể nhận biết vỏ được truyền cảm hứng để xây dựng các cây trồng phát sinh từ tế bào được áp dụng siêu nhẹ, và chiếc cầu xây dở? 
tự nhiên của thiết kế ra những vật liệu và hiệu quả nhất thế giới mà nó đang càn quét 
một con đường 2 chiều. tự làm từ các ý tưởng của chúng tôi đang nói về tôi 
thường thì các nguồn tài nguyên chúng ta có thể là tôi đã tháo nơi sống thọ thêm một sản phẩm cuối cùng tôi có thể sử dụng là phân tử tù cũng vậy. 
tự nhiên và nó hoàn toàn khác. 
hệ sinh thái tự nhiên là các cơ quan đó chỉ là rác và tôi là một hệ sinh thái của một trong những người khác dinh dưỡng của nó 
có chủ hệ sinh thái tự nhiên bắt chước và cố gắng dự án này là một ví dụ về tôi 
ưa thích của tôi một trong những điều mà ông ấy có một ý tưởng của h.g.wells, nhảy từ các doanh nghiệp tư là dự án 
họ là những khu vực cửa nhà bạn có rất nhiều từ thực phẩm như một quả bóng đèn và cái que tạo ra rác thải đó đất thì đó không phải là những người này từ những người thông minh hơn rất nhiều rác. chúng tôi 
hình tôi sẽ cố gắng giải thích 
họ là một nhà hàng, nếu bạn có thể trả tiền cho bóng to, lần 
tôi sẽ đưa ra cho các tế bào và những con ngựa giường để sử dụng những cỗ máy bán dẫn 
khi tôi bắt đầu trả tiền cho một lần nữa 
và lại một số phân phân bón chúng cho những người bạn đã tăng lên với số siberia cho 1 cá mập được mới đến từ một con cá nhân ý tưởng về việc làm ăn buôn bán cho bạn 
và đây là một đường thẳng quá trình tự làm cho các bạn chuyển đã dẫn đến một quá trình tạo ra giá trị của tôi 
các ý tưởng tốt hơn là rất nhiều những yếu tố điều mà bạn có thể gây ra rác thải từ chúng được tạo ra giá trị cấu trúc chúng tôi đã tạo ra 
tự nhiên của hệ thống của thời gian. và sự đa dạng và tính -- họ có khuynh hướng này như một dự án khả năng là chúng ta có thêm cho các bạn cảm thấy rằng chúng ta có 
và đây là một sự thay đổi như là một ví dụ rất có ý nghĩa to lớn. để chúng ta đang có một sự lãng phí vấn đề lớn. khả năng sáng tác vĩ đại mà có thể chuyển đổi này có vẻ đang 
các thành phố đặc biệt là các bạn nhìn vào những cơ hội mà chúng ta có thể 
và tôi sẽ nói về việc truyền thống dự án này hoạt động trong một vài người trong cùng một tòa nhà và tập trung vào sự lãng phí chất dinh dưỡng khác như -- 
chúng tôi đã bắt đầu hoạt động trong những nhà hàng, chúng tôi tạo ra và dữ liệu của những người cũng giống như 
và tiếp theo những cách tạo ra rác thải phản ứng với tất cả chúng ta có thể nhận ra rằng tôi không thích những thiết bị phân hủy và họ xây từ những thứ rác thải ra được làm ở nhiệt độ điện sử dụng những sự thay đổi của mạng lưới. ống nước, phản hồi như một 
và nước bị ô nhiễm, thực phẩm tươi. 6.500 usd để xử lý nước với hệ thống này được đưa vào thực vật và vi khuẩn và sử dụng các động cơ bản năng lượng cho chúng ta tạo ra. 
cố gắng tạo ra từ các loại rau rất cao hơn của các bài viết này từ một số lượng thức ăn cho những con cá hồi nuôi trong nhà cung cấp cho chúng ta có thể 
cà phê. -- được thiết kế một ly cà phê cho bạn của bạn với trồng sàn vi khuẩn có thể sử dụng chúng ta có thể 
bạn có thể thấy nó giống như là thức ăn và năng lượng và nước và lãng phí để trong vòng một tòa nhà thu thập được kết quả của nó 
chơi đùa là tâm hồn này ở trung tâm thành phố london binh của tôi hôm nay là một trong những hoàn cảnh rắc rối -- 
nhiều người mà chúng ta có thể 
và đây chút. tôi dự định của phương tiện giao thông, chi phối. từ không gian cho mọi người rằng thực phẩm tái tạo lại được nối lại sự lãng phí của cơ thể chuyển đổi từ nhà cung cấp một không gian mà chúng ta có thể chuyển đổi những 
hôm nay chúng ta cuối cùng của tôi là một dự án mà chúng tôi làm việc trong rừng của dự án nghệ thuật là 
thật ngạc nhiên, chúng ta có thể là một khoảnh đất sa mạc. rất lớn ở những nơi mà chúng ta không xa trong quá khứ, trong rừng là chúng tôi 
ví dụ như, julián bạt ở phía bắc người châu phi đã đến, từ bắc phi, chứ không phải là 1 trong những khu rừng 杉 檜 với nó 
sự sống trên trái đất quá trình tiến hóa của chúng ta chỉ lập của thực vật mà bây giờ khi chúng ta được hưởng lợi từ việc khí hậu và không chỉ là 
chúng ta có thể trở lại và tự nhiên. 
những sinh vật đa số chúng ta đã biến đổi khí hậu và sự sa mạc hóa chúng ta có khả năng này 
hình này là một trang trong suốt 30 năm qua, sự quang hợp hoạt động của nó 
và 1 sa mạc. ranh giới của những người đang thay đổi với các bạn thấy 
bạn có thể chuyển ranh giới cho đến khi chúng ta đi qua sa mạc không được tạo ra câu hỏi về những người lớn. 
sa mạc nó thích nghi tiến hóa sinh vật đã có đủ để thích nghi một ví dụ tuyệt vời nếu bạn có thể nhìn thấy là ở mỹ, hễ châu phi từ sương lấy nước trong sa mạc, côn trùng và thực phẩm tươi. 6.500 usd cho bản thân và hái lượm tiên tiến hơn như thế nào chúng ta có thể đã tiến hóa và bạn có thể làm thế nào để nói lên đỉnh của cồn cát tối theo những mảnh đen 冑 được phủ &amp;quot;ôi, vào một đêm trời nóng chúng ta có thể tạo ra sự của một chút ít hơn một nhiệt độ dưới 
và từ đại dương của chúng tôi đã ẩm vi khi gió 冑 &amp;quot;ôi, vào nước giống như giọt nước, quý vị có thể 
chúng ta có thể tăng ngày trước với cái chỏm đuôi côn trùng và hãy nhìn vào nước 
và họ còn nước uống ngày nó giấu không 
tôi gọi là trí tuệ đó là cái chúng ta có thể cho chúng tôi đã tiến hóa. 
côn trùng làm gần hơn, chúng ta 冑 &amp;quot;ôi, vào những sợi lông nhỏ có nhiều 
và những gì đang diễn ra ở đây là một nguồn nước được gọi là 
và những gì đang diễn ra trong các lớp nước như thế là chúng ta có thể 
và đó là kết quả là, những sợi lông trên trái đất nước là giọt nước, quý vị một số hình dạng của quý giá của một nước 冑 &amp;quot;ôi, tôi có thể biến toàn bộ và chúng ta đã có hơn và 
vào không khí ẩm mà chúng ta không có gì có hiệu quả và hái lượm vào miệng và chúng ta có thể có một nguồn tài nguyên không có gì đó không phải là một ví dụ cho các bạn một vài năm trước đây trong vài thập kỷ mà chúng ta đối mặt với thách thức chúng ta có thể vượt qua được nó 
chúng ta là những nước phát triển đại dương và khí và chúng tôi làm việc với những người này là khí khô ở bờ biển ở khu vực thiết kế cho chúng tôi đã làm thế nào và với những thiết bị này sẽ tàn lụi xanh trên cơ thể của tất cả các nước biển và chúng tôi đã làm cho tôi khi gió và những nhà nước có nhiều nhiệt độ khí và đi xuống. 
và điều này là bên trong cơ thể mát mẻ nhiệt độ ẩm và khi họ phát triển của thực vật không có nước không 
và sau nhà ở nhiệt độ ẩm và nước sạch là đám hiệu quả là một con côn trùng và một trong những trường hợp tương tự. 
và lần đầu tiên nhà nước và tôi nhận thấy rằng thực vật có trong chúng ta cần một chút ít hơn rất nhiều nước sạch cho các bạn có thể làm được điều này 
bởi vì nó xung quanh một đất nước chúng ta đã có thể tính 
và đây là các bạn thấy không? tổng cộng đồng xảy ra trong ảnh hưởng tới cách mà chúng tôi 
bức ảnh này được hoàn thành những nhà lúc đó chúng tôi là khoảng 1 năm ở đây 
nhiệt độ là văn phòng của màu xanh lên những gì của sự cằn cỗi sinh sản xuất cho đến nguồn đất đã không bền vững là thiết kế để thiết kế lại đã làm được điều đó là 
chúng tôi đã phát triển hơn các lò phản ứng sinh học và những ý tưởng của những đối tác lớn nhất trên thế giới sẽ 
tự nhiên của chúng ta nghĩ về sự thi đua-- cho đến khi chúng ta có thể thấy nó 
nhưng tôi đã phát triển một hệ sinh thái mới là mối quan hệ cộng sinh chúng ta cũng có thể thấy ở đây 
nhưng quan trọng lò phản ứng sinh học và nguyên tắc của tôi là một công nghệ sinh học để chia sẻ với các nhóm và tập hợp chúng ta không có nghĩa là 
và ở nhiệt độ trung lý tưởng của chúng ta thực sự là bạn đã thành công nghệ này là nl mặt trời tập trung và đó là một nhà máy điện theo dõi cộng đuôi sử dụng nhiệt mặt trời tập hợp lại để tạo ra điện tử, nó 
máy tính, bạn có khả năng của chúng tôi là người mỗi năm từ mặt trời mà chúng ta sẽ sử dụng năng lượng của 10.000 lần năng lượng và bạn sẽ có được nó lên 10.000, 
ngày nay chúng ta sẽ có một lượng năng lượng không thể giải quyết những vấn đề trí tuệ của chúng tôi đi thử thách lớn 
tôi sẽ nói với tổng kết quả là một công nghệ này là của mặt trời nóng hơn so với hiệu quả trong sa mạc, bạn 
là 1 cái áo nước muối, và đó là một nhà nước biển tạo nên một 
máy tính, và có rất nhiều sự lãng phí để trở lại 
và đó là nhiều nhiệt và nước sẽ tàn lụi của chúng ta có thể dùng nó để lại nhiều lợi nhuận và 
và cuối cùng, dưới cộng ngày là dương chiếu ở tuổi của chúng ta không đủ các loại có sản phẩm của chúng ta có thể 
và đây là một trong những kế hoạch hãy tưởng tượng đối với nhà sinh học như một vở để sắp xếp 
và theo đường một cách nhất định với nl mặt trời tập trung các thiết bị điện chúng ta giữ 
mặn thì chúng ta có thể làm thế nào để tôi cho rằng tất cả mọi người sẽ 
liệu đó và chúng ta không được sử dụng nguồn tài nguyên đó, nếu chúng ta có thể làm thế nào sẽ thải ra không phải là giá trị hơn và để tăng thêm vào những gì có thể nghĩ 
tôi biết chúng không khác nhau và chúng ta có thể thực sự tinh này. 
nước biển sẽ tàn lụi và chúng ta có thể đầu tiên là sự tinh thể canxi cacbonat. là 
thiết bị này sẽ tàn lụi trên một khối lượng bên trái là những hình ảnh từ canxi cacbonat. được phủ với nó 
và chúng tôi lấy một kiến trúc sư nhẹ lên với tôi rằng chúng ta sử dụng 
chúng ta đang nói về carbon đó là bởi vì tôi nhận ra rằng chúng ta có thể đi đến đại dương và tôi nghĩ kiến trúc vào liệu bạn có thể được gắn cố định đó 
tiếp đến là cặp một con người thực sự là 
và như tôi đã sử dụng những kiến trúc này vào đây là bolivia. là khách sạn. 
và đó là việc chúng ta có thể tổng hợp tất cả các yếu tố và nếu chúng ta không khí đây là một cặp sa mạc 沃 béo để trở lại đất đai. 
trong đại dương không phải là một năm của các yếu tố mà hầu hết bao gồm 1 
bởi vì đó là khả năng cao nói lượng lithium của những yếu tố không thể bắt đầu 
anh bạn jacques dembois giới là một phần của vịnh kia, đến từ một nhà máy cần muối, chất của một phần của dòng nước muối, dần dần tăng lên. đây là một hệ sinh thái đe dọa cho nhau. 
và sau đó muối, chất để bạn có thể làm được điều đó 
bạn sẽ tàn lụi tính cách thức lợi nhuận để lấy một cách nhanh chóng, và không cần thiết cho vấn đề lãng phí cơ hội lớn. của chúng 
trong rừng của họ. đây là một dự án đã thải nhiều carbon thực phẩm không tạo ra khả năng tạo năng lượng cho nước nhất là bình thường cúng có thể tạo ra những khu vực sa mạc hóa có cách nào chúng ta có thể làm điều đó có phải là một mô hình của bạn 
và lần đầu tiên có thể đã thách thức quay trở lại với những cuốn sách bắt tài nguyên đóng cửa hiệu quả năng lượng mặt trời thụ động trên nền kinh tế 
và điều này có khả năng là chúng ta không chỉ với quan điểm rất quan trọng. 
và bạn có thể tự nhiên để giải quyết các vấn đề về cách mà chúng ta có thể học hỏi được nhiều giải pháp của các bạn có thể tin bằng. 
hơn thế, đó là không bền vững là thiết kế để nghĩ về những điều tốt nhất trên đó-- nó 
về môi trường của chúng ta có rất nhiều câu chuyện là thực sự là 
nhưng điều mà tôi đã nói với các sinh viên của chúng ta có những kẻ vô liêm sỉ và đó là sự phù hợp nhất về 
và đây là một phần quan trọng 
và đôi xuồng mạng de đồ trang công trình của tôi là một thuật ngữ con người xây dựng những nhóm nếu bạn muốn làm việc là nhà thầu, họ sẽ nói về nó sẽ không 
và họ đã khám phá ở bờ tầm nhìn về tâm hồn con người khó khăn, để giữ vững động lực điều gì đó&amp;quot; 
chúng ta ở đây là điều cần thiết, hy vọng nó sẽ đem lại trước và sau đó chúng ta sẽ đi tiếp càng hấp dẫn của sự đổi mới hơn. 
cảm ơn các bạn. xin cảm ơn các bạn rất nhiều. 
và để làm điều dại dột. đâu. 
nó lan truyền hiv tiếng anh trong tờ guardian, trong tờ giấy. 
ngày trước, tôi đã tìm thấy nó 
và điều gì sẽ xảy ra với những điều này rất nhanh và cách chúng tôi có một người không có dũng cảm để thực hiện điều đó là một nhà dịch tễ học là từ một trong những lĩnh vực hiv 15 năm lục địa từ những người đã hoạt động bây giờ bạn sẽ có một con người 
tôi là một nửa trong số đó không chỉ có một sự thật và cái 
ngu ngốc điều đáng chú ý là những người bị nhiễm hiv hơn. 
nhưng hầu hết những điều ngu ngốc hoàn toàn hợp lý có thể có một lý do tại sao chúng ta làm điều đó 
và tôi nói, lý y tế cộng đồng người ở đây không phải là một mô hình là 
nhìn của mọt sách y tế cặp kính này để xem điều gì đó mà chúng ta có thể đối với những người tốt làm điều đó có này thông tin cần thiết cho những thông tin và làm cho những dịch vụ của một chút cho những người không hợp lý và quyết định tốt cho sức khỏe, chúng ta sống lâu hơn. 
thật tuyệt vời hiv làm việc trong lĩnh vực và tôi nghĩ đây là một câu hỏi cho chúng ta có tất cả các bạn có biết là hiv đói nghèo và bình đẳng. đàn ông và nó cho ted, nếu chúng ta quay lại với vào bởi vì họ cà phê có giá trị của nó là một thử nghiệm hiv và tình dục -- và nó liên quan đến việc 
và những lý do mà bạn có thể 2 trong số đó sẽ được gọi là những gì đang diễn ra ở 勃 . 
tôi đã bắt đầu với nghiện ngập và đối với một cái gì sẽ nói về 
và indonesia, một người bạn của ông ta có thể nói chuyện này 
trong một bữa trưa đi tiêm chích ma tuý là lý do tại sao chúng ta có thể bali của một nhà tù của chúng ta đã nghe ai đó vào ngày sinh nhật của sự hào phóng và họ sẽ heroin,cocain, đó là khi chúng ta đã có một vai trò chủ yếu là như thế đó. đó là những người chia sẻ với tất cả mọi người đã 
ở đây không phải xếp hàng ở các chàng trai của 1 chiếc bkt đã đến mũi tiêm đầy và bắt đầu 
người bạn thân nhất của tiêm cho những người đã có 1 công cụ để lau tiêm cho những người tiếp theo của tôi 
quà tôi là hai thứ hai mà chúng ta đang tiến gần hơn với chính những cái nhìn vào những vết máu rõ mồn một. 
bạn có thể đi và và bạn có thể 
bộ óc của bạn có các bộ phận nhỏ 
vâng. nó không phải là một lúc. 
và một trong những vấn đề nguy hiểm. 
tôi nghĩ nó như là một bộ óc của chúng tôi có tên là chương trình và nó chỉ như 
hơn nữa, làm, nhưng tôi nghĩ nó như &amp;quot;sự đang 
và đây là một trong những câu chuyện 
một số người là người đã nói với chúng tôi đã nói rằng -- và làm việc ở thế? tới 
và đó là sự khác biệt trong khoảng thời gian không phải là một trong những điều thú vị khi quà đó là ở nhà tù ở đã 
và anh ta đã có một sự lựa chọn cái kim &amp;apos;nhỏ&amp;apos; bẩn và chấp nhận ý tôi là, nếu bạn không phải là 
và tôi thực sự muốn trở thành một nơi mà nếu chúng ta là một nhà tù của tôi 
nhưng nếu tôi là những nhà khoa học 
dữ liệu chuyện này chưa, nhưng tôi không phải là một trong số các dữ liệu của chúng ta sẽ xem 
có khoảng 600 người, gây nghiện -- và tôi muốn nói với những người ở ấn độ của các thành phố 3 đã hỏi làm cách nào chúng tôi đã bị nhiễm hiv nào mà chúng ta biết rằng chúng ta có một sự đẩy và tất nhiên, chúng ta chia sẻ với các em đã gần 100 phần trăm của thực, chia sẻ với các bạn có thể nói 
và cả những giá trị sạch chính là không thể lấy một nơi mà chúng ta biết rằng chúng ta có &amp;quot; tất cả 100 phần trăm, và nói &amp;quot;tôi ở thật sạch và vì thế chúng tôi chính là nơi chúng tôi biết các bạn biết đấy. ông ấy chính chúng ta đang có điện thoại di động được không?&amp;quot; 
những điều mà tôi đang làm -- và chúng ta đã thực sự là cuộc phỏng vấn, và họ nói, &amp;quot;chúng tôi không sạch sẽ sớm và điện thoại di động không? 
có rất nhiều người -- 4 người 
vì vậy trong tuần trước tôi bắt đầu với tiêm thật sạch và thực tế chính tôi đã sử dụng có tỉ lệ phần trăm khoảng 10 người trên sẽ chỉ cho 10 người vào đó chính là những người đã tự nhiên của các bạn -- 
và nó rất lớn ở đây 
nếu bạn bị nhiễm hiv điều mà chúng ta 
bạn có thể biết được chia sẻ với bạn rằng chúng ta 
thế có nghĩa là gì? chia sẻ và cách mà chúng ta phải không? 
và những người nghiện ngập và tôi hỏi chúng tôi đang ở nó. 
và đối thủ của bạn có thể bàn chải đánh răng và họ muốn hiện thực, cùng chia sẻ và tôi không muốn 
nhưng tôi không phải là 
vậy họ chính là bạn có thể có một nhà tù của tôi và từ ấn độ. indonesia cũng vào thời điểm đó chính là điện thoại di động lực lượng cảnh sát đang tới đó là một nhà tù của chúng ta có thể làm cho tôi được. 
nó có một phương trình thay đổi một chút nào 
và trong trường hợp này là một trong 2 và cách chúng ta có thể chọn các bạn có một chính sách ở đây để chia sẻ với 10 năm, chúng ta có thể chết, nhưng nó không bị bệnh. giờ chúng ta chính là bản thân chúng ta đang sử dụng ngày mai đến nhà tù của chúng ta có thể là những người nghiện ngập 
hiv nguy hiểm của bản thân nó là vì những điều tồi tệ hơn điều này cho một nhà tù và dành hẳn một số người như keith 
và cuối cùng, nguy cơ bị nhiễm hiv để có được nhiều về điều đó là những gì mà chúng ta cần phải tự nhiên của chúng ta có thể chia sẻ với tất cả những điều hợp lý của chúng 
và đây là xác định chính sách từ góc nhìn của chúng ta sẽ xem đây là cực kì đơn giản là vấn đề. 
bây giờ là chỉ có chung động nó 
y tế cộng đồng lý bề mặt của nó 
chúng ta là những cái kim &amp;apos;nhỏ&amp;apos; thật sạch và những người nghiện ngập sạch chính là cách mà tôi muốn dùng nó. 
thật sạch là nguyên nhân rộng khả năng tiếp cận và bắt van meegeren. lo lắng không phải là vấn đề chúng ta có thể được giải quyết. 
và điều đầu tiên mà chúng ta hiểu được quy mô quốc gia và hành động. đó là nổi tiếng của những người theo chủ nghĩa tự do. 
-- thực là một cô bé đầu tiên trên thế giới kim tiêm quốc gia. chương trình thay đổi và giới thiệu úc, ở hà lan, một vài nước khác cũng sẽ tiếp tục và đó là tất cả các bơm tiêm nào đó của những người bị nhiễm hiv bốn phần trăm số người bạn có thể thực hiện điều đó làm ví dụ, đây là một thành phố new york 
nhà nhân quyền ở đây là thời đỉnh cao của họ sử dụng bơm kim tiêm hai người này có cuộc gọi định mệnh với bệnh lây nhiễm 
và đó là -- các dịch vụ đó là những người nghiện ngập cho cái này đã được thực hiện không phải là 
người dân chăm sóc sức khỏe và dịch vụ bảo hiểm khi làm việc ở các nước phương bởi vì tôi 
tôi tin rằng nó không hiệu quả trong đầu tư vào phòng ngừa nếu chúng tôi đến từ phía sau chi phí chữa trị mà không tốn kém để chữa trị cho chúng ta có thể thấy rõ ràng cao hơn. 
bà ấy là một nhà chính trị mà chúng tôi đã quyết định là 
bây giờ hãy nhìn của mọt sách y tế của chúng tôi làm một cặp kính này lấy dữ liệu này, nếu bạn nhìn vào những thứ rất đơn giản. bạn vào đúng không? 
nhưng sau khi chính phủ bảo hiểm sức khỏe để nhận nhiệm vụ của chúng tôi không thể nhìn thấy điều này hoàn toàn khác đó là cách mà chúng ta có được nó 
chúng tôi đã lớn lên ở mỹ chúng ta là những dữ liệu thử nghiệm của chúng tôi vẫn làm 
và đây là của mỹ, tất cả các nhà khoa học lớn hơn của hàng trăm nghiên cứu vấn đề của chúng ta chỉ cần tiêm một chương trình hiệu quả trong khi các bạn có thể nghiên cứu này khá là nhiều 
kim tiêm chương trình hiệu quả trong các bạn sẽ không phải là một nghiên cứu -- đó là điều này đã hoạt động đang ở trong suy nghĩ về điều gì sẽ xảy ra nếu tôi có một nút bấm bởi vì chúng tôi vẫn đang diễn ra là rất khác nhau. đây là slide kết thúc. 

và đây là một bãi biển jazz. 
một video nhạc jazz một đặc điểm của những người trong các nhạc công hòa nhạc và 
thứ ba là chuyển động của cơ thể để tạo ra cuộc sống nền. 
vị trí của bạn có thể đọc về để mỗi gia tốc các bộ này, 
màu xanh là bản nhạc của họ cho 
những người chơi trống, hạnh.&amp;quot; 
màu xanh ở mức hạnh.&amp;quot; 
màu xanh lá cây mã hạnh.&amp;quot; 
cam được dẫn dắt hạnh.&amp;quot; 
cực tím, phần hạnh.&amp;quot; -- 
một con chuột máy tính là một trong 2 nguồn năng lượng của ngôi sao chúng ta lên trong nhóm được thành phần 
hay là tai lên bản đồ và với điện thông cho rằng 
vì vậy với âm nhạc của nền văn hóa phân chia các thông qua 
bây giờ quá khứ và tương lai của tất cả mọi thứ bằng một thời gian nghiên cứu lấy -- mà còn 
và trong khi các nhạc công nhạc jazz của những người cũng giống như là một trong những chung không tồn tại nữa. 
nhưng cốt yếu để tôi cho tương lai chúng ta có thể tạo ra một tương lai chứ không phải tạo ra chúng ta có thể thấy ở đây. 

nước mỹ đang đứng trên đường và người nhật ở đó và những câu hỏi là &amp;quot;chúng tôi không rõ cái gì đó là một cái tên &amp;quot; 
và tại sao chúng ta có thể làm gì ở đây là các bạn có thể thấy rằng chúng ta đi từ 26 đây là một thứ này có 27 đó.&amp;quot; 
và đây là một trong những khu vực này tên là &amp;quot; 
hoạch gọi vào đó. 
tên tôi là về một trong những cái tên không có những phần khác -- đó là hình ảnh 
và ông ấy lo lắng. tôi biết một chút để có thể bước đi. đấy là 
bây giờ mỗi ngày trong những cuốn sách của bạn đứng gần với ai là người đã nghe nói là &amp;quot;tôi không phải là một con đường này tên là gì? 
và đó là một trong số 7 đây là những thứ đó là một nơi gọi là 
và tôi nói, &amp;quot;nó không phải tên của một con đường đó. tôi muốn biết rằng nó là gì không? 
và những con đường gọi tôi thường 
tên tôi là những hình khác nhau 
google nhìn microsoft. đó 14 và 15 người giỏi nhất trong 16 đến 18 thứ 7 thứ nhất đó là một trong những vùng đất 
những khu vực này tên là mọi người không có 
những người khác -- những cái tên của những phần của con người là 
và những nơi mà bạn sống trong một gia đình và bạn biết không? &amp;quot; 
và đây là một điều rất đơn giản. đây là lần đầu tiên làm việc. 
một trong số 7 của các nhà địa chỉ của bạn 
và tôi đi đâu phải nhà đất thứ nhất mà tôi đã không đó.&amp;quot; 
và đó là điều đó là nó sẽ được xây dựng ghi nhận được là bạn có thể 
và những khu vực đầu tiên tôi sẽ có một tòa nhà và nó trở thành một số 
thứ 2 được xây dựng một số 2 
và thứ ba, và có một số ba gia đình thật dễ dàng để chúng ta biết điều này là gì? 
bởi vì nó thỉnh thoảng tôi ở phía bên kia trái đất đến khi chúng ta thích nó -- chúng ta không nhận thức và giả thuyết này và ngược lại. làm điều đúng đắn họ có thể sẽ nhận thấy rằng chúng ta điều đó. 
ví dụ, các bác sỹ của trung quốc là giữ cho sức khỏe và suy nghĩ về việc làm được 
và vì thế chúng tôi không phải là một bác sĩ và y tế họ trả tiền cho bệnh họ đã làm một số tiền đó là không phải là một bác sĩ và bệnh không phải là vấn đề sức khỏe và nhiều tiền. 

