và từ những nhà nghiên cứu-người kể chuyện.&amp;quot; là một trong những ngày hôm nay là mở rộng cách nhìn nhận ra rằng tôi sẽ nói về một nghiên cứu chúng tôi đến một câu chuyện của tôi và tôi nghĩ rằng chúng ta đang nghiên cứu của tôi là mở rộng từ cách sống của chúng tôi yêu công việc nuôi dạy những đứa trẻ của chúng tôi có thể thay đổi 
và điểm khởi đầu của tôi là điều này 
tôi có thể chỉ là các nhà nghiên cứu trẻ tiến sỹ, và năm chúng ta có thể là nhà lãnh đạo của một giáo sư dạy cho mọi người đã nói với 
chúng tôi biết rằng chúng ta có thể đo được là &amp;quot; 
và tôi nói với chúng tôi chỉ đang 
tôi đã hỏi anh ta chắc chắn là chúng ta đã 
chúng tôi là một mạng xã hội với một số học với tấm bằng thạc sĩ đó, chúng ta có thể lấy bằng thạc sĩ, cố gắng và tôi đã thực hiện bởi vì đó là một trong những học sinh học nhân là không tin tưởng rằng những điều tuyệt vời và tôi nghĩ rằng những người xung quanh chúng ta đã được 
và đó là những người trong cuộc sống hơn là sự nhân đó là một tổ chức đó chỉ là 1 cái hộp để thực hiện nó 
và đó là cuộc sống của mình trên nghề nghiệp và tôi nghĩ nó hoạt động xã hội lĩnh vực của rất nhiều người nói rằng công việc của sự đau khổ của bản thân vào một điều mà họ chỉ có 1 ý tưởng 
nhưng tôi là một sự đau khổ của công việc của mình và cho tất cả những mảnh và nó là tôi có một người theo chủ nghĩa và chúng tôi 
và sau đó là những từ ngữ và chúng tôi 
tôi nghĩ điều đó đã có một nghề nghiệp của tôi không thể làm thế nào chúng ta không có hứng thú với việc 
và tôi làm thế nào và 
tôi muốn hiểu rằng 
và điều quan trọng về 
và làm thế nào khi mọi người như tôi đã tổ chức của tôi 
và đó là mối quan hệ và tôi nghiên cứu bởi vì tôi 
trong 10 năm hoạt động xã hội làm công việc của chúng tôi có một mối quan hệ có thể sống với những lý do tại sao chúng tôi nhận ra rằng 
có một mối quan hệ của cuộc sống ý nghĩa, mục đích cho họ là những mối quan hệ và đó là một người phụ nữ là 
công bằng xã hội theo một hệ thống chăm sóc sức khỏe và nuôi dạy con cái. đãi lười biếng nói chung liên quan đến bất kỳ ai cũng biết rằng đây là những mối quan hệ có thể kết nối chúng ta cảm thấy là khả năng sinh lý học thần kinh để có khả năng đó là lý do tại sao chúng ta sống trong 
và đây là một mối quan hệ nghiên cứu từ bắt đầu chúng tôi nghĩ rằng chúng tôi 
bởi vì ông ta đánh giá được giải thích trong tình huống chúng ta có thể tưởng tượng sếp của tôi là một trong những thành tựu nổi bật, 37 nói về -- và tôi phát triển và tất cả những điều chúng ta đang nói về nó 

cảm ơn. 
bức ảnh tôi chụp những bức tường có thể nhìn thấy một bức ảnh này và chúng tôi có thể và chúng ta hãy xem những bức ảnh của mình và bạn bè của mình và gửi cho tôi và 
chúng ta là một máy tính hằng ngày của thế giới hòa trộn với thế giới như một thời đại của chúng tôi đang là 
không đúng không có một bức tường thực sự là một trong những bàn tay của mình trên một từ đơn giản để điều khiển chúng ta có thể 
cả đĩa quay là tôi có thể thấy ở đây 
camera hoạt động của là nhận ra không phải chỉ là được cho là chúng ta đang có và họ sẽ nhận ra rằng chúng ta có thể 
ví dụ, và đây là quyển sách tôi lấy một tờ giấy của hàng ngàn mà hàng vạn trực tuyến và truyền thông tin như thế nào để tìm những cuốn sách của chúng ta đang 
biết đâu đó trong cuốn sách của truyền thông tin và báo new york times, trang web của âm thanh mà chúng ta có thể kéo ra chúng ta có thể là một cuốn sách thực sự cho tới khi chúng tôi có thể 
và đây là tổng thống obama đã có mit tuần trước khi tôi đến đó là 

và đây là hệ thống chăm sóc sức khỏe và nạn thực sự được đánh giá chúng ta không chỉ làm giảm thính giác là chúng ta thực sự không phải là cuộc tấn công một phản ứng trốn chạy nó. 
những tiếng ồn lớn hơn là cho cuộc tấn công phản ứng trải qua. 
qua nhiều năm và tiếp tục thật sự có hại đến sức khỏe của chúng ta có thể xảy ra với trái tim bị tổn thương mạch máu cho 
tổ chức y tế thế giới gây tiếng ồn như là một nghiên cứu quy mô lớn và kết quả của năm nay đã được xuất bản 
và đây là một nghiên cứu của tôi ở châu âu đã được thực hiện 
whole tiếng ồn là đã công ở châu âu 16 triệu mỗi năm sức khỏe của những người không có được định nghĩa có đang 
thực sự có hại cho các bạn có thể nghĩ rằng chúng ta đang nói 
và chúng tôi cũng 
tiếng ồn trong bộ não của bạn có thể tệ hại có tác động tới 
một chức năng nhận thức của bạn 
nước mỹ bố tôi là một tòa nhà của những gì chúng tôi đang 
bản thảo cỏ hiến pháp để tạo ra bên ngoài quốc hội trên mặt đất chuỗi, của chúng ta có thể làm cho việc tập trung và chúng tôi có thể của tôi là 
và vì thế chúng tôi sẽ cho bạn những tiếng ồn mà công nghệ không nếu chúng ta là những quốc gia không yêu thích của tôi trong những người trung quốc và điều quan trọng là tôi nghĩ rằng 
tất cả các ngài putin nghe và hệ thống nhất định và kết quả tôi thực sự không thể nghĩ theo một cách mà chất lượng cuộc sống của chúng tôi đưa 
thứ hai mà chúng ta thực sự là điều cuối cùng nó có tên là ted. chủ đề của chúng ta cũng có lợi cho sức khỏe và niềm vui rất quan trọng. đây là tất cả chúng ta một cách chăm sóc sức khỏe và những gì và niềm vui và không có cách hầu hết là kéo dài lâu hơn tôi đã không 
chỉ một tôi sẽ cho bạn một ví dụ tôi sẽ 
và đó là thực phẩm. 
một ngành công nghiệp của chúng tôi là một công cụ của con lạc thú, và bạn không hài lòng bạn có thể tìm ra 1 cách này 
rất, rất lớn 
nhưng chúng tôi công nghệ này là thực phẩm chúng ta có thể sử dụng chúng ta có thể 
chỉ một hãy lấy một ví dụ. 
chúng ta coi paris, cảm giác ăn tôi yêu thích nó. 
và tôi cảm nhận thức ăn của chúng ta không cho những món chúng tôi và nó được cho là 
và đó là mỹ, là ăn và chúng tôi cho rằng hầu hết chúng ta chỉ có thể 

cảm ơn. cảm ơn rất nhiều cuộc thi huýt gió và các bạn có thể nghe thấy chúng tôi 
tiếng anh như là tôi sẽ nói về nó 
và đó là những sợi nhỏ bé của chúng ta người hà lan không phải là một cuộc thi huýt gió thổi đang và rằng tôi không làm được 
thực tế là tôi 4 tuổi một cuộc thi huýt gió thổi chúng tôi 
cha tôi là một nhà luôn có một cuộc thi huýt gió thổi để tôi làm điều đó là việc giao tiếp một phần của tôi 
chúng ta đang cùng huýt gió theo. đang 
và rồi 3 đến 4 tôi là một cuộc thi huýt gió nhân những người xung quanh để không bị chúng tôi đã không 
nhưng hãy đối mặt với cuộc thi huýt gió của tôi là một cách điên cuồng đã 
có một cuộc thi huýt gió vào thời điểm đó là cuộc thi huýt gió có thể dạy trong lớp học đi xe đạp, tự mang cuộc thi huýt gió và có một cuộc thi huýt gió có thể làm cho nó 
nhà của em giáng sinh trong một bữa tiệc có thể huýt gió theo. và chúng tôi đang 
nếu họ giáng sinh là âm nhạc mà tôi gọi là rất kinh khủng. đã 
và tôi không thích bản nhạc và lắng nghe và có thể cải thiện và tôi nghĩ rằng 
và mũi màu đỏ là những người ở các bạn biết không? 

có rất nhiều người trong số chúng ta là thế giới của tâm lý xã hội không phải là một cơ thể chất độc này khi tôi lại đang 
nhưng lòng trắc ẩn có lòng trắc ẩn đã tạo ra chúng ta đang tiến hệ thống miễn dịch của chúng ta có thể 
tôi chưa bao giờ có lòng trắc ẩn trong những điều tuyệt vời nếu bạn có thể nói với các bạn đã nghe điều này có thể có 
chúng tôi cho những đứa trẻ trong lòng trắc ẩn và nuôi chúng tôi có thể không? 

mẹ tôi công -- một hệ thống nhưng không phải là một tín ngưỡng, nhưng không hề có đó là lý do tại sao không 11 tuổi, là ngày đến nhà thờ một thứ mà cha tôi là một nhóm tập trung vào các bạn 
và khi chúng tôi charles darwin và chúng tôi biết 
là một anh hùng của tôi 
bây giờ những sinh vật có kết quả của sự tiến hóa có thể là tôi đã rõ ràng nó 
tôi là một trường đại học chicago và động vật nhì và đang học đã 
và chúng ta có đủ thông minh, nhưng nếu chúng ta từ trường đại học của loài chim bằng tiến sĩ hàm và chúng ta có thể làm gì và tôi nghĩ về 
và rồi tờ báo chicago lên máy đã cung sự là một nhà vật lý học và với sự sống là gì trong cuốn sách danh sách của chúng tôi vừa nhìn thấy 
và đó là khi chúng tôi muốn biết tôi đã nghĩ đó là một câu hỏi 
và darwin đã có sự sống bắt đầu nói về sau khi chúng ta có bản chất của sự sống là gì? 
các nhà cung cấp cho đó là một nhiễm sắc thể đã được ghi lại thông tin và phân tử và với sự tồn tại và chúng tôi đã phân tử đó là sự nghiêm túc về suy nghĩ về điều này đã không 
là một nhiễm sắc thể ra nhưng phân tử và đây là một câu chuyện của tôi và tất cả thông tin đó là một kỹ thuật số, một dạng 
bây giờ chúng ta và chúng ta có thể là một câu hỏi lớn nhất là những thông tin và làm thế nào được tái tạo này đó là những cuốn sách của tôi tại thời điểm đó là từ nhà di truyền học tôi đã tin rằng chúng tôi đã không di truyền thông qua những đứa trẻ để hiểu sự sống đã 
và tôi không phải là một cách xa anh hùng của chúng ta là 
cầu thủ bóng chày không phải là linus pauling tôi là 
vì vậy tôi được bóng ở california -- các nhà khoa học đại học, tôi đã kiểm tra và khi chúng tôi đã được 

và đây là máy nướng bánh mì của tôi là một bức ảnh của 

và bây giờ tôi sẽ là điều tôi lo lắng là không 
aristotle hình như mary robinson, tôi có thể nói là tôi 宜 khi chúng tôi có một ý tưởng không được thực hiện &amp;quot; 
kofi liên hiệp quốc cho là quân đội và cũng là một đề nghị 
châu phi của cơ chế thống nhất của con cá truyền thống là tên là cá châu phi đã tham gia vào các nước phương tây không phải là chúng tôi đã nói 
giải nobel hòa bình của những người đoạt giải nobel các phi công bây giờ là costa tổng thống của nó là tôi có thể làm điều gì hơn là chúng ta có thể nói với tôi 
vì vậy tôi đã là các nước a rập, và hệ thống của liên hiệp moon. vào và chúng tôi đã đến 
các ý tưởng hòa bình là hội nghị cho ông tôi gặp 
như tôi có một ý tưởng này phải có những thứ có thể chứng minh sự hoạt động này đã và đang 
và chúng tôi lắng nghe câu chuyện của con người có thể ghi lại trong mỗi chúng ta đã có 
trong vòng một trong 2 năm và sáu bảy quốc gia đã đi thăm 
tất cả những nơi mà phụ nữ và trẻ em và tôi muốn nói về câu chuyện 
4 bốn triệu người đã chụp ảnh một thanh niên đã 
những ý tưởng của họ vào phần trăm thời gian đã được 
hơn thế giới hòa bình cho những địa điểm đó có ý tưởng của những người trẻ tuổi này về câu chuyện của họ cảm thấy như thế nào mà tôi có thể đó là địa điểm và thơ văn học nghệ thuật, âm nhạc và thể thao. đó không có gì cả. 
chúng tôi đã cho các bạn nghe một câu chuyện của tôi 
liên hiệp quốc cho coca-cola, và điều này với những quyết định không thể tin được điều này 
tôi là một xã hội trái đất và tạo ra một ngày này có thể đưa ra một thử nghiệm của chúng tôi nhận thấy rằng 
và có thể hoạt động của các chi tiết mạnh vào vào được một ngày sẽ có khả năng lớn của mình. 
tôi thật sự là kết quả của việc làm thế nào có thể là một vấn đề, và tôi nghĩ là tôi đã 
có một ngày hòa bình không phải thực hiện đang có vấn đề không 
và tôi có thể thử nghiệm này chúng tôi tạo ra một giọng nói của chúng ta không làm gì khi trái đất và xã hội với đám bạn quan tâm đến với tôi là trong khi bạn có thể là một cô gái nhỏ và tôi đã gặp 
và cô ấy là sử dụng loại thuốc độc chân không có 4 inch chúng và đây là một trong những người đàn ông trẻ em một chiến binh vị 2 tuổi và giết người -- tôi nói với tôi và tôi đã được thông qua kinh nghiệm mà tôi đang làm những điều mà tôi có thể dừng việc của tôi không phải là một bộ phim và tôi nhận ra rằng 
nếu có thứ gì đã xảy ra với tôi và nói, &amp;quot; phim chụp cho chúng ta có thể làm được điều đó có 
tôi là người duy nhất của mình sẽ trở thành một bộ phim và 
và thực tế là chúng tôi chụp tấm hình này được gọi là tiếp tục như tôi đã quyết định 
chúng ta để ngăn chặn chiến tranh chính trị, tôn giáo, những tôn giáo và không tách rời khỏi nơi mà một nhóm để thay đổi hành vi của chúng ta phải là những người trẻ tuổi và đó là tôi và bối rối. 
và làm thế nào chúng ta bắt đầu tôi không biết là 
vào tháng 9 và 7 ngày ở thành phố new york đã được 
costa chính phủ và chính phủ anh quốc và sự đoàn kết khác, tđiều đó là họ đã trong 4 năm đề nghị với đất nước mỗi vào ngày 21 tháng 9 năm đầu tiên trên thế giới họ ngừng bắn vào ngày của phi bạo lực và chúng tôi đã đề nghị nhất trí thông qua. ồ. đập vào cổ họng của thế giới với bộ não chấp nhận chúng ta đã được 

và đó là một cây tôi đã thử 
nhỏ đằng sau để có thể thấy điều này sẽ có nguồn điện có thể có âm nhạc là tiếng chuông 
nói chung là màn hình của nó thắp sáng chúng ta đang sử dụng vân vân... 
những gì chúng ta có thể tưởng tượng trên trần nhà bạn một 
vào sàn nhà được rồi, nó dưới gầm bàn. gắn với nó 
tôi bước vào phòng ăn chay tuần? bởi vì chúng ta đang có tài chính, và sự phân bố của chúng ta có thể sạc nó 
vì vậy chúng ta có thể làm 2 nguồn điện thoại với tốc độ gài vào chúng ta cần nó sẽ không 
các bạn có thể sử dụng nghĩ thử xem. 
và cuối cùng, thiết kế và new york của tạp chí &amp;quot; tầm nhìn của tôi đã mang một slide thêm cho chúng tôi xem 
chúng ta có thể nhìn thấy điều đó cho chúng ta không dây và công nghệ này trông giống như cái mà chúng tôi đang viết 
cảm ơn rất nhiều. cảm ơn các bạn rất nhiều. 

và đó là đồng thời, chúng tôi cũng không phải là chúng ta 
vấn đề thực sự là tại sao họ làm gì với những người bạn xứng đáng với luận điểm của chúng ta bắt đầu từ 
một ví dụ sáo như 
phân phối sáo nơi 
công việc tốt nhất là khi ai đó phải không? 
họ muốn nghe 
làm thế nào 
có người tốt nhất để làm nên 
và tôi nói nói 

và chắc chắn tôi đã 
nhưng cái thứ 3 của tôi sẽ thử nghiệm đã là khi bạn có thể họ nhận ra rằng chúng tôi có thể đó là của tôi không nhìn thấy những con người chúng ta có thể sống số như là những công trường học chúng ta cần phải điều này và chúng tôi có thể thay đổi cuộc sống của tôi đã được dẫn dắt mù con chó để tôi cho rằng chúng ta cần phải có thể nói rằng tôi là 
tôi đã giúp những người cao tuổi và những con chó dẫn dắt mù cho công chúng tôi đặt nó ở trường đại học tôi sẽ lại trở về và chúng tôi đã có khoảng 10 năm sau khi chúng tôi có tính phục hồi là tôi đã 
và đó là một phép màu, nó không phải là 
ba phẫu thuật, và một trong những của chúng ta là một thí nghiệm của 
thực sự là một robot phẫu thuật để sử dụng chúng tôi 
tôi ở trong máu từ bỏ u đã được 
và đối với tôi là một sự thay đổi lớn nhất thế giới đang phát triển của tôi không biết cũng giống như ví dụ, những chiếc điện thoại di động của máy tính xách tay của tất cả các loại công nghệ để đổi mới đó có nghĩa là tôi 
và bạn có thể thấy chúng tôi không chỉ thị giác và không có ký ức là không có màu sắc và cảm xúc như thế nào bạn sẽ nghe thấy âm thanh và có mùi như thế nào mà bạn có nhớ cho là chúng ta có thể thay đổi được 
một ngày của tôi trong căn phòng của tôi đã tìm thấy điều đó chỉ là một trong những sự cảm thấy như tôi đã 
và đó là đi xung quanh chúng 
và chỉ khi tôi đang nói rằng 
trên thực tế, tôi của tôi có một và nếu chúng ta ở đây là một cái máy giặt, nhưng không phải tôi nói . 
bạn có thể nhìn thấy thứ đối với những người đó là tất nhiên chúng ta có thể là tất cả mọi người đang vật khác nhau. 
nhưng khi bạn nhìn thấy con mắt chúng tôi có cảm giác nhớ những sinh vật này có thể và không 
và nhìn lên tới 10 năm mà cuộc sống của tôi đã mất đi cái tôi nhận ra rằng tôi có thể 
một điều gì đó. đó là lý do tại sao tôi dừng lại, khi bạn bè và gia đình chỉ trong thời gian không chỉ là tôi đang chuyển động và tôi nghĩ chúng ta đã 
nhưng nếu bạn nhìn vào tay của tôi có thể có trong khi tôi đang theo dõi và nếu bạn không cần phải nhận ra rằng chúng tôi đã bắt đầu 
tôi có một tai nạn khi tôi có một đám trở thành một ngôn ngữ của chúng ta không biết là tôi 
bạn có thể chỉ là một sự thật mà chúng ta tái tạo tôi để lại và giáo dục không cho những người đã thực sự không chắc chắn là 
và nếu tất cả những người không được chúng tôi đến đây là điều mà tôi đã không sẽ 
hãy kiên nhẫn xin cảm ơn các bạn. nhưng tôi đã 
hôm nay chúng ta có một chút đùa cợt về thứ &amp;quot;dị giáo&amp;quot; này không nói về chủ đề tôi muốn đưa ra một xã hội và phương tiện truyền thông của chúng ta đang nói cho sự chấm dứt quyền lực mỹ. đây là 
hãy để tôi giải thích. 
hôm nay tôi yêu thích của tôi là không có ai ai cũng biết rằng các nước phương tiện truyền thông xã hội của chúng ta có thể trở thành một người máy và chúng ta nghĩ của chúng ta có thể giải phóng và nói rằng tôi là một xã hội có phương tiện truyền thông phương tiện truyền thông quảng cáo và bạn có thể thấy nếu chúng không chỉ làm một sản phẩm có thể làm tổn thương như đối với các hệ thống máy tính nó thay đổi suy nghĩ về nó như thế nào bạn biết đấy, tôi không biết là có một cuộc sống của chúng ta chủ và cho chúng ta đang bị bóp méo sự thật của nó 
tôi có thể thay đổi và tôi nghĩ chúng ta đã 
có rất nhiều các công ty truyền thông ví dụ như sóng vô tuyến tv và xuất bản trò chơi điện tử là một công ty 
những người sử dụng chúng ta hiểu được kết hợp và không có cách phân loại sử dụng số liệu thống kê rất là mùi 
chúng ta đã để định nghĩa rất hạn chế sự cho chúng ta và các công ty truyền thông có thể là những người đặc biệt trong và trong trường hợp là cách mà các bạn có thể dự đoán của họ tin rằng đây là những thứ đặc biệt thích đó là những thứ khác, bởi vì chúng ta đang có một điều kì lạ cho rất nhiều của nền văn hóa thực sự là từ dựa trên số liệu thống kê của tôi đến dự đoán bao gồm những 
năm lớp thống kê của chúng ta sẽ xem 
năm 1960, tất cả những gì các bạn ăn chúng tôi vẫn còn trẻ 18 tuổi lúc 9 tuổi từ những người ở đất nước này là phương tiện truyền thông về ảnh hưởng lớn đang 
bây giờ ăn và tất cả các vấn đề là chúng ta có mẫu của khổng lồ như khán giả không nghiên cứu cho tương lai là những công ty chỉ khoảng hơn 4 tuổi tv khán giả được làm không 
bây giờ những ngành công nghiệp truyền thông của họ và không tồn tại được 
một và được gọi là nước mỹ nổi tiếng là chương trình tv chúng tôi là 
- tiến sĩ bruce 19 vào những năm 60 đã được áp dụng một đồ họa như đối với những người tiêu dùng phức tạp phân tích tâm lý học, tôi nhưng đó là phương pháp của mình. 
ngành công nghiệp truyền thông không có ảnh hưởng tới cách mà tôi đã không 
số liệu thống kê đơn giản chỉ bằng cách sử dụng của tôi là 
alan horsager ở đây là một trong những người ở trung tâm cho chúng ta đang làm việc này có 7 hay 8 năm và kết quả của những số liệu thống kê như là một trong những quốc gia ở bên ngoài quốc gia và phương tiện truyền thông và giải trí. ảnh hưởng đến cho chúng ta có rất nhiều nghiên cứu của chúng tôi đã làm 
ba năm trước và sau đó chúng ta có thể thay đổi với những xã hội và phương tiện truyền thông là một lựa chọn và một vài điều rất thú vị cho chúng tôi đã tìm thấy một xã hội của phương tiện truyền thông trong mạng lưới tham gia vào những người mà các công ty truyền thông quảng cáo và họ có một công ty tìm hiểu cách mà tôi đã sử dụng số liệu thống kê của cơ học phân loại nhưng đều cùng lúc nhưng phân loại này là so với trước đây không có ý nghĩa của tôi 
bởi vì ông trực tuyến mạng người với công cụ và phân loại số liệu thống kê của từ đó đơn giản mà chúng ta đã 
trên mạng, tự do là một liên kết chúng ta có thể tái định nghĩa lại bản thân chúng ta có thể trực tuyến là năm vinh lỗi là tôi có thể dễ dàng 
sở thích đặc biệt để liên kết với mọi người có thể là sở thích tương tự với những người có thể kết nối với các công ty truyền thông không phải là 
theo các công ty truyền thông như thế này. đây là trực tuyến cộng đồng rất hứng thú với cho tương lai của họ là một người biết rằng điều này là 
và những gì tôi có thể nghĩ rằng họ có thể tìm hiểu cách mà cũ vẫn sử dụng số liệu thống kê đang xem hơn 80 4 và đau khổ bởi vì đó là một trong những quảng cáo và đây là bởi vì chúng ta có 
họ là những gì các bạn có các sử dụng và mọi người 
và một người phụ nữ tuổi và thu nhập dừng lại ở nỗ lực rất đang 
và chúng tôi có thể tạo ra các ngôi sao của nó là &amp;quot;ha! 
và trên mạng, để làm điều gì có hứng thú với những gì chúng ta đang có rất nhiều trong số những thông tin và chúng tôi có thể có tất cả các bạn một ai đó có hơn và đơn giản có thể có khả năng đó đúng là như thế này sử dụng được theo một khía cạnh tốt hơn chúng ta có thể đột nhiên chúng tôi yêu thích của chúng ta đang có mức không được đánh giá như là 
dự đoán trước được là có trên mạng, mọi người có thể nhìn thấy những người khác hay là một người phụ nữ thu nhập và chúng tôi là một sự không phải là chúng ta có một mối quan tâm tôi rất thích chúng ta đang tập trung vào những 
những sở thích chung. và giá trị con người là con số thống kê của cơ học hơn là phân loại với sự mạnh mẽ trong tâm trí là khả năng sẽ 
tôi có điều gì xảy ra như thế nào, tuổi hơn các bé gái theo phản hồi thích là làm thế nào tôi có một từ và có những đặc tính của các bạn biết nếu mà chúng ta 
nguồn khác phương tiện truyền thông xã hội đang phát hiện đáng kinh ngạc đã 
và xã hội của phương tiện truyền thông không theo chủ yếu là phụ nữ đang lãnh đạo dường như là nếu bạn nhìn vào số liệu thống kê này là số liệu thống kê của thế giới có tuổi thọ chúng ta có thể thực sự là một người phụ nữ đang cho xã hội của mạng lưới là sử dụng để bị áp đảo. người đàn ông đang 
chúng ta có thể cho cô ấy được trang web của thời gian sử dụng số cũ nếu bạn nhìn vào các phương tiện truyền thông lớn và có một ảnh hưởng xã hội và phương tiện truyền thông cô ấy là một không gian và chúng ta cho là và bạn có thể 
và đó là vấn đề là nền văn hóa của chúng ta đang làm thế nào để có một ảnh hưởng đối với phụ nữ như thế có nghĩa là bạn xã hội và phương tiện truyền thông có các phương tiện truyền thông truyền thống và sau đó là một người phụ nữ là được cho là nếu chúng ta có thể đó là những người phụ nữ trên thế giới truyền thông và chi phối ý nghĩa của nó là gì? 
bỗng dưng chúng ta có rất nhiều hơn những người phụ nữ trong nhân tranh biếm họa và các trò chơi video và chương trình tv được xem như thế này? 
tiếp theo của tính toán lớn về kích cỡ siêu lớn có thể tạo ra một người phụ nữ trong bộ phim với một bộ phim không cần phải không? 
và đột nhiên toàn cảnh về truyền thông danh người thay đổi hình dạng không khả năng của bạn không? 
và tôi không nghĩ vậy. 
các công ty truyền thông nhiều hơn là những người phụ nữ như thuê và kinh doanh sẽ quan trọng hơn là bạn có biết điều này là bởi vì chúng ta có 
và đó là một người phụ nữ là từ một xã hội của phương tiện truyền thông chiếm lĩnh vực tiếp tục tôi nghĩ rằng chúng ta có thể 
nhưng trớ trêu thay, chúng ta có thực sự là một người phụ nữ phỏng đoán; ảo. công ruby bridges, chịu trách nhiệm phải có một bộ phim phụ nữ không cần phải bắt đầu làm một số liệu thống kê đặc biệt ở nhóm đặc biệt là rất yêu thích của tôi đoán là một cơ cấu như ruby bridges, họ không thể chịu trách nhiệm về đồ một căn đặc biệt là yêu thích của tôi là những người trẻ tuổi bị thu hút của tôi là các cấu trúc chúng ta có thể dễ dàng hơn bởi vì chúng ta đã quá 
và tương lai của từ máy này, đó là một phương tiện truyền thông 牽 dữ liệu nó có thể kéo nó sẽ trở thành một người phụ nữ chúng ta thực sự tin tưởng phát triển trực tuyến của cộng đồng chắc chắn là bạn có được thông tin về nó 
tại sao tôi thích những người mà chúng ta có thể không phải là về những điều quan trọng của tôi không biết nó sẽ 
tại sao chúng ta biết tại sao cũ và tất nhiên, các công ty truyền thông và các công ty quảng cáo là chúng ta cần phải biết sẽ 
nhưng tôi có hiểu thế giới nếu bạn làm gì với những người đam mê để làm điều gì chúng ta có thể cảm nhận được sự tự do và thời gian làm gì có thể biết được những điều chúng tôi nghĩ rằng những người đó là cách mà chúng ta biết rất quan trọng là 
tôi là một nghề nghiệp truyền thông và giải trí. cuộc sống của con người có với ảnh hưởng đến một cuộc nghiên cứu rất nhiều thời gian dành 
họ chỉ đơn giản là bởi vì tôi không phải là điều thực sự vui là tôi là một nghiên cứu của chúng ta đã hủy hoại nhiều giải trí vô thưởng vô phạt. có chơi đùa một ví dụ như niềm tin chính trị và sức khỏe và bắt đầu làm một cuộc sống của con người ảnh hưởng lớn để chứng minh cho chúng tôi đang 
và tôi có thể hiểu thế giới quan tâm đến đó là những người đầu tiên là khi bạn nhìn thấy niềm vui và chúng tôi cho bạn thấy cách tốt nhất mà tôi nghĩ rằng chúng ta 
các máy và những người khác những thống kê và phân loại tôi không cố gắng thuyết phục sức mạnh của hệ thống trong quá trình đó không phải là một trong các phương tiện truyền thông emiliano salinas và hãy tưởng tượng bạn 
và điều này có thể tưởng tượng được không? 
gió sẽ như thế nào mà là vui vẻ. 
cảm ơn các bạn. xin cảm ơn các bạn rất nhiều. 

năm đó chỉ là một bức tranh tôi đã thử thách cho nhiều và tôi đã chú bức ảnh của điều tốt nhất là một ví dụ. 
và đây là một bức tranh rất khó khăn. 
và tôi nghĩ rằng có kết quả thử trong bức hình như thế nào để có thể chỉ là 1 và chúng tôi 

và điều này là diamond shreddies được tải sẽ không thể 

và ronald reagan là và tôi muốn hỏi 
thụy điển xã hội của thủ tướng của đảng viên đảng dân chủ chỉ tin vào bất cứ điều gì không? tiền và chúng ta có thể bị cho là gì? 
một là chúng ta bị đói nghèo, tôi sẽ 
tất cả chúng ta cơ hội cho những người chúng ta phải làm chúng ta không có khả năng bắt đầu với một cơ hội được vân vân... 
tôi là một nền mống về đạo đức và mang tính toàn cầu. để đạo đức tin của tất cả các tôn giáo niềm tin của tất cả và tôn giáo không chú ý đến những người giỏi nhất là 
nhưng đó là một sự khác biệt và khi bạn có thể ngay lập tức chúng ta có thể nói chuyện với khả năng là chúng tôi đã đi qua biên giới khắp thế giới, nhưng vân vân... 
bây giờ nhìn chung có thể nó thực ra là chúng ta có thể được internet của những người thông qua phương tiện là những người đang một tên du côn. 
tổ chức có thể -- tôi không có một điều gì đó không phải những không gian lận vấn đề đối với tôi và ... trong lịch sử của loài người độc đáo thời đại mà chúng tôi nghĩ rằng nó có thể bắt đầu quá thực sự của xã hội toàn cầu của sự sáng tạo vân vân... 
200 năm trước, mua bán nô lệ thật là gần một nhóm các nhà của chúng ta và 
anh quốc đang hoạt động chống lại trong chúng tôi đã làm 
trong suốt thời gian cho công việc thắng đó 
nhưng chiến thắng cuộc bầu cử hai nhân 4 năm đã 
và trong thời đại của các bức ảnh được không gì chúng ta có thể tôi sẽ hiện đại -- không dây. nếu chúng ta sử dụng những người có một trái tim của chúng ta sẽ chiến thắng và chúng ta có thể vân vân... 
或 là một biểu đồ dự án này là hãy nhìn vào những năm 90 và trước khi các children thiết kế cho những người tôi đã bắt đầu 
cô ấy là một thế giới thứ nhất, kết quả của cuộc chiến tranh úc và đặc biệt điều gì đang diễn ra với những đứa trẻ đã ngạc nhiên và hoạt động ở nước anh bắt đầu 
nhưng lúc đó chỉ là tin gia đình, trong vòng đường và các ý tưởng là lỗ tham gia cuộc thi kêu gọi chúng ta phải làm điều đó và tôi không có các children thiết kế mà chúng ta được sinh ra. 
bây giờ là một quốc gia nổi tiếng là thực tế, anh là một tổ chức quốc gia trên thế giới và tốt nhất, và tổ chức ... 
nhưng điều gì đó có nghĩa là chúng ta có thể nhận ra đó là hiện đại phương tiện truyền thông đã có những người không gian lận chúng tôi đã làm điều gì đó ngay lập tức và hành động đó không phải là một tên du côn. 
trong 10 năm xảy ra với chúng ta hãy xem hơn 200 năm người ở trên máy tính tổng thống hồi nó là một triệu người tham nhũng của chính quyền hiện đang là nội dung câu chuyện 
cuối cùng là chân không thất được rồi, chúng tôi đã nói, nội dung -- được gọi là chúng ta đang 
zimbabwe một năm trước là robert ở những thời sự bầu cử đầu tiên của chúng ta có 
điện thoại di động của cuộc bầu cử camera gì đã xảy ra với chúng ta có thể được chụp từ những cuộc bầu cử một thủ tướng kết quả là những gì chúng ta có thể đơn, không 
những tòa nhà sư phật giáo tại monterey. blog phát triển thông tin này chúng tôi tin rằng không ai có thể là một điều gì đó đang diễn ra không biết nó là một quốc gia vân blog bạn có thể được tin tưởng là cuộc sống của con người có thể, và đó là nhất trên thế giới tốt hơn. vĩ đại, những người như aung sun suu giọng nói của thế giới là chúng tôi có thể đến 
bây giờ là những gì đã xảy ra và nó cũng có thể bị giết iran sau lính cảnh sát từ những người như chúng tôi đã viết blog thông tin ở bên ngoài quốc gia tin tưởng vào những hệ thống chăm sóc sức khỏe để thay đổi thành các nhóm an ninh làm tôi lo lắng. 
công nghệ hiện đại của chúng ta có khả năng của chúng ta là sức mạnh của đạo đức tin sức mạnh của các quốc gia và thực tế, sự hình thành tổ chức năng và sự kết hợp đó là lần đầu tiên trong cộng đồng chúng ta đã thay đổi thế giới có quyền năng 
có một chính sách ngoại giao quay lại lần nữa. không phải là danh tiếng động với nó 
và blog của những người mà chúng ta không lắng nghe thấy được trong thế giới của những người khác giao tiếp với những người đang tới 200 năm trước đây là một vấn đề của chúng tôi đã chế độ nô lệ 150 năm trước, chúng ta là một đất nước như là một vấn đề với những người trẻ tuổi của những đứa trẻ được giáo dục giành quyền của tôi là một năm ở châu âu và phần lớn của những cuộc bầu cử là quyền lực của 50 năm trước khi xã hội được bảo vệ phúc lợi áp lực của tôi 
trong vòng 50 - 60 năm đơn giản là vấn đề của chủ nghĩa người do thái và chúng ta có sự phân biệt chủng tộc độ và những người khác thích thú. sự phân biệt mà tôi đã được áp lực của chúng ta phải thay đổi thế giới đang hoạt động của con người và nguyên nhân 
phần tiêu biểu có một ý tưởng ở london năm trước khi chúng tôi 
vào ngày sinh nhật của họ mới thành lập quỹ &amp;quot;người nhạc và tôi đi đến 
một trong những ý tưởng này đang ngồi cạnh của đặc quyền -- -- và ý tưởng mà nhà ở trên sân khấu và đã có thể đến của cô ấy là một ý tưởng kinh ngạc chúng. 
tôi là một cô gái &amp;quot;xin ai giải thích của tôi 
am: tôi đã nói rằng &amp;quot; phần tiêu biểu cho tôi là một ý tưởng này có điểm chung của tôi ở đó là một nhà tù của tôi là 

vào năm 1945, trung quốc và sự hiện đại và có một thế giới chúng ta sửng sốt. 
những gì đã xảy ra không? độc lập. điều gì xảy ra sau khi 
nhìn chăm sóc sức khỏe của chúng tôi đã 
những đứa trẻ đến trường học 
bạn có thể cung cấp sự chăm sóc y tế và chúng tôi đã có những tiến bộ tuyệt vời ở đây là phần lớn chính sách trung quốc rơi là nó sẽ mao trạch đông ở giữa chủ quyền là kế hoạch 
trung quốc khôi phục chính phủ và chúng tôi không kiểm soát và nền kinh tế đã 
và có một người trung quốc và ấn độ và vẫn đang 
chắc chắn theo kịp với sẽ 
hai có sức khỏe của chúng ta có một nền kinh tế là dưới 
vào năm 1978 đã mao trạch đông, và vì các nhà lãnh đạo mới mà chúng tôi xuất hiện. 
và 鄧 tiểu bình xuất hiện mà tôi đã 
鄧 tiểu bình nói với tôi và con mèo con mèo trắng đen cũng là một con chuột như chúng ta 
con chuột có hai con mèo và mục đích của nó 
và đó là một trong hai con mèo 
trung quốc và ấn độ và chúng ta để mục tiêu của chúng ta đang 
chăm sóc y tế và giáo dục, và không chỉ có thể phát triển kinh tế với mục đích của tôi 
trung quốc là nền kinh tế thị trường, chúng ta đã thành công. 
năm 1992, thị trường ấn độ đến nền kinh tế và 
2 đất nước này không giống như là chúng tôi đã ở trung quốc và ấn độ có rất nhiều sự tương tác của những điểm khác biệt của nhiều hơn là 
những nước đang phát triển là một quốc gia khác bắt kịp với những ngày hôm nay đó là một trong những cuốn sách của chúng ta hiện nay, bạn có thể là 
và đây là điều này như thế nào không? 
và đây là giá trị trung bình của các quốc gia. đây là trung quốc. 
trung quốc và có thể chia các 
thượng hải đã bắt kịp với nó 
nhưng những điều này có ở 
nước mỹ khỏe mạnh hơn chúng ta có một trạng thái 
nhưng ngoại ô quý châu ở trung quốc này là một trong những khu vực nghèo nhất của nó và chúng ta có thể 
rất khó để có thể ở thành phố là địa phương một số bang và địa phương của quý giá. đó là chúng tôi 
có một sự bất bình đẳng rất lớn không phải là nền kinh tế nhanh chóng phát triển một khía cạnh của nó 
như bạn nhìn vào ấn độ và quá trình của chúng ta có sự bất bình đẳng ấn độ. đó là chúng ta 
sự khác biệt giữa địa lý là bạn có thể được không 
một trang pradesh tin là các bang lớn nhất của nó là một số bang chăm sóc y tế và sau đó là một nền kinh tế đang 
bang kerala ở chuyển? là chúng tôi đang là sức khỏe và hoa kỳ? một nền kinh tế nhưng nó vẫn là chúng ta 
những sự bắt đầu người ở bang đơn giản là đi trước khi chúng ta 
ở ấn độ trong sự bất bình đẳng rất lớn rằng có một sự khác biệt giữa chúng ta ở trong đó là không 
và đó chính là điều xấu là không phải là 
không có sự bất bình đẳng địa lý lâu dài và có thể thấy rất khó để đối phó với nó cùng với sự tăng trưởng thành phố nó hút nếu có lợi ích từ người nghèo cũng có thể làm chúng ta có thể 
bạn có thể có một sự bất bình đẳng về điều đó là ở mỹ chúng ta 
và bạn có thể tạo ra từ cơ tôi là 
hay là tôi có thể đã 
cung cấp phát dna của chúng ta không có một người bạn của tôi là ở washington. chúng ta mới là những nhà lãnh đạo một hệ thống chăm sóc y tế cho các bạn có một mối quan tâm là 
nhưng tôi nghĩ rằng tôi washington, là những người dân -- và đó là một bang kerala ở sức khỏe như là một trạng thái không 
rất thích thú không? 

không ai có thể nội tâm, như là bạn có thể nhìn thấy nó thực sự thế. 
những vật liệu và tôi nghĩ đó là một thứ 
bản chất của những sự thật là chúng ta có thể làm được 
trong thời gian vỏ là qua cơ thể của 
tốt hơn chúng ta có thể của tôi 
liên quan đến thiết kế và nếu tất cả là mọi người sẽ được 
thiết kế từ bên trong của nó 
không chỉ ở ngoài không phải là 
vật liệu được chụp bởi họ đang tìm kiếm để biến đổi khuôn mặt không được 
một số người phụ nữ dưới sử dụng để bán đồ vật và màu sắc và chúng ta có thể được tạo ra chúng 
gần một nông trường sống của lợn đó là những cái chết và điều thú vị là nếu bạn nhìn vào xương và tiếp không nhận thấy điều này sẽ 
có thể dự đoán này không có con heo phát triển và tôi sẽ chết là số phận của chúng tôi đã chụp x-quang là chicken nuggets, tater tots, sô cô ấy đã sử dụng từ 

john khoa học viễn tưởng thực tế để làm được điều tôi muốn nói với chúng tôi, 
đến và tôi rất hân hạnh được 
tất cả các bạn đều cảm ơn các bạn. xin cảm ơn các bạn rất nhiều. 

và hãy tưởng tượng 
gây ra thiệt hại khổng lồ 3 đã đến và va vào trái đất đã tạo ra thiệt hại sẽ là không thể giải quyết chúng ta biết vì vậy tôi đã chuẩn bị bắt đầu có triệu 
các nhà thiên văn học kính thiên văn đó luôn luôn dạy dỗ. có lẽ bạn có những người mà chúng ta quan tâm tới vấn đề này của chúng ta có thể giải quyết và vì vậy tôi đã nghiên cứu khoa học và kỹ thuật này. 
hattrick nhiên liệu hóa học là không thể dùng 
không có đủ nhiên liệu hóa học phát triển quá có khả năng là một cỗ máy bay và làm cho nó 
chúng ta đây là tất cả chúng ta ước tính rất ít công sức mạnh của chúng tôi đã phát triển 
có một tờ giấy của bạn cũng giống như những vị trí rất nhỏ. và năng lượng và nó sẽ không xuất hiện từ nhỏ có thể đẩy hàng tháng năm sẽ tiếp tục và chúng ta có thể 
nghệ thuật của nó vào đoạn phim này là một máy cơ có con tàu. đây là có họ với công nghệ rất tốt hơn. 
chúng ta cho 100 năm tới là động cơ. 
và những kĩ sư là chúng ta có thể thực hiện . 
họ không giống như một con tàu vũ trụ không phải là một người máy có thể là một 

và tôi muốn kết thúc với nó 
đó là một trò chơi điện tử của tôi là một khu giải trí. sâu và nghĩ về những trò chơi điện tử mới có một mô hình nơi mới. chúng ta có nhiều khả năng sáng tạo một cuộc sống có khả năng của tinh thần và khác: có thể là ted. 
cảm ơn các bạn. xin cảm ơn các bạn rất nhiều. 
chris -- các bài giảng tuyệt vời bắt đầu và tôi nghĩ tôi đơn giản là cho ted, nếu bạn nhìn vào những người sẽ cho các bạn ở đây cũng là lý do tại sao điều đang diễn ra trong những hiểu là nó sẽ rất đơn giản. 
nhưng đó là một trong những người tốt nhất với trí tuệ nhân tạo cũng có thể hiểu được sự phức tạp của tôi là một con chó của tôi là một cách đơn giản này có thể hiểu và tôi nghĩ nó có nhiều người có một chút. 

người ta có thể ghi nhận lại cuộc sống và làm thế nào nếu chúng tôi sẽ nói cho các bạn không có cách ứng xử và một cỗ máy kí ức, không để lại cho chúng ta đang trong quá khứ, tôi quay trở lại vào tâm trí tôi và tái sinh dòng chảy thời gian để mà chúng ta thấy là một phần cuộc sống của chúng tôi tìm thấy nó có thể 
và chúng tôi có một nửa trong 5 năm trước khi tôi không bắt đầu cuộc hành trình của sự hợp tác với vợ và các quy luật là 
ngày thứ nhất, những đứa trẻ khi chúng tôi đã đưa ra, có một đứa trẻ của người đàn ông 
là một nhà đặc biệt video vô chụp cho cỗ máy của chúng tôi đã gắn một bức ảnh này được chụp cháu sẽ 
nhưng cũng có một khoảnh khắc quan trọng đầy chúng tôi đã chụp trong căn phòng làm thế nào nếu chúng ta có thể nhìn thấy một cái máy camera và một khi đó nếu bạn nhìn xuống phòng chúng ta có thể trong tầm trên tv. những đứa trẻ trong phòng ngủ của một cái bếp kỹ căn nhà còn 
kỷ lục đĩa tất cả các thiết bị tiếp tục gửi cho tôi đã ghi 
một ngày nào đó chúng ta có thể nhìn thấy sự khác biệt của ngày hôm nay chúng ta từ ánh như bị cháy để biến một buổi tối ngày mã vạch, và chúng tôi sẽ kết thúc 
mỗi ngày trong 3 năm 8 đến 10 giờ đã có mặt khoảng 2,5 triệu tính tổng thời gian với chiếc đa âm thanh của bộ phim với nó 
lần đầu tiên trong lịch sử vĩ đại? video vô cùng tất cả những 

thật đáng kinh ngạc. điều này 
peter như những đứa trẻ dao, gươm, cao là chúng ta không chỉ là một điều thú vị nhất có thể xây dựng nó 
các bạn có thể nghĩ rằng những câu hỏi sẽ 
tại sao? vì như là cái gì? 
peter nói rằng những đứa trẻ &amp;quot;ồ. đầu một công ty bạn sẽ không và bạn có thể 
cuộc chiến tranh quyền lực là lãng phí thời gian và không phải là 
nhưng có một lý do tại sao những doanh nghiệp và trường học sinh của chúng ta là một kế hoạch như tìm thấy được giáo dục và những kế hoạch chúng tôi thực hiện 
và khi họ kẹo dẻo phải ở trên đỉnh là không có thời gian chúng tôi đang làm gì và chúng ta có thể là một cuộc khủng hoảng 
tôi đã nghe có vẻ như là một tình huống đúng không? 
những đứa trẻ dao, gươm, đang là những viên kẹo dẻo bắt đầu từ đây là một viên kẹo dẻo đặt nó ở trên đỉnh của chúng ta tiếp theo chúng tôi kiểm tra để tạo ra những sản phẩm bởi vì chúng ta có thể thử nghiệm những tác phẩm nghệ thuật để sửa chữa và một lần nữa, bạn có thể 
những nhà thiết kế và bởi vì công việc như thế hơnn và quá trình theo bản chất của các bạn không nhận ra chỉ là 
chúng tôi tạo ra những phản hồi có thể nhận được những điểm đi và không làm cho chúng ta có thể thấy 
tác phẩm thử khả năng thật sự là rất quan trọng của đội sẽ đạt được điểm của chúng ta sẽ xem 
trung bình của toàn bộ cơ thể là 30 năm và các trường kinh doanh là học sinh của một nửa trong số đó là bởi vì đó là một luật sư tốt hơn là trung bình có dưới trường học: nhà trẻ là lớn của hầu hết những người này tốt hơn chúng ta đang 
chúng ta có thể nhiều nhất đó là gì? 
trở thành một kiến trúc sư, kỹ sư, có hơn một chút. nhưng chúng ta 
99 xu có thể nhìn thấy những người tốt nhất của tôi là 
tại sao? bởi vì họ đã là kiến trúc để tạo ra một hình tam giác. đây là cái tôi của bạn có cấu trúc hình học một người không biết điều này là bởi vì chúng ta có 
chúng tôi là một ceo hơn 1 chút trung bình và kết quả tốt hơn và 
nhưng điều thú vị 
một đội trách nhiệm cho những nhà quản lý để họ có tác động thì sẽ 

nghệ thuật đương đại. tôi là một nghệ sĩ thật là chúng ta có là đã thay đổi 
lần đầu tiên là bảo tàng nghệ thuật của tôi là một trong những năm 20 tuổi đã biết, 
tôi đã làm là con đường chúng ta không có tương lai của chúng ta có mặt ở arkansas nông thôn của gần nhất là tại một bộ phim chúng tôi đã dành thời gian 
nghệ sĩ cũng đang lớn lên trong một môi trường là tôi nghĩ là chúng ta như những cá thể thay đổi ngón tay và sử dụng các thiết bị mà mọi người đã được nuôi dưỡng bởi vì 
thời thơ ấu của tôi là chúng ta có thể giải thích rằng các nông thôn và tôi cũng có cùng lúc đó, tôi nghĩ rằng bạn có nhiều hơn là trí thông minh. 
ví dụ như những đứa trẻ em gái tôi là khi bộ não của anh ăn và để cạnh tranh đã 

tức là lập những hình ảnh cho tôi 
có những bong bóng chúng ta đang ở trên các là tôi có 
thế là đưa những điều chúng tôi đã 
không chỉ có rất nhiều nhà vệ sinh của tôi có thể là một cái búa, và các bạn có thể làm cho 
và đây là vòi nước làm trong đó là ngài putin 

bạn không cảm thấy như 
và đó cũng có thể đến gần hơn bình thường điển hình là khả năng để tôi là chúng ta có quyền lực và những nguy hiểm nếu bạn có thể thay đổi những đứa trẻ có rất nhiều khả năng của chúng ta có thể giải quyết, và giá trị của chúng ta có thể nhìn thấy khả năng có thể 
nhà nhân chủng học là con người chúng ta luôn luôn đồng thời gian đã yêu cầu duy nhất là sự đóng góp chúng ta có thể nói 
người neanderthal người 6 triệu năm trước đây là một trưởng lão người bị thương. và những bằng chứng cho thấy rằng họ có một sự đau khổ và để có thể sống cuộc sống của họ một kinh nghiệm xã hội có đóng góp có vai trò của tôi đã chứng minh là của họ đã bị giúp chúng ta đã thấy điều này là không có giá trị con người và xem chúng tôi 
một vài năm trước đây là một đứa trẻ, tôi dành thời gian -- với các kỹ sư của đông bắc đảng viên đảng cộng hòa hơn. ở trong một cửa hàng thực phẩm này, chúng ta đang nhìn thẳng vào mùa hè và những hình mẫu nhỏ của tôi là 
tôi nghĩ rằng đằng sau hi, aimee. tại giọng nói với tôi 
bạn có thể nhìn người đàn ông cao tuổi. đứng và không ai biết 
và không giống như trước và tôi đã gặp tại sao chúng ta có thể nhận ra là không có nói với tôi rằng đó là lý do tại sao anh không được sinh ra tôi sẽ nói với các bạn có thể làm được như tôi không?&amp;quot; 
chúng tôi có một cách 
trên máy tính và tôi đã đến 
và ông ấy là bác sĩ kean đã được sinh ra khi tôi ở đây ngày hôm nay là những người đang nghe tôi dự định ngày để sản xuất ra 2 tuần, chúng tôi được sinh ra đã được 
sự sản xuất của một bác sĩ người phụ nữ đi và vào cuối cùng, chúng tôi gặp mặt đối mặt. đây là lần đầu tiên của tôi chỉ là một bác sĩ là 
tôi được sinh ra là chúng ta không có xương 腓 
bên trong là người có đủ các ngón tay vào mặt đối đầu tiên có thể có những giáo viên này thực sự có thể giao tiếp với cha mẹ không phải là không thể.&amp;quot; giáo viên khi đi lại trong tương lai chúng ta có thể là những đứa trẻ khác. của chúng ta di chuyển như không có một cuộc sống của chúng ta sẽ nói với cha mẹ chúng tôi không phải là kẻ nói dối. tôi đã đến lúc 

quá trình ở mỹ và sự cộng tác như thế nào? đã bắt đầu 
theo bạn ở đây là 
nó được sử dụng một lớp học sẽ không bao giờ chúng ta không nghĩ về tôi 
chúng ta có thể có những người philippine, người nói rằng chúng ta đã nghe nói về cách dạy trong lớp học ban phụ trách một tờ giấy trắng đã nói nó sẽ là 
tôi đã học sinh bởi vì chúng ta chỉ riêng của mình, và không chỉ vì máy và tôi trả lời cho câu hỏi là chúng tôi 
và đó là sự suy nghĩ là tôi chỉ muốn nói 
và tôi không có một nhóm là chúng ta phải làm là bạn sẽ không nói đầu tiên, tất ý của tôi 
và trong ngày tiếp theo, hai tuần sau, họ bắt đầu từ đã được gọi là 

chúng tôi đã bắt đầu từ một ví dụ ngắn tôi muốn chia sẻ với không xé rách cái mạng nhện. đây là một người có thể xảy ra là các tuyến rồi chúng ta có 1 sợi chỉ. 
vì thế vào sợi thừng được con tôi có 6 loại hình và tạo ra mọi người đã tạo ra những sợi hơn nữa. 
gần đây nhất của cô có ở đây là sợi 
cô ý tưởng để tạo ra các sợi ấn độ là nhiệt độ cao cao áp lực của chúng ta cần làm ô nhiễm về mặt sinh thái”, là chúng ta có 
và con nhện này là bình thường áp lực nhiệt độ là rằng nguyên liệu chết hay nước. đó là những con ruồi này ở đây chúng ta học được từ các bạn có thể là 
và đây là một con côn trùng 80 dặm và tôi nhớ đám cháy rừng câu tùng của chúng ta cảm nhận 
và đây là một vụ dân số dò 10.000 lần tầm với. 
nhưng côn trùng nhiên liệu hóa thạch đốt cháy trạm phát điện nguồn điện cần mà không có 
đây là một ví dụ của 3 từ và đây là chúng ta có thể làm gì đó tôi cảm thấy một 
chúng ta trong thế giới tự nhiên và nếu chúng ta bắt chước các nguồn năng lượng và là một trong 10 phút trong một phần trăm bạn thấy một phần nghìn chúng ta có thể tiết kiệm được là chúng ta không thể 
và chúng ta có thể nâng cao khả năng của chúng ta có thể cải cách trong ba thay đổi lớn nhất là chúng ta cần phải 
chúng tôi bắt đầu với cùng nguồn tài nguyên của chúng ta thực sự hiệu quả tốt hơn. 
tiếp theo và gây ra rác thải chúng một cách nhìn qua các nguồn tài nguyên của việc sử dụng cho đến những người ở đây. 
thứ ba, nhiên liệu hóa thạch với nền kinh tế năng lượng mặt trời từ nhiên liệu cho đến những nền kinh tế 
và tôi sẽ nói cho bạn về 3 chúng ta cần có một giải pháp này vào và tôi nghĩ rằng chúng ta có thể 
tự nhiên lợn sản phẩm hãy tưởng tượng được và tất cả những khoảng 800 triệu năm trong khoảng thời gian nghiên cứu và phát triển. được hưởng lợi từ các 
mức độ của sự đầu tư suy nghĩ về điều đó có thể sử dụng là phù hợp lý của chúng ta đang 
và ý tưởng của nghiên cứu dự án này, và tôi muốn giới thiệu 
các nguồn tài nguyên cấp tiến hiệu quả ở đó là bởi vì chúng ta hãy bắt đầu 
các dự án lớn ở greenland, con đã thay đổi không chỉ các mỏ đá, không phải luôn luôn là sự thay đổi chế tạo ra những nơi mà chúng ta phải làm và họ không khắc nghiệt và đó là thử thách thực sự là có rất nhiều sinh vật học bằng cách của họ 
ví dụ, bề mặt như thế nào nếu chúng ta có thể phản ứng với những tòa nhà là một sàn disco xà cảm thấy những bọt đã 
nghiên cứu phấn hoa có thể giải phóng những phân tán và loài côn trùng là những phân tử carbon dạng ống nano, nhỏ và sử dụng hình và hiệu quả nhất để nghĩ ra những cấu trúc có thể giúp chúng tôi 
và trong giai đoạn tiếp theo và hình dạng ống nano, nhỏ hơn kích cỡ của hơn họ đã cố gắng và thủy tinh là thay thế không phải tìm thấy là kích thước và đó là một nỗ lực mà chúng tôi có 
thế giới tự nhiên rất nhiều ví dụ mà một màng áp gia dựa trên nền tảng hiệu quả đổi là cấu trúc 
vì vậy chúng tôi là một tên của chất liệu bạn có thể bắt đầu nghiên cứu đã 
cường độ cao của người bệnh bại liệt. 
và điều đó mà bạn có thể nói với lớp 3 đến và chúng ta đang sống và đang nhảy vào đây là một điều tuyệt vời của là kích cỡ của một trong những người hơn gấp 7 lần nào có thể tạo ra chúng ta có thể 
nhưng quan trọng trong thủy tinh là một phần trăm trong đó là một phần trăm tiết kiệm được nó 
và trong một tạo khác có thể tạo ra một bước đột phá. tôi không nhìn chung, vòng của tôi là 
và rất rất nhiều vật liệu chúng ta đang sử dụng là trên ít nhất là 
có quá ít có rất nhiều ánh sáng ngày vào mùa đông đun của chúng ta có rất nhiều 
toàn bộ cấu trúc nhẹ có nền tảng của rất lớn và chúng tôi có thể tiết kiệm được 
dự án là kết thúc với cấu trúc trọng lượng của bản thân và không khí bên trong nhẹ hơn và tôi đã phải 
các dự án sinh vật học là ý tưởng của các nguồn tài nguyên có hiệu quả, với sự kết nối cải thiện của chúng tôi sẽ nói với tôi rằng tôi ví dụ tốt nhưng bạn sẽ muốn cùng một loại vật liệu cung cấp cho chức năng của nó 
cũng tương tự như tự nhiên để giải quyết như sự lãnh đạo của rất nhiều trong số đó có một ví dụ 
ví dụ, trong vùng amazon, 蓮 giấc từ rất tuyệt vời mái nhà của hiệu quả cấu trúc của chúng ta có thể phát triển của vỏ với chúng ta có thể được truyền cảm hứng để xây dựng các cây trồng phát sinh từ tế bào được đề nghị siêu nhẹ, chiếc cầu xây dở? 
tự nhiên của thiết kế đã vật liệu hiệu quả nhất thế giới mà chúng đang lan truyền ra 
bởi vì một cách tự qua các ý tưởng của chúng ta đang nói với tôi muốn chia sẻ với 
tôi là bình thường chúng ta lấy một nguồn tài nguyên và tuổi thọ ngắn và những sản phẩm cuối cùng là sử dụng phân và 
chúng tôi đã tự nhiên là bạn 
hệ sinh thái tự nhiên trong cơ thể là hữu cơ từ rác và tôi là một trong những hệ sinh thái khác dinh dưỡng của nó 
có chủ hệ sinh thái tự nhiên bắt chước đã cố gắng dự án là một ví dụ về tôi 
tôi yêu thích của một ông ấy có một ý tưởng của người nhảy từ các ý tưởng kinh doanh nhân là dự án 
trong cộng đồng của họ là một cửa hàng là một nhà hàng, và rất nhiều trong số các bạn có rất nhiều người ăn những công trình của tôi về điều này. đây là đất đó là họ nhảy và quả bóng rác thông minh của họ đã sử dụng 
hình và tôi sẽ cố gắng giải thích 
họ là một nhà hàng, tiền từ chúng ta có thể nhảy và quả bóng lần 
dan như một quả bóng của những con ngựa và sử dụng giường con ngựa đến trung tâm bán 
khi bẩn thỉu trả tiền cho một lần nữa 
trong số đó lại để tự phân rã vào hệ thống tôi đã tăng lên với số siberia làm sô-cô-la cho con cá mập từ một con cá nhân cho một nhà kinh doanh và bán với nó 
và đây là một đường thẳng. quá trình không đơn giản đóng cửa chuyển chúng tôi đã không và liên hệ với một quá trình tạo ra giá trị đã 
các là ý tưởng rất nhiều yếu tố của chúng ta cần phải tiếp tục của sự lãng phí từ được tạo ra giá trị cấu trúc chúng tôi đã tạo ra 
tự nhiên của hệ thống khi có sự đa dạng để làm tăng tính và có một xu hướng nó như một dự án khả năng là có sẽ tăng lên đến có thực sự có thể có 
và đây là một sự thay đổi như là một ví dụ rất có ý nghĩa lớn và họ đã có một sự lãng phí lớn có vấn đề khả năng đồ sộ mà thực sự có thể chuyển đổi dễ, đó là bởi vì chúng ta có 
các thành phố toàn bộ đặc biệt là khi bạn nhìn vào những cơ hội mà chúng ta có thể 
và tôi sẽ nói về việc truyền thống một dự án của người hoạt động của một tòa nhà và tập trung vào sự lãng phí dinh dưỡng khác như -- 
chúng tôi đã bắt đầu hoạt động trong những nhà hàng, nó tạo ra và từ những nó cũng giống như 
và khu vực tiếp theo những cách của sự lãng phí phản ứng với tất cả chúng ta có thể nhận ra rằng tôi không thích tiêu hoá những thiết bị lãng phí để bởi vì chúng ta được sinh ra ở nhiệt độ tôi đã sử dụng trong điện chúng ta có thể thay đổi trong mạng lưới. ống nước, phản hồi và 
nước bị ô nhiễm, nước tươi xử lý với hệ thống lấy và các cây được sử dụng vi khuẩn và cơ thể chứa năng lượng và tạo ra 
từ nhà bếp của chúng ta ăn rau quả và không gian của số lượng thức ăn cho con cá hồi nuôi trong nhà cung cấp cho chúng ta có thể 
cà phê -- được thiết kế của cà phê cho nó với nền giáo dục trên sàn, và sử dụng vi khuẩn mà chúng ta có thể 
bạn có thể thấy một cách thức ăn và năng lượng và nước và lãng phí một vòng tròn của họ và tập hợp các tòa nhà của nó 
là một trò chơi này ở trung tâm thành phố london binh của tôi là bây giờ chúng tôi đã rắc rối những cánh đồng lúa. 
nhiều người ta có thể sẽ 
và đây chỉ là một kế hoạch của phương tiện giao thông, đó vào không gian thực phẩm từ những người không được tái tạo lại có một sự lãng phí của đóng cửa những cơ hội này có thể chuyển đổi người cung cấp và không gian mà chúng ta có thể chuyển đổi những 
hôm nay tôi cuối cùng là một dự án mà chúng tôi làm việc trong rừng của dự án là 
thật đáng ngạc nhiên. chúng ta có thể là một trạng thái sa mạc lớn của những nơi xa và không chỉ là những khu rừng trong quá khứ của tôi 
ví dụ như julián bạt ở phía bắc người châu phi đã tới nơi ở châu phi và phần lớn là 檜 杉 chúng được khảm đầy những khu rừng của tôi 
sự sống trên trái đất quá trình tiến hóa của loài thực vật là sự ổn định và chúng ta hiện nay có lợi từ có thể thay đổi khí hậu và nó tạo ra 
có một thứ tự nhiên. 
những sinh vật đa số chúng ta đã thay đổi khí hậu sẽ là sự sa mạc hóa và sẽ có khả năng này 
hình này năm trước là tôi tổng hợp ánh sáng mà bạn có thể hoạt động của nó 
sa mạc này ranh giới của những người đang thay đổi các bạn thấy 
vì thế giới biến đổi của việc chúng ta có thể giảm qua sa mạc. không có một câu hỏi về những người chúng ta có thể 
nó thích nghi với sa mạc tiến hóa sinh vật và nước là một sự thích nghi một ví dụ tuyệt vời nếu bạn nhìn vào đây là ở mỹ, hễ châu phi từ sương mù ngoài thu được nước trong sa mạc, côn trùng tươi để lấy nước tự tập như chúng ta có thể đã tiến hóa và làm thế nào mà bạn có đêm nói lên đỉnh của cồn cát theo những mảnh 冑 &amp;quot;ôi, đen với những đêm trời nóng chúng ta có thể giải phóng của hơn nhiệt độ và dưới 
và từ đại dương ẩm vi khuẩn của tôi khi gió 冑 &amp;quot;ôi, vào nước như thế này, chúng ta có thể giọt nước, quý vị 
khoảng ngày trước với cái chỏm đuôi côn trùng và nước và mang tới 
và còn uống nước ngày đó để che giấu nó 
trí tuệ đó có thể gọi là sự tiến hóa và chúng tôi 
côn trùng làm chúng gần 冑 &amp;quot;ôi, những sợi lông nhỏ có nhiều 
và đây là những gì đang diễn ra là những nước để kéo nước gọi tôi 
và đó là một trong những gì đang diễn ra trong lớp nước như là chúng ta có thể là 
hiệu quả và điều gì đang diễn ra trên những sinh vật và nước là giọt nước, quý vị đang điều hành hình dạng của quý giá trong một nước 冑 &amp;quot;ôi, tôi có thể và cho tất cả chúng ta đã có hơn và 
trong một không khí ở độ ẩm và trong trường hợp không phải là một cách hiệu quả. và hái lượm vào miệng chúng tôi có thể không có tài nguyên giới hạn không thể là sự thích nghi rất đáng kinh ngạc là một ví dụ mà tôi có một vài năm trước đây là một trong vài thập kỷ đối mặt với chúng ta sẽ có những thách thức của bạn 
chúng tôi đã phát hiện ra trong phòng nhiệt độ nước, nhiệt độ đại dương và chúng tôi làm việc với những người này là những khô ở bờ biển với khu vực được thiết kế đã làm thế nào và với những thiết bị này sẽ tàn lụi 1 bức tường của tất cả các nước biển cơ thể tôi sẽ không khi gió vào văn phòng của tôi ở nhiệt độ nước, nhiệt độ tăng khi đi xuống. 
và điều này là bên trong cơ thể mát mẻ độ ẩm và khi bạn nhận ra rằng sự phát triển của thực vật không có nước không 
và trong phòng nhiệt độ ẩm và đó là ở nước sạch và tiêu thụ 70% nguồn cung cấp la plata basin. và hiệu ứng đó là một con côn trùng và giống như chúng ta 
nhiệt độ nước, nhiệt độ đầu tiên trong đại dương và tôi nhận thấy rằng những cây trong chúng ta cần nhiều hơn 1 chút nước và tiêu thụ 70% nguồn cung cấp cho các bạn có thể làm được điều này 
bởi vì nó xung quanh một đất nước chúng ta đã có thể tính 
và điều này có thể cho các bạn thấy là các khu đầm lầy. tổng thể xảy ra vào khu vực lớn và ảnh hưởng đến tôi 
đây là một bức ảnh được hoàn thành nhiệt độ của văn phòng của tôi và sau đó là một năm đây 
nhiệt độ là văn phòng của màu xanh lá cây lan truyền những vùng đất của sự cằn cỗi của sinh học để sản xuất cho đến đất đai và bền vững, nghĩa thiết kế lại để thiết kế đã làm được điều đó là 
chúng tôi đã phát triển để sinh được và ý tưởng của sự thích nghi và hiệu quả lớn nhất trên thế giới sẽ 
chúng ta có thể nghĩ về tự nhiên cạnh tranh có thể bạn có thể thấy 
nhưng tôi đã phát triển một hệ sinh thái mới là mối quan hệ cộng sinh nó cũng có thể thấy nó sẽ 
này rất quan trọng và nguyên tắc của tôi là làm việc với công nghệ sinh học và các nhóm và tập thể các bạn 
và trong phòng nhiệt độ nước, nhiệt độ lý tưởng của chúng ta với các công nghệ đã là nl mặt trời tập trung đó là một nhà máy điện theo dõi cộng đuôi sử dụng nhiệt mặt trời tập hợp lại để tạo ra điện nó 
máy tính, bạn có khả năng rằng chúng ta từ mặt trời mỗi năm mà chúng ta sẽ sử dụng năng lượng 10.000 lần của năng lượng của bạn sẽ có được một triệu lần. 
hiện nay, chúng ta đang có một lượng năng lượng có thể giải quyết những vấn đề của trí tuệ và thử thách lớn 
tôi nói với tổng kết quả là công nghệ này là ánh sáng của mặt trời nóng chúng tôi có thể có hiệu quả trong sa mạc, bạn 
là 1 nước kia, và nó và nhiệt độ nước, nhiệt độ là trong đại dương tạo nên những 
là 1 có rất nhiều người không tạo ra một sự lãng phí và 
và sự nhiệt tình của nhiều hơn là những nước phát triển hơi ở đại dương của chúng ta có thể sử dụng những lợi ích lại nó tăng 
và cuối cùng, dưới cộng dương ngày chiếu là sẽ không đủ mọi loài. sinh sản phẩm của chúng ta có thể 
và đây là cấu trúc của kế hoạch như là một ý tưởng ở nhiệt độ và tạo ra trong vở tất cả những 
theo con đường đó một cách nhất định với nl mặt trời tập trung để phát triển thiết bị điện có 
muối, là chúng ta có thể làm một số người có thể cho rằng sẽ 
và sinh là đủ được sử dụng nguồn tài nguyên đó, nếu chúng ta có thể làm thế nào và như là rác thải không phải là giá trị và cao hơn là chúng ta có thể thêm vào những gì có thể nghĩ 
tôi biết chúng không khác nhau trong giai đoạn liên kết với sự tinh này. 
hơi nước biển bạn có thể không đầu tiên của nó là tinh thể canxi cacbonat. là 
các thiết bị sẽ tàn lụi xếp chồng lên trên một hình ảnh bên trái là của một cách chậm rãi, canxi cacbonat. với chúng tôi có thể 
và tôi đã lấy nhẹ trình xây dựng và chúng ta sử dụng 
chúng ta về carbon là đưa ra từ không khí trong đại dương và đi về xây dựng được gắn cố định đó 
tiếp đến là cặp một nhà hóa là một con 
và như tôi đã sử dụng những công trình xây dựng vào đây là bolivia. là khách sạn 
và sau đó là lấy lại không có khả năng khác nhau và những yếu tố của chúng ta có thể có một cặp là axit sa mạc 沃 béo để trở lại đất 
nước biển là một năm của các yếu tố mà hầu hết chúng ta 
vì vậy -- khả năng cao ở lượng lithium của việc sử dụng những yếu tố không thể lấy nó 
anh bạn jacques dembois là một phần của vịnh kia, từ nhà của những giọt nước muối không có rác thải mặn của nước biển có tăng dần dần một hệ sinh thái và đó là họ đang bị đe dọa bởi chúng. nó 
và sau đó muối, chất để có thể giúp chúng ta có thể 
các bạn sẽ tàn lụi lợi nhuận tính để lấy muối không phải là tạo ra một cách nhanh chóng, một vấn đề lãng phí cơ hội lớn. của chúng 
trong rừng của dự án và là carbon vào khí thải thực phẩm không tạo ra khả năng tạo năng lượng cho nước nhất bình thường cúng mà tôi đã làm ra những khu vực sa mạc hóa lại có thể làm cho chúng ta có thể mô hình như là 
và lần đầu tiên có thể đã thách thức tôi quay trở lại để nói chuyện với cùng nguồn tài nguyên lý do nó hiệu quả đơn giản đóng cửa nền kinh tế nhiệt mặt trời 
và điều này có khả năng là chúng ta không chỉ cho chúng ta quyết định quan trọng 
và vấn đề mà tự nhiên để giải quyết vấn đề một cách chúng ta có rất nhiều người trong số tất cả chúng ta có 1 giải pháp và tin bằng. 
và điều này với hơn một cách nghĩ về bền vững là thiết kế của chúng ta có thể nghĩ về người tốt ở đó-- nó 
nó liên quan đến môi trường nói là có rất nhiều người trong số đó là một viễn 
nhưng tôi đã nói chuyện với rất nhiều những kẻ vô liêm sỉ và tối ưu hóa. đó là về 
và đây là là rất quan trọng 
và đôi xuồng mạng de chương trình tv của ngôn ngữ trang là thuyền và tạo ra một nhóm nếu bạn muốn làm việc là nhà thầu, họ sẽ nói về nó không 
tôi đã làm được khám phá ở bờ tầm nhìn tâm hồn con người khó khăn, để giữ vững động lực khi 
mà chúng ta điều cần hi vọng là điều này trước và sau đó chúng ta sẽ đi tiếp càng mới hấp dẫn hơn. 
cảm ơn các bạn. xin cảm ơn các bạn rất nhiều. 
và đó là họ ngớ ngẩn, nó 
nó lan truyền hiv anh ta guardian, trong tờ giấy. 
một ngày có thể thấy tôi là 
tôi sẽ làm thế nào và xem giơ tay &amp;quot; đồng ý.&amp;quot; và bạn có thể một trong hai người cách dũng cảm và không thực sự là một nhà dịch tễ học được từ một trong những lĩnh vực hiv 15 năm 4 phần lớn những người đã hoạt động bây giờ bạn sẽ có những người đang 
tôi là một nửa trong số đó chỉ có một sự thật và cái 
điều dại dột. từ một người bị nhiễm hiv là chúng ta có thể 
nhưng hầu hết những điều ngu ngốc hoàn toàn hợp lý có thể có một lý do tại sao chúng ta làm điều đó 
và tôi là một lý y tế cộng đồng. hình các mô hình không phải là 
sức khỏe cộng đồng của của đeo kính theo và chúng ta có thể làm gì đối với những người tốt làm điều này có những thông tin cần thiết cho những thông tin và làm cho dịch vụ và cho những người không thể quyết định lý sức khỏe và chúng tôi có thể sống lâu hơn 
một điều tuyệt vời hiv làm việc trong lĩnh vực và tôi nghĩ đây là một câu hỏi cho chúng ta có tất cả các bạn có thể dương tính với hiv của đói nghèo và bình đẳng. phụ nữ và đàn ông nó ở ted và nói, vào khoảng 7 bởi vì họ cà phê có giá trị của nó là thử nghiệm và hiv là một vài liên quan đến -- nó 
và những người bất hợp lý của 2 nếu chúng ta và đó là điều gì đang diễn ra ở 勃 . 
chúng tôi bắt đầu với những người nghiện ngập và có lý gì tôi sẽ nói về 
và indonesia, một người bạn của tôi nói chuyện với người của chúng ta có thể điều này 
ăn trưa là đi tiêm chích ma tuý là lý do tại sao người bali của nhà tù của chúng ta có thể tôi và tôi đã nghe ai đó vào ngày sinh nhật của mẹ và rất là heroin,cocain, chúng ta có một vai trò chủ yếu là tôi đã có rất nhiều khí trước đó là những người chia sẻ với tất cả chúng tôi 
ở tất cả chúng ta có thể sắp xếp quyết định của một người đàn ông trong 1 chiếc bkt đầy tiêm và bắt đầu 
những người bạn thân nhất của tôi đang tiêm 1 công cụ để lau tiêm cho những người tiếp theo của tôi 
quà đó là hai thứ hai mà tôi đang gần chính mà chúng ta có thể thấy chúng ta đang ở đây có vết máu rõ mồn một. 
bạn có những và bạn có thể 
bộ óc của bạn có một phần nhỏ, rất nhỏ 
vâng. nó không bị ô nhiễm, 
và đây &amp;quot;sự nguy hiểm 
và tôi nghĩ về bộ não phải của và hầu hết chúng ta có tên là của tôi và nó chỉ như 
chúng tôi đã làm, và tôi nghĩ nó như &amp;quot;sự đó đang 
và một trong những câu chuyện này 
là một người đã nói với chúng tôi đã làm -- và chúng ta ở trong khoảng tới 
và đó là sự khác biệt trong khoảng thời gian không phải là một trong những điều thú vị khi quà đó, chúng ta có thể là ở nhà tù là chúng tôi 
và anh ta đã có thể là một sự lựa chọn cái kim &amp;apos;nhỏ&amp;apos; chấp nhận cho bạn không phải là 
và tôi thực sự muốn trở thành một nơi mà nếu chúng ta là nhà tù và 
nhưng tôi là những nhà khoa học 
dữ liệu chuyện này chưa, nhưng tôi không phải là của một số dữ liệu của chúng ta sẽ xem 
có khoảng 600 người, sự nghiện -- và tôi nói chuyện với người ở ấn độ của các thành phố 3 câu hỏi của tôi đã bị nhiễm hiv vì chúng ta biết rằng chúng ta có một sự chính tất nhiên, họ vì đã gần 100 phần trăm trong chính những nguyên nhân có thể nói 
tôi phải là những giá trị cho thật sạch tay chính là nơi chúng ta biết rằng chúng ta có &amp;quot; tất cả 100 phần trăm ở và thuốc độc. thật sạch từ chính là nơi tôi biết một điện thoại di động chính đang được không?&amp;quot; 
và những người mà tôi đang làm -- và chúng tôi thực sự đã đi phỏng vấn và cho thật sạch và điện thoại di động chính không? 
có rất nhiều người trong 4 người đã 
vì vậy mỗi tuần trước lần tiêm thật sạch chính tôi đã sử dụng thực sự có khoảng 10 tỉ người trên sẽ chỉ cho 10 người vào đó chính là những người đã tự nhiên của chúng ta 
tôi được lớn có 
nếu bạn bị nhiễm hiv sẽ 
mọi người đều biết là bạn và bạn có thể 
và điều này là gì? chia sẻ với ông ta có thể phải không? 
và những người nghiện ngập và tôi hỏi chúng tôi đang ở nó. 
và các mối quan hệ với đôi tay và bàn chải đánh răng nhưng họ không muốn và cũng giống như chính của họ và tôi không 
tôi không phải là 
họ chính là bạn có thể có một nhà tù của tôi và từ ấn độ. indonesia cũng vào thời điểm đó chính là điện thoại di động lực lượng cảnh sát đang tới khi bạn có thể có một nhà tù của tôi 
công thức chúng ta có thể thay đổi một chút không 
và trong trường hợp này là một trong 2 chúng ta có thể chọn và không có cách đây chính là những chia sẻ với 10 năm sau đó có thể chết, nhưng nó không bị bệnh. giờ chúng ta cần là bản thân chúng ta đang sử dụng ngày mai đến nhà tù của chúng ta có thể là những người nghiện ngập 
hiv nguy cơ bản là bạn không nghĩ rằng những điều đó có từ năm ở trong tù trong khi tôi và francis như -- 
và cuối cùng, nguy cơ bị nhiễm hiv để có được nhiều điều tồi tệ như thế nào chúng ta nghĩ rằng đó là những gì chúng tôi sẽ không tự nhiên của chính chúng ta có thể chia sẻ với tất cả những điều hợp lý và chúng ta có 
và đây là những người quyết định chính sách từ góc nhìn của chúng ta sẽ xem đây là cực kì đơn giản là vấn đề 
bây giờ là chỉ có chung động nó 
y tế cộng đồng lý bề mặt của nó 
chúng ta thật sạch những người sử dụng chính và những người nghiện ngập thật sạch chính là tôi muốn dùng nó. 
thật sạch là nguyên nhân rộng khả năng tiếp cận và bị bắt bớ. không phải lo lắng không giải quyết vấn đề này là nó được giải quyết. 
và lần đầu tiên được hiểu được quốc gia, và hành động của họ đã nổi tiếng của những người theo chủ nghĩa tự do 
-- thực cô ấy tất cả các quốc gia đầu tiên trên thế giới kim chương trình thay đổi vào. úc và ở hà lan, một quốc gia khác và sẽ tiếp tục mọi quốc gia và 1 chiếc bkt từ chúng ta sử dụng của những người bị nhiễm hiv là phần trăm là ở đó và không thực hiện điều này và ví dụ như thành phố new york 
nhà nhân quyền ở đó là trong khi bạn có thể sử dụng bơm kim tiêm hai người có một cuộc gọi định mệnh này. với bệnh lây nhiễm 
và đó là -- các dịch là những người nghiện ngập và tình yêu này bởi vì tôi đã thực hiện không phải là 
chăm sóc sức khỏe dân dịch vụ bảo hiểm có cai trị quốc gia bởi vì tôi đã 
và hiệu quả và đầu tư vào phòng chống bệnh. sau, nếu bạn không tốn kém để chữa trị từ mà không tốn kém để chữa trị cho chúng ta có thể thấy rõ ràng cao hơn. 
bởi vì cô ấy cho chính trị không phải là tôi đã quyết định là 
và công sức khỏe cộng đồng của họ là một cặp kính này đang lấy dữ liệu này, nếu bạn nhìn vào những thứ rất đơn giản. bạn vào đúng không? 
nhưng khi chính phủ bảo hiểm sức khỏe nó cung cấp nhận nhiệm vụ của chúng ta không thể nhìn thấy điều này hoàn toàn khác là có một cách đó 
chúng tôi đã lớn lên ở mỹ dữ liệu chúng ta làm thử nghiệm nó 
và đây là của mỹ, tất cả các nhà khoa học lớn hơn với hàng trăm nghiên cứu của chúng ta có thể kiểm chứng kim là chương trình hiệu quả có các nghiên cứu này là chúng ta có khá nhiều 
kim tiêm chương trình hiệu quả trong các bạn không phải là một nghiên cứu -- đó là điều này đã slide hoạt động của tôi nghĩ rằng tôi sẽ bấm nút khi tôi đang có một sự khác biệt là ở đây là slide cuối cùng là 

và các video nhạc jazz của tôi.&amp;quot; 
nhạc jazz ra một đặc trưng của các ứng thứ hai là âm nhạc và biểu diễn âm nhạc 
thứ ba là có thể tạo ra nền. 
vị trí của bạn có thể đọc một tay và để mỗi gia tốc các bộ này, 
màu sắc của đèn tiếp theo của họ và chơi nhạc cho 
những người chơi trống, hạnh.&amp;quot; 
màu xanh ở mức hạnh.&amp;quot; 
màu xanh lá cây mã hạnh.&amp;quot; 
cam. lãnh đạo hạnh.&amp;quot; 
một phần &amp;quot;một tấm lọc màu tím. 
con chuột là một trong số các nút hai máy tính của chúng ta lên đến nhóm được thành phần 
hay là tai lên bản đồ và điện thông cho rằng 
làm sao để làm âm nhạc của nền văn hóa phân chia các thông qua 
hiện nay chúng ta quá khứ và tương lai của tất cả cho một thời gian nghiên cứu lấy một người mà 
và tôi bắt các nhạc công nhạc jazz sẽ nhẹ nhàng của những người cũng là một phổ quát như chúng ta sẽ không 
nhưng mục đích chính là tôi đã phải chờ đợi cho tương lai mà không phải là tương lai và sự sáng tạo là 

nước mỹ đang đứng trên đường và người nhật và chúng ta có thể có những câu hỏi chúng tôi không rõ cái gì đó là một cái tên &amp;quot; 
vậy bạn có thể có một điều gì đang diễn ra ở đây là các bạn có thể thấy rằng chúng ta đi từ 26 đây là một thứ này có 27 là 
và một trong những khu này tên là &amp;quot; 
và một trong những khu đến một cái tên không phải là 
tên tôi là về một trong những cái tên có những phần của tôi là một trong những khu 
anh có sự lộn xộn cho các bạn có thể đi và 
bây giờ một ngày nào trong những cuốn sách của bạn đứng gần một ai đó người ta hỏi tôi sẽ không phải là những điều này là tên tôi là 
và đây là một nơi có 7 là 16 đây là những thứ đó là nơi 
và đây không phải những cái tên của những con đường tôi muốn biết gì về nó 
cái tên của con đường và các bạn có thể không phải 
tên tôi là những hình khác nhau 
google nhìn thấy microsoft. đây có một thứ 4 là 16 năm một thứ 7 trong 18 trên một thứ nhất là 
một trong những khu vực dành cho cái tên là chúng ta có 
tên của những khu vực dành thời gian trước khi có những phần của tôi là một con đường 
và đó là những nhà sống và làm thế nào bạn biết không? &amp;quot; 
rất đơn giản nói đây là một thứ khá là 8 
và một trong số 7 của tôi là một nhà 
và tôi đi tìm một nhà làm thế nào tôi có những thứ mà tôi đã không như 
và đó là điều đó được xây dựng nó với một số thứ nhất là chúng ta có thể 
và một trong những khu đầu tiên tôi đã có một tòa nhà và nó trở thành một số 
thứ 2 được xây dựng một số 2 
cái thứ 3 có 3 nhà đơn giản các bạn đã biết điều này là gì? 
và đó là bởi vì chúng tôi ở phía bên kia của trái đất đến không thích tự nhận thức chúng ta không có một giả thuyết này và ngược lại. và bạn có thể làm điều đúng đắn của chúng ta có thể nhận thấy rằng chúng ta điều đó. 
ví dụ, nếu bạn là một bác sĩ của trung quốc sức khỏe con người giữ cho công việc này được suy nghĩ về nó 
bởi vì sức khỏe bác sĩ không trả tiền cho bệnh chúng tôi phải lấy tiền đó là một bác sĩ không phải là một căn bệnh sức khỏe không phải là nhiều tiền. 

