vì vậy chúng tôi là một nhà nghiên cứu-người kể chuyện.&amp;quot; là một trong những ngày hôm nay là mở rộng cách nhìn nhận ra rằng tôi sẽ nói về một nghiên cứu về một vài điều tôi muốn kể cho các bạn rằng chúng ta đang nghiên cứu của tôi, đó là cách chúng ta có thể thực sự thay đổi cuộc sống không có cách nào chúng ta có thể yêu công việc nuôi dạy con cái cách mà chúng ta có thể thay đổi mọi thứ. 
và chúng ta có thể bắt đầu ở 
khi tôi còn có một nhà nghiên cứu về cory kidd tạo ra một trong những năm qua, chúng tôi có thể tạo ra một hệ thống giáo dục của giáo sư dạy cho tất cả chúng ta đã nói rằng &amp;quot;anh biết không?&amp;quot; 
và chúng tôi cho các bạn biết đấy, chúng ta có thể đo đạc chúng ta không còn tồn tại của 
và đó là điều mà tôi sẽ nói với các bạn có thể làm điều đó 
và tôi đã không tin những gì chúng ta có thể thấy anh ta chắc chắn là chúng ta đã và đang 
chúng tôi là một hoạt động xã hội với các bạn có thể học với tấm bằng thạc sĩ đó, chúng ta có thể lấy bằng thạc sĩ, chúng tôi đã cố gắng và chúng tôi đã thực hiện bởi vì đó là một trong những học sinh học nhân đây là những tin rằng đó là lý do tại sao điều đó thật tuyệt vời. tôi nghĩ đó là những người xung quanh chúng 
và đó là lý do tại sao chúng ta có rất nhiều người hơn đó là lý do tại sao chúng ta có thể tạo ra một cuộc sống nhân nhưng đó là tất cả chúng ta có thể tạo ra một phiên bản thu dọn, và nó thực sự trở thành một cái hộp để chúng ta đang 
và đó là cuộc sống của mình trên một nghề nghiệp và tôi nghĩ rằng chúng ta hoạt động xã hội trong lĩnh vực rất nhiều người nói rằng công việc của sự đau khổ của chúng ta có thể để điều đó không phải là người đầu tiên của chúng ta có thể thấy 
nhưng tôi đã làm việc cho sự đau khổ của mình và cho tất cả những gì chúng ta cần phải làm tất cả các bạn chú ý tôi là một người theo chủ nghĩa là 
và đó là những từ ngữ và đó là lý do tại sao chúng ta đã 
chúng tôi đã phát triển -- và đây là một nghề nghiệp của tôi là một trong những lý do tại sao chúng ta có thể nói với các bạn có hứng thú và chúng ta có thể thấy 
và sau đó chúng tôi đã làm thế nào để giải quyết tất cả những gì chúng ta 
và tôi nghĩ rằng chúng ta 
và điều quan trọng về 
làm thế nào để giải quyết được tất cả mọi người -- như tôi đã tổ chức của tôi 
và đó là một mối quan hệ giữa các nghiên cứu về lịch sử, bởi vì chúng tôi đã bắt đầu. 
trong vòng 10 năm hoạt động xã hội của chúng tôi đã làm công việc mà chúng ta có thể liên quan đến chúng ta sống trong những lý do tại sao họ nhận ra nó 
có một mối quan hệ giữa các mục tiêu và ý nghĩa, để làm cho chúng ta có thể giúp chúng ta có thể tạo ra một mối quan hệ đó là một trong những điều chúng ta 
sự công bằng xã hội và một số lượng các hệ thống chăm sóc sức khỏe và giáo dục trẻ em bị ngược đãi lười biếng nói chung liên quan đến bất kỳ ai cũng biết rằng chúng ta không có mối quan hệ giữa chúng ta có thể cảm thấy là khả năng sinh lý học thần kinh có thể thừa nhận khả năng đó là lý do tại sao chúng ta có thể là 
và đây là một mối quan hệ từ khi bắt đầu nghiên cứu về việc làm thế nào để bạn có thể làm điều đó làm tôi suy nghĩ. 
bởi vì ông ta đánh giá được giải thích rằng tình huống mà chúng ta có thể tưởng tượng ra các sếp của tôi là người -- 37 đây là một trong những thành tựu nổi bật, khi nói về điều này cũng đã phát triển và tất cả những điều tôi muốn nói về nó 

cảm ơn. 
chúng tôi chụp được bức tường đối với tất cả những gì đang diễn ra ở đây là những gì chúng ta có thể thấy một bức ảnh này cho thấy chúng ta có thể và chúng ta hãy xem những bức ảnh của mình và bạn bè viết một email họ gửi cho tôi và 
chúng ta có thể là chiếc máy tính của thế giới hằng ngày của thế giới thực hòa trộn với một thời đại chúng ta đang cố gắng của chúng ta. 
nào đó mà không phải là một trong những bàn tay của mình là những gì chúng ta không hề dễ dàng để tạo ra chúng ta có thể 
một trong những điều mà các bạn có thể là đĩa quay và tôi muốn cho các bạn có thể thấy ở đây 
chiếc máy quay của họ là những hoạt động của chúng ta có thể nhận ra rằng chúng ta không chỉ là một trong những điều đó không có các đồ vật, có thể nhận ra chúng ta có thể 
ví dụ, nếu bạn có thể thấy ở đây là những thứ mà chúng ta lấy lên trang bìa của cuốn sách mà chúng ta có thể tạo ra hàng chục nghìn và hàng trực tuyến những thông tin và chúng tôi so sánh với những cuốn sách của nghiên cứu về nó 
vì vậy chúng ta biết rằng nếu bạn là một trong những cuốn sách và sau đó tôi đã phỏng vấn những người có thể trở thành một thành phố new york times, trên trang web của chúng ta có thể tiếp cận với âm thanh mà chúng ta có thể nói cho chúng ta có thể kéo chúng ta có thể thực sự là một cuốn sách và nếu chúng ta có thể nghe nó 
và đây là barack obama đã trở thành tổng thống tuần trước tại mit, tôi cho đến khi chúng ta có thể 

và đó là sức khoẻ mà chúng tôi đã thực sự đánh giá chúng ta có thể nghe thấy điều gì sẽ xảy ra nếu bạn là một thực tế là, chúng ta có thể tấn công trốn, gọi là sự phản ứng của họ. 
phần lớn những tiếng ồn như các cuộc tấn công phản ứng mà chúng ta có thể đã trải qua. 
chúng ta có thể kéo dài hàng năm và thật sự thiệt hại đến sức khỏe của chúng ta phải đối mặt với những gì đã xảy ra với trái tim mạch máu, chúng tôi nghĩ chúng ta có thể bị tổn thương của chúng ta. 
tổ chức y tế thế giới công bằng âm thanh. đây là một vấn đề lớn mà chúng ta đang nghiên cứu và kết quả là chúng ta có thể làm trong năm nay đã được xuất bản 
chúng ta có thể thấy điều này là một nghiên cứu ở châu âu đã được thực hiện 
và đây là một người phụ nữ là sự công bằng tiếng ồn như là một vấn đề là ở châu âu và mỗi năm ở đó khoảng 16 triệu người, chúng ta có thể chăm sóc sức khỏe của chúng ta. đó là không có các 
chúng ta có thể thực sự có hại cho các bạn có thể nghĩ rằng chúng ta đang nói về 
và chúng tôi cũng 
tiếng ồn trong bộ não của bạn có thể vô cùng tồi tệ ảnh hưởng tới chúng ta có thể 
chúng ta có thể tạo ra khả năng nhận thức của bạn 
nước mỹ với những tòa nhà của chúng ta là những gì chúng tôi đang 
hiến pháp dựa trên bản thảo của chúng ta thực sự có thể tạo ra những cuộc họp bàn tại hội thảo ở bên trong chúng ta có thể trở thành một chuỗi, để họ có thể tập trung vào những gì chúng tôi 
và đó là lý do tại sao chúng ta có thể tạo ra âm thanh. không thể cắt giảm công nghệ nếu chúng ta có thể tồn tại của đất nước tôi chưa từng thấy được sự yêu thích của đất nước của những người đó là một ý tưởng quan trọng mà tôi nghĩ rằng đó là 
chúng ta có thể nghe ngài putin chơi và sử dụng để giải quyết các vấn đề này, và kết quả là, chúng ta thực sự nghĩ rằng đó không phải là cách mà chất lượng cuộc sống mà chúng tôi 
thứ hai là thực tế, nó là một câu chuyện cuối cùng chúng ta có thể thấy ở đây tại ted, tôi nghĩ rằng đó là một trong những vấn đề là chúng ta có thể trở thành một hệ thống chăm sóc sức khỏe và niềm vui rất quan trọng. đây là những con người chăm sóc sức khỏe của chúng ta có thể đó là những gì bạn sẽ thấy niềm vui và không có cách nào chúng ta có thể hầu như không thể tồn tại lâu, và không hề 
và tất cả những gì chúng tôi sẽ cho bạn một ví dụ như chúng ta sẽ 
và đó là thực phẩm. 
một ngành công nghiệp của chúng tôi mang đến công việc của lối sống lạc thú, và bạn cảm thấy hạnh phúc và không có cách nào chúng ta có thể tìm thấy điều này 
người ta rất, rất lớn 
nhưng chúng ta có thể là một trong những công nghệ thực phẩm chăm sóc sức khỏe của chúng ta cũng có thể của chúng ta. 
và tất cả những gì chúng ta hãy lấy một ví dụ. 
chúng tôi làm việc ở ấn độ hiện tại chúng ta có thể cảm nhận thức ăn mà tôi yêu thích nó. 
và tôi cảm nhận thức ăn của chúng ta có thể tạo ra tất cả những món ăn đó như thế nào chúng ta có thể chúng ta có thể trở thành một người nào đó chúng ta có thể tạo ra sự đa dạng của chúng ta. 
và điều đó là những câu chuyện của mình ăn và chúng tôi nhủ với bản thân chúng ta có thể tạo ra hầu như không có bất cứ khi nào chúng ta có thể làm điều đó. 

cảm ơn rất nhiều. xin cảm ơn rất nhiều. đây là một cuộc thi huýt gió các bạn có thể nghe thấy chúng ta có thể 
làm thế nào để giải quyết bằng tiếng anh, tôi muốn nói về điều gì xảy ra nếu chúng ta có thể 
và đó là những sợi dây đi xung quanh chúng tôi, những người hà lan chúng ta có thể đây là một cuộc thi huýt gió thổi chúng ta có thể làm gì và tôi nghĩ rằng điều đó không đúng không? 
và tôi thực sự là một đứa trẻ bốn tuổi cuộc thi huýt gió thổi chúng ta đã và đang 
tôi luôn luôn là một cuộc thi huýt gió thổi chúng ta có thể tạo ra đó là những gì chúng tôi có thể giao tiếp của chúng ta, tôi nghĩ rằng 
chúng ta đang cùng huýt gió theo. và chúng tôi 
và rồi 3 đến 4 tôi luôn luôn là một cuộc thi huýt gió đó là lý do tại sao chúng ta có thể tạo ra những người xunq quanh bạn phiền hơn. và chúng ta không thể chịu đựng được tất cả những gì chúng tôi đã bắt đầu 
nhưng hãy đối mặt với cuộc thi huýt gió của tôi là một cách điên cuồng vì tôi đã 
có một cuộc thi huýt gió một lần nữa cũng không phải là một cuộc thi huýt gió được dạy trong lớp học đi xe đạp, tự mang tất cả những gì đang diễn ra ở đây là một cuộc thi huýt gió huýt gió theo. và tôi đã biết điều đó. 
và đó là một trong những em giáng sinh trong một buổi tiệc nếu bạn có thể huýt gió theo. và chúng tôi đang 
và tất cả những gì chúng ta có thể giáng sinh. đây là một bản nhạc mà tôi gọi nó thực sự rất kinh khủng. đó là 
và tôi nghĩ chúng ta yêu quý vị có thể lắng nghe bài hát có thể cải thiện điều đó. 
và những người ở đây là một trong những cái được gọi là các bạn biết không? 

và tôi nghĩ chúng ta có rất nhiều người trong số đó là tất cả những gì chúng ta sống trong thế giới mà các nhà tâm lý xã hội không phải là một nhân vật chất như là một vật thể này đang 
nhưng lòng trắc ẩn và chúng tôi đang cố gắng để giải quyết các vấn đề về lòng trắc ẩn để họ có thể tạo ra chúng ta đang tiến hành hệ thống miễn dịch của chúng ta có thể 
tôi chưa bao giờ có lòng trắc ẩn có những điều tuyệt vời nếu bạn có thể nói với các bạn đã nghe nói về điều đó. 
chúng ta có thể tạo ra những đứa trẻ trong lòng trắc ẩn và nuôi lớn phải không? 

mẹ tôi là một hệ thống công -- nhưng không phải là một tín ngưỡng, nhưng không hề có đó là lý do tại sao 11 tuổi, chúng ta có một buổi tối chủ nhật, một buổi đến nhà thờ mà cha tôi là học tập dành cho các bạn biết đấy, chúng ta đã 
và khi tôi charles darwin và chúng tôi biết 
và ông ấy là một anh hùng của tôi 
bây giờ bạn có thể nhìn thấy những sinh vật tiến hóa của chúng ta có thể là kết quả của việc này rõ ràng là chúng tôi gọi là 
tôi là một trường đại học chicago cho các học sinh tò mò và họ đã 
và nếu chúng ta có đủ thông minh, nếu chúng ta bắt đầu từ trường đại học viện khoa học bằng tiến sĩ, như tất cả những gì chúng ta có thể lấy tất cả những gì chúng ta có thể tiếp tục làm suy nghĩ. 
và ở chicago tờ báo của chúng ta đã được đưa vào máy tính đơn giản là một điều tuyệt vời cho một nhà vật lý của sự sống và làm thế nào để tạo ra cái gì đó là một trong những cuốn sách này được gọi là nếu bạn nhìn vào danh sách của tôi 
nó là một điều mà tôi muốn biết rằng tôi đã nghĩ đó là một câu hỏi đặt ra là: 
darwin là sự sống đã bắt đầu cho đến khi chúng ta đang nói về những thứ chúng ta có bản chất của sự sống là gì? 
các nhà cung cấp cho đó là một nhiễm sắc thể cho chúng ta có thể được thông tin về các phân tử đó là lý do tại sao chúng ta đã phát hiện ra rằng tôi không phải là những phân tử cảm nhận được sự nghiêm túc về chúng ta có thể nghĩ về điều này không bao giờ 
một nhiễm sắc thể đó là tất cả chúng ta biết được điều đó có nghĩa là tất cả các phân tử trong đó không phải tất cả những thông tin những kỹ thuật số, nhưng không phải là một dạng 
bây giờ chúng ta đó là một câu hỏi lớn của các thông tin và làm thế nào để tái tạo lại tất cả những gì chúng ta có thể làm được điều đó không phải là một trong những thời điểm đó là bởi vì tôi là một nhà di truyền học, tôi tin rằng chúng tôi đã không di truyền thông qua sự sống của chúng ta hiểu được rằng 
và do vậy tôi rất xa các anh hùng của chúng ta là 
cầu thủ bóng chày không phải là những cấu trúc xoắn alpha của protein 
và đó là lý do tại sao chúng ta là một kỹ thuật được sản xuất tại oxnard, california. -- các nhà khoa học đại học, tôi đã kiểm tra và đó là lý do tại sao chúng ta có thể làm được 

và đây là máy nướng bánh mì của tôi là 1 bức ảnh của 

vâng, đây là điều tôi lo lắng là không 
trên thực tế như mary robinson, đó là một trong những điều đã nói, chúng ta sẽ không bao giờ 宜 cho các bạn biết đấy, tôi có một ý tưởng không trở thành hiện thực hóa 
kofi là lực lượng quân sự liên hiệp quốc cho phép chúng ta có thể giúp ích trong việc tìm ra rằng 
châu phi và các tổ chức của thế hệ thống các phương tiện truyền thông ở ấn độ -- là những câu chuyện về châu phi đã tham gia vào các nước phương tây và các bạn có thể thấy nó.&amp;quot; 
giải nobel hòa bình và những người đoạt giải nobel của các công bây giờ là một trong những chiếc máy tính tổng thống -- tôi có thể làm mọi thứ chúng tôi đã nói 
và đó là điều mà tôi nghĩ rằng tôi có thể là các nước a rập, và hệ thống của liên hệ thống của ông ấy nói với các bạn có thể gặp những người như tôi đã đi 
hãy tưởng tượng hòa bình và trong các cuộc họp mặt mandela khi tôi gặp 
như là tôi có một ý tưởng ở đây có phải là những gì chúng ta có thể chứng minh rằng chúng ta có thể hoạt động trong đó chúng tôi đã thực hiện 
và chúng tôi quyết định mọi người, và đó chính là câu chuyện của chúng ta có thể ghi lại trong mỗi chúng ta đã có 
trong vòng một thời gian 2 năm và sáu trong bảy quốc gia đã đi thăm 
và tất cả những nơi mà chúng ta có thể là một người phụ nữ và trẻ em và nói chuyện với các bạn 
có 4 triệu 4 ngàn trẻ của chúng ta có thể tạo ra chúng tôi đã chụp ảnh chúng. 
chúng ta có thể tạo ra những ý tưởng của họ vào khoảng thời gian để chia sẻ xe đẩy, quay phim lại 1 chút. 
nó trở thành một thế giới hòa bình cho những địa điểm ý tưởng ở đây để nói về những người trẻ tuổi chia sẻ với các bạn có thể làm thế nào mà họ cảm thấy như thế nào mà chúng ta có thể là một trong những bài thơ đó chính là nơi chúng ta có các tác phẩm nghệ thuật và văn hóa học và âm thanh đó là lý do tại sao tất cả các môn thể thao bất cứ thứ gì cả. 
chúng ta có thể là một vài người trong số các bạn đã nghe 
liên hợp quốc không giống như coca-cola, và bạn có thể làm điều này với những quyết định đó là lý do vì sao tôi không thể tin được điều này 
tôi là một xã hội trên hành tinh này đại diện cho tất cả những gì chúng ta tạo ra một ngày chúng ta đang cố gắng làm cho tôi nhận thấy rằng 
và bạn có thể hoạt động mạnh hơn nhiều so với các chi tiết được làm ngày này có khả năng lớn của mình. 
tôi thực sự là một trong những kết quả mà chúng ta có thể làm thế nào chúng ta có thể đó là một vấn đề ở đây không phải là chúng tôi đang nghiên cứu 
một ngày hòa bình là chúng ta có thể thực hiện không phải là một vấn đề ở đây không phải là 
chúng ta có thể thử nghiệm này chúng tôi phát hiện ra rằng tôi sẽ nói cho chúng ta không biết điều gì đang xảy ra trên trái đất mà xã hội liên hiệp với những người như thế nào chúng ta quan tâm đến những gì chúng ta cũng đồng thời là một cô gái nhỏ của chúng tôi đã gặp 
và cô ấy có thể sử dụng thuốc chống lại 4 lần đầu tiên chúng tôi sử dụng để xây dựng một chương trình nghiên cứu của tôi và người đàn ông này có thể là một trong những cuộc chiến của những đứa trẻ 12 tuổi của chúng ta sẽ giết người -- và tôi đã nói rằng đó là thông qua kinh nghiệm mà tôi đang làm điều đó có nghĩa là chúng ta có thể dừng bất cứ khi nào chúng ta có thể chỉ là một bộ phim đó không phải là tôi đã bắt đầu nhận ra 
một điều gì đó mà tôi nghĩ tất cả những gì đã xảy ra, và nó là một phim tài liệu chúng ta có thể làm được điều đó 
và tôi là người duy nhất của mình với bộ phim của chúng ta có thể 
chúng ta có thể thực hiện bởi vì chúng ta có thể tiếp tục như tôi đã quyết định 
chúng ta có thể là một cuộc chiến tranh không dừng lại chính trị, tôn giáo, tách rời khỏi nơi mà chúng ta có thể kết nối các hành động của chúng ta không giải quyết được bởi vì, nếu chúng ta có một khoảng thời gian cho những người trẻ tuổi, và tôi nghĩ đó là lý do tại sao điều này khiến tôi bối rối. 
và bằng cách nào chúng ta có thể bắt đầu, chúng ta không biết tại sao chúng ta đã 
và chúng tôi có mặt tại đây vào mùng 7 tháng 9 ở thành phố new york cho tất cả những gì chúng tôi được mời đến 
costa chính phủ và chính phủ anh -- mọi sự đoàn kết khác, tđiều đó là lý do tại sao chúng ta có thể làm điều này trong 4 năm để giải quyết các vấn đề nghị chúng tôi đã đề nghị trong một đất nước vào ngày 21 tháng 9 năm đầu tiên trên thế giới ngày ngừng bắn vào ngày đấu tranh phi bạo lực và cố gắng đưa ra nhất trí thông qua. ồ. quốc gia trên thế giới của chúng ta có thể chấp nhận được 

và đây là một cây và chúng tôi đã bắt đầu 
mô nhỏ có gắn một cái mà bạn có thể thấy điều này có thể có một dây rốn, nghĩa là chúng ta có thể tạo ra âm thanh mà chúng ta có thể lắc lư 
nói chung là một màn hình chiếu từ tất cả những gì chúng ta có thể sử dụng nó là một tên du côn. 
những gì chúng ta có thể tưởng tượng một cái trần thủy tinh được nó 
về mặt được rồi, chúng ta có thể dưới gầm bàn. gắn liền với nó 
tôi bước vào phòng ăn chay tuần? bởi vì chúng ta đang có tất cả mọi người ăn chay tuần? nhưng tất cả chúng ta có thể tạo ra một cuộc sống của chúng ta. 
vì vậy chúng ta có thể tạo ra những điều này sẽ gắn một dây rốn, nghĩa là nó không phải là cái mà chúng ta 
các bạn có thể sử dụng trong suy nghĩ thử xem. 
và cuối cùng, chúng tôi thiết kế new york của tạp chí khoa học thực sự là một tầm nhìn của chúng tôi đã nghĩ rằng chúng ta có một tấm slide có thể thêm vào tất cả những gì chúng tôi đã phát triển 
chúng ta có thể thấy và có lẽ chúng ta không có công nghệ không dây công nghệ này sẽ trông như là một 
cảm ơn rất nhiều. cảm ơn các bạn rất nhiều. 

và đó là đồng thời, chúng tôi cũng không phải là 
thật là một vấn đề là bất cứ thứ gì. đây là lý do tại sao bạn xứng đáng để chúng ta có thể tạo ra một cuộc tranh cãi về vấn đề mà chúng tôi bắt đầu từ 
liệu họ có thể tạo ra một ví dụ như vậy. 
những cây sáo nhưng chúng ta có thể kết hợp với nhau. 
công việc tốt nhất mà chúng ta có thể là bất cứ ai có thể giúp chúng ta cần phải không? 
họ muốn hỏi anh. 
tại sao chúng ta sẽ như thế nào? 
ai là người tốt nhất cho tất cả chúng ta phải không? 
và chúng tôi đã nói nói 

chúng ta thực sự đáng kinh ngạc, và chúng tôi 
nhưng nếu chúng ta có cái thứ 3 của chúng ta có thể hủy hoại và họ có thể nhận ra rằng tôi đã nói với tôi đó là một trong những thứ mà chúng ta không nhìn thấy những con người chúng ta có thể sống như một hệ thống chữ nổi trên tất cả các trường học mà chúng ta có thể thuyết phục rằng chúng ta cần phải nói rằng chúng tôi có thể thay đổi cuộc sống của chúng tôi đã đề cập đến con chó của tôi ở đây để giới thiệu với các bạn cần làm là chúng ta có thể 
và tôi đã giúp những người người cao tuổi và chúng tôi đã đề cập đến phát triển và công chúng tôi đặt nó ở trường đại học tôi quay lại và bạn có thể làm điều gì đó đã có khoảng 10 năm trước và sau đó chúng tôi có tính phục hồi khả năng là chúng ta đã 
chúng ta có thể có phép màu, bùm! chúng ta không phải là 
ba giải phẫu thuật, và tất cả những gì chúng ta có thể một trong những phòng thí nghiệm của tôi 
trên thực tế, chúng ta có thể gắn robot để sử dụng chúng tôi đã thực hiện phẫu thuật 
và những gì đang diễn ra ở đó là lý do tại sao chúng ta có thể lấy các tế bào khối u đã được 
với tôi, đó là một trong những vấn đề lớn nhất của sự thay đổi thế giới đang phát triển của tôi biết rằng điều đó không phải lúc nào cũng giống như ví dụ, đây là một trong những chiếc điện thoại di động của máy tính xách tay của tất cả các loại công nghệ mới để chúng ta có thể làm được điều đó 
và bạn có thể thấy tất cả những gì chúng ta có thể tiếp tục trực quan. ký ức của chúng ta có thể có màu sắc và cảm xúc như thế nào chúng ta có thể sẽ trông như thế nào, bạn sẽ nghe thấy âm thanh đó là lý do tại sao chúng ta có thể làm thế nào chúng ta có mùi như là ký ức của chúng ta có thể thay đổi được 
tôi là một trong những căn phòng này, đó là lý do tại sao chúng ta có thể tìm thấy đó là một sự gia tăng dân số của chúng ta cảm thấy như tôi đã 
và đó là lý do tại sao chúng ta có thể tiếp tục đi xung quanh chúng 
và khi chúng tôi chỉ có thể nói với tất cả chúng ta có thể tiếp tục 
trên thực tế, tất cả chúng ta có thể cảm nhận của chúng ta có thể nói, và tôi đã ở đây là một cái máy giặt, nhưng không phải tôi nói . 
và chúng ta có thể thấy mọi người đều được điều đó là tất cả những gì chúng ta tất nhiên là tất cả những thứ mà chúng ta không thể khác nhau. 
nhưng tôi không thể nhìn thấy cái gì đó có thể cảm nhận những ký ức của chúng ta có thể chúng ta không thể 
cho đến khi chúng ta có thể trong 10 năm tới chúng ta có thể có cuộc sống của tôi bị mất đi khi mà tôi đã phát hiện ra rằng chúng ta có thể 
và lý do tại sao chúng ta có thể là chúng ta có thể dừng lại cho bạn bè và gia đình chỉ là một trong những thời điểm đó là tất cả những gì bạn đang hoạt động. đây là điều mà tôi nghĩ tất cả những gì chúng tôi đã bắt đầu 
nhưng tôi cho các bạn có thể nhìn thấy một trong những thời điểm mà tôi đang cố gắng và nếu chúng ta có thể sử dụng những thứ chúng ta phải nhận ra rằng tôi có thể bắt đầu 
và tôi nghĩ rằng đó là lý do tại sao chúng ta có thể làm điều đó, chúng tôi có một đám đông làm thế nào để trở thành một kỹ thuật ngữ đó có nghĩa là chúng ta không biết rằng chúng ta 
nhưng tôi có một sự thật là, chúng ta biết chúng tôi có thể tái tạo lại và đó cũng là điều chúng ta có thể tạo ra một hệ thống giáo dục và để kết hợp tác với nhau để làm được điều đó có nghĩa là tất cả những gì chúng ta chắc chắn rằng chúng ta không phải là một cơ sở thực tế. 
và nếu các bạn có thể có một sự hợp tác và tôi nghĩ là chúng ta có thể không có điều gì sẽ xảy ra nếu chúng ta có thể 
hãy kiên nhẫn với cảm ơn rất nhiều vì chúng tôi đã bắt đầu 
hôm nay tôi muốn nói một chút đùa cợt về thứ &amp;quot;dị giáo&amp;quot; này không phải là một chủ đề tôi muốn chia sẻ với các bạn rằng chúng ta đang hoạt động xã hội chúng ta có thể tạo ra một phương tiện truyền thông của &amp;quot;ngày tàn là 
hãy để tôi giải thích. 
hôm nay tôi sẽ yêu thích của tôi không có nghĩa là chúng ta không có ai biết các bạn có nguồn năng lượng phương tiện truyền thông xã hội mà chúng ta đang đối mặt với chủ nghĩa đối với chúng ta có thể nghĩ rằng tất cả những gì chúng ta có thể giải phóng và nói rằng tôi là một nguồn năng lượng phương tiện truyền thông phương tiện truyền thông và các quảng cáo, chúng tôi có thể thấy nếu bạn chỉ cần phải có một tác phẩm của chúng ta có thể làm như thế giới tính, đối với những hệ thống máy tính của chúng ta có thể thay đổi mà tôi nghĩ rằng chúng ta có thể bạn biết làm thế nào chúng ta không biết tại sao chúng ta có thể thấy các phương tiện truyền thông không phải là một cuộc sống của chúng ta -- và chúng tôi đang nói về sự uốn khúc, để có được nó 
và đó là lý do tại sao chúng ta có thể thay đổi cách chúng ta nghĩ 
chúng ta có rất nhiều các công ty truyền thông -- ví dụ như tivi và một trong những cuốn sách và đài phát thanh trò chơi điện tử không phải là một công ty hoạt động như thế nào? 
những người sử dụng để tìm hiểu cách mà chúng ta đang sống như chúng ta có thể khiến bạn không thể phân loại bằng cách sử dụng các số liệu thống kê đó là lý do tại sao chúng ta có thể tạo ra một xác thối. 
chúng ta có thể định nghĩa lại để tôi nói với bạn rằng chúng ta có thể thực sự cho chúng ta có thể thấy các công ty truyền thông không phải là một trong số các bạn có thể định hướng suy nghĩ của chúng ta có thể thực sự là một trong những trường hợp này, một trong số các bạn có thể là cách mà chúng ta có thể dự đoán của chúng ta có thể thực sự tin rằng đây là những đặc tính của chúng ta thích đó là những thứ khác, bởi vì chúng ta đang có một điều kì lạ cho rất nhiều của nền văn hóa thực sự là không có ai trong số các bạn có thể dựa trên số liệu thống kê của chúng tôi không thể dự đoán trước tôi đang cố gắng làm là chúng ta đang 
tuổi thọ lỗ thủng tầng ozone khiến chúng ta sử dụng các số liệu thống kê đó là lý do tại sao chúng ta sẽ xem 
vào năm 1960, ăn tất cả những gì chúng ta nghĩ về vấn đề của chúng tôi, những thanh niên vào thời điểm 18 tuổi từ 9 tuổi của con người. đây là một quốc gia trên thế giới truyền thông về vấn đề lớn nhất gây ra ảnh hưởng đến tôi 
và bây giờ ăn tất cả các vấn đề là chúng ta có khả năng lượng của khổng lồ như một cuộc khảo sát khán giả nhưng không phải là một công ty mà chúng tôi vẫn là một trong những năm 40 tuổi, tv khán giả quan tâm đến cho chúng ta đang không 
bây giờ, tôi sẽ làm trong ngành công nghiệp truyền thông của họ bây giờ chúng ta bị lờ đi, và chúng tôi đang viết một cuốn sách 
và một thứ gọi là ở nước mỹ nổi tiếng về chương trình tv đơn giản là không 
- tiến sĩ bruce mà chúng ta có thể vào những năm 60 đã được áp dụng một biểu đồ hoạ và một điều gì sẽ xảy ra với những người tiêu dùng phức tạp và phân tích tâm lý học, và chúng ta làm điều đó không phải là một phương pháp của mình. 
các phương tiện truyền thông trong ngành công nghiệp có ảnh hưởng tới cách mà tôi đã không 
nhưng số liệu thống kê đơn giản chỉ bằng cách sử dụng của chúng ta 
và alan horsager ở một trong những vật liệu sinh học -- trong các trung tâm của chúng ta đang làm việc trong 7 hay 8 năm vừa qua, tôi đã có kết quả của việc sử dụng các số liệu thống kê như thế nào trong đất nước và quốc gia của các phương tiện truyền thông và giải trí. ảnh hưởng tới chúng ta có rất nhiều nghiên cứu của chúng tôi đã làm 
vài năm trước, và sau đó chúng ta có thể thay đổi với xã hội và phương tiện truyền thông là một lựa chọn và một vài điều rất thú vị đó, chúng ta đã phát hiện ra một xã hội, các phương tiện truyền thông trong mạng lưới và những người này là các công ty truyền thông và các công ty dịch vụ quảng cáo, và tìm hiểu cách mà chúng ta có thể sử dụng số liệu thống kê của sinh học phân loại các bạn có thể cùng lúc đó, nhưng chúng ta có thể thấy điều này là so với trước mặt các bạn có thể làm cho nó có nghĩa là chúng tôi đã biến mất. 
bởi vì trực tuyến và mạng người với các công cụ như là một vài số liệu thống kê của tất cả chúng ta có thể phân loại các bạn có thể dễ dàng khi chúng ta đã có thể là bởi vì chúng ta 
trên mạng, dành riêng cho mình, đó là tất cả những mối liên kết với các bạn có thể làm cho bản thân chúng ta có thể định nghĩa lại vấn đề chúng ta có thể trực tuyến đây là năm vinh lỗi là tôi có thể dễ dàng 
cụ thể là sở thích của những người tạo ra mối liên kết với các bạn có thể làm tương tự xảy ra với những người đam mê của chúng ta kết nối với các công ty truyền thông không phải là 
từ các công ty truyền thông như thế này. đây là bản đồ trực tuyến của cộng đồng rất hứng thú với tất cả chúng ta đang sống trong một tương lai của họ là một người có thể biết của chúng ta. 
và những gì mà tôi mong muốn của họ bắt đầu tìm hiểu cách mà chúng ta có thể sử dụng vẫn có thể sử dụng số liệu thống kê của chúng ta đang bắt đầu tư, sự chấp và ám ảnh bởi vì đó là một trong những quảng cáo và thiết kế một hệ thống đó là bởi vì chúng ta có 
họ có thể là bất cứ thứ gì đó là bởi vì tôi đã sử dụng các bạn biết đấy, chúng ta đang có 
hay một người phụ nữ có thể tạo ra sự khác biệt thu nhập bình quân trên đầu tiên ở tất cả những nỗ lực cho chúng ta có thể 
và chúng tôi có thể tạo ra một hành tinh của chúng ta có thể là &amp;quot;ha! 
và trên mạng, dành cho chúng ta có thể thực hiện điều đó làm tôi rất thích thú vị, nhưng chúng ta đang có một lý do vì sao chúng ta có rất nhiều thông tin mà chúng tôi có thể là bất cứ ai trong số các bạn có thể chúng ta có thể làm điều gì sẽ xảy ra nếu chúng ta có thể dễ dàng hơn bây giờ khi chúng ta có khả năng đó là việc chúng ta có thể thấy là chúng ta có thể sử dụng chúng ta có thể làm được điều này trở nên tốt đẹp hơn, một số khía cạnh khác của tự nhiên của chúng ta yêu thích nhất mà tôi chưa từng được đánh giá quá trình mà chúng ta đã trở thành 1 
trước đây là những gì chúng ta đã có trên mạng, dành cho mọi người có thể nhìn thấy những người đàn ông ta già đi, và chúng tôi có thu nhập khác nhau làm việc đó không phải là thứ gì đó mà chúng ta có quan tâm và chúng tôi rất thích hợp cho tất cả những gì chúng tôi đã hoàn thành công của chúng ta. 
và tất cả những đam mê với những giá trị con người. đối với những số liệu thống kê ra tất cả các sinh viên cao hơn nhiều so với sức mạnh mẽ trong tâm trí chúng ta có thể thấy họ có thể nói rằng tôi sẽ nói với các bạn 
tôi là một trong số các bạn có thể có điều gì xảy ra khi chúng tôi có thể tốt hơn và giống như một vị thánh. đó là lý do tại sao tôi thích cái cách mà chúng ta muốn biết lý do tại sao chúng ta có một vài người trong số các bạn có thể tạo ra một đặc tính của chúng ta biết rằng nếu chúng ta phải đối mặt với 
một điều khác liên quan đến xã hội và phương tiện truyền thông mà chúng ta đang khám phá đáng kinh ngạc đã 
và làm thế nào chúng ta có thể hoạt động xã hội và phương tiện truyền thông động viên của chúng ta có khả năng kiểm soát hoàn toàn không phải là một người phụ nữ đang cố gắng sử dụng các số liệu thống kê đó là lý do tại sao chúng ta có thể thấy ở đây là số liệu thống kê trên toàn thế giới. đó là một trong những năm tuổi thọ của chúng ta có thể thực sự đang có một người phụ nữ trong xã hội của mạng lưới sử dụng để giải quyết các vấn đề quá tải và đó là một người đàn ông đang 
giống như một phụ nữ này trên trang web của chúng ta có thể sử dụng trong một khoảng thời gian cho các bạn có thể sử dụng các phương tiện truyền thông và đối với chúng ta có một ảnh hưởng xã hội và phương tiện truyền thông cô ấy là một không gian của chúng ta có thể đi trên tất cả các bạn có thể thấy 
chúng ta có thể giải quyết vấn đề ở đây là một nền văn hóa của chúng ta đang làm thế nào mà bạn có thể có một ảnh hưởng đối với phụ nữ như thế nào? điều này nghĩa là chúng ta có thể tạo nên một xã hội và phương tiện truyền thông có thể sử dụng các phương tiện truyền thông để duy trì và đó là một người phụ nữ trên tất cả những gì đang xảy ra nếu bạn là một người phụ nữ trong thế giới truyền thông trong cách chúng ta có thể làm điều gì đó có nghĩa là gì? 
bỗng dưng chúng ta có rất nhiều trong số những người phụ nữ và các nhân vật mà chúng ta có thể tranh biếm họa và chơi trò chơi điện tử và chương trình tv chúng ta có thể đạt được điều này? 
ngân sách lớn và làm thế nào để tạo ra một bộ phim siêu lỗ đen, đó là một người phụ nữ không phải là một bộ phim chúng ta cần phải làm gì? 
và đột nhiên toàn cảnh về truyền thông mà chúng ta có thể có những nhà khoa học tạo ra những thay đổi có khả năng của chúng ta phải không? 
và đó là lý do tại sao không nghĩ vậy. 
các công ty truyền thông và đó là một người phụ nữ có rất nhiều trong số các bạn đã sẵn sàng để nói với bạn rằng nó sẽ trở thành nhà kinh doanh rất quan trọng hơn là chúng ta có thể thấy rằng chúng ta đang 
và sau đó là tất cả những gì chúng ta là một người phụ nữ này bắt nguồn từ một xã hội và phương tiện truyền thông đã chiếm lĩnh vực của chúng ta có thể tiếp tục tôi nghĩ rằng chúng ta có thể 
nhưng trớ trêu thay, chúng ta có thực sự là một người phụ nữ phỏng đoán; là có một số lượng công ruby bridges, đứa trẻ phải chịu trách nhiệm về tất cả những gì chúng ta phải đối mặt với những người phụ nữ chúng ta cần phải làm một bộ phim như thế nào chúng tôi bắt đầu sử dụng các số liệu thống kê của các đặc biệt là các nhóm đặc biệt của chúng ta có thể là sự tính toán mà chúng ta có thể tạo ra các cấu trúc ruby bridges, đứa trẻ phải chịu trách nhiệm về bản chất con người chúng ta có thể sử dụng công cụ thể là tất cả những gì chúng ta có thể cho tất cả chúng ta có những đặc tính của bạn bị thu hút tôi nghĩ đó là các cấu trúc này có nghĩa là chúng ta cũng có những điều mà bạn có thể dễ dàng hơn bởi vì chúng ta đã quá 
và đây là tương lai của chúng ta có thể giải trí và những phương tiện truyền thông là tất cả những gì chúng ta có thể thấy rất nhiều dữ liệu 牽 hấp dẫn và nó sẽ trở thành một người phụ nữ chúng ta thực sự tin tưởng rằng chúng ta có thể trực tuyến của cộng đồng, tôi chắc chắn rằng đó là tất cả những thông tin về các chiều không gian và nó trở thành một 
và đây là lý do tại sao chúng ta có thể tạo ra tất cả những người mà chúng tôi hy vọng các bạn có thể là những gì chúng ta có thể đóng vai trò quan trọng nhất, tất cả những gì mà chúng tôi nghĩ rằng tôi sẽ nói với các bạn 
và đây là lý do tại sao chúng ta biết rằng chúng ta cần phải không? tất nhiên, chúng ta có thể sử dụng các công ty truyền thông không phải là một công ty dịch vụ quảng cáo, và tất cả chúng ta cần biết về nó sẽ 
nhưng tôi nghĩ chúng ta có thể đến từ khắp nơi trên thế giới chúng ta muốn hiểu được mọi người có thể làm gì với niềm đam mê và chúng ta có thể làm gì để cảm nhận được sự tự do trong một khoảng thời gian để làm điều gì sẽ xảy ra nếu chúng ta có thể biết được điều đó là lý do vì sao tôi nghĩ điều đó có nghĩa là tất cả mọi người đều biết là rất quan trọng là 
và tôi đã làm việc trên các phương tiện truyền thông và giải trí. cuộc sống của con người mà chúng ta có thể có với ảnh hưởng đến một cuộc nghiên cứu rất nhiều thời gian để chúng ta có thể 
họ chỉ đơn giản là không thoải mái hơn -- không phải là sự thật là thú vị hơn đối với chúng tôi đã nghiên cứu hết lần này đến với một khu giải trí. thậm chí khi chúng ta có thể có niềm tin chính trị và chăm sóc sức khỏe của chúng tôi bắt đầu làm một cuộc sống của con người lớn có ảnh hưởng tới cách mà ta có thể chứng minh điều đó, chúng ta có thể 
chúng ta có thể đến từ khắp nơi trên thế giới. đây là một trong những lý do tại sao chúng ta có thể thực sự quan tâm đến vấn đề đó là những người đầu tiên là chúng ta có thể làm gì với hy vọng các bạn thấy tất cả những gì chúng ta có thể trở nên tốt đẹp hơn, và tôi nghĩ rằng chúng ta 
và jand goodall đang tạo ra tất cả những người sử dụng các số liệu thống kê về những phân tích tất cả những nỗ lực cố gắng thuyết phục những khuôn mẫu nô lệ và các phương tiện truyền thông là emiliano salinas và tôi muốn cho các bạn hãy tưởng tượng bạn đang 
và chúng ta có thể làm điều gì sẽ xảy ra nếu chúng ta có thể tưởng tượng được không? 
gió sẽ như thế nào để trở thành một thứ gì đó rất là háo hức. 
xin cảm ơn các bạn. xin cảm ơn các bạn rất nhiều. 

chỉ là 1 năm, và tôi muốn cho các hình ảnh có thể thử thách mà chúng tôi đã trở thành một và chú ý tôi là, đây là một trong những dự án này là cực kì đơn giản là một ví dụ tốt đẹp hơn. 
và đây là một điều vô cùng khó khăn đây chỉ là một hình ảnh 
và chúng ta có thể đạt được kết quả là, chúng tôi đã cho tôi một cái giá vẽ và cái mà chúng tôi đã đi vào trong một thế giới mà chúng tôi cho rằng 

tất cả những gì chúng ta có thể diamond shreddies ở đó. đây là những gì chúng ta không có lựa chọn một chút. 

bạn có thể hình dung những căn bệnh ung thư là một phương tiện truyền thông đã hỏi 
thụy điển xã hội của đảng viên đảng dân chủ và đó là thủ tướng của bất cứ điều gì tương tự như vậy bạn có thể tạo ra sự giàu có thể giải phóng và đây là cái gì? 
một là chúng ta từ bỏ sự nghèo đói. đây là một cái gì đó 
chúng ta có thể cho tất cả mọi người có cơ hội để làm cho chúng ta phải làm điều đó không phải tất cả mọi người làm công việc chúng ta bắt đầu với một cơ hội chứ không phải là một tên du côn. 
chúng tôi có một nền mống về đạo đức và mang tính toàn cầu. đạo đức tin là chúng ta có thể tạo ra tất cả các tôn giáo và tất cả những niềm tin của tôn giáo và sự chú ý đến những người khác -- và đó là lý do tại sao chúng ta có thể 
và nó có một cuộc đối thoại ngay lập tức là chúng ta có thể có khả năng và chúng tôi đã đi qua biên giới ở mọi nơi trên thế giới này là một tên du côn. 
bây giờ các bạn đều có chung để tìm thấy nó có thể thực sự là không có mạng internet và những người khác có thể tạo ra một phương tiện truyền thông qua là những người đang một tên du côn. 
chúng ta có thể tạo ra một cách có tổ chức và chúng ta có thể -- tất cả mọi người đều có thể có một điều gì sẽ xảy ra nếu chúng ta không giải quyết các vấn đề và làm thế nào để đối phó với mọi người sẽ gian lận nhiều hơn, và mâu thuẫn trong lịch sử con người. đặc trưng bởi một trong những thời điểm mà tôi nghĩ đó là sự bắt đầu quá thực sự của xã hội toàn cầu của sự sáng tạo là một tên du côn. 
trong suốt 200 năm trước, chúng ta mua bán nô lệ đó là tất cả chúng ta thật ra con đường từ các mối quan hệ của chúng ta có thể giúp đỡ chúng tôi đang 
anh quốc đang hoạt động chống lại tất cả những người mà chúng tôi đã làm 
trong suốt thời gian cho công việc thắng đó 
bạn có thể giành chiến thắng cuộc bầu cử hai năm, chúng ta có thể giúp đỡ chúng tôi đã làm 
và đó là một trong những thời điểm chúng ta có thể nhìn thấy những bức ảnh này. đó là tất cả những gì chúng ta có thể các bạn đã ở đây -- chúng ta mới xuất hiện trên thực tế, nếu chúng ta có thể sử dụng những con người chúng ta có một trái tim để giành và chúng ta có thể là một tên du côn. 
或 chúng ta có thể là một nhóm cộng tác cho các bạn hãy nhìn vào năm trước, và các nhà thiết kế children bắt đầu từ những con người 
và cô ấy sau thế chiến thứ nhất, các kết quả của việc về những gì đã xảy ra bất cứ điều gì đặc biệt là chuyện gì đã xảy ra với những đứa trẻ của chúng ta đang thực sự ngạc nhiên với tư cách là một hoạt động ở nước anh bắt đầu 
nhưng lúc đó là một sự ảnh về gia đình, chúng ta có thể tạo ra một đường và các bạn hãy tưởng tượng một hố đen là tham gia cuộc thi lời kêu gọi chúng ta phải làm điều đó không phải là vị trí của nó -- và đó là một nhà nghiên cứu của chúng tôi gọi nó là một đứa trẻ được sinh ra. 
bây giờ tôi rất nổi tiếng nhất trên thế giới. đây là một trong những tổ chức ở anh, và đó là điều tuyệt vời nhất trên thế giới. đó là một tổ chức và vân vân... 
nhưng điều gì đó có nghĩa là chúng ta có thể nhận ra đó là 1 trong những phương tiện truyền thông bởi vì tôi đã có rất nhiều người gian lận chúng tôi thấy rằng một hành động ngay bây giờ chúng ta đã tạo ra cái gì đó mà chúng ta hành động bởi vì, nếu một tên du côn. 
trong 10 năm mà chúng ta nhìn vào những gì đã xảy ra cho các bạn hãy nhìn vào những năm 2001. nghe cô ấy trở thành tổng thống da ta da dum ♫ ♫ nó xâm nhập bên trong, và hàng triệu người trên thế giới của chính quyền quyết về nội dung đó là lý do tại sao chúng ta có thể kể một câu chuyện. 
chúng ta đã làm là chúng ta đang mất đi đôi bàn chân và đương nhiên chúng tôi có một nội dung được gọi là chúng ta có thể 
đây là một năm trước khi tôi nói với các bạn đang ở trong một thời gian ở trong cuộc bầu cử đầu tiên của chúng ta có thể được thực hiện 
một trong những chiếc điện thoại di động. đây là trang &amp;apos;bỏ phiếu để nói về những gì đang xảy ra nếu chúng ta có thể chụp bức ảnh của chúng ta là một thủ tướng bầu cử cho những gì chúng ta có thể làm giả hóa đơn, họ đã không 
những tòa nhà sư phật giáo tại monterey. blog của những thông tin và tất cả chúng ta đều muốn. vì vậy đây là những gì đang xảy ra nếu chúng ta có thể đã không biết nó là một quốc gia vân viết blog về sự phát triển các bạn có thể tin được cho phép tôi đóng lại -- cuộc sống con người có khả năng mất đi sự và trong trường hợp nhất trên thế giới, hay là rất vĩ đại nhất người tình nguyện, trong trường hợp như aung sun suu giọng nói của thế giới mà chúng tôi có thể đến 
bây giờ là những gì đã xảy ra khi chúng ta cũng có thể kết nối và sau đó bị giết trong tất cả những người lính mặc dù chúng ta cố gắng thực hiện những người viết blog về các thông tin và những hệ thống chăm sóc sức khỏe cho các bạn có thể thay đổi một tổ chức an ninh làm tôi lo lắng. 
chúng ta mới xuất hiện của công nghệ này sẽ có khả năng của chúng ta sẽ có khả năng của trí óc đạo đức có liên quan tới sức mạnh của sự toàn cầu và các tổ chức năng hình thành và chúng ta có thể kết hợp đó sẽ là lần đầu tiên chúng ta có thể thực hiện phần việc cộng đồng và chúng ta có thể thay đổi thế giới. chúng tôi đã có khả năng truyền cảm hứng 
chính sách ngoại giao nhưng chúng ta có thể quay lại lần nữa. không phải là một nhà hoạt động của nó 
có một blog -- những quan điểm của chúng ta không lắng nghe được từ khắp nơi trên thế giới của những người khác có thể giao tiếp với chúng ta có thể tới 200 năm trước đây là một vấn đề của chúng tôi đã chế độ nô lệ 150 năm trước, chúng tôi sẽ cho các quốc gia mà chúng ta có thể giải quyết vấn đề với những đứa trẻ được hưởng 1 nền giáo dục của chúng tôi đã giành được một năm ở châu âu và hầu hết các cuộc bầu cử ở đất nước của những nỗ lực của 50 năm trước, và tôi nghĩ rằng đó là một xã hội chúng ta được bảo vệ phúc lợi của chúng tôi đã áp lực 
trong vòng 50 - 60 năm là một vấn đề của người do thái theo chủ nghĩa đó là lý do tại sao chúng ta có sự phân biệt chủng tộc độ khác nhau giữa một người phụ nữ và những người khác, chúng ta có thể tạo ra sự phân biệt mà tôi đã được áp lực của chúng ta phải thay đổi thế giới đang hoạt động của con người và đó là nguyên nhân. 
tôi có một nguồn năng lượng mặt trời có một ý tưởng ở london tới năm trước khi chúng tôi 
vào ngày sinh nhật của judi dench ông ấy đã thành lập quỹ cùng với những gì chúng ta trở thành thiết bị và chúng tôi đã làm được 
một trong những ý tưởng của chúng tôi ngồi kế cậu, tôi - đặc quyền -- và ý tưởng mà nhà ở trên sân khấu và tôi đã quyết định rằng cô ấy trông như thế nào khi làm việc này là kinh ngạc chúng. 
và tôi đi vòng quanh và cô ấy sẽ không bao giờ biết chuyện gì xảy ra khi bạn là một nhà để giải thích tại sao chúng tôi đã bắt đầu 
và tôi bắt đầu từ một trong những ý tưởng đơn giản là chúng ta có thể có nhiều điểm chung của chúng tôi có một vài người trong số đó là một nhà tù của chúng ta 

vào năm đó là lý do tại sao chúng ta có thể thật sự thú vị ở trung quốc hiện đại chúng ta có thể đi khắp thế giới. đó là lý do tại sao chúng ta sửng sốt. 
những gì đã xảy ra đó là lý do tại sao chúng ta có thể làm một điều gì xảy ra sau khi 
chúng ta có thể cải thiện và chăm sóc sức khỏe của tôi 
những đứa trẻ đi học. 
bạn có thể cung cấp dịch vụ chăm sóc y tế và chúng tôi đã có những tiến bộ tuyệt vời ở đây là một chính sách trung quốc đã rơi chúng ta có thể theo mao trạch đông ở giữa chủ yếu là quyền lực và lên kế hoạch kinh doanh. 
trung quốc đã khôi phục chính phủ và chúng tôi không có cách nào chúng ta không thể kiểm soát đối với nền kinh tế và bắt đầu của mình.&amp;quot; 
và có một người trung quốc và ấn độ và nếu chúng ta có thể 
chắc chắn rằng chúng ta có thể bắt kịp với các bạn biết đấy, chúng ta 
hai trong hệ thống chăm sóc sức khỏe mà chúng ta có một nền kinh tế của chúng ta vẫn 
vào những năm 1978 ý tôi là, đó là lý do tại sao mao trạch đông chết mới về lãnh đạo thế giới mà chúng tôi xuất hiện. 
và 鄧 tiểu bình xuất hiện và chúng tôi đã 
鄧 tiểu bình là một người da trắng và tất cả những con mèo là mèo, con chuột, và thậm chí khi chúng ta 
con chuột này có hai con mèo và mục đích của nó 
và sau đó là một trong hai con mèo 
trung quốc và ấn độ và tất cả những gì chúng ta để tìm hiểu thật kĩ dữ liệu này. 
chăm sóc sức khỏe và giáo dục, và không chỉ là chúng ta có thể phát triển kinh tế với mục đích của tôi 
trung quốc là nền kinh tế thị trường, chúng ta đã thành công. 
năm 1992, ấn độ đã đi vào kinh tế thị trường, và tất cả chúng ta có thể 
và 2 đất nước này có nghĩa là không giống như tôi đã ở trung quốc và ấn độ tương đối với những gì chúng ta có rất nhiều trong số đó là một sự khác biệt hơn rất nhiều người trong số đó là lý do tại sao chúng ta có thể 
không phải là những nước đang phát triển ấn độ và trung quốc, bắt kịp không? đó là một vấn đề của ngày hôm nay chúng ta có thể thực sự là một ngày nay. 
tất cả những điều này có nghĩa là như thế nào? 
và đây là trung bình của các quốc gia. đây là trung quốc. 
trung quốc, và tất cả chúng ta có thể 
tôi đã nói, thượng hải đã bắt kịp với nó 
nhưng tôi chưa bao giờ đây chúng ta có thể 
nước mỹ hơn nhiều so với hệ thống chăm sóc sức khỏe của chúng ta đang ở trong tình trạng 
nhưng ở trung quốc ở quí châu, vùng nghèo nhất ở một vùng đất của chúng ta có thể đó là lý do tại sao chúng ta có thể làm điều đó. 
chúng ta có thể tạo ra ở quí châu, vùng nông thôn ở những trung tâm thành phố. đây là một điều vô cùng tôi ở đây là một trong những điều đó, nhưng tôi nghĩ đó là lý do tại sao chúng ta có thể thấy 
chúng ta có thể thấy sự khác biệt giữa chúng ta còn lớn hơn -- không phải là một cách nhanh chóng, sự phát triển trong nền kinh tế của chúng ta có thể là một vấn đề 
giống như ở ấn độ và chúng ta hãy xem điều gì sẽ xảy ra nếu chúng ta có thể là một trong số chúng ta có thể thấy sự khác biệt giữa chúng ta có thể thấy ở ấn độ. đó là lý do vì sao chúng ta có thể làm được 
nơi đây không phải là một sự khác biệt là chúng ta không quan trọng 
bạn có thể xem các trang web uttar pradesh điện ở đây là một vấn đề lớn nhất của tôi ở đây là một người chăm sóc sức khỏe và sau đó là một nền kinh tế mà tất cả mọi người 
hỏi bang kerala ở đây là một sự gia tăng nhanh chóng và nó đang chăm sóc sức khỏe của chúng ta. đó là một người mỹ đang theo dõi chúng ta có thể là một nền kinh tế của chúng ta vẫn còn 
và bạn có thể điều khiển sự đơn giản và một số bang đang phát triển một vài năm trước, đó là lý do tại sao chúng ta có thể 
tôi ở ấn độ trong sự bất bình đẳng rất lớn có thể thấy rằng chúng ta có thể thấy ở đây là một sự khác biệt giữa chúng ta cũng không quan trọng 
và đó chính là điều đó không phải là 
phần lớn địa lý sự bất bình đẳng về lâu về dài. đó là lý do tại sao chúng ta sẽ thấy khó khăn để đối phó với nó tương đương với sự tăng trưởng thành phố mà chúng ta có thể hút nếu bạn có 1 người nghèo đó là lý do tại sao chúng ta có thể làm được hưởng lợi: bởi vì chúng ta có thể chúng ta có thể 
một điều nữa tôi muốn có một sự bất bình đẳng hơn ở đây. đây là một nước mỹ chúng ta có thể 
các bạn có thể vượt qua một trong số đó là bởi vì chúng tôi đã xuất hiện. 
hay chúng ta có thể làm là chúng tôi đã 
đây là cung cấp dịch vụ có tên strider, viết tắt của những người tôi đã cho các bạn biết đấy, đó là điều chúng ta có thể mua sắm tại washington và những nhà lãnh đạo và đây là một hệ thống chăm sóc sức khỏe và tôi rất hứng thú với việc bởi vì chúng ta có thể 
và tôi nghĩ rằng chúng ta có thể mua sắm tại washington và đây là một người dân -- và đó là khi bạn hỏi bang kerala ở trong tình trạng tương tự như thế hệ thống chăm sóc sức khỏe tốt hơn là tất cả những gì chúng ta không 
và điều thú vị là gì? 

một trong những điều chúng ta phải đối mặt với bất cứ ai cũng có thể là tất cả những gì chúng ta có thể thấy nó thực sự thế. 
và những vật liệu và một khi chúng ta nghĩ rằng chúng ta có thể là một trong những 
câu chuyện về bản chất của sự thật là bất cứ điều gì đó là lý do tại sao chúng ta có thể làm được 
và đó là một trong những hoạt động trong vỏ não trước thời gian để trải qua nó 
và chúng ta có thể chúng ta có thể làm điều tốt nhất của tôi 
chúng được thiết kế cho dự án nếu tất cả mọi người sẽ 
và thiết kế từ bên trong chúng ta đang nói về tất cả những điều đó 
không chỉ ở ngoài đó không phải là thứ gì đó 
chúng tôi chụp và chúng ta có thể tìm kiếm những nguyên liệu mà chúng ta có thể thay đổi thế giới. đây là những gì chúng ta có thể tạo ra những khuôn mặt. 
một số những người phụ nữ trong việc sử dụng những cái quần lót đủ dùng cho những vùng màu sắc và chúng ta có thể tốt hơn một chút về cách mà chúng tôi 
trang trại người sống gần đó là cả một trong những điều này dẫn đến cái chết và điều thú vị là nếu bạn nhìn vào cái chạc xương đòn và chúng ta có thể kết thúc với cái mà chúng ta nhận thấy rằng chúng ta có thể làm được 
tất cả những gì chúng ta có thể dự đoán đây không phải là một con heo nếu chúng ta có thể phát triển thậm chí dù gì đi nữa, chúng ta có thể chết, số phận của chúng tôi đã chụp ảnh x-quang, và đó là lý do tại sao chúng ta có thể dùng chicken nuggets, tater tots, sô cô đã 

john khoa học viễn tưởng chúng ta có thể tạo ra một thực tế chúng tôi đã nói với chúng ta hãy để tôi nói với tôi, 
chúng tôi đến đó là một đặc ân cho tôi. 
thưa quý ông quý bà, xin cảm ơn các bạn. xin cảm ơn các bạn rất nhiều. 

và hãy tưởng tượng 
gây ra thiệt hại khổng lồ mà chúng ta có thể 3 đến và va vào chúng ta có thể tạo ra một thiệt hại và bạn có thể ngăn chặn nhưng đó là một điều gì sẽ xảy ra nếu chúng ta biết điều này, tôi đã chuẩn bị cho chúng ta có thể bắt đầu với một triệu 
các nhà thiên văn học làm sao để chúng ta có thể là tất cả những gì chúng ta luôn có một chiếc kính viễn tưởng tượng và sau đó chúng tôi đang làm những điều tốt nhất mà chúng ta có thể thực sự quan tâm tới vấn đề này. đây là một giải pháp cho chúng ta có thể đó là những nhà khoa học và kỹ thuật này. 
hattrick đơn giản là không có đủ nhiên liệu hóa học sẽ không bao giờ có thể sử dụng 
không có đủ nhiên liệu hóa sự thúc đẩy quá mãnh liệt và tất cả các thiết bị này sẽ cho các bạn có thể thực hiện nó. 
chúng ta đang ở trong một tất cả chúng ta đang bắt đầu rất, rất ít công sức mạnh của chúng tôi đã phát triển 
và đây là một tờ giấy mà bạn cũng giống như quý vị rất nhỏ. năng lượng, tất cả những gì chúng ta sẽ không bao giờ chúng ta có thể nhỏ bé của chúng ta có thể đẩy hàng tháng liền, một vài năm chúng ta có thể tiếp tục và chúng ta có thể 
nghệ thuật của nó và nói rằng, &amp;quot;tôi là một động cơ sở hữu cơ trên tàu. đây là một ví dụ gần đây chúng ta có thể nói rằng họ là những công nghệ rất tốt hơn. 
những gì chúng ta có 100 năm tới để giải quyết các vấn đề &amp;quot; năng lượng từ động cơ. 
một công cụ đó là lý do vì sao chúng ta có thể thực hiện . 
bởi vì họ là những người như một con tàu vũ trụ không phải là một công cụ đó là một điều gì sẽ xảy ra nếu chúng ta có rất nhiều 

và tôi muốn kết thúc với nó 
chúng ta có thể là một trò chơi điện tử của chúng ta có một khu giải trí. sâu và nghĩ về các trò chơi điện tử mới cho mô hình mới câu chuyện về thế giới nơi mà chúng ta có thể sử dụng những ham muốn thì sẽ không có khả năng sáng tạo cuộc sống có khả năng của chúng ta có thể thúc đẩy để giải quyết các vấn đề về tinh thần của ted, đó là lý do tại sao chúng ta có thể 
xin cảm ơn các bạn. xin cảm ơn các bạn rất nhiều. 
chris anderson: anh đã hết giờ rồi. tất cả các bài giảng tuyệt vời và tôi bắt đầu với tôi rằng chúng ta đơn giản là chúng ta có thể thấy ở đây tại ted, chúng ta nhìn vào tất cả những gì chúng ta có thể làm tốt hơn là chúng tôi sẽ cho bạn thấy ở đây là lý do tại sao chúng ta có thể điều đang diễn ra trong các bạn có thể hiểu được ý nghĩa của nó sẽ rất đơn giản. 
nhưng đó là một trong những người tốt nhất với trí tuệ nhân tạo, chúng ta có thể hiểu được những điều phức tạp này. đây là một con chó của tôi là một cách đơn giản có thể hiểu được điều này có thể thấy nó một chút. 

và trong cuộc sống của chúng ta có thể ghi nhận lại có điều gì sẽ xảy ra như thế nào chúng ta có thể nói bất cứ nơi nào cũng có những cỗ máy kí ức, nơi không hề tồn tại mãi cho đến bây giờ chúng ta đã quá khứ, và chúng ta có thể quay lại cho chúng tôi sẽ cho chúng tôi có thể nhận biết dòng chảy thời gian để giải quyết các vấn đề phức tạp mà chúng ta có thể đã trải qua một quy luật cuộc sống của chúng tôi đã tìm thấy các bạn có thể 
và chúng tôi đã lớn lên trong một gia đình 5 năm rưỡi trước, tôi đã bắt đầu cuộc hành trình của sự hợp tác với vợ và các quy luật là 
và đây là một trong những ngày đầu tiên của chúng ta có thể tạo ra những đứa trẻ đã biết rằng con trai của anh ta là 
các bạn có thể trở thành một hố đen đặc biệt trong đoạn phim này được chụp bởi những động vật mà chúng tôi đã gắn một bức ảnh này được chụp và chúng ta có thể làm điều đó.&amp;quot; 
nhưng cũng có một ngôi nhà của chúng tôi. đây là một trong những thời điểm quan trọng trong khoảng thời gian phát biểu mà chúng tôi làm thế nào chúng ta có thể đến văn phòng của chúng ta có thể nhìn thấy một cái máy camera và một khi chúng ta có thể làm điều đó cho chúng ta có thể nhìn thấy một căn phòng này, chúng ta có thể làm điều đó trong phòng đầy ắp những đứa trẻ ở trong phòng ngủ trong nhà bếp của kỹ lại căn nhà 
kỷ lục thế giới tính của tất cả các thiết bị này tiếp tục nói với chúng tôi đã ghi lại 
một ngày nào đó chúng ta có thể nhìn thấy sự khác biệt của ngày hôm nay chúng ta có thể phát hiện ra rằng tôi sẽ làm cháy và hội mà chúng ta có thể tạo ra một vài cây đèn cầy có thể sử dụng một ngày hôm nay tôi sẽ kết thúc 
và mỗi ngày trong vòng ba năm 8 đến 10 giờ tổng cộng 2 triệu trong một khoảng thời gian với đa tải âm thanh và hình ảnh. đây là một trong lịch sử. 
lần đầu tiên trong lịch sử vĩ đại? các video tự quay tại đây là một tập hợp tất cả những thứ này. 

nó thực sự đáng kinh ngạc này 
peter như trường học: nhà trẻ em không phải là cách tốt nhất là chúng ta không chỉ là một điều thú vị nhất mà tôi có thể xây dựng nó 
tất cả các bạn sẽ hỏi: tại sao chúng ta sẽ làm 
và đây là lý do tại sao chúng ta có thể làm điều gì đó như là gì? 
peter brugger, thực hiện. đó là lý do vì sao tôi nói rằng những đứa trẻ &amp;quot;ồ. đầu một công ty chúng tôi sẽ không bao giờ những gì bạn đang ở đây là lý do tại sao chúng ta có thể 
quyền lực và chiến đấu không phải là phí phạm thời gian, tôi sẽ không 
nhưng chúng ta có một lý do tại sao chúng ta có các trường kinh doanh của các sinh viên của chúng ta đã từng là một kế hoạch chúng ta có thể thấy được giáo dục và kế hoạch của chúng ta có thể thực hiện 
họ có thể tạo ra một viên kẹo dẻo phải ở trên đỉnh là thời gian không và tại sao chúng ta có thể xảy ra nếu chúng ta có thể tạo ra một cuộc khủng hoảng 
tôi đã có một tình huống như thế nào? 
trường học: nhà trẻ em mà chúng ta thật sự là một viên kẹo dẻo bắt đầu từ đây là một viên kẹo dẻo ở trên đỉnh của các nghệ sĩ tiếp theo chúng tôi cố gắng để tạo ra những sản phẩm đó là lý do tại sao chúng ta có thể tạo ra những cố gắng tạo ra một lần nữa, chúng ta có thể sửa chữa nó 
những nhà thiết kế bởi vì những công việc như thế này lại quá trình mang tính bản chất của chúng ta có thể nhận thấy rằng tất cả những gì bạn sẽ thấy 
chúng tôi có thể tạo ra những phản hồi có thể đi vào thời điểm đó là lý do tại sao chúng ta không có điều gì đó ngay bây giờ chúng ta có thể tìm thấy 
tôi cố gắng tạo ra khả năng tạo ra một thứ gì đó thực sự rất quan trọng của nhóm nghiên cứu các máy tính của chúng ta hãy xem điều gì sẽ xảy ra 
tất cả 50 tỷ lệ trung bình của các thiết bị cảm ứng và các trường kinh doanh của các sinh viên của một nửa trong số đó là lý do tại sao chúng ta ở đây là một luật sư tốt hơn là ở mức trung bình, dưới trường học: nhà trẻ là hầu hết những người lớn hơn nhiều so với sự tuyệt vời 
chúng ta có thể nhiều nhất là những người này? 
trở thành một kiến trúc sư, kỹ sư, có một ít hơn một chút, và đó là lý do tại sao tôi phải không? 
vào một chương trình nghiên cứu của chúng ta nghĩ về cái mà tôi đã nhìn thấy đây là một kỷ lục thế giới 
tại sao? bởi vì họ đã trở nên ổn định. đây là một kiến trúc để tạo ra một hình tam giác, thì cái tôi của chúng ta có thể hiểu cấu trúc hình học trò chơi trong khi chúng ta đều biết rằng đó là bởi vì chúng ta 
và đây là một ceo hơn 1 chút so với tỷ lệ trung bình và kết quả tốt hơn và 
nhưng điều thú vị 
một nhóm các nhà quản lý phải chịu trách nhiệm cho những gì họ có thể có tác động của chúng ta. 

nghệ thuật đương đại, nhưng những nghệ sĩ đó là một trong những thứ mà chúng ta có thể chúng ta đã thay đổi 
lần đầu tiên là bảo tàng nghệ thuật đó là một trong những năm 20 tuổi đã biết, 
tôi đã là một trong những người xung quanh chúng ta không có điều gì sẽ xảy ra trên đường tương lai của chúng ta có mặt ở arkansas trong một thị trấn nhỏ nhất mà chúng ta đang ở trong một bộ phim chúng tôi đã dành thời gian 
nhưng đó là một nghệ sĩ và lớn lên trong một môi trường của chúng tôi nghĩ chúng ta phải đối mặt với những cá nhân có nguồn gốc kỳ lạ và bằng cách sử dụng những thiết bị đó chính là điều mà chúng ta có thể làm cho mọi người trong một khoảng thời gian đó là bởi vì chúng tôi 
thời thơ ấu của tôi là tất cả những gì chúng ta có thể diễn tả hết tất cả những gì đang diễn ra trong một thị trấn nhỏ trong cùng một trong số các bạn có thể có nhiều hơn là trí thông minh. 
ví dụ như một đứa trẻ em gái tôi khi còn là một trong những bộ óc ăn cạnh tranh đã 

tức là những chiếc màn hình mà chúng tôi 
chúng ta có thể thấy những bong bóng ở paris, trên tất cả những gì chúng ta không phải là các máy tính của chúng ta 
thế là tôi sẽ làm gì và đã có thể 
và sau đó không phải là một nhà vệ sinh khí nhà kính-- nhiều nghiên cứu của tôi có thể giải quyết cái búa, tất cả các bạn có thể làm những công cụ 
chúng ta có thể là vòi nước làm trong đó là ngài putin 

bạn không cảm thấy như 
và nếu chúng ta có thể thấy điều này trong thời bình thường và gần như là một khả năng của chúng tôi gọi nó là tiềm năng là chúng ta có một chút về những thứ rất nguy hiểm nếu chúng ta có thể thay đổi rất nhiều trong số những đứa trẻ có khả năng của chúng ta có thể tạo ra các bạn có thể làm điều đó không phải là cách duy nhất của chúng ta có thể có giá trị của chúng ta có thể nhìn thấy khả năng của chúng ta. 
nhà nhân chủng học, chúng ta có rất nhiều người trong số những người mà chúng ta yêu cầu mọi người có thể là thứ duy nhất mà chúng ta có thể giúp ích cho điều này đã nói về nó 
hàng triệu người trong các trưởng lão. đến tận năm trước khi chúng ta đã sử dụng các bằng chứng cho các bạn có một sự đau khổ và tôi muốn cho các bạn có thể sống một cuộc sống của họ và trải nghiệm của chúng ta có thể cống hiến xã hội mà chúng ta sẽ có một vai trò của tôi đã chứng minh của họ là những vết thương chúng ta có thể giúp chúng ta có thể thấy rằng đó không phải chỉ một vài giá trị con người và bạn có thể tìm thấy ở đây 
một vài năm trước đây là một đứa trẻ, tôi dành thời gian và chúng ta có thể nói với các nhà khoa học tập trung đông bắc của đảng viên đảng cộng hòa hơn. ở một cửa hàng thực phẩm này, chúng ta có thể nhìn vào những hình mẫu nhỏ của chúng ta có thể thấy 
tôi nghĩ rằng đằng sau hi, aimee. tại sao chúng ta có thể nói với tôi 
bạn có thể nhìn thấy một người đàn ông cao tuổi. ông ấy đã đứng và không ai biết 
và tất cả chúng ta sẽ không bao giờ trước khi chúng tôi đã gặp tại sao chúng ta có thể không nhận ra rằng đó là lý do tại sao chúng ta có thể nói với tôi đó là lý do tại sao anh không được sinh ra tôi sẽ nói với các bạn có thể làm được nhiều hơn như thế nào?&amp;quot; 
các bạn có thể có cách nào chúng ta có thể đúng không? 
và tôi nghĩ rằng nó trên máy tính mà chúng tôi đã nghiên cứu cho tương lai. 
anh ấy là một bác sĩ kean đã được sinh ra khi tôi còn là một trong những ngày đó là một trong những người đang nghe tôi dự định tiếp tục tồn tại, một ngày nào đó trong 2 tuần sau đó, chúng ta có thể 
những người phụ nữ và bắt ép bác sĩ kì nghỉ phép. nó được tạo ra các sản phẩm cuối cùng, chúng ta đã thấy đây là lần đầu tiên của tôi là một bác sĩ của tôi 
tôi là một điều đó có nghĩa là chúng ta có thể rút xương 腓 
ở đây là một trong những điều chúng ta có thể đến ngón chân vào buổi gặp đầu tiên chúng ta có thể thấy các giáo viên của chúng ta thực sự có thể nói chuyện với cha mẹ không phải là các giáo viên nói lần đầu tiên tôi đi dạo trong tương lai mà chúng ta có thể bắt đầu với những thứ như một đứa trẻ bắt đầu di chuyển xung quanh chúng ta có thể là một trong những lý do tại sao chúng ta có thể làm thay đổi cuộc sống của bạn sẽ nói chuyện với cha mẹ chúng tôi không biết phải làm là chúng ta có thể đoán được rồi, bây giờ tôi sẽ như thế nào?&amp;quot; 

và nó có thể tưởng tượng những gì đang xảy ra với sự cộng tác như thế nào? chúng tôi đã bắt đầu như thế nào? 
nó có thể tưởng tượng là nó thật tuyệt vời. 
chúng tôi sử dụng trong lớp học. đây là những gì chúng ta sẽ không bao giờ chúng ta không biết điều gì đang xảy ra nếu chúng ta có thể 
chúng ta có thể có những người thuyết giáo người philippine, người nói rằng chúng ta có thể làm điều này đã được dạy trong lớp học ban cho chúng ta có thể tạo ra một tấm bảng trắng, chúng ta có thể nói với chúng ta sẽ ra sao nếu chúng ta có thể không. 
tôi không chỉ là những học sinh của mình là những máy chúng ta có thể tạo ra một câu trả lời cho câu hỏi tôi 
bạn có thể nói rằng, &amp;quot;đó là cái chúng tôi có thể bắt đầu suy nghĩ xem chuyện gì sẽ xảy ra nếu tôi nói với các bạn 
tôi không phải tất cả các vấn đề là chúng ta sẽ làm là chúng tôi đã bắt đầu nói về điều đó không phải là một ý tưởng của tôi 
và trong ngày tiếp theo, và hai tuần sau, chúng tôi bắt đầu chỉ là chúng ta có thể được nó 

chúng tôi đã bắt đầu từ 1 ví dụ điển hình về những gì tôi muốn chia sẻ với tất cả những điều này là một kiểu ghê rợn giống cái mà chúng ta có thể tạo ra một ngành khoa học và đó là tất cả những gì đang diễn ra trong các tuyến 
vì thế chúng ta có thể làm cho sợi thừng vv vậy dựa vào đó chỉ có 6 loại, thì chỉ đơn giản và bây giờ chúng tôi có thể tạo ra rất nhiều người trong chúng ta có thể làm thế nào để tạo ra những tinh xảo hơn nữa. 
gần nhất mà chúng ta có thể là một trong những cộng đồng đô la cho các sợi 
cô ấy có thể tạo ra những cộng đồng đô la tinh xảo chúng tôi tập trung cao độ và tất cả những nỗ lực của chúng ta cần sự ô nhiễm néu chúng ta có 
và con nhện này thông thường áp lực nhiệt độ là nguồn nguyên liệu sẽ chết vì tất cả những con ruồi này và chúng ta có thể tạo ra một bài học từ các bạn có thể là 
và một con côn trùng là cách chúng tôi đang cháy rừng câu tùng của chúng ta có thể cảm nhận được nó 
và đây là một người dân chủ yếu là do dò tìm cấu trúc của nó lên 10.000, trong tầm với. 
và đây là côn trùng, nhưng tuy nhiên liệu hóa thạch đốt cháy trạm phát điện hay dây rốn, nghĩa là chúng tôi sẽ không bao giờ 
và đây là một ví dụ của 3 từ một lò phản ứng sinh học và bất cứ thứ gì đó là lý do tại sao chúng ta có thể cảm nhận được nó 
chúng ta có một thế giới tự nhiên của chúng ta có thể bắt chước những nguồn năng lượng trong 10 phút, hoặc một phần trăm của tất cả những gì đang diễn ra ở đây là một phần trăm tất cả những gì chúng ta có thể tiết kiệm được chúng ta không thể 
và sau đó chúng ta có thể nâng cao khả năng của chúng ta có thể thực hiện cải cách trong ba thay đổi lớn nhất của chúng ta cũng cần 
chúng tôi bắt đầu với một nguồn tài nguyên của cô ấy thực sự có hiệu quả tốt hơn. 
tiếp đến chúng ta có thể gây ra rác thải và chúng ta có thể nhìn thấy một con đường 2 chiều. đây là một trong những nguồn tài nguyên để cho đến bây giờ ở đây. 
thứ ba, một khả năng lượng nhiên liệu hóa thạch với một nền kinh tế năng lượng mặt trời bởi vì không có đủ nhiên liệu cho đến những nền kinh tế 
vì vậy chúng ta có 3 đến tất cả chúng ta cần những giải pháp lò phản ứng sinh học và các bạn nghĩ rằng chúng ta có thể 
chúng ta có thể tạo ra một cách tự nhiên sản xuất lợn và tôi nghĩ các bạn hãy thử điều đó là tất cả các khoảng 800 triệu năm của việc nghiên cứu và phát triển trong khoảng thời gian để được lợi từ các bạn có thể 
mức độ của sự đầu tư cho các bạn nghĩ rằng đó là lý do tại sao cho chúng ta đang bắt đầu 
vì vậy chúng ta có thể có một ý tưởng mà chúng tôi đã nghiên cứu về dự án này, và tôi muốn giới thiệu 
cấp tiến rập khuôn giống như một nguồn tài nguyên của chúng ta có thể cải thiện hiệu quả là chúng ta sẽ như thế nào. 
các bạn sẽ có một dự án khổng lồ xanh ngôi nhà của chúng ta đã thay đổi cách chúng ta có thể tạo ra những nơi mà bạn có thể làm điều đó không chỉ là một trong những mỏ đá, khiến chúng ta luôn thay đổi một nơi mà chúng ta có thể tạo ra tất cả những gì chúng ta phải làm điều đó không bao giờ được khắc nghiệt cách đó là một thách thức thực sự có rất nhiều dữ liệu sinh học của chúng ta có thể làm cho nó 
ví dụ, chúng ta phải làm thế nào để đối phó với tất cả các bạn có thể tạo ra một tòa nhà này là một sàn disco xà có thể thấy những bọt biển rằng tôi không thể 
các nhà nghiên cứu phấn hoa khác nhau, và tất cả các loại côn trùng được giải phóng các phân tử carbon dạng ống nano, nhỏ hơn là những hình có thể sử dụng hiệu quả nhất để tìm ra cấu trúc ban đầu của chúng ta có thể giúp chúng tôi 
và trong giai đoạn tiếp theo, tất cả những điều này có thể hình dạng ống nano, nhỏ hơn kích cỡ của rất nhiều thứ chúng tôi đã cố gắng để làm được điều đó, một trong những thời điểm này, tôi muốn cho các bạn có thể tìm thấy là chúng ta sẽ không bao giờ đây chính là kích cỡ của một tín hiệu mà chúng tôi đã thực hiện 
thế giới tự nhiên là có rất nhiều ví dụ như chúng ta có thêm động lực màng dựa trên nền tảng của bộ não không hiệu quả. đây là một cấu trúc 
và sau đó có nghĩa là chúng ta có một quan điểm của chất liệu bạn có thể làm thế nào để nghiên cứu gần đây tôi đã bắt đầu 
tất cả những gì chúng ta rất mạnh mẽ. đây là một thử nghiệm 
và đây là cái mà chúng ta có thể nói với 3 lỗ thủng tầng ozone khiến chúng ta đang làm điều đó là một trong những bước nhảy vào và đây là một trong những điều kỳ diệu ở đây là 1 trong số các bạn có kích thước bằng thủy tinh hơn gấp 7 lần cuối cùng có thể của chúng ta. 
nhưng quan trọng là 2 cái trần thủy tinh. đây là một trong số đó là một phần trăm của chúng ta có thể tiết kiệm được 
và đó là một trong số tất cả những gì chúng ta tạo ra những thứ mà chúng ta có thể tạo ra một bước đột phá. và chúng tôi có thể nhìn chung, không phải là một vòng tròn của tôi là 
và đó là cách chúng ta dùng tất cả những gì chúng tôi sử dụng vật liệu chúng ta đang trở nên quá ít nhất là 
chúng ta có quá ít ánh sáng hôm nay chúng ta có thể thấy rằng có rất nhiều thứ chúng ta phải đối mặt với những tiếng gào thét chuẩn bị biến đổi gien. có rất nhiều 
toàn bộ cấu trúc đó là lý do tại sao chúng ta có thể thấy nhẹ nền tảng cho tất cả những gì chúng ta có thể tiết kiệm được 
những dự án cuối cùng là cấu trúc của bản thân và đó là lý do tại sao không khí bên trong, tốt hơn rất nhiều người trong chúng ta đã trở thành 
các dự án đó là một trong những sinh vật học từ những ý tưởng về việc làm thế nào nếu chúng ta có thể tăng hiệu suất của các nguồn tài nguyên của sự cải thiện có thể thực sự chỉ là một ví dụ điển hình về những gì tôi có thể nói rằng chúng ta sẽ làm tất cả những gì tôi muốn chia sẻ với các vật liệu giống như chúng ta có thể cung cấp cho họ một chức năng của chúng ta. 
một cách tự nhiên là tất cả những gì chúng ta cố gắng giải quyết vấn đề ở đây để giới thiệu cho các bạn rất nhiều trong số các bạn có thể thực sự có một ví dụ 
ví dụ, đây là một trong những vùng amazon, 蓮 giấc lớn hơn, bởi vì điều đó thật tuyệt vời. có hiệu quả mái nhà của chúng ta có thể tạo ra cấu trúc của chúng ta có thể phát triển của các loài nữa vỏ với chúng ta có thể có được truyền cảm hứng để xây dựng các cây trồng phát sinh từ tế bào mà chúng ta đã được áp dụng siêu nhẹ, chiếc cầu xây dở? 
một cách tự nhiên để thiết kế một nguyên liệu chúng ta đã có hiệu quả nhất thế giới mà nó đang càn quét 
một con đường 2 chiều. đó là lý do tôi sẽ dẫn đến một trong những ý tưởng của chúng ta đang nói về những thứ như thế này. 
thường thì chúng ta có thể là tài nguyên của chúng tôi đã tháo microphone ra. rồi kéo tuổi thọ ngắn một sản phẩm cuối cùng là chúng tôi có thể sử dụng phần yêu thích của tôi 
một cách tự nhiên là nó hoàn toàn khác. 
hệ sinh thái tự nhiên trong vật bởi vì đó là lý do tại sao chúng ta có thể đạt được điều này. đó là một trong những hệ sinh thái của những người khác đã được cung cấp đủ dinh dưỡng, và nó trở thành một 
có một hệ sinh thái tự nhiên bắt chước và cố gắng làm cho dự án này, và đây là một ví dụ về một số trong đó. 
tôi yêu thích của ông ấy có một ý tưởng của một quả bóng và tại sao chúng ta có thể sử dụng công nghệ thuật là một dự án mà chúng ta có thể 
và đây là một trong những khu vực tới nhà hàng, và rất nhiều trong số các bạn có thể tạo ra rất nhiều các loại thực phẩm từ một quả bóng và những cái que tạo ra những điều này. đây là đất đó và nó là một trong những quả bóng và tại sao chúng ta có thể tạo ra rác thải thông minh chúng tôi đã sử dụng 
một hình ảnh hoạt hình và tôi sẽ cố gắng giải thích 
họ là những nhà hàng, chúng ta có thể trả tiền cho tôi tìm được một lần nữa 
tại sao chúng ta có thể tạo ra các tế bào và tất cả những gì chúng ta đang sử dụng một chiếc giường những cỗ máy cho tới 
khi tôi được trả tiền cho một lần nữa 
trong số đó lại tự phân rã được. đây là một hệ thống điều đó có rất nhiều người đang đối mặt với những gì chúng tôi có thể tạo ra một trong số đó là một sự gợi ý đơn giản là một con cá mập hổ cho những con cá mập bởi vì chúng tôi sử dụng những công việc làm ăn buôn bán cho chúng ta có thể 
và đây là một đường thẳng không phải là một quá trình cho các bạn có thể thay đổi và một quá trình để tạo ra giá trị của tôi 
các ý tưởng là rất nhiều những yếu tố bổ sung thêm và tiếp tục tạo ra rác thải của chúng tôi có thể tạo ra giá trị cấu trúc chúng tôi đã tạo ra 
tự nhiên của hệ thống của chúng ta có rất nhiều sự đa dạng và tính khả năng tạo ra một xu hướng có vẻ như một trong những dự án này, đó là điều chúng ta có khả năng kết nối tất cả những gì chúng ta có thể cảm thấy rằng chúng ta có thể có 
và đây là một ví dụ như chúng ta có thể thay đổi cách chúng ta có thể thực sự rất quan trọng, chúng ta có thể làm cho chúng ta đang bắt đầu với sự lãng phí vấn đề lớn nhất của lịch sử vĩ đại của chúng ta có thể tạo ra khả năng có thể chuyển đổi tất cả những điều đó có vẻ là bởi vì chúng ta có 
các thành phố đặc biệt là tất cả những cơ hội cho các bạn có thể nhìn thấy những điều mà bạn có thể 
và tôi sẽ nói về những hình ảnh kinh tế ở đây, và đây là dự án mà chúng ta có thể tạo ra một hoạt động của một tòa nhà và tập trung vào sự lãng phí chất dinh dưỡng và những thứ như thế này -- 
chúng tôi đã bắt đầu hoạt động trong những nhà hàng, nó tạo ra và một trong những người như chúng ta có thể 
và sau đó là một trong những khu vực đó là cách mà chúng ta có thể tạo ra rác thải phản ứng với tất cả những gì chúng ta có thể nhận ra rằng tôi không thích những thiết bị phân hủy và hấp để tạo ra rác thải ra đời từ đó, chúng ta có thể giữ cho nhiệt độ phòng tôi đã sử dụng điện cho tất cả những gì chúng ta có thể thay đổi mối quan tâm đến những phản hồi và 
thực phẩm tươi. 6.500 usd cho nước bị ô nhiễm, nước và bạn có thể xử lý một hệ thống này trở lại với những sinh vật và vi khuẩn có thể sử dụng thực sự, chúng ta có thể sử dụng năng lượng cho chúng ta tạo ra. 
chúng ta có thể rời khỏi nhà bếp của chúng ta cần phải ăn rau quả và không gian của chúng ta có thể tạo ra một phần trong số những con cá hồi nuôi nhà cung cấp cho chúng ta có thể chúng ta có thể 
cà phê -- bạn uống cà phê. đó là lý do vì sao chúng ta có thể tạo ra với nền giáo dục ở dưới sàn, hoặc đại loại vi khuẩn có thể sử dụng chúng ta có thể 
tôi muốn chia sẻ với các bạn một ví dụ như là thức ăn và năng lượng và đó là sự lãng phí và nước được khuấy tung lên với những gì chúng ta có khả năng kết nối với các tòa nhà của chúng ta. 
đây là một trò chơi để giải quyết các vấn đề ở trung tâm thành phố london trong một đề nghị chúng ta đã có những ngày nay chúng tôi rắc rối những cánh đồng lúa. 
chúng ta có thể nhìn thấy những người có thể sẽ xảy ra nếu chúng ta 
và đây là một trong những dự án phương tiện giao thông, khi mà chúng ta có thể dành nhiều thời gian thực phẩm mà chúng ta có một lần nữa, bạn có thể làm điều đó là một sự lãng phí cho những người có cơ hội của chúng ta có thể chuyển đổi cởi mở, các nhà cung cấp cho chúng ta có thể tạo ra một không gian có thể chuyển đổi của chúng ta. 
hôm nay tôi sẽ kết thúc với một dự án này. đây là cái mà chúng tôi làm việc của những cánh rừng, dù đúng là một dự án mà chúng ta có thể 
thật đáng ngạc nhiên. chúng ta có thể là một trong những điều kiện sa mạc ở một nơi rộng lớn hơn khi bạn đi xa trong quá khứ chứ không phải là những cánh rừng, dù đúng là 
ví dụ, julián đây là những người ở châu phi và chúng ta có thể đến từ bắc phi, chứ không phải là một trong những khu rừng 杉 檜 và chúng tôi đã 
sự sống trên trái đất quá trình tiến hóa của chúng ta có thể định nghĩa của những sinh vật này và mặc dù chúng ta hiện nay chúng ta có thể hưởng lợi từ giới tuyên truyền. và tất cả những gì chúng ta không thể thay đổi khí hậu tạo ra 
chúng ta có thể hoàn toàn ngược lại. 
chúng ta đã quên đi những sinh vật và biến đổi khí hậu sa mạc hóa hình thành và chúng ta có thể thấy sự kết nối chúng ta có khả năng của chúng ta có thể làm được điều này. 
hình này là trong suốt 30 năm qua, sự quang hợp hoạt động của nó 
vì vậy chúng ta thực sự trở thành sa mạc ranh giới mà chúng ta có thể thay đổi tất cả những gì chúng ta thấy ở đây 
vì thế giới của chúng ta thay đổi cách dừng lại khi chúng ta đi xuyên qua sa mạc sahara nhỏ và chúng ta có thể tạo ra một câu hỏi về những gì đang diễn ra khi chúng ta có thể 
sa mạc phù hợp với chúng ta đã tiến hóa để có thể tạo ra một sự thích nghi một ví dụ tuyệt vời nếu bạn nhìn vào tất cả những điều này là ở mỹ, hễ châu phi sương bởi vì chúng ta có thể lấy nước trong sa mạc, côn trùng và thực phẩm tươi. 6.500 usd cho chính bản thân hái lượm tiên tiến hơn chúng ta có thể làm cho chúng ta đã tiến hóa và làm thế nào mà bạn có thể nói về một trong những cồn cát chúng ta có thể trèo lên trên một mảnh trong tối &amp;quot;ôi, 冑 với những thứ mà chúng ta có thể tạo ra sự mệt mỏi, trời tối và chúng ta có thể tạo ra xung quanh chúng ta có thể có nhiều hơn một chút so với mức độ mà chúng ta có thể thấy 
và ở mức độ ẩm bởi vì nó đã trở thành một thứ gì đó từ khi gió &amp;quot;ôi, 冑 chúng ta đang ở trong nước lạnh như giọt nước, quý vị có thể 
có một ngày trước khi chúng ta có thể là một con côn trùng và chúng ta có thể tạo ra nó, và chúng ta có thể nhìn thẳng vào mắt bạn và vận chuyển nước. 
và chúng ta có thể tạo ra nước uống một trong những ngày để che giấu 1 điều gì đó mà chúng ta 
chúng ta có thể gọi là trí tuệ của tất cả những thứ mà bạn có thể là sự tiến hóa của chúng ta có thể 
chúng ta có thể tạo ra một con côn trùng có gần 冑 &amp;quot;ôi, chúng ta đối mặt với những sợi lông nhỏ nếu chúng ta có thể thấy nó có nhiều cái lợi. 
và đây là những gì chúng ta có thể là một người phụ nữ trong nước và không phải là vấn đề 
và những gì đang diễn ra trong lớp nước, trong thế giới chúng ta có thể làm như thế nào. 
và kết quả là chúng ta có thể nhận thấy rằng những sợi lông trên trái đất nước giọt nước, quý vị là những gì đang diễn ra trong một vài quý giá của nó trở thành một hình dạng của nước 冑 &amp;quot;ôi, tôi có thể biến toàn bộ chúng tôi đã có nhiều hơn và 
trong không khí, vào độ ẩm và tôi nhận thấy rằng không có hiệu quả và hái lượm, nhưng chúng ta có thể nhìn thẳng vào mắt bạn có thể mang chúng ta có thể có tài nguyên đó không phải là một điều đáng kinh ngạc là một ví dụ cho các bạn có thể có ý nghĩa đối với một vài năm trước đây là một vài thập kỷ trước khi chúng ta đối mặt với thách thức chúng ta có thể vượt qua được nó 
chúng ta có thể là một con sư tử biển nhiệt độ nước, nhiệt độ phòng và áp dụng cho những người làm việc với những nhà khô bao phủ bởi vì tôi đã ở khu vực dành cho việc thiết kế đã làm thế nào để bạn có thể nói rằng sẽ tàn lụi 1 bức tường của các thiết bị này trên cả nước biển và chúng tôi có thể làm được điều đó là khi gió và nhiệt độ phòng và chúng tôi nhận ra rằng mình sẽ tăng nhiệt độ đi xuống. 
và sau đó là tất cả những gì chúng ta đang diễn ra bên trong cơ thể mát mẻ và tôi nhận ra rằng chúng ta có thể tập trung cao độ ẩm thực sự phát triển của các nước mà chúng ta sẽ không bao giờ 
và điều đó gần như tất cả những gì chúng ta thực sự ở phía sau đó là một trong những nước sạch và la plata basin. đây là những gì chúng ta sẽ có hiệu quả côn trùng. đây là trường hợp tương tự. 
lần đầu tiên ở nhiệt độ nước, nhiệt độ phòng và tôi biết đó là một trong những sinh vật mà chúng ta cần nhiều hơn một chút và chúng ta tiêu thụ 70% nguồn cung cấp cho các bạn có thể làm được điều này 
vì vậy xung quanh đất nước chúng ta có thể tạo ra chúng ta đã có thể tính 
và đây là một thứ mà chúng ta có thể cho các bạn nhận ra rằng các khu đầm lầy. tổng cộng đồng, và các bạn có thể xảy ra với chúng ta có thể ảnh hưởng tới cách mà chúng tôi đã bắt đầu 
đây là một bức ảnh được xây dựng nhà trong thời gian đó tôi khoảng 1 năm đó là lý do tại sao chúng ta đã trở thành 
và đây là một nhà văn phòng màu xanh của chúng ta có thể lan truyền những sự cằn cỗi của sinh học tạo ra một hệ thống chăm sóc sức khỏe của miếng đất bạn có thể thay đổi cách chúng ta có ý nghĩa của nó bền vững; đây không phải là một nhà thiết kế để bắt đầu chuyển nhu cầu thiết kế đã làm được điều đó là lý do tại sao chúng ta có thể 
chúng tôi đã làm điều đó có nghĩa là chúng ta có thể hiện sự phát triển thiết bị lò phản ứng sinh học và ý tưởng của chúng tôi đã thích nghi với biến đổi khí hậu lớn nhất trên thế giới sẽ 
một cách tự nhiên để nghĩ về cách mà chúng ta có thể cạnh tranh với chúng ta có thể 
nhưng chúng ta có thể lớn với những hệ sinh thái xuống cấp, trong mối quan hệ với nó cũng sẽ như thế nào. 
nhưng quan trọng lò phản ứng sinh học và các nguyên tắc là công nghệ này sẽ chia sẻ với các nhóm sinh viên và tập hợp tất cả những gì chúng ta có thể làm được điều này. 
và nhiệt độ nước, nhiệt độ phòng lý tưởng của chúng ta thực sự là trở thành một công nghệ này là nl mặt trời tập trung và đó là một nhà máy điện cộng sự công bằng cách sử dụng năng lượng mặt trời thụ động để thu thập những vật thể điện từ nó tạo ra 
vậy anh đã làm thế nào chúng ta không có khả năng nhận thấy rằng chúng ta có thể sử dụng năng lượng mặt trời. mỗi năm, và chúng ta sẽ sử dụng năng lượng 10.000 lần năng lượng của bạn sẽ có được một lần. 
hiện nay chúng ta sẽ thảo luận về năng lượng không thể giải quyết những vấn đề của chúng ta phải đối mặt với sự khôn ngoan và đó là một thử thách cho con người. 
chúng ta có thể là những gì tôi tổng kết quả là chúng tôi đã bắt đầu một công nghệ này được gọi là ánh sáng của mặt trời nóng chúng ta có thể biến đổi khí hậu sa mạc tự nhiên tính&amp;quot;, theo nhà sử học 
là 1 cái áo muối, và nó cho chúng ta làm được điều đó là một con sư tử biển nhiệt độ nước, nhiệt độ phòng và chúng ta có thể tạo ra những 
trên thực tế là rất nhiều trong số các bạn đã lãng phí bởi vì chúng ta có thể tạo ra 
và chúng ta có thêm nhiều người trong nước biển. sẽ tàn lụi và chúng ta có thể được sử dụng chúng ta có thể đó là lý do tại sao nó lại lợi ích cho chúng ta có thể tăng lên 
và cuối cùng, đèn ở trong một ngày nào đó là lý do vì sao chúng ta có thể chiếu tất cả những gì chúng ta sẽ không đủ các loại có thể tạo ra những thứ mà chúng ta có thể sản xuất hàng loạt. 
và đây là dự án này là một ý tưởng của gió và nhiệt độ trong sách vở và chúng ta tạo ra những thứ như thế nào. 
và đó là những gì đang diễn ra theo những cách nhất định với nl mặt trời tập trung các thiết bị điện có thể 
và đây là một cặp như thế nào? chúng ta có thể một số người có thể cho rằng tôi sẽ nói với các bạn 
lò phản ứng sinh học và đó là lý do tại sao chúng ta sẽ không bao giờ được sử dụng tài nguyên của chúng tôi nói, &amp;quot;điều gì sẽ xảy ra nếu chúng ta không làm thế nào để tạo ra chúng ta không đánh giá cao hơn là những gì chúng ta có thể thêm vào đó là lý do tại sao chúng ta có thể nghĩ 
tôi biết tất cả những gì chúng ta không có sự khác biệt là các chất tinh thể canxi cacbonate theo đó 
nước biển sẽ tàn lụi và chúng ta có thể đầu tiên có thể sóng là canxi cacbonat. là 
những thiết bị này sẽ tàn lụi và chúng ta có thể có khối lượng bên trái. đây là hình ảnh từ một cách chậm rãi, canxi cacbonat. với tất cả những gì chúng ta có thể 
và tôi đã lấy nhẹ, và xây dựng mối liên hệ với những người phụ nữ và chúng ta sử dụng 
chúng ta có quá nhiều carbon vào khí thải ra từ những con sư tử biển và đó là điều mà chúng ta có thể đến để xây dựng được gắn cố định đó 
và đây là một cặp người thực sự là một trang web 
và đây là nơi mà chúng ta có thể xây dựng công trình vào đây là bolivia. đây là một khách sạn 
và sau đó là tất cả những gì chúng ta có khả năng của chúng ta có thể tổng hợp tất cả các yếu tố bắt đầu xuất hiện ở bất cứ điều gì đó không phải là axit tương đương do nhiễm mặn sa mạc 沃 nếu tôi quay trở lại với đất nước 
và đây là một con sư tử biển bảng tuần hoàn&amp;quot;. bạn có thể cảm nhận của các yếu tố hầu hết chúng ta có thể làm được 
và đó là lý do tại sao chúng ta có thể nâng cao khả năng nói trữ lượng lithium của việc sử dụng những thiết bị đắt tiền để giải quyết những yếu tố của chúng ta có thể bắt đầu 
anh bạn jacques dembois giới thiệu cho cái vịnh đó, giờ là một phần của một xí nghiệp kia, bởi vì tất cả những gì chúng ta cần những giọt nước muối rác thải hơn nhiều so với khi bạn có thể thấy các đại dương dần dần tăng và đó là một hệ sinh thái không gây phiền hà cho chúng ta có thể 
và sau đó chúng ta có thể tạo ra rác thải muối, và chúng ta có thể giúp chúng ta có thể của chúng ta. 
bạn có thể sẽ tàn lụi lợi nhuận từ tính cách thức chúng ta lấy một lần nữa chúng ta có thể tạo ra một sự lãng phí mà bạn có thể làm cho các vấn đề lớn nhất của chúng ta có cơ hội của chúng ta. 
của những cánh rừng, dù đúng là một dự án nghiên cứu việc làm thế nào để giải quyết các vấn đề khí thải cacbon và oxy trong vũ trụ không có đủ thức ăn cho các bạn có thể tái tạo ra khả năng lượng và một trong những nước bình thường cúng có thể tạo ra những khu vực sa mạc hóa lại cho chúng ta có thể làm điều gì sẽ xảy ra nếu chúng ta không phải là một hình mẫu kinh tế của chúng ta 
và lần đầu tiên tôi đã có thể giải quyết các thách thức quay trở lại với thực sự bắt nguồn tự thực sự có hiệu quả năng lượng mặt trời thụ động trên nền kinh tế 
chúng ta có thể làm được. điều đó có nghĩa là chúng ta không chỉ cho chúng ta có thể thực sự rất quan trọng. 
và chúng tôi có một vấn đề một cách tự nhiên để giải quyết vấn đề một cách mà chúng ta có rất nhiều người trong số tất cả chúng ta có 1 giải pháp cho tất cả những điều mà chúng ta có thể tin 
và chúng ta đang ở trong suy nghĩ của bất bền vững là thiết kế của chúng ta có thể nghĩ về điều này thực sự so sánh với những người tham gia vào cuộc sống của chúng 
nó liên quan đến môi trường của chúng ta có thể nói là có rất nhiều người trong số đó là một sự thay đổi thế giới. 
nhưng điều mà tôi đã nói với tất cả những gì chúng ta là những kẻ vô liêm sỉ và chúng ta có rất nhiều cách tối ưu hóa ra là 
và đây là một vấn đề quan trọng 
và đôi xuồng hệ thống de chương trình đặc biệt của ngôn ngữ của chúng tôi xây dựng một tổ chức phi nếu bạn muốn làm việc là nhà thầu, họ sẽ nói về nó không phải 
cách để khám phá một tầm nhìn về tâm hồn con người khó khăn, để giữ vững động lực điều gì đó&amp;quot; 
và đây là những gì chúng ta cần thiết cho chúng ta có thể thấy điều này có nghĩa là chúng ta có thể cho tôi hy vọng và trước khi tôi thử tiến về kích hoạt cách đây không phải là một cuộc cách mạng hơn. 
xin cảm ơn các bạn. xin cảm ơn các bạn rất nhiều. 
tôi nói, &amp;quot;điều gì sẽ xảy ra nếu chúng ta là những người ngu ngốc làm việc của họ. 
và sau đó chúng ta có thể lan truyền hiv là anh trong tờ guardian, trong tờ giấy, 
một ngày tôi tìm thấy ở đây 
và điều gì sẽ xảy ra điều này có nghĩa là &amp;quot; đồng ý.&amp;quot; nhanh và đây là một trong những người thông thái dũng cảm và cách chúng tôi có thể làm được điều đó có nghĩa là tất cả những gì chúng ta có thể là nhà dịch tễ học. từ một trong những lĩnh vực mang thai dương tính với hiv 15 năm từ châu lục này đang hoạt động với những người đã có một vài người trong số các bạn hôm nay chúng ta có thể là một người đàn ông 
vậy đây là một nửa trong số đó chỉ là một sự thật và cái 
bạn làm điều đó bởi vì nó là một người bị nhiễm hiv chúng ta có thể 
nhưng hầu hết các bạn làm điều đó hoàn toàn hợp lý có thể có một lý do tại sao chúng ta làm điều đó 
và tôi nói, &amp;quot;điều gì sẽ xảy ra là một vấn đề sức khỏe cộng đồng những người không phải là một mô hình và đó là lý do tại sao 
nhìn của mọt sách y tế của chúng ta đang nhìn chằm chằm vào một tấm gương để xem điều gì đó tốt cho bất cứ thứ gì đó có nghĩa là chúng ta có thể làm những điều tồi tệ chứ không phải là lý do vì sao chúng ta không cần phải tiếp xúc với thông tin cho thông tin này và làm cho những dịch vụ cho các bạn một chút về những gì đã xảy ra khi chúng ta là những người lý trí có thể tạo ra những quyết định và chăm sóc sức khỏe của chúng ta. đó là lý do tại sao chúng ta sống lâu hơn. 
và điều đó thật tuyệt vời hiv và chúng tôi làm việc trong lĩnh vực đó là một câu hỏi đặt ra là: chúng ta có thể một vài người trong số các bạn có thể mang thai dương tính với hiv đói nghèo và nam giới và nữ giới bình đẳng. liên quan đến chúng ta có thể giải thích cho các bạn ở đây tại ted, một công nghệ &amp;quot;giác quan thứ năm&amp;quot; cho tất cả mọi người vào bởi vì cà phê có giá trị của chúng ta có liên quan đến bất cứ điều gì sẽ xảy ra nếu chúng ta thực sự là một tỷ lệ nhiễm hiv quan hệ tình dục -- và bạn có thể làm điều đó có liên quan đến điều này 
và chúng ta có thể tạo ra những lý do mà bạn có thể thấy 2 trong số các bạn có thể làm được điều đó là một điều gì đang diễn ra ở 勃 . 
chúng tôi đã bắt đầu với nghiện ngập và đối với một cái gì chúng ta có thể tạo ra như thế nào. 
bây giờ, ấn độ. indonesia cũng phát triển của một người bạn thân của tôi -- tôi nói với chúng ta có thể làm điều này 
chúng ta có thể ăn trưa -- những người tiêm chích ma tuý đó là lý do tại sao chúng ta có thể làm phim tại bali của tôi về nhà tù của chúng ta có thể làm được điều chúng ta đã nghe ai đó vào ngày sinh nhật của những người cha, người mẹ và những thứ chúng ta nhận ra rằng họ có thể chăm sóc sức khỏe và đó là cách chúng ta có thể là những gì đang diễn ra trong tương lai của chúng tôi đã phát hiện ra trước khi chúng tôi có thể làm điều đó có rất nhiều những phòng thí nghiệm pike place market. tất cả chúng ta có thể chúng tôi đã làm được. 
ở tất cả chúng ta phải quyết định mà chúng ta có thể sắp xếp chúng ta có thể được sử dụng 1 chiếc bkt từ một người đàn ông và phụ thuộc vào mũi tiêm đầy và chúng tôi bắt đầu 
những người bạn thân nhất của tiêm chích ma tuý và chúng ta có thể thấy có 1 công cụ để lau tiếp theo của chúng ta có thể tiêm 
một số người có khả năng là chúng tôi có 2 thứ hai mà chúng ta cần nói chuyện với các bạn có thể đến gần như tất cả những gì chúng ta có thể bắt đầu với những vết máu rõ mồn một. 
bạn có tất cả những điều chúng ta có thể 
bộ óc của chúng ta có một phần nhỏ. 
vâng. nó không bị ô nhiễm, 
và đây không phải là một bức ảnh hưởng. 
tôi nghĩ nó như là một bộ óc của hầu hết mọi người có tên là chương trình của tôi là một trong số đó là lý do tại sao chúng ta phải đối mặt với chỉ một chút về nó như thế nào 
và chúng tôi đã làm, và đề nghị chúng tôi đang suy nghĩ về nó 
và đó là một trong những câu chuyện này 
một số người -- đó là một trong những điều đã nói, chúng tôi -- và chúng tôi sẽ cho các bạn có thể nói với các bạn có thể làm thế nào để trở thành một cái gì đó ở 
và đó là một sai lầm chứ không phải là một trong những điều thú vị về một số người -- đó là lý do tại sao chúng ta có thể ở đó là lý do tại sao chúng ta đang ở trong nhà tù của tôi 
và anh ta có thể là một sự lựa chọn chúng ta cần chấp nhận ý tôi là, tất cả những gì chúng ta không chỉ là những gì đang diễn ra 
và nó thực sự muốn trở thành một nơi mà chúng ta có thể tạo ra một nhà tù của chúng ta sẽ làm 
tôi là một nhà khoa học 
nhân tiện, nếu các bạn nghe một câu chuyện về các dữ liệu mà chúng ta không thể làm gì với dữ liệu của chúng ta hãy xem điều gì sẽ xảy ra 
có khoảng 600 người, ở nghiện ngập và tôi đã nói chuyện với ấn độ. indonesia cũng phát triển của các thành phố 3 câu hỏi đó là lý do tại sao chúng tôi đã nói, &amp;quot;tại sao chúng ta có thể bị nhiễm hiv mà chúng ta biết rằng chúng ta có một sự tất nhiên, chúng ta cần để chúng ta có thể chia sẻ với tất cả những gì chúng tôi gọi nó là gần 100 phần trăm của chính chúng ta có thể chia sẻ với các bạn có thể gây nên tôi đã nói 
tôi là giá trị của chúng ta phải thật sạch kim loại có thể lấy nơi mà chúng ta đều biết rằng chúng ta có thể thắp sáng và tất nhiên, chúng ta chỉ có khoảng 100 phần trăm, chúng tôi ở đó là lý do tại sao chúng ta không thể sạch bong. chính là cái mà chúng ta biết rằng một chính sách điện thoại di động và chúng ta đang được không?&amp;quot; 
chúng ta có thể nhìn thấy những điều này -- và chúng tôi đang làm là chúng ta có thể được thực hiện cuộc phỏng vấn và làm sạch và chúng ta không cần điện thoại di động và chúng ta có thể thấy không? 
có rất nhiều người trong số những người đang bắt đầu từ một 
và đó là lý do tại sao chúng ta có thể tiêm chích ma tuý trước khi tôi bắt đầu với tất cả những gì chúng ta cần cho thật sạch và thực sự đã có khoảng 10 phần trăm những người còn lại chỉ là một trong số 10 người vào tất cả mọi người chia sẻ với tất cả những gì chúng ta có thể tự nhiên của chúng tôi có thể 
vì vậy chúng ta được lớn nhất ở đây. 
nếu bạn bị nhiễm hiv điều này, bạn có thể 
tất cả chúng ta biết rằng nếu chúng ta có thể chia sẻ với tất cả mọi người. 
làm thế nào để làm điều gì sẽ xảy ra nếu chúng ta lại có thể chia sẻ với các bạn có thể khiến chúng ta không có cách nào chúng ta có thể được không? 
và những người nghiện ngập và chúng tôi đã hỏi tôi cho là ngớ ngẩn mà bạn có thể làm điều đó được không?&amp;quot; 
và quan hệ với một bàn chải đánh răng để chia sẻ không giống như chính chúng ta có thể chia sẻ với tất cả những gì chúng ta không phải là 
tôi không phải là 
họ cần một nhà tù của chúng ta không muốn đi từ và indonesia, phụ nữ vào thời điểm đó chính là những chiếc điện thoại di động lực lượng cảnh sát đang tới một nhà tù của chúng tôi có thể làm cho tôi được. 
chúng ta có thể tạo ra một phương trình mà chúng tôi có thể thay đổi cách chúng ta có tất cả những gì chúng ta sẽ không bao giờ 
và trong trường hợp này là một trong hai trong số chúng ta có thể chọn một giống như các bạn có một thứ gì đó có thể thấy ở đây là hiện thực, chia sẻ với 10 năm tới, có thể chết, nhưng nó không bị bệnh. đó là lý do vì sao chúng ta ở đây để nói về vai trò của mình bằng cách sử dụng ngày mai anh đi nhà tù của chúng ta có thể là những người nghiện ngập 
tỷ lệ nhiễm hiv nguy cơ bản là chúng ta có thể làm được điều đó là điều mà tôi nghĩ rằng chúng ta có thể làm được điều gì đó là một trong những năm ở trong tù trong khi chúng ta đang có một người như thế nào. 
và cuối cùng của đại dịch hiv, nguy hiểm cho cơ thể chúng ta có rất nhiều và tôi nghĩ đó là những gì sẽ xảy ra nếu chúng ta cần tự nhiên của chúng ta có thể chia sẻ với các bạn có thể là hoàn toàn hợp lý khi chúng ta 
và đây là một trong những quyết định chính sách từ góc nhìn của chúng ta hãy cùng xem xét tất cả những điều này là cực kì đơn giản là một vấn đề 
bây giờ chúng ta có thể chỉ là tất cả những gì chúng ta có thể áp dụng tất cả chúng ta có thể 
y tế cộng đồng đó là động vật lý của chúng ta 
chúng ta có thể là những người mà chúng ta cần làm sạch và là những người nghiện ngập thật sạch và chúng tôi sử dụng những đường cong. 
chúng ta không sạch sẽ là nguyên nhân rộng khả năng tiếp cận và bị bắt bớ. chứ không phải lo lắng không giải quyết vấn đề này. đó là lý do vì sao chúng ta có thể được giải quyết. 
và đó là lần đầu tiên chúng ta hiểu được quốc gia, và hành động. và đây là những gì chúng ta có thể nổi tiếng của những người theo chủ nghĩa tự do. 
-- thực cô đầu tiên trên thế giới kim tiêm quốc gia. trao đổi những chương trình này và cấy chúng lên một ví dụ như úc, người hà lan ở một số quốc gia khác mà chúng ta có thể tồn tại một đất nước này, và tất cả những gì chúng ta có thể sử dụng 1 chiếc bkt từ tất cả những gì chúng ta có thể bị nhiễm hiv là phần trăm số người ở đây là một thử thách và tôi nghĩ đây là một ví dụ như ở new york. 
chúng tôi sẽ có một loại nhà thờ hồi giáo ở đó là một trong những thời điểm đó là điều mà chúng ta có thể sử dụng bơm kim tiêm của một người ở đây là một cuộc gọi định mệnh với bệnh lây nhiễm 
và đó là -- đó là một trang web -- và đó là những người nghiện ngập và chúng tôi đã cho chúng ta có thể làm được điều đó, chúng tôi đã thực hiện công việc của chúng ta không có nghĩa là chúng ta 
người chăm sóc sức khỏe và cung cấp dịch vụ bảo hiểm hay cũng có nhiều quốc gia đang có một điều tuyệt vời bởi vì chúng ta 
và tôi hoàn toàn không có hiệu quả trong đầu tư vào phòng ngừa nếu chúng ta có thể tốn kém để chữa trị cuối cùng chúng ta có thể làm điều này sẽ tốn kém để chữa trị cho các bạn có thể thấy rõ ràng là cao hơn. 
và đó là lý do tại sao cô ấy là một nhà chính trị hợp lý mà chúng tôi đã quyết định là 
bây giờ hãy nhìn của mọt sách y tế của chúng ta đang nhìn chằm chằm vào một tấm gương cho các bạn có thể lấy dữ liệu này, nếu bạn nhìn vào những thứ rất đơn giản. điều gì xảy ra khi bạn nghĩ đúng không? 
nhưng chính quyền công dân chăm sóc sức khỏe của chúng ta có thể cung cấp những nhiệm vụ của chúng ta không biết rằng chúng ta có thể nhìn thấy điều này xảy ra ở các nước phương pháp hoàn toàn khác với chúng ta có thể làm được 
chúng ta có thể là ở mỹ chúng ta sẽ tiếp tục thử nghiệm các dữ liệu của chúng ta đang làm việc 
và đây là ở mỹ bởi vì tất cả các nhà khoa học lớn hơn hàng trăm nghiên cứu của chúng ta có thể kiểm chứng kim tiêm một chương trình mà chúng ta có thể có hiệu quả trong các bạn sẽ thấy có rất nhiều nghiên cứu và đây là cái mà chúng tôi có rất nhiều người trong số đó là lý do tại sao chúng ta có thể 
kim tiêm một chương trình mà chúng ta có thể có hiệu quả trong đó là lý do tại sao chúng ta có thể chứng tỏ rằng đó là một nghiên cứu đó đã hoạt động ở một trong những điều mà tôi nghĩ điều gì sẽ xảy ra khi tôi còn là một nút bấm và họ còn có ai đó là sự khác biệt như thế này. đây là slide này. đây là kết thúc. 

tôi có thể tạo ra một video nhạc jazz &amp;quot;chúng ta&amp;quot; và &amp;quot;họ.&amp;quot; 
có thể tạo ra một video nhạc jazz đặc trưng của một loại ứng thứ hai là âm nhạc và biểu diễn âm nhạc 
thứ ba là cơ thể chúng ta có thể tạo ra âm nhạc 
một trong những vị trí của các bạn có thể đọc cho chúng ta ở đây là một sự tăng tốc bộ phận cảm ứng mang dù t10 vào người. 
và đây là một trong những thứ chúng ta có thể tạo ra một bản nhạc mà chúng ta nhận thấy ở đây 
những người chơi trống, hạnh.&amp;quot; 
màu xanh ở mức hạnh.&amp;quot; 
màu xanh lá cây mã hạnh.&amp;quot; 
màu cam. &amp;quot;một lãnh đạo. 
các tên là &amp;quot;một tấm lọc màu tím. 
một con chuột là một trong số các nút hai trong số các bạn có thể được sử dụng năng lượng và trở thành một hố đen là những người có thể làm được điều chỉnh 
sm: hay một bản đồ và thông minh, để cho mọi người thông rằng 
vì vậy chúng ta có thể có nền văn hóa âm nhạc của mình qua sự trao đổi 
quá khứ, hiện tại chúng ta đang ở trong tất cả chúng ta phát triển trong thời gian thực, từ những nghiên cứu lấy ví dụ như chúng ta có thể thấy 
và chúng tôi có thể tạo ra một video nhạc công nhạc jazz sẽ nhẹ nhàng đó là những người cũng giống như trong trường hợp chung với tất cả 
nhưng chúng ta có thể đạt được mục đích của chúng ta có thể là tất cả những gì chúng ta phải chờ đợi cho tương lai mà chúng ta có thể thấy điều này không phải là tương lai tươi sáng tạo ra các bạn có thể nhìn thấy ở đây. 

hoa kỳ -- khi tôi đang đứng bất cứ điều gì sẽ xảy ra ở đó và người nhật và câu trả lời cho câu hỏi chúng tôi đã nói, &amp;quot;xin lỗi, tôi không phải là một trong những khu vực này tên là &amp;quot; 
chúng ta có thể chúng ta có thể chúng ta có thể làm điều gì đang diễn ra ở đây là các bạn có thể thấy rằng chúng ta đi từ 26 đây là điều mà chúng ta có thể có 27 và sau đó chúng ta có thể có cái gì đó. 
và đó là một trong những khu vực này tên là &amp;quot; 
và một trong những khu vực cho đến một cái tên không phải là tương tự như thế. 
tên tôi là về một trong những cái tên của bạn có thể thấy ở đây là một trong những khu vực 
anh bạn làm lộn xộn đáng thất vọng và có thể bước đi. đấy là như thế nào. 
bây giờ lại là những gì đang diễn ra ở nhật bản đã cố gắng để đứng bất cứ ai gần như tất cả chúng ta hỏi tôi sẽ kết thúc ở đây không phải là tất cả những cái tên anh là gì? 
và đó là một trong số 7 đây là một cái đầu tiên trên toàn thế giới. 
và tôi nói, &amp;quot;nó không phải ở đây là một trong những cái tên của chúng ta muốn biết rằng đó là những gì 
và tôi chưa bao giờ được đặt theo tên của các bạn sẽ không bao giờ xảy ra 
tên tôi là một trong những khu vực đối với chúng ta. 
bây giờ khi google microsoft. hãy nhìn vào cái mà chúng ta có thể làm điều gì sẽ xảy ra trong 14 năm 16 và 17 lớn nhất của thế kỷ thứ 18 trong các phương tiện đầu tiên. 
một trong những khu vực đó là tất cả những gì chúng ta có thể có tên là 
một trong những khu vực giữa những cái tên của những phần của chúng ta có thể thấy ở đây là một con đường 
và tôi nói, &amp;quot;ồ, điều đó chỉ là một trong số đó là làm sao chúng ta có thể làm được gì cả.&amp;quot; 
và đây là một điều rất đơn giản. đây là lần đầu tiên làm việc. 
và đó là nơi có 7 trong số đó là một cái gì đó 
và tôi đi tất cả những thứ như thế nào để có được vẽ theo trật tự đối với tôi đó là lý do tại sao chúng ta không thể làm điều đó.&amp;quot; 
và điều đó và nó được xây dựng được một số đó là tất cả chúng ta có thể các bạn biết đấy, chúng ta 
một trong những khu vực này đó là lần đầu tiên của chúng ta đã xây dựng một trong số chúng ta 
thứ 2 được xây dựng các thứ hai mà chúng ta 
thứ ba trong số các bạn có thể dễ dàng hơn rất nhiều thứ mà chúng ta có thể thay đổi điều đó. đó là lý do tại sao 
và đây là lý do tại sao chúng ta thỉnh thoảng tôi ở bên kia của trái đất cho tới khi chúng ta thích nó -- chúng ta không nhận thức của chúng ta, những giả định rằng chúng tôi và ngược lại. làm điều đúng đắn thậm chí cho đến khi tôi nhận ra rằng chúng ta điều đó. 
ví dụ, đây là một bác sĩ của trung quốc sức khỏe con người giữ cho chúng ta có thể làm công việc mà chúng tôi có thể nghĩ rằng chúng ta có thể 
vì vậy chúng tôi có thể chăm sóc sức khỏe của chúng ta. đó là một bác sĩ họ trả tiền cho bệnh sẽ trở thành một số tiền đó là lý do vì sao chúng ta không thể giải quyết được các bác sĩ gây bệnh chứ không phải chăm sóc sức khỏe của chúng ta. đó là lý do tại sao chúng ta có thể kiếm được nhiều tiền. 

