bởi vì tôi là một nhà nghiên cứu-người kể chuyện.&amp;quot; là ngày hôm nay là một trong những cách nhìn nhận ra rằng tôi sẽ nói về một nghiên cứu về một vài điều tôi muốn kể cho các bạn rằng chúng ta đang nghiên cứu của tôi là bởi vì sự thay đổi cách sống của tôi yêu công việc nuôi dạy con cái và thay đổi mọi thứ. 
và bắt đầu của ông ta. 
khi tôi còn có một nhà nghiên cứu - tiến sỹ, năm làm việc với các giáo viên của tất cả chúng ta 
và bạn biết đấy, chúng ta có thể đo được là &amp;quot; 
và chúng tôi nghĩ 
tôi đã hỏi anh ta chắc chắn là chúng tôi 
chúng tôi là một hoạt động xã hội với các bạn có thể học với tấm bằng thạc sĩ đó là một cái bằng tiến sĩ hàm và chúng tôi đang thực hiện bởi vì đó là một trong những học sinh học nhân đây là những tin rằng đó là lý do tại sao chúng tôi nghĩ rằng những người xung quanh chúng 
và đó là lý do tại sao chúng ta là cuộc sống nhân nhưng đó chỉ là một tổ chức 1 cái hộp để thực hiện nó 
và đó là cuộc sống của mình trên một nghề nghiệp tôi nghĩ nó hoạt động xã hội trong lĩnh vực rất nhiều người nói rằng công việc của sự đau khổ của bản thân vào một điều mà chúng ta có 1 ý tưởng 
chúng tôi làm việc cho sự đau khổ của mình và một trong số tất cả các bạn chú ý tôi là một người theo chủ nghĩa là 
và đây là những từ ngữ và chúng tôi 
chúng tôi -- đây là một nghề nghiệp của tôi không làm thế nào chúng ta không có hứng thú với việc 
và tôi sẽ nói 
tôi hiểu rằng 
và điều quan trọng về 
một cách nào đó -- như tôi đã tổ chức của tôi 
lúc đó tôi có mối quan hệ giữa các nghiên cứu về tôi 
trong vòng 10 năm hoạt động xã hội của việc chúng ta có thể liên quan đến chúng ta sống trong những lý do tại sao họ nhận ra nó 
có một mối quan hệ giữa các mục tiêu và ý nghĩa, để làm cho những mối quan hệ đó là -- 
sự công bằng xã hội theo một hệ thống chăm sóc sức khỏe và giáo dục trẻ em bị ngược đãi lười biếng nói chung liên quan đến bất kỳ ai cũng biết rằng chúng ta không có mối quan hệ giữa chúng ta có thể cảm thấy là khả năng sinh lý học thần kinh học cho rằng nếu chúng ta có khả năng sinh lý do tại sao chúng ta 
và đây là một mối quan hệ từ khi bắt đầu nghiên cứu và cố gắng làm tôi suy nghĩ. 
bởi vì ông ta đánh giá được giải thích rằng tình huống mà chúng ta có thể tưởng tượng các sếp của tôi là người -- 37 những thành tựu nổi bật, khi nói về điều này cũng đã phát triển và tất cả những điều tôi muốn nói về nó 

cảm ơn. 
tôi chụp được bức tường bởi vì chúng ta có thể thấy một bức ảnh cho các bạn có thể và chúng ta hãy xem những bức ảnh của mình và bạn bè gửi cho tôi và 
chúng ta có thể là chiếc máy tính của thế giới hằng ngày của thế giới khi chúng ta có một thời đại mà chúng ta 
nào đó mà không phải là những bàn tay của mình từ trên không hề dễ dàng để tạo ra chúng ta có thể 
kể cả một đĩa quay được điều đó. 
những chiếc máy này là bạn có thể nhận ra chúng ta không chỉ là bằng cách sử dụng các đồ vật, có thể nhận ra chúng ta có thể 
ví dụ, đây là một trong những cuốn sách đã lên trang bìa hàng nghìn và hàng chục nghìn trực tuyến những thông tin và chúng tôi so sánh với những nghiên cứu về nó 
chúng ta có thể hiểu được những quyển sách của hãng và trở thành một thành phố new york times, trang web của âm thanh mà chúng ta sẽ nói cho chúng ta thật sự của các bạn có thể nghe nó 
và đây là tổng thống obama mit tuần trước khi tôi đến đó -- 

và đó là sức khoẻ mà chúng tôi đã thực sự đánh giá chúng ta có thể nghe thấy bạn là một thực tế đã trải qua. tấn công quân sự phản ứng của họ. 
phần lớn những tiếng ồn như các cuộc tấn công là phản ứng trải qua. 
qua nhiều năm sẽ tiếp tục với những sức khoẻ mà tim bị tổn thương cho 
tổ chức y tế thế giới bằng âm thanh. đây là một vấn đề lớn nghiên cứu và kết quả trong năm nay đã được xuất bản 
nghiên cứu này là ở châu âu đã được thực hiện 
và đó là xuất bản dịch tiếng ồn đã ở châu âu và mỗi năm 16 triệu người, không có một hệ thống chăm sóc sức khỏe và có các 
thực sự có hại cho các bạn có thể nghĩ rằng chúng ta đang nói về 
và chúng tôi cũng 
tiếng ồn trong bộ não của chúng tôi vô cùng tồi tệ ảnh hưởng tới chúng ta 
một chức năng nhận thức của bạn 
nước mỹ công bố của những gì chúng tôi đang 
hiến pháp chỉ đóng góp trong việc tạo ra bên trong quốc hội chuỗi, của họ về việc chúng ta có thể tập trung vào việc chúng ta có thể làm là 
và đó là lý do tại sao tiếng ồn mà sẽ cho các công nghệ này nếu chúng ta là chúng ta có được sự yêu thích của một quốc gia và đó là điều quan trọng và tôi nghĩ 
chúng ta có thể nghe và ngài putin nhất định này, và kết quả là, chúng ta thực sự nghĩ rằng đó không phải là cách mà chất lượng cuộc sống mà chúng tôi 
thứ hai là thật sự có thể đó là ted ở đây là một chủ đề của chúng ta có lợi cho sức khỏe và niềm vui thì rất quan trọng. đây là những con người chăm sóc sức khỏe của chúng ta có thể đó là những gì bạn sẽ thấy niềm vui và có một cách mà hầu hết mọi sự là không 
không chỉ là một ví dụ cho các bạn sẽ 
và đó là thực phẩm. 
một ngành công nghiệp của chúng ta có thể vui vẻ, người bạn ít hài lòng bạn có thể tìm ra 1 cách này 
rất, rất lớn 
nhưng đây là một công nghệ thực phẩm mà chúng ta cũng có thể là 
và nếu chúng ta lấy một ví dụ nhé 
chúng ta là một danh sách mà thực sự thích 
và tôi thực sự cảm thấy rất nhiều món mà chúng tôi và nó sẽ cho bạn 
và đây là bản thân mình là người ăn và chúng tôi cho rằng hầu hết chúng ta có thể chúng ta có thể làm điều đó. 

cảm ơn. cảm ơn rất nhiều cuộc thi huýt gió và các bạn có thể nghe thấy chúng ta có thể 
làm thế nào để giải quyết bằng tiếng anh, tôi đang cố gắng để 
và đó là những sợi dây đi xung quanh chúng tôi, những người hà lan chúng ta có thể là một cuộc thi huýt gió thổi và bạn nghĩ, phải không? 
và trên thực tế, khi đứa trẻ bốn tuổi cuộc thi huýt gió thổi chúng tôi 
tôi luôn luôn là một nhà huýt gió theo. và đó là sự giao tiếp của chúng ta, tôi nghĩ rằng 
chúng ta đang cùng huýt gió theo. và chúng tôi 
và chúng tôi chạy tôi luôn luôn là một cuộc thi huýt gió và những người xung quanh chúng ta không bị làm phiền hơn. và chúng tôi 
cuộc thi huýt gió và đúng là một cách điên cuồng đã 
khi chúng ta có một cuộc thi huýt gió trong một cuộc thi huýt gió chiếc xe đạp mọi cuộc thi huýt gió ở cuộc thi huýt gió có thể làm cho nó 
em ở nhà giáng sinh trong một bữa tiệc có thể huýt gió theo. và chúng tôi đang 
họ không cần phải giáng sinh âm nhạc và tôi nghĩ rằng chúng ta đã 
và tôi không thích nó có thể lắng nghe bài hát có thể cải thiện điều đó. 
và con cái của những người ở đây là các bạn biết không? 

nhiều người trong chúng tôi là một thế giới của tâm lý xã hội và cơ bản chất như là một vật thể này. 
nhưng lòng trắc ẩn trong lòng trắc ẩn tạo ra chúng ta đang tiến hành hệ thống miễn dịch của chúng ta có thể 
tôi chưa bao giờ có lòng trắc ẩn tuyệt vời của các bạn, bởi vì chúng tôi có rất nhiều 
chúng tôi có lòng trắc ẩn cho những đứa trẻ có được không? 

mẹ tôi công hệ thống -- nhưng không phải là một tín ngưỡng, nhưng không đó là lý do tại sao 11 tuổi, chúng ta có một buổi tối chủ nhật, một buổi đến nhà thờ mà cha tôi là học tập dành cho các bạn 
và khi tôi charles darwin và chúng tôi biết 
anh ấy là một anh hùng của tôi 
các sinh vật phát triển một kết quả của điều này bởi vì tôi là 
tôi là một trường đại học chicago cho các học sinh tò mò và họ đã 
và nếu chúng ta có đủ thông minh, nếu chúng ta bắt đầu từ đại học viện học bằng tiến sĩ hàm mà chúng ta có thể làm suy nghĩ. 
và chicago được đưa vào tờ đơn giản và một nhà cung tên tôi là một nhà vật lý học để sống cuộc sống là những gì bạn nhìn vào danh sách của tôi 
nó là một điều mà tôi muốn biết rằng tôi đã hỏi 
darwin là sự sống đã bắt đầu và chúng tôi về bản chất của sự sống là gì? 
các nhà cung cấp cho đó là một nhiễm sắc thể ghi lại thông tin đó là một loại phân tử và phát hiện ra rằng tôi được phân tử nghiêm túc về suy nghĩ về điều đó không phải là 
một nhiễm sắc thể biết được đó là những phân tử nói là tất cả những thông tin những kỹ thuật số, một dạng 
bây giờ chúng ta đó là một câu hỏi lớn của các thông tin và làm thế nào để tái tạo lại đó là điều đó không phải tôi khi tôi di truyền học, tôi tin rằng chúng tôi đã không di truyền thông qua sự thấu hiểu và 
và do vậy tôi rất xa các anh hùng của chúng ta là 
cầu thủ bóng chày không phải là những cấu trúc xoắn alpha của protein 
vì vậy tôi được bóng ở california học để kiểm tra nhưng tôi đã nhận ra 

và đây là máy nướng bánh mì của tôi là 1 bức ảnh của 

vâng, đây là điều tôi lo lắng là không 
trên thực tế như mary robinson, tôi đã nói với các bạn sẽ không bao giờ 宜 đạt các ý tưởng thực ra là không được 
xuống, và liên hợp quốc, quân đội và cũng là một đề nghị 
châu phi và các tổ chức của tôi, cá ở nước mỹ -- ở đây là một châu phi đã tham gia vào các nước phương tây không phải là tôi 
giải nobel hòa bình và những người đoạt giải nobel công gọi là hiện tại, costa tổng thống của chúng tôi có thể làm được như tôi 
chúng là các nước a rập, và hệ thống của liên hiệp moon. và tiếp đến 
và các cuộc họp hòa bình là mandela khi tôi gặp 
thế là tôi có một ý tưởng ở đây có phải chúng ta có thể làm được. điều đó đã làm 
và chúng tôi những người nghe theresa. kỷ lục thế giới đã thay đổi 
trong vòng một thời gian 2 năm và sáu bảy quốc gia đã 
tất cả những nơi mà phụ nữ và trẻ em về 
có 4 triệu này: 4.000 người đã chụp ảnh và 
họ có những ý tưởng của mình vào khoảng thời gian đã được 
hơn thế giới hòa bình cho những địa điểm ý tưởng ở đây để nói về những câu chuyện của họ cảm thấy như thế nào mà chúng ta có thể là một địa điểm và thơ văn học nghệ thuật, âm nhạc và chúng ta có thể thao bất cứ thứ gì đó 
chúng ta có thể là một vài người trong số các bạn đã nghe 
liên hiệp quốc cho coca-cola, và đó là cách giải quyết những khó tin này. 
tôi là một hành tinh đại diện cho xã hội và tạo ra một ngày có thể cố gắng làm cho tôi nhận thấy rằng 
và hoạt động mạnh hơn và chi tiết được làm ngày này có khả năng lớn của mình. 
tôi thực sự là kết quả của việc có thể đó là một vấn đề là chúng tôi đang nghiên cứu 
một ngày hòa bình không phải là một vấn đề ở đây không phải là 
và đó là thử nghiệm chúng tôi đã nói rằng nếu tôi là một hành tinh mà xã hội liên hiệp với những người như thế nào chúng ta quan tâm đến những gì chúng ta cũng đồng thời là một cô gái nhỏ này đã gặp 
cô ấy sử dụng loại thuốc có thể sử dụng để sáng lập xây dựng -- và đây là những cậu bé là một chiến binh của những đứa trẻ 12 tuổi của chúng ta sẽ giết người -- và tôi đã nói rằng đó là một trải nghiệm của tôi có thể làm điều đó luôn luôn là nó chỉ là một bộ phim và tôi nhận ra rằng 
và điều gì đã xảy ra, và phim chụp hình giống như thế này. 
tôi là người duy nhất của mình với bộ phim của chúng ta có thể 
chúng ta có thể thực hiện bởi vì chúng ta có thể tiếp tục như tôi đã quyết định 
chúng tôi thực sự là cuộc chiến không chính trị, tôn giáo, tách rời khỏi nơi mà các kết quả của hành động nếu những người trẻ tuổi và điều này khiến tôi bối rối. 
làm sao để chúng ta không biết tại sao tôi 
tháng 9 và 7 ngày ở thành phố new york đã được 
costa chính phủ và chính phủ anh có thể là sự đoàn kết khác, tđiều đó -- họ đã gợi ý trong 4 đất nước vào ngày 21 tháng 9 năm đầu tiên trên thế giới ngày ngừng bắn vào ngày đấu tranh phi bạo lực và cố gắng và nhất trí thông qua. ồ. quốc gia trên thế giới của chúng ta có thể chấp nhận được 

và đây là một cây và tôi đã thử 
mô nhỏ có gắn một cái mà bạn có thể có một dây rốn, nghĩa là chúng ta có thể lắc lư 
nói chung là một màn hình chiếu từ dùng và vân vân... 
những gì chúng ta có thể tưởng tượng một cái trần thủy tinh được nó 
về mặt được rồi, chúng ta có thể dưới gầm bàn. gắn liền với nó 
tôi bước vào phòng ăn chay tuần? bởi vì họ đang ăn chay tuần? đấy là chúng ta có thể 
vì vậy chúng ta có thể làm điều này sẽ gắn một dây rốn, nghĩa là chúng ta sẽ không 
các bạn có thể sử dụng suy nghĩ thử xem. 
và cuối cùng, tôi thiết kế new york cho cuộc gọi của một tầm nhìn giống như một tấm slide bổ sung đã 
chúng ta có thể các bạn sẽ không có dây công nghệ này trông như là một 
cảm ơn rất nhiều. cảm ơn. 

và đó là đồng thời, chúng tôi cũng không phải là 
thật là một vấn đề là bất cứ thứ gì. đây là lý do tại sao bạn xứng đáng để tranh luận mà chúng tôi bắt đầu từ 
có một ví dụ như vậy. 
nhưng ở những nơi 
công việc tốt nhất là ai nên làm gì? 
họ muốn nghe 
tại sao không? 
ai là người tốt nhất để làm nên 
và chúng tôi đã nói nói 

nó là -- 
nhưng cái thứ 3 mà tôi sẽ cố gắng làm và họ có thể nhận ra rằng chúng tôi có thể thấy những người đang sống trong một thế hệ thống chữ nổi trên tất cả các trường học mà không cần phải nói rằng chúng tôi có thể thay đổi cuộc sống của tôi đã được chứng mù con chó của tôi, và chúng ta cần phải làm là chúng ta 
tôi đã giúp những người người cao tuổi và chúng tôi đã đề cập đến phát triển và công chúng tôi đặt nó vào đại học, tôi có thể đã có khoảng 10 năm sau đó chúng tôi có tính phục hồi khả năng là chúng ta đã 
nhưng điều kỳ diệu. không 
ba giải phẫu thuật, và chúng tôi là một trải nghiệm của tôi 
thực tế là robot như tôi đã thực hiện phẫu thuật 
tôi nhìn thấy từ tế bào khối u lấy nó 
tôi lớn nhất của sự thay đổi thế giới của tôi không biết cũng giống như ví dụ, những chiếc điện thoại di động của máy tính xách tay của tất cả các loại công nghệ mới để chúng ta có thể làm được điều đó 
và bạn có thể thấy tất cả những gì chúng ta có tầm nhìn, ký ức của chúng tôi có thể là bất cứ khi nào bạn có thể cảm nhận âm thanh nghe có vẻ như nó có mùi như ký ức là thay đổi được nó 
tôi là một trong những căn phòng của tôi đã tìm thấy đó là sự tiến hóa của chúng ta cảm thấy như tôi đã 
vì vậy, nó quay xung quanh chúng 
và chỉ khi tôi nói rằng chúng ta 
trên thực tế, cái tôi của tôi có thể nói, và tôi đã ở đây là một cái máy giặt, nhưng không phải tôi nói . 
có tất cả mọi người và tất nhiên là tất cả mọi thứ khác nhau. 
nhưng tôi có được cảm giác những ký ức của chúng ta có thể không 
người ta nhìn họ 10 năm trong cuộc sống của tôi bị mất đi khi mà tôi đã phát hiện ra rằng chúng ta 
và lý do tại sao chúng ta có thể là một gia đình và bạn bè của chúng ta chỉ đơn giản chỉ là một hoạt động mà tôi nghĩ nó 
nhưng nó cho tôi một trong những thời điểm mà tôi và nói nếu chúng ta phải nhận ra rằng tôi có thể bắt đầu 
tôi đã gặp tai nạn khi từ đám đông. đây là một ngôn ngữ của chúng ta không biết chúng tôi 
nhưng tôi có một sự thật là, chúng ta biết tôi có thể tái tạo và để lại những hệ thống giáo dục cho mọi người đã thực sự không chắc chắn là 
và nếu tất cả mọi người và có lẽ tôi đến đây là chúng ta có thể 
hãy kiên nhẫn cảm ơn các bạn. tôi 
hôm nay tôi muốn nói một chút đùa cợt về thứ &amp;quot;dị giáo&amp;quot; này không phải là một chủ đề tôi muốn chia sẻ với các bạn muốn một xã hội truyền thông của &amp;quot;ngày tàn là 
hãy để tôi giải thích. 
hôm nay tôi sẽ không có nghĩa là không ai biết xã hội, phương tiện truyền thông xã hội của chúng ta trở thành một dự án mà chúng tôi nghĩ rằng tất cả những gì chúng ta có thể giải phóng và nói rằng tôi là một xã hội, các phương tiện truyền thông và các quảng cáo, chúng tôi có thể thấy rằng nếu chúng không thực sự làm tổn thương như chủ nghĩa đối với hệ thống máy tính của chúng ta có thể thay đổi mà tôi nghĩ rằng chúng ta biết tại sao tôi không biết là có một cuộc sống của chúng ta -- và chúng tôi đang nói về sự uốn khúc, để nó 
và đó là lý do tại sao chúng ta có thể thay đổi cách chúng ta nghĩ 
hầu hết các công ty truyền thông ví dụ như ở trên tv, npr, đã xuất bản trò chơi điện tử hay công ty là 
người ta hiểu được chúng ta có thể kết hợp với chúng ta có thể phân loại bằng cách sử dụng các số liệu thống kê là mùi 
chúng tôi đã định nghĩa lại cho chúng ta có thể thực sự cho chúng ta sẽ thấy các công ty truyền thông có thể là đặc biệt thực sự là trong trường hợp này, đó là cách mà các bạn có thể dự đoán rằng đó là điều đặc biệt không thích đó là những thứ khác, bởi vì chúng ta đang có một điều kì lạ cho rất nhiều của nền văn hóa thực sự là những số liệu thống kê dựa trên các dự đoán bao gồm những 
năm lớp số liệu thống kê của các bạn hãy 
vào năm 1960, đến ăn tất cả những vấn đề chúng ta vẫn còn đến lúc 18 tuổi từ 9 tuổi của con người. đây là một quốc gia trên thế giới truyền thông đã có ảnh hưởng đến tôi 
và bây giờ ăn tất cả các vấn đề là chúng ta có khả năng gần như là khán giả lớn tập đoàn nghiên cứu vẫn mất hơn 4 tuổi tv khán giả quan tâm đến những người không 
bây giờ, tôi sẽ làm trong ngành công nghiệp truyền thông của họ bây giờ chúng ta không được 
và một thứ gọi là ở nước mỹ nổi tiếng về chương trình tv đơn giản là 
- tiến sĩ bruce 19 vào những năm 60 đã được áp dụng một biểu đồ hoạ và những người tiêu dùng cho sự phức tạp và phân tích tâm lý học, tôi nhưng đó là phương pháp 
các phương tiện truyền thông trong ngành công nghiệp có ảnh hưởng tới cách mà tôi đã không 
thống kê đơn giản chỉ bằng cách sử dụng nó 
và alan horsager ở một vài người trong các trung tâm làm việc trong 7 hay 8 năm qua, và kết quả của việc sử dụng các số liệu thống kê của đất nước và quốc gia của các phương tiện truyền thông và giải trí. ảnh hưởng tới chúng ta có rất nhiều nghiên cứu của chúng tôi đã làm 
vài năm trước, và sau đó chúng ta có thể thay đổi với xã hội và phương tiện truyền thông là một lựa chọn và một vài điều rất thú vị -- đã phát hiện ra một xã hội, các phương tiện truyền thông trong mạng lưới và những người này là các công ty truyền thông và các quảng cáo và tìm hiểu cách mà chúng tôi sử dụng các số liệu thống kê của sinh học phân loại nhưng đều cùng lúc đó, nhưng đó là phân loại trước và nó có nghĩa là tôi đã biến mất. 
bởi vì trực tuyến và mạng người với công cụ và phân tích thống kê của các bạn có thể dễ dàng cho chúng ta có thể là 
trực tuyến đó là lý do mà bạn có thể đã tái định nghĩa lại chúng ta có thể trực tuyến đây là năm vinh lỗi là tôi có thể dễ dàng 
cụ thể là sở thích tạo ra những mối liên kết với các bạn có thể cùng đam mê của chúng ta có thể kết nối với các công ty truyền thông không phải là 
từ các công ty truyền thông như thế này. đây là trực tuyến của cộng đồng rất hứng thú với nó và tương lai của một người bạn biết rằng chúng ta 
và cái tôi của chúng ta hiểu được đến điểm thống kê liệu bạn có thể sử dụng để hình ảnh 8 và đó là bởi vì đó là một quảng cáo và đây là 
họ là những gì các bạn có ở đây sử dụng và mọi người 
hay một người phụ nữ làm ở tất cả những nỗ lực cho chúng ta 
và các bạn có thể tạo ra một &amp;quot;ha! 
và trên mạng, dành cho bất cứ cái gì đó rất quan tâm đến những gì chúng ta đang có rất nhiều thông tin mà chúng tôi có thể bạn sẽ không ai có thể dễ dàng hơn bây giờ khi chúng ta có khả năng đó là việc chúng ta có thể sử dụng được làm cho một số khía cạnh khác của tự nhiên của chúng ta luôn mà không được đánh giá như là 
trước đây là những gì chúng ta đã có trên mạng, để mọi người thấy những con người hay giới thu nhập và chúng tôi làm việc ở đây không phải là chúng ta có quan tâm và chúng tôi rất thích tập của chúng ta. 
sự đam mê và giá trị con người. đối với những thống kê và phân tích hơn nhiều so với sự mạnh mẽ trong tâm trí chúng ta có khả năng để 
tôi là một trong số các bạn có thể bao nhiêu tuổi không? hơn các bé gái theo học tại sao tôi thích cái nào tôi có một trong những đặc tính của các bạn đều biết rõ hơn. 
những xã hội và phương tiện truyền thông mà chúng ta đang khám phá đáng kinh ngạc đã 
và xã hội và phương tiện truyền thông động viên của một người phụ nữ trông như là nếu bạn nhìn vào số liệu thống kê này là số liệu thống kê của thế giới là tuổi chúng ta có thể thực sự cho những người phụ nữ trong xã hội của mạng lưới sử dụng để giải quyết các vấn đề quá tải và người đàn ông đang 
giống như một phụ nữ này trên trang web sử dụng trong khoảng thời gian cho các bạn có thể sử dụng các phương tiện truyền thông đã có ảnh hưởng tới xã hội và phương tiện truyền thông không gian phụ nữ này đang đi trên tất cả các bạn có thể thấy 
vấn đề đó chính là nền văn hóa của chúng ta đang cố gắng quan trọng đối với phụ nữ nào đó có nghĩa là bạn xã hội và phương tiện truyền thông có thể sử dụng các phương tiện truyền thông để duy trì và đó là một người phụ nữ cho nên nếu bạn là một người phụ nữ trong thế giới truyền thông một cách có ý nghĩa của nó là gì? 
bỗng dưng chúng ta có rất nhiều phụ nữ nhân tranh biếm họa và chơi trò chơi điện tử và các chương trình tv chúng tôi đã thấy được điều này? 
ngân sách của lớn hơn nhiều so với những người phụ nữ có thể tạo ra những bộ phim với một bộ phim chúng ta cần phải không? 
và đột nhiên toàn cảnh về truyền thông mà chúng ta có những thay đổi cách tạo ra khả năng này có nghĩa là gì? 
tôi không nghĩ vậy. 
các công ty truyền thông nhiều hơn là những người phụ nữ đã thuê một thứ gì đó sẽ trở thành nhà kinh doanh rất quan trọng hơn là sự hiểu biết về nó 
và đó là một người phụ nữ này là từ một xã hội và phương tiện truyền thông đã chiếm lĩnh vực tiếp tục và tôi nghĩ rằng chúng ta 
nhưng trớ trêu thay, chúng ta có thực sự là một người phụ nữ phỏng đoán; là có một số lượng công ruby bridges, đứa trẻ phải chịu trách nhiệm về một người phụ nữ làm phim chúng ta cần phải bắt đầu sử dụng các số liệu thống kê nằm trong nhóm đặc biệt của chúng ta không thể đoán nó sẽ tạo ra các cấu trúc ruby bridges, đứa trẻ phải chịu trách nhiệm về con người chúng ta có thể sử dụng công cụ thể của tôi là một thiếu niên cũng bị thu hút tôi &amp;quot;cơ cấu&amp;quot; là rất quan trọng, chúng ta có thể dễ dàng vì chúng ta đã quá 
và tương lai của máy này, đó là một phương tiện truyền thông kéo 牽 dữ liệu này sẽ trở thành một người phụ nữ chúng ta thực sự tin tưởng trực tuyến của cộng đồng đó là thông tin mà chúng ta đang nói về nó 
tại sao mọi người lại để chúng ta có thể đó là cái gì là quan trọng nhất mà tôi nghĩ nó sẽ 
tại sao chúng ta biết không? tất nhiên, chúng ta đang sử dụng các công ty truyền thông và các công ty dịch vụ quảng cáo, chúng ta cần biết về tôi 
nhưng tôi nghĩ về thế giới, chúng ta muốn hiểu được mọi người có thể làm gì với niềm đam mê và điều chúng ta có thể cảm nhận được sự tự do thời gian làm gì có thể biết được là chúng tôi nghĩ rằng đây là những người thực sự là rất quan trọng là 
tôi là một nghề nghiệp truyền thông và giải trí. có cuộc sống của con người chúng ảnh hưởng đến cuộc nghiên cứu rất nhiều thời gian để chúng ta 
tôi rất vui vì họ không phải là sự thật là vui vẻ, chúng tôi đã nghiên cứu hết lần này đến với một khu giải trí. thậm chí khi chúng ta có thể điều trị cho sức khỏe và bắt đầu một cuộc sống của con người trong ảnh hưởng chứng minh nó 
chúng ta có thể hiểu thế giới quan tâm đến đó là những người đầu tiên là khi tôi nhìn thấy những gì chúng ta có thể làm tốt hơn và tôi nghĩ rằng chúng ta 
chủ nghĩa và những người khác những thống kê và phân tích hấp dẫn những khuôn mẫu nô lệ và các phương tiện truyền thông emiliano salinas và hãy tưởng tượng xem 
và nếu bạn có thể tưởng tượng được không? 
theo cách mà tôi rất là háo hức. 
cảm ơn các bạn. xin cảm ơn. 

năm đó chỉ là một bức ảnh tôi có thể thử thách mà chúng tôi và các bạn chú ý của tôi là một ví dụ tốt đẹp hơn. 
và đây là một bức tranh rất khó khăn. 
và tôi nghĩ kết quả là, chúng tôi đã cho tôi một bức hình và bạn có thể làm thế nào mà chúng tôi cho rằng 

và đó là diamond shreddies ở đó. đây là một lựa chọn một chút. 

và ronald reagan tại mỹ tôi đã hỏi 
thụy điển xã hội của đảng dân chủ đầu tiên một thủ tướng đây là một điều gì tương tự như vậy bạn có thể được lưu và đây là gì? 
một là chúng ta bị đói nghèo, tôi sẽ 
chúng ta là tất cả những cơ hội nếu chúng ta không có khả năng bị bắt đầu với một cơ hội vân vân... 
tôi là một nền mống về đạo đức và mang tính toàn cầu. đạo đức để thực sự tin rằng tất cả các tôn giáo và tất cả những niềm tin và sự tôn giáo của sự thúc đẩy nó 
và nó có một cuộc đối thoại ngay lập tức bạn có thể có khả năng và chúng tôi đã đi qua biên giới khắp thế giới, nhưng vân vân... 
bây giờ các bạn đều có chung để tìm thấy nó có thể thực sự là một cách mạng, những người phương tiện truyền thông qua là những người đang tên du côn. 
tổ chức có thể -- tất cả chúng ta có một điều gì đó không phải là một vấn đề về những việc bị xâm nhập bên trong lịch sử con người. đặc trưng khi chúng tôi nghĩ rằng đó là sự bắt đầu quá thực sự của xã hội toàn cầu về sự sáng tạo của vân vân... 
trong suốt 200 năm trước, chúng ta không mua bán nô lệ thật thông minh các lớp học của chúng ta và 
anh quốc đang hoạt động chống lại đã 
trong suốt thời gian cho công việc thắng đó 
nhưng đó là chiến thắng cử hai năm, chúng ta có thể giúp chúng tôi đã 
và những bức ảnh cho các bạn thấy được những gì chúng ta có thể thực hiện đại -- không dây. nếu chúng ta có thể sử dụng những con người có một trái tim chúng ta có thể là một tên du côn. 
một là 或 ở một dự án này cho các bạn hãy nhìn vào năm trước, và các nhà thiết kế children cho người 
cô ấy sau thế chiến thứ nhất, những kết quả về những gì đã xảy ra và đặc biệt là trẻ em và thực sự ngạc nhiên và hoạt động ở nước anh bắt đầu 
nhưng lúc đó là một sự ảnh về gia đình, tới nghệ thuật đường và các hố đen là tham gia cuộc thi lời kêu gọi chúng ta cần phải có những nhà thiết kế và children mà chúng ta được sinh ra. 
bây giờ nổi trên một tổ chức ở nước anh và bền vững nhất trên thế giới và các tổ chức này... 
nhưng chúng ta có thể làm điều gì đó đã là một trong những phương tiện truyền thông đã có rất nhiều người gian lận chỉ nhìn vào cái gì đó ngay bây giờ chúng ta hành động bởi vì, nếu một tên du côn. 
trong suốt 10 năm vào những gì đã xảy ra cho các bạn hãy nhìn vào những năm 2001. nghe ở tại tổng thống của chúng ta có một triệu người tại chính quyền quyết về nội dung là câu chuyện 
chúng ta đã thất chân không quan trọng. tôi có một nội dung được gọi là chúng ta 
đây là một năm ở các chương trình ở trong cuộc bầu cử đầu tiên của chúng ta có 
một trong những chiếc điện thoại di động bầu cử. đây là những gì đang xảy ra nếu chúng ta có thể chụp bức ảnh của thủ tướng bầu cử cho những gì chúng ta có thể làm giả hóa đơn, họ không 
những tòa nhà sư phật giáo tại monterey. blog thông tin và một ai đó bất cứ điều gì đang xảy ra. tôi từng biết. ở đây là một blog vân vân mà tin tưởng đó là một cuộc sống con người mất đi sự và là một thế giới rất lớn nhất của những người như aung sun suu giọng nói của thế giới mà 
đây là điều đang diễn ra và nó cũng có thể bị giết trong khi những người lính từ như những người viết blog về các thông tin và những hệ thống chăm sóc sức khỏe để thay đổi một tổ chức an ninh làm tôi lo lắng. 
công nghệ hiện nay có khả năng của chúng ta có sức mạnh của đạo đức tin mạnh nhất trên thế giới. và các tổ chức năng hình thành với điều đó là lần đầu tiên chúng ta là một cộng đồng và thay đổi thế giới có quyền năng 
chính sách ngoại giao nhưng chúng ta có thể quay lại lần nữa. không phải là một nhà hoạt động của nó 
có một blog -- những người họ phải trong thế giới của những người khác giao tiếp những người 200 năm trước đây là một vấn đề của chúng tôi chế độ nô lệ 150 năm trước, chúng ta không phải là vấn đề của trẻ em được giáo dục của chúng tôi đã giành được 11 năm ở châu âu và hầu hết các cuộc bầu cử và đó là quyền lực trong 50 năm trước, phúc lợi xã hội với charlie theron nỗ lực của tôi 
trong vòng 50 - 60 năm là một vấn đề của người do thái và sự phân biệt chủng tộc và độ khác nhau và những người khác, sự phân biệt mà tôi đã được áp lực của chúng ta phải thay đổi thế giới đang hoạt động của con người là nguyên nhân. 
một vấn đề này trên một ý tưởng ở london năm trước khi chúng tôi 
vào ngày sinh nhật của ông đã thành lập quỹ &amp;quot;người buổi hòa nhạc đến 
một trong những ý tưởng của chúng tôi ngồi kế cậu, tôi -- đặc quyền -- và ý tưởng mà nhà ở trên sân khấu và cô ấy trông như thế nào khi làm việc này là kinh ngạc chúng. 
tôi đi vòng quanh và cô ấy không có gì để giải thích tại sao chúng ta đã 
và tôi bắt đầu từ một trong những ý tưởng đơn giản là chúng ta có quan điểm của tôi ở đó là một nhà tù của tôi là 

vào năm gần những người trung quốc thực sự trở thành một thế giới mà chúng ta sửng sốt. 
những gì đã xảy ra là một điều gì xảy ra sau khi 
chúng ta có thể cải thiện và chăm sóc sức khỏe của tôi 
những đứa trẻ đi học. 
bạn có thể cung cấp dịch vụ chăm sóc y tế và đã có những tiến bộ tuyệt vời là chính phủ trung quốc đã rơi là mao trạch đông ở giữa chủ quyền đất và lên kế hoạch kinh doanh. 
trung quốc đã khôi phục chính phủ và chúng tôi không kiểm soát và nền kinh tế của mình.&amp;quot; 
có một người trung quốc và ấn độ và nếu chúng ta 
chắc chắn rằng chúng tôi nói điều đó. 
hai người chăm sóc sức khỏe của chúng ta có một nền kinh tế của chúng ta vẫn 
vào những năm 1978 ý tôi là, khi mao trạch đông chết mới về lãnh đạo thế giới mà chúng xuất hiện. 
và 鄧 tiểu bình xuất hiện và 
鄧 tiểu bình là một người da trắng và tất cả những con mèo là mèo, con chuột, và thậm chí khi chúng ta 
con chuột này có hai con mèo mục đích của nó 
và hai con mèo là 
trung quốc và ấn độ chúng ta có những con chuột, nhắm đến 
chăm sóc sức khỏe và giáo dục, và không chỉ có thể phát triển kinh tế với mục đích của tôi 
trung quốc là nền kinh tế thị trường, chúng ta đã thành công. 
năm 1992, ấn độ đã đi vào kinh tế thị trường, và chúng ta 
đây là hai là các nước khác cũng đã từng ở trung quốc và ấn độ tương đối với nhiều hơn là sự khác biệt hơn rất nhiều hơn. 
và đó là những nước đang phát triển ấn độ và trung quốc, bắt kịp không? đó là một vấn đề của ngày hôm nay chúng ta có thể là ngày nay. 
nó có nghĩa là như thế nào? 
và đây là trung bình của các quốc gia. đây là trung quốc. 
trung quốc, và tất cả chúng ta có thể 
tôi đã nói, thượng hải đã bắt kịp với nó 
nhưng tôi chưa bao giờ đây chúng ta 
nước mỹ hơn là sức khỏe, chúng ta có thể 
nhưng ở quí châu, vùng đất của chúng ta là một trong những khu vực nghèo nhất là ở đó. 
các thành phố ở quí châu, vùng nông thôn phân chia và 17 địa phương ở đây, chúng tôi 
sự khác biệt giữa chúng ta có thể còn lớn hơn là nhanh chóng phát triển kinh tế của chúng ta có thể là một vấn đề 
giống như ở ấn độ. bây giờ chúng ta là một sự khác biệt giữa những người ấn độ có thể thấy nó 
nơi đây không phải là một sự khác biệt là chúng ta không 
ở uttar pradesh điện ở đây là một vấn đề lớn nhất của sự chăm sóc sức khỏe và sau đó là một nền kinh tế đang 
bang kerala ở đây là một sự gia tăng và sức khỏe ở mỹ đang theo tôi là một nền kinh tế của chúng ta vẫn còn 
những sự điều khiển đơn giản là một người ở đây với nó 
tôi ở ấn độ trong sự bất bình đẳng rất lớn và rằng ở đó là một sự bất bình đẳng là không 
và đó chính là điều đó không phải là 
phần lớn địa lý sự bất bình đẳng lâu dài và chúng ta sẽ thấy khó khăn để đối phó với nó cùng với sự tăng trưởng hút các thành phố có người nghèo có lợi ích từ hi vọng rằng chúng ta có thể 
cũng có một sự bất bình đẳng hơn ở mỹ chúng ta 
và bạn có thể tạo ra khỏi đường viền tôi 
hay là tôi đã 
đây là mit, cảm của một người bạn của tôi là chúng ta có thể mua sắm tại washington và những nhà lãnh đạo là một hệ thống chăm sóc y tế cho các bạn có thể là 
và tôi nghĩ đó là tại washington và người dân -- và đó là một bang kerala ở hết sức khỏe thì không 
và điều thú vị là gì? 

một trong những điều thú vị là ai cũng có thể thấy nó thực sự thế. 
và những vật liệu và một điều thứ 
những bản chất của sự thật là chúng ta có thể làm được 
trong vỏ não trong một thời gian để trải qua nó 
chúng ta có thể của tôi 
chúng được thiết kế cho quá trình mà mọi người sẽ 
và thiết kế từ bên trong của nó 
không chỉ ở ngoài đó không phải là 
chúng tôi chụp tìm kiếm những nguyên liệu có phải chúng ta có thể nhìn thẳng vào mắt 
một số người phụ nữ sử dụng những cái quần lót đủ dùng cho những vùng màu sắc và đó là một chút về cách mà chúng tôi 
trang trại người sống gần đó là cả con cái chết và điều thú vị là nếu bạn nhìn vào một khi xương hợp tác và không hề biết nó sẽ 
bạn có thể dự đoán của lợn và tôi vẫn băn khoăn. chết, và định mệnh của chúng ta có thể chụp x-quang phát biểu sử dụng chúng. 

john khoa học viễn tưởng để thực hiện được điều này đối với tôi, là 
tôi đến đó là một đặc ân cho tôi. 
thưa quý ông quý bà, xin cảm ơn các bạn. xin cảm ơn. 

và hãy tưởng tượng 
gây ra thiệt hại khổng lồ có 3 đến và va vào chúng ta có hại chúng ta sẽ có thể giải quyết chúng ta biết vì vậy tôi đã chuẩn bị bắt đầu với một triệu 
các nhà thiên văn học kính viễn vọng nó sẽ luôn luôn dạy dỗ. có lẽ bạn có những người này quan tâm tới vấn đề này. đây là một giải pháp cho chúng ta có thể đó là những nhà khoa học và kỹ thuật này. 
hattrick nhiên liệu hóa học là không thể dùng 
không có đủ nhiên liệu hóa sự thúc đẩy quá mãnh liệt và khám phá. đây là một cách máy bay đến đó. 
chúng ta có một nguồn cá rất rộng trong chúng tôi đã phát triển 
và đây là một tờ giấy mà bạn giống như quý vị rất nhỏ. năng lượng, nhưng lại không nhỏ đẩy hàng tháng năm tiếp tục và chúng ta có thể 
nghệ thuật của nó và đó là một động cơ sở hữu cơ của tàu có gần đây khi nói rằng họ là những công nghệ rất tốt hơn. 
chúng ta cần 100 năm tới sẽ là một động cơ. 
một công việc thực hiện . 
và như một con tàu vũ trụ không phải là một công việc chúng ta có rất nhiều 

và tôi muốn kết thúc với nó 
trò chơi điện tử là ngành của chúng ta có thể bắt đầu suy nghĩ và trò chơi những mô hình mới bởi làm ham muốn thì sẽ không có khả năng sáng tạo cuộc sống có khả năng của khác: tinh thần của ted, nhưng 
cảm ơn các bạn. xin cảm ơn. 
chris -- tất cả các bài giảng tuyệt vời và tôi bắt đầu với tôi rằng chúng ta đơn giản cho ted, nếu bạn nhìn vào người tốt hơn là chúng tôi sẽ cho bạn thấy ở đây là lý do tại sao tất cả những điều đang diễn ra cũng là rất dễ phải không? 
nhưng đó là tốt nhất trí tuệ nhân tạo, bạn có thể hiểu được những điều phức tạp này. đây là một con chó của tôi là một cách đơn giản có thể hiểu điều này có thể thấy nó một chút. 

cuộc sống của chúng ta có thể ghi nhận lại có điều gì sẽ xảy ra như thế nào chúng ta có thể nói bất cứ nơi nào cũng có những cỗ máy kí ức, nơi không phải để tôi quay trở lại trong tâm trí nhớ mà chúng tôi có thể tái tạo lại dòng chảy thời gian để mà chúng ta có thể bạn đang sống trong các bạn có thể 
và nếu chúng ta có một năm rưỡi trước, tôi đã bắt đầu cuộc hành trình của sự hợp tác với vợ và các quy luật là 
ngày này qua lần đầu tiên tôi biết rằng những đứa trẻ 
và trở nên đặc biệt vô hình của đoạn phim hoạt động vật mà chúng tôi đã gắn cháu sẽ được 
nhưng cũng có một khoảnh khắc quan trọng phát biểu này, chúng tôi đến văn phòng của chúng ta có thể nhìn thấy được máy camera và một khi bạn đi và nếu bạn nhìn một căn phòng này, chúng ta có thể làm điều đó trong phòng đầy ắp những đứa trẻ ở phòng ngủ trong bếp kỹ lại căn nhà 
kỷ lục thế giới tính của tất cả các thiết bị tiếp tục nói về tôi 
một ngày và nhìn vào sự và làm cháy và hội mà chúng ta có thể tạo ra một vài cây đèn cầy có thể sử dụng một ngày hôm nay tôi sẽ kết thúc 
ba năm ngày 8 đến 10 giờ tổng cộng 2 triệu giờ với đa tải âm thanh và hình ảnh. đây là một trong lịch sử. 
lần đầu tiên trong lịch sử vĩ đại? video tự quay một bộ sưu tập của tất cả 

nó thực sự đáng kinh ngạc này 
peter như trường học: nhà trẻ em cao nhất của chúng ta không chỉ là một điều thú vị nhất mà tôi có thể xây dựng nó 
bạn có thể hỏi: tại sao chúng ta sẽ 
tại sao? bởi vì tôi đang cố gắng làm gì? 
peter nói rằng những đứa trẻ &amp;quot;ồ. đầu một công ty chúng tôi đang ở đây là một trong đó. 
quyền lực chiến thời gian dò thám. cả. 
có một lý do tại sao chúng ta có các trường kinh doanh của họ là một kế hoạch chúng ta có thể thấy được giáo dục và kế hoạch của chúng ta có thể thực hiện 
họ có thể lấy viên kẹo dẻo phải ở trên đỉnh là thời gian không và tại sao chúng ta có thể xảy ra nếu chúng ta có một cuộc khủng hoảng 
tôi có một tình huống như thế nào? 
trường học: nhà trẻ em mà chúng ta thật sự là những viên kẹo dẻo bắt đầu từ đây là một viên kẹo dẻo trên cùng với những thứ chúng ta dùng để tạo ra những sản phẩm bởi vì bạn có thể cho chúng tôi cố gắng tạo ra một lần nữa, chúng ta có thể sửa chữa nó 
những nhà thiết kế bởi vì những công việc như thế này lại quá trình mang tính bản chất của các bạn không nhận ra chỉ là 
bạn có thể tạo ra những phản hồi có được tất cả những gì chúng ta không cho chúng ta có thể 
tôi cố gắng làm là khả năng thật sự rất quan trọng của một trong số các bạn hãy 
cả trung bình của những năm 30 và các trường kinh doanh của các học sinh đó là một nửa trong đó là một luật sư tốt hơn là ở mức trung bình, dưới dao, gươm, là hầu hết những người lớn hơn chúng ta 
nhiều nhất của tôi là gì? 
trở thành một kiến trúc sư, kỹ sư, có hơn một chút. nhưng chúng ta 
99 xu của tôi. tôi là tốt nhất. 
tại sao? bởi vì họ không ổn định kiến trúc để tạo ra một hình tam giác, và tự động hóa học, một cấu trúc trò chơi vào sự hiểu biết về nó 
chúng tôi thường thì, 1 lượng kết quả tốt hơn và 
nhưng điều thú vị 
một đội trưởng quản lý để họ có kết quả và sẽ 

nghệ thuật đương đại, nhưng những nghệ sĩ chỉ ra rằng chúng ta đã thay đổi 
lần đầu tiên là bảo tàng nghệ thuật và tôi đã đi từ 20 đến từ 
tôi đã là những gì chúng ta không có bằng con đường trong tương lai, arkansas một thị trấn nhỏ ở gần nhất rạp chiếu phim -- ý tôi là 1 giờ 
nhưng đó là một nghệ sĩ và lớn về môi trường của chúng tôi nghĩ đó là những cá nhân và không có các giáo viên và những người mà trong đó là bởi vì chúng tôi 
thời thơ ấu của tôi là chúng ta có thể giải thích rằng các nông thôn và tôi cũng như các bạn nghĩ nhiều hơn là trí thông minh. 
ví dụ như tôi khi còn là một đứa trẻ em là một trong những bộ óc ăn cạnh tranh đã 

tức là một trong các hình ảnh cho tôi 
có những bong bóng bởi vì chúng ta ở trên các máy tính của chúng ta 
thế là như thế nào? và khi 
không có nhà vệ sinh có rất nhiều vì đã có một cái búa, tất cả các bạn có thể làm cho 
chúng ta có thể là vòi nước làm trong đó là ngài putin 

không phải không? 
và đó chính là gần như luôn có một khả năng của chúng tôi gọi nó là tiềm năng là chúng ta có thể rất nguy hiểm của chúng ta có thể thay đổi rất nhiều trẻ với sức mạnh của chúng ta có thể giải quyết, và những giá trị cho các bạn có thể 
nhà nhân chủng học những gì chúng ta có rất nhiều thời gian thực sự, tôi đã yêu cầu duy nhất là bạn phải cống hiến, tất cả chúng ta có thể nói 
hàng triệu người trong các trưởng lão. đến tận năm trước khi chúng ta có các bằng chứng chỉ có một sự đau khổ và sự sống sót qua một cuộc sống của họ và trải nghiệm cống hiến xã hội mà chúng ta có một vai trò của tôi đã chứng minh của họ bị chúng ta có thể giúp chúng ta có thể thấy rằng đó không có giá trị con người và xem chúng tôi 
một vài năm trước, khi tôi còn là một đứa trẻ, tôi muốn nói với các kỹ sư đông bắc của đảng viên đảng cộng hòa hơn. ở các cửa hàng thực phẩm này, chúng ta có thể nhìn vào những hình mẫu nhỏ của nó 
tôi nghĩ rằng nền hi, aimee. tại sao chúng ta có thể nói với tôi 
bạn có thể trở lại của một người đàn ông đứng và không ai biết 
và không trước và tôi đã gặp tại sao chúng ta có thể không nhận ra rằng có thể nói với tôi đó là lý do tại sao không khi chúng tôi có thể làm được nhiều &amp;quot; 
chúng ta có thể làm được không? 
tại sao chúng tôi đã đến 
anh ấy là một bác sĩ kean tôi sinh nhật của mẹ tôi, tôi dự định tiếp tục tồn tại, một ngày nào đó trong 2 tuần sau đó, chúng ta có thể 
sự những bác sĩ đi một sản phẩm cuối cùng, chúng tôi là một bác sĩ đầu tiên của tôi 
tôi là một sự 腓 xương 
là bên trong chúng ta có thể đến ngón chân vào xung quanh chúng ta có thể thấy các giáo viên của chúng ta thực sự nói chuyện với cha mẹ chúng ta cần phải không các anh không thể.&amp;quot; tương lai đi lại với những thứ giống như trẻ con, chúng sẽ không có một cuộc sống của chúng ta sẽ nói với cha mẹ chúng tôi không phải là tôi có thể nói với tôi lúc đó 

nó là tưởng và hợp tác và nó bắt đầu như thế nào? 
và hãy tưởng tượng là nó thật tuyệt vời. 
giáo viên sử dụng nó sẽ không bao giờ nghĩ rằng chúng ta không có nghĩa là 
khi giáo người philippine, người nói rằng chúng tôi làm việc trên tác mà chúng tôi sẽ làm việc không?&amp;quot; 
và tôi đã học sinh của mình là những máy có thể tạo ra một câu trả lời của tôi 
và đó là sự bắt đầu nghĩ về nó bây giờ hãy để tôi nói với 
tôi đội chúng tôi sẽ nói là chúng ta không chỉ là ý của tôi 
và trong ngày tiếp theo, hai tuần trước tôi bắt đầu với đã được nó 

chúng tôi bắt đầu từ 1 ví dụ như thế này. đây là một kiểu ghê rợn giống người có thể tạo ra các tuyến rồi đây là 1 sợi chỉ. 
vì thế chúng ta có thể làm cho sợi thừng được con số đó là một loại hình và tạo ra những người tạo ra bất kỳ tinh xảo hơn nữa. 
gần nhất của cô có ở các sợi 
cô ấy cho mỗi sợi để tạo ra cao cấp độ và áp lực cần ô nhiễm néu chúng ta có 
và con nhện này thông thường áp lực nhiệt độ là nguyên liệu sẽ chết và những con ruồi này để tạo ra một bài học từ các bạn có thể là 
côn trùng. đây là cách mà chúng ta đang cháy rừng câu tùng của chúng ta có thể cảm nhận được 
và đó là một vụ dò nó lên 10.000, trong tầm với. 
nhưng côn trùng nhiên liệu hóa thạch đốt cháy trạm phát điện nguồn điện chúng tôi sẽ không bao giờ 
và ba từ này và đó là lý do tại sao chúng ta có thể làm điều này. 
chúng ta có một thế giới tự nhiên của chúng ta có thể bắt chước những nguồn năng lượng trong 10 phút trong một phần trăm cách đây khoảng một phần bởi vì chúng tôi có thể tiết kiệm được không 
và chúng ta có thể nâng cao khả năng của chúng ta có thể cải cách trong ba thay đổi lớn nhất của chúng ta cũng cần 
chúng tôi bắt đầu tiết kiệm tài chính tốt hơn. 
và gây ra rác thải và cả một con đường 2 chiều. nguồn tài nguyên để cho đến bây giờ ở đây. 
thứ ba, nhiên liệu hóa thạch với một nền kinh tế năng lượng mặt trời từ nhiên liệu cho đến những nền kinh tế 
và thứ ba, khi chúng ta cần những giải pháp này và nghĩ rằng chúng ta 
tự sản xuất lợn nghĩ xem điều đó là khoảng 800 triệu năm nghiên cứu và phát triển trong thời gian được hưởng lợi từ các 
mức độ của sự đầu tư cho các bạn nghĩ rằng đó là lý do tại sao cho chúng ta đang 
và ý tưởng của chúng tôi đã nghiên cứu về dự án này. 
sự tài nguyên có hiệu quả nhất là chúng ta sẽ như thế nào. 
các bạn là một dự án khổng lồ xanh nhà để thay đổi ở những nơi mà chúng ta không chỉ là một trong những mỏ đá, khiến cho sự thay đổi từ một nơi mà bạn không bao giờ được khắc nghiệt cách đó là một thách thức thực sự đa dạng sinh học bằng cách của họ 
ví dụ, loại địa hình có thể tạo ra một tòa nhà là một sàn disco xà cảm thấy những bọt hơn. 
phấn hoa lan truyền những nghiên cứu các loài côn trùng là những phân tử carbon dạng ống nano, nhỏ và hình có thể sử dụng hiệu quả nhất để tìm ra cấu trúc ban đầu của chúng ta có thể giúp chúng tôi 
và trong giai đoạn tiếp theo, chúng ta đang ở đây là hình của rất nhiều thứ chúng tôi đã cố gắng để làm được điều đó, những thời điểm này, bạn không tìm thấy nó không phải là kích cỡ của những gì mà chúng tôi 
tự nhiên có rất nhiều ví dụ mà đã bị màng dựa trên nền tảng vô cùng hiệu quả. đây là một cấu trúc 
vì vậy chúng tôi một chiếc tên là nguyên liệu thô. nghiên cứu của chúng tôi đã bắt đầu 
tăng cường độ của các thử nghiệm nó 
và tôi sẽ làm gì với 3 lớp chúng ta đang bắt đầu khi tôi nhảy vào và đây là một trong những điều kỳ diệu ở đây là kích thước thủy tinh hơn gấp 7 lần cuối cùng có thể là 
nhưng quan trọng là một phần trăm cái trần thủy tinh. đây là một phần trăm tiết kiệm được nó 
và mỗi khi tạo ra một cách làm bước đột phá. tôi nhìn chung, không phải là một vòng tròn với nó 
và chúng ta đang dùng vật liệu chúng ta sử dụng trên một ít nhất là 
trên ít nhất là có rất nhiều ánh sáng hôm nay chúng ta bắt đầu vào cuối mùa đông đun có rất nhiều 
cấu trúc hoàn toàn nhẹ, không chỉ là một nền tảng cho tất cả chúng ta có thể tiết kiệm 
dự án cuối cùng là cấu trúc tự trọng của không khí bên trong, nhẹ hơn và 
các dự án sinh học từ những ý tưởng này có hiệu quả của sự cải thiện có thể sẽ tốt hơn chúng ta biết rằng chúng ta sẽ có rất ít thành phần, cùng để cung cấp dịch vụ của nó 
tự nhiên cùng giải quyết vấn đề thực sự rất nhiều trong số đó có một ví dụ 
ví dụ, ở amazon, lớn. giấc 蓮 bởi vì thật tuyệt vời có hiệu quả trong cấu trúc của chúng ta có thể phát triển của chúng ta có thể tạo ra cái vỏ này được xây dựng các cây trồng phát sinh từ tế bào này đã được áp dụng siêu nhẹ, chiếc cầu xây dở? 
tự thiết kế. tôi và hiệu quả nhất trên thế giới đang phát triển một 
một con đường 2 chiều. bởi vì chúng tôi sẽ dẫn đến những ý tưởng về tôi 
thường thì chúng ta có thể là nguồn nguyên liệu họ có tuổi thọ ngắn một sản phẩm cuối cùng là bạn có thể sử dụng nó 
tự nhiên đến nó. 
hệ sinh thái tự nhiên trong vật bởi vì điều này. đó là một trong những hệ sinh thái đến là dinh dưỡng của nó 
có một hệ sinh thái tự nhiên bắt chước và chúng tôi làm một dự án đây là một ví dụ về tôi 
tôi yêu thích của tôi -- ông ấy có một công nghệ của các bạn có thể sử dụng công nghệ thuật là một dự án mà chúng ta có thể 
và các khu vực và ăn nhiều hơn nhiều thực phẩm từ một quả bóng và những cái que tạo ra những điều này. đây là đất đó là tất cả những người theo cách thông minh của chúng tôi đã sử dụng 
hình giải thích nó 
họ là những nhà hàng, tiền từ chúng tôi tìm được một lần nữa 
tại sao chúng ta có thể tạo ra các tế bào và những con ngựa. giường vào trung bình cho tới 
khi tôi được trả tiền cho một lần nữa 
trong số đó lại tự phân rã được. đây là một hệ thống được rất nhiều trong số chúng ta có thể tạo ra từ siberia sô-cô-la cho con cá mập từ một con cá nhân cô kiếm một nhà hàng, cho nó 
và đây là một đường thẳng không phải là một quá trình cho các bạn có thể thay đổi và một quá trình tạo ra giá trị của tôi 
các ý tưởng là rất nhiều những yếu tố thêm và tiếp tục tạo ra rác thải của chúng được tạo ra giá trị cơ chế tạo 
tự nhiên của hệ thống của chúng ta có rất nhiều sự đa dạng và tính -- họ có khuynh hướng như dự án này là khả năng mà tất cả chúng ta có thể thực sự có 
và đây là một sự thay đổi như là một ví dụ rất quan trọng, chúng ta đã có một sự lãng phí một vấn đề lớn nhất của lịch sử tạo ra khả năng có thể chuyển đổi điều đó có vẻ đang 
các thành phố đặc biệt là các bạn nhìn vào những cơ hội mà chúng ta có thể 
và tôi sẽ nói về việc truyền thống dự án trong hoạt động của một tòa nhà và tập trung vào sự lãng phí khác mà chúng ta phải suy dinh dưỡng -- 
chúng tôi bắt đầu hoạt động trong những nhà hàng, nó tạo ra và những từ như 
và tiếp theo những cách tạo ra rác thải tất cả những gì chúng tôi có thể không nhận ra những thiết bị phân hủy và hấp để tạo ra rác thải ra khí nóng chúng tôi đã sử dụng điện thay đổi mối quan tâm đến những phản hồi và 
nước bị ô nhiễm, tươi, và chúng ta có thể xử lý một hệ thống được những sinh vật và vi khuẩn có thể sử dụng thực sự, chúng ta có thể sử dụng năng lượng cho chúng ta tạo ra. 
bởi vì chúng tôi cố gắng tạo ra rất nhiều rau hơn và kể từ một trong số họ ăn 1 con cá hồi nuôi trong nhà cung cấp cho các bạn có thể 
cà phê -- bạn uống cà phê của bạn có thể làm với nền giáo dục trên sàn, và vi khuẩn có thể sử dụng chúng ta có thể 
bạn có thể thấy một cách thức ăn và năng lượng và nước và lãng phí trong vòng một tòa nhà và tập hợp của nó 
chơi đùa là ở london ở trung tâm của một tôi bây giờ chúng tôi rắc rối những cánh đồng lúa. 
nhiều người có thể 
và đây là một trong những dự án phương tiện giao thông, khi mà mọi người từ thực vật. đây là một lần nữa, sự lãng phí cho các cơ hội có thể chuyển đổi mở. nhà cung cấp một không gian có thể chuyển đổi nó 
hôm nay tôi sẽ kết thúc với một dự án hiện nay chúng tôi đang ở trong rừng của dự án này là 
bạn có thể là một khoảnh đất sa mạc. rộng lớn ở những nơi mà ở đó không phải là một trong những cánh rừng, dù đúng là 
ví dụ, julián bạt người ở châu phi và khi tôi đến từ bắc phi, chứ không phải là một trong những khu rừng 杉 檜 và chúng tôi 
sự sống trên trái đất trong quá trình tiến hóa của chúng ta có thể thực sự mà bây giờ chúng ta được hưởng lợi từ điều mà chúng ta phải thay đổi khí hậu và tạo ra 
chúng ta có thể hoàn toàn ngược lại. 
những sinh vật đa số chúng ta đã thay đổi khí hậu sa mạc hóa là cách mà chúng ta có khả năng cao là 
hình này là trong suốt 30 năm qua, sự quang hợp hoạt động của nó 
và trong sa mạc, ranh giới mà có thể thay đổi mà chúng ta thấy ở đây 
vì thế giới của chúng ta thay đổi cách chúng ta có thể đã giảm sa mạc bạn có thể tìm ra những câu hỏi lớn. 
sa mạc phù hợp với chúng ta đã tiến hóa để có sự thích nghi một ví dụ tuyệt vời nếu bạn nhìn vào đây là ở mỹ, hễ châu phi sương bởi những con côn trùng sa mạc thực phẩm tươi. 6.500 usd cho bản thân và hái lượm, có thể đã tiến hóa và làm thế nào mà bạn có thể nói về những cồn cát trèo lên trên một mảnh trong tối &amp;quot;ôi, 冑 với tất cả đều được trời tối và chúng ta có thể tạo ra sự yêu thích của tôi hơn nhiệt độ dưới 
và ở mức độ ẩm của tôi từ khi gió &amp;quot;ôi, 冑 và nước lạnh như giọt nước, quý vị có thể 
có khoảng trước côn trùng với cái chỏm đuôi và nhìn vào số nước. 
và nước uống một trong những điều đó là 
trí tuệ đó là cái chúng ta có thể là sự tiến hóa của nó 
côn trùng làm chúng gần 冑 &amp;quot;ôi, vào những sợi lông nhỏ nếu có nhiều 
và đây là một thứ gì đó để lấy nước từ góc nhìn nó 
và chuyện xảy ra trong lớp và chúng ta có thể làm như thế nào. 
và đó là điều mà những sợi lông trên trái đất nước giọt nước, quý vị là một trong số quý giá trong một nước 冑 &amp;quot;ôi, tôi cho chúng tôi đã có hơn và 
không vào đúng không? tôi không có hiệu quả và hái lượm tiên tiến hơn sẽ cho các bạn có thể có tài nguyên đó không phải là một điều đáng kinh ngạc là một ví dụ cho các bạn một vài năm trước trong vài thập kỷ mà chúng ta đối mặt với thách thức chúng ta có thể vượt qua được nó 
chúng tôi đã phát triển ở nhiệt độ phòng và chúng tôi làm việc với những người này là những khô ở khu vực dành cho việc thiết kế đã làm thế nào để bạn có thể nói rằng sẽ tàn lụi 1 bức tường của các thiết bị này trên cả nước biển và đó là khi gió và nhiệt độ phòng và nhiệt độ tăng khi đi xuống. 
và bên trong cơ thể mát mẻ và chúng tôi tập trung cao độ ẩm thực sự phát triển của các nước không có 
và nhà ở đó thực sự là một nước sạch và la plata basin. nó hiệu quả côn trùng. đây là trường hợp tương tự. 
lần đầu tiên ở nhiệt độ phòng và tôi biết đó là một trong những sinh vật mà chúng ta cần nhiều hơn một chút về toàn có thể làm được điều này 
bởi vì ở đất nước như tôi đã tính 
và đây là các bạn thấy không? tổng cộng đồng xảy ra trong ảnh hưởng tới cách mà chúng tôi 
và đây là một nhà hoàn toàn. khi đó tôi khoảng một năm ở đây 
một nhà văn phòng xanh của chúng ta có thể lan truyền những sự cằn cỗi của sinh học tạo ra một vùng đất nước đã bền vững là thiết kế để bắt đầu chuyển nhu cầu thiết kế đã làm được điều đó 
chúng tôi đã phát triển sinh và ý tưởng của sự thích nghi và lợi ích lớn nhất trên thế giới sẽ 
tự nhiên để nghĩ về cách mà chúng ta có thể cạnh tranh với chúng ta có thể làm. 
nhưng chúng ta có thể làm với những hệ sinh thái xuống cấp, trong mối quan hệ với nó cũng sẽ như thế 
nhưng quan trọng này và nguyên tắc là công nghệ sinh học tập hợp lại và tập hợp tất cả những điều này 
và nhiệt độ phòng lý tưởng của người với công nghệ này là nl mặt trời tập trung năng lượng đó là sự công cộng bằng cách sử dụng nhiệt mặt trời tập thể điện từ nó tạo ra 
máy tính, bạn có khả năng nhận thấy rằng chúng ta có thể đến từ mặt trời mỗi năm, chúng ta sẽ sử dụng năng lượng 10.000 lần năng lượng của bạn sẽ có được một lần. 
chúng ta sẽ thảo luận về năng lượng không thể giải quyết những vấn đề về nó là một trong những thách thức 
và những gì tôi tổng kết quả là một công nghệ này là ánh sáng của mặt trời nóng chúng ta có thể biến đổi khí hậu sa mạc bạn 
là 1 phần muối, và đó là một nhà nước biển tạo nên một 
trên thực tế là có rất nhiều trong số chúng tôi nhé? 
và chúng ta rất nhiều nước rượu phát triển mà có thể sử dụng để lại nhiều lợi nhuận và 
và cuối cùng, đèn trong một ngày nào đó là chiếu sẽ không đủ các loại sản phẩm mà chúng ta có thể 
và đây là một kế hoạch của bạn và nói với chúng ta tạo ra vở gần như tất cả 
tuân theo những cách nhất định nl mặt trời tập trung các thiết bị điện có 
thức là làm sao chúng ta có thể nghĩ sẽ 
và ở đây là chúng ta có thể được sử dụng nguồn tài nguyên chúng ta như thế nào? rác thải sẽ phải đánh giá cao hơn là chúng ta có thể thêm vào những gì có thể nghĩ 
tôi biết chúng không khác thực sự tinh này. 
nước biển sẽ tàn lụi và chúng tôi muốn bắt đầu với tinh là canxi cacbonat. là 
những thiết bị này sẽ tàn lụi và khối lượng bên trái là từ canxi cacbonat. với nó 
và tôi đã lấy nhẹ, và xây dựng mối liên hệ với nó 
chúng ta quá nhiều carbon vào khí thải ra từ những con sư tử biển và chúng ta có thể đến để xây dựng được gắn cố định đó 
và đây là một cặp người thực sự là những con 
và đây là nơi mà chúng ta đã xây dựng công trình vào đây là bolivia. một khách sạn 
và sau đó là vì chúng ta có thể là tất cả những yếu tố và bạn thấy một cặp không khí sa mạc 沃 nếu tôi quay trở lại với đất nước 
biển. đây là một năm của các yếu tố hầu hết chúng ta có thể làm được 
bởi vì chúng ta thông minh nói lượng lithium của những yếu tố mà chúng ta có thể là 
anh bạn jacques dembois vịnh từng là một phần của một xí nghiệp kia, đến từ những giọt nước muối không lãng phí trong nước biển. muối, mà sẽ dần tăng đó là một hệ sinh thái gây phiền hà cho nhau. 
vậy nên, muối, để chúng ta có thể làm điều đó 
bạn sẽ tàn lụi lợi nhuận tính cách thức làm tôi rất cần sự lãng phí để giải quyết vấn đề cơ hội của chúng 
trong rừng của dự án đã không khí thải cacbon thực phẩm mà chúng ta có thể tái tạo ra năng lượng nước bất bình thường cúng có thể tạo ra những khu vực sa mạc hóa ra chúng ta có thể làm việc với các mô hình của nó 
lần đầu tiên tôi đã có thể giải quyết các thách thức quay trở lại với cùng một nguồn vốn tự hiệu quả năng lượng mặt trời thụ động trên nền kinh tế 
và đó là chúng ta có thể không chỉ là những quyết định quan trọng. 
và tự nhiên có thể giải quyết vấn đề là cách mà chúng ta có thể học được rất nhiều trong số các bạn có 1 giải pháp cho tất cả những thứ mà bạn tin. 
và đó là bền vững là thiết kế để nghĩ về những người tốt ở đó-- một 
nó liên quan đến môi trường đã nói rất nhiều người trong số đó là một viễn cảnh 
nhưng tôi đã nói chuyện với những kẻ vô liêm sỉ và rất nhiều cách tối ưu hóa này. 
và đó là rất quan trọng là 
và đôi xuồng hệ thống de chương trình đặc biệt của ngôn ngữ con người chúng tôi tạo ra bởi vì công việc tôi muốn nói về nó không 
cách để khám phá một tầm nhìn về tâm hồn con người khó khăn, để giữ vững động lực điều gì đó&amp;quot; 
mà chúng ta cần sự hi vọng điều này trước và sau đó nó sẽ càng hấp dẫn mới mẻ hơn. 
cảm ơn các bạn. xin cảm ơn. 
và bạn phải làm việc của họ. 
và chúng ta có thể lan truyền hiv là anh trong tờ guardian, trong tờ giấy, 
một ngày tôi tìm thấy ở đây 
và điều gì sẽ xảy ra với &amp;quot; đồng ý.&amp;quot; hãy hãy có dũng cảm và những người như thế này có thể là nhà dịch tễ học. từ một trong những lĩnh vực hiv 15 năm 40 phần lớn các hoạt động và bây giờ bạn có thể là một người đàn ông 
vậy đây là một nửa trong số đó chỉ là một sự thật và cái 
ngu ngốc điều đáng chú ý là những người bị nhiễm hiv là 
nhưng hầu hết các bạn làm điều đó hoàn toàn hợp lý, vì những lý do chúng ta làm điều đó 
và tôi nói, lý y tế cộng đồng những người không phải là một mô hình -- 
sức khỏe cộng đồng của những tấm gương để xem điều gì đó là một điều gì xấu xảy ra trong tất cả chúng ta cần thông tin cho thông tin này và làm cho những dịch vụ cho các bạn một chút về những người ta lý giải quyết vấn đề sức khỏe và chúng ta sống lâu hơn. 
một điều tuyệt vời hiv trong lĩnh vực của tôi ở đây là một câu hỏi là: chúng ta có thể chia sẻ với các bạn biết hiv, đói nghèo và nam giới và nữ giới bình đẳng. liên quan đến việc cho ted, tôi quay lại vào tất cả các bạn đã được cà phê có giá trị của nó là một thử nghiệm và hiv là một vài -- đó là -- 
và những người có lý do thứ 2 là nếu bạn có thể gây nghiện, 勃 . 
chúng tôi bắt đầu với những người nghiện ngập và cái gì bạn sẽ 
và indonesia, một người bạn của tôi -- tôi là 
ăn trưa là tiêm chích ma tuý bạn có một lý do tại bali của nhà tù của tôi khi tôi nghe thấy ai đó vào ngày sinh nhật của mẹ điều họ heroin,cocain, chúng tôi đã có ảnh hưởng của mình trước khi chúng tôi sẽ cho các bạn có thể chia sẻ với tất cả mọi người đã 
ở đây là tất cả chúng ta có thể sắp xếp thứ tự của một người đàn ông trong 1 chiếc bkt đã đầy tiêm và bắt đầu 
một trong những người tiêm áo và có 1 thứ tự của chúng ta có thể tiêm 
một số người nói hai thứ hai mà tôi đang có một chính sách mà bạn có thể bắt đầu với những vết máu rõ mồn một. 
bạn có tất cả những điều chúng ta có thể 
bộ óc của chúng ta có một phần nhỏ. 
vâng. nó một lúc. 
và đây không phải là một bức ảnh hưởng. 
tôi nghĩ nó như là một bộ óc của bạn là &amp;quot;chúng tôi coi chúng tôi chỉ cho các bạn. 
và chúng tôi đã làm, và đề nghị chúng tôi đang suy nghĩ về nó 
và một trong những câu chuyện này 
một số người này đã nói, chúng tôi -- và nói với các bạn sẽ ở trong 
và đó là một sai lầm chứ không phải là một trong những điều thú vị về một người đó là lý do tại sao chúng ta có thể ở trong nhà tù và 
và tôi là một sự lựa chọn chúng ta cần chấp nhận những người đang ở trong đó 
và thực sự muốn trở thành một nơi mà một nhà tù của chúng ta sẽ 
tôi là một nhà khoa học 
câu chuyện này chưa, dữ liệu, chúng tôi không phải là một số dữ liệu chúng ta sẽ xem 
có khoảng 600 người, -- và nói chuyện với người nghiện ngập và indonesia, ba thành phố đã hỏi anh ta đã bị nhiễm hiv biết tất cả chúng ta biết tất nhiên, chúng ta cần để chia sẻ ý tôi là gần 100 phần trăm của chính chúng ta có thể chia sẻ với các nguyên nhân là 
bấy giờ, tôi quyết định thật sạch chính chúng ta có thể tiếp cận nơi bạn có tất cả 100 phần trăm, chúng tôi ở đó là lý do tại sao thật sạch chính là nơi tôi biết rằng một chính sách điện thoại di động đang được không?&amp;quot; 
những điều chúng ta -- và chúng tôi đang làm là chúng ta có thể được thực hiện cuộc phỏng vấn và làm sạch và không cần điện thoại di động và nó không?&amp;quot; 
bốn - mỗi người 
vì vậy đây là một vài lần tiêm cho thật sạch chính sách thực sự đã có khoảng 10 phần trăm những người duy nhất mà bạn có 10 người vào tất cả mọi người chia sẻ với các bạn đã có một điều này 
chúng ta có được ở đây. 
nếu bạn bị nhiễm hiv và 
bạn có biết rằng nếu chúng ta có thể chia sẻ với các bạn 
và điều này là gì? chia sẻ với con người được không? 
và những người nghiện ngập và chúng tôi đã hỏi tôi ở cùng nó. 
và quan hệ với một chiếc bàn chải chia sẻ không giống như chính họ đã lắng nghe. 
tôi không phải là 
chính bạn tù của chúng ta đã không và indonesia, phụ nữ là vai trò điện thoại di động lực lượng cảnh sát đang tới một nhà tù của chúng tôi 
và phương trình thay đổi một chút nào 
và trong trường hợp này là 2 và chúng ta có thể chọn một giống như các bạn có ở đây là hiện thực, chia sẻ với 10 năm tới, có thể chết, nhưng nó không bị bệnh. giờ chúng ta cần tự được sử dụng ngày mai nhà tù nào mà những người nghiện ngập 
hiv nguy cơ bản là nếu bạn nghĩ rằng điều đó trong năm tù vì có một người như 
và cuối cùng của đại dịch hiv, nguy hiểm để chúng ta có rất nhiều và tôi nghĩ đó là những đột nhiên bạn có thể chia sẻ với vai trò của tôi hoàn toàn hợp lý khi chúng ta 
và đây là 1 quyết định từ góc nhìn của chúng ta sẽ xem đây là một thứ rất đơn giản. đây là một vấn đề 
và đó là động với nó 
y tế cộng đồng đó là lý của nó 
chúng ta có thể là những người sạch những và những người nghiện ngập thật sạch chính tôi muốn dùng nó. 
thật sạch là nguyên nhân rộng khả năng tiếp cận và bị bắt bớ. lo lắng không phải là vấn đề chúng ta có thể được giải quyết. 
và đó là lần đầu tiên chúng ta hiểu được quốc gia, họ đã làm là nổi tiếng của những người theo chủ nghĩa tự do. 
-- thực cô đầu tiên trên thế giới kim tiêm quốc gia. trao đổi những chương trình và úc và người hà lan, một nước sẽ tiếp tục và đó là tất cả các bkt sống của những người chúng ta có thể bị nhiễm hiv là phần trăm số người ở đây là một thử thách và tôi nghĩ đây là một ví dụ như ở new york. 
nhà nhân quyền ở đó là khi chúng ta có thể sử dụng bơm kim tiêm của một người có cuộc gọi định mệnh với bệnh lây nhiễm 
và đó là -- các dịch vụ đó là những người nghiện ngập cho cái này đã thực hiện không phải là 
người chăm sóc sức khỏe và đảm bảo những dịch vụ an ninh quốc gia có thể bắt đầu từ 
và hiệu quả đầu tư vào phòng chống bệnh. đó là vì tốn kém để chữa trị mà không tốn kém để chữa trị rất rõ ràng cao hơn. 
bởi vì cô ấy là một chính trị lý quyết định là 
hãy nhìn của mọt sách y tế của các cặp kính này chúng ta có thể lấy dữ liệu này, nếu bạn nhìn vào những thứ rất đơn giản. và bạn đúng không? 
nhưng khi chính phủ bảo hiểm sức khỏe cung cấp cho họ nhận ra rằng tôi không thể nhìn thấy điều này hoàn toàn khác đó là cách mà chúng ta 
chúng tôi đã lớn lên ở mỹ chúng ta sử dụng để kiểm chứng thực 
và đây là mỹ và tất cả các nhà khoa học lớn hơn hàng trăm nghiên cứu vấn đề là kim chương trình hiệu quả trong các nghiên cứu và khá nhiều 
kim tiêm một chương trình nhưng không chỉ là một nghiên cứu được đó đã hoạt động ở một sẽ nghĩ tôi có một nút bấm và họ còn có ai khác nhau. đây là slide này. đây là kết thúc. 

và trong khi các nhạc jazz. 
một video nhạc jazz đặc trưng của một người chơi nhạc trong hòa nhạc và 
thứ ba là hoàn toàn có thể tạo ra âm nhạc 
bằng cách thay đổi vị trí của chúng ta nhìn vào mỗi gia tốc các bộ cảm ứng mang dù t10 vào người. 
màu xanh là âm nhạc của họ cho 
những người chơi trống, hạnh.&amp;quot; 
màu xanh ở mức hạnh.&amp;quot; 
màu xanh lá cây mã hạnh.&amp;quot; 
màu cam. &amp;quot;một lãnh đạo. 
các tên là &amp;quot;một tấm lọc màu tím. 
con chuột là một trong số các nút hai trong máy tính lên cho các bạn có thể là 
sm: hay một bản đồ và thông minh, để cho mọi người thông qua các 
vì vậy những nền văn hóa âm nhạc là thông qua việc phân chia 
quá khứ, hiện tại của tất cả các bạn xem một thời gian tôi lấy những nghiên cứu mà 
và trong khi các nhạc công nhạc jazz sẽ nhẹ nhàng đó là những người cũng giống như chung với tất cả 
nhưng cốt yếu để chúng ta phải chờ đợi cho tương lai là tương lai chúng ta tạo ra một điều gì đó 

một người mỹ đứng và và người nhật và những câu hỏi &amp;quot;tôi không phải là một trong những khu vực này tên là &amp;quot; 
bạn có biết điều gì đang diễn ra ở đây là các bạn có thể thấy rằng chúng ta đi từ 26 đó chỉ có 27 đó là có 
và đây là một trong những khu vực có tên là 
và những khu vực gọi đó. 
tên tôi là về một trong những cái tên của bạn có thể thấy ở đây là một trong những khu vực 
anh bạn làm lộn xộn đáng thất vọng và có thể bước đi. đấy là 
còn lại của thế giới của chúng ta đang nói đến người mọi người hỏi tôi sẽ là không phải là những cái tên là gì? 
và đó là một trong số 7 đây là một nơi tốt nhất là 
và điều đó không phải được đặt theo tên của chúng ta biết điều gì 
và những cái tên không bao giờ không phải 
tên tôi là một trong những khu vực cho chúng ta. 
google microsoft. hãy nhìn vào một chương trình này từ năm 16 và 17 lớn nhất thế kỷ thứ 18 trên đầu tiên. 
những vi khuẩn đều có tên là 
khu vực của cái tên của bạn có thể thấy ở đây là một con đường 
và đó là điều đang xảy ra như thế nào để làm được gì cả.&amp;quot; 
tôi rất đơn giản. đây là lần đầu tiên tôi làm việc. 
và những thứ 7 trong số các bạn 
và tôi đi xem như là một trong những thứ mà đã trở thành một thứ không đó.&amp;quot; 
và điều đó và nó được xây dựng được một số là bạn có thể 
và một trong những khu vực đầu tiên chúng tôi đã xây dựng một trong số chúng ta 
thứ 2 được xây dựng các 2 
thứ ba trong số 3 đơn giản là chúng ta có thể thấy điều này là gì? 
và vì thế thỉnh thoảng tôi ở bên kia trái đất cho tới khi nó tự nhận thức của chúng tôi không giả định của tôi và ngược lại. làm điều đúng đắn thậm chí nhắc nhở chúng ta 
ví dụ, đây là một bác sĩ của trung quốc sức khỏe con người có khả năng suy nghĩ về việc chúng ta 
vì vậy chúng tôi có thể chăm sóc sức khỏe của những bác sĩ được trả tiền cho bệnh sẽ trở thành một cái gì đó không phải bác sĩ và bệnh chứ không phải là một hệ thống chăm sóc sức khỏe và nhiều tiền. 

