shard_size = 0 shard_count = 0
Seeding random numbers with system clock 
name: case value: true
Data::m_score_type BLEU
Data::Scorer type from Scorer: BLEU
Loading Data from: run1.scores.dat and run1.features.dat
loading feature data from run1.features.dat
loading score data from run1.scores.dat
Loading Data from: run2.scores.dat and run2.features.dat
loading feature data from run2.features.dat
loading score data from run2.scores.dat
Loading Data from: run3.scores.dat and run3.features.dat
loading feature data from run3.features.dat
loading score data from run3.scores.dat
Loading Data from: run4.scores.dat and run4.features.dat
loading feature data from run4.features.dat
loading score data from run4.scores.dat
Data loaded : [Wall 1.31207 CPU 1.312] seconds.
Creating a pool of 1 threads
Best point: 0.0173242 0.00369751 0.187868 0.115879 0.0154827 0.0698896 0.00435326 0.107601 -0.198981 -0.19819 0.0135916 0.0400541 0.0174713 0.00961664  => 0.0642044
Stopping... : [Wall 71.2111 CPU 71.148] seconds.
