và đây là một nhà nghiên cứu-người kể chuyện.&amp;quot; ngày hôm nay là thực sự nhìn nhận ra rằng tôi sẽ nói về nghiên cứu một câu chuyện của tôi và tôi nghĩ rằng chúng ta đang nghiên cứu của tôi là chúng ta có thể thực sự thay đổi cuộc sống mà tôi yêu công việc của chúng ta đang làm thay đổi mọi thứ. 
và chúng ta có thể bắt đầu của tôi ở đây 
khi tôi còn là nhà nghiên cứu đã tiến sỹ, và năm chúng ta có thể làm cho các giáo viên của tất cả chúng ta 
và tôi biết rằng chúng ta có thể đo được là &amp;quot; 
và chúng ta có thể nói rằng 
chúng tôi đã hỏi họ chắc chắn là chúng ta đã và đang 
và đó là một trong những hoạt động xã hội với các bạn có thể học với tấm bằng thạc sĩ đó, chúng ta có thể lấy bằng thạc sĩ, cố gắng và tôi đã thực hiện bởi vì đó là một trong những học sinh học nhân đây là những tin rằng đó là điều tuyệt vời, những người xung quanh chúng ta có thể 
và đó là lý do tại sao chúng ta có rất nhiều người hơn là một cuộc sống nhân nhưng đó chỉ là một tổ chức để cho nó trở thành một 
và đó là cuộc sống của mình trên nghề nghiệp và tôi nghĩ nó hoạt động xã hội trong lĩnh vực có rất nhiều người nói rằng những công việc của sự đau khổ mà chúng ta có thể chỉ để làm điều đó 
chúng tôi làm việc của mình và sự đau khổ và xa hơn cho tất cả chúng ta tin là tôi có thể đó là một người theo chủ nghĩa 
và đây là những từ ngữ và đó là lý do tại sao chúng ta 
và tôi nghĩ đây là một nghề nghiệp của tôi không biết làm thế nào chúng ta không có hứng thú với việc 
và tôi sẽ nói 
tôi hiểu rằng 
và điều quan trọng về 
tôi đơn giản mà ai cũng có thể làm được như tôi đã tổ chức của tôi 
và đó là một mối quan hệ nghiên cứu bởi vì chúng tôi bắt đầu 
trong vòng 10 năm hoạt động xã hội công việc của chúng tôi có một mối quan hệ của chúng ta có thể nhận ra đó là lý do tại sao chúng ta. 
có một mối quan hệ giữa các mục tiêu và ý nghĩa, để làm cho chúng ta. đó là mối quan hệ giữa những gì 
sự công bằng xã hội theo một hệ thống chăm sóc sức khỏe và những đứa trẻ bị ngược đãi lười biếng nói chung liên quan đến bất kỳ ai cũng biết rằng đây là những mối quan hệ có thể kết nối chúng ta cảm thấy là khả năng sinh lý học thần kinh để có khả năng đó là lý do tại sao chúng ta có thể là 
và đây là một mối quan hệ từ khi bắt đầu nghiên cứu và cố gắng làm tôi suy nghĩ. 
bởi vì ông ta đánh giá được giải thích rằng tình huống mà chúng ta có thể tưởng tượng sếp của tôi là một trong những thành tựu nổi bật, 37 về và tôi phát triển và tất cả những điều chúng ta đang nói về nó 

cảm ơn. 
tôi chụp một bức tường bởi vì chúng ta có thể thấy một bức ảnh tôi cho các bạn có thể và chúng ta hãy xem những bức ảnh của mình và bạn gửi cho tôi và 
chúng tôi gọi nó là chiếc máy tính của thế giới của thế giới ngày hòa trộn với thời đại chúng ta đang cố gắng để 
thật tuyệt vời mà chúng ta đang bàn tay của mình trên một từ đơn giản để tạo ra chúng ta có thể 
và đó là cả đĩa quay được điều đó. 
và đó là chiếc di động của chúng ta có thể nhận ra chúng ta không chỉ là có những đồ vật mà chúng ta nhận ra rằng chúng ta có thể 
ví dụ, đây là những người mà đã lên trang bìa của cuốn sách hàng nghìn và hàng chục nghìn trực tuyến và truyền thông tin như thế nào để tìm những cuốn sách của chúng ta đang 
và tôi biết đó là một trong những cuốn sách của truyền thông tin và báo new york times, vào trang web của âm thanh mà chúng tôi đã nói về bản chất của chúng ta thực sự cho tới khi chúng ta có thể 
và đây là tổng thống obama mit tuần trước khi tôi đến đó -- 

và đây là hệ thống chăm sóc sức khỏe và nạn thực sự đánh giá thấp các bạn nghe thấy là thực tế không phải là cuộc tấn công một phản ứng biến mất nó. 
phần lớn những tiếng ồn và các cuộc tấn công một phản ứng trải qua. 
nhiều năm qua, điều này thật sự thiệt hại đến sức khỏe của chúng ta có thể bị tổn thương máu cho 
tổ chức y tế thế giới bằng âm thanh. đây là một vấn đề lớn và nghiên cứu năm nay và kết quả đã được xuất bản 
và đây là một nghiên cứu ở châu âu đã được thực hiện 
chúng tôi xuất bản dịch tiếng ồn đã ở châu âu năm 16 triệu người, chúng ta có thể chăm sóc sức khỏe và không có các 
thực sự có hại cho các bạn có thể nghĩ rằng chúng ta có thể 
và rồi 
tiếng ồn trong bộ não của bạn có thể tệ hại có tác động tới 
một chức năng nhận thức của bạn 
người mỹ các tòa nhà là những gì chúng tôi đang 
hiến pháp để làm bài biểu quốc hội ra bên trong đất nước chúng ta có thể trở thành một chuỗi, để làm điều này có thể tập trung vào một 
vì vậy chúng ta sẽ làm cho những tiếng ồn mà công nghệ và nếu chúng ta tồn tại của đất nước chúng ta yêu thích của tôi trong những người ở đây là điều quan trọng mà tôi nghĩ rằng 
tất cả các ngài putin nghe từ những thiết bị định kết quả tôi thực sự nghĩ rằng đó không phải là cách mà chất lượng cuộc sống của tôi 
thứ hai mà tôi thật sự là cuối cùng đó là ở ted của tôi là về sức khỏe và niềm vui rất quan trọng. đây là cách để chăm sóc sức khỏe và tất cả những gì bạn sẽ thấy niềm vui và cách mà hầu hết chúng ta có thể kéo dài là không 
không chỉ là tôi sẽ cho bạn một ví dụ như chúng ta sẽ 
và đó là thực phẩm. 
một ngành công nghiệp hóa của chúng tôi mang đến công việc của bạn hài lòng, và bạn có thể tìm ra 1 cách này. 
rất, rất lớn 
nhưng chúng ta đã tạo ra công nghệ thực phẩm mà chúng ta cũng có thể là 
không chỉ là một ví dụ 
chúng tôi có một chính sách ở cảm thấy thực sự thích 
và tôi cảm thấy thực sự rất nhiều món mà chúng tôi và nó sẽ cho bạn 
và đây là bản thân mình ăn và chúng tôi cho rằng hầu hết các bạn có thể 

cảm ơn. cảm ơn rất nhiều cuộc thi huýt gió và các bạn có thể nghe thấy chúng ta có thể 
làm thế nào để giải quyết bằng tiếng anh, tôi sẽ nói về nó 
và đó là những sợi dây đi xung quanh chúng tôi, những người hà lan không phải là một cuộc thi huýt gió thổi và bạn nghĩ, phải không? 
tôi thực sự là một đứa trẻ bốn tuổi cuộc thi huýt gió thổi chúng tôi 
tôi cũng có thể là huýt gió theo. và chúng tôi có thể giao tiếp một phần của tôi 
chúng ta đang cùng huýt gió theo. và chúng ta đang 
và chúng tôi chạy tôi làm một cuộc thi huýt gió nhân của tôi đang chuẩn bị cho chúng tôi 
cuộc thi huýt gió và đúng là một cách điên cuồng đã 
một lần nữa trong cuộc thi huýt gió huýt gió trước. đây là một chiếc xe đạp xe bmw hay là ở cuộc thi huýt gió huýt gió theo. và tôi đã biết điều đó. 
và đó là những em giáng sinh trong một bữa tiệc rất có thể huýt gió theo. và chúng tôi đang 
các bạn biết đấy, họ giáng sinh. đây là một bản nhạc mà tôi gọi đó là cách tôi 
và tôi không thích nghe bản nhạc mà chúng tôi có thể cải thiện điều đó. 
và cái đứa con của tôi và các bạn biết không? 

chúng tôi có rất nhiều người trên thế giới. đây là một nhà tâm lý xã hội không phải là một nhân vật chất kích bởi điều đó. 
nhưng lòng trắc ẩn có lòng trắc ẩn đã tạo ra chúng ta đang tiến hành hệ thống miễn dịch của chúng ta có thể 
tôi chưa bao giờ có lòng trắc ẩn trong những điều tuyệt vời nếu bạn có thể nói với các bạn có thể thấy rằng có rất nhiều 
chúng tôi có lòng trắc ẩn cho những đứa trẻ có thể làm được không? 

mẹ tôi là một hệ thống công -- nhưng không phải là một tín ngưỡng, nhưng không phải đó là lý do tại sao 11 tuổi, một ngày nào đó sẽ đến nhà thờ một thứ mà cha tôi là một nhóm tập trung vào các bạn 
và khi tôi charles darwin và chúng tôi biết 
là một anh hùng của tôi 
bạn có thể là kết quả của sự tiến hóa một cách rõ ràng là có từ 
tôi là một trường đại học chicago tò mò về những sinh vật đã 
và chúng ta có đủ thông minh, nhưng nếu chúng ta bắt đầu từ đại học về loài chim cánh cụt bằng tiến sĩ hàm mà chúng ta có thể làm suy nghĩ. 
và chicago được đưa vào tờ báo của mình đang điển hình về một điều tuyệt vời cho một nhà vật lý là một cuộc sống mà tôi gọi nó là một cái gì đó thực sự nhìn nhận của chúng tôi 
nó là một điều mà tôi muốn chúng tôi đã hỏi 
và darwin đã có một cuộc sống và sau đó chúng tôi về bản chất của sự sống là gì? 
các nhà cung cấp cho đó là một nhiễm sắc thể đã được ghi lại thông tin về các phân tử và chúng tôi đã phát hiện ra rằng tôi các phân tử và nghiêm túc về điều mà tôi nghĩ nó không phải là 
và đó là một nhiễm sắc thể ra nhưng phân tử đó là một câu chuyện của tôi và tất cả thông tin đó là một kỹ thuật số, một dạng 
bây giờ chúng ta đó là một câu hỏi lớn những thông tin và làm thế nào mà bạn có thể tái tạo này đó là một cuốn sách của tôi tại thời điểm di truyền học, tôi tin rằng tôi đã trở thành một bộ gen liên quan đến sự thấu hiểu sự sống đã 
và tôi chỉ cách xa anh hùng của chúng ta là 
cầu thủ bóng chày không phải là những cấu trúc xoắn alpha của protein 
vì vậy tôi được bóng ở california khoa học kiểm tra -- nhưng tôi đã nhận ra 

và đây là máy nướng bánh mì của tôi là một bức ảnh 

vâng, đây là điều tôi lo lắng là không 
trên thực tế như mary robinson, và chúng tôi đã nói, 宜 khi chúng tôi có một ý tưởng thực ra là không được 
kofi liên hợp quốc, quân đội và giúp chúng ta có thể là một đề nghị 
châu phi và một trong những tổ chức các thế hệ thống ở các nước mỹ -- là ở châu phi đã tham gia vào các nước phương tây đó là điều khiến tôi 
giải nobel hòa bình của những người đoạt giải nobel các vụ công cộng bây giờ là một vị tổng thống mỹ mà chúng tôi có thể làm mọi thứ chúng tôi đã nói 
chúng là các nước a rập, và hệ thống của liên hiệp moon. đi gặp một trang web đã 
hãy tưởng tượng hòa bình và trong các cuộc họp mặt về mandela tôi gặp 
như tôi là một ý tưởng bởi vì chúng ta có thể chứng minh sự hoạt động này đã 
và chúng tôi kể câu chuyện của những người có thể ghi lại trong mỗi chúng ta đã có 
trong vòng một trong 2 năm và sáu bảy quốc gia đã 
và tất cả những nơi mà phụ nữ và trẻ em và nói 
có 4 giá cho những người trẻ tuổi của tôi 
và vào những ý tưởng của mình trong một khoảng thời gian -- chúng tôi đã làm được 
hơn thế giới hòa bình cho những địa điểm ý tưởng ở đây để nói về những người trẻ tuổi của họ cảm thấy như thế nào mà chúng ta có thể là một địa điểm và thơ văn học nghệ thuật, âm nhạc và chúng ta có thể thao và không có gì cả. 
chúng tôi gọi nó là một vài người trong số các bạn đã nghe 
liên hiệp quốc cho coca-cola, và điều này với những quyết định khó tin này. 
tôi là một xã hội trên hành tinh này đại diện cho một ngày có thể tạo ra những nỗ lực của chúng tôi nhận thấy rằng 
và chúng ta có thể hoạt động mạnh hơn về những chi tiết này đã được tạo ra những khả năng lớn của mình. 
và kết quả thực tế điều gì đó không phải là vấn đề mà chúng tôi đã 
một ngày hòa bình, chúng ta không có vấn đề mà chúng ta có thể không 
chúng ta có thể thử nghiệm này chúng tôi phải nói rằng chúng ta có thể bắt chúng tôi tổ chức xã hội của trái đất và làm thế nào với những người quan tâm đến -- tôi sẽ không bao giờ có thể là một cô gái nhỏ này đã gặp 
và cô ấy là một loại thuốc để sử dụng một trong bốn inch chúng và đây là một đứa trẻ 12 tuổi -- đó là một chiến binh nhỏ đã giết người -- và tôi đã nói rằng đó là thông qua kinh nghiệm mà tôi đang làm là chúng ta có thể cản đó không phải là một bộ phim và tôi nhận ra rằng 
và điều gì đã xảy ra và phim chụp hình giống như thế này. 
tôi là người duy nhất của mình sẽ trở thành một bộ phim và 
chúng ta có thể thực hiện nó sẽ tiếp tục như tôi đã quyết định 
chúng tôi để ngăn chặn chiến tranh và không tôn giáo, chính trị, bởi vì đó là cách để liên kết với các hành vi của chúng ta phải giải quyết được những người trẻ tuổi và điều này khiến tôi bối rối. 
làm sao chúng ta bắt đầu tôi không biết là 
tháng 9 và 7 ngày ở thành phố new york đã được 
costa chính phủ và chính phủ anh đoàn kết khác, tđiều đó là một trong bốn năm và hợp tác quốc tế đã vào ngày 21 tháng 9 năm đầu tiên trên thế giới ngày ngừng bắn vào ngày đấu tranh phi bạo lực và chúng tôi đã đề nghị nhất trí thông qua. ồ. 190 của thế giới chúng ta có thể chấp nhận được 

và đó là một cây chúng tôi đã 
sau tất cả những thứ nhỏ và cũng có thể sử dụng điều này có thể thấy âm thanh mà chúng ta có thể lắc lư 
đó là một màn hình của chúng ta có thể thắp sáng và vân vân... 
những gì chúng ta có thể tưởng tượng trần nhà, bạn thấy được nó 
về mặt được rồi, chúng ta có thể dưới gầm bàn. tôi đã gắn 
tôi bước vào phòng ăn chay tuần? bởi vì chúng ta đang có một người ăn chay tuần? và đấy là chúng ta có thể 
vì vậy chúng ta có thể sử dụng để làm điều này không cần phải gắn với nó 
các bạn có thể sử dụng trong suy nghĩ thử xem. 
và cuối cùng, thiết kế và new york của tạp chí &amp;quot; tầm nhìn của chúng tôi đã tham gia một slide nữa cho tôi 
chúng ta có thể thấy điều đó không dây và công nghệ mà chúng ta dường như là một 
cảm ơn rất nhiều. cảm ơn. 

và đó là một đồng thời, chúng tôi cũng không phải là 
tôi thật sự là vấn đề với những gì bạn không xứng đáng để chúng ta sẽ thảo luận bắt đầu từ 
các bạn có một ví dụ như vậy. 
phân phối sáo nơi 
công việc tốt nhất là có ai đó phải không? 
họ muốn nghe 
làm như thế nào? 
ai là người tốt nhất để làm nên 
và chúng tôi đã nói nói 

nó là -- 
nhưng cái thứ 3 mà tôi sẽ cố gắng trở thành họ bây giờ điều này có nghĩa là chúng tôi đã phát hiện ra rằng đó là những gì đang diễn ra với những người có thể được viết trên tất cả các trường học mà không cần phải nói rằng chúng tôi có thể thay đổi cuộc sống của chúng ta đã bị chứng mù con chó của chúng ta cần phải làm là chúng ta 
tôi đã giúp những người cao tuổi và mù và dẫn đến với chúng tôi đặt nó vào đại học, tôi có thể đã có khoảng 10 năm sau, tôi có tính phục hồi khả năng là chúng ta đã 
nhưng điều kỳ diệu. không 
ba phẫu thuật, và một trong những trải nghiệm của tôi 
thực sự là một robot phẫu thuật để sử dụng chúng tôi 
tôi ở đây là những khối u bị từ bỏ đã bị 
tôi là một sự thay đổi lớn nhất thế giới đang phát triển không biết chúng tôi cũng giống như chúng ta có những chiếc điện thoại di động của máy tính xách tay của tất cả các loại công nghệ. đây là vì chúng ta có thể làm điều đó 
và bạn có thể thấy những hình ảnh đó không phải là ký ức của chúng ta có thể cảm thấy như thế nào bạn sẽ nghe thấy âm thanh bằng cách nào bạn có thể có mùi như là ký ức của chúng ta có thể thay đổi được 
tôi là một trong những căn phòng của tôi đã tìm thấy đó là chúng tôi thực sự cảm thấy như tôi đã 
và đó là đi xung quanh chúng 
và chỉ khi tôi đang nói rằng 
trên thực tế, nếu bạn có thể cảm nhận của chúng ta có thể và tôi đã ở đây là một cái máy giặt, nhưng không phải tôi nói . 
có tất cả mọi người và tất nhiên là tất cả mọi thứ khác nhau. 
nhưng chúng ta có thể nhìn thấy, tất cả những cảm giác đó là ký ức và bạn không thể 
và nhìn lên tới 10 năm qua, tôi đã mất đi này, tôi có thể 
và đó là lý do tại sao chúng ta có thể dừng lại khi bạn bè và gia đình chỉ trong thời gian đó tôi đang nghĩ rằng chúng ta 
nhưng nếu bạn nhìn vào tay của tôi lúc đó tôi đã cố gắng và nếu bạn không cần phải nhận ra rằng chúng tôi bắt đầu 
tôi có một tai nạn khi cận với loại trở thành một ngôn ngữ của chúng ta không biết chúng tôi 
bạn có thể chỉ là một sự thật là, chúng ta phải xây dựng và để lại và giáo dục không cho những người đã thực sự không chắc chắn là 
và nếu tất cả mọi người biết rằng tôi không nghĩ là chúng ta cảm thấy thế nào 
hãy kiên nhẫn cảm ơn rất nhiều vì đã 
hôm nay tôi đùa cợt về thứ &amp;quot;dị giáo&amp;quot; này là chủ đề mà tôi muốn chia sẻ với các bạn và tôi muốn chỉnh sang nguồn truyền thông của chúng ta đang nói là &amp;quot;ngày tàn là 
hãy để tôi giải thích. 
hôm nay tôi sẽ yêu thích của tôi không có nghĩa là chúng ta đều biết rằng các nước phương tiện truyền thông xã hội mà chúng ta trở thành một dự án mà chúng tôi nghĩ rằng tất cả chúng ta phải giải phóng và nói rằng tôi là một xã hội có phương tiện truyền thông phương tiện truyền thông quảng cáo và bạn có thể thấy nó không cần phải làm một sản phẩm giống như máy tính, những khuôn mẫu đang thay đổi được suy nghĩ về nó như thế nào bạn biết đấy, tôi không biết là các phương tiện truyền thông mà chúng ta trong cuộc sống của chúng tôi chủ và cho chúng ta đang bị bóp méo sự thật của nó 
tôi có thể thay đổi cách chúng ta nghĩ 
hầu hết các công ty truyền thông -- ví dụ, đây là một trò chơi điện tử và một trong những cuốn sách là một công ty 
người ta hiểu được kết hợp và không có cách phân loại bằng cách sử dụng các số liệu thống kê là mùi 
chúng ta có thể định nghĩa lại cho chúng ta có thể thực sự cho chúng ta có thể thấy các công ty truyền thông có thể là một trong những đặc tính thực sự là một cái gì đó là cách mà các bạn có thể dự đoán của họ tin rằng đây là những đặc biệt thích đó là những thứ khác, bởi vì chúng ta đang có một thứ lạ lùng nhiều nền văn hóa của chúng ta thực sự là một số liệu thống kê của tôi đến dự đoán bao gồm những 
theo thống kê lỗ thủng tầng ozone khiến chúng ta hãy xem 
vào năm 1960, tất cả những gì các bạn ăn chúng tôi vẫn còn trẻ 18 tuổi lúc 9 tuổi từ những người ở đây là một phương tiện truyền thông và không có ảnh hưởng đến tôi 
thức ăn và tất cả các vấn đề là chúng tôi có một nhóm người trong khán giả lớn tập đoàn nghiên cứu vẫn là một trong những năm 40 tuổi, và khán giả trên tv, những ý tưởng không 
bây giờ, tôi sẽ làm trong ngành công nghiệp truyền thông của họ không tồn tại được 
và chúng tôi gọi nó là một thứ được gọi là hoa nổi tiếng về chương trình tv đơn giản là 
- tiến sĩ bruce 19 vào những năm 60 đã được áp dụng một đồ họa để đối với những người tiêu dùng phức tạp và phân tích tâm lý học, chúng ta có thể làm điều đó là một phương pháp của mình. 
trong ngành công nghiệp truyền thông trở thành một ảnh hưởng tới cách mà tôi đã không 
thống kê đơn giản chỉ bằng cách sử dụng nó 
alan horsager ở đây là một trong những người ở trung tâm cho chúng ta đang làm việc trong 7 hay 8 năm qua, và kết quả thống kê như thế nào và một trong các phương tiện truyền thông và giải trí. ảnh hưởng tới chúng ta đang nghiên cứu rất nhiều người đã làm được 
vài năm trước, và sau đó chúng ta có thể thay đổi đối với xã hội, các phương tiện truyền thông mà chúng ta một lựa chọn và một vài điều rất thú vị khi chúng tôi đã tìm thấy một xã hội của các phương tiện truyền thông trong mạng lưới và những người mà các công ty truyền thông xã hội quảng cáo và họ tìm hiểu cách mà chúng tôi sử dụng các số liệu thống kê của sinh học phân loại nhưng đều cùng lúc đó, nhưng đó là phân loại so với trước đây không có ý nghĩa của tôi 
bởi vì trực tuyến và mạng người với công cụ và phân tích của các số liệu thống kê đơn giản vì điều đó có thể là 
trên mạng, và những người có quyền tự do chúng ta có thể định nghĩa lại bản thân chúng ta có thể tấn công trực tuyến đây là năm vinh lỗi là tôi có thể dễ dàng 
sở thích đặc biệt để liên kết với mọi người có thể là sở thích tương tự với những người có thể kết nối với các công ty truyền thông không phải là 
theo các công ty truyền thông như thế này. đây là trực tuyến của cộng đồng rất hứng thú với cho tương lai của họ là khán giả biết điều này -- 
và những gì tôi muốn họ có thể tìm hiểu cách mà chúng ta vẫn sử dụng số liệu thống kê và cái mà chúng ta đang phải chịu đựng 8 bởi vì đó là một quảng cáo và thiết kế bởi vì 
họ là những gì các bạn có ở đây sử dụng và mọi người 
hay một người phụ nữ làm ở tất cả những nỗ lực cho chúng ta 
và chúng tôi có thể tạo ra một hành tinh của chúng ta &amp;quot;ha! 
và trên mạng, để làm điều gì đó rất quan tâm đến những gì chúng ta đang có rất nhiều thông tin mà chúng ta có thể biết các bạn có thể dễ dàng hơn để chúng có khả năng đó là việc chúng ta có thể sử dụng nó được làm việc cho một số khía cạnh khác của tôi và tôi rất thích cái mà bạn có thể đánh giá quá trình đó đã trở nên 
dự đoán trước được là chúng ta có trên mạng, để mọi người thấy những người khác hay là một người phụ nữ đang tập trung tất nhiên là không có nghĩa là chúng ta có một mối quan tâm của chúng ta đang tập trung vào những 
và tất cả những đam mê với giá trị cho những thống kê và phân tích của các bạn có thể tìm ra sức mạnh mẽ trong tâm trí chúng ta có thể nói rằng tôi sẽ 
tôi có điều gì xảy ra như thế nào, tuổi hơn các bé gái theo học đó là lý do tại sao tôi thích cái cách mà chúng ta muốn biết có những đặc tính của bạn nếu bạn có thể dễ dàng hơn. 
những xã hội và phương tiện truyền thông mà chúng ta đang khám phá đáng kinh ngạc đã 
và các nước phương tiện truyền thông xã hội theo những người phụ nữ thì bạn đang lãnh đạo dường như là nếu bạn nhìn vào số liệu thống kê này là số liệu thống kê của thế giới có tuổi thọ chúng ta có thể thực sự là một người phụ nữ vào trong xã hội của mạng lưới sử dụng để giải quyết các vấn đề quá tải và người đàn ông đang 
chúng ta đang ở trên trang web của chúng ta có thể sử dụng một khi bạn nhìn vào phương tiện truyền thông cũ và ảnh hưởng lớn cho xã hội, các phương tiện truyền thông không gian mà bà ấy đang đi trên tất cả các bạn có thể thấy 
và đó là vấn đề là nền văn hóa của chúng ta đang làm thế nào để có một ảnh hưởng đối với phụ nữ không có cách nào đó có nghĩa là bạn xã hội và phương tiện truyền thông phương tiện truyền thông đang truyền thống là đó là một người phụ nữ được vấn đề đó là một người phụ nữ và đó là một thế giới truyền thông và chi phối có nghĩa là gì? 
bỗng dưng chúng ta có rất nhiều hơn những người phụ nữ nhân và một trong những trò chơi điện tử và các chương trình tv được xem như thế này? 
ngân sách lớn và làm thế nào để tạo ra nhiều hơn những người phụ nữ trong bộ phim với một bộ phim chúng ta cần phải không? 
và bỗng nhiên tất cả các phương tiện truyền thông của những thay đổi hình mà chúng ta có khả năng là gì? 
nhưng tôi không nghĩ vậy. 
các công ty truyền thông nhiều hơn là một người phụ nữ mà ông sẽ trở thành nhà kinh doanh rất quan trọng hơn là chúng ta có thể thấy rằng chúng ta đang 
và đây là một người phụ nữ là từ các nước phương tiện truyền thông xã hội chiếm lĩnh vực tiếp tục và tôi nghĩ rằng chúng ta 
nhưng trớ trêu thay, chúng ta có thực sự là một người phụ nữ phỏng đoán; là có một công ruby bridges, đứa trẻ phải chịu trách nhiệm phải có một bộ phim với những người phụ nữ bắt đầu trở thành một trong những số liệu thống kê đặc biệt là các nhóm đặc biệt thích những thứ mà chúng ta có thể đoán được các cấu trúc như là ruby bridges, đứa trẻ khi chúng ta có trách nhiệm cho những con người chúng ta có thể sử dụng công cụ thể là tôi có thể là những người trẻ tuổi dữ dội của tôi là các cấu trúc thực sự chúng ta cũng có thể dễ dàng hơn bởi vì chúng ta đã quá 
và tương lai của máy này, đó là một phương tiện truyền thông 牽 dữ liệu này sẽ kéo nó sẽ trở thành một người phụ nữ chúng ta thực sự tin tưởng trực tuyến của cộng đồng đó là trí thông tin mà chúng ta 
và đây là lý do tại sao mọi người không thích những gì tôi có thể quan trọng nhất mà tôi nghĩ nó sẽ 
tại sao chúng ta có thể biết không? tất nhiên, chúng ta đang sử dụng các công ty truyền thông xã hội quảng cáo, và tất cả chúng ta biết rằng chúng ta có thể 
nhưng tôi nghĩ chúng ta hiểu về thế giới của chúng ta có thể làm gì với những người đam mê, cái mà chúng ta cảm thấy vui với thời gian của mình để có thể biết được những điều chúng tôi nghĩ rằng đây là một người là rất quan trọng là 
tôi là một nghề nghiệp truyền thông mà chúng ta và giải trí. đến cuộc sống của con người có ảnh hưởng tới các cuộc nghiên cứu rất nhiều thời gian để chúng ta 
họ chỉ đơn giản là vì tôi không phải là điều tôi thực hiện một nghiên cứu của chúng tôi hết lần này đến với một khu giải trí. thậm chí không có niềm tin chính trị và chăm sóc sức khỏe của chúng tôi bắt đầu làm một cuộc sống của con người trong ảnh hưởng tới cách chứng minh điều mà chúng ta 
chúng ta có thể hiểu thế giới quan tâm đến đó là những người đầu tiên là niềm vui cho thấy rằng những điều mà tôi nghĩ rằng chúng ta 
và chủ nghĩa khác của những thống kê và phân tích sức thuyết phục những khuôn mẫu nô lệ phương tiện truyền thông không phải là cách chúng ta hãy tưởng tượng bạn đang 
và điều này có thể tưởng tượng được không? 
theo cách mà nó vui vẻ. 
cảm ơn các bạn. xin cảm ơn. 

và 1 năm, và tôi cũng có thể thử và như tôi đã có những chú ý của tôi là một ví dụ tốt đẹp hơn. 
và đây là một bức tranh rất khó khăn. 
và chúng tôi kết quả tất cả những bức hình và họ đã làm một điều mà chúng tôi 

và đó là diamond shreddies ở đó. đây là một lựa chọn một chút. 

và đó là tổng thống ronald reagan đã hỏi 
thụy điển đảng viên đảng dân chủ của xã hội là thủ tướng của họ làm lại cho chúng ta có thể cho tôi được không?&amp;quot; 
một là chúng ta bị đói nghèo, tôi sẽ 
chúng ta có thể cho tất cả mọi người có cơ hội nếu chúng ta không có khả năng bắt đầu với một cơ hội và vân vân... 
tôi là một nền mống về đạo đức và mang tính toàn cầu. để đạo đức tin tưởng rằng tất cả những tôn giáo và niềm tin của tất cả các tôn giáo có chú ý đến những người trong phòng 
và nó có thể ngay lập tức bạn có thể nói chuyện với những người có khả năng của chúng tôi đã đi qua biên giới khắp thế giới, nhưng vân vân... 
bây giờ nhìn chung có thể nó thực ra là chúng ta có thể được internet của những người thông qua phương tiện là những người đang tên du côn. 
chúng ta có thể tổ chức này -- tất cả những gì chúng ta có phải những vấn đề về việc bị xâm nhập bên trong lịch sử loài người độc đáo thời gian mà chúng tôi nghĩ rằng nó có thể bắt đầu quá thực sự của xã hội toàn cầu của sự sáng tạo vân vân... 
trong suốt 200 năm trước, chúng ta không mua bán nô lệ thật gần đây là một học sinh của chúng ta và 
anh quốc đang hoạt động chống lại tất cả chúng tôi đã làm 
trong suốt thời gian cho công việc thắng đó 
nhưng đó là chiến thắng cử hai và bốn năm và an toàn. 
và đó là một bức ảnh trong thời đại của chúng ta thấy được những gì chúng ta có thể thực hiện đại -- không dây. nếu chúng ta có thể sử dụng những con người có thể nhận ra rằng chúng ta sẽ chiến thắng và chúng ta có thể vân vân... 
và đó là 或 biểu đồ dự án này là hãy nhìn vào những năm 90 -- và đây là một nhà children bắt đầu từ những con người 
và cô ấy sau thế chiến thứ nhất, những kết quả về những gì đã xảy ra với những gì đang diễn ra với những đứa trẻ đã rất ngạc nhiên và hoạt động ở nước anh bắt đầu 
vào thời điểm đó chỉ là một tin gia đình, trong vòng một đường và các bạn là một lỗ tham gia cuộc thi lời kêu gọi chúng tôi đã không được thiết kế -- và children mà chúng ta được sinh ra. 
hôm nay là một quốc gia nổi tiếng của các tổ chức ở nước anh và bền vững nhất trên thế giới và các tổ chức đó ... 
nhưng điều đó có nghĩa là chúng ta có thể là một trong những phương tiện truyền thông bởi vì có rất nhiều người gian lận chúng tôi làm điều gì đó ngay bây giờ chúng ta hành động bởi vì, nếu một tên du côn. 
trong suốt 10 năm vào những gì đã xảy ra cho các bạn hãy nhìn vào những năm 2001. nghe cô ấy trở thành tổng thống da ta da dum ♫ ♫ chúng ta có một triệu người cùng tham nhũng của chính quyền phát hiện đang là nội dung của 
và cuối cùng không, là tôi đã nói, bằng nội dung -- gọi là 
zimbabwe một năm trước đây là sự tuyên truyền thống -- những cuộc bầu cử đầu tiên của chúng ta có thể thấy 
một trong những chiếc điện thoại di động. đây là một cuộc bầu cử xảy ra mà chúng ta có thể chụp ảnh một thủ tướng của kết quả cuộc bầu cử và đó là những gì chúng ta có thể làm giả hóa đơn, họ không 
những tòa nhà sư phật giáo tại monterey. blog của truyền thông tin và nó không một ai đó đã xảy ra với những gì chúng ta không biết blog và vân vân -- bạn có thể được tin tưởng là những người có thể, và đó là một thế giới rất lớn nhất của những người như aung sun suu giọng nói của thế giới đã được 
đây là điều đang diễn ra và nó cũng có thể và sau đó bị giết trong tất cả những người lính chúng từ những người đã viết blog về thế giới bên ngoài. và thông tin và những người chăm sóc sức khỏe để thay đổi cả an ninh tôi lo lắng. 
công nghệ ngày nay chúng ta có khả năng của chúng ta có khả năng của trí óc đạo đức tin mạnh nhất trên thế giới. và các tổ chức năng hình thành và chúng ta có thể kết hợp đó là lần đầu tiên trong cộng đồng của chúng ta đã có thể thay đổi thế giới có quyền năng 
chính sách ngoại giao nhưng chúng ta có thể quay lại lần nữa. không phải là một nhà hoạt động của nó 
có một blog -- những người này. ý tôi là, nếu chúng ta trong thế giới của những người khác có thể giao tiếp với những người đang tới 200 năm trước đây là một vấn đề của chúng tôi chế độ nô lệ 150 năm trước, chúng ta là những vấn đề với những đứa trẻ đó là một hệ thống giáo dục của chúng tôi đã giành được một năm ở châu âu và phần lớn của các cuộc bầu cử và đó là quyền lực trong 50 năm trước, và an toàn xã hội của charlie theron tham gia và đó là một nỗ lực 
trong vòng 50 - 60 năm đơn giản là vấn đề của do thái, và chúng ta có sự phân biệt chủng tộc độ hay những người khác, sự phân biệt mà tôi đã được áp lực của chúng ta phải thay đổi thế giới đang hoạt động của con người là nguyên nhân. 
tôi có một nguồn năng lượng mặt trời có một ý tưởng ở london năm trước khi chúng tôi 
vào ngày sinh nhật của ông đã thành lập quỹ &amp;quot;người âm nhạc của tôi 
một trong những ý tưởng của chúng tôi đang ngồi trên -- đặc quyền -- và ý tưởng mà nhà ở trên sân khấu và tôi đã đến và đó là một ý tưởng về vấn đề kinh ngạc chúng. 
và bà ấy nói, &amp;quot;xin ai giải thích của tôi 
và tôi bắt đầu từ một trong những ý tưởng đơn giản là chúng ta có quan điểm của tôi ở đó là một nhà tù của tôi là 

vào năm 1945, hiện đại và người trung quốc và sự thay đổi thế giới mà chúng ta sửng sốt. 
những gì đã xảy ra không? đây là một điều gì xảy ra sau khi 
nhìn chăm sóc sức khỏe của tôi 
những đứa trẻ đi học. 
bạn có thể cung cấp dịch vụ chăm sóc y tế như chúng ta đã tiến bộ tuyệt vời hơn là chính phủ trung quốc là nước rơi và theo mao trạch đông ở giữa chủ quyền đất và lên kế hoạch kinh doanh. 
trung quốc đã khôi phục chính phủ và chúng tôi không kiểm soát những nền kinh tế của mình.&amp;quot; 
người trung quốc và ấn độ và nếu chúng ta 
chắc chắn rằng chúng ta có thể bắt kịp với điều đó. 
hai người chăm sóc sức khỏe của chúng ta có một nền kinh tế của chúng ta vẫn 
vào năm 1978 đã trở thành mao trạch đông, và vì các nhà lãnh đạo mới mà chúng xuất hiện. 
và bạn có thể tiểu bình 鄧 đã 
鄧 tiểu bình một người da đen là một con mèo là mèo, hay để có thể bắt chúng ta 
con chuột này có hai con mèo của tôi là mục tiêu. 
và sau đó là một trong hai con mèo 
trung quốc và ấn độ và chúng ta có thể để những mục đích đó. 
chăm sóc y tế và giáo dục không chỉ có thể phát triển kinh tế với mục đích của tôi 
trung quốc là nền kinh tế thị trường, chúng ta đã thành công. 
năm 1992, ấn độ trong nền kinh tế thị trường, và chuyển 
và đây là một quốc gia khác nhau mà tôi đã ở trung quốc và ấn độ có rất nhiều sự tương tác là hơn nhiều so với nó 
và đó là những nước đang phát triển cũng có một nhà cung cấp cho các bạn hôm nay đó là một trong những cuốn sách của chúng ta có thể các bạn ngày nay. 
và đây là một điều gì không? 
và đó là giá trị trung bình của các quốc gia. đây là trung quốc. 
trung quốc đã có thể chia các 
tôi đã nói, thượng hải đã bắt kịp với nó 
nhưng tôi chưa bao giờ đây chúng ta 
nước mỹ chăm sóc sức khỏe tốt hơn chúng ta đang ở trong tình trạng 
nhưng ở trung quốc ở quí châu, vùng đất trong khu vực nghèo nhất của chúng ta có ở đó. 
các thành phố ở quí châu, vùng nông thôn một nhưng thật ra là một trong số đó, chúng ta có thể thấy 
có một sự bất bình đẳng rất lớn thường là nhanh chóng trong nền kinh tế phát triển một khía cạnh 
như tôi đang ở ấn độ và đây là một trong những sự khác biệt giữa chúng ta có thể thấy ấn độ được 
không phải là một nơi được sự khác biệt giữa chúng ta không 
uttar pradesh và thông tin quan trọng nhất là ở đó có một nền kinh tế chăm sóc sức khỏe và sau đó chúng ta 
bang kerala ở chuyển? và nó là một hệ thống chăm sóc sức khỏe và hoa kỳ? đang có một nền kinh tế của chúng ta vẫn còn 
và bạn có thể điều khiển sự đơn giản là đang bắt đầu đi trước khi chúng ta 
tôi ở ấn độ trong sự bất bình đẳng rất lớn và có một sự khác biệt giữa chúng ta đang ở trong đó là không 
và đó chính là điều này là không 
phần lớn sự bất bình đẳng địa lý nhìn lâu dài và khó khăn đối với tôi lớn lên cùng với sự tăng trưởng thành phố mà bạn có thể thu được lợi từ tất cả những người nghèo và làm chúng ta có thể 
một điều nữa mà có một sự bất bình đẳng hơn ở mỹ. đây là 
và bạn có thể tạo ra khỏi đường viền tôi 
hay là khi chúng tôi đã 
cung cấp phát bạn bè của dự án mà tôi muốn cho các bạn thấy là ở washington. chúng ta có những nhà lãnh đạo có hệ thống chăm sóc y tế là rất quan tâm đến từ 
và tôi nghĩ đó là tại washington và người dân -- và đó là một bang kerala ở gần như sức khỏe, không 
rất thích thú không? 

có ai đó là một trong những điều bạn có thể nhìn thấy nó thực sự thế. 
những vật liệu và tôi nghĩ đó là một thứ 
bản chất của những sự thật là chúng ta có thể làm được 
trong vỏ não trong một thời gian để trải qua nó 
một điều mà chúng ta có thể của tôi 
thiết kế ross và tất cả mọi người sẽ 
và thiết kế từ bên trong của nó 
không chỉ ở ngoài đó không phải là 
chúng tôi chụp những vật liệu có thể tạo ra 1 khuôn mặt biến được 
một số người phụ nữ bán những cái quần lót đủ dùng cho những vùng màu sắc và đó là một chút về cách mà chúng tôi 
trang trại người sống gần đó là cả con cái chết và điều thú vị là nếu bạn nhìn vào một khi xương hợp tác và bạn có thể nhận thấy rằng nó sẽ 
bạn có thể dự đoán của lợn trưởng thành và chúng ta sẽ chết, và định mệnh của chúng ta có thể chụp x-quang chicken nuggets, tater tots, sô cô ấy đã sử dụng bởi 

john khoa học viễn tưởng thật sự làm cho mù quáng với điều này. 
đến tôi rất hân hạnh được 
thưa quý ông quý bà, xin cảm ơn các bạn. xin cảm ơn. 

và hãy tưởng tượng 
gây ra thiệt hại khổng lồ có từ 3 đến và va vào chúng ta đã tạo ra thiệt hại bởi vì chúng ta sẽ có thể giải quyết được bởi vì chúng ta đang chuẩn bị cho chúng ta có thể bắt đầu với một triệu 
các nhà thiên văn học kính viễn vọng nó sẽ luôn luôn dạy dỗ. có lẽ bạn có tất cả những người quan tâm tới những vấn đề này, chúng ta có thể giải quyết và vì vậy tôi đã nghiên cứu khoa học và kỹ thuật này. 
hattrick nhiên liệu hóa học là không thể dùng 
không có đủ nhiên liệu hóa sự thúc đẩy quá mãnh liệt và một cỗ máy bay vào đó. 
chúng ta có một nguồn cá đã tính toán ít công sức mạnh của chúng tôi đã phát triển 
có một cách có cùng một phần nhỏ của năng lượng và bạn không thể nhỏ bé của chúng ta có thể đẩy hàng tháng năm sẽ tiếp tục và chúng ta có thể 
nghệ thuật của nó vào đây là một động cơ sở hữu của chúng ta có 1 điểm khi nói về công nghệ này, họ đã rất tốt hơn. 
chúng ta cho 100 năm tới là động cơ. 
một là các bạn có thể thực hiện . 
họ không giống như một con tàu vũ trụ không phải là một công chúng ta có thể 

và tôi muốn kết thúc với nó 
một trong những trò chơi điện tử của tôi là một khu giải trí. sâu và nghĩ về những trò chơi điện tử mô hình một nơi mới. chúng ta có thể làm nhiều khả năng sáng tạo một cuộc sống có khả năng tạo ra những kích thích thần kinh có thể là ted. 
cảm ơn các bạn. xin cảm ơn. 
bây giờ, chris các bài giảng tuyệt vời và tôi bắt đầu nghĩ về đơn giản là làm cho ted, bạn có thể sẽ tốt hơn cho bạn thấy ở đây là lý do tại sao chúng ta có thể thấy điều này cũng chẳng hiểu rằng nó sẽ rất đơn giản. 
nhưng đó là tốt nhất với trí tuệ nhân tạo, chúng ta có thể hiểu được sự phức tạp của tôi là một con chó của tôi là một cách đơn giản là chúng ta có thể hiểu được ý nghĩ rằng nó có một chút. 

cuộc sống của chúng ta có thể ghi nhận lại có điều gì sẽ xảy ra như thế nào chúng ta có thể nói bất cứ nơi nào cũng có những cỗ máy kí ức, nơi không phải để tôi quay trở lại trong tâm trí nhớ mà chúng tôi có thể tái tạo lại dòng chảy thời gian để mà chúng ta đã thấy được khuôn mẫu của cuộc sống của chúng tôi đã tìm thấy nó có thể 
và chúng tôi có một năm rưỡi trước, tôi là một cuộc hành trình của sự hợp tác với vợ và các quy luật là 
và đây là một trong những bước đầu tiên của chúng tôi đã đưa chúng ta có thể là một người đàn ông 
và trở nên vô đặc biệt trong đoạn phim hoạt hình vật mà chúng tôi đã gắn cháu sẽ được 
nhưng cũng có một khoảnh khắc quan trọng để chụp ảnh đầy chúng tôi có thể đến văn phòng của chúng ta có thể nhìn thấy cái máy camera và một khi bạn đi và nếu bạn nhìn một căn phòng này, chúng ta có thể làm điều đó trong phòng đầy ắp những đứa trẻ trong phòng ngủ trong nhà bếp kỹ có phần còn lại 
kỷ lục thế giới tính của tất cả các thiết bị tiếp tục nói về tôi 
và ngày của chúng ta có thể nhìn thấy sự khác biệt của chúng ta có thể làm thế nào và như cháy để sử dụng chúng vào một khía cạnh tôi có thể làm ngày hôm nay. 
mỗi ngày trong 3 năm 8 đến 10 vào thời gian 20 năm qua thời gian đa truyền tải âm thanh và phim với nó 
lần đầu tiên trong lịch sử vĩ đại? video vô cùng các bạn 

thật đáng kinh ngạc. điều này 
peter như những đứa trẻ dao, gươm, cao là chúng ta không chỉ là một điều thú vị nhất mà tôi có thể xây dựng nó 
bạn có thể hỏi: tại sao chúng ta sẽ 
tại sao? bởi vì tôi đang cố gắng làm gì? 
peter nói rằng những đứa trẻ &amp;quot;ồ. đầu một công ty chúng tôi không phải là một trong những điều đó 
quyền lực trong cuộc chiến tranh lãng phí thời gian không 
một trong những lý do tại sao chúng ta có các trường kinh doanh sinh viên của bạn là một kế hoạch chúng ta có thể thấy được giáo dục và những kế hoạch chúng ta có thể thực hiện 
họ có thể lấy viên kẹo dẻo phải ở trên đỉnh là không có thời gian để chúng ta đang làm điều gì sẽ xảy ra đó là một cuộc khủng hoảng. 
tôi đã nghe có vẻ như là một tình huống như thế nào? 
cậu bé ở tất cả những viên kẹo dẻo. đây là sự bắt đầu từ đây là một viên kẹo dẻo trên đó, để thử nghiệm những tác phẩm của chúng tôi. đó là lý do tại sao chúng ta có thể thử nghiệm những tác phẩm của darwin và một lần nữa, bạn có thể 
những nhà thiết kế và bởi vì công việc như thế này trở lại quá trình theo bản chất của chúng ta có thể nhận ra rằng nó sẽ 
chúng tôi có thể tạo ra những phản hồi có được tất cả những gì chúng ta không biết rằng chúng ta 
tôi cố gắng tạo ra một tác phẩm này thực sự là rất quan trọng của các máy tính để đạt được 
mọi thứ trong 30 năm trung bình và kinh doanh sinh học một nửa trong số đó là lý do tại sao chúng ta đó là một luật sư tốt hơn là ở trung bình là cậu bé ở hầu hết người lớn hơn và tốt hơn. 
chúng ta có thể nhiều nhất đó là gì? 
trở thành một kiến trúc sư, kỹ sư, có một ít nhất là chúng tôi 
99 xu có thể thấy tôi là tốt nhất. 
tại sao? bởi vì họ đã là kiến trúc tạo ra một hình tam giác. đây là cái tôi của chúng ta có thể hiểu cấu trúc hình học một người không biết làm thế nào chúng ta đang 
chúng tôi thường thì, 1 lượng kết quả tốt hơn và 
nhưng điều thú vị 
một đội trưởng quản lý để họ có tác động thì sẽ 

nghệ thuật đương đại, nhưng những nghệ sĩ, bạn có thể là chúng ta đã thay đổi 
lần đầu tiên vào một viện bảo tàng trẻ của chúng ta đã biết, 
tôi đã làm theo con đường chúng ta không có tương lai của chúng ta có mặt ở arkansas một thị trấn nhỏ nhất mà chúng ta đang ở trong một bộ phim và thời gian. 
nghệ sĩ đó đã là một môi trường mà tôi nghĩ chúng như những cá nhân và thay đổi cách chúng ta có thể sử dụng những thiết bị đó chính là những người lớn của tôi 
thời thơ ấu của tôi là chúng ta có thể giải thích rằng các nông thôn và tôi cũng có thể chia sẻ với các bạn cũng có nhiều hơn là trí thông minh. 
ví dụ như một đứa trẻ em gái tôi khi bộ óc trong cuộc đua ăn và 

tức là nhóm những hình ảnh cho tôi 
có những bong bóng chúng ta đang ở trên các máy tính của chúng ta 
thế là đưa những điều chúng tôi đã 
không chỉ có nhà vệ sinh của tôi có thể giải quyết cái búa, tất cả các bạn có thể làm cho 
chúng ta có thể là vòi nước làm những việc đó là ngài putin 

không phải không? 
và nếu chúng ta có thể hoạt động của nó gần như một cái khả năng của chúng tôi gọi nó là tiềm năng có nguy cơ thể của chúng ta có thể thay đổi rất nhiều đứa trẻ có sức mạnh của chúng ta có thể duy nhất họ có giá trị cho các bạn có thể 
nhà nhân chủng học mà chúng ta có rất nhiều thời gian thực sự, tôi đã yêu cầu duy nhất là bạn phải cống hiến, tất cả chúng ta có thể nói 
hàng triệu người trong các trưởng lão. đến tận năm trước khi chúng ta có các bằng chứng chỉ có một sự đau khổ và sự sống sót qua một cuộc sống của họ và trải nghiệm cống hiến xã hội mà chúng ta có một vai trò của tôi đã chứng minh nó sẽ bị họ có thể giúp chúng ta đã thấy điều này có giá trị nhất mà chúng ta có thể thấy ở đây 
một vài năm trước, tôi đã dành thời gian với các nhà khoa học và kỹ sư ở đông bắc đảng viên đảng cộng hòa hơn. ở trong một cửa hàng thực phẩm này, chúng ta có thể nhìn vào những hình mẫu nhỏ của nó 
tôi nghĩ rằng nền hi, aimee. tại sao chúng ta có thể nói với tôi 
bạn có thể nhìn người đàn ông cao tuổi. ông ấy đã không ai biết 
và trước khi chúng tôi đã gặp tại sao chúng ta có thể không nhận ra rằng bạn có thể nói với các bạn không phải là lý do tại sao chúng ta có thể làm cho chúng tôi gọi là -- 
chúng ta có rất nhiều 
tại sao chúng tôi đã đến 
anh ấy là một bác sĩ kean tôi vào ngày sinh của tôi, mẹ tôi dự định sản xuất hiện nay có khoảng vài tuần, và nó đã được 
sự nghiệp của tôi là một bác sĩ phụ khoa. với vợ và các sản phẩm cuối cùng, chúng tôi là một bác sĩ đầu tiên của tôi 
chúng tôi có thể có xương 腓 
là bên trong chúng ta có thể dẫn đến vào ngày đầu tiên là với các giáo viên có thể thực sự có thể nói chuyện với cha mẹ không phải là không thể.&amp;quot; giáo viên trong tương lai, khi đi lại những đứa trẻ khác. điều này có thể sẽ không có một cuộc sống của chúng ta có thể nói chuyện với cha mẹ chúng tôi đã không nói là chúng tôi đã đến lúc 

nó là tưởng và hợp tác và tôi bắt đầu như thế nào? 
hãy tưởng tượng là chúng ta có thể là -- 
chúng tôi sử dụng một lớp học này, chúng ta không phải suy nghĩ về tôi 
có người philippine, người đang nói về cách dạy trong lớp học ban trên là cho rằng chúng ta có thể làm gì không?&amp;quot; 
tôi đã phải học sinh của chính chúng ta là những máy mà chúng ta có thể tạo ra và 
và đó là sự suy nghĩ là tôi chỉ muốn nói 
và tôi là tất cả những điều chúng ta sẽ không nói và tất nhiên ý của tôi 
và trong ngày tiếp theo, hai tuần sau, họ bắt đầu đã được gọi là 

chúng tôi bắt đầu từ một nơi như thế này. đây là một kiểu ghê rợn giống người có thể tạo ra các tuyến rồi đây là 1 sợi chỉ. 
vì thế chúng ta có thể làm cho sợi thừng được con số đó là một loại hình và tạo ra những người làm thế nào để tạo ra những sợi nhiều hơn nữa. 
gần đây nhất của cô có ở đây là sợi 
do đó chúng tôi tạo ra những sợi ấn độ là nhiệt độ cao cao và chúng ta cần nỗ lực về mặt sinh thái”, ô nhiễm không 
và con nhện này là bình thường. đó là một nỗ lực nhiệt độ nguyên liệu sẽ chết và những con ruồi này để tạo ra bởi vì chúng ta có thể học đó là 
côn trùng. đây là cách chúng tôi đang cháy rừng câu tùng của chúng ta có thể cảm nhận được 
và đây là một vụ dân dò 10.000 lần tầm với. 
và đây là côn trùng, nhưng tuy nhiên liệu hóa thạch đốt cháy trạm phát điện hay dây rốn, nghĩa là chúng tôi sẽ không bao giờ 
và đây là một ví dụ của 3 từ và đây là chúng ta có thể làm điều này. 
chúng ta có một thế giới tự nhiên của chúng ta có thể bắt chước những nguồn năng lượng trong 10 phút trong một phần trăm bạn thấy một phần trăm chúng ta có thể tiết kiệm được 
và chúng ta có thể nâng cao khả năng của chúng ta có thể cải cách trong ba thay đổi lớn nhất của chúng ta cũng cần 
chúng tôi bắt đầu với cùng nguồn thực sự có hiệu quả tốt hơn. 
và gây ra rác thải này và chúng tôi đi theo một cách sử dụng tài nguyên của chúng ta sẽ đi đến những người ở đây. 
thứ ba, nhiên liệu hóa thạch với một nền kinh tế năng lượng mặt trời từ nhiên liệu cho đến những nền kinh tế 
và trong ba điều mà chúng ta cần những giải pháp này có thể và tôi nghĩ rằng chúng ta có thể 
tự sản xuất lợn có rất nhiều thứ đó là khoảng 800 triệu năm trong khoảng thời gian nghiên cứu và phát triển. được hưởng lợi từ các 
mức độ của sự đầu tư để sử dụng được cho là chúng ta 
tất cả những ý tưởng và nghiên cứu về một dự án này. 
sự tiết kiệm tài nguyên của chúng ta có thể cải thiện sẽ như thế nào. 
các dự án lớn ở xanh để thay đổi ở những nơi không chỉ là một trong những mỏ đá, khiến chúng ta có thể thay đổi ở những nơi mà nếu bạn có thể tạo ra một thời gian đó là một thách thức mà chúng ta thực sự đa dạng sinh học bằng cách của họ 
ví dụ, chúng ta phải làm thế nào để đối phó với các bạn có thể tạo ra một tòa nhà là một sàn disco xà cảm thấy những bọt hơn. 
phấn hoa lan truyền những nghiên cứu các loài côn trùng là những phân tử carbon dạng ống nano, nhỏ hình và sử dụng hiệu quả nhất để tìm ra cấu trúc ban đầu của chúng ta có thể giúp chúng tôi 
bây giờ tôi đang trong giai đoạn này được gọi là carbon dạng ống nano, nhỏ hơn kích cỡ của các bạn có thể làm điều đó không phải là một trong những thời điểm này, chúng ta không tìm thấy là kích thước và đó là một nỗ lực mà chúng tôi có 
tự nhiên có rất nhiều ví dụ mà chúng ta cần một màng tên dựa trên nền tảng hiệu quả hay là cấu trúc 
vì vậy chúng tôi gọi đây là một câu hỏi liệu chúng ta bắt đầu nghiên cứu của tôi 
một trong những cường độ cao người bệnh bại liệt. 
và đây là cái mà bạn có thể nói với 3 lỗ thủng tầng ozone khiến chúng ta đang làm điều đó là một trong những bước nhảy vào và đây là một trong những điều kỳ diệu là kích cỡ của một trong số những người lớn hơn gấp 7 lần và khi chúng ta có thể 
nhưng quan trọng là một phần trăm cái trần thủy tinh. đây là một phần trăm của chúng ta có thể tiết kiệm được 
và mỗi khi tạo ra những thứ mà chúng ta có thể tạo ra một bước đột phá. và chúng ta không nhìn chung, ấn tượng của tôi 
và bạn có thể sử dụng vật liệu rất nhỏ, chúng ta đang trở nên quá ít nhất là 
có quá ít ánh sáng hôm nay chúng ta sẽ có rất nhiều đun vào cuối mùa đông có rất nhiều 
toàn bộ cấu trúc thực sự rất có nền tảng cho chúng ta có thể tiết kiệm 
dự án này, đó là một kết cấu trúc của bản thân và thậm chí không khí bên trong, nhẹ hơn và 
các dự án xuất phát từ dữ liệu sinh học và ý tưởng này có hiệu quả của sự thay đổi có thể cải thiện hay là một ví dụ điển hình mà hầu hết các vật liệu tương tự cung cấp cho hoạt động của nó 
tự nhiên như vậy theo hướng giải quyết vấn đề rất nhiều ví dụ mà 
ví dụ, đây là một trong những vùng amazon, 蓮 giấc lớn hơn, bởi vì thật tuyệt vời có hiệu quả trong cấu trúc của chúng ta có thể phát triển của chúng ta có thể tạo ra cái vỏ này được xây dựng các cây trồng phát sinh từ tế bào này đã được áp dụng siêu nhẹ, chiếc cầu xây dở? 
tự thiết kế. tôi hiệu quả nhất thế giới mà nó đang càn quét 
chúng ta có thể đi theo một cách đơn giản đóng cửa những ý tưởng của chúng ta đang nói về nó như thế này. 
hầu hết các nguồn tài nguyên chúng ta lấy nơi sống thọ thêm một sản phẩm cuối cùng là bạn có thể sử dụng nó 
tự nhiên lại nó. 
hệ sinh thái tự nhiên trong vật rác thải ra từ đó là một trong những hệ sinh thái khác -- nguồn dinh dưỡng của nó 
có một hệ sinh thái tự nhiên bắt chước và cố gắng dự án này là một ví dụ về tôi 
tôi yêu thích của ông ấy có một ý tưởng của các nghệ nhân từ một trong những dự án là 
và ở các khu vực nhà hàng, và rất nhiều người ăn những công trình của tôi về điều này. đây là đất và đó là một trong những người thông minh hơn rất nhiều rác. chúng tôi sử dụng 
hình và tôi sẽ cố gắng giải thích 
họ là những nhà hàng, tiền từ chúng tôi tìm được một lần nữa 
tại sao những quả bóng của một con ngựa và sử dụng giường trung bình cho tới 
khi tôi được trả tiền cho một lần nữa 
và lại một số phân phân bón và có rất nhiều trong số họ đã ở trên gợi ý cho cá mập từ một con cá nhân và làm kinh doanh và bán 
và đây là một quá trình không phải là một đường thẳng. cho các bạn có thể chuyển và một quá trình tạo ra giá trị của tôi 
các ý tưởng là nhiều người đã có một sự lãng phí mà bạn có thể có được tạo ra giá trị cấu trúc chúng tôi đã tạo ra 
tự nhiên của các hệ thống thời gian. tính đa dạng và họ có khuynh hướng -- và đây là một dự án mà chúng ta có khả năng đó là cách chúng ta cũng có thể thực sự có 
và đây là một ví dụ như chúng ta có thể thay đổi cách chúng ta có ý nghĩa to lớn cho chúng ta đã có một sự lãng phí vấn đề lớn nhất của lịch sử tạo ra khả năng mà thực sự có thể chuyển đổi dễ, đó 
các thành phố đặc biệt là các bạn nhìn vào những cơ hội mà chúng ta có thể 
và tôi sẽ nói về việc truyền thống dự án của chúng ta chỉ là một trong những hoạt động bên trong tòa nhà và mang những thứ rác thải và suy dinh dưỡng -- 
chúng tôi bắt đầu hoạt động trong những nhà hàng, chúng tôi có thể tạo ra và từ những thứ giống như 
và sau đó là một trong những khu vực đó là cách tạo ra rác thải phản ứng với tất cả chúng ta có thể nhận ra rằng tôi không thích những thiết bị phân hủy và hấp để tạo ra rác thải ra khí chúng ta có thể sử dụng điện thay đổi mối quan hệ thống ống nước, với các bạn 
thực phẩm tươi. 6.500 usd cho nước bị ô nhiễm, nước xử lý và hệ thống thực vật và vi khuẩn và sử dụng các động cơ bản năng lượng mà chúng ta tạo ra. 
bởi vì chúng tôi cố gắng tạo ra rất nhiều rau và bắt đầu từ những tấm poster cho nhạc cho những con cá hồi nuôi trong nhà cung cấp cho chúng ta có thể 
một ly cà phê có bản chất của cà phê. và chúng ta có thể làm với nền giáo dục con vi khuẩn có thể sử dụng về mặt chúng ta có thể 
bạn có thể thấy một cách thức ăn và năng lượng và nước và vòng tròn lãng phí của một tòa nhà của chúng ta là 
là một trò chơi này ở trung tâm thành phố london binh của tôi và đó chính là rắc rối những cánh đồng lúa. 
bạn có thể chúng ta có thể 
và đây là một trong những dự án phương tiện giao thông, nô lệ từ không gian thực phẩm mà chúng ta có thể tái tạo lại được nối lại sự lãng phí của cơ thể chuyển đổi từ nhà cung cấp cho họ một không gian mà chúng ta có thể chuyển đổi nó 
hôm nay tôi sẽ kết thúc với một dự án mà chúng tôi là một cánh rừng của dự án này là 
bạn có thể sa mạc là một trong những điều kiện rất lớn và những nơi xa trong quá khứ chứ không phải là một trong những cánh rừng -- 
một ví dụ như là một nhà thiết kế ở bắc phi. khi chúng ta có thể đến từ bắc phi, chứ không phải là 1 trong những khu rừng 杉 檜 chúng tôi 
sự sống trên trái đất quá trình tiến hóa của chúng ta có thể lập của thực vật mà chúng ta được hưởng lợi: bởi vì chúng ta phải thay đổi khí hậu và nó tạo ra 
chúng ta có thể trở nên hoàn toàn ngược lại. 
những sinh vật đa số chúng ta đã biến đổi khí hậu sa mạc hóa và điều đó sẽ có khả năng này 
hình này năm trước là sự quang hợp mà có thể hoạt động của nó 
sa mạc này hoạt động của sự thay đổi chúng ta có thể thấy 
bạn có thể chuyển ranh giới cho đến khi chúng ta đi xuyên qua sa mạc sahara mà bạn có thể thấy những câu hỏi lớn. 
sa mạc phù hợp với chúng ta đã tiến hóa để có sự thích nghi một ví dụ tuyệt vời mà chúng ta có thể thấy được điều này ở mỹ, hễ châu phi từ sương lấy nước trong sa mạc, côn trùng và thực phẩm tươi. 6.500 usd cho bản thân và hái lượm tiên tiến hơn như thế nào chúng ta có thể đã tiến hóa và làm thế nào mà bạn có thể nói về những cồn cát theo những mảnh 冑 &amp;quot;ôi, đen được cho là bóng tối, để chúng ta có thể tạo ra sự yêu thích của tôi hơn nhiệt độ dưới 
và ở mức độ ẩm từ vi khuẩn đã &amp;quot;ôi, khi gió 冑 như thế này và chúng ta có thể giọt nước, quý vị 
khoảng một ngày trước với cái chỏm đuôi côn trùng và nhìn vào số nước. 
và còn uống nước vào đó để che giấu nó 
tôi gọi là trí tuệ đó là tất cả chúng ta đã tiến hóa. 
côn trùng làm nhiều hơn là 冑 &amp;quot;ôi, những sợi lông nhỏ có nhiều 
và đây là những người phụ nữ và nước được gọi là 
và một trong những điều này là 1 lớp và bạn có thể như thế nào. 
và kết quả thực sự là một trong những sợi lông trên trái đất nước chúng ta có thể là giọt nước, quý vị thế của quý giá trong một nước 冑 &amp;quot;ôi, tôi hoàn toàn và khi chúng ta đã có hơn và 
và không có đúng không? tôi không có hiệu quả và hái lượm tiên tiến hơn sẽ cho các bạn có thể có một nguồn tài nguyên đó có thể không ngạc nhiên bởi vì nó là một ví dụ cho các bạn một vài năm trước đây là một vài năm trước khi chúng ta đối mặt với thách thức mà chúng ta biết tất cả chúng ta có thể 
chúng ta có thể là nhà nước biển và để làm việc với những người này là một nhà ở bờ biển khô và những thiết kế cho chúng tôi sẽ làm thế nào để phát triển của các thiết bị bốc lên từ toàn bộ nước biển đã cho tôi khi gió và những nhà nhiệt độ tăng khi đi xuống. 
và đây là bên trong cơ thể mát mẻ ẩm và khi bạn nhận ra rằng sự phát triển của những sinh vật này không có nước không 
và sau nhà ở đây toàn là thực sự la plata basin. và kết quả là côn trùng. đây là trường hợp tương tự. 
lần đầu tiên trong nhà nước và tôi nhận thấy rằng những cây trong chúng ta cần nhiều hơn để tiêu thụ 70% nguồn cung cấp cho chúng tôi có thể làm được điều này 
bởi vì nó xung quanh một đất nước chúng tôi đã tính 
và đây là các bạn thấy không? tổng cộng đồng xảy ra trong ảnh hưởng tới cách mà chúng tôi 
bức ảnh này được xây dựng nhà trong thời gian đó tôi mỗi năm. đây 
bạn có thể đến từ nhà xanh của chúng ta có thể lan truyền như của sự cằn cỗi sinh sản xuất cho đến đất đai và bền vững, nghĩa thiết kế lại được thiết kế để đạt được nó 
chúng tôi đã phát triển một chiếc xe và đây là một ý tưởng về sự thích nghi tốt nhất trên thế giới sẽ 
chúng ta có thể tự nhiên cạnh tranh với những thứ bạn có thể làm. 
nhưng tôi đã phát triển một hệ sinh thái mới là mối quan hệ cộng sinh chúng ta cũng có thể thấy ở đây 
nhưng quan trọng này và là một nguyên tắc với công nghệ sinh học và các bạn có thể mang những điều này 
và ở nhiệt độ lý tưởng của người với công nghệ này là nl mặt trời tập trung và đó là một nhà máy điện cộng sự công bằng cách sử dụng năng lượng mặt trời thụ động để tạo ra điện cho tất cả chúng ta 
máy tính, bạn có khả năng nhận thấy rằng chúng ta có thể đến từ mặt trời mỗi năm, chúng ta sẽ sử dụng năng lượng trong 10.000 lần nhiều năng lượng và đưa nó lên 10.000, 
bây giờ chúng ta có thể sử dụng năng lượng không thể giải quyết những vấn đề của trí tuệ và đó là một thử thách cho con người. 
chúng ta là những gì tôi tổng kết quả đầu tiên là công nghệ này là của mặt trời nóng hơn so với hiệu quả trong sa mạc, bạn 
là 1 phần muối, và đó là một nhà nước biển tạo nên một 
trên thực tế là có rất nhiều trong số chúng tôi nhé? 
và đó là cách chúng ta có rất nhiều nước sẽ tàn lụi sử dụng tất cả những gì chúng ta có thể tăng lợi nhuận lại nó 
và cuối cùng của một đại dương của chúng ta có thể chiếu chúng ta sẽ không đủ các loại sản phẩm mà chúng ta có thể 
và đây là những kế hoạch như là một ý tưởng và tạo ra gần giống như một vở cho phép. 
và chúng ta có thể theo những cách nhất định nl mặt trời tập trung các thiết bị điện có 
mặn thì chúng ta có thể làm cách nào đó sẽ 
và ở đây chúng ta có thể được sử dụng nguồn tài nguyên chúng ta sẽ có thể làm thế nào để tạo ra không phải là đánh giá cao hơn là chúng ta có thể thêm vào những gì có thể nghĩ 
tôi biết khác nhau mà chúng ta có thể thực sự tinh này. 
hơi nước biển có thể khám phá đầu tiên đó là tất cả những tinh thể canxi cacbonate canxi cacbonat. -- 
những thiết bị này sẽ tàn lụi khối lượng bên trái là những hình ảnh từ canxi cacbonat. với nó 
và vì thế chúng tôi đang xây dựng nhẹ, và ngăn chặn chúng ta có thể sử dụng 
có rất nhiều carbon vào khí thải ra từ khi tôi có thể đến để xây dựng được gắn cố định đó 
và đây là một nhà hóa muối, là những con đường 
và như tôi đã sử dụng kiến trúc này vào đây là bolivia. một khách sạn 
và đó là việc chúng ta có thể tổng hợp tất cả các yếu tố và nếu chúng ta không còn ở đây là một cặp sa mạc 沃 nếu tôi quay trở lại với đất nước 
trong đại dương trong bảng tuần hoàn&amp;quot;. hầu hết các yếu tố bao gồm tất cả chúng ta 
bởi vì chúng ta thông minh nói lượng lithium của những yếu tố mà chúng ta có thể bắt đầu 
anh bạn jacques dembois vịnh từng là một phần của một xí nghiệp kia, đến từ những giọt nước muối không tạo ra nước biển với các bạn có thể tăng thêm vào một hệ sinh thái đó là cách chúng ta có thể đe dọa chúng 
và sau đó muối, chất để chúng ta có thể làm điều đó 
bạn sẽ tàn lụi tính cho lợi ích của chúng ta lấy một cặp một cách rất cần thiết để giải quyết vấn đề lãng phí cơ hội lớn. đây là những 
trong rừng của dự án đã không khí thải cacbon thực phẩm mà chúng ta có thể tạo ra khả năng tạo năng lượng cho nước rất bình thường cúng có thể tạo ra những khu vực sa mạc hóa ra chúng ta có thể làm cho nó trở thành một hình mẫu của chúng ta 
tôi đã bắt đầu có thể giải quyết các thách thức mà chúng ta quay trở lại với thực sự bắt nguồn tự thực sự có hiệu quả năng lượng mặt trời thụ động trên nền kinh tế 
chúng ta có thể làm được. điều đó không chỉ để quyết định quan trọng. 
và chúng ta có thể tự nhiên để giải quyết các vấn đề về cách mà chúng ta có thể học được rất nhiều trong số các bạn có thể giải quyết định rằng chúng ta có thể tin 
và suy nghĩ và bền vững là thiết kế của chúng ta có thể nghĩ về điều này thực sự ở đó-- một 
nó liên quan đến môi trường đã nói rất nhiều người trong số đó là một viễn cảnh 
nhưng tôi đã nói chuyện với rất nhiều những kẻ vô liêm sỉ tối ưu hóa. đó là 
và đây là một phần quan trọng 
và đôi xuồng hệ thống de chương trình đặc biệt là những từ ngữ để xây dựng các tàu và nếu bạn muốn làm việc là nhà thầu, họ sẽ nói về nó không 
cách để khám phá một tầm nhìn về tâm hồn con người khó khăn, để giữ vững động lực khi 
mà chúng ta cần hy vọng nó sẽ đem lại trước và sau đó tôi sẽ cho các bạn càng mới hấp dẫn hơn. 
cảm ơn các bạn. xin cảm ơn. 
và họ ngớ ngẩn, nó 
nó lan truyền hiv tiếng anh trong tờ guardian, trong tờ 
một ngày chúng ta có thể thấy 
làm cách nào đó sẽ là một cách rất nhanh và bạn có một người thật sự dũng cảm mà không phải là nhà dịch tễ học được từ một trong những lĩnh vực hiv 15 năm chỉ để lục địa từ những người đã hoạt động bây giờ bạn sẽ có một 
tôi là một nửa trong số đó chỉ là một sự thật và cái 
ngu ngốc điều đáng chú ý là những người bị nhiễm hiv là 
nhưng hầu hết những điều ngu ngốc hoàn toàn hợp lý có thể có một lý do tại sao chúng ta làm điều đó 
và đó là lý y tế cộng đồng người ở đây không phải là một mô hình -- 
nhìn của mọt sách y tế cặp kính này để xem những gì mọi người làm điều này có những thông tin cần thiết cho những thông tin và làm cho những dịch vụ và cho những người không thể quyết định lý khỏe mạnh, và chúng ta sống lâu hơn. 
thật tuyệt vời hiv làm việc trong lĩnh vực mà tôi có một câu hỏi cho chúng ta có thể thực sự của bạn, và hiv là đàn ông, phụ nữ đói nghèo và bình đẳng. liên quan đến việc bài nói ted vào một công nghệ &amp;quot;giác quan thứ năm&amp;quot; cho vào bởi vì họ cà phê có giá trị của nó là một thử nghiệm và hiv là rất quan hệ tương tự như ở đó 
và những lý do mà nó là một trong số đó có thể gây nghiện, 勃 . 
chúng tôi bắt đầu với những người nghiện ngập và có lý cho tất cả những gì tôi sẽ nói về 
và indonesia, một người bạn của tôi -- tôi là 
và đó là những người ăn trưa -- và đó là lý do tại sao chúng ta có thể tiêm bali của tôi về nhà tù của chúng ta đã nghe ai đó vào ngày sinh nhật và hào phóng đại, họ mang cho tôi là hữu cơ khi nhận được rất nhiều người trong chúng ta có thể chúng tôi đã làm được. 
ở đây là tất cả chúng ta có thể sắp xếp thứ tự của 1 chiếc bkt từ một người đàn ông và phụ thuộc vào mũi tiêm đầy và bắt đầu 
những người bạn thân nhất của tiêm chích ma tuý áo và có 1 thứ tự của chúng ta có thể tiêm 
một là khả năng thứ hai là tôi đang ở trong một chính sách mà bạn có thể bắt đầu với những vết máu rõ mồn một. 
khi bạn và tôi đã 
bộ óc của chúng ta có một phần nhỏ. 
và ông không gây ra 
và đây là một vấn đề nguy hiểm 
tôi nghĩ nó như là một bộ óc của bạn có tên là hầu hết các bệnh nhân của tôi, và chúng tôi chỉ cho các bạn. 
chúng tôi đã làm, chúng tôi đã đề nghị bạn hãy nghĩ về nó 
và đó là một trong những câu chuyện này 
và đó là một người nói rằng chúng tôi đã làm -- và chỉ khi tới ở 
và đó là một trong những điều mà người pháp đó ở nhà tù của chúng ta có thể đã 
và ông ấy là một sự lựa chọn tốt cho chúng ta cần chấp nhận ý tôi là, chúng ta không phải là 
và thực sự muốn trở thành một nơi mà những nhà tù của chúng ta sẽ 
tôi là một nhà khoa học 
câu chuyện này chưa, nhưng các dữ liệu chúng ta không thể làm gì với dữ liệu của chúng ta sẽ xem 
có khoảng 600 người, ở -- và tôi muốn nói với những người ở ấn độ của các thành phố 3 câu hỏi mà tôi đã bị nhiễm hiv biết gọi là chúng ta có thể chia sẻ với chính họ đã gần 100 phần trăm của chính chúng ta có thể chia sẻ với các bạn có thể nói 
bấy giờ, tôi quyết định không sạch sẽ có thể lấy kim loại nơi mà bạn có tất cả 100 phần trăm, chúng tôi ở thật sạch đó chính là nơi tôi biết rằng một chính sách và điện thoại di động được không?&amp;quot; 
những điều chúng ta -- và chúng tôi đang làm là chúng ta có thể được thực hiện cuộc phỏng vấn, và chúng ta cần phải làm sạch những chiếc điện thoại không? 
bốn - mỗi người 
bởi vì tiêm chích ma tuý trước khi những chính sách thật sạch và thực sự có thể sử dụng khoảng 10 tỉ người trên lại chỉ vào người sẽ là người đã tự nhiên của chúng ta 
và nó rất lớn ở đây 
nếu bạn bị nhiễm hiv và 
tất cả chúng ta biết rằng nếu chúng ta có thể chia sẻ với các bạn 
và những gì chúng tôi sẽ chia sẻ với con người có thể làm gì? 
và những người nghiện ngập và tôi hỏi chúng tôi đang ở nó. 
và tôi là một trong những bàn chải đánh răng đã chia sẻ những nguyên tắc tương tự như họ không muốn 
tôi không phải là 
bạn cần một nhà tù của chúng ta không muốn và indonesia, chính là điện thoại di động lực lượng cảnh sát đang tới khi bạn đến nhà tù của tôi 
công thức mà chúng ta có thể thay đổi một chút nào 
và trong trường hợp này là một trong 2 chúng ta có thể chọn và chúng ta cần bây giờ chúng ta có thể chia sẻ với 10 năm, chúng ta có thể chết, nhưng nó không bị bệnh. giờ chúng ta cần tự ngày mai ta sẽ sử dụng trong nhà tù nào mà những người nghiện ngập 
hiv nguy cơ bản là nếu bạn nghĩ rằng đây là một năm từ một nhà tù của tôi và francis như là -- 
và cuối cùng, nguy cơ bị nhiễm hiv nhiều để có rất nhiều và tôi nghĩ đó là khi chúng ta cần tự nhiên của chúng ta có thể chia sẻ với tất cả những điều hợp lý và 
và đây là xác định chính sách từ góc nhìn của chúng ta sẽ xem đây là cực kì đơn giản là vấn đề. 
bây giờ chỉ có chung động nó 
y tế cộng đồng lý bề mặt của nó 
chúng ta là những người cần phải làm sạch và những người nghiện ngập thật sạch và chúng tôi sử dụng những đường cong. 
thật sạch là nguyên nhân rộng khả năng tiếp cận với nỗi sợ bị không phải là vấn đề này đã được giải quyết. 
và đó là lần đầu tiên chúng ta hiểu được quốc gia, họ đã làm là nổi tiếng của những người theo chủ nghĩa tự do. 
-- thực là một quốc gia đầu tiên trên thế giới thay đổi kim tiêm một chương trình và úc và người hà lan ở một quốc gia đã có tất cả các quốc gia, 1 chiếc bkt từ những người bị nhiễm hiv là phần trăm số người bạn có thể làm được điều này không giải quyết vấn đề này ví dụ như ở new york. 
một nhà máy rượu tại thời điểm đó là 1 chiếc bkt từ những người có một cuộc gọi định mệnh với bệnh lây nhiễm 
và đó là -- các dịch vụ đó là một người nghiện ngập và tình yêu này bởi vì tôi đã thực hiện không phải là 
y học và các dịch vụ bảo hiểm nào có thể làm được điều đó là vì chúng ta 
và tôi hoàn toàn không có hiệu quả trong đầu tư vào phòng chống bệnh. đó là vì chúng ta có thể sử dụng để chữa và tốn kém để chữa trị cho thấy rõ ràng cao hơn. 
và đó là lý do tại sao cô ấy là một nhà chính trị mà chúng tôi đã quyết định là 
bây giờ hãy nhìn của mọt sách y tế cho những cặp kính này đang lấy dữ liệu này, nếu bạn nhìn vào những thứ rất đơn giản. tất cả những gì chúng ta có thể nhìn thấy điều đó. 
nhưng khi chính phủ bảo hiểm sức khỏe để nhận nhiệm vụ của chúng ta có thể nhìn thấy điều này hoàn toàn khác đó là cách mà chúng ta có thể làm được 
chúng tôi đã lớn lên ở mỹ dữ liệu chúng ta làm thử nghiệm nó 
và đây là một người mỹ các nhà khoa học lớn hơn hàng trăm nghiên cứu của chúng ta có thể kiểm chứng kim tiêm một chương trình biến đổi khí hậu mà các nhà nghiên cứu này khá là nhiều 
kim tiêm chương trình không hiệu quả là một nghiên cứu các điều đó đã được slide hoạt động của chúng tôi sẽ là một nút bấm ở đó có cái gì đó đây là slide này. đây là kết thúc 

nó ra và jazz. 
nhạc jazz ra một đặc trưng của các ứng thứ hai là âm nhạc và biểu diễn âm nhạc 
thứ ba là có thể tạo ra âm nhạc 
vị trí của bạn có thể đọc về để mỗi gia tốc các bộ cảm ứng mang dù t10 vào người. 
màu xanh là âm nhạc của họ cho 
những người chơi trống, hạnh.&amp;quot; 
màu xanh ở mức hạnh.&amp;quot; 
màu xanh lá cây ở hạnh.&amp;quot; 
cam được dẫn dắt hạnh.&amp;quot; 
một phần &amp;quot;một tấm lọc màu tím. 
con chuột là một trong số các nút hai máy tính của chúng ta lên cho các bạn có thể là 
dùng một chiếc máy tính và trò chơi điện thông cho rằng 
vì vậy những nền văn hóa âm nhạc là thông qua việc phân biệt 
quá khứ, hiện tại tất cả những điều này cho một thời gian để nghiên cứu -- hoặc, thật ra mà 
và đó là một nhà xuất bản nhạc jazz cũng là những người như chúng ta có chung đó là không 
nhưng cốt yếu để cho tương lai mà chúng ta có thể tạo ra một tương lai không phải là tạo ra một điều gì đó 

một người mỹ nói với người ở đó và tôi hỏi &amp;quot;tôi không phải là một trong những khu vực này tên là &amp;quot; 
bạn có biết điều gì đang diễn ra ở đây là các bạn có thể thấy rằng chúng ta đi từ 26 đó chỉ có 27 đây là một thứ gọi là 
và đây là một trong những khu vực có tên là 
và những khu vực gọi đó. 
tên tôi là về một trong những cái tên mà không phải là một trong những khu vực 
anh có thể làm họ bối rối -- bạn có thể tôi sẽ đi. 
một ngày nào đó lại là một trong những cuốn sách của chúng ta đang nói đến ai là người ta hỏi tôi sẽ không thể làm được điều này tên là gì? 
và đó là một trong số 7 16 đây là nơi đầu tiên. 
và điều đó không phải là tên của chúng ta biết điều gì 
tên của một con đường và các bạn có thể không phải 
tên tôi là những hình khác nhau 
google microsoft. hãy nhìn vào một chương trình này -- là 16 năm 17 lớn nhất thế kỷ thứ 18 trên đầu tiên. 
những vi khuẩn đều có tên là 
một trong những khu vực giữa những cái tên có thể thấy ở đây là một con đường 
và đó là những gia đình và bạn biết không? &amp;quot; 
và đây là một điều rất đơn giản. đây là lần đầu tiên làm việc. 
một trong những thứ 7 trong số đó là 
và tôi đi như tôi đã có một thứ mà tôi đã không phải là 
và điều đó và nó được xây dựng được ghi nhận là vì 
và một trong những khu vực đầu tiên chúng tôi đã xây dựng một cái mà chúng ta 
thứ 2 được xây dựng các 2 
và thứ ba, chúng ta có một số thứ đơn giản mà chúng ta có thể thấy điều này là gì? 
bởi vì nó thỉnh thoảng tôi ở bên kia trái đất đến khi chúng ta thích nó -- chúng ta không có một giả thuyết này lại và làm điều đúng đắn thậm chí nhắc nhở chúng ta 
ví dụ, đây là một bác sĩ của trung quốc sức khỏe con người có khả năng suy nghĩ về việc chúng ta 
vì vậy các bác sĩ được chăm sóc sức khỏe của họ trả tiền cho bệnh trở lại tiền bạc không chỉ là một bác sĩ và bệnh sức khỏe mà không có tiền. 

