shard_size = 0 shard_count = 0
Seeding random numbers with system clock 
name: case value: true
Data::m_score_type BLEU
Data::Scorer type from Scorer: BLEU
Loading Data from: run1.scores.dat and run1.features.dat
loading feature data from run1.features.dat
loading score data from run1.scores.dat
Loading Data from: run2.scores.dat and run2.features.dat
loading feature data from run2.features.dat
loading score data from run2.scores.dat
Loading Data from: run3.scores.dat and run3.features.dat
loading feature data from run3.features.dat
loading score data from run3.scores.dat
Loading Data from: run4.scores.dat and run4.features.dat
loading feature data from run4.features.dat
loading score data from run4.scores.dat
Loading Data from: run5.scores.dat and run5.features.dat
loading feature data from run5.features.dat
loading score data from run5.scores.dat
Data loaded : [Wall 1.66243 CPU 1.66] seconds.
Creating a pool of 1 threads
Best point: 0.0128578 0.0039913 0.0249248 0.211557 0.00569206 0.000287632 0.0046586 0.0147068 0.0156613 0.629842 0.0336864 0.0227257 0.00461887 0.0147899  => 0.0644473
Stopping... : [Wall 65.9427 CPU 65.892] seconds.
