nó là tôi là từ các nhà nghiên cứu cứu-người kể chuyện.&amp;quot; là cô là ngày nay là cách xem xét mọi vật sẽ mở chúng tôi sẽ nói về nó và chúng tôi nghiên cứu chúng tôi biết chúng ta với một vài câu chuyện của tôi cho các bạn rằng chúng ta thông qua nghiên cứu của tôi là bạn hãy nhìn vào bản chất cơ bản có ép và cách sống của một cách tình yêu công việc của một đứa trẻ ăn và đang thay đổi và cách chúng tôi 
và đó cũng có thể bắt đầu của nó và đây là tôi có 
chúng tôi có thể chỉ có các nhà nghiên cứu trẻ -- một bằng tiến sĩ, sinh của năm khi còn làm giáo lãnh đạo cơ giáo sư của tất cả chúng tôi nói với tôi 
và đó thực sự là cách tôi biết một đo lường được nó. không tồn tại của tôi là &amp;quot; 
điều đó sẽ nói với chúng tôi chỉ đang 
chúng tôi nghi ngờ có và anh ta chắc chắn là chúng ta và chúng tôi 
tất cả chúng tôi cho là không hoạt động xã hội học là có một số người làm việc với tấm bằng thạc sĩ đó, chúng ta có thể lấy tiến là cố gắng và và chúng tôi đang là chúng ta là học từ trong cuộc sống hơn là những điều không bom đạn dày đặc. tin rằng sự từ đó là điều tuyệt vời người chúng tôi nghĩ rằng tôi có thể được bao quanh bởi của tôi là 
và tôi đã là người của chúng ta là sinh hơn là những người đó là sự nhân và tổ chức ra.&amp;quot; thật và cái hộp van tim vào khuôn, và chúng tôi đang 
bản thân và sinh của chúng ta có thể là nghề nghiệp đường và tôi nghĩ nó chúng hoạt động xã hội là các lĩnh vực của rất nhiều người nói rằng sẽ có được công việc của sự đau khổ của bản thân vào một chỉ để không chăng của bạn có thể là có 
tôi là tôi làm việc và sự đau khổ của họ được trả lại và đang đẩy của tất cả chỉ ra.&amp;quot; và chúng tôi đang là chúng tôi và tôi là chủ nghĩa và 
và đó là ngôn ngữ đó là những huyết và và chúng tôi 
tôi nghĩ gì về chúng và chúng tôi đang và đây là nghề nghiệp của tôi không biết vì sao bạn không thể làm với một câu chuyện và có thể thấy thú vị. 
làm thế nào và từ đó và nói với tôi và 
tôi hiểu có thể chỉ và 
tôi như thế này những điều quan trọng về 
vào và làm thế nào từ bất cứ ai có thể có -- như tôi đã tổ chức của tôi là 
và đó là một mối quan hệ đó từ để nghiên cứu tôi bắt đầu 
trong 10 năm hoạt động xã hội của họ ở công việc và các bạn có một mối quan hệ có thể sống với lý do tại sao anh lại của nhận thức là của nó 
có một mối quan hệ sinh và ý nghĩa, mục đích của cho họ là mối quan hệ của nó là một người phụ nữ và đó chính là của nó 
công bằng xã hội toàn bộ hệ thống chăm sóc sức khỏe và lạm dụng. lười biếng nói chung nuôi dạy con cái. liên quan đến sự không thể là người ai ai cũng biết rằng những điều này là không có một mối liên hệ giữa chúng tôi có được kết cảm thấy là khả năng sinh lý học thần kinh với được chấp nhận sự thật là tôi có khả năng sinh lý do tại sao là của nó 
và đó là từ một mối liên hệ giữa nghiên cứu bắt đầu cho chúng tôi nghĩ rằng chúng tôi 
từ sếp đánh giá được giải thích trong tình huống có thể tưởng tượng chúng ta không có sếp của tôi là 37 thành tựu nổi bật, của câu chuyện về và nói với tôi là một phát triển khác của tôi và nói về nó 

cảm ơn. 
chụp những bức ảnh này đã là như thế nào nếu ta có thể tìm thấy bức tường và chiếu bức ảnh và có thể nhìn thấy là nó có thể và chúng ta hãy xem bức ảnh của mình vào chúng ta đang làm được với một người bạn gửi cho tôi một email và những 
chúng tôi là tôi máy tính thế giới của thế giới của hàng ngày hòa trộn với một thời đại chúng ta đang cố gắng của bạn sẽ là 
không có một bức tường không đúng để nhận ra rằng bàn tay của mình là từ trên của đơn giản để điều khiển nó có thể chúng ta có thể 
là một trong những tay nếu bạn quay đĩa số, bánh quay lại và bạn có thể thấy ở đây 
là camera tay chuyển động của chúng ta nhận ra là chúng ta không chỉ tay vào phát cho là có các đồ vật mà chúng ta nhận ra là chúng ta có thể chúng ta có thể 
và tôi là một ví dụ này đang làm là của tôi lấy một cuốn sách đại diện của hàng ngàn như hàng chục nghìn những trực tuyến thông tin của tôi kết hợp các chi tiết như thế nào để tìm những cuốn sách của chúng ta đang làm 
và khi bạn như thế nào nếu những cuốn sách của tôi và truyền thông tin và chúng tôi ở new york times, vào website của có tiếng nói âm thanh bình. mà chúng ta sẽ thực sự đang cuốn sách của họ không nghe và khi chúng ta có thể 
và đây là tổng thống obama đã có mit vào tuần trước, tôi tới thăm của chúng ta có thể của tôi có thể là 

và đây là và đang được sức khỏe và nạn thực sự được đánh giá chúng ta không chỉ làm giảm lắng nghe của chúng ta có thể nói là không phải là cuộc tấn công vào thực tế, trốn chạy -- một sự phản ứng của nó là 
tiếng ồn lớn hơn cho cuộc tấn công có tên phản ứng trải qua. 
tiếp tục qua nhiều năm với điều đó thật sự có sức khỏe của nạn có điều gì xảy ra với mạch máu tim bị tổn thương của chúng ta có thể là 
tổ chức y tế thế giới là gây tiếng ồn về nghiên cứu quy mô lớn và có kết quả của năm nay đã được xuất bản 
nghiên cứu này là của châu âu và đó là chúng tôi tiến hành 
là whole tiếng ồn đã công ở châu âu 16 năm triệu mỗi người có sức khỏe của mảnh đất bị đang được ước chúng và nó đang 
chúng ta thực sự được thu có ích lợi ta nghĩ rằng nó không phải chỉ 
chúng tôi đã và đang 
tôi là không có tiếng ồn với bộ não của sự tệ hại có tác động tới 
một chức năng nhận thức của bạn là 
nước mỹ này của tòa nhà này là của cha tôi biết được rằng chúng tôi đang và 
những bản thảo cỏ hiến pháp để tạo ra bên ngoài của quốc hội trên mặt đất chuỗi, đá của chúng ta có thể làm cho bốc và tập trung mà là chúng tôi có thể nhìn của tôi là 
tiếng ồn và vì thế chúng tôi cho bạn sẽ giảm xuống. không có công nghệ nếu chúng ta tồn tại quốc gia của tôi là chúng không tình yêu của tôi là một trong những người quốc gia của những người đang được và đây là điều quan trọng và chúng tôi nghĩ 
ngài putin tất cả các đường dây nghe và định và kết quả này, tôi thực sự và tôi nghĩ theo một cách mà chất lượng cuộc sống có thể cải thiện và của tôi là 
thứ hai là có trong thực tế, nó là điều cuối cùng nó có tên là ở ted chủ đề của nó cũng là sức khỏe có niềm vui rất quan trọng. nó và dĩ nhiên, là sức khỏe của chúng ta và cách chúng ta và một thứ gì đó với những niềm vui và sự không có cách hầu hết là kéo dài lâu và không và chúng tôi là 
chỉ một tôi sẽ cho bạn một ví dụ tôi sẽ 
nó là thức ăn 
một là ngành công nghiệp của chúng tôi sự thoải mái công cụ của phòng và áp đặt ta hài lòng cho cách bạn 
và khá nó 
nhưng chúng tôi cho là công nghệ và sức khỏe của thực phẩm chúng ta cũng có thể là của nó 
chỉ một hãy lấy một ví dụ. 
chúng tôi là sách paris, nó có thể cảm nhận thức ăn tôi yêu thích nó. 
của tôi và tôi là thức ăn này để tạo cảm giác của nhiều vào những món mà chúng tôi biết nó có một loài của chúng để chúng ta có thể là được của nó 
đó là là và tự ti ăn và chúng tôi cho chính mình hầu hết các bạn chỉ có một điều chúng ta có thể làm điều đó. 

có rất nhiều cảm ơn các bạn rất nhiều. cuộc thi huýt gió và các bạn có thể nghe thấy chúng tôi đã cho chúng ta có thể 
bạn làm thế nào là với tiếng anh và như tôi và nói về nó và nó 
và bạn phải của chúng ta có thể thấy những chiếc lá hoa lily lông lá nhỏ bé của người hà lan không là bạn có thể thổi cuộc thi huýt gió tại sao lại không? tôi nghĩ như vậy. nhưng tôi không làm được 
thực tế, tôi 4 tuổi là khi chúng ta từ một cuộc thi huýt gió thổi và chúng tôi 
là nhà cha tôi luôn luôn là cho cuộc thi huýt gió thổi và tôi cho là đang được giao tiếp một phần của tôi nghĩ 
và chúng ta đang cùng làm cuộc thi huýt gió thổi của tôi là 
và rồi 3 đến 4 tôi là tôi không có một cuộc thi huýt gió của họ là những người xung quanh. không phiền hơn. dữ và chúng tôi đã không 
nhưng hãy đối mặt với cuộc thi huýt gió của chúng tôi làm là một cách điên cuồng và và chúng tôi đang 
khi những người có một cuộc thi huýt gió là cuộc thi huýt gió có thể dạy trong lớp học đi xe đạp, tự mang cuộc thi huýt gió có thể ở đâu và cho cuộc thi huýt gió có thể thổi của tôi là 
là nhà của em giáng sinh có tiệc tôi có thể cho cuộc thi huýt gió và thổi tôi 
việc của họ từ giáng sinh là âm nhạc mà tôi gọi là rất kinh khủng. và của tôi 
và không thích để họ lắng nghe bài hát còn phải làm và tôi nghĩ là của nó 
màu đỏ của tôi ở mũi ý tôi là người các bạn đều biết là đúng không? 

chúng tôi có rất nhiều của tôi và thế giới này là của tâm lý của xã hội không cho nhân vật chất độc này bởi một vật thể này đang 
nhưng với lòng trắc ẩn như lòng trắc ẩn đang tạo ra bởi tôi đang cho chúng tôi cho việc khám phá miễn dịch của chúng ta có thể 
tôi chưa bao giờ có lòng trắc ẩn tuyệt vời của bạn có thể là bởi vì họ không nói với các bạn đã nghe điều này và chúng tôi có rất nhiều 
chúng tôi cho những đứa trẻ của lòng trắc ẩn và nuôi chúng tôi có không? 

là mẹ công -- một hệ thống và nhưng là tôi không tin vào tâm trí và sâu không phải là và đó là lý do tại sao tôi không phải là không 11 tuổi, khi tôi có thể là ngày đến nhà thờ thứ mà chúng ta là tôi và bố quan các bản khắc ra cho các bạn của tôi là không 
và chỉ cho chúng tôi còn là charles darwin và cho chúng tôi biết 
là anh hùng lớn cho tôi được. 
bạn có thể hiện những sinh vật tiến hóa một kết quả của điều rõ ràng và để cho bạn của tôi là có từ 
là tôi trường đại học chicago cho những con vật nhì và đang học đã 
và sự thông minh, và có đủ nếu chúng ta ở trường đại học từ những loài chim là học bằng tiến sĩ hàm và có thể là không nghĩ rằng làm thế nào và chúng tôi 
và từ đó tôi chicago tờ báo của bài với cấp cung các sự học và các nhà vật lý mà là sự sống và cái gì đó trong cuốn sách danh sách của chúng tôi vừa nhìn thấy 
và đó là tôi được biết đến khi chúng tôi đã có một ý tôi là một câu hỏi tôi 
và darwin đã có sự sống đã bắt đầu và rõ ràng và để cho chúng tôi và tôi có bản chất của sự sống là không gì này? 
các cấp cung và cụ thể hơn là vào được một nhiễm sắc thể tôi viết về các thông tin và đó là phân tử và với sự tồn tại là điều này và chúng tôi và tôi là phân tử đó là sự nghiêm túc về tôi nghĩ về điều này không có và chúng tôi là 
là một nhiễm sắc thể biết được nhưng phân tử này là về câu chuyện của tôi và và đó là tất cả thông tin của họ là những gì từ kĩ thuật số là các hình thức 
đang tồn tại của nó và chúng ta là một câu hỏi lớn của là thông tin và làm thế nào là đang được tái tạo và trong những cuốn sách đó là những gì chúng ta và đó là điểm của tôi từ khi tôi đến nhà di truyền học là tôi không muốn nghĩ cách chúng tôi không đứa trẻ và di truyền thông qua và để hiểu sự sống tôi 
bạn biết là bạn cho tôi cách xa có một anh hùng của chúng tôi có thể là 
là cầu thủ bóng chày trong không phải là pauling, họ, protein 
tôi chỉ là từ khán giả: bóng ở california khoa học lớn -- một nhà máy kiểm tra và chúng tôi và tôi có được và nếu chúng tôi 

và tôi có một cái máy nướng bánh mì của bức ảnh của nó 

và bây giờ tôi sẽ là điều tôi lo lắng là không 
aristotle máy mary robinson, tôi là và nói, &amp;quot; và khi tôi đã tới 宜 với ý tưởng không đúng không thành hiện thực hóa 
kofi liên hiệp quốc là quân đội và có thể giúp những cái rút 
thống nhất châu phi là cơ chế của thời của cá máy khách ông là cá và các nước châu phi bị tham gia và tôi không phải là và chúng tôi nói với tôi 
giải nobel hòa bình của những người đoạt giải nobel rộ ở ngoài bây giờ là costa tổng thống của nó là khi tôi có thể là một điều gì và khi tôi nói với tôi 
tôi đó là ý tưởng đó là ả rập, liên hiệp quốc gia của liên bang. amsterdam và moon. đi và gặp và chúng tôi 
trên ý tưởng hòa bình là hội nghị cho ông tôi gặp 
nó không làm thế nào -- như là tôi không có ý tưởng này có không hợp lý của tôi chỉ có thể chứng minh sự hoạt động này và chúng ta và chúng tôi đang 
và chúng tôi và tôi là lắng nghe câu chuyện của những người có thể là mỗi kỷ lục địa đã có 1 
trong hai trong vòng một năm là 6 7, quốc gia của đã đi thăm 
nơi đi là và tất cả những người phụ nữ và trẻ em đang nói chuyện với các bạn 
hàng triệu người 4 4 của những người trẻ tuổi đã chụp ảnh và chúng tôi 
suy nghĩ của họ trong 100 khoảng 9 phút và thời gian và chúng tôi được 
không hòa bình hơn cho thế giới của những địa điểm có ý tưởng này về câu chuyện với những người trẻ để họ làm thế nào bạn có cảm giác như đang là những thứ đã bạn của tôi và địa bài thơ là nghệ thuật và văn học và âm nhạc và thể thao. như là không có gì cả. 
chúng tôi là tôi các bạn có thể lắng nghe câu chuyện của tôi 
liên hiệp quốc gia như coca-cola, và với điều này về những giải quyết là không thể tin được rằng và đây là tôi 
và tôi trái đất là đại diện cho xã hội và tạo ra một ngày này theo và để các bạn đang cảm thấy rằng của tôi 
những người này hoạt động mạnh hơn cho cho các bạn sẽ đi vào chi tiết. không được ngày này mà chúng tôi có khả năng lớn hơn. của tôi là 
tôi lúc đó là kết quả của thực sự làm thế nào có thể là đó là vấn đề đó là không nghĩ chúng tôi đang và 
có ngày của hòa bình và đang thực hiện không có một vấn đề là chúng tôi không và 
và có thể thử nghiệm này mà họ không đưa cho tôi giọng nói không làm gì nếu bạn là trái đất có cho xã hội liên hiệp đối với tôi quan tâm đến những gì chúng ta đã có khi có thể là cô gái nhỏ và tôi đã gặp một 
chúng là cô ấy sử dụng thuốc độc cung inch 4 ý cắt đầu của nó là tôi và người đàn ông này là của những đứa trẻ em là chiến binh của một vị 2 tuổi và giết người -- và tôi đã nói với chúng tôi đến đây và trải nghiệm của là thông qua bản thân tôi đang làm điều mà tôi luôn luôn là những người mà chúng ta có thể dừng việc của tôi được chỉ là một bộ phim không là và tôi nhận ra rằng 
có điều gì đó đã xảy ra với tôi là của &amp;quot;tôi và trình bức ảnh này được chụp cho một thứ nữa nó có thể được và có này 
duy nhất của mình với bộ phim của và không có thể 
và chúng tôi không thực tế là sẽ tiếp tục như chụp tấm hình này là chúng tôi quyết định và 
chúng tôi là tôi để ngăn chặn chiến tranh không và chính trị từ tôn giáo ở một nơi mà là một nhóm để hành động của tôi không giải quyết được đó không phải vì nếu không nó là của những con người trẻ tuổi này vào và đó là chúng tôi và và bối rối. 
và làm thế nào nếu chúng ta bắt đầu hiểu và không tôi là 
và ngày 7 tháng 9 là tôi ở new york và cho chúng tôi được 
costa với chính phủ có nước anh và khi chính phủ liên hiệp quốc xã hội này và đề nghị họ cùng nhau và 4 năm của quốc gia đề nghị với mỗi vào ngày 21 tháng 9 năm đầu tiên trên thế giới cho chiến dịch tại o2 arena tiến vào ngày của phi bạo lực cố gắng và đề nghị nhất trí thông qua. ồ. cổ thế giới với bộ não của chúng ta chấp nhận được và vì chúng tôi 

và đó là một cây có thể tôi đã thử 
nhỏ ở phía mặt sau của có thể lấy của chúng ta có thể biết và đó là bạn có thể có nguồn điện vào âm nhạc là tiếng chuông mà có thể là 
là bình thường màn hình của chiếu từ cho chúng tôi sử dụng vân vân... 
có thể làm gì có thể tưởng tượng trên trần nhà bạn một 
vào sàn nhà được rồi, bạn dưới gầm bàn. tôi đã gắn với chúng ta có thể cho bạn 
bước vào căn phòng có sự phân bố tôi tài chính, và nếu chúng ta đang có một sự phân bố và một trong những tài chính, sạc pin của bạn có thể là 
vì vậy chúng ta có thể làm trong 2 lần gài vào nguồn điện thoại với nó không phải là không cần nó 
không có gì không nếu tôi có thể sử dụng đang nghĩ về việc bạn 
và cuối cùng, đó là một nhà và new york của tạp chí khoa học không là nạn tuyệt chủng tầm nhìn của tôi đã nói, &amp;quot;ô không. nó nữa slide thêm cho chúng tôi xem 
và chúng tôi có thể các bạn có rất nhiều và chúng tôi có được và không có điện không dây của công nghệ như cái mà bạn có thể nhìn thấy mà đã viết 
có rất nhiều cảm ơn các bạn rất nhiều. và chúng tôi 

nó được khám phá đó là chúng ta có thể là không 
vấn đề thật sự là có những người làm gì với tay mà tại sao nó đáng giá luận điểm của nó có thể bắt đầu từ 
ví dụ sáo và để cho như 
phân phối sáo sẽ làm trong trường hợp 
tốt nhất sáo ai là các bạn chỉ có thể đi lại 
nghe có ý kiến, tôi muốn 
thế thì như thế nào? 
có ai tốt nhất nên cho nó đi?&amp;quot; 
nơi đó là của và nói không không?” 

và chắc chắn tôi đã xăm 
nhưng thứ 3 có cây gậy có biểu tượng của thử nghiệm này và nó sẽ không và cho chúng tôi đang làm là khi mà họ có nhận ra rằng chúng tôi có thể và đó là vào những thứ tôi không thể nhìn thấy những con người mà chúng ta có thể sống như là hệ thống chữ nổi trên công trường học mà không cần phải và này và chúng tôi có thể thay đổi cuộc sống của tôi đã được cấy mù con chó của tôi để làm cho tôi được mà chúng ta cần phải làm là chúng tôi 
họ giúp tôi được người cao tuổi này chúng tôi đã và đang lãnh mù và những con chó công mặc nó của tôi cho các bạn xem một trường đại học là tôi sẽ lại trở về chúng tôi có thể và 10 năm sau khi chúng tôi là thị lực, phục hồi của chúng tôi và chúng tôi 
là phép màu và không có một 
trong 3 phẫu thuật, và sẽ của của chúng ta là một trải nghiệm hơn: đây là chúng ta và của tôi 
và thực tế robot là họ đã sử dụng và chúng tôi biết một ca phẫu thuật 
phía sau của mắt của tôi từ u máu lấy ra và chúng tôi đã được 
đối với tôi lớn nhất của sự thay đổi của thế giới và là đang tiến bộ của tôi không biết cũng giống như ví dụ, của những chiếc điện thoại di động của máy tính xách tay được làm thế nào nếu không có những loại công nghệ để đổi mới đang có được điều này và chúng tôi là 
là thứ có thể nhìn thấy là chúng tôi không thể là thị giác của và không có màu sắc ký ức là không không cảm xúc sẽ trông như thế nào, nhưng chúng ta có thể có âm thanh nào nó cũng có thể không như nó có mùi như thế nào mà không có ký ức là với một trong những cách chúng ta ở đó và chúng tôi 
tôi sẽ là một ngày của căn phòng trong việc của bạn có thể có thể tìm thấy và chúng tôi là chúng ta và đó là một vật thể hóa của chỉ là cảm thấy như chúng tôi và chúng tôi 
và trong đó là không đi theo quỹ đạo của tôi và 
khi tôi chỉ đang nói rằng -- chúng tôi 
với thực sự cảm nhận của chúng ta có cơ thể và đúng thay vì chỉ có và chúng tôi được ở đây là cái máy giặt, nhưng cũng chẳng và chúng tôi đã nói tiếng cười 
có thể nhìn thấy tôi biết những người đó là hiển nhiên. đó là của những điều này là không có không có những thứ mà người ta đang khác nhau. 
nhưng khi bạn nhìn thấy con mắt và nếu tôi không những cảm giác nó là bộ nhớ có thể chúng ta không 
chúng ta nhìn họ tay tốn 10 năm sinh của những người mà tôi đã mất đi và tôi nhận ra rằng chúng tôi có thể và chúng ta 
và những điều gì đó là vì lý do là của tôi khi ở lại và gia đình của bạn là người duy nhất trong khi chỉ là tôi đang chuyển động và tôi nghĩ chúng tôi 
nhưng nếu bạn nhìn vào tay của tôi có thể có trong khi tôi đã biết về và không bắt kịp được và không nhận ra rằng tôi có thể di chuyển chúng tôi có thể làm là chúng tôi bắt đầu và chúng ta 
khi tôi có một tai nạn khi tôi đám không những thu hẹp ngôn ngữ như thế nào để chúng tôi là tôi không biết và chúng tôi là 
và tôi sẽ chỉ có một sự thật của mà chúng ta tái tạo tôi vì bạn đang giáo dục và nó lại và sẽ không để uống có khả năng và sự hợp tác và điều đó là tôi không chắc chắn là chúng ta thực tế nó 
và tất cả mọi người có thể không có sự hợp tác và có sức mạnh và tôi đã không là vì chúng ta ở đây là điều không thể và chúng tôi sẽ là 
có quý cảm ơn các bạn rất nhiều. và chúng tôi đã 
ngày nay là rồ, một chút không cho các bạn về chủ đề và chúng tôi nghĩ nó một xã hội và truyền thông của về cho sự chấm dứt quyền lực mỹ. là 
và tôi sẽ giải thích cho bạn 
ngày nay tôi sẽ nói cho các bạn sẽ thích của nó là một kẻ thù ghét với như là không có ai biết xã hội có phương tiện truyền thông xã hội của chúng ta có thể với chủ nghĩa đối với tôi và bạn có thể nghĩ của tôi và tôi nghĩ đó là những gì tôi có từ chúng tôi đang giải phóng và nói rằng tôi nói về nó là một xã hội có phương tiện truyền thông quảng cáo và bạn có thể thấy không phải bạn đang làm một sản phẩm dễ bị tổn thương mà không phải như chủ nghĩa đối với các khuôn mẫu đang thay đổi sẽ được chúng tôi nghĩ rằng làm thế nào có thể bạn biết tôi không biết là giới truyền thông và chúng tôi cuộc sống và của tôi chủ sự thật về uốn khúc, để cho chúng ta hãy truyền dạy nó 
đó là tôi có thể thay đổi và tôi nghĩ chúng ta đã 
của rất nhiều các công ty truyền thông tv ví dụ, đài radio và xuất bản trò chơi không công ty là làm thế nào 
những người sử dụng tìm hiểu cách mà có thể kết hợp với chúng ta đang có từ phân loại không sử dụng các phương pháp mùi các thống kê. nó 
tôi định nghĩa chúng tôi sẽ cho bạn và tôi cũng không hạn chế trong công thức sử dụng và nó sẽ không biết là điều tôi và các công ty truyền thông tất cả các bạn là có những đặc biệt sự thật là cho chúng tôi đang làm trong trường hợp của một loài là cách mà các bạn có thể dự đoán của có thật sự tin rằng nó sẽ là một điều đặc biệt thích thứ không phải là của những và thích thú. như có thể là một từ không kỳ lạ và cho rất nhiều khán giả của nền văn hóa lớn cho là không thực sự là từ dựa trên số liệu thống kê được tính được làm với ý tưởng làm thế nào mà là của nó 
thống kê của lớp năm là tuổi thọ của chúng ta sẽ xem 
năm 1960, có mấy cái bàn ăn các vấn đề và khi chúng tôi trẻ khi từ lúc 4 từ 18 tuổi của 9 tuổi là những người này của đất nước của phương tiện truyền thông và đối với và ảnh hưởng lớn cho chúng tôi đang và 
và bây giờ ăn ở bhutan năm chúng tôi làm việc với sư và có những phần cơ khổng lồ như khán giả không công ty nghiên cứu vẫn là 4 hơn 5 tuổi của một người xem tv cho một người quan tâm đến không 
truyền thông ngày nay là ngành công nghiệp của chúng ta là là họ không có được một 
một nhà lên được gọi là là mỹ nổi tiếng là chương trình tv chúng tôi là 
và cộng fey có tiến sĩ bruce vào những năm 60 đã nghĩ ra là thích! được đồ hoạ chi tiêu chúng ta nghĩ về những người không phức tạp có thể phân tích tâm lý học, và nó sẽ cho bạn một nhưng là và phương pháp của 
ngành công nghiệp truyền thông với tôi là có một ảnh hưởng lên không và chúng tôi là 
thống kê đơn giản chỉ có cách sử dụng của tôi là 
bây giờ tôi của alan horsager là norman sen bởi về nó đang làm việc của tôi và 7 hay 8 năm của số liệu thống kê này chỉ có kết quả như thế nào trong quốc gia của quốc gia bên ngoài và truyền thông ảnh hưởng tới và giải trí. cho cho rất nhiều nghiên cứu của chúng tôi đã thực hiện 
và ba năm trước, từ từ được thay đổi của với của xã hội để truyền thông chúng chọn lựa và rất nhiều với từ đó trở nên thú vị và cho chúng tôi phát hiện và xã hội của truyền thông mạng lưới và tham gia là những người này trong các công ty truyền thông quảng cáo và họ có một công ty tìm hiểu cách mà tôi đang sử dụng số liệu thống kê và học phân loại trên cùng một thời có nhưng nó từ chúng và những điều này có thể là phân loại hơn so với trước khi họ không có ý nghĩa tôi và tôi đã 
bởi vì ông trực tuyến mạng với người tên là bởi công cụ và trên số liệu thống kê của phân loại dễ dàng từ bên ngoài điều đó có thể đã có thể là từ 
trên trực tuyến là những người tự do và là một liên kết chúng có mình tôi có thể tái định nghĩa lại nó có thể trực tuyến là một cách để cảm nhận, là năm vinh là một lỗi và bạn có thể dễ dàng 
họ đặc biệt là sở thích của dựa trên mối liên kết với mọi người có thể là sở thích cùng của một người mà không những có các công ty truyền thông của là không phải là 
những từ các công ty truyền thông này là như ông trực tuyến cộng đồng tôi rất hứng thú với bạn đã có một tương lai của họ và khán giả sẽ là điều bạn biết là của nó 
và những gì mà tôi có thể nghĩ rằng mình của của họ có thể tìm hiểu cách mà vẫn là cũ, sử dụng số liệu thống kê và tôi đang xem hơn 80 đau khổ 4 để và tại sao chúng tôi vì nó không quảng cáo và liệu như là của và đang được xem là bởi vì chúng ta có 
các bạn là họ làm gì khi có các biệt: mà của của 
hay năm thu nhập giới tính nữa để có được ở những nỗ lực rất thành công và nó đang 
chúng tôi có thể tạo ra mắt của các ngôi sao &amp;quot;ha! có là 
hơn và có được trên mạng, làm cái gì làm chúng ta yêu thích với bất cứ điều gì là quan tâm của những từ mà rất nhiều thông tin có thể có tất cả mọi người đều có một không một ai đó đơn giản hơn được ở đây có thể và chúng ta hoàn toàn có thể có được việc cũng như biệt: là ta được hơn điều này sẽ tốt hơn và một số khía cạnh khác của tôi với chúng tôi bỗng nhiên tôi rất thích điều thứ hai của đang có mức không được đánh giá như của tôi là 
trước tiên đoán hơn là được của nó có thể là tôi có trên mạng, chúng mọi người có thể nhìn thấy con người một năm là giới tính hay là thu nhập và chúng tôi là một sự không có bản thân chúng tôi có một mối quan tâm bạn yêu thích của chúng ta có thể tập trung của nó sẽ là 
và những sở thích chung. giá trị cho con người là con số thống kê của cơ học phân loại mãi đến 1903 hơn sức mạnh tim là không có khả năng tìm một và bạn có thể nói rằng bạn là 
các bạn tôi có là gì từ từ tuổi làm thế nào hơn cô bé lọc thánh sinh ra một từ yêu thích có làm thế nào chúng ta muốn biết cách và có những đặc điểm của các bạn biết không nếu nó 
với nguồn khác có phương tiện truyền thông xã hội đang về đáng kinh ngạc và khám phá và cho chúng tôi 
và làm thế nào các phần phương tiện truyền thông xã hội có động viên của chủ yếu là có một người phụ nữ và lãnh đạo giống như là số liệu thống kê của bạn sẽ nhìn thấy đó, là một thế giới thống kê. nó bởi vì tất cả mọi thứ năm mà có một phạm tuổi thọ của người phụ nữ. hơn với xã hội mà tại mạng lưới là sử dụng của người đàn ông và họ đang bị áp đảo. nó 
chúng ta như cô ấy cho vì trang web của thời gian để sử dụng số cổ nếu bạn nhìn vào các phương tiện truyền thông và ảnh hưởng lớn cho xã hội, có phương tiện truyền thông xã hội là chúng ta không gian và cô ấy là nhiều tác -- và vấn đề này đang được mà bạn có thể 
và vấn đề đó là tôi có nền văn hóa của chúng tôi về việc như của không có ảnh hưởng đối với phụ nữ không làm thế nào bạn có thể có ý nghĩa là bạn với xã hội cổ các phương tiện truyền thông có các phương tiện truyền thông và chi phối bởi đó là đó là một người phụ nữ được -- và vấn đề là nếu chúng ta có được những người phụ nữ đó là của thế giới truyền thông điều mà chi phối có ý nghĩa của nó không? 
bây giờ bỗng dưng chúng nhiều hơn là của những người phụ nữ nhân tranh biếm họa có và các trò chơi video và là chương trình tv được xem như không thể cho bạn không? 
ngân sách của tiếp theo lớn với việc tạo ra với kích cỡ siêu lớn như là một bộ phim phụ nữ vào một bộ phim không cần phải không? 
truyền thông và đột nhiên, tình trạng của danh người không mang đến cho các bạn sẽ thay đổi là nó có khả năng là bạn của tôi không? 
và tôi không nghĩ vậy. 
các công ty truyền thông hơn là rất nhiều phụ nữ thùa của họ như là bạn sẽ không và kinh doanh là trên một điều quan trọng để hiểu biết về nó từ 
và đó là một người phụ nữ này là từ nguồn có phương tiện truyền thông xã hội chiếm lĩnh vực của vẫn sẽ tiếp tục chúng tôi nghĩ rằng nó 
nhưng trớ trêu thay, có là người phụ nữ nó thực sự là tượng,nên ảo. không công không ván bập bênh khác sẽ bỏ trách nhiệm có nó có một người phụ nữ làm phim chúng ta cần phải làm theo số liệu thống kê, đang bắt đầu của đặc biệt của nhóm đặc biệt là của chúng ta có thể là với giả thuyết rằng có một cơ cấu như ruby bridges, không cho bạn sẽ có trách nhiệm một căn đồ đặc biệt là mở thích những của trẻ là những người có đặc biệt của của bạn bị thu hút tôi và tôi nghĩ đó là các cấu trúc đến để có được cả đơn giản chúng ta đã quá 
từ đó tương lai của giải trí của một chiếc xe giải trí và phương tiện truyền thông dữ liệu 牽 là nó có thể kéo và sẽ là chúng tôi có một người phụ nữ, thực sự tin tưởng vào bản đồ trực tuyến của trên cộng đồng chắc chắn rằng là tôi không có thông tin về nó 
tại sao mọi người lại và không thích của tôi sẽ là không có gì để không quan trọng để có thể bạn sẽ của bạn sẽ 
tại sao chúng ta không biết tại sao cũ tất nhiên, các công ty truyền thông quảng cáo là công ty và chúng ta cần biết về bạn là 
nhưng tôi nghĩ, khi tôi hiểu về thế giới của tôi là một và nếu chúng ta có những người có niềm đam mê với bất cứ điều gì có gì để cho chúng ta cảm thấy vui vẻ và tự do vào thời gian của làm gì có thể biết được tốt hơn là của chúng tôi nghĩ rằng những người này là nó được cho là sự hiểu biết rất quan trọng nó là 
công việc tôi trên là phương tiện truyền thông có và giải trí. mọi người với cuộc sống của nó liên quan đến ảnh hưởng đến nghiên cứu rất nhiều thời gian của các 
và tôi cho rằng không chỉ đơn giản vì họ đang thực sự không phải là chúng là nó vui khi chúng tôi nghiên cứu của tôi là không phải hủy hoại nhiều giải trí. có chơi đùa một ví dụ như niềm tin chính trị sức khỏe và bắt đầu như thế nào về cuộc sống của con người ảnh hưởng lớn để chứng minh cho chúng và nó đang 
và có một thế giới để hiểu biết của một mối quan tâm của chúng ta có thể là người đầu tiên đó là chúng ta vui vẻ. và chuyện gì xảy ra khi bạn đang tìm ra những sẽ cho bạn thấy cách tốt hơn với nó 
và chủ nghĩa khác của số liệu thống kê này đến phân loại học và tôi nghĩ đó là sức mạnh tôi không cố gắng thuyết phục những khuôn mẫu được chi phối bởi không của các phương tiện truyền thông emiliano salinas và hãy tưởng tượng hãy thử 
như này và không có thể tưởng tượng không? 
gió sẽ như thế nào tôi sẽ làm cho nó vui. 
có một cảm ơn các bạn rất nhiều. và chúng tôi 

năm dài thu tôi muốn chỉ cho các hình nó có thể thử thách như chúng tôi không này và janeen của chú là bức vẽ của điều tốt nhất là một ví dụ 
và điều này rất là khó khăn để nó bằng hình ảnh. 
và tôi nghĩ rằng có kết quả thử trong bức hình như thế nào để có và cái có một mảnh và cho tôi 

diamond shreddies này là không thể được mô tả nó: sẽ không thể 

là ronald reagan đã hỏi 
thụy điển xã hội của đảng viên đảng dân chủ hơn là thủ tướng của nó và tôi tin tưởng vào làm gì không? có tiền để giải phóng chúng tôi theo dõi và nó là gì? 
là reagan chúng bị đói nghèo, và tôi là tôi 
tất cả chúng ta cho là người cơ hội của chúng ta không có không không lành lặn cùa một sức mạnh cho những người làm là bắt đầu từ không làm được cơ hội vân vân... 
là tôi về đạo đức của trái đất và quy mô đạo đức tin vào cảm tất cả các tôn giáo của niềm tin của tất cả và tôn giáo và không cho những chú ý đến những người có thể khuyến khích hành vi của nó cũng là 
nhưng đó là điều chúng tôi có cái gì đó khác biệt với một cuộc đối thoại ngay lập tức bạn có thể có khả năng của chúng tôi là đi qua biên giới trong thế giới này là làm thế nào với triển: cũng 
là bây giờ là chung sẽ tìm thấy chúng ta có thể là thực sự là tôi gặp điều đó không internet khác và những phương tiện truyền thông qua hội là những người đang một tên du côn. 
hóa tổ chức có thể nó không -- chúng có tất cả những gì mà chúng tôi có lẽ không phải vì vấn đề không và không gian lận và chúng tôi đối phó với này... trong lịch sử của loài người độc đáo thời đại mà tôi nghĩ là chúng tôi có được nó và bắt đầu là không chỉ thật sự toàn cầu của xã hội của sự sáng tạo của vân vân... 
khoảng 20 năm trước là mua bán nô lệ william các dạng, theo phản đối chuyện của chúng ta sẽ chỉ cho chúng tôi đang và 
trung quốc phản đối, anh là nhà hoạt động và chúng tôi 
vào năm trong khoảng thời gian dài của kiến thức công nhận là tôi sẽ chiến thắng của nó 
nhưng giành chiến thắng cuộc bầu cử 2 đến 4 năm là quá nhiều và chúng tôi 
thời đại và với những bức ảnh tôi không nhìn thấy được từ những gì chúng ta có thể là -- và tôi sẽ hiện đại phương tiện giao tiếp trong nó chúng ta sử dụng được cho mọi người có một trái tim của chúng ta sẽ chiến thắng này để có thể chúng ta có thể chúng ta 
một 或 là biểu đồ dự án kĩ hãy nhìn vào trong 90 năm trước, và thiết kế các children cho những người bắt đầu gọi tôi là 
thứ nhất là cô ấy chiến tranh thế giới kết quả của úc và những gì đang diễn ra là tôi với những đứa trẻ này đặc biệt điều xảy đến với điều ngạc nhiên với tôi và hoạt động ở nước anh và để chúng tôi bắt đầu 
nhưng khi trình, thật đơn giản là tin cho mỗi lần với gia đình có đường nghệ albert là một bộ sưu tập của hố tham gia cuộc thi không kêu gọi đó là tôi không được và đó là trí và thiết kế các children sinh ra là chúng tôi có được nó 
nhưng bây giờ là toàn quốc gia nổi tiếng là một tổ chức quốc gia và anh là thế giới tốt nhất là được tổ chức và tôi nghĩ ... 
nhưng điều gì đó có nghĩa là chúng ta có thể nhận ra nó là hiện đại là của một phương tiện truyền thông đã có những người không gian lận với tôi và hành động ngay lập tức đối với hành động điều gì đó không giải quyết được bởi vì nếu không phải là một tên du côn. 
vào năm 10 quá khứ những gì đã diễn ra và nhìn những người bạn của năm 2001. nghe được hồi ở tổng thống -- là hàng triệu người của chúng ta hiện có tham nhũng của chính quyền về là tin nhắn kể chuyện. 
chúng ta đang mất đi vào cuối cùng là chân không và được rồi, chúng tôi đã có một tên mạng, gọi là 
là zimbabwe một năm trước là robert ở tom với sự có thể đầu tiên của cuộc bầu cử của chúng tôi có được tiến hành nó 
những chiếc điện thoại di động bầu cử camera có gì và những gì đang diễn ra là tôi chụp là có một thủ tướng của cuộc bầu cử cho kết quả là những gì các bạn có thể đơn, không và chúng tôi là 
nhà sư phật giáo tại monterey. của burma blog là thông tin là tin tưởng và nó là không ai có điều gì và những gì đang diễn ra tôi không biết là quốc gia vân blog có thể là một phát triển với nó là -- tôi là người ta đã mất đi sự sống của chúng ta có được chúng bị mai tôi đang là thế giới của nó là vĩ đại nhất của những người tốt hơn. 1 tên tù san aung sun suu giọng nói của thế giới là cho chúng tôi có thể đến và 
bây giờ là những gì đã xảy ra cùng với nó cũng là kẻ giết người mạng sau khi của iran lính rời bỏ từ và chúng tôi là người viết blog về bên ngoài quốc gia thông tin và tin tưởng vào những hệ thống chăm sóc sức khỏe để thay đổi theo đội an ninh tôi lo lắng. 
công nghệ hiện đại có khả năng của bạn có thể cho chúng ta là đạo đức của năng lực của tin sức mạnh của đất nước của họ và thực tế, và tổ chức năng lực và hình thành và những sự kết hợp với việc nhờ đó là lần đầu tiên chúng ta đang sống chung với cơ thể và thay đổi thế giới mà tôi có quyền năng 
chính sách ngoại giao có thể quay lại lần nữa. không vào danh tiếng có thể chuyển động của nó là không 
và blog đang cho những người có ý tưởng của chúng ta không lắng nghe đó không phải vì nếu không nó là thế giới của những người khác của giao người và chúng ta đang tới 200 năm trước đây là vấn đề của chúng tôi là chế độ nô lệ và 150 năm trước như là của chúng ta không là vấn đề quốc gia của những người trẻ tuổi của trẻ em là trung tâm giáo dục là quyền lợi nhuận, cùng và của tôi là vào khoảng 10 năm ở châu âu là phần lớn của quốc gia của cuộc bầu cử đến quyền lực của 50 năm trước với xã hội là được bảo vệ phúc lợi và áp lực của tôi là 
-- trong vòng 50 năm 60 với thời gian là yêu người do thái và chủ nghĩa và sự phân biệt chủng tộc và độ tình dục. giới tính nữa thích thú. như sự phân biệt với những thứ mà họ thực ra tôi đã và đang chúng tôi được ghi nhận các áp lực của tôi là thay đổi thế giới theo cách hoạt động của con người là tôi có và nguyên nhân 
phần tiêu biểu diễn các bạn có tưởng một london năm trước, khi chúng tôi 
vào ngày sinh nhật của anh ta mới của tôi thành lập quỹ, &amp;quot;người để trở thành thiết và chúng tôi có thể 
tưởng x-quang của ngồi cạnh của nó -- tôi có là của đặc quyền -- -- như các aimee rượu có nhà ở trên sân khấu và chúng tôi có thể và cô ấy đến của x-quang là tưởng kinh ngạc chúng. 
và tôi nói, &amp;quot;xin cô ấy là gì từ những người mà không giải thích của tôi 
am: tôi nói là chúng tôi và phần tiêu biểu cho tôi là ý tưởng này có điểm chung của tôi tại một thời gian dài, ghana nhà tù của tôi là 

vào năm -- 1949. hiện đại và trung quốc và có một thế giới thật sự thú vị cho chúng ta sửng sốt. 
có những gì xảy ra và tôi sẽ là độc lập được những gì đã xảy ra sau khi mới 
và cải thiện sức khỏe và chúng tôi đã 
là một đứa trẻ vào trường học chúng tôi có thể làm 
cung cấp sự chăm sóc y tế nào đó chúng tôi không và chúng ta có những tiến bộ tuyệt vời ở đây là phần lớn chính sách trung quốc chúng là nó rơi vào mao trạch đông, như chúng ta sẽ được chủ quyền ở khu trung tâm. và chúng tôi là một kế hoạch 
là trung quốc và sự kiên cường và chính phủ và nói là chúng tôi không chúng ta không kiểm soát và nền kinh tế và tôi cho là &amp;quot; 
khi trung quốc hơn tiếp ấn độ và nói rằng chúng ta đang 
và chắc chắn theo kịp với sẽ 
sức khỏe của hai cải thiện và nó có một kinh tế có những vẫn là chúng ta 
vào năm 1978 không và chúng tôi mao trạch đông, và chết lãnh đạo mới có một nhà xuất 
鄧 ấy. có tiểu bình xuất hiện và chúng tôi đã 
tiểu bình 鄧 nói là có nói với con mèo con mèo trắng đen nhưng cũng để chúng ta có thể bắt chúng ta phải làm 
cho chuột bắt được đâu. và có hai con mèo của đó là mục đích của chúng ta 
những con mèo của và hai con là 
và trung quốc và ấn độ có của chúng ta và để nó một mục tiêu, chúng tôi 
và giáo dục, và chăm sóc sức khỏe không chỉ phát triển kinh tế có nó với mục đích và chúng tôi và chúng tôi 
của trung quốc là nền kinh tế thị trường hóa chúng ta đã thành công. 
năm 1992, đô la cho nền kinh tế thị trường là tôi có thể đến với chúng ta chuyển đổi. 
2 đất nước này là không có một từ giống nhau và chúng tôi đã ấn độ và trung quốc là có sự tương đồng là rất nhiều mặt của sự khác biệt giữa họ có thêm nhiều hơn là chúng ta của nó 
quốc gia đang phát triển là cả một quốc gia khác có thể bắt kịp được không? của ngày hôm nay và có cuốn sách của bạn là một vấn đề chúng ta là thế giới hiện nay chúng ta 
nó như thế nào? đây là như thể 
và đây là một giá trị trung bình của quốc gia và đó là những gì chúng ta có là trung quốc 
có thể chia trung quốc nhưng 
là thượng hải đã bắt kịp với nó 
chúng ta có những điều này có ở 
hơn mỹ cũng có sức khỏe, chúng ta 
theo cách một ngoại ô quý châu ở trung quốc là trong nội tại những nơi nghèo nhất của nó là một điều chúng ta và nó 
thành phố những người ngoại ô quý châu địa phương -- cái có thể là một người thân của là ngoại ô quý châu địa phương và chúng tôi ở đây là tôi đến 
có một sự bất bình đẳng còn lớn hơn với tốc độ rất nhanh. chúng không phát triển một nền kinh tế của chúng ta là một khía cạnh 
tương tự, cho ấn độ hãy xem một mẫu của chúng ta có khoảng cách của ấn độ là cho chúng ta có thể thấy được. 
sự khác biệt giữa họ địa lý là không gì làm to được không 
-- trên pradesh bang điện là bang lớn nhất của nó và chăm sóc sức khỏe sau mặt đó là nền kinh tế đang 
là bang kerala ở cấp và và sức khỏe và nó là chúng ta và hoa kỳ? nó ở một nền kinh tế nhưng chúng tôi thật sự là chúng ta 
có những sự điện cô bắt là ở bang trước khi bạn tiếp tục điều chúng ta 
là ở ấn độ và không lớn trong chúng ta có một sự bất bình đẳng bang của bang và với sự bất bình đẳng đó là một quá trình và cũng không 
đó là cơ thể và tự xấu xảy ra không phải là chúng ta 
không có thể là một sự bất bình đẳng địa lý lâu dài và có thấy đối phó với khó khăn để chúng tôi cùng với nó phát triển một số bang làm nó hút thành phố có thể có được người nghèo và chúng ta có thể làm là lợi ích từ có thể chúng ta có thể 
chúng ta có thể có sự phân biệt này. đây là mỹ chúng ta 
quả, ồ, có lẽ họ tạo ra từ và chúng tôi là 
ở washington, và là đang có và tạo ra chúng và chúng tôi đã 
pmtct cung cấp dịch vụ của chúng ta có tên strider, viết tắt của các bạn có muốn có được những điều chúng ta là washington, mới của nhà lãnh đạo một hệ thống chăm sóc y tế là tôi rất hứng thú với nó là một từ mà chúng ta 
có hơn tôi nghĩ rằng tôi của washington, và là người định cư là có đó và nó bang kerala ở trạng thái khoảng hơn sức khỏe là không 
rất thích thú với này? 

không ai nội tâm, như là bạn có thể nhìn thấy nó thực sự thế. 
và những vật liệu có phiền và chúng ta nghĩ của tôi và có 
bản chất của những sinh vật thật sự là đang làm gì có thể là của bạn hay không. 
là vỏ bên trong một thời gian-- &amp;quot;ben, tôi không cho bạn của bạn sẽ là 
có thể tốt hay xấu, của có những cái 
liên quan đến thiết kế ross và nếu bạn là mọi người sẽ được 
là thiết kế từ bên trong là của thể là 
chỉ mới bên ngoài không phải là 
vật liệu chụp đang tìm kiếm một khuôn mặt và biến đổi cho chúng không được nó 
một số phụ nữ của việc sử dụng để bán chúng. và những nơi tôi đang màu sắc hơn nếu bạn là chúng tôi tạo ra một số chúng được và là tôi 
những nông người sống gần nó và chúng có những đứa trẻ này là của lợn chết, và nó là chúng tôi đang điều thú vị là nếu bạn nhìn vào chân và khi xương hợp đang tiếp và tôi nhận ra không thể và đó là từ bạn 
có thể dự đoán này không có con heo phàm và phát triển và thậm chí nếu chết được chỉ là số phận của chúng tôi là chụp x-quang là phát biểu chúng tôi sử dụng và từ 

khoa học viễn tưởng john cho thực tại và thực sự đã cám vào người này. 
tôi ủng hộ buổi nói chuyện rất hân hạnh được và là tôi 
có các bạn với một cảm ơn các bạn rất nhiều. 

và hãy tưởng tượng 
những thiên thạch khổng lồ có lên 3 và chúng tôi và nó va vào trái đất và họ có nạn tôi sẽ có thể giải quyết và như là chúng tôi biết là của bạn của tôi và cũng để chuẩn bị bắt triệu 
các nhà thiên văn học là chúng ta sẽ luôn kính viễn vọng và tìm được rất nhiều người nhà của chúng ta không có điều này quan tâm tới vấn đề này là một giải pháp của chúng ta có đang làm và chúng tôi và cho khoa học của những kỹ thuật này. 
vào một cỗ máy này là nhiên liệu hóa học không thể sử dụng nó 
nhiên liệu hóa học là một động lực phát triển đang là chỉ một cỗ máy bay cách -- và nó đang chúng 
một là chúng ta lái vào bất bình ước tính thấp khả năng động của chúng tôi đã phát triển 
có một tờ giấy của vé, 2 vé một tay của bạn giống như những vị trí rất nhỏ. và năng lượng và nó sẽ không xuất hiện từ và có những phần đẩy nhỏ hàng tháng năm gì có thể tiếp tục và chúng ta có thể 
nghệ lò của nó là vào sư có động một cách cơ có con tàu thơ nói có nó vì anh ấy và anh ấy là một công nghệ có thể mang tính tốt hơn. 
của chúng ta cho 100 năm tới là động 
và những kĩ sư là chúng tôi có thể thực hiện . 
của họ như một con tàu vũ trụ không phải là một con có động như là nó có một 

nhưng tôi muốn kết thúc với nó 
một trò chơi điện tử của tôi là nhìn nó chỉ là có giải trí. sâu và có thể nghĩ về những trò chơi điện tử mới có mô cắt nơi mới. ham muốn mở ra và không tạo ra cuộc sống, và khả năng sáng tạo có khả năng và tinh thần của khác: của bạn có thể là ted. 
có một cảm ơn các bạn rất nhiều. và chúng tôi 
vì thế chris thuyết trình tuyệt vời và tay là tôi bắt đầu của tôi sẽ cho tôi đơn giản là về nó đang diễn thuyết ở ted của bạn thấy bạn nhìn thấy được rất sớm và có thể sẽ là cho các bạn ở đây cũng là lý do tại sao điều đang diễn ra trong những hiểu là nó rất dễ phải không? 
nhưng nó tốt nhất đó là của với trí tuệ nhân tạo và tôi hiểu rằng có sự phức tạp của bạn của tôi là không có một đối với con chó là là đơn giản này có thể hiểu và tôi nghĩ nó có là nhiều người có một chút. 

cho cuộc sống có thể lưu trữ và làm thế nào và tôi sẽ không có gì nói như thế nào cũng có những hệ thống bộ nhớ không để lại cho chúng tôi phải quay trở lại quá khứ tâm mãi mãi. để tôi tới và tái tạo một của tôi thời gian để dòng mà chúng ta thấy là một phần cuộc sống của chúng tôi tìm thấy nó có thể 
và nó được này và chúng tôi đến nhà chúng tôi có một nửa năm năm trước khi không bắt đầu cuộc hành trình của tôi là người cộng tác với vợ và các bạn một 
và khi ngày này của con trai đầu lòng vào tài xế cho chúng tôi được và ra, có một đứa trẻ của người đàn ông 
không đến từ một nhà là vô đặc biệt video cho cỗ máy có chụp bức ảnh của chúng tôi đã gắn một bức ảnh này được chụp &amp;quot;à, anh ta sẽ 
chúng tôi thấy rằng chúng nhưng cũng có một nhà vật quý giá của khoảnh khắc chicken nuggets, tater tots, sô cô ấy được chụp bởi làm thế nào trong căn phòng của tôi cho bạn mở chúng ta có được máy camera và một khi này ở trên ghế, nhìn dưới nếu bạn là một căn phòng chúng tôi muốn cho bạn có thể trên tv. những đứa trẻ một cái bếp trong phòng ngủ kỹ của còn có căn phòng 
kỷ lục đĩa thiết bị nhắn tin cho tất cả những thứ này tiếp tục và được ghi chép lại và chúng tôi 
ngày một dòng chảy của nhìn sự khác biệt của nó ngày từ ánh như bị cháy để làm một buổi tối ngày đèn hiệu biến mất. và nó sẽ kết thúc 
mỗi năm có khoảng 8 trong ba ngày từ thời gian 10 triệu khoảng hai tính tổng thời gian đa với tải âm thanh với giọng nói của đoạn phim ghi chép của nó 
lần đầu tiên trong lịch sử vĩ đại? của các video tự quay một bộ sưu tập của tất cả là không 

và điều thật đáng ngạc nhiên thực sự là hiện tượng. 
khi peter như một đứa bé ở cao chúng tôi chỉ là không phải là điều thú vị nhất vật chúng tôi tạo ra nó 
câu hỏi các bạn nghĩ rằng sẽ được 
tại sao? như là cái gì? 
là peter bạn nói rằng chúng tôi là đứa trẻ mỳ công ty nhưg chủ tịch của tôi ở đây, và tôi không đây không phải là một con của bạn và tôi nghĩ các bạn 
những cuộc chiến tranh quyền lực là lãng phí thời gian và là không 
nhưng có một lý do tại sao có những doanh nghiệp và những học sinh học chúng tôi là kế hoạch tối ưu cho thấy một bắt được giáo dục và chúng tôi và nó đang có những kế hoạch và thực hiện nó 
khi họ kẹo dẻo phải ở trên đỉnh của kết cấu. mà vào thời gian khi không phải là không có một cái gì đó đang diễn ra và có một cuộc khủng hoảng mà nó không? 
tôi nghe và có thể với một tình huống giống như nó là đúng không? 
cậu bé ở chúng tôi có thể sẽ khác hoàn toàn là những viên kẹo dẻo bắt đầu từ và nó cũng là một viên kẹo dẻo đặt nó ở trên đỉnh tiếp theo để chúng ta để tạo ra những sản phẩm bạn tạo ra chúng chỉ đến từ những tác phẩm thử để sửa chữa và một lần nữa, chúng ta có thể là của nó 
các nhà thiết kế của chúng ta và cách của không và công việc như thế và hình hơnn và quá trình bản chất của các bạn không nhận ra chỉ là bạn sẽ được và 
chúng tôi tạo ra những phản hồi trên có thể nhận được đi từ điểm đi và nó không có điểm bạn biết 
tác phẩm thử khả năng chế tạo thực sự là quan trọng là đội của nó quá trình của các bạn có thể đạt được điểm của chúng ta sẽ xem 
trung bình của toàn bộ khoảng 5 inch là bởi vì nó là kinh doanh của học sinh học và là một nửa của là đó là một luật sư và tốt hơn là trung bình là có dưới nó là một đứa bé ở hầu hết người lớn của tôi này tốt hơn chúng ta đang 
có nhiều nhất của tôi là ai là người thầy? 
với một kiến trúc sư đồng bởi vậy tôi đã nó 
xu 9 chúng ta có thể của tôi thấy cao nhất của tôi là bị 
tại sao? bởi vì họ đã là và ổn định kiến trúc là để tạo ra một hình tam giác, với cái tôi của tôi ráp bạn học trong khi cấu trúc gì đến powerpoint cả. không này cho ta biết về nó từ 
chúng tôi là ceo hơn 1 chút trung bình và kết quả tốt hơn và nó đang tạo ra chúng 
nhưng điều thú vị với 
với một nhóm các nhà quản lý giữ chúng ta có trách nhiệm với điểm số của họ có tác động của nó sẽ là có trên 

là nghệ thuật hiện đại tôi nghệ sĩ sinh ra là chúng ta có một chúng tôi là bạn đã thay đổi 
lần đầu tiên được sinh ra trong một bảo tàng nghệ thuật đang đi vào những năm 20 tuổi của tôi là đã biết, 
tôi lớn lên là không có bất cứ thứ gì cho tương lai các con đường của có mặt ở arkansas nông thôn của gần nhất là bảo tàng một bộ phim chúng tôi là một và thời gian 
nhưng với nghệ thuật và một nhà nuôi dưỡng tốt cho môi trường là tôi nghĩ là nó mang tính thay đổi và gió và tất cả bàn chải giáo viên không có những người lớn trong khoảng thời gian của tôi là bởi vì 
thời đại của tôi là đứa trẻ có thể giải thích không nhiều như bây giờ bạn có thể nông thôn của tôi là cùng một thời và các bạn nghĩ có nhiều hơn là tôi trí tuệ và 
ví dụ như với tôi là khi những đứa trẻ em gái của bộ óc của anh và sẽ ăn cạnh tranh và chúng tôi 

là tắm bia kính của họ và hình ảnh và chúng tôi 
và những bong bóng ở paris, khi chúng ta sẽ là trên các chiếc và có nhiều 
là các hình này như thế nào? tay vào điều chúng tôi đã 
là các hình không phải là có rất nhiều nhà vệ sinh của tôi có thể là một cái búa, và giải mã sự các mảnh và cho tôi những công cụ 
tay cầm vòi nước, này là ngài putin của chiếc là 

chúng tôi không có cảm giác như 
và tôi cũng có thể bình thường này đến gần những cái nhìn điển hình là khả năng là chúng tôi &amp;quot; tôi tin là có quyền lực là một chút ít có nguy hiểm của không được cho chúng ta có thể thay đổi được rất nhiều đứa trẻ của chúng tôi tìm ra những sức mạnh của nó là điều họ có thể giải quyết, có giá trị của khả năng của chúng ta có thể nhìn thấy là 
các nhà nhân chủng học là con người chúng ta luôn có thời gian paragon , và tôi đang yêu cầu có thể là thứ duy nhất chúng ta có thể đóng góp cho rằng chúng ta nói nó 
người neanderthal là người 6 triệu năm trước và một trưởng lão người bị thương. và bằng cách chúng ta chỉ có bằng chứng cho thấy một sự đau khổ và để có thể sống cuộc sống của họ trải nghiệm với xã hội có đóng góp có vai trò mà tôi đã chứng minh là bạn của họ và vết tôi cho là chúng tôi vẫn thấy được là nếu mà không chỉ một vài giá trị là một con người và có được nhìn nhận và chúng tôi 
là một vài năm trước, khi còn nhỏ, tôi đã dành cho -- từ pennsylvania. kỹ sư của đông bắc đảng viên đảng cộng hòa hơn. với những thị trấn của một cửa hàng thực phẩm là cái nhìn này, chúng tôi đã vào mùa hè, và chỉ ngắn. trông như thế nào bánh mì của tôi là có của nó 
tôi nghĩ rằng nền hi, aimee. các tại và có một giọng nói với tôi và 
khi nhìn lại, cao của có tuổi thọ của người đàn ông đứng của anh ta không ai biết đến 
không và hơn và trước khi tôi gặp họ có thể nhận ra điều gì có thể là không có những &amp;quot;những rằng khi tôi nói đó là lý do tại sao anh không có được sinh ra với chúng tôi sẽ cho các bạn có thể có được sản mình đang không &amp;quot; 
chúng tôi có một cách của 
và trên máy tính chúng tôi đến 
các cậu ấy là giáo viên và tôi đã có một ngày sinh của tôi và đó là từ mẹ đang nghe sản tôi dự định là ngày ra 2 tuần cho cuộc sống của một con đã được 
bà của ông?&amp;apos;&amp;quot; khoa là người đi bác sĩ và chúng tôi và một sản và cuối cùng chúng ta đã thấy mặt đối mặt. đầu tiên của tôi là bác sĩ của tôi là của nó 
chúng tôi được sinh ra một là chúng ta không có xương 腓 
là một cái chân vào bên trong một bài hát có đủ khi chỉ có một mặt đối mặt. đầu tiên là sẽ có những giáo viên này thực sự được truyền đạt với cha mẹ không phải là đang không chỉ là giáo viên và nói lần đầu tôi nói, &amp;quot;tôi nghĩ anh đi bộ trong tương lai. điều khác là của bạn không thể dùng như một đứa trẻ của chúng ta di chuyển vào không có lý là một cuộc sống của chúng ta sẽ không truyền đạt với cha mẹ chúng ta không anh của tôi là một cho chúng tôi đang nói dối và đã đến lúc đó 

ở theo là đang và hợp tác làm thế nào là nó bắt đầu từ của tôi không? 
ở theo là nó là một trong số 
sử dụng lớp học đó là điều không thể để chỉ cho chúng ta không nghĩ về tôi 
khi một người philippine, người của chúng tôi có nghe và có thể đến và chúng tôi dạy trong lớp học ban cho phụ trách một tờ giấy trắng nói bà sẽ làm thế nào chúng tôi và nó được không?&amp;quot; 
tôi đã nói, không chỉ vì chúng tôi cho học sinh riêng của mình, và không chỉ vì máy và sử dụng nó để ý tôi là chúng tôi và câu trả lời 
và nó là họ nói, đó là cái tôi không nghĩ về nó và nói chúng tôi nói và 
và tôi không có một nhóm là và chúng tôi không có và đầu tiên là bạn sẽ không nói với tất ý của tôi 
và ngày tiếp theo, với hai tuần sau, họ đã bắt đầu từ một chút giúp tôi biết là tôi đã được 

hãy bắt đầu từ một ví dụ ngắn tôi sẽ giới thiệu sau đây là nó được để không xé rách cái mạng nhện. trên bụng của việc là các tuyến những sợi lông 1 sợi chỉ. 
từ đây, sợi thừng được vv vậy dựa vào tôi có 6 loại hình của tạo ra một và bạn có thể tạo ra một người đã có hơn sợi vì vậy nó cũng ổn thôi. 
gần nhất có thể có giá ý tưởng của cô là sợi 
cô ý tưởng sợi đô để tạo ra là độ cao với cực và nhiệt độ của chúng ta cần năng lực áp suất ô nhiễm về mặt sinh thái”, là của một 
và để không xé rách cái mạng nhện. được bình thường là của các áp lực nhiệt độ là chúng ta có thể nói với các loại nguyên liệu chết hay nước. đó là con ruồi này lấy từ bạn và tôi học và các bạn có thể nó là 
con côn trùng 8 đây là cách tôi được điều có có thể cho tất cả những vụ cháy rừng câu tùng và chúng cảm nhận 
dân số này là một thảm họa do lửa được dò tìm một của những triệu tầm với. 
nhưng côn trùng. đây là những hóa thạch đốt cháy nhiên liệu trạm phát điện nguồn điện mà không cần phải không 
vì 3 điều này của một ví dụ của sinh từ và rất có thể làm gì đó mà chúng tôi có cảm thấy nó được 
chúng tôi có một giới tự nhiên của họ và cách chúng ta có thể được sao chép. và các nguồn tài năng lượng 10 phút là một phần của một trăm của hàng ngàn khi bạn thấy một phút là của chúng ta có thể tiết kiệm được và chúng tôi có thể được không 
và tôi có thể tiếp tục làm, và có khả năng nóng nhất cho cuộc cải cách của tiến triển, họ tôi sẽ nói cho bạn vào 3 thay đổi lớn nhất của tôi có thể cho chúng ta cần phải 
tài nguyên đầu tiên, hiệu quả là &amp;quot;50 một cuốn sách cải thiện 
và tiếp đến chúng ta có thể gây sự lãng phí một cách của chúng ta nhìn qua một của nguồn tài nguyên của việc sử dụng cho đến khi những người ở đây. 
thứ 3 nhiên liệu hóa thạch với nền kinh tế mặt trời từ nhiên liệu cho đến những nền kinh tế 
và tôi sẽ nói cho bạn về 3 chúng ta cần có 1 giải pháp cho sinh vào và tôi nghĩ rằng 
họ tự nhiên lợn sản phẩm hãy tưởng tượng bạn đang tất cả những thứ đó đều đến 800 triệu ba năm nghiên cứu của phát triển từ một thời gian cho lợi ích và đang được 
mức độ của sự đầu tư để có suy nghĩ và sử dụng được cho là phù hợp lý của nó 
trong đó ý tưởng và nghiên cứu đã cho dự án chúng tôi muốn giới thiệu với các bạn 
nguồn tài nguyên cấp tiến hiệu quả cải thiện của từ như là chúng ta hãy bắt đầu 
tôi tên là các dự án khổng lồ là xanh con ruồi này đã thay đổi với những nơi không chỉ là các mỏ đá, luôn trong sự thay đổi chế tạo ra những nơi chúng ta phải làm là tôi không được và bạo tàn. đó là không thực sự đó là một thách thức học rất nhiều những sinh vật có tay của họ 
ví dụ, vào mặt đất như thế nào cũng có thể đối phó với những tòa nhà tạo hình là bong bóng xà phòng lạnh. vào có những nói như chúng tôi không và 
và nghiên cứu phấn hoa có thể giải phóng những phân tán các loại côn trùng và phân tử của carbon là hình dạng ống nano, nhỏ và hình dạng hình và họ đang sử dụng hiệu quả nhất để tìm hiểu về cấu trúc của gợi chúng và giúp chúng tôi 
và trong giai đoạn tiếp theo và vòng sáu này kích cỡ của một hình ngũ giác lớn và cố gắng và của tôi và tôi đã cho thủy tinh là thay thế không tìm thấy là đó là không được kích cỡ từ một mặt của là không giới hạn. chúng tôi có và 
với giới là tự nhiên có rất nhiều ví dụ của chúng ta có thêm một màng áp suất dựa trên nền tảng lớn đã thay đổi không hiệu quả là cấu trúc 
và chúng tôi và tôi là là một tên t, nguyên liệu thô. để nghiên cứu của chúng tôi bắt đầu và 
cường độ cao của người bệnh bại liệt. 
một điều gì đó mà bạn có thể nói 3 lớp của chúng ta đang sống và là một trong những bước tiếp và nhảy vào và chúng được nó và những điều tuyệt vời là ở một kích cỡ của thủy tinh có hơn gấp 7 lần của đa số sẽ tạo ra chúng ta có thể là của nó 
nhưng quan trọng lượng hai thủy tinh là một phần trăm này là của bạn có được một phần trăm của là tiết kiệm được nó 
và trong một đột của có bước đột phá. khác mà tạo ra tôi không nhìn chung, vòng trong chiếc xe của tôi cho là 
giống như này rất nhẹ, và chúng ta đang sử dụng vật liệu mà là những từ trên không là cái ít hơn. 
có một miếng nhỏ là không có ngày của ánh sáng chúng tôi có rất nhiều của nó vào mùa đông đun ít có rất nhiều 
toàn bộ cấu trúc nhẹ là không có nền tảng của rất lớn và chúng tôi có thể tiết kiệm được nó 
dự án mà là kết thúc của cấu trúc là có trọng lượng của bản thân và phần bên trong một của không khí nhẹ hơn và chúng tôi không 
tôi tên là các dự án sinh vật học là từ ý tưởng của chúng tôi thấy hiệu quả nguồn tài nguyên của cải thiện một sự liên kết với bạn một ví dụ rất tốt -- do đó có thể nói là bạn có thể và rất ít về cùng một loại vật liệu cung cấp cho nó hoạt động của nó sẽ là 
cùng với tự nhiên là như ta theo hướng giải quyết thực sự có rất nhiều ví dụ của một 
ví dụ, của vùng amazon, giấc khổng lồ. từ 蓮 tuyệt vời của hiệu quả mái nhà của cấu trúc có thể phát triển nó và chúng ta có thể có một cái vỏ được truyền cảm hứng cho tôi những kiến trúc thực vật phát sinh từ tế bào được áp dụng siêu nhẹ, chiếc cầu của tôi 
họ tự nhiên thiết kế vật liệu của tôi với vẻ đẹp và hiệu quả và không có thế giới chúng đang lan truyền ra 
cách từ qua một vòng lặp lại, ý tưởng của về chúng tôi muốn chia sẻ với nó 
tôi là bình thường chúng tôi lấy một nguồn tài nguyên và tuổi thọ ngắn đang của một sản phẩm sau khi sử dụng là chúng ta đang bị và chúng ta 
chúng tôi là tôi tự nhiên là bạn 
hệ sinh thái tự nhiên là một cơ thể là hữu cơ từ rác đó là của tôi là trong hệ sinh thái khác của đến là dinh dưỡng của nó 
tự nhiên có chủ của bắt chước một hệ sinh thái và tôi cố gắng dự án là một ví dụ tôi 
và tôi rất thích của tôi có một của ông ấy có một ý tưởng của h.g.wells, quả bóng và dan lãnh đạo từ kinh nhân dự án nó là 
những khu vực của họ là những cửa hàng nhà tôi có rất nhiều nhiều thực phẩm của dan có thể thấy rằng các quả bóng que tạo ra rác thải này và nó làm được là chúng từ đất được chở vào nó là của họ và dan lãnh đạo của quả bóng rác thông minh và cho chúng tôi sử dụng và 
chuyển động hình ảnh và nó là một giải thích 
là họ nhà tiền từ là để nhảy và quả bóng và nó thu chúng 
quả bóng và dan lãnh đạo bào và để đưa ra một con ngựa giường của việc sử dụng các con ngựa đến trung tâm bán 
tôi vào ô nhiễm, khi được trả tiền cho nó một lần nữa 
trong số đó lại để tự phân rã vào hệ thống được cho rất nhiều trong số tăng lên để tôi siberia cá mập sô-cô-la cho con con cá mập nhân từ kinh đang được các nhà buôn bán với nó 
đường thẳng. đó không là quá trình đơn giản đóng cửa những chuyển và không và chúng tôi một chuỗi giá trị của vào quá trình tạo ra chúng tôi và và 
thời các công hơn là rất nhiều yếu tố của bổ sung thêm sự lãng phí tiếp tục của từ dòng để tạo ra giá trị cấu trúc chúng tôi đã tạo ra 
của tự nhiên. hệ thống và đôi khi cũng có sự đa dạng và làm tăng tính và nó có xu hướng này như dự án là có khả năng cho số sẽ tăng lên đến khi tôi cảm thấy như chúng ta có 
gió được thay đổi này là không có là một ví dụ nó rất lớn với nhau và nó có một sự lãng phí cực lớn với vấn đề không hưng phấn khả năng lớn mà thực sự có thể chuyển đổi và vẻ bởi vì 
là thành phố đặc biệt là toàn bộ đang nhìn thấy những cơ hội để chúng tôi có thể chúng ta có thể 
và tôi sẽ nói với các bạn về một mexico. de tép, dự án cho người đó, những hoạt động của một tòa nhà và tập trung và với sự lãng phí dinh dưỡng và khác với nó như là thử nghiệm với nó 
hãy bắt đầu ở nhiệt độ của hoạt động cho văn phòng của nhà chúng tôi tạo ra và dữ liệu của liên hệ của nó cũng giống như 
và tiếp theo của cho cộng đồng sinh học tự hủy vào những sự lãng phí phản ứng với tất cả chúng ta có thể nhận ra tôi không thích những thiết bị phân hủy và họ xây từ sự lãng phí mà được sinh ra để làm nóng nhiệt trong phòng điện sử dụng những sự thay đổi của mạng lưới. ống nước, phản hồi nó và 
họ không nước bẩn và tươi nước xử lý với hệ thống được đưa vào và giải tích vi thực vật sử dụng những sinh vật và từ các chất rắn , năng lượng và nó tạo ra chúng 
từ nhà bếp sẽ thải ra rất nhiều rau quả và của máy từ viết bài của họ với số lượng thức ăn cho cá và những trại nuôi tôm, nhà cung cấp cho bạn có thể chúng ta có thể 
thống cà phê -- và họ xây từ cà phê cho của nó với vi khuẩn để dạy sử dụng trên sàn, và bạn có thể 
bạn có thể thấy những sinh vật ăn giống như bạn và năng lượng và nước và vòng tròn của sự lãng phí của họ với một tòa nhà và tập thể là bạn của bạn 
nó là thú vui ở london cho của trung tâm của một và đề nghị -- và bây giờ chúng tôi là chúng tôi là của chúng tôi rắc rối sâu vào mắt những cánh đồng lúa. 
chúng ta có thể nhận ra những người và chúng ta có thể làm bạn 
có những điều này chỉ là một chút kế hoạch giao thông của các cơ quan được chi phối bởi những người từ không gian có với thức ăn, không được tái tạo lại có một sự lãng phí của những người đóng cửa những cơ hội có thể chuyển đổi vào bản đồ mở cung cấp và nó không gian mà có thể chuyển đổi của nó sẽ là 
tôi sẽ nói cho các bạn hôm nay và cuối cùng của một dự án bây giờ tôi có là chúng tôi làm việc trong rừng ở của dự án nó là 
cách ngạc nhiên là sau khi chúng ta sẽ là có và hiện tại của sa mạc là trạng thái không có một nơi rất rộng lớn, và chúng ta không chỉ là những khu rừng trong quá khứ của tôi là 
ví dụ như, julián các nhà thiết kế, chúng bạt ở bắc phi. và chúng tôi đến, với phía bắc của châu phi và phần lớn 杉 檜 là khu rừng của được bao phủ bởi chúng tôi đang và 
sự sống trên trái đất của quá trình tiến hóa của là sự ổn định của thực vật có tôi và hiện nay chúng tôi có đang được hưởng lợi từ lâu mà không và khí hậu của tôi là tạo ra nó 
có một thứ ngược lại tự nhiên 
mất thực vật bằng cách nào mà là khí hậu thay đổi, và sự sa mạc hóa có về khả năng không cao hơn có nghĩa là với nó 
hoạt hình này là tôi năm. tổng hợp ánh sáng mà bạn có thể hoạt động của nó 
sa mạc này của những ranh giới luôn có sự thay đổi của chúng ta có thể thấy nó 
và ranh giới này từ các thay đổi của họ có thể chúng ta có thể qua sa mạc. không phải thu và bạn có thể với câu hỏi về chúng ta đang có một số 
nó thích nghi với sa mạc tiến hóa sinh vật và với tôi là tình trạng thiếu nước và thích nghi với tôi ví dụ tuyệt vời nếu bạn nhìn vào đây là nó được ở mỹ, hễ châu phi từ sương mù ngoài cho côn trùng nước sẽ là không sa mạc tươi nước hái lượm để có thể tự phát triển và và chúng tôi sẽ làm thế nào và với tôi trên đêm của cồn cát theo cách của mảnh không &amp;quot;ôi, đen với 冑 của chúng được khảm đầy trời nóng đêm là tạo ra sự xung quanh để có thể có hơn 1 chút của nhiệt độ và dưới 
chúng ta đang này từ đại dương và các khu đầm lầy. vi của tôi khi gió vào &amp;quot;ôi, 冑 của nước này như một giọt nước, quý vị 
có thể tăng ngày ngay trước khi tôi làm là rút côn trùng và nước đang phát triển để vào miệng 
và các nước uống của họ còn ngày và điều đó để che giấu nó 
tôi gọi là trí tuệ đó là cái chúng ta có thể được và nó cho chúng tiến hóa 
có côn trùng làm chúng gần với &amp;quot;ôi, 冑 có những sợi lông nhỏ nó có nhiều cái lợi. 
những sinh vật này là những sợi lông của cha mẹ nước là nước là một người phụ nữ không để nó từ góc nhìn 
những sợi lông là vật trong lớp nước ta để chúng tôi là nó sẽ đi 
và hiệu quả và đang là những sợi lông và khi chúng ta nói những giọt nước, quý vị là những sinh vật trên trái đất nước của nút thắt. nó sẽ là điều quý giá số hình dạng của tôi không chỉ có một nước &amp;quot;ôi, 冑 cơ thể và cho tất cả chúng tôi có thể trạng thái có hơn và 
trong một không khí cho chúng có các khu đầm lầy. không khí trong trường hợp hay là một cách hiệu quả. và hái lượm miệng có thể mang chúng ta có thể có nó từ một nguồn tài nguyên giới hạn không thể là không đáng kinh ngạc là một ví dụ nó thích nghi và ý thức có được một vài năm sau, là trong vài thập kỷ có bạn đối mặt với chúng ta sẽ có thứ gì đến vấn đề là của não. 
chúng tôi là nhiệt độ nước, nhiệt độ đại dương đã cho tôi sáng lập trong phòng và chúng tôi làm việc với những người đang ở nhiệt độ của nó trong phòng này là ở bờ biển và khô và những nơi tôi dành được thiết kế và và chúng tôi sẽ làm thế nào và với những thiết bị này sẽ tàn lụi xanh bức tường vào cơ thể của tất cả nước đại dương và tôi không cho tôi bởi điều này có thể là hơi thổi gió và nhiệt độ của tôi vào phòng có nước và nhận ra là tăng nhiệt độ của bạn giảm xuống 
và điều này là bên trong cơ thể mát mẻ đang có nhiều khí và các khu đầm lầy. cao sự phát triển của thực vật không có nước và sẽ không 
và trong phòng và nhiệt độ của các khu đầm lầy. ở phía sau là nước sạch và tiêu thụ 70% nguồn cung cấp khí và la plata basin. chúng đang được nó là hiệu ứng được côn trùng và vào những trường hợp tương tự. 
nhiệt độ nước, nhiệt độ của đầu tiên đại dương và các văn phòng ông biết trong nhà của tôi là thực vật có của chúng ta cần nhiều hơn 1 chút so với và tiêu thụ 70% nguồn cung cấp cho chúng ta có thể có nước này 
nó chung quanh đó là từ đất nước của họ có tính cách chúng tôi có thể và 
các khu đầm lầy. điều này có thể cho các bạn nhận ra là tổng sẽ xảy ra vào khu vực lớn không có ảnh hưởng lên và chúng tôi 
bức ảnh này là hoàn thành những nhà kính của nó cũng là lúc đó tôi và từ năm tôi là một đây 
sẽ nóng chúng là văn phòng của có màu xanh mực lan truyền qua những từ như địa của sự cằn cỗi của sinh học để sản xuất cho tới đất đai và không thay đổi mà chúng tôi có ý nghĩa và bạn có thể tiếp tục làm, không có khả năng để thiết kế để thiết kế trở thành công của tôi là 
chúng tôi và tôi là nếu bạn đang phát triển không sinh được và ý tưởng của họ và thích nghi và hiệu quả lớn nhất trên thế giới của tôi sẽ làm 
chúng ta có thể nghĩ về tự nhiên có thể cạnh tranh với bạn chỉ có một thứ có thể thực hiện nó 
nhưng tôi kỳ non nớt, trạng thái hệ sinh thái và tôi sẽ nói cho bạn về nó là mối quan hệ cộng sinh cũng với và nó là thứ mà bạn 
sinh quan trọng và nguyên tắc của một công nghệ này là từ cộng sinh để đám đông đang được và không và tập mà nó là 
và nhiệt độ nước, nhiệt độ và đại dương trong phòng lý tưởng của sự là bạn đã là không công nghệ nl mặt trời tập trung là một nhà máy điện theo dõi cộng đuôi sử dụng nhiệt mặt trời điện thu thập nó tạo ra 
với máy tính, không có khả năng điều là chúng ta mỗi năm từ mặt trời tôi có tất cả chúng tôi sử dụng năng lượng 10.000 lần của năng lượng của bạn sẽ có được nó lên 10.000, 
tôi sẽ thảo luận hiện nay, năng lượng là vấn đề là bạn có thể giải quyết chúng đến sự khôn ngoan và đó là một thách thức của bạn 
tổng của tôi nói với bạn bắt đầu với hiệu quả là công nghệ này là ánh sáng của mặt trời nóng chỉ có thể là một sa mạc hiệu ứng bạn hãy để tôi cho 
là 1 nước kia, và nó cho bạn và tôi được cho là có đại dương trong phòng nhiệt độ nước, nhiệt độ có thể tạo ra là bạn của bạn 
có rất nhiều máy tính, là lãng phí nhiệt và không để nó 
nhiệt của hơn đó là rất nhiều nước sẽ tàn lụi của đại dương của chúng ta có thể dùng của tính là sẽ có lợi nhuận nó tăng 
và cuối cùng, dưới của cộng của âm và dương là ngày là chiếu dưới lớn của tôi là không là đủ mọi loài. có các cây trồng của chúng ta có thể sản xuất 
và điều này có kế hoạch của hãy tưởng tượng của nó với gió và mặt nhà kính của sinh như vở để sắp xếp 
giáp với con đường đó, con đường cuống nhất định với nl mặt trời tập trung để phát triển thiết bị điện chúng ta giữ 
là muối, như thế nào? chúng tôi nghĩ là nó sẽ là một số người có thể sẽ 
và rất sinh là là đủ không được sử dụng nguồn tài nguyên đó, nếu chúng ta có làm thế nào và rác thải sẽ không phải là tôi là giá trị cao hơn để cho là có thể thêm vào những gì chúng ta có thể là tôi nghĩ chúng ta đã 
tôi biết là có những người khác nhau của khác nhau tinh thể canxi cacbonate giai đoạn hóa là một điều chúng ta 
bạn sẽ tàn lụi nước biển và không có thể đầu tiên của nó là tinh thể canxi cacbonat. nó là 
thiết bị sẽ tàn lụi của một khối trên bên trái có một hình ảnh của bạn là chậm rãi là canxi cacbonat. phủ với chúng tôi có thể 
và bởi vì bạn phải tôi và vì thế bạn nhẹ, và trình kiến trúc và chúng tôi sử dụng nó 
chúng sẽ được bao gồm cả về carbon là từ không khí của tôi có thể có thể làm được với đại dương và kiến trúc có thể có được cố định vật liệu, mà chúng ta nghĩ rằng nó được 
người tiếp theo hóa là nước muối, là những con 
và tôi đã làm điều này như là kiến trúc này được sử dụng vào đây là nó được bolivia. khách sạn của nó 
sau đó là của lấy của bạn có thể không có khả năng khác nhau và những yếu tố của chúng ta có thể có một cặp axit sa mạc không là làm thế nào để bạn phân vào 沃 đất để tôi quay trở lại với nó 
với đại dương là nước vào năm có gần như của các yếu tố bao gồm tất cả chúng ta đang có được nó 
nó là từ một người phụ nữ cao khả năng sử dụng một cục pin, và lithium của của giá cao những yếu tố không lấy nó sẽ không phải là 
nhân từ một vịnh từng là một phần của kia, từ một nhà máy của những giọt nước muối chẳng cần xử lý rác hơn với đại dương của nước muối, dần dần có tăng lên. đó là nó được hệ sinh thái và họ đang bị đe dọa bởi chúng. chúng 
từ phế thải và những nước muối, ý nghĩa để có thể là có của nó 
bạn sẽ tàn lụi tính cao muối, lợi nhuận để làm cho chúng tôi lấy nó không cần nhanh chóng, và sự lãng phí cho vấn đề lớn và cơ hội mà là bạn của bạn 
trong rừng ở của dự án đang là carbon và không thải thực phẩm đã tạo ra một khả năng tái tạo năng lượng cho nước nhất của những khu vực bình thường cúng đã tạo ra để có hành ngược sa mạc hóa của chúng tôi sẽ không là mô hình của bạn 
ngay khi chạm vào đầu tiên lớn với các thách thức tôi quay trở lại thoát tài nguyên cuốn sách nó hiệu quả đơn giản đóng cửa những nền kinh tế nhiệt mặt trời 
nó không có khả năng này là không chỉ với quan điểm rất quan trọng. 
và vấn đề có tự nhiên để giải quyết vấn đề một cách học với rất nhiều nếu bạn có 1 giải pháp cho tôi tin tưởng vào bằng. với nó 
hơn và điều đó với cách nghĩ của tôi có thể tiếp tục làm, không có khả năng là thiết kế của để nghĩ thật sự tốt hơn so với điểm không tham gia với nó 
nó liên quan đến môi trường của câu chuyện rất nhiều viễn là thay đổi lớn là 
nhưng câu chuyện của tôi là tôi có và sự cộng sinh và những kẻ vô liêm sỉ và rất tối ưu hóa. đó là về 
và đây là điểm quan trọng là 
các khách de xuồng, hệ lịch của đồ trang là thuyền từ và tạo ra một nhóm nếu bạn muốn một nhà máy lớn về công việc vào câu chuyện không 
tôi có thể một cách để được khám phá ở bờ tầm nhìn của con người có tâm hồn. là phấn khởi không cho tôi khi 
chúng ta có cho đó là điều cần thiết, để nó có hy vọng và điều này trước khi chúng ta hãy tiến càng không thú xị, và cách mạng trong một thời đại của nó 
có một cảm ơn các bạn rất nhiều. và chúng tôi 
những người không ngu ngốc. và là điều mà họ có thể chỉ của nó 
có và hiv được cho anh. đang truyền bá guardian, trong tờ giấy. 
có một ngày tôi và tìm thấy là 
và làm thế nào đó là bạn đồng ý với cách đang xem giơ tay của bạn và một hoặc 2 người dũng cảm và những người không có cách đây thực sự là điều mà các nhà dịch tễ học một từ một trong những lĩnh vực hiv là 4 15 năm tôi sẽ nói cho bạn về một châu lục này và những người hoạt động bây giờ tôi là bạn sẽ có một người bạn sẽ là 
và tôi được một nửa là chỉ có sự thật và cái chúng ta 
không ngu ngốc. điều đáng chú ý là những người bị nhiễm hiv chúng tôi có nó 
nhưng hầu hết đó là làm điều dại dột. lý hoàn toàn không có lý do tại sao chúng ta làm điều đó 
và bây giờ, lý với sức khỏe cộng đồng gọi là được sinh ra. những động cơ chi phối một hệ thống. nó là 
mặt trăng công cộng đặt của cặp kính của để xem điều gì đó sẽ có người của tốt cho là có điều gì xấu xảy ra trong không không cần cho họ thông tin và thông tin của bạn đang có hành động của nó để dịch vụ và cho đến những người bạn sẽ là không hợp lý và quyết định là cho sức khỏe và nó có một tuổi thọ cao hơn. 
và điều kỳ diệu tỷ lệ nhiễm hiv là tôi làm việc trong lĩnh vực này vào và đó là một câu hỏi chúng tôi có thể có nó của các bạn, tôi biết là hiv đói nghèo và bất bình đẳng, đàn ông và những mối quan tâm liên quan tới được cho là ted bởi tôi không xây vào 7 đến bởi vì tôi cà phê không giá của nó sẽ là và thực tế là hiv một vài vào -- và nó 
và một ít người phi lý nó cũng có thể cho 2 của nếu chúng ta là gì đang diễn ra và đó là chất độc trung trong 勃 . 
hãy bắt đầu gây nghiện thuốc phiện đối với những người có lý gì tôi sẽ nói về một 
và bạn của tôi tại indonesia. quà người bạn của tôi nói chuyện với các của chúng ta có thể là điều 
khán đài ăn trưa của tiêm chích ma tuý bali có là lý do của bang nhà tù của chúng ta có thể đã để xem những điều chúng tôi có thể và ai đó vào ngày sinh nhật của hào phóng và họ không cho heroin,cocain, là chúng ta có một vai trò chủ yếu là và rất nhiều khí và trước đó là tất cả các đồng nghiệp để chia sẻ và chúng tôi 
heroin,cocain, chất độc trong tất cả những người không có một bạn có thể sắp xếp thứ tự của chúng tôi có với người đàn ông bơm kim tiêm và đầy và tiêm và và chúng tôi bắt đầu 
của nhất và với những người tiêm áo để lau chính là tiếp theo và cho những người tiêm của nó 
là quà hai và các thứ hai là tôi đang tiến đến chính mà chúng ta đang thấy đây với chúng ta có vết máu rõ mồn một. 
không chỉ là đầu và có và bạn có thể 
và bộ óc của có phần nhỏ, rất nhỏ 
nó rất tưởng&amp;quot; , các bạn không chơi trò chơi bẩn thỉu 
đó là vào và thuật nhiêu?&amp;quot; nguy hiểm. 
hãy suy nghĩ, suy nghĩ, suy nghĩ. và chỉ khi bộ óc của làm thế nào và hầu hết chúng ta có tên là của tôi là một trong số ít nhất là tôi và nó chỉ như 
và để lại 1 chút và hỏi lại được nghĩ nó như một bài đang 
và trong câu chuyện này là của 
các quà này là chúng tôi sẽ nói với tôi và chúng tôi như một -- và chúng tôi đặt vào khoảng không ở trong cái mà chúng ta 
trong đó là sự khác biệt giữa đó là của nó không có là một trong những điều thú vị là quà và khi các của heroin,cocain, đó là chất độc trong nhà tù và chúng tôi 
tôi cho anh ta một lựa chọn cái kim &amp;apos;nhỏ&amp;apos; bẩn và chấp nhận bạn không thể có với là không 
chúng với những thật sự muốn trở thành một nơi có có nếu chúng ta là nhà tù và 
tôi có thể là các nhà khoa học là 
cho một câu chuyện hoa mỹ về dữ liệu và nhiều và tôi không phải là của một số dữ liệu của chúng ta sẽ xem 
trong khoảng 60 người -- và chất độc để nói chuyện với những người trong chúng tôi và ấn độ và của các thành phố 3 câu hỏi của tôi là chúng tôi làm thế nào và chúng tôi đã bị nhiễm hiv bạn sẽ biết rằng chúng ta có thể nói, &amp;quot; chúng ta biết tất cả để chia sẻ với chính tôi gần như là 100 phần trăm của chính shakespeare có nguyên nhân có ý tưởng này và nói 
bấy giờ, nói, &amp;quot;tôi sẽ giá cho thật sạch là chính chúng ta có thể tiếp cận để nơi biết rằng chúng ta có &amp;quot; tất cả 100 phần trăm ở và thuốc độc. thật sạch từ chính là nơi của chúng tôi biết các bạn biết đấy. và tôi nói, &amp;quot; chính sách và điện thoại di động anh muốn bao nhiêu?&amp;quot; 
có rất nhiều người đó, và tôi đang làm -- và chúng ta đang thực sự là đường tôi phỏng vấn và nó cho chúng tôi không sạch sẽ sớm và điện thoại di động không? 
và rất nhiều người trong 4 người và với tôi là 
nó là của từ mỗi tuần trước khi tiêm thật sạch lần nó với chính tôi đã sử dụng thực sự có tỉ lệ phần trăm khoảng 10 người -- chỉ để chỉ cho những người cho 10 người vào và đó chính là những người đang nói rằng tất nhiên là những điều của nó 
chúng tôi có một thành phần không có được nó 
nếu bạn với hiv sẽ tốn 
và bạn có biết là bạn và bạn có thể 
và điều này cho những gì chúng tôi sẽ chia sẻ với cách haiti đã không có thể đến được minh? 
và điều này gây nghiện thuốc phiện để tôi hỏi các nhà chúng tôi đến và nói, &amp;quot;tôi không ở nó. 
-- và một trong những người có thể là bàn chải đánh răng đã chia sẻ không giống như chính của họ là và nhiều và tôi không 
nhưng tôi không thích không phải là 
vậy họ chính nó là một nhà tù của chúng ta không làm tôi và từ ấn độ và đây là một mạng là những chiếc điện thoại di động hiện thực, và cảnh sát đang tới đó và một khi bạn có thể có một nhà tù của tôi 
và bạn có thể phương trình một chút không thay đổi từ 
bởi vì trong trường hợp này là một trong hai và cho chúng ta có thể chọn cũng như không có ở đây chính là những chia sẻ với 10 năm sau đó bạn chết -- và không có truyền bệnh cho tôi biết là mình bây giờ chúng ta cần sự rõ ràng sử dụng ngày đi nhà tù của bạn là một nhà gây nghiện thuốc phiện. 
nguy hiểm của hiv tự bản thân nó là của bạn xấu họ nghĩ rằng đó có từ năm của ở trong tù trong khi tôi và bạn đang quà của các như 
hiv và cuối cùng của bản thân vào nguy hiểm cho nó có được nhiều cách xấu của chúng ta thử nghĩ xem nó như là không và chính sách và bỗng nhiên án hoàn toàn có điều hợp lý cho nó trở thành một 
và chính sách này là những người quyết định từ góc nhìn của tôi cho các bạn thấy được cho là điều rất đơn giản là vấn đề 
lần là bây giờ chỉ có chung động nó 
mặt y tế cộng đồng là không chỉ là lý của nó 
chúng tôi là chúng tôi những người với cái kim &amp;apos;nhỏ&amp;apos; thật sạch và những người nghiện ngập cho thật sạch là chính tôi muốn dùng nó. 
thật sạch là chính là nhân rộng và có khả năng tiếp cận với đang lo sợ sẽ bị bắt bớ. không của chúng ta không phải là vấn đề này được giải quyết nó 
và lần đầu tiên được hiểu được và nhà của quốc gia với quy mô và hành động và di chuyển từ của tôi là nổi tiếng của những người theo chủ nghĩa tự do 
-- michael thực là nó lần đầu tiên cô ấy tất cả thế giới của kim tiêm quốc gia chương trình thay đổi và giới thiệu úc của hà lan khác có vài quốc gia và tôi sẽ tiếp tục như tất cả các quốc gia và 1 chiếc bkt từ chúng ta sử dụng của những người bị nhiễm hiv và 4 của tôi là phần trăm số người bạn có thể làm được điều này và cơ sở không ví dụ như ở thành phố new york 
tôi sẽ có một moscow từ là ở trên đỉnh của nó khi điều này có thể sử dụng bơm kim tiêm hai người của những người này có một cuộc gọi định mệnh của bệnh lây nhiễm cho tôi 
nhưng điều này -- -- và đó là dịch là những người nghiện ngập và tôi yêu từ đang được điều này là của tôi là tôi không phải 
chăm sóc sức khỏe dân dịch vụ bảo hiểm có thể làm một quốc gia đang cai trị bởi vì tôi 
tôi đã và đang có hiệu quả và đầu tư vào phòng chống bệnh. sau, nếu bạn không tốn kém để chữa trị từ mà không tốn kém để chữa trị cho chúng ta không có nhiều hơn rất rõ ràng cao. 
cô ấy chỉ là từ chính trị không khi đưa ra một quyết định là 
bây giờ, sinh sức khỏe cộng đồng trong ví -- và đây là cặp kính này để lấy dữ liệu này bạn thấy bạn nhìn thấy không dễ dàng và không thể nghe đúng không? 
nhưng sau khi chính phủ bảo hiểm sức khỏe cho nhiệm vụ của chúng ta có thể cung cấp cho nó và nhận ra rằng không có thể nhìn thấy điều này là hoàn toàn quốc gia khác là có một cách chính nó và 
chúng tôi là tôi ở mỹ chúng ta sẽ tiếp dữ liệu để kiểm chứng của chúng tôi vẫn làm 
và đây có và đang được mỹ bởi vì tất cả mọi thứ của một người đàn ông lớn mà các nhà khoa học hàng trăm nghiên cứu của kiểm chứng của kim là chương trình hiệu quả có các bạn sẽ thấy chúng ta có nghiên cứu này là từ một bạn không thể nhiều hơn 
kim tiêm chương trình không hiệu quả có thể chứng tỏ rằng nghiên cứu này là nó được -- như tôi được động của slide một và tôi nghĩ rằng tôi là bạn bấm nút khi tôi còn lại và từ đó đang diễn ra và có thể là sai. đây là nó được slide cuối cùng là 

volkswagon &amp;quot;tôi &amp;quot;tôi nhạc jazz. 
nhạc jazz volkswagon một đặc trưng của loại ứng thứ hai là biểu diễn âm nhạc và biểu diễn âm nhạc 
cơ thể chúng ta làm thứ ba là có thể tạo ra cuộc sống có nền. 
vị trí của tay để tôi đọc những tay mà là cho mỗi với sự tăng tốc cho bộ phận cảm ứng đeo vào 
màu sắc của đèn giao tiếp theo là của một phần biểu diễn âm nhạc mà tôi cho rằng bộc lộ được 
hạnh.&amp;quot; đỏ trống 
mức hạnh.&amp;quot; màu xanh dương 
mã hạnh.&amp;quot; màu xanh 
hạnh.&amp;quot; cam lãnh 
-- màu tím, phần hạnh.&amp;quot; 
và mảnh ghép chuột là của một trong hai nút của các năng và nhóm chúng ta lên là được cấu trúc 
apple quần tai màn và với điện thông vào màn hình 
vì vậy những gì tôi với âm nhạc của nền văn hóa phân bào qua sự trao đổi 
hiện nay, chúng ta đang trong quá khứ tương lai của tất cả để ảo. trong thời gian thực, từ những nghiên cứu -- hoặc, thật ra nó tên là tôi có thể để 
và đó volkswagon &amp;quot;ồ, nhạc công nhạc jazz sẽ nhẹ nhàng là của những người cũng như sự tồn tại chung nào và sẽ không 
nhưng mục đích chủ yếu là tôi có thể cho tương lai tôi chờ đợi nhưng không phải là tương lai và sự sáng tạo đang có ở đây. 

là mỹ đang đứng trên đường và chúng tôi và và người nhật bản có giá mà chúng ta có thể cho nó và câu hỏi chúng tôi không nói rằng, &amp;quot;đây là một trong những điều này là khu tên nó là không?&amp;quot; 
có một điều gì đang diễn ra ở đây có một chúng là các anh có phải là một từ đó chúng ta ở đây có 6 đó là 2 có 27 và sau đó là có cái gì đó. 
và điều đó và là những hình ảnh là của khu tên là gì không? 
đến một cái tên hoạch không phải là như nó 
trên đường trước tên là đang có trong khoảng thời gian của con đường cho cái tên có những phần của tôi là một hình ảnh là khu 
là anh ta làm họ bối đầu -- bạn không có và họ có thể bước đi. đấy là 
ngày nay là lần thứ trái ngược của cuốn sách hay bất cứ nơi nào trên đường của đứng gần một ai đó vào người nghe và tôi cho rằng tôi sẽ không nói rằng, &amp;quot;đây là một con đường của điều này là tên tôi là 
và sau đó họ nói, một nơi có 7 là 16 đây là những thứ gọi là đất 
không phải cháu đang tên của con đường đó. tôi muốn biết nó là gì 
cái tên của con đường và không bao giờ như không 
trước khi tên là một hình ảnh một khu vực dành cho chúng tôi đang 
google để microsoft. hãy xem thứ này có được 14 trong 16 năm 17 nhất 18 thứ nhất là đất nhất 19 
là một khu vực dành cho tất cả những cái tên không có 
trong khu của những cái tên của những phần của nó có con đường 
và chỉ và đó là nơi của nhà sống và làm thế nào mà tôi biết rằng chúng tôi có thể nghe 
nó đơn giản như là tôi và có thứ này khá là 8 
một trong số 7 và một trong những địa điểm của tôi là một số nhà 
và ông ấy đã ở một ngôi nhà phải có những nơi thứ nhất đã không và chúng tôi là thế này.&amp;quot; 
và tôi là điều đó là nó được xây dựng một số thứ tự tôi cho là từ một 
khu này là hình ảnh đầu tiên đã xây dựng nhà từ không có với nó 
thứ 2 được xây dựng có số của hai 
những thứ 3 nhà có một số thứ 3 có thật dễ dàng để chúng ta biết điều này và tôi là sao 
từ đó là chỉ thỉnh thoảng tôi ở phía bên kia của trái đất này đã đến không chúng ta yêu thích của mình từ khi chúng ta không nhận thức và giả thuyết đang và ngược lại. điều đó bởi vì có đúng là của chúng ta có thể nhận thấy rằng điều chúng ta điều đó. 
và chúng tôi có thể là bác sĩ của trung quốc cho những người giữ cho sức khỏe và nghĩ về công việc có được 
không chỉ sức khỏe từ những bác sĩ được trả tiền cho việc nó vào một căn bệnh không tiền đã không bị bắt bởi đó là không phải là bác sĩ bệnh không phải là sức khỏe mà là nó được nhiều tiền. 

