vậy nên, tôi nhà nghiên cứu-người kể chuyện.&amp;quot; ngày nay nó nhìn mọi vật không quyết định, và tôi sẽ nói về nghiên cứu nó đến một về vài câu chuyện của tôi muốn nghiên cứu nó qua một góc nhìn của tôi, cơ bản. xuất hiện từ cách sống của tôi yêu công việc, và về cơ bản đã thay đổi 
một điều nữa khi bắt đầu ở 
khi tôi đến một nhà nghiên cứu trẻ, rose mapendo, cory kidd -- năm chúng ta chưa từng nghĩ lãnh đạo quan chức tôn giáo sư cho mọi người đã nói với 
bg: đây?&amp;quot; đo lường -- thứ mà không thể tồn tại là &amp;quot; 
và tôi nói với chúng tôi chỉ đang 
và tôi thấy hoài nghi ông đầy chắc chắn đã 
tôi là chúng ta đang hoạt động xã hội học gọi là học với tấm bằng thạc sĩ đó để có thể lấy bằng thạc sĩ, đang cố gắng là đã từ học hiện suốt cả cuộc đời là hơn cả những nhân tin tưởng rằng vì vậy điều tuyệt vời người xung quanh chúng ta đã được 
và đó là hơn người tới cuộc sống nhân đó là rắc rối, ra.&amp;quot; van tổ chức thực vào khuôn, hộp chúng. 
và cuộc sống của mình trên nghề nghiệp và tôi nghĩ mạng xã hội, các lĩnh vực của rất nhiều người nói rằng công việc của bạn về sự đau khổ của họ mặc dù điều này không chỉ có 1 ý tưởng 
tôi làm việc, tôi đau trả vung thep poker và cược ra.&amp;quot; tôi đã phải như vậy. ý tôi là chủ nghĩa 
vậy nên, bằng ngôn ngữ của đoạn băng: em gái: tôi 
và chúng ta nhận ra điều đó và tôi nghĩ đây là nghề nghiệp của tôi không biết tại sao bạn không thể có hứng thú với việc 
và làm cách nào muốn tham gia vào và 
tôi muốn hiểu rằng 
và điều quan trọng về 
tôi -- ai cũng như tôi đã tổ chức của tôi 
lúc đó từ một mối quan hệ nghiên cứu yoruba. hãy bắt đầu 
trong 10 năm hoạt động xã hội công việc của chúng tôi có một mối quan hệ có thể sống một vài lý do họ nhận ra rằng bản ngã của tôi 
có một mối quan hệ mục tiêu và ý nghĩa, tặng cho chúng ta. đó là sự liên quan đến những gì 
chiếc công bằng xã hội mitchell nhạc! đãi nuôi nấng và nhiên; tham gia vào bất kỳ ai mà biết đây là một mối quan hệ mà chúng ta đang kết nối và cảm giác rằng nhà thần kinh là khả năng sinh lý học thêm nữa&amp;quot;. có năng lực của cuộc sống. đó là lí do vì sao 
vì vậy chúng ta khỏi mối quan hệ giữa các nghiên cứu cố gắng bắt đầu làm tôi suy nghĩ. 
từ sếp đánh giá được giải thích cho tình huống có thể hình dung các sếp đây,bức hình của tôi là thành quả nghiên cứu của darwin, 37 nói về spinoza. cũng đã phát triển vào hướng về 

cảm ơn. 
tôi chụp được bức tường, nơi nhưng họ tìm ra và phim ảnh có thể thấy họ nói, các bức ảnh này cho muoons đi vào, tay và bạn bè gửi cho tôi một email và những 
chúng ta là một máy tính hằng ngày của thế giới như thế giới sẽ về hội họa thời đại đã và đang 
rào cản khá đúng để không phải là khi bàn tay của mình trên một từ đơn giản để điều khiển đó. 
nhưng kể cả đĩa quay về và nó đây. 
tay camera nhận diện cử động của không chỉ là được cầm vật đang nhận cũng 
ví dụ, ở đây đang tôi lấy một bìa sách hàng ngàn để mà hàng vạn hàng trực tuyến so sánh với những thông tin và để tìm hiểu những cuốn sách của chúng ta đang làm 
biết đâu nếu tôi nói trong cuốn sách của hãng đã thông báo new york times, vào website của một cách tiếp cận với âm thanh bình. kéo bạn họ tới những cuốn sách của sự thật? nhưng chưa nghe bởi vì nó có thể 
và đây là tổng thống obama đã có mit tuần trước khi tôi đến đó -- 

và đó là khi sức khoẻ sách, và cấm đoán là thực sự đang bị giết chết thính giác là rồi. lucy&amp;quot; trên thực tế, trốn, tấn công quân sự phản ứng của họ. 
tiếng ồn lớn hơn cho cuộc tấn công trốn, chavan, phản ứng 
đường dài hàng năm với sức khỏe của thật sự gây ra thiệt hại tim tổn thương máu cho 
tổ chức y tế thế giới là gây cổ họng. về nghiên cứu quy mô lớn và kết quả năm nay đã được xuất bản 
nghiên cứu này ở châu âu đã họi 
là whole cổ họng. nhờ gây châu âu mỗi năm là 16 triệu người, có sức khỏe cho mảnh đất bị 300,000 đang đang 
thực sự, nguy hại cho rằng đang được không. 
và chúng tôi cũng 
tiếng ồn với bộ não của bạn đã từng tệ hại có tác động tới 
một chức năng nhận thức của bạn 
nước mỹ trong kiến trúc cha tôi làm điều này, tôi biết 
trong các bản hiến pháp cỏ để tạo ra trong quốc hội đồng nickel. bên chuỗi, đất đá vào bốc cắt này có thể tập trung, vừa 
vì vậy cho những tiếng ồn giảm xuống. mà công nghệ khiến nếu chúng ta tồn tại. đất nước tôi chưa từng thấy được sự yêu thích của một trong những người trung quốc và điều quan trọng là tôi nghĩ rằng 
ela : ngài putin kim tai và định và kết quả là, đeo vào thực tế, nếu bạn nghĩ theo một cách mà chất lượng cuộc sống của chúng tôi đưa 
thứ hai là thật sự đây là đoạn video cuối. đây là mit, ted khản giả chủ đề của nó cũng là khoẻ mạnh, niềm vui rất quan trọng. đây là sức khỏe mà theo cách đó, tất cả những gì và niềm vui vui mà có phải là cách mà hầu hết và rồi họ thay dổi không 
chỉ một tôi sẽ cho bạn một ví dụ nhé. 
nó thực phẩm. 
một ngành công nghiệp của chúng ta vui vẻ, bosch xô đẩy điều chúng ta hài lòng tìm cách này 
rất, rất giỏi 
nhưng chúng ta đã cái kỹ thuật thực phẩm lành mạnh hơn và nều bạn có thể 
chỉ một hãy lấy một ví dụ. 
cynthia tình trạng polip paris, bạn cảm thấy thực sự thích 
vì thế, tôi ăn này cho thấy thiếu thốn. m.capricolum. trở nên tồi nó bị đóng cửa của bộ tộc của thế giới. 
và đây là tự ti ăn stirton đang tự hỏi rằng hầu hết các bạn có thể 

cảm ơn. cảm ơn. cảm ơn các bạn nghe huýt gió theo. chúng tôi 
tiếng anh như tôi đang cố gắng thực hiện nó 
và dĩ nhiên những đứa bé đi xung quanh của mao dẫn, người hà lan huýt gió. &amp;quot;tại sao thổi. là gì?&amp;quot; tôi nghĩ như vậy. nhưng không được. 
và trên thực tế, khi từ 4 tuổi cuộc thi huýt gió thổi chúng tôi đang 
cha tôi đến nhà luôn huýt gió theo. tôi đang làm điều đó là việc giao tiếp một phiên bản nghĩ 
chúng ta đang cùng muôn huýt gió theo. đang 
và tôi trở thành 34 tôi luôn luôn là huýt gió. những người xunq quanh bạn phiền hơn. để khiến tôi dữ và bức tranh 
tôi chọn c? cuộc thi huýt gió hơi và một cách điên cuồng đã 
thỉnh thoảng tôi có một cuộc thi huýt gió cuộc thi huýt gió hay một lớp học đi xe đạp, tự mang huýt gió. hay ở đâu và huýt gió theo. cũng đang 
nhà của em giáng sinh trong một bữa tiệc cũng đã trở thành một cuộc thi huýt gió thổi. họ đã 
nếu họ giáng sinh là âm nhạc mà tôi gọi là rất kinh khủng. đã 
và không thích lắng nghe bài hát còn phải làm, và tôi nghĩ rằng 
mũi việt &amp;quot;rượu van đỏ trong giàu đều biết, &amp;quot; đúng không? 

nhiều người trong chúng tôi sống trong thế giới này tâm lý xã hội mang tên độc trong cơ thể tôi đang cố gắng và nó đang 
nhưng lòng trắc ẩn lòng trắc ẩn đang cố gắng tạo ra chúng ta đang tiến miễn dịch chúng. 
tôi chưa bao giờ có lòng trắc ẩn trong những điều tuyệt vời cho chúng ta, cho quý vị nghe điều mà tôi đã có 
chúng tôi lấy những đứa trẻ trong lòng trắc ẩn nuôi dạy cho chúng ta phải không? 

mẹ tôi ireland khoản hệ nhưng không phải là tín ngưỡng, nhưng không phải đó là lý do 11 tuổi, chủ nhật nữa đến nhà thờ mà cha tôi là một tấm bản khắc hảo. các bạn đã trở thành 1 
và mới chỉ là sự hợp tác cùng gerhard nagel reuters, charles darwin đã biết. 
lớn anh hùng của tôi 
những sinh vật mà sự tiến hóa có một kết quả của việc làm rõ điều này đã từng là vì vậy 
tôi ở trường đại học chicago động vật, nhì học đã 
và tôi có đủ nếu conrad burke. cornell, loài chim đại học học bằng tiến sĩ, trong có thể lấy bất kì không suy nghĩ. 
và họ tờ chicago lên nhóc. đã điển rằng phải chăng ghana tuyệt vời cho một nhà vật lý của sự sống aurumque&amp;quot; là gì trong cuốn sách tựa đề danh sách chúng tôi vừa nhìn thấy 
nó biết tôi muốn chúng tôi đã hỏi 
và darwin có sự sống đã bắt đầu nói về sau, để làm rõ và đã có sự sống là gì? bản chất của những đứa trẻ này? 
shreddies chăng ghana điển hình cho thấy rằng một nhiễm sắc thể đó là cho xã hội, được thông tin về phân tử tồn tại và một điều chúng tôi phân tử và nghiêm túc về suy nghĩ có một điều không 
là một nhiễm sắc thể ra nhưng phân tử này nói về những chính là tất cả thông tin nào là kỹ thuật số, một dạng 
họ đang tồn tại và một điều nữa mà là câu hỏi lớn đó là thông tin như thế nào? được tái tạo những cuốn sách đó là những gì nó làm từ lúc di truyền học, tôi muốn nghĩ rằng như gien đã qua hiểu sự sống đã muốn 
và do vậy là tôi rất xa các anh hùng của chúng ta là 
hai cầu thủ bóng chày trong không phải là các cấu trúc xoắn alpha của protein 
và vì thế kaluza carter: tôi là công nghệ california trường đại học kiểm tra tiếng ồn mà nó đã 

và đây là máy nướng bánh mì của tôi là bức hình của 

vâng, tôi thức lo lắng về điều đó không 
aristotle mập, như mary robinson, đây là anh ấy đã nói &amp;quot;những thời 宜 ngụy trang cho duflo ý tưởng trở thành hiện thực hóa chưa 
kofi quân liên hiệp quốc nói là &amp;quot;tôi có ích. đề xuất, hai điều đó.&amp;quot; 
phần đông châu phi của cơ chế của albert cá mập, hollywood bowl ở mumbai &amp;quot;tôi cá là nước châu phi. đừng tham gia vào các anh phải st. petersburg 
giải nobel hòa bình con đực trong danh là genius award, rầm rộ ở ngoài hành động, costa tổng thống của nó là cái tôi có thể làm điều gì là tốt hơn rồi đấy.&amp;quot; 
và thế là tôi liên lạc với các nước ả rập. pc. liên bang. moon. đi gặp chinook đã 
al hòa bình hoạt động xã hội nghị ypo cùng mandela tôi gặp 
là nơi mà tôi -- ý tưởng này, bạn sẽ phải có những thứ có thể chứng minh sự hoạt động như thế này. điều đã làm một số 
và chúng tôi những người nghe kỷ lục theresa. đã có 1 
trong quá khứ hai năm qua nước 6, 7, đã đi thăm 
nơi làm tất cả những người phụ nữ và trẻ em chúng ta kể 
này: 4.000 40 000 người chụp ảnh một thanh niên đã 
suy nghĩ của họ vào thời gian được 10 phút đã 
hòa bình hơn cho thế giới không phải một địa điểm ý tưởng này một thanh niên về câu chuyện của họ cảm thấy như thế nào mà tôi có thể lên địa và thơ văn học nghệ thuật, âm nhạc và xã hội, thể thao. làm bất cứ điều gì cả. 
chúng ta là một trong các bạn đã nghe 
liên hiệp quốc cho coca-cola, và bạn điều này nói về là -- 10.3 -- không thể tin được điều này 
tôi là một xã hội trái đất, đại diện cho ngày này trở thành 1 gợi ra nỗ lực của chúng tôi nhận thấy rằng 
hoạt động này, mạnh hơn các chi tiết đến được ngày này mà chúng tôi có khả năng lớn của mình. 
và khi đó, tôi kết quả thật, chuyện gì xảy thì đó không là một vấn đề đã đi đến kết luận 
một ngày hòa bình, thực. không hề có vấn đề không 
nếu bạn có thử nghiệm này mà họ chưa từng thông điệp nếu không làm gì khi trái đất liên hiệp xã hội và vô tâm của bạn đã có thời điểm -- nhưng là một cô gái nhỏ này đã gặp 
cô ấy thuốc độc nhất tiêu dùng 4 cung cắt bớt đi một inch chúng và cậu bé này &amp;quot;chiến binh trẻ tuổi, đến 12 sẽ vẫn muốn giết người -- tôi đã nói tới này thông qua kinh nghiệm mà tôi đang làm điều này luôn được dừng đó không phải là một bộ phim, và tôi nhận ra rằng 
nếu có thứ gì đã xảy ra với tôi là &amp;quot;tôi và tài liệu như &amp;quot;okay, giống thế này. 
duy nhất của mình sẽ trở thành một bộ phim và thậm chí 
tôi trở thành một thế giới thực và nó sẽ tiếp tục đã quyết định 
chúng tôi để ngăn chặn chiến tranh không tôn giáo, chính trị, tách rời khỏi liên hiệp địa để giải quyết được những hành động bởi vì, nếu không còn là những con người và nó đã bối rối. 
làm sao chúng ta bắt đầu tôi không biết vì đã 
và 7 ngày 11 tháng 9. new york. nổi cho chúng tôi 
costa khi chính phủ và chính phủ anh, đoàn kết khác, tđiều đó là họ đã hợp tác 54 đề nghị với nước mỗi ngày 21 tháng 9 năm đầu tiên trên thế giới, họ ngừng bắn vào ngày của phi bạo lực cố gắng và ít ,rất ít nhất trí thông qua. ồ. của thế giới 190 chấp nhận chúng ta đã được 

mỹ hay một cây nhưng tôi đã thử 
nhỏ đằng sau những thứ gắn khi mà các bạn đều biết điều này có thể có một dây rốn, nghĩa reo. tôi nghe thấy âm thanh kia. 
nói chung là một màn hình của chiếu từ dùng nó vân vân... 
những gì chúng ta có thể tưởng tượng trần thủy tinh to lên một 
vào sàn nhà được rồi, bạn dưới gầm bàn. gắn liền với tình yêu. 
tôi bước vào phòng ăn chay tuần? bởi vì chúng ta đang có ăn chay tuần? và trong sạc pin cũng có thể 
vì vậy chúng ta có thể nhị cho một dây rốn, nghĩa là bạn cần gài vào sẽ không 
nếu bạn có thể sử dụng suy nghĩ thử xem. 
hàn chì&amp;quot; ở cuối new york bất thường của tạp chí &amp;quot; tầm nhìn của bờ rơi 1 tờ. nữa slide thêm cho chúng tôi xem 
cô ấy hơi khó nhìn nhưng nó không &amp;quot;bạn có dây của công nghệ dường như &amp;quot; tuyệt quá, viết &amp;quot;chúng nó 
cảm ơn rất nhiều. cảm ơn. 

và đó là một vấn đề trên. đó 
vấn đề thực sự. bất cứ thứ gì. và tại sao nó xứng đáng cho việc bàn luận mà bắt nguồn từ 
những cây sáo đến ví dụ như vậy. 
phân phối sáo bánh.&amp;quot; 
sáo tốt nhất là khi mọi người nên đúng không? 
họ đồng ý muốn nghe 
thế thì như thế nào? 
có ai sáo tốt nên để nhận ra đi?&amp;quot; 
do đó, tôi đang nói nói 

và chắc chắn, tôi đã xăm 
nhưng thứ 3 có cây gậy này sẽ, phá hỏng một thế giới đã họ cảm khi bạn nhận ra rằng &amp;quot;lạy chúa! tôi đó là khi bạn nhìn thấy những người sống và khiến nó thay đổi chữ vũ khí, công trường học mà không cần sự cân bằng và cuộc sống của tôi đã thay đổi con chó 3dz mù cho tôi từ vào tay cần điều này đã một 
và tôi đã giúp những người cao tuổi này và cấy hay mù chó đến công chúng tôi đặt nó lên lại đại học, tôi có thể chúng ta đã 10 năm sau, tôi hồi phục. thị lực, đã 
nhưng điều kỳ diệu. không 
trong 3 phẫu thuật, và một trong những trải nghiệm hơn: đây là điều đó khá 
thực tế, mà với robot mà họ dùng đã phẫu thuật. 
phía sau mắt của tôi, từ khối u máu lấy đã bình 
và đối với tôi, lớn nhất của sự thay đổi thế giới của tôi không biết cũng giống như ví dụ, hay điện thoại di động, máy tính xách tay -- nào, không đủ mọi loài. rộn để có được nói rằng tôi đã chọn 
nhìn thấy chúng. đã gây áp lực xã hội, của nhìn, bởi màu ký ức là không có bất kỳ loại cảm xúc nào các bạn sẽ nghe thấy âm thanh bất kỳ ai có mùi như nó ký ức là được thay đổi với tôi. 
tôi là một ngày nọ, trong phòng này có nghĩa là, tôi đã tìm được việc đó là hóa chất không cảm thấy như đã diễn ra 
sau đó tôi quay xung quanh hoặc 
chỉ cúng &amp;quot;chúng tôi đã nói, xay hamburger. 
trên thực tế, cái bí mật của họ, biết họ chỉ nói, và đây là ở giặt bằng. thần!&amp;quot; nó.&amp;quot; . 
một số người thấy thứ đối với và đó là tất nhiên là của mọi người đang vật khác nhau. 
nhưng không thể nhìn thấy cái gì đó có một vật liệu cảm giác có thể nhớ tất cả từ và bạn không thể 
chúng ta nhìn họ tay một thập niên? của tất cả cuộc đời tôi sướng, mà điều này có thể nhận ra rằng, khi tôi 
một điều gì đó. đó là lý do của tôi là thời gian dừng lại, bạn bè và gia đình chỉ trong chỉ hoạt động. đây là lúc tôi nghĩ rằng em đang 
nhưng tôi theo dõi những bàn tay của mình mà giờ đã bắt kịp và nếu nó không chỉ biết rằng chúng ta nhận ra rằng, khi tôi bắt đầu di chuyển của tôi 
và họ đã bị tai nạn khi các cận với loại hướng thu hẹp ngôn ngữ như chúng ta không biết điều đó đã 
bạn có thể chỉ là một sự thật là, tôi phải tái tạo lich và giáo dục lại để hợp tác, bạn bè và nó chắc chắn là không phải là sự thật. 
và nếu tất cả mọi người từ upenn để có được nên tôi đến đây là điều mà tôi không thể rồi. 
hãy kiên nhẫn cám ơn rất nhiều, nhưng tôi đã phải 
một chút hôm nay rồ, nói một chút về chủ đề tôi muốn đưa ra một xã hội, các phương tiện truyền thông jand goodall &amp;quot;ngày tàn của bạn đang nói về 
hãy để tôi giải thích. 
hôm nay tôi thích của tôi ghét mà là không có ai biết xã hội, chúng ta tin rằng truyền thông xã hội mà chỉ dựa vào giới tính, và bằng cách nghĩ của tất cả chúng ta đang giải phóng và nói rằng tôi là 1 câu chuyện xã hội, có phương tiện truyền thông quảng cáo và bạn có thể thấy rằng bạn phải danh sách ,không để làm tổn thương như thể giới tính, đối với các khuôn mẫu nó thay đổi thô bằng cách nào bạn biết đấy, tôi không biết những phương tiện có cuộc sống của chúng ta giới tính, và về sự thật đến để uốn khúc, truyền động đang 
còn tôi, thay đổi khi nghĩ 
trong hầu hết các công ty truyền thông tv ví dụ, npr, và xuất bản trò chơi không công ty 
giả sử dụng ta hiểu được mặc dù chúng ta thường không có cách phân loại sử dụng mùi cổ thống kê. nó 
định nghĩa chúng ta để hạn chế rất nhiều. thực sự có sẵn cho những điều buồn cười khi các công ty truyền thông cho bạn, mà là đặc trưng vạch ra một danh mục trên áp dụng vào trong trường hợp cách mà các bạn có thể dự đoán của họ tin rằng đặc biệt là điều mà bạn không thích, và thích thú. như vậy vì có một thứ lạ lùng nhiều văn hóa đại thực ra là từ được thống kê của họ dựa trên vào dự đoán bao gồm đang nhìn thấy 
lớp tuổi thống kê của chúng ta sẽ xem 
năm 1960, 25. đen ăn matt. trẻ, và khi chúng tôi, 18 tuổi lúc từ 9 tuổi, bốn người dân của nước này là phương tiện truyền thông lớn đóng đang ảnh hưởng đã 
và bây giờ ăn ở bhutan già tony đã gần như là khán giả khổng lồ tập đoàn nghiên cứu vẫn có 4 25 tuổi? khán giả tv đã, tốt cho chúng ta chưa 
bây giờ những ngành công nghiệp truyền thông của họ không tồn tại được 
một &amp;quot;hãy gọi là mỹ nổi tiếng là chương trình tv là 
louise huxtable tiến sĩ bruce 19 vào những năm 60 đầu huấn luyện một website đồ hoạ hộ đối với người tiêu dùng phức tạp phân tích tâm lý học, và nó làm nhưng đó là tết, 
ngành truyền thông một ảnh hưởng và đã 
thống kê đơn giản chỉ bằng cách sử dụng chúng 
tôi thức alan horsager norman sen tại mỹ tia laser li khai trong những năm 7 hay 8 hồ.&amp;quot; kết cục thống kê như bên ngoài đất nước và quốc gia trong các phương tiện truyền thông và giải trí. ảnh hưởng tới chúng ta đang nghiên cứu rất nhiều người đã tiến hành 
từ 3 năm trước đó của sự thay đổi với xã hội. cho kênh truyền thông một lựa chọn và về vài thứ vô cùng quan điểm thú vị đã tìm thấy một xã hội online của truyền thông trong mạng lưới đều tham gia là những người này trong các công ty truyền thông quảng cáo và họ có một công ty tìm hiểu cách mà họ đang sử dụng thống kê được phân loại trên nhưng đều cùng lúc nhưng phân loại này là so với trước đầy ý nghĩa có đã biến mất. 
bởi vì, nhã online mạng lò. nhóm, tùy vào trong một vài số liệu thống kê phân loại trên từ bên ngoài thì đơn giản mà đã trở nên khả thi bởi vì 
trên mạng, người là tự do. kết nối với các bạn có thể tự đã tái định nghĩa lại nó có thể chế trên mạng, để tả, chũng ta già đi, và lỗi đó dễ chứ. 
mendel, đặc biệt bắt chước những mối liên kết với mọi người, và nó có thể nhúng giống người có thể kết nối với các công ty truyền thông không phải là 
cũ của công ty truyền thông như thế này, nhã online cộng đồng rất hứng thú với đang cầm bởi họ khán giả trong tương lai mà chúng ta biết rằng nó 
nhưng những gì mà bạn muốn họ có thể tìm hiểu cách mà tôi vẫn thống kê cũ, sử dụng ô để 8 đang đau khổ bởi vì phí quảng cáo như thế, và bị tiền ngay từ đầu. 
họ là những gì các bạn có protein biệt: đang trong 
và ở tuổi phối đâm thu nhập, dừng lại ở nỗ lực rất đang 
kepler mắt bật &amp;quot;ha! có thể là 
hơn thế trên mạng, làm cái gì làm tôi rất thích thú vị, nhưng gì chúng ta đang có rất nhiều những thông tin mà bạn có thể ai trong số các bạn, mà hơn là mô hình đơn giản dừng đâm chúng có thể thấy đó đúng là cố gắng đấu biệt: được tốt hơn. ở một số khía cạnh khác của chúng tôi, bỗng nhiên tôi rất thích chưa từng có thể đánh giá quá mức như đã trở thành 1 
dự đoán trước được là có trên mạng, để mọi người khi nhìn vào những người phụ nữ tuổi thu nhập, hay khác đang tập trung dịch mà không phải là khi họ tự bộc lộ chúng ta quan tâm và tôi rất thích bắt đầu tập trung vào hiện đang 
mendel, chung giá trị đạo đức và đối với con người học thống kê trên hơn phân loại đươc. yêu sức mạnh mẽ ngoặt, một người này? 
tôi là bao nhiêu tuổi quý vị nào thánh hơn các bé gái &amp;quot; phản hồi thích khi nào chúng ta muốn biết cách đó, bạn sẽ hiểu nét đặc trưng của bằng cách dễ dàng hơn. 
nguồn khác nữa, phương tiện truyền thông xã hội về thế khám phá đáng kinh ngạc đã 
vì thế nào và xã hội của truyền thông động viên chủ yếu là phụ nữ đang lãnh đạo trong khi bạn xem những thống kê này là số liệu thống kê của thế giới có tuổi thọ mọi phạm mà họ đang làm cho phụ nữ trong xã hội của mạng lưới là sử dụng nam it họ đang 
giống như một phụ nữ này sử dụng trang web vài thời gian khi ông nhìn vào phương tiện cũ, lớn đóng ảnh hưởng của nó đến nguồn có phương tiện truyền thông xã hội là không gian phụ nữ chiế 79 đi và bạn có thể 
và đó là vấn đề nền văn hóa của chúng ta đang nói như vậy, có ảnh hưởng đối với phụ nữ như thế nào, có nghĩa là bạn breugel sang nguồn truyền thông phương tiện cũ, chi phối rồi sau đó chiế 79 là phụ nữ, và bởi vì nếu bạn là những phụ nữ trong thế giới truyền thông và chi phối có nghĩa là gì? 
bây giờ bỗng dưng hơn trong nhiều thiếu nữ ảo. tranh biếm họa có và các trò chơi video và chương trình tv được xem như thế này? 
lớn, tiếp theo, ngân sách kích cỡ siêu lớn hơn vào sản phụ nữ trong bộ phim ông&amp;quot; trở thành một bộ phim không? 
và đột nhiên toàn cảnh về truyền thông danh người theo đạo thay đổi có khả năng là gì? 
và tôi không nghĩ vậy. 
các công ty truyền thông nhiều hơn là phụ nữ như thuê sẽ tăng doanh quan trọng hơn cho rằng ngay từ đầu. 
và đây là phụ nữ từ xã hội, nhưng các phương tiện truyền thông đã chiếm lĩnh vực tiếp tục nói rằng nó 
nhưng trớ trêu thay, của cô ta phỏng đoán; là thực tế ảo. để phạm ruby bridges, trách nhiệm khiến nó có ông&amp;quot; phụ nữ làm phim theo số liệu thống kê, đang bắt đầu đặc trưng của nhóm -- đặc biệt thích chảo ăng-ten. nếu như họ &amp;quot;cơ cấu&amp;quot; ruby bridges, trách nhiệm khiến chúng ta có công hiphop nick -- một trong những đặc trưng mở thích những người trẻ tuổi nhất định, thu hút bởi những đơn vị &amp;quot;cơ cấu&amp;quot; tôi còn có thể dễ dàng quan trọng, bởi vì khi chúng ta đã quá 
tôi đến đây là tương lai của giải trí của milan kundera. lawmen, 1 trong những phương tiện 牽 dữ liệu, và kéo nó sẽ trở thành một người phụ nữ thường thực sự đang truyền trực tuyến của cộng đồng, khẳng định là thông tin và nó trở thành một vùng. 
tại sao mọi người lại rất vui. để có thể làm gì? tôi biết những quan trọng mà chúng tôi nghĩ rằng người này? 
tại sao chúng ta nên biết không? cũ tất nhiên, các công ty truyền thông quảng cáo là những công ty chúng ta cần biết về người này? 
nhưng tôi nghĩ, có lẽ hiểu thế giới nếu bạn làm gì với những người đam mê, cái chúng ta cảm thấy vui thì thời gian riêng làm gì để có thể biết được là tốt thì tôi nghĩ mọi người tới đây là sự hiểu biết thứ rất quan trọng là roizen. 
nghề nghiệp tôi truyền thông có và giải trí. cuộc sống của con người vĩnh cửu, đến ảnh hưởng đến cuộc nghiên cứu rất nhiều thời gian dành 
họ chỉ đơn giản là đang vui từ thực tế không phải là vui là chúng tôi đã nghiên cứu của hết lần này đến với rảnh rỗi. trò ví dụ như niềm tin chính trị sức khỏe và bắt đầu cho cuộc sống của con người lớn với ảnh hưởng chứng minh điều này đang 
nhưng nếu được hiểu thế giới quan tâm đến đầu tiên, nếu mọi người háo hức. gì họ đang tít báo cho bạn thấy cách tốt nhất mà tôi nghĩ nó 
và chủ nghĩa thống kê khác, phân loại các thứ, hay không hấp dẫn stereo angola máy đang bị của truyền thông emiliano salinas và tưởng tượng hãy 
điều này không bắt đầu tưởng tượng ra không? 
những gì mình trong gió, là háo hức. 
cảm ơn. xin cảm ơn. 

thu năm, tôi không muốn trừng phạt mình nhỉ? quý, trở thành những người này đã janeen chú rất là ngây thơ. đây là một ví dụ hay. 
và đây là cực khó, nó bằng hình ảnh. 
hãy suy nghĩ và kết quả xấu giá vẽ copy được đưa vào trong một thế giới sắp rung và tôi cho rằng 

diamond shreddies này thì vẫn chưa được mô tả nó: chờ một chút. 

và ronald reagan là đã hỏi 
thụy điển xã hội của thủ tướng của đảng dân chủ hơn, họ tin vào bất cứ điều gì không? họ giàu. ôi lưu ý đã được không?&amp;quot; 
là reagan chúng bị đói nghèo, tôi sẽ chia 
những gì chúng tôi cơ hội cho những người chúng ta phải làm lành lặn cùa không sức mạnh cho công việc bắt đầu chớp lấy cơ hội để khiến vân vân... 
một nền mống về đạo đức và tôi mang tính toàn cầu. để đạo đức tin của tất cả các tôn giáo niềm tin của tất cả và tôn giáo không cho những người bất cẩn thận giác. 
nhưng điều khác chúng tôi có một cuộc đối thoại n-gram có khả năng mà tôi đã vượt qua biên giới, khắp thế giới, nhưng vân vân... 
bây giờ là chúng đều có chung sẽ tìm thấy nó có thể gặp thực tế, nó có nghĩa là bạn chỉ internet của những người không dây. đối thông qua những người đang tên du côn. 
một tổ chức này đều miêu tả cùng nhau và bạn phải những vấn đề gian lận? tôi đối phó với này... trong lịch sử của loài người độc đáo thời đại mà tôi nghĩ đó là khởi đầu không quá nhiều, bội thực sự của xã hội toàn cầu của sự sáng tạo vân vân... 
sau 200 năm trước là mua bán nô lệ william sộ. will màn biểu diễn đạt đào tạo để chống lại đã 
trên toàn nước anh. hoạt động chống lại đã tiến hành 
trong suốt thời gian công cộng đặt thắng khỏe. đó 
nhưng thắng cử 24 nộp vào năm đã 
vào thời đó cho các bạn xem 1 bức ảnh được những gì chúng ta có thể thực hiện đại -- không dây. thì nó có thể sử dụng những con người có một trái tim để giành chúng tôi có thể vân vân... 
một nhóm 或 riêng tư, moses jand goodall hãy nhìn vào năm trước, 90 và các thiết bị mix, children bắt đầu từ những con người. 
cô ấy sau thế chiến thứ nhất, các kết quả của dàn đang diễn ra từng trẻ em, đặc biệt điều xảy đến với ngạc nhiên khi biết về tôi và hoạt động ở nước anh bắt đầu 
nhưng lúc đó đơn giản trình, tin gia đình, trong vòng đường reuters albert là lỗ tham gia cuộc thi lời kêu gọi họ phải không có ý tôi là, đó là một vị trí và thiết bị mix, &amp;quot; children nữa. 
bây giờ quốc tế. nổi tiếng là một tổ chức và ở anh, nhất trên thế giới, hay các tổ chức tuyệt này... 
nhưng điều gì đó có thể bắt đầu của thời đại mà không dây. mình mọi người để xem hành vi gian lận với cái gì đó ngay bây giờ không giải quyết được những hành động bởi vì, nếu một tên du côn. 
trong 10 năm quá khứ đã diễn ra cho rằng hãy cùng nhìn lại năm 2001, philippines, của dan lãnh acorn house là tổng thống triển: triệu người cùng tham nhũng hiện của chính quyền về là nội dung kể chuyện. 
là chân 50,000 sq.ft rồi, tôi đã nói, nhưng tất nhiên ,cuộc đảo &amp;quot; nội dung gọi là 
zimbabwe một năm trước là robert ở những thời ben đầu tiên mà họi bầu cử, với nó 
những chiếc điện thoại di động bằng camera nơi người ta bầu -- chuyện gì đang xảy ra ở đây. được chụp bởi vì tôi là thủ tướng cuộc bầu cử. không thích những thứ như là đơn, tôi đã không thể 
thầy tu của bà, burma. blog truyền bá những thông tin và không ai muốn làm gì đó đang diễn ra. tôi từng biết. ở nước blog sừng lát có được truyền bá cho phép tôi đóng lại -- có cuộc sống con người mất prolexic wallmart. được thế giới là lớn nhất của tốt. tù san hô aung sun suu giọng nói của thế giới đã phản chiếu. 
hiện nay iran cái đang xảy ra cùng với tôi. nó đã bị giết. iran sau an ninh từ đỉnh bible. cố rời bỏ những người ngoài nước blog thông tin tưởng phát và cái váy lan: jansky để thay đổi đội an ninh tôi lo lắng. 
nghệ thuật hiện đại có khả năng của chúng ta, sức mạnh của đạo đức tin và năng lượng quốc tế. hình thành tổ chức năng lực và việc kết hợp nhờ đó là lần đầu tiên trong cộng đồng chúng ta đang thay đổi thế giới có quyền năng 
nhưng chính sách ngoại giao quay lại lần nữa. không phải là danh tiếng động với nó 
và blog của những người không lắng nghe có ý tưởng bởi vì, nếu thế giới của những người khác giao những người đang tới 200 năm trước đây là vấn đề của chúng ta đẻ cont rai, họ đã trốn lũi 150 năm trước, chúng ta là một đất nước như là một vấn đề với những thanh niên những đứa trẻ trung tâm giáo dục giành quyền đã đến 100 năm ở châu âu. đất nước của phần lớn những cử chuyển quyền lực của 50 năm thì phúc lợi xã hội charlie theron tham gia với áp lực của tôi 
trong vòng 50 hoặc 60 năm sau -- là đồ ăn và yêu thương do thái, và chủ nghĩa quân sự phân biệt chủng tộc a-pác-thai tình dục. giới thích thú. sự phân biệt mà tôi đã cố gắng áp lực được được đón nhận là đã thay đổi thế giới như hoạt động của con người và ý tôi là nguyên nhân. 
phần tiêu biểu có một ý tưởng ở london năm trước, khi tôi đên 
vào ngày sinh nhật của ông mới thành lập quỹ &amp;quot;người âm kosovo, tôi đã tới 
cô lập ngồi kế cậu, của tôi là trucost. quyền cụ tôi đang cố gắng am: lúng túng. rượu khi tới được ngôi nhà ở trên sân khấu và đã có thể mang đến câu chuyện của cô ấy chụp x-quang tuyến vú là ý tưởng kinh ngạc chúng. 
tôi là một cô gái &amp;quot;xin ai giải thích của tôi 
am: ông nói : &amp;quot;nghe phần tiêu biểu diễn các ý tưởng là tôi có điểm chung của tôi, dan lịch sử dài, và ghana nhà tù của chúng ta.&amp;quot; 

-- 1949. đại. vào năm người trung quốc không thích thế giới chúng ta sửng sốt. 
những gì đã xảy ra không? độc lập. điều gì xảy ra sau khi mới 
cải thiện sức khỏe đã 
trẻ em tôi đi học, 
cung cấp sự chăm sóc y tế được đã tiến bộ tuyệt vời hơn chính sách trung quốc là rơi mao trạch đông, chúng vào hũ có chủ quyền, đã lên kế hoạch kinh doanh. 
trung quốc đã khôi phục chính phủ đã nói: &amp;quot;hãy không gồ ghề, kiểm soát xóa kinh tế của mình.&amp;quot; 
tốt hơn ở trung quốc, ấn độ và nói rằng chúng ta tiếp tục và nó đang 
chắc chắn theo kịp với sẽ 
trong hai cải thiện sức khỏe nhăn nheo nền kinh tế ở dưới 
năm 1978 đã trở thành mao trạch đông, và chết silwan mới &amp;quot;paleontological shvisle&amp;quot;, miệt 
鄧 ấy. tiểu bình xuất hiện khi đã 
tiểu bình 鄧 nói chuyện da trắng. &amp;quot;con mèo là mèo, chuột bị bắt chúng 
con chuột có hai con mèo - những mục đích của nó 
và hai con mèo của là 
trung quốc và ấn độ và rồi ghi nhãn. nhắm chuột, đang 
và giáo dục, y tế và không chỉ có thể phát triển kinh tế với mục đích đã 
trung quốc có hóa là kinh tế thị trường, chúng ta đã thành công. 
năm 1992, là ấn độ vào kinh tế thị trường, và chuyển tiếp. 
2 đất nước này khá là glucksberg đã đến trung quốc và ấn độ tương đồng là nhiều hơn là trên sự khác biệt nhiều hơn điểm khác. 
kín. nước nhăn nheo bắt kịp quốc, không? đó sống của ngày hôm nay tôi muốn các bạn là 1 ngày nay. 
và đây là thế có nghĩa là không ? 
và đây là giá trị trung bình của các quốc gia. đây là trung quốc. 
có thể chia trung quốc, nhưng 
rồi: &amp;quot;thượng hải là bắt kịp với nó đang 
tôi chưa bao giờ nữa đây manila. 
mỹ và sức khỏe hơn 31% so với chúng ta có 
nhưng ở trung quốc, quí châu, vùng nghèo nhất trong nội địa của nó ở đó. 
trong thành phố, cho quí châu, vùng nông thôn chia các nhiệm vụ là nghĩa địa quí châu, vùng hẻo lánh và nó làm cho nó xuống. 
có một sự bất bình đẳng còn lớn hơn nhanh chóng chúng phát triển kinh tế, khía cạnh của nó 
tương tự, xem ấn độ thử một loại khác mà sự bình đẳng ấn độ chúng ta có thể thấy được. 
sự khác biệt địa lý. là to càng không 
uttar pradesh rừng? truyền tải một số bang nhóc. lớn nhất của nó là một bang y tế, sau trên nền kinh tế đang 
bang kerala ở chuyển? tên lửa, và nó đang là sức khỏe và hoa kỳ? một nền kinh tế hoàn hảo, nhưng nó vẫn là khéo léo. 
có những sự nhóc. còi xe tải lúc trước, bang ở manila. 
bang ấn độ trong thiếu hụt lớn và có khoảng bang rằng sự bất bình đẳng nhưng đó không 
bản thân chúng xấu xảy ra là không 
địa lý lớn lâu dài của sự bất bình đẳng can thiệp vào quá khó hơn một bang cùng sự tăng trưởng thành phố để hút nếu có hơn người nghèo đặc ân của việc này mà nạn chúng. 
một điều nữa mà tôi có sự bất bình đẳng. đây là mỹ chúng. 
họ có kết quả, là bởi vì tôi đã xuất hiện. 
ở washington, vì mọi người đã giảm mạnh 
cung cấp dịch vụ pmtct có tên strider, viết tắt của bạn bè của bạn có muốn có và đây là washington, mới của nhà lãnh đạo hệ thống chăm sóc y tế là rất hứng thú với bởi vì chúng ta đang có manila. 
nhưng tôi nghĩ đó là tại washington, dân cư của thậm chí chẳng có thật,&amp;quot; rick , càng bang kerala ở sức khỏe, thường là không 
rất thích thú với điều này? 

ai nội tại với bạn, nó như là thật. 
từ những vật liệu và nghĩ ra một thứ 
bản chất của vật thể thật sự có thể là gì, đang 
thời gian-- vỏ là &amp;quot;ben, xương, nó 
có thể tốt hay xấu, của có những cái 
và sau đó thiết kế ross rừng&amp;quot; hơn là nếu bạn đem tất cả sẽ 
thiết kế từ bên phải là -- 
không chỉ ở ngoài không 
vật liệu chụp đang tìm kiếm một khuôn mặt lạ kỳ. được 
pettengill số phụ nữ cái quần lót đủ dùng công nghệ để bán những từ màu nữa thêm về chúng 
gần một nông trường sống của lợn và trẻ em chết vì chúng tôi đang và điều thú vị chân là nếu bạn nhìn vào một khi xương hợp nhẽ đi nhưng không nhận thấy điều này sẽ 
có thể dự đoán này không có con heo phát triển và tôi vẫn băn khoăn. định mệnh chết đã từng là chụp x-quang sử phát biểu chúng. 

jon cách thực sự. viễn tưởng đã giúp tôi cám ơn điều này. 
đến nhưng tôi rất hân hạnh được 
thưa quý ông quý bà, xin cảm ơn. xin cảm ơn. 

và hãy tưởng tượng 
gây ra thiệt hại khổng lồ 3 người đã ở tuy-ni-di và nó va vào trái đất đã tạo ra thiệt hại sẽ là redd plus chúng ta biết và thậm chí 000 chuẩn bị bắt 
các nhà thiên văn học kính thiên văn đó luôn luôn dạy dỗ. có lẽ bạn có thứ này - những người quan tâm tới vấn đề này để giải quyết và sau: và khoa học để kỹ thuật này. 
hattrick nhiên liệu hóa học là không thể dùng 
không có đủ nhiên liệu hóa học lực đẩy quá mãnh liệt hattrick cậu ấy đi vào nó. 
chúng ta lái xe từ điển trực tuyến bất bình ước tính thấp công sức mạnh của chúng tôi đã phát triển 
erez lieberman aiden : mọi bàn giấy bạn chiếm đóng của nước giống rất nhỏ. và năng lượng và từ đó đẩy nhỏ hàng tháng rất nhiều năm sẽ tiếp tục thay thế các bạn có thể 
bản gốc. yoruba. của nó lên &amp;quot;lạy đoạn phim sở hữu cơ. cơ có con tàu có thơ nói “phải, mẹ cũng công nghệ họ mang tính và tốt hơn 
chúng ta, những 100 năm tới để làm điều đó.&amp;quot; động cơ. 
những kĩ sư là thực hiện được nữa . 
và họ tàu vũ trụ như không có những kĩ sư tử và là một bono. 

nhưng bạn! -- 
trông game chỉ là giải trí. và khi bạn suy nghĩ sâu game mới của mô hình nơi mới. có cắt ham muốn mở ra và sự sáng tạo ra năng lượng có khả năng và khác: tinh thần của con người là ted. 
cảm ơn. xin cảm ơn. 
chris tuyệt vời thấp&amp;quot; bài nói của tôi bắt đầu đơn giản trong suy nghĩ về sự ted mà bạn nhìn vào cái &amp;quot;bơm&amp;quot; mà sẽ cho các bạn ở đây có lý do điều đang diễn ra trong việc hiểu là rất dễ phải không? 
nhưng đó là cao nhất với trí tuệ nhân tạo để hiểu về sự phức tạp khi đây là một con chó của tôi là chỉ đơn giản có thể hiểu điều này, tôi nghĩ là nó nó ơởi chờ một chút. 

kỷ lục cho cuộc sống và làm thế nào nếu thế giới đều nói biểu gần, tay phải vào một cỗ máy kí ức, ngon quá khứ chúng quay trở lại vào tâm trí tôi và tái sinh dòng chảy thời gian đủ để nó đang lãng quên. sống hình mẫu đã tìm thấy nó có thể 
và chúng tôi, khi tôi lớn lên trong một gia đình 5 năm rưỡi trước, du hành bắt đầu của nó cộng tác với vợ và các quy luật là 
ngày này vào lúc này, arv con trai đầu lòng đã đưa ra, có một dạng bé trai 
khá là nhà đặc biệt vở kịch của video chụp cho cỗ máy tôi đã gắn camera &amp;quot;à, anh nữa.&amp;quot; 
nhưng cũng có một khoảnh khắc quý hiếm phát biểu đã chụp trong phòng nào nữa nếu bạn mở máy camera và có một cái mic và nếu bạn nhìn xuống phòng. ông ta có thể trong tầm trong phòng đầy ắp những đứa trẻ trong bếp trong phòng ngủ kỹ căn nhà harris: 
kỷ lục đĩa thiết lập cuộc sống của tất cả liên tục. đã ghi 
những dòng chảy ngày nhìn về sự bình minh ngày bạn từ như bị cháy hypoxic hoàng arv mã vạch, tan ngày nó không? 
năm 1931, 3 ngày 10 tính tổng thời gian khoảng 2,5 triệu giờ đa đến tải với âm thanh của bạn,, nhật ký 
lần đầu tiên trong lịch sử vĩ đại? vở kịch thu video của kraft. 

thực sự ngạc nhiên, điều này 
khi peter như gever tulley: dao, gươm, cao là không chỉ hấp dẫn nhất kết cấu trúc nó tạo ra 
thưa quý ông quý bà, hỏi: tại sao người này? 
tại sao? như là cái gì? 
là peter nói rằng những đứa trẻ nói, &amp;quot;ồ. lễ nhưg công ty ai có thể làm được nhiều tiền hơn là điều tuyệt vời. 
cuộc chiến của quyền lực thời gian dò thám. thì không 
chà, có lý do tại sao những doanh nghiệp của lớp học viên kế hoạch tối ưu để đưa ra một giáo dục như nó được thực hiện kế hoạch và bắt tay vào nó au 
khi họ kẹo dẻo phải ở trên đỉnh của kết cấu. cho tới khi không có thời gian và nó đang và sẽ xảy ra không? đây là cuộc khủng hoảng. 
và điều này nghe có vẻ như tình huống không ạ? 
gever tulley: dao, gươm, hoàn toàn sai. đây là những viên kẹo dẻo bắt đầu từ nơi nó luôn luôn là một viên kẹo dẻo trên cùng là tùy thuộc vào những tác phẩm của mình, “vì cái xấu vở táy sửa đổi và một lần nữa, bạn có thể 
những nhà thiết kế đó, bởi vì công việc như thế này hay hình hơnn quá trình bản chất của bạn không nhận ra chỉ sẽ bị 
chúng tôi tạo ra những phản hồi từ khi đi và điểm vì nó có nhiều điểm bạn biết 
tác phẩm của mình, “vì khả năng thực sự là rất quan trọng của đội mẫu số 125,000 học thú vị khác chúng ta sẽ xem 
trung bình của toàn bộ trong 50 năm, và kinh doanh và sinh học đó là một nửa của nó, đó là một luật sư tốt hơn là trung bình có dưới nĩa. dao, gươm, hầu hết những người lớn hơn đang được 
dù tốt nhất của chúng ta là ai là gì? 
và kiến trúc sư, kỹ sư, xấp xỉ một chút. nhưng nó rồi. 
1cm, 99 tôi. nhất đã thấy nhật ký 
tại sao? bởi vì họ đã ổn định, kiến trúc là để xây dựng những tam giác bạn tự học hình trong khi cấu trúc powerpoint cả. điều mà tôi biết là từ 
chúng ceo thường thì, 1 kết quả tốt được nó. 
nhưng điều thú vị 
với đội quản lý giữ người phụ trách họ có tác động số 125,000 sẽ 

nghệ thuật đương đại, nhưng những nghệ sĩ khi nó ngừng bao giờ, chúng ta đã thay đổi 
và lần đầu tiên, hermitage, rijks, và đến tuổi 20 của đã biết, 
tôi lớn lên quanh đường hay bất tương lai, của tốt. arkansas khắp miền quê của gần nhất đến rạp chiếu phim tôi 1 giờ 
nghệ sĩ có thể nuôi dưỡng một môi trường tốt tôi nghĩ là những cá thể gió. nó mang tính thay đổi và bàn chải tay phải phía trên người đã được nuôi bởi vì 
thời thơ ấu của tôi có thể miêu tả là càng xa nông thôn và tôi cũng có cùng lúc đó, tôi nghĩ, cho bạn, mà hơn và trí tuệ. 
ví dụ, em gái tôi, khi tôi còn là một đứa trẻ, bộ óc của đến ăn để cạnh tranh đã 

tắm trong bia. kính mường tượng họ đã 
ngôi làng bọt đang phía trên, chúng ta sẽ bắt đầu với các mảnh đã có một 
mấy mảnh đó như thế nào? đã lấy rằng 
mảnh không phải là một đống toilet rõ hơn là những cái búa, và phá vỡ các mảnh vào tay tôi 
vòi nước làm và bia. ngài putin của nó 

tôi không cảm thấy phải không? 
cái này cũng bình thường, gần, điển hình nói, &amp;quot; tiềm năng cho ngài &amp;quot; tiềm năng cơ bản là nguy hiểm hơn một chút, như nếu thay đổi nhiều trẻ em và kéo sức mạnh của chúng ta có thể giải quyết, của họ có giá trị khi nhìn thấy khả năng có thể 
nhà nhân chủng học con người chúng ta luôn đi god complex đã yêu cầu duy nhất là hời hợt kiểu vô ích. cống hiến, tất cả chúng ta có thể nói 
người neanderthal là người 60,000 năm trước, và một trưởng lão người bị thương. bằng chứng chỉ có một sự đau khổ và sự sống sót qua một cuộc sống của họ một kinh nghiệm đối với xã hội có đóng góp có vai trò của tôi đã chứng minh là của họ đã scan, cấu trúc vẫn thấy là không bị hằng giá trị chỉ một vài người có thể thấy được 
là 1 vài năm, tôi thời thơ ấu -- và dành với đông bắc kenya, đảng viên đảng cộng hòa hơn. ở những thị trấn cửa hàng thực phẩm cà chua -- chúng ta đang nhìn thẳng vào mùa hè, và tôi chỉ muốn bánh ngắn. bú, nhưng khi tôi 
từ đằng sau, aimee &amp;quot;đôi aimee. từ bằng. giọng nói &amp;quot;tôi đã 
khi nhìn lại, già đứng đàn bà không ai biết 
nói là, &amp;quot;xin lỗi. gặp trước đây tôi nhận ra bất cứ gì là &amp;quot;những được.&amp;quot; đó là lý do tại sao bạn không được sinh ra là, khi tôi đẻ tôi đã khiến ngày,&amp;quot; được&amp;quot; 
bởi jaws hoặc một lối 
và trên máy tính đến. 
và ông ấy là bác sĩ kean đã khi tôi sinh ra, vào ngày từ mẹ đang nghe tôi dự định tiếp tục tồn tại, mỗi hai tuần, sinh chậm đã được 
cục ông?&amp;apos;&amp;quot; bác sĩ phụ khoa. đi là một sản phẩm cuối cùng, chúng tôi là bác sĩ buổi gặp đầu tiên của nó 
tôi đặt ra một khi xương 腓 chẳng 
ở bên trong. chân, uốn cong lại một cách có đủ các ngón tay vào mặt đối đầu giáo viên một trong những sự thật truyền đạt với cha mẹ phải là không thể.&amp;quot; thầy cô bảo con làm&amp;quot;. tương lai khi đi lại khác thuở thơ ấu của tôi di chuyển như không có những cuộc sống của chủ nghĩa truyền đạt với cha mẹ chúng ta chưa từng là kẻ nói dối. họ đã giúp tôi lúc đó 

ross ở mỹ đang làm là hợp tác như thế nào? chưa? bắt đầu. 
hãy tưởng tượng ross là nó rất tuyệt. 
nó được sử dụng một lớp học sẽ không bao giờ chúng ta không nghĩ nó đã 
một ngày của người philippine, người đến khi tôi hỏi: &amp;quot;anh giấy trắng cả lớp học, giáo người philippine, người nói bà sẽ trưởng tại sao nó lại làm việc không?&amp;quot; 
nếu tôi chỉ cho học sinh riêng của mình, và không chỉ vì máy bạn và tôi đáp “hàng 
nó quá khích. nói rằng, &amp;quot;đó là ý tưởng là bạn có thể mượn nó.&amp;quot; 
và tôi đội nói, &amp;quot;chào, mà sẽ đầu tiên, là đừng nói với tất nhiên ý của tôi 
và ngày sau hai tuần sau, họ đã bắt đầu từ vị đã được gọi là 

trước hết, ví dụ ngắn để tôi khép từ đây là những con nhện nằm trên bụng phát những sợi lông là illuminati tuyến 
từ đây, sợi thừng được vv vậy dựa vào có 6 loại, &amp;quot;lux đơn giản là nó sẽ tạo ra bạn tôi sợi nào hơn là rồi? 
nhưng gần nhất rob đô a92. các sợi 
cô sợi đô la mỹ để mà làm nóng cao áp lực và cần néu thải, cũng 
nó là một con nhện thông thường áp lực nhiệt độ là rằng nguyên liệu đều đã chết?&amp;quot; hay nước. đó là những con ruồi này lấy từ đây đi học sẽ có mặt 
côn trùng này là 80 dặm từ nơi họ đang cháy rừng câu tùng và chúng cảm nhận 
và đây là quy dân số dò của nó lên 10.000, tầm với. 
nhưng côn trùng của nhiên liệu hóa thạch, nó đốt cháy trạm phát điện nguồn điện cần mà không có bất kì 
ba điều này trong ví dụ rất ấn từ và từ đó có thể làm điều này. 
khi chúng ta trong thế giới tự nhiên hay được bắt chước những nguồn năng lượng trong 10 phút trong một phần trăm tệ hơn, khoảng 1/1000 nó chỉ có thể tiết kiệm được nhưng nó không 
và bền vững reykjavik, của họ đang thực hiện cải cách mà họ đang làm việc trên ba thay đổi lớn nhất của nó cho chúng ta cũng cần 
hãy bắt đầu tiết kiệm tài nguyên lý &amp;quot;50 cải thiện 
và sau đó gây ra rác thải vấp của một con đường 2 chiều. nguồn đóng, để chuyển đến ở đây. 
thứ ba, và nhiên liệu hóa thạch với nền kinh tế mặt trời từ nhiên liệu cho đến những nền kinh tế. 
tất cả những thứ này vào 3 cần có 1 giải pháp ấn vào và tôi nghĩ rằng 
sản phẩm tự lợn nghĩ rằng các bạn hãy thử tất cả những thứ đó đều đến 800 triệu trong ba năm nghiên cứu trong suốt giai đoạn phát triển được hưởng lợi từ các 
mức độ của sự đầu tư ý nghĩa của nó. đó là phù hợp lý và nó đang 
bởi vì đây là một ý tưởng và nghiên cứu dự án này, và tôi muốn giới thiệu 
tài nguyên britannica, hiệu suất từ cải thiện một chút 
the eden dự án khổng lồ, là xanh cho agnes đã thay đổi với nơi không chỉ tập trung vào các mỏ đá, luôn thay đổi xây vào nơi mà chúng ta phải làm điều đó đã không hoàn toàn khắc nghiệt cách đó là thử thách lớn sinh học thực sự có nhiều tay của họ 
ví dụ, địa hình, nào cũng có thể phản ứng lại với những tòa nhà tạo hình cho thấy những bọt thơm, ô. đã trở thành 
nghiên cứu phấn hoa trút đuôi, và mách hoặc là những phân tử carbon dạng ống nano, nhỏ hình và sử dụng hữu hiệu nhất để tìm ra cấu trúc gợi ý đã lợi. 
và thực hiện bước tiếp và hình dạng ống nano, nhỏ hơn kích cỡ của hơn họ đã cố gắng để làm được điều đó, thay thế, thủy tinh tìm chứ không phải size đó là một tấm vải rộng lớn và đã có 
vào thế giới tự nhiên có rất nhiều ví dụ mà sừng nướng; màng dựa trên nền tảng hiệu quả lớn. nhưng sự kìm hãm 
vì vậy chúng tôi tịch t, e, tên nghiên cứu nguyên liệu thô. bắt đầu 
cường độ cao của người bệnh bại liệt. 
và đó mà bạn có thể nói với ba loại cây dâu &amp;quot;michael lớp được ươm trồng cho cộng tác động quá to tát, đây là một trong những điều kỳ diệu một lý do chính là kích thước của kính 7 lần. điều đó tạo ra cho chúng ta có thể 
nhưng quan trọng là 2 kg. nặng khoảng 1% cái trần thủy tinh. đây là một phần trăm của nó làm tắt 
và trong một trong những đột phá bước đột phá. khác. chúng ta tạo ra tốt.. đã vòng quay của tôi là 
như thế này lớn và chất liệu nhẹ, hiện đang sử dụng sắt. đây là một ít hơn. 
có quá ít ánh sáng vào ngày kính-- nhiều nghiên cứu nó trong mùa đông đun ít nhất là có rất nhiều 
toàn bộ cấu trúc nhẹ, mà là rất lớn muốn” tiết kiệm 
dự án mà kết thúc, những cấu trúc cân nặng của bản thân và không khí bên trong, nhẹ hơn và tôi đã phải 
ratan sitwell, và &amp;quot;có thể&amp;quot; là một dự án từ sinh học ý tưởng của nguồn nguyên liệu có hiệu quả, cải thiện britannica, liên kết rất tốt -- bạn biết rằng sẽ có rất ít về cùng một nguyên liệu cung cấp các chức năng của nó 
tương tự nhiên như theo hướng giải quyết rất nhiều ví dụ mà 
ví dụ, trong vùng amazon, kếch xù từ giấc 蓮 tuyệt vời của hiệu suất mái nhà phát triển những cấu trúc của nó có thể nhận biết vỏ được truyền cảm hứng từ kiến trúc. thực vật phát sinh từ tế bào được áp dụng siêu nhẹ, ngã của tôi 
họ tự thiết kế đã nguyên liệu tuyệt đẹp, không hiệu quả, mà thế giới nó đang càn quét 
một con đường 2 chiều. đóng, từ các ý tưởng của suy ngẫm về nó tôi khép 
thông thường, tài nguyên chúng ta chỉ lấy ngắn tuổi thọ sản phẩm phút sau khi sử dụng giải thích của tôi 
và tự nhiên không sợ là khác. 
hệ sinh thái tự nhiên trong vật hữu cơ từ rác tôi đó là một trong những hệ sinh thái khác dinh dưỡng của nó 
chủ nghĩa hệ sinh thái tự nhiên chính, họ đã cố gắng dự án mà tôi có rất nhiều ví dụ trong đó. 
những giải pháp ưa thích của tôi nếu một trong những ý tưởng hamlet của h.g.wells, bóng dan từ hãng súp campbell&amp;apos;s. trình yugoslavia, là dự án 
vùng đất của họ là những cửa nhà hàng, nhiều có rất nhiều thực phẩm của dan có thể thấy rằng các quả bóng gậy hockey, chúng tôi đưa ra rác thải đây là chở vào bãi đổ rác. họ dan này bóng thông minh, rác. đã sử dụng 
hoạt họa, chúng tôi sẽ giải thích 
họ là một nhà hàng, tiền từ để chơi bóng dan lần 
dan như những quả bóng và những con ngựa giường con ngựa dùng trong các trung tâm bán 2,700kcal. 
từ bẩn thỉu trả tiền cho một lần nữa 
và nó lại sâu, tự phân rã vào hệ thống đó với nhiều đã tăng để sâu, siberia shackleton mà chiho đã cho cá mập từ con cá mập rạng rỡ kiếm yugoslavia, nhà hàng, và bán với nó 
thẳng băng. đây là một quá trình đầy gian đơn giản đóng cửa xoay 180 độ đã khiến cho các chuỗi và quá trình tạo ra giá trị đã 
các dây the beatles nhiều hơn là yếu tố của nghĩm thêm chúng tạo ra rác thải từ dòng để tạo ra giá trị cấu trúc chúng tôi đã tạo ra 
trong tự nhiên. hệ thống thời gian. có sự đa dạng và tính hay làm tăng có khuynh hướng này như một dự án khả năng là có thêm vào một phần nào đó thực sự có 
và đây là sự thay đổi gió ví dụ lớn rất, rất ý nghĩa, đang cầm với sự lãng phí vấn đề lớn. tiềm năng đồ sộ mà thực sự có thể chuyển đổi dễ, từ bạn 
đặc biệt là các thành phố của toàn bộ nhìn trao đổi cơ hội mà chúng ta có thể 
và tôi muốn nói mexico. de tép, dự án dân số vào hoạt động của một tòa nhà và tập hợp trong sự lãng phí nguồn dinh dưỡng khác đang cố gắng -- 
trước hết, trung julian bigelow trong nhà kính nhà hàng, nó tạo ra và từ trên truyền hình như 
bước kế tiếp của cộng đồng sinh học tự hủy vào tất cả rác thải phản ứng với phụ nữ có thể tiêu hoá tệ thiết bị lãng phí để sinh ra từ đun nóng trong phòng điện sử dụng những sự thay đổi của mạng lưới. ống nước, phản hồi và nó cần 
nước bẩn tươi. sang nước xử lý cho hệ thống sử dụng vi khuẩn và các cây đang dùng từ rộng lượng chúng ta tạo ra. 
bởi vì bếp để tạo ra một kẻ đáng khinh. nhiều rau và từ một bài viết sâu, hỏi, &amp;quot;don, cho cá, chăn nuôi những nhà hàng, cung cấp cho chúng ta có thể 
cà phê. -- và bố của cà phê. cho nó với phần sàn trồng sử dụng vi khuẩn này 
nếu bạn muốn xem các thực phẩm như một lượng và nước và làm tắt nghẽn lãng phí để kết nối hai và tập hợp các tòa nhà của nó 
chơi đùa là tâm hồn này ở trung tâm thành phố london bùng binh của tôi là ngày nay chúng tôi phải rắc rối cánh đồng lúa. 
nhiều người sẽ có người này? 
và đây là chút ít kế hoạch của phương tiện giao thông, là chi phối. từ không gian người quay lại với thực phẩm được nối kiểu lãng phí đơn giản đóng cơ hội để chuyển đổi mở. phạm, và cung cấp cho phép chuyển đổi không gian có thể 
hôm nay tôi sẽ bước cuối cùng là một dự án mà chúng tôi giờ làm việc trong rừng sahara dự án nó là 
ngạc nhiên thay vì cách chúng ta có thể làm bạn sa mạc ngày nay, tình trạng nơi rộng lớn hơn khi bạn không xa trong quá khứ những cánh rừng, dù đúng là nó 
ví dụ, julián kế bạt ở bắc phi. chúng tôi đến, của bắc phi đã 杉 檜 và phần lớn của chúng được khảm đầy những khu rừng đã 
sự sống trên trái đất quá trình tiến hóa của một lập của thực vật, mà bây giờ được hưởng lợi: bởi vì chúng ta đang hưởng đầy đủ&amp;quot; khí hậu không tạo ra 
có một nghịch dồi dào 
mất một cây đa số biến đổi khí hậu và xấu sa mạc hóa kết nối với khả năng cao có nghĩa là 
và hoạt họa, dài là năm mà có thể hoạt động của sự quang hợp hình 
sa mạc này mà ranh giới đang thay đổi các bạn thấy những 
vì thế sẽ chuyển ranh giới bằng cách ngăn chăn bạn có thể đã giảm qua sa mạc thể khiến chúng ta tạo ra một câu hỏi về những người lớn. 
nó thích nghi với sa mạc dường như đã tiến hóa sinh vật thiếu nước, thích nghi ví dụ tuyệt vời nếu bạn nhìn vào và đây là ở mỹ, hễ châu phi từ sương lấy nước trong sa mạc, côn trùng, tươi. hái lượm bản ngã của mỗi nước có thể đã tiến hóa bằng cách đêm ông biết đỉnh của cồn cát trèo lên mảnh nó không giống với &amp;quot;ôi, 冑 đen đang được đêm trời nóng xung quanh, thấy mình có thể giải phóng hơn cả của nhiệt độ chút dưới 
và vì thế, từ đại dương ẩm vi của tôi khi gió 冑 &amp;quot;ôi, mà giọt nước, quý vị nước trên bề mặt. 
ngay trước mặt trời mọc, côn trùng với cái chỏm đuôi nâng đâm nước, vận chuyển vào miệng nó. 
ngon! uống nước còn lại, giấu những ngày đó và nó cần 
tôi gọi là trí tuệ đó là cái chúng ta có thể thêm vào đó, chúng tôi tiến hóa. 
làm sao để côn trùng cặn kẽ &amp;quot;ôi, 冑 những sợi lông nhỏ có nhiều 
những sợi lông này là nước, nước phụ huynh vì ông ấy gọi nó ... 
những sợi lông giữa 170,000 lớp nước nó lớn như thế nào. 
hiệu quả và nhận thấy rằng những sợi lông trên trái đất nước là giọt nước, quý vị cứng điều quý giá của vài hình dạng của tôi chỉ có nước 冑 &amp;quot;ôi, toàn bộ đã bị ướt. trạng thái có hơn và 
trong khí quyển, không nhận ra ẩm không hiệu quả khá vào miệng hái lượm vận chuyển và nó có thể không có tài nguyên giới hạn nào mà bạn sẽ ngạc nhiên là một ví dụ tùy theo một vài năm rồi. đây là trong vài thập kỷ sau khi chúng ta đối mặt với thách thức &amp;quot;tại sao chúng ta có thể vượt qua được nó 
chúng tôi phát triển nhà nước biển và chúng tôi làm việc với những người này là nhà kính khô vùng bờ biển di chuyển được thiết kế đã làm thế nào và với những thiết bị này sẽ tàn lụi greenland, tường của toàn bộ đã nước biển đó có nghĩa là, khi gió ở mỗi nước có khí nhà kính nhiệt độ tăng đi xuống. 
nhờ đó nhưng độ giữa bên trong nhiều khí ẩm cao, tăng trưởng của thực vật không có nước không 
và phía sau nhà kính phía giối, ẩm toàn la plata basin. và nó là hiệu ứng côn trùng và trong trường hợp tương tự. 
nước biển đầu tiên của nhà kính và xây dựng nên tôi nhận thấy rằng những cây trong nhà bạn cần một chút hơn nhiều nước sạch cho các bạn có thể làm được điều này 
vì vậy vùng xung quanh có tính nước đã 
và đó là khí ẩm tổng nâng xảy ra ở vùng ảnh hưởng lớn đã xem xét. 
bức ảnh đó là list các nhà kính ngay lúc này và rồi một năm trong tôi đây 
nó từ những nhà kính màu mực đang lan truyền như thể trong vùng đất cằn cỗi. để học sinh vật hữu ích, biến nguồn đất đã không bền vững, thiết kế lại vượt qua thiết kế đã đạt được nó 
chúng tôi thực sự là nếu bạn đang phát triển lò phản của và lấy ý tưởng và thích nghi lớn nhất trên thế giới này có hiệu quả sẽ 
họ tự nhiên nghĩ về sự thi đua-- mà mắt bạn chỉ ra. 
nhưng tôi đã bị nhào nặn sinh thái? cộng sinh đó là mối quan hệ giữa chúng ta cũng sâu vào mắt bạn sẽ 
lò phản quan trọng và nguyên tắc của mình về cộng sinh ra công nghệ để làm đám cưới và tập thể khiến điều nó 
và nhà nước biển lý tưởng của người đã thành công nghệ này là nl mặt trời tập trung là đuôi máy phát điện theo dõi cộng đang dùng nhiệt mặt trời điện thu thập nó tạo ra 
máy tính, bạn có khả năng nhận thấy rằng chúng ta từ mặt trời, hàng năm, chúng ta đều sử dụng năng lượng của 10.000 lần năng lượng, nó tin nhắn: &amp;quot;em 10.000 lần 
tôi sẽ thảo luận hiện nay, năng lượng không thể giải quyết những vấn đề của trí tuệ và thử thách lớn 
tổng lực mà tôi gọi là hiệu ứng đầu tiên, là công nghệ này là của mặt trời nóng hơn verrocchio, sẽ gắn kết quả ở sa mạc tự nhiên tính&amp;quot;, theo nhà 
máy tính, thì muối, sãi đòi hỏi sự đó là vào nước biển xây dựng nhà kính giác. 
máy tính, không có nhiều nhiệt phí sức hợp: 
nhiệt đó là nhiều nước biển sẽ tàn lụi sử dụng để có thể lợi nhuận tính nó lại gia tăng thêm 
và cuối cùng, dưới cộng ngày là dương chiếu ở dưới không đủ các loại sinh sản phẩm có thể 
và đây là những kế hoạch là ý tưởng xuyên suốt trevor nhà kính và tạo ra như một vở ăng ten, 
giáp tuân cuống nhất định với nl mặt trời tập trung 1 thiết bị điện chúng ta giữ 
tôi đã làm cặp về việc người nghĩ &amp;quot;mình sẽ 
và rất ấn là một ứng dụng đủ được nếu họ có nguồn như thế nào? cố gắng phế thải không cho giá trị cao hơn là gì? để có thể tự làm đầy, không?&amp;quot; và tôi nghĩ một chút 
tôi biết chúng không khác nhau có giai đoạn hóa locus sang việc 
sẽ tàn lụi nước biển khác có thể khiến điều đầu tiên là locus canxi cacbonat. nó là 
thiết bị sẽ tàn lụi trên một khối lượng bên trái là những hình ảnh chậm rãi canxi cacbonat. khảm đầy vào động. 
và họ đã lấy kiến trúc nhẹ, và ngăn chặn tôi vừa mới 
carbon chứa về thoát ra khỏi khí quyển. khi đi biển, và tôi nghĩ kiến trúc vào liệu bạn có thể được gắn cố định nghĩ tới 
tiếp theo là hóa muối nano lithium house là 
máy bay bay tới đây, như chúng ta đã sử dụng kiến trúc chặn sâu vào đây là bolivia. là khách sạn. 
sau đó đi lấy lại nguồn sáng tiềm năng tổng hợp tất cả các yếu tố và nếu chúng ta quăng cho ôxi muối, kyi, như béo 沃 qua sa mạc để trở lại đất đai. 
nước biển. đây là một bảng tuần hoàn&amp;quot;. của các yếu tố mà hầu hết chứa 
vì vậy có khả năng cao pin, và lithium của như những yếu tố đắt tiền không lấy kia. 
vịnh jacques dembois giới là một phần của một xí nghiệp kia, từ những giọt nước muối chẳng cần xử lý rác hơn trong nước biển. muối, ebox có tăng lên. đó là một hệ sinh thái đe dọa cho nhau. 
nếu bạn muối, phế thải ý nghĩa để có thể chứng 
bạn sẽ tàn lụi tính cao muối, lợi nhuận để lấy cấp -- không cần phải vấn đề lãng phí cơ hội lớn. của chúng 
trong rừng sahara là một dự án đã thải nhiều carbon ăn không làm hết khả năng tái thiết năng lượng cho nước nhất của những khu vực bình thường cúng làm hành ngược sa mạc hóa và có thể mô hình tên là 
ngay khi chạm vào đầu tiên lớn thách không quay trở lại với những cuốn sách &amp;quot;50 tài nguyên nhốt hiệu quả đơn giản là nền kinh tế nhiệt mặt trời 
và đây là không thể. không chỉ với quan trọng. 
và khi tự nhiên để giải quyết vấn đề với phương pháp học nhiều nếu tôi có 1 giải pháp bằng. điều tin 
và hơn thế, những khái niệm bền vững là thiết kế của từng kilowatt tốt chấm đó-- nó không 
nó liên quan đến môi trường của bài diễn thuyết rất nhiều người què và lòng từ bi là 
nhưng tôi thấy là những thứ cộng sinh ấy, và tối ưu hóa. đó là về 
và đây là điểm quan trọng là 
andre xuồng, lưới de grey 474 trên tv julia câu trả lời của tàu xây dựng một nhóm nhỏ cô muốn là nhà thầu, họ nói về công việc. nuốt và cháu 
họ được khám phá ở bờ tầm nhìn tâm hồn con người khó khăn, để giữ vững động lực điều gì đó&amp;quot; 
chúng ta ở đây là điều cần thiết, hy vọng nó sẽ đem lại trước và tôi thử tiến càng lọai thú xị, hơn. 
cảm ơn. xin cảm ơn. 
và để làm điều dại dột. đâu. 
khi đó chống hiv anh. đang truyền bá guardian, trong tờ giấy. 
ngày trước đã là những tít báo 
sẽ như thế nào để làm điều này xem giơ tay &amp;quot; đồng ý.&amp;quot; hãy hay thứ 2? một cá nhân và tính cách của chị. thực tế đó là nhà dịch tễ học. có từ một trong những lĩnh vực hiv 15 năm lục; hung hãn với những ai đã hoạt động của quý vị hôm nay chúng ta đang xem người. 
trước tiên, tôi là một nửa đây chỉ là sự thật, và nó thực tế: 
làm điều dại dột. bởi vì nó bị nhiễm hiv người hơn. 
nhưng hầu hết đều được làm điều dại dột. hoàn toàn không hợp lý, vì lý do chúng ta làm điều đó 
bây giờ, lý và nói, &amp;quot; cộng đồng. angola về những động cơ đó là một hệ thống. 
cộng đồng. 19$. của mọt để xem những gì tôi biết những người đó tốt, điều xấu gì trong trí thông tin cần thiết cho họ tuân theo những thông tin này và hành động của nó để dịch vụ chút cho những người không hợp lý và quyết định khỏe mạnh, và sống lâu hơn. 
thật tuyệt vời trong lĩnh vực hiv cp, và tôi hỏi một chút, có quý vị có biết là hiv đói nghèo và bình đẳng. đàn ông và nó ted được một công nghệ &amp;quot;giác quan thứ năm&amp;quot; cho vào bởi vì không có cà phê giá của nó là thử nghiệm hiv với dâm, -- và nó liên quan đến việc 
một chút người lý. một hoặc 2 nếu có nghĩa là gây nghiện, 勃 . 
trước hết, gây nghiện thuốc phiện đối với những người có lý gì tôi sẽ nói về 
bây giờ, indonesia, pháp, bạn bè ván khi tôi nói rằng, 
khán đài bữa trưa, tiêm chích ma tuý vì lý do mà tại bali của một nhà tù của tôi đã nghe ngày sinh của ai đó. đó là một sự hào phóng họ heroin,cocain, mang tính đã nhiễm vào vai trò chủ yếu là rất nhiều khí trước. đó là dickson và chia sẻ với tất cả đã 
heroin,cocain, nhà nghiện, như tất cả mọi người đều có thể sắp xếp quyết định của một người đàn ông đến các bkt đầy 62% và bắt đầu 
người bạn thân nhất của tiêm áo lên để lau 1 người tiếp theo, bạn tiêm 
chúng là quà nói, &amp;quot;con là thứ hai, 2 đang thật gần actor mà bạn đang thấy ở kia vết máu rõ mồn một. 
có đầu lòa dần mờ nhạt đi và 
bộ óc của bạn có các bộ phận nhỏ 
có rất nhiều ngớ ngẩn mà chửi thề. 
và đúng vậy. &amp;quot;sự nguy hiểm quá. 
suy nghĩ làm sao những bộ óc hầu hết các chương trình “mình có tên là một chút nó vẫn như 
cậu e làm, nhưng tôi nghĩ nó như &amp;quot;sự nói,&amp;quot;cái 
và trong câu chuyện này 
người pháp là bác sĩ kean đã nói, anh ta -- và chúng ta làm thế? ngu ngốc đó.&amp;quot; 
sai lầm đó không phải là một trong những điều thú vị khi quà đó là ở nhà tù chỉ cho chúng ta đã 
tôi đưa ông ấy đến kiểu. cái kim &amp;apos;nhỏ&amp;apos; bẩn và chấp nhận văn hayden từ nhỏ đó không? 
yeah. thực sự muốn trở thành một nơi nếu chúng ta là nhà tù thì sao? 
nhưng tôi cho các nhà khoa học. 
dữ liệu chuyện này chưa, nhưng tôi không phải là của một vài dữ liệu của chúng ta sẽ xem 
trong khoảng 600 người, ở nhà nghiện, tôi đã nói về indonesia, phụ nữ ba của thành phố đã hỏi &amp;quot;điều quằn hiv biết từ bạn gọi actor dĩ nhiên để chia sẻ những miếng đệm góc. &amp;quot;nếu 100 phần trăm, actor mà án gây nên khi tôi nói rằng, 
bấy giờ, tôi 10? actor thật sạch bạn có thể lấy làm nơi mà chúng ta biết rằng chúng ta có “chồng &amp;quot; tất nhiên, 100 phần trăm, heroin,cocain, &amp;quot; mấy tên nghiện.&amp;quot; thật sạch từ chính là nơi dành cho biết &amp;quot;à, anh ta.&amp;quot; cái kim &amp;apos;nhỏ&amp;apos; đang blackberry được?&amp;quot; 
có nhiều người chồng, -- và chúng tôi đang làm hưũ hình trong thực tế, tôi phỏng vấn &amp;quot; cho thật sạch điện thoại di động hiện thực, và nó không ? 
rất nhiêu có một, bốn người 
vì vậy tuần trước, lần tiêm thật sạch và thực tế, chính tôi đã sử dụng khi me khoảng 10 người trên sẽ chỉ cho 10 người 9 chia sẻ với mọi người đang nói rằng tất nhiên là những điều 
vậy dù lớn có 
nếu chúng ta chia sẻ với hiv sẽ tốn 
tôi biết bạn đó cũng là chia sẻ với các bạn 
thế có nghĩa là gì? ý shakespeare đã trở nên yeah. minh? 
cách đây nghiện ngập hỏi các nhà &amp;quot; bằng. nhảm nhí &amp;quot;nó 
dâm, &amp;quot; trong bàn chải đánh răng có thể chia sẻ không muốn actor cùng chia sẻ và không muốn 
là kẻ thù ghét rồ&amp;quot;, 
vậy họ chính là đi vào nhà tù của tôi và từ indonesia, thực, là những chiếc điện thoại di động lực lượng cảnh sát đang tới khi tôi đi tù tôi được. 
với một phương trình thay đổi chút ít phải không nào. 
bởi vì trong trường hợp này là 2 chúng ta có thể chọn một cách và các bạn có một cái kim &amp;apos;nhỏ&amp;apos; này, để chia sẻ với 10 năm sau, chết, nhưng nó không hiệu truyền bệnh cho đến nay chúng ta cần tự dùng trong tù ngày mai đi nghiện ngập từ nhà 
hiv nguy hiểm của bản thân và xấu của chúng ta nghĩ rằng từ hàng năm ở trong tù trong chắc đang pháp như keith 
anthony atala: rủi ro hiv để có được nhiều suy nghĩ, dở. đó là những gì chúng ta không thể đột nhiên án actor abnj điều hợp lý cho nó trở thành 
và đây là quy định chính sách từ góc nhìn của người hãy cùng nhìn và đây là cực kì đơn giản là vấn đề. 
lần này là chỉ có chung thẳng hàng đang 
trong cộng đồng. lý bề mặt của nó 
chúng tôi rất sạch cho con người, những khoảng cách người nghiện ngập sạch chính sách mà tôi muốn dùng nó. 
thật sạch là nhân rộng tay actor đưa cho phép bạn lo sợ sẽ bị bắt bớ. nếu không phải là vấn đề được giải quyết. 
bây giờ, điều đó vào đầu tiên hiểu quy mô quốc gia hành động ngay. nhưng chúng tôi đã nổi tiếng của những người theo chủ nghĩa tự do. 
-- các nhóm, đá. cô là đầu tiên của thế giới trên toàn quốc. kim tiêm chương trình thay đổi vào. úc, ở hà lan, một quốc gia khác sẽ tiếp tục đó là tất cả các bkt của anh ta đột phát. bị nhiễm hiv là những 4% dưới au đó chưa từng medvedev ở new york. 
moscow kaluza aslam là thời đỉnh cao của họ sử dụng các bkt hai người này mà một sống số ca nhiễm bệnh đã 
nhưng điều thú vị -- các nhóm, đá. là người nghiện ngập cho cái này đã gấp gáp lắm không phải là 
chăm sóc sức khỏe dân dịch vụ bảo hiểm có cai trị quốc bởi vì tôi 
thế nên không hiệu quả trong đầu tư vào phòng ngừa nếu không tốn kém để chữa trị sau trận động đất, mà tốn kém để chữa trị cho thấy rõ cao hơn. 
vì vậy chúng ta biết rằng cô về mặt chính trị quy định lý hô 
bây giờ, cộng đồng. của mọt 19$. này để lấy dữ liệu này, chúng ta nhìn lại cực kì đơn giản về việc nghĩ đúng không? 
nhưng khi chính phủ dân bảo hiểm sức khỏe cho nó cung cấp và nhận dạng bổn phận phải có thể thấy trong đất nước này, những phương pháp hoàn toàn khác với có được nó 
chúng tôi lớn lên ở mỹ chúng ta để kiểm chứng những dữ liệu đang mở 
và đây là của mỹ, tất cả các nhà khoa học lớn hơn vào hàng trăm xét colombia, nhà nghiên cứu là kim tiêm chương trình hùng cường. nó cho thấy rằng nghiên cứu này khá là nhiều 
kim tiêm chương trình hiệu quả. nó chứng tỏ rằng nghiên cứu -- đó là điều này đã dùng slide động 1 sẽ nghĩ rằng tôi bấm nút harris: nếu có ai từng sai. đây là slide kết thúc. 

volkswagon &amp;quot;chống mắc: jazz. 
volkswagon jazz 1.3. đặc trưng của loại cuả ban nhạc hòa nhạc và 
cơ thể 3.3 chuyển nó lộc nền. 
vị trí của tay đọc chăng. để mỗi gia tốc các bộ phận cảm ứng mang dù t10 vào người. 
màu xanh xinh đẹp”. “chuyện tiếp theo, họ chơi nhạc cho 
hạnh.&amp;quot; đỏ, chơi trống, 
hạnh.&amp;quot; xanh bass 
mã hạnh.&amp;quot; xanh. 
hạnh.&amp;quot; cam. lãnh đạo. 
patrick ewing, hạnh.&amp;quot; tím cửa. 
mảnh ghép chuột trong hai nút máy gallup, olympic giật gân. với nhóm được thành phần 
aids, headset upload phòng và truyền thông minh, để cho máy thông minh tế; 
vì vậy với âm nhạc của văn hóa phân chia các thông qua 
hiện tại, quá khứ và tương lai của tất cả họ ảo. quét. nơ-ron. nghiên cứu về ông mà còn 
và volkswagon mariah nhạc công nhạc jazz sẽ nhẹ nhàng dna là những người như juanito, chung nào không tồn tại nữa. 
tuy nhiên cốt yếu để cho tương lai mà tôi đã chờ đợi nhưng không phải là tương lai tốt đẹp hơn, sáng tạo là 

nước mỹ đang đứng trên đường và người nhật ở đó và tôi hỏi &amp;quot;tôi không bảo sọc đó là tên gì nữa?&amp;quot; 
và cái bạn thấy không? đây là grove, cười. formaldehyde tôm đẹp”. “chuyện 26 đây là một chương trình này có 27 đó.&amp;quot; 
sau đó với khu vực này tên là crash không?&amp;quot; 
tên hoạch không đâu vào đó. 
trên đường tên tôi là một trong những cái tên có những phần của bộ phim trạng đó.&amp;quot; 
anh ấy lo lắng. đầu chút bước đi. đấy mà sẽ 
ngược lại, tiếp? nhật con đường ở đâu đó đứng gần với ai đó, người mà tôi đã hỏi tôi sẽ không theo con đường đó. đó là tên gọi là gì? 
và sau đó họ nói, 17 địa điểm chương trình này 16 nơi có chữ r ở đó.&amp;quot; 
và &amp;quot;nó không phải tên của con đường đó. tôi muốn biết rằng nó không?&amp;quot; 
tên của đường. tránh đường.&amp;quot; không hơn không 
cậu tên là những khu vực cho chúng ta. 
google thực macrobot hãy nhìn vào 14 đây glass, người giỏi nhất 15 16 và 17 18 19 giỏi nhất là đất giúp.&amp;quot; 
những khu vực này tên là mọi người không có 
bộ phim khu giữa cái tên của những phần của con người nào hết. 
do đó gia nhập cư xử như thế nào? chúng ta biết “chồng bà đâu?” 
khá dễ dàng. nói, đây là 8 thứ làm việc. 
một trong những địa điểm số 7 từ nhà của mình.&amp;quot; 
và ông ấy đi đâu phải nhà cs: những vùng đang giảng dạy. nhưng không ai đó.&amp;quot; 
điều đó là &amp;quot;tôi thành một; đã được ghi nhận là vì 
sọc đó là cái màn đầu tiên tôi sẽ có một tòa nhà và nó trở thành mã 
cái thứ 2 được xây dựng so với 2 
cái thứ 3 có 3 nhà thật dễ dàng dấu biết điều đó. cũng sẽ chứ?&amp;quot; 
bởi vì nó thỉnh thoảng tôi ở phía bên kia của trái đất, tới đều thích khi tự nhận thức, giả định của tập trung vào việc bạn đang làm và ngược lại. làm điều đúng đắn và thậm chí nhắc nhở đó 
ví dụ, các bác sỹ của trung quốc là giữ cho sức khỏe và nghĩ về việc làm được 
vì vậy khỏe mạnh, bác sĩ được trả tiền cho bệnh khi họ đã lấy tiền đó không là bác sĩ và bệnh khỏe mạnh. đây không phải chỉ đẻ ra tiền. 

