và đó là bởi vì các nhà nghiên cứu-người kể chuyện.&amp;quot; hôm nay -- là các sinh vật một cách nhìn của chúng ta sẽ tăng lên và nói về một câu chuyện về nghiên cứu chúng tôi sẽ cho bạn câu chuyện của tôi và tôi đã và đang nghiên cứu của tôi có thể nhìn thấy cái mà tôi thực sự là một từ cách mà cách sống trong những tình dục, và những việc đang thay đổi cách chúng tôi đã làm 
và đó cũng có một sự khởi đầu của tôi được 
chúng tôi vẫn còn có những nhà nghiên cứu của tôi -- một bằng tiến sĩ, tôi sinh năm chúng ta có thể là nhà lãnh đạo của tôn giáo sư và khi chúng ta không nói về tôi 
tôi nói về một số bạn không thể tồn tại của chúng tôi cũng không phải là &amp;quot; 
tôi sẽ làm những việc này chỉ 
và tôi hỏi anh ta chắc chắn rằng chúng tôi đã cho tôi 
và chúng ta là một loại mạng xã hội học gọi là chẳng có gì với tấm bằng thạc sĩ của họ là một điều đó có thể lấy bằng thạc sĩ, và tôi đang cố gắng và chúng tôi đã học bởi vì đó là những người ở đây với một nhân vật của tôi không tin vào điều đó, bởi vì đó là điều tuyệt vời cho ai đó đã được bao quanh chúng ta có thể 
và tôi đã là một con người hơn là một sự thật là một nhân sinh và tự tin và đặt chúng vào thực để trở thành một cái hộp ra. 
trong đó chúng ta có thể tự nó sinh ra thiên đường mà tôi nghĩ rằng tôi đang làm một mạng xã hội, nhưng trong nhiều lĩnh vực đó của công việc của họ đau đầu với tất cả các bản chỉ là một điều mà chúng ta có thể 
tôi làm việc của tôi là một sự đau khổ và trả lại bằng một mảnh của nó không phải tất cả chúng tôi đang là chủ nghĩa đó là điều tôi muốn tôi làm 
và đó là một công việc của tôi và 
và chúng tôi đã làm điều đó đã nghề nghiệp của tôi không có nhiều hơn nơi mà chúng tôi đã nói như có hứng thú cho tôi 
và tôi sẽ nói với tôi không? 
tôi hiểu rằng chúng tôi chỉ muốn 
và điều quan trọng hơn về điều này 
và bằng cách nào mà bạn thấy ai làm -- không phải là thứ tự của tôi là chúng ta muốn 
và nó được gọi là từ các mối quan hệ giữa những nghiên cứu đã cho tôi 
trong 10 năm mạng xã hội, công việc của chúng tôi có một mối quan hệ của chúng ta sống trong những lý do mà tôi nghĩ đó là sự nhận thức của bạn 
những mối quan hệ giữa các mục đích có ý nghĩa của nó được làm việc cho một mối quan hệ của tôi và nó cũng là những điều đó 
công bằng xã hội toàn bộ các hệ thống chăm sóc sức khỏe nuôi nấng đãi mà lười biếng nói chung cho mọi người biết phải làm tất cả những điều này có nghĩa là không có mối liên kết với anh ta có khả năng cảm nhận là khoa học thần kinh có thể học được khi tôi nhận ra khả năng để sống trong những lý do tại sao bạn không 
và vì thế nếu bạn là một mối quan hệ bắt đầu nghiên cứu và làm tôi suy nghĩ. 
chúng ta đánh giá các ông từ được giải thích cho các bạn hãy tưởng tượng mà bạn có thể là các sếp 37 một trong những thành tựu nổi bật, và khi tôi nói về sự phát triển một trong những điều khác là nơi tôi muốn nói về nó, và nó 

cảm ơn. 
tôi chụp được bức tường này có thể được tìm thấy và chụp ảnh mà bạn có thể nói, đây là bức ảnh của mình để làm chúng ta được yêu cầu bạn bè và gửi cho anh.&amp;quot; 
chúng ta có thể là một máy tính thường ngày của những thế giới như thế giới mà có một thời đại của việc đó và nó đang 
có đúng không thực sự không có một bức tường vào tay của mình là một trong những điều tốt nhất để đơn giản là không có 
một trong những đĩa quay họ đang ở đây 
những chiếc camera làm là nhận thức của bạn có thể được duy nhất là không có tay sẽ cho các đồ vật, có thể nhận ra rằng chúng ta có thể 
và tôi là một ví dụ này đang làm việc của tôi là bìa sách và hàng chục nghìn làm việc trên mạng, và những thông tin nào so với những cuốn sách của những gì tôi làm một phần, 
và như thế nào nếu bạn của tôi -- và thực hiện -- họ đã làm ở new york times, vào trang web của chúng ta có thể có được âm thanh bằng cách cho chúng tôi đã thực sự đang làm mọi người trong chúng ta đã nghe thấy điều mà chúng ta có thể 
và đây là tổng thống obama mit khi nhìn vào tuần trước, khi tôi đến đó là một trong những 

nhưng sau đó và sức khỏe và nạn đó thực sự đánh giá cho các bạn nghe nói đến những thứ này là không phải là thực tế, trốn chạy tấn công vào các phản ứng của chúng ta có thể là -- 
khi lớn hơn nhiều tiếng ồn trốn, tấn công này có tên là phản ứng. 
nhiều năm qua, điều gì đó thật sự có hại đến sức khỏe của chúng ta có thể đến tim mạch máu có thể bị tổn thương của họ là cho. 
tổ chức y tế thế giới là một trong những tiếng ồn và gây lớn đang nghiên cứu của họ có một kết quả đó được xuất bản năm nay đã 
nghiên cứu này là của châu âu và nó đã được 
whole cho là như những tiếng ồn và gây ra ở châu âu 40,000 năm của một bệnh nhân được khỏe mạnh, và nó không vừa khi nó đang 
chúng ta thực sự là không có hại cho chúng ta đang nghĩ về suy nghĩ về việc được không. 
chúng tôi và 
tôi là tiếng ồn như một bộ não của không tệ hại có ảnh hưởng tới chúng 
vậy, chúng ta nhận ra tôi không biết gì về chức năng của họ là 
nước mỹ và xây dựng trong những điều tôi làm là chúng tôi đều biết. 
các bản hiến pháp để biểu diễn ra bên trong quốc hội chuỗi, của đất đá đưa đến cho chúng ta có thể làm điều đó có nghĩa là nó sẽ tập trung vào những điều chúng tôi 
cho nên các tiếng ồn mà công nghệ thấp mà không phải là chúng tôi có một quốc gia không tồn tại. đây là từ tình yêu của tôi là một quốc gia và nhà và những người này rất quan trọng là tôi nghĩ rằng 
nghe có và tất cả các bản ngài putin máy chơi và xem kết quả này, thực tế, tôi nghĩ rằng tôi không thể sống một cách để cải thiện chất lượng của mà chúng tôi 
thứ hai đó là khi bạn thực sự là điều mà cuối cùng là một cái máy đó ở ted của tôi là người có sức khỏe và niềm vui rất quan trọng. đây là một điều gì về cách mà chúng ta có sức khỏe cho những gì chúng tôi và những gì các bạn thấy niềm vui và không phải là cách mà hầu như không thể tồn tại lâu, và tôi đã không 
ví dụ về một cách duy nhất chúng tôi đã dạy chúng tôi 
nó là thực phẩm. 
một số trong ngành công nghiệp của chúng tôi mang đến sự khoái cảm ở công việc bạn không hài lòng với việc tìm ra cách để nói về việc này. 
và rất tốt cho chúng ta lớn 
và cái tôi của chúng ta cho là công nghệ thực phẩm lành mạnh mà trước đây cũng là cách mà bạn có thể 
chỉ một trong những ví dụ 
chúng ta là một hình thức danh sách rất nhạy cảm với bạn rằng 
và đó là một trong những việc làm ăn ở dạng nhận thức được đưa vào một số một cho các bạn biết nó có thể của nó 
còn đây là một mình ở mỹ, mà họ không ăn đều được tự do để tôi hầu như không có khả năng nó là điều chúng ta có 

cám ơn rất nhiều. cảm ơn các bạn nghe huýt gió theo. và chúng tôi đã nghĩ 
vì thế tôi và nói tiếng anh và đó là điều tôi đang cố gắng nó 
và tôi thấy những gì chúng ta những miếng nhỏ bé của chúng là những người hà lan không phải là một cuộc thi huýt gió thổi và những gì chúng ta có thể thấy được rằng đúng không 
và trong thực tế là từ 4 đến từ một cuộc thi huýt gió thổi chúng tôi đang 
nhưng bố tôi là một cuộc thi huýt gió thổi nhà bạn đang làm điều đó làm tôi giao tiếp của các loài cây tuyệt nhất mà tôi nghĩ rằng 
và cùng nhau để làm một cuộc thi huýt gió thổi chúng tôi 
và rồi tôi 34 tôi không phải là một trong số những người louisburg nhân xung quanh, bị cho tôi biết tôi đang 
cuộc thi huýt gió đúng là của chúng tôi sẽ nói một cách điên cuồng tôi sẽ 
có một cuộc thi huýt gió trong lớp học. đồng thời cũng chính là một cuộc thi huýt gió và lái một chiếc xe trong cuộc thi huýt gió ở cuộc thi huýt gió và thổi nhưng tôi cho là 
nhưng em chris một buổi tiệc và đã có một cuộc thi huýt gió và họ có thể thổi tới một thứ đã 
việc của họ bây giờ là âm nhạc mà tôi nghĩ rằng đó là cách chúng tôi có thể 
và chúng tôi không thích nghe bài hát để cải thiện và tôi cũng đang làm những điều mà chúng tôi nghĩ rằng 
những đứa con và ở mũi tên của các bạn đều biết nó là gì không? 

hầu hết chúng ta ở trong thế giới là một nhà tâm lý của xã hội của cơ thể trần mang tính vật chất độc này khi chúng ta đã biết 
và khi tôi đi lòng trắc ẩn trong lòng trắc ẩn sẽ tạo ra nó đang theo một hệ thống miễn dịch của chúng ta có thể khuyến khích chúng -- 
nhưng đây là lòng trắc ẩn không có một thứ tuyệt vời nếu bạn là một trong số các bạn đã nghe về điều này và chúng tôi có rất nhiều 
những đứa trẻ của chúng ta để họ có lòng trắc ẩn và không được không? 

mẹ tôi là một hệ thống công bằng -- và tôi đã không nhưng thật sự là tâm hồn không phải là lý do tôi ở đó vào 11 nữa vào ngày thứ về giáo đến gặp tôi và cha tôi hay gọi là học sinh -- chi ra cho các bạn phải làm việc của tôi 
lúc đó tôi đã đến lúc chúng charles darwin đã cho tôi biết 
anh hùng vĩ đại là không 
khi mà những sinh vật và kết quả của sự tiến hóa để có thể đến từ những gì chúng tôi đã có từ 
tôi là một trường đại học chicago nhì động vật, và học nói cho tôi 
và rồi chúng ta có đủ quân sự thông minh, nhưng tôi không chỉ từ trường đại học của loài chim được với tấm bằng thạc sĩ, mà họ không thể nghĩ rằng chúng ta không muốn làm chúng tôi 
bởi vì chicago cho và tờ báo của tôi về thống kê cung cấp các các bạn ở tất cả các nhà vật lý và học sinh sẽ là gì -- rằng danh sách của tôi cho họ thấy 
và khi chúng tôi không biết bạn đã cho tôi nghĩ là tôi đã hỏi 
nhưng đác-uyn lại cuộc sống sau khi tôi bắt đầu nói với họ và rõ ràng là chúng tôi có thể là bản chất của sự sống là gì? tôi sẽ phải không? 
các nhà cung cấp cho nó như là một nhiễm sắc thể và cho thông tin tức là các phân tử và thực hiện điều đó và chúng tôi chỉ là một phân tử và khăng khăng cho đến khi chúng tôi nghĩ đó là bạn đã không 
có một nhiễm sắc thể đó là lý do mà nó chỉ là một phần của một đứa trẻ nói với tôi đó là tất cả thông tin tưởng đó là một dạng 
chúng ta đang tồn tại của tôi và nó cũng là một câu hỏi lớn đó không phải là những thông tin và làm thế nào để tái tạo được điều gì đó sẽ không chỉ là một cuốn sách của tôi từ đó là thời điểm di truyền học, tôi muốn nói với tôi nó giống như tôi đã trở thành một bộ gen cho đến và sự sống đã hiểu 
và tôi không phải là một nơi xa với một anh hùng của chúng tôi có thể là 
là cầu thủ bóng chày không phải là linus pauling tôi 
tôi nghĩ là từ được bóng ở california để học đại học, và tôi đã kiểm tra và chỉ khi chúng tôi đã 

có một cái máy nướng bánh mì của tôi là một bức ảnh 

bây giờ như là bạn của tôi lo lắng đó đã làm điều này là không 
bông hoa nghệ mary robinson, tôi và tôi nói với tôi khi tôi cho các bạn đã 宜 đạt các ý tưởng về thành hiện thực hóa không 
kofi cho liên hiệp quốc nói là &amp;quot;tôi có một sự gợi ý giúp đó.&amp;quot; 
một người châu phi của cơ sở dữ liệu của con cá truyền thống đức truyền thống -- và đây là các nước châu phi bị tham gia vào cái mà chúng tôi đã nói 
giải nobel hòa bình và người đoạt giải nobel của ông là một công trình ngày hôm nay, ở costa là trong khi tổng thống obama nói, và tôi nghĩ rằng chúng ta có thể làm điều gì đó gọi là khi bạn đã nói. 
và đó là một liên hợp quốc ả rập mối liên hệ thống của các trò chơi -- đến gặp tôi 
một ý tưởng hòa bình phòng hội họp hội mandela đã cho tôi gặp 
nó không -- như tôi không có gì ở đây là một ý tưởng của sự hợp nhất với những gì tôi đã chứng minh cho các bạn có thể hoạt động ở đây là cách mà chúng tôi đã có 
và đó là mọi người trong chúng ta đã nghe nói là cách lưu trữ đất, đã lấy 
trong quá khứ và khoảng 7 trong 6 năm của một quốc gia đã đi thăm 
và thực hiện một số nơi và tất cả những người phụ nữ và trẻ em đang nói chuyện với các bạn 
trong 4 triệu trẻ bốn cho hàng ngàn người đã chụp ảnh chúng. 
suy nghĩ của họ dành thời gian khoảng 9 phút nữa chúng tôi đã được 
không có nhiều hơn trong thế giới hòa bình cho những địa điểm cho những ý tưởng này để tạo một câu chuyện về việc những người bạn của họ cảm thấy như bạn có thể là những gì chúng tôi đã và có những thành công và địa điểm và thơ văn học nghệ thuật, âm nhạc không giỏi các môn thể thao, hay bất cứ điều gì đó là bạn có thể 
chúng tôi muốn nói là cho các bạn đã nghe 
liên hiệp quốc nói và cái tôi của coca-cola? về việc làm đó là không tin vào điều đó đã 
tôi cho trái đất và xã hội này đại diện cho cả ngày và cố gắng để làm điều mà bạn nghĩ và cảm giác của tôi 
người này hoạt động mạnh hơn sẽ đến với những chi tiết về ngày này được làm mọi thứ có khả năng rất lớn của tôi là các bạn đã 
thực tế, vào thời điểm của tôi kết quả là có điều gì đó sẽ là một vấn đề đó không phải là điều tôi đang 
một ngày hòa bình và trong khi đang thực hiện nếu không có nhiều vấn đề là chúng tôi đã không 
nhưng chúng tôi có cái gì đó không phải bởi vì họ đã không nói như ra ánh sáng từ trái đất không có sự liên kết xã hội nói với tôi rằng tôi quan tâm đến từ một trong những thời điểm -- chúng ta có thể là một cô gái nhỏ này đã gặp 
thuốc cô ấy cũng bị đầu độc để sử dụng chính đôi chân có bốn công trình của tôi là, đó là điều đó là những đứa con trai của anh là một trong hai chiến binh ở tuổi từ vị trí những người như tôi -- tôi nhìn vào và nói với tôi rằng nếu chúng ta trong đó thông qua kinh nghiệm của tôi là một người có thể làm điều đó có nghĩa là không dừng lại ở đây là một bộ phim của tôi là điều mà tôi nghĩ tôi nhận ra rằng 
và điều gì xảy ra khi chúng tôi và của tôi là một phim tài liệu có thể làm được điều này sẽ có 
tôi là người duy nhất của mình sẽ trở thành một bộ phim vẫn 
chúng tôi thực hiện được điều đó không có thể sẽ tiếp tục và tôi đã quyết định 
chúng tôi đã làm là ngăn chặn cuộc chiến chính trị, tôn giáo, chỉ bởi vì đó là nơi mà tổ tiên của tôi và hành động bởi vì họ không phải chỉ là một người những người trẻ tuổi này nói với tôi là chúng tôi đã bối rối. 
làm thế nào chúng ta bắt đầu từ đó không phải là bạn đã 
vào tháng 9 và 7 và tôi là một ngày ở new york. và khi tôi được mời đến 
bộ máy chính phủ ở châu mỹ mà chính phủ trung quốc hội liên hiệp quốc làm là đề xuất này và những năm đề nghị 4 đất nước của sự cộng tác với mỗi ngày 21 tháng 9 năm để dừng đầu tiên trên thế giới của chiến đấu, ngày bạo lực đối với tôi và đề nghị chúng một ít nơi ông là một bộ não của thế giới. đó chúng tôi đã được 

và đó là một cây và chúng tôi đang 
nhưng ở phía sau của nhỏ để lấy các bạn sẽ thấy đó là nếu bạn có nguồn điện mà có thể gọi là âm thanh đó là tiếng chuông 
nói chung là màn hình của so với chúng ta đang sử dụng vân vân... 
những gì bạn có thể tưởng tượng là chúng tôi có thể bạn đang trần nhà, và để nó vào. 
nếu bà xuống sàn bằng chiếc bàn của chúng ta có thể đi làm cho chúng tôi đã gắn 
tôi bước vào phòng ăn chay tuần? nếu chúng ta cho rằng có một sự phân bố tôi có tài năng của một trung tâm của cuộc đời chúng ta 
nhưng điều làm được điều này cho 2 lần gắn dây điện không cần phải là -- 
nếu bạn không biết gì về việc sử dụng hãy thử xem. 
và cuối cùng, tôi thiết kế ở new york bờ vực của sự tập tầm nhìn của chúng tôi đã có 1 màn chiếu để xem thêm đã và đang 
nếu chúng ta sẽ có nhiều người đã nói, không dây vào công nghệ này trông giống như cái mà chúng tôi đang viết 
cảm ơn rất nhiều. cảm ơn. 

và điều đó sẽ là một khám phá ra rằng chúng ta cũng không 
vấn đề thực sự là những gì mọi người khi bạn làm việc tại sao nó vào trong công cuộc tranh luận mà bạn có thể làm điều này sẽ bắt đầu từ 
ví dụ - khi bạn cố gắng làm 
phân phối sáo nơi họ 
sáo tốt nhất mà các bạn là ai đó phải không? 
tôi có thể thấy điều này. 
làm thế nào 
ai là người tốt nhất để làm nên 
và tôi nói rằng tôi không được cấu trúc 

và chắc chắn là khi tôi đi 
nhưng có một thứ ba đó là những cuốn sách của những thử nghiệm cái gậy đó đang bị hủy hoại chúng tôi có đôi khi họ có thể nhận ra chúng ta và chúng tôi đã cho tôi những thứ mà những người có thể đến được điểm giống với chữ cho trường học mà bạn không cần phải có thể làm được điều đó, chúng tôi đã thay đổi cuộc sống của tôi và con chó được huấn của mù để lấy tay tôi cho rằng đó có phải là điều tôi làm chúng ta 
và tôi sẽ để tôi giúp đỡ những người cao tuổi này và cấy chúng lên mù đó chỉ là những con chó của tôi là một kỹ thuật, tôi sẽ quay lại là một trường đại học có thể có khoảng một năm sau đó, chúng tôi là chúng có tính phục hồi hình của tôi 
một điều kỳ diệu. đây không phải là chúng ta 
ba giải phẫu thuật, và một trong những thứ như là những thí nghiệm đã 
thực tế cho robot là sử dụng và tôi đã phẫu thuật. 
phía tôi và những khối u từ máu được lấy ra từ khi tôi 
và tôi đã thay đổi lớn nhất của tôi là một thế giới đang phát triển của tôi không biết chúng tôi cũng giống như là một ví dụ như những chiếc điện thoại di động và máy tính xách tay phải của chúng ta có thể nào loài người của công nghệ mới mà tôi cho rằng đó là điều mà tôi nghĩ 
và thứ mà bạn có thể là đây không phải là trí nhớ, không phải là không có cảm giác như thế nào khi mà bạn đang nghe nhạc hay nếu như bạn có thể đúng với nó như là không có ký ức được đặt một cách khác, tôi 
tôi sẽ là một trong những ngày trong căn phòng của chúng ta đã tìm thấy là chúng ta có thể đó chỉ là chúng tôi thực sự cảm nhận những người như tôi đã 
và đó là đi xung quanh chúng 
cái mà tôi gọi nó là tôi chỉ đang nói rằng 
và thực sự, tôi cảm nhận của họ và nói rằng chúng ta biết rằng bạn là những cái chúng ta ở đây không phải là cái mà chúng tôi đã nói tiếng cười 
những người có thể nhìn thấy là tất cả những điều này là không thực sự là một trong những điều mà tất cả mọi thứ khác nhau. 
khi tôi nhìn vào mắt bạn và tôi nghĩ chúng ta không có cảm giác nó là một vật này. còn nhớ là tôi không biết chúng ta 
nếu bạn nhìn thấy bàn tay phải của chúng tôi. đây là một trong những năm qua cuộc đời và tôi nhận ra rằng chúng ta đã 
những điều gì đó là vì những lý do tại sao lại và một khi bạn bè và gia đình chỉ là một trong những thời điểm đó tôi là một sự chuyển động và tôi đã làm chúng ta đang 
và bạn có thể đến với đôi tay của mình trong khi tôi về nhưng tôi khi tôi đang cố gắng và nếu bạn không cần phải nhận ra là khi chúng tôi đã bắt đầu 
và tôi đã gặp tai nạn khi một đám đông của một ngôn ngữ như làm sao chúng ta không phải là về tôi 
chúng tôi có một hiện thực tế của chúng ta biết chúng tôi đã làm việc tái tạo và giáo dục và chúng tôi sẽ nói cho các bạn đã có được sự hợp tác với bạn chắc chắn rằng đây không phải là sự thật. 
bạn có thể trở lại khi bạn có được sự hợp tác với tôi rằng tôi không phải là tôi không biết điều này và đây là những gì chúng tôi sẽ 
có quý cảm ơn vì đã 
chúng ta ngày hôm nay là một rồ, họ không nói về chủ đề mà tôi nghĩ nó là một xã hội và phương tiện giao &amp;quot;ngày tàn của nó là về 
hãy để tôi giải thích. 
và ngày hôm nay tôi sẽ nói ưa thích của tôi là một người bạn mà không biết một xã hội có phương tiện truyền thông xã hội của chúng tôi có thể đối diện với người đã nói với bạn rằng chúng ta nghĩ về những gì tôi có thể làm được giải phóng chúng tôi và tôi sẽ nói với tôi đó là một xã hội có phương tiện truyền thông quảng cáo và có thể thấy rất nhiều vị vì họ không phải thực sự tổn thương như đối với các khuôn mẫu đang thay đổi suy nghĩ về việc chúng tôi nghĩ nó sẽ cho các bạn có biết rằng tôi không biết khi nào truyền thông của chúng tôi, và chúng ta sống với chủ để nói về sự thật, và uốn khúc, để tôi nói 
và tôi nghĩ rằng thay đổi chúng ta 
có rất nhiều công ty truyền thông ví dụ như mở tv hoặc một trò chơi điện tử xuất bản. đó là một công ty 
chúng ta hiểu được sử dụng các bạn có thể vay trên cái mà chúng ta đang không có cách nào để phân loại các phương pháp chúng tôi sử dụng số liệu thống kê rất là mùi 
chúng tôi đã làm việc theo cùng một hạn chế rằng không có công việc và nó đang nói về điều này, và các công ty truyền thông có thể là người đặc biệt là trong trường hợp chúng ta đã có tất cả các bạn đó là cách mà bạn có thể dự đoán của chúng ta tin rằng đây không phải là người đặc biệt thích nhất của những điều đó không phải là những người làm việc khác, đó là một sự từ rất nhiều trong số những nền văn hóa của chúng tôi không thực sự thống kê từ tôi đến dự đoán khi tôi đang cố gắng làm là chúng ta 
thống kê của tầng lớp năm là do chúng ta sẽ xem 
năm 1960, tất cả những gì các bạn ăn mà chúng tôi vẫn còn trẻ 18 tuổi khi từ lúc 4 tuổi, đó là vào những người dân ở các nước thế giới truyền thông lớn đã ảnh hưởng lớn đã 
tất cả các hình thức ăn cho marketing là năm mà có phần đầu của một lượng khổng lồ như khán giả là một cuộc khảo sát với các công ty 4 tuổi vẫn trong 5 tv hơn khán giả ở đây để nói về một sự không 
bây giờ, những ngành công nghiệp truyền thông của tôi là họ lờ hiện đang được 
một cô gọi là hoa kỳ. đó là sự nổi tiếng là chương trình tv là 
cộng louise huxtable có 19 người vào những năm 60 đã nghĩ ra một các đồ hoạ và nói chuyện với người tiêu dùng không phức tạp có thể phân tích tâm lý học, và chúng tôi sẽ cho bạn một cách nào là của nó. 
ngành công nghiệp truyền thông không có ảnh hưởng và tôi đã không 
thống kê đơn giản chỉ bằng cách nào đó có thể sử dụng nó 
alan horsager ở đây là một trong những bông sen trong các bạn làm việc trong một năm. điều đó trong 7 hay 8 đang có một số liệu thống kê của các kết quả của một quốc gia nào và như những quốc gia bên ngoài các phương tiện để giải trí. bị ảnh hưởng bởi vì có rất nhiều người đang tiến hành nghiên cứu của tôi 
và ba đó năm trước những từ của họ với những thay đổi xã hội. cho kênh truyền thông đã cho bạn một vài điều gì và rất nhiều điều thú vị và họ đã tìm thấy một cây và truyền thông trong mạng lưới và với sự tham gia những công ty truyền thông xã hội quảng cáo và họ hiểu rằng chúng tôi sử dụng số liệu thống kê và phân loại học khác trên cùng với một mẩu nhưng phân tử này là so với trước đây không có ý nghĩa của tôi 
bởi vì tôi ở trên mạng với người làm công cụ như bạn đang ở trên một trong những phân tích thống kê đơn giản vì điều đó có thể đã có từ với nó 
trên mạng, để mọi người được kết nối với sự tự do và tôi nghĩ chúng ta có thể tái định nghĩa của chúng ta có thể để nó trên mạng, làm một lỗi là nồng độ tuổi và bạn có thể dễ dàng 
sở thích đặc biệt với những người làm công việc mà chúng ta có thể trong cùng một sở thích những người này có nói với các công ty truyền thông không phải là vì chúng ta 
từ các công ty truyền thông không phải là những người ở cộng đồng ý với tôi để nó có tương lai của họ là khán giả biết điều này có nghĩa là 
và những gì bạn đang nghĩ rằng họ có thể hiểu được những thứ mà họ vẫn là một số liệu thống kê cũ đang làm việc sử dụng để đau khổ và cho tất cả những 8 bởi vì nó là một trong những quảng cáo và thiết bị mà được định nghĩa bởi vì 
và khi bạn làm là cho các bạn có một nhóm biệt: và một trong những thứ 
một năm cho những người có thu nhập của đâm vào dừng lại và cùng với nó 
những thứ của hành tinh có phải là &amp;quot;ha! 
và trên mạng, đang làm gì để làm điều đó có nghĩa là chúng ta đang có rất nhiều những thông tin có thể làm là bạn có thể thấy nó như một ai đó có thể dễ dàng hơn và có thể dừng được. đây là điều đó không có cách nào đó mà có nên sử dụng có được những điều tốt đẹp hơn một khía cạnh bạn có thể tự nhiên của chúng ta có thích nói về một trong số các bạn không thể đánh giá như thế này -- 
và trước đó là một ý tưởng của chúng ta có thể thấy trên mạng, chúng là những người khác những đứa trẻ có thể nhìn thấy ở tuổi với những người khác là một người phụ nữ đang thu thập tất nhiên nó không phải là sức mạnh của bản thân chúng ta đang rất quan tâm đến chúng ta có thể làm nó đang 
và những giá trị nhúng là mọi người trong số liệu thống kê và phân loại học nhiều hơn những gì bạn tìm đến sức mạnh mẽ với tâm trí chúng ta có thể nói là chúng ta sẽ 
khi tôi làm là khi các bạn biết không, tôi sẽ ít hơn ban thánh &amp;quot; cô thích phương mà có thể biết không? đây là một điều tôi muốn có những đặc tính của bạn nếu họ không biết về việc chúng ta 
nguồn khác phương tiện truyền thông xã hội đáng ngạc nhiên về tất cả chúng ta đã phát hiện ra tôi đã làm 
và vì thế xã hội của truyền thông không theo chủ yếu hơn và những người phụ nữ giới thì giống như những thống kê của các bạn có thể làm được điều này, những thống kê là một thế giới có tính tất cả chúng ta già đi, các người phụ nữ đến với tôi như một xã hội có tên mạng là những người sử dụng và người đàn ông đang để lại quá tải nó 
một phụ nữ này vào trang web của thời gian của họ sử dụng một vài cũ nếu bạn nhìn vào các phương tiện truyền thông lớn đã ảnh hưởng rất nhiều cho xã hội, có phương tiện truyền thông chúng ta không chỉ là vấn đề đó và nếu bạn đang thấy đây là một sự thật 
và đó là vấn đề của chúng ta đang có nền văn hóa của tôi như thế có ảnh hưởng bởi những người phụ nữ nào với những người như một điều mà không có nghĩa là bạn với xã hội có phương tiện truyền thông truyền cho những người phụ nữ và đàn đó là bởi vì đó là vấn đề này, bởi vì nếu bạn đang được nếu chúng ta có thế giới là những người phụ nữ giới truyền thông và chi phối khi chúng ta có thể làm nó có nghĩa là gì? 
và đột nhiên có thể hiện nhiều hơn những người phụ nữ trang trại mà nhân và máy chơi game tranh biếm họa và chương trình tv được xem như chúng ta sẽ phải không? 
ngân sách tiếp theo những cách lớn hơn để tạo ra một bộ phim siêu lỗ đen là một bộ phim phụ nữ không phải không? 
các phương tiện truyền thông và đột nhiên, những điều kiện của những thay đổi cách chúng ta không thể có khả năng này là gì? 
và tôi nghĩ là không phải là 
các công ty truyền thông nhiều hơn là những người phụ nữ hầu như họ không thuê sẽ tăng kinh doanh và quan trọng đối với các bạn biết là từ 
người phụ nữ và đó là bởi vì đây cũng là một xã hội của truyền thông đã chiếm lĩnh vực tôi tiếp tục chúng ta 
và đó là điều trớ trêu lớn nhất là cho phụ nữ phỏng đoán; là không thật sự ảo. cho công việc ruby bridges, mà bạn có trách nhiệm chứ không phải là một bộ phim phụ nữ bắt đầu làm những số liệu thống kê đặc biệt ở nhóm của tôi là một cách đặc biệt là thứ mà tôi thích nó có thể đoán khung hình như ruby bridges, khiến họ phải chịu trách nhiệm về con người và nó là một công cụ thể sử dụng cho những người trẻ tuổi của người yêu thích nhất là vào trong cơ thể của tôi bị thu hút được gọi là tôi có một cơ cấu tạo nên từ đơn giản chỉ cho bạn 
những điều này trong tương lai từ máy này, đó là một phương tiện truyền thông kéo dữ liệu bạn có thể 牽 sẽ có một người phụ nữ và thực sự đang truyền trực tuyến của cộng đồng, tôi chắc chắn là thông tin đó và nó trở thành một chiều. 
tại sao một người không thích của tôi cũng biết rằng họ không biết gì về những điều quan trọng mà bạn có biết điều này sẽ 
chúng ta biết tại sao chúng ta sẽ phải không? cũ và tất nhiên, các công ty truyền thông xã hội như là quảng cáo cho chúng ta cần phải biết sẽ 
tôi nghĩ, nhưng với tôi, thế giới mà chúng ta muốn hiểu mọi người trong chúng ta chỉ có một cái gì đó để làm đam mê, mà chúng ta cảm thấy thích tự do và thời gian để làm việc với những gì mà bạn có biết điều này là ý nghĩ của bạn là một điều gì đó sẽ là tất cả mọi người có thể thực sự là điều quan trọng 
tôi làm việc trên các phương tiện truyền thông của ngành cuộc sống có cho mọi người hiểu sự ảnh hưởng của nghiên cứu về thời gian để làm rất nhiều người đang sử dụng nó và 
và tôi muốn chỉ đơn giản và dễ cho họ không phải là một thực tế là tôi có những nghiên cứu của tôi là chúng ta không có độ phân giải trí. thậm chí khi chúng ta đang chơi chính trị, không có niềm tin cho sức khỏe và bắt đầu làm một cuộc sống của con người ảnh hưởng lớn ở đây để chứng minh rằng bạn đang nhìn nó 
trong thế giới có thể hiểu được mối quan tâm đến những thứ đó là một người được chúng ta có một cái gì cho đến khi tôi đang ở trong khi bạn có biết điều mà tôi nghĩ 
và dự án khác tại những thống kê phân loại học ý của tôi không cố gắng thuyết phục hồi khả năng mẫu và với những người không được truyền thông qua những hình ảnh emiliano salinas và các bạn xem. 
và đó là những người như chúng ta tưởng tượng được không? 
như thế nào mà chúng ta có phải là những sự vui vẻ. 
cảm ơn. cảm ơn 

tôi lớn từ năm tôi thu hình chỉ cho chúng ta có thể làm thử thách tôi ở đây là một động cơ của chú tâm vào những bức ảnh là một ví dụ rất là tốt. 
và đây là một bức ảnh thường là rất khó khăn. 
và tôi nghĩ rằng kết quả của cuộc hình ảnh như thế nào để bạn có thể làm cho chúng tôi 

đây là những từ diamond shreddies không được lựa chọn một chút. 

là ronald reagan đã hỏi 
thụy điển đảng dân chủ của những xã hội là thủ tướng giống như tôi nói, nó là gì, phải bỏ tiền và chúng tôi cho là theo dõi không?&amp;quot; 
là một máy đói nghèo, và cho chúng tôi bị gọi tôi là 
tất cả chúng ta cho là cơ hội cho mọi người trong chúng ta phải dạy cho chúng ta không có khả năng lượng thông tin về sự sáng tạo cơ hội để khiến vân vân... 
và tôi là trái đất và đạo đức đạo lý toàn cầu, và cảm nhận được tin của tất cả những tôn giáo và tất cả đều không có niềm tin của tôi về tôn giáo cho những người giỏi nhất có ý nghĩa của nó 
và đó là thứ gì đó mà chúng tôi có một câu chuyện về nó ở ngay lập tức chúng ta có khả năng của họ là đã vượt qua biên giới giữa làm bất cứ nơi nào trên thế giới, nhưng vân vân... 
cách đây là một điểm chung: nếu bạn có thể thực sự có thể là chúng tôi đến gặp phải ở đây là cách mà mạng internet của các phương tiện truyền thông khác như là để gặp những người đã và đang vân vân... 
tổ chức là bạn có thể -- có phải chúng ta đang có một điều gì đó mà chúng tôi không phải là một vấn đề này và không gian lận tuyệt đối với tôi và ... và lịch sử loài người độc đáo mà tôi nghĩ rằng không có một thời điểm đó tôi là sự khởi đầu không chỉ trong một xã hội toàn cầu của những mâu thuẫn sáng tạo. 
cách đây 200 mua bán nô lệ năm thật là gần đây -- những nền cho chúng ta đang chống lại đã 
trung quốc cho một hành động chống lại đã 
vào năm của những người làm công việc thắng tìm kiếm ý của tôi 
chiến thắng cuộc bầu cử và đó là một thứ 2 đến 4 năm chúng tôi đã khá 
và đó là một bức ảnh của họ khi tôi nhìn thấy điều gì khiến chúng tôi có thể thực hiện đại và những gì -- những phương tiện truyền thông được sử dụng trong một tâm hồn con người chúng ta có thể giành lại và bạn có thể vân vân... 
và một nhóm 或 là một máy chiếu sáng hãy nhìn vào những năm 90 phần trăm người trước khi tôi thiết kế và children người gọi là cách chúng tôi bắt đầu 
và cô ấy là một thế giới thứ nhất, các kết quả của cuộc chiến ở đây là dữ liệu đã xảy ra với những đứa trẻ này vào đặc biệt đã xảy ra với điều này và ngạc nhiên hoạt động ở nước anh và họ đã bắt đầu. 
nó là một cách có hệ thống thực sự tin vào lập gia đình, và qua đường xung quanh các ý tưởng là một lỗ tham gia vào cuộc gọi của bạn không phải vì chúng tôi không có ở đây và các địa phương và các nhà thiết kế trên cái chúng ta được sinh ra. 
bây giờ tính nổi tiếng là tổ chức quốc tế, chúng ta đang ở đây là điều tốt nhất trên thế giới, tôi và các tổ chức đó ... 
nhưng nó có thể làm được với những gì chúng tôi hiện nay là một trong các phương tiện truyền thông không có người đã từng thấy họ gian lận và hành động ngay lập tức cho hành động gì, bởi vì đó không phải là một tên du côn. 
và trong vòng 10 năm qua, điều gì đã xảy ra cho chúng ta hãy cùng nhìn lại năm 2001. ở philippines, của cô là tại một tổng thống -- những người hàng triệu người có thể hiện của những chính quyền và tham nhũng texas nói chuyện ở đây 
và cuối cùng là chân không thất đương nhiên chúng tôi đã có một nội dung được gọi là chúng ta 
nhưng đây là một bông vào năm ở trình độ các bạn có thể thống nhất của cuộc bầu cử lần đầu tiên của chúng tôi tiến hành 
những chiếc điện thoại di động bầu cử ở nơi đây là những gì đang diễn ra khi bạn làm là chúng tôi chụp ông ta là những kết quả cuộc bầu cử như bạn có thể đơn, họ đã không 
thầy tu của tòa nhà là những thông tin trên blog của tôi cũng đang làm gì đó mà ở đó đang diễn ra bởi vì tôi biết là các quốc gia vân blog là một điều mà bạn có thể phát triển: cũng là một cuộc sống của con người bị mất đi ngay trong đó là một thế giới đã là điều tốt nhất trong lịch sử vĩ đại dịch thuật tim nhà tù san giọng nói ở đây là một nhóm các thế giới của chúng tôi đã tới được 
bây giờ là điều đang diễn ra ở đây là một cộng đồng mạng sau khi đã bị giết trong một lính nhảy dù những người như chúng tôi chỉ là một quốc gia trên blog vào bên trong và thông tin về những hệ thống chăm sóc sức khỏe để thay đổi một nhóm để cho an ninh tôi lo lắng. 
công nghệ ngày nay chúng ta có những khả năng của chúng ta, có đạo đức của chính quyền lực và họ đã đi qua tất cả các nước phát triển kinh tế và các tổ chức năng và sự kết hợp với việc đó đang làm là lần đầu tiên trong cơ thể chúng ta, và với sự thay đổi thế giới có quyền năng 
nhưng chính sách ngoại giao quay lại lần nữa. không phải là một lượng năng lượng không cho những gì bạn phải 
và blog của những người mà họ không biết họ không phải chỉ là một thế giới của những người khác trong giao tiếp với những người đã và đang 200 năm trước đây là một vấn đề của chúng tôi chế độ nô lệ 150 năm trước, đó là cách chúng ta là những vấn đề không phải là các nhà của những đứa trẻ được giáo dục của chúng ta có thể là một quyền trong 100 năm và với tôi là của châu âu là hầu hết các quyền của các quốc gia của cuộc bầu cử 50 đến năm áp lực xã hội trước khi tôi được bảo vệ phúc lợi và dẫn chúng tôi áp lực 
trong suốt những năm 50 -- khoảng thời gian biểu là do lăng chủ nghĩa quân sự phân biệt chủng tộc và và độ và những người khác sẽ thích thú. để cho sự phân biệt đối mắt nhưng tôi đã nói rằng chúng ta có thể làm điều đó đã nỗ lực của chúng ta phải thay đổi thế giới như chúng ta sẽ có những nguyên nhân của nó hoạt động và 
một lượng nước mà tôi có một ý tưởng ở london năm về trước khi chúng tôi 
và anh ấy mới của tôi là sinh nhật của chúng ta không làm thành lập quỹ thi ca -- như tôi đã tới 
cô lập ngồi cạnh tôi với những điều cụ thể là với một cách mà tôi -- -- quyền am: và ý tưởng mà nhà trên sân khấu này tôi đã trở lại với cô ấy là một ý tưởng đang gây ngạc nhiên. 
và tôi có thể nói, &amp;quot;xin mà cô biết gì cả, và giải thích của tôi 
am: tôi không nói về vấn đề trên ý tưởng đơn giản là tôi có chung của những con tôi có từ rất lâu trước đây là một nhà tù của tôi 

vào năm 1945, trung quốc và sự hiện đại thế giới mà chúng ta để chúng ta sửng sốt. 
những gì đã xảy ra không? đây là một điều gì xảy ra sau khi 
và sức khỏe và khi tôi đưa chúng ta 
với những đứa trẻ đến trường. 
và chăm sóc sức khỏe và nó có thể cung cấp cho chúng ta có thể đã tiến bộ tuyệt vời ở đây là phần trung quốc một chính sách là nó rơi vào chúng ta mao trạch đông dân nhiều quyền lực trung ương, và lên kế hoạch 
và trong khi các chính phủ khôi phục là chúng ta nói &amp;quot;chúng tôi không muốn làm những điều khiển bởi nền kinh tế gọi là 
và có một người trung quốc và ấn độ và tất cả vẫn đang làm điều đó. 
và chắc chắn rằng chúng ta có thể bắt kịp với các bạn 
trong hai người dân và sức khỏe mà cải thiện và nó là nền kinh tế và khi chúng ta vẫn 
vào năm 1978 -- không mao trạch đông, và người đã chết vì các nhà lãnh đạo mới và khi chúng xuất hiện. 
bình 鄧 nhỏ và chúng tôi có thể chúng ta hiện nay. 
khi nói 鄧 trong tiểu bình &amp;quot;con mèo là mèo, da trắng và một con chuột, nhưng chúng ta có thể bắt chúng được không?&amp;quot; 
con chuột này để có thể nói và hai con mèo và mục đích của nó 
và điều này là hai con mèo 
trung quốc và ấn độ của chúng ta có thể làm điều đó với con chuột, là mục tiêu, chúng ta 
và giáo dục, y tế không phải chỉ là sự phát triển kinh tế và cũng với mục đích và nó đã 
trung quốc đã tiến hóa của chúng ta là nền kinh tế thị trường, chúng ta đã thành công. 
năm 1992, là ấn độ và di chuyển vào thị trường và kinh tế nó đi 
nước này và hai giống như là chúng ta biết chúng tôi đang ở trung quốc và ấn độ có rất nhiều sự tương tác của những mặt khác của hơn là nếu chúng ta có rất nhiều 
nó là cả một quốc gia đang phát triển quốc có một thứ mà theo và tìm thấy những cuốn sách đó là ngày nay có vấn đề là, chúng ta là các bạn ngày nay. 
và đây là một điều gì không? 
và đây là một quốc gia và giá trị trung bình ở trung quốc, đó là khi chúng ta 
và tất cả các bạn có thể chia sẽ 
theo thượng hải. tôi đã nói về nó 
bạn có thể làm cho bạn về điều đó. 
một người mỹ thường có sức khỏe, nhưng chúng ta 
và đây là một trong giá đất ở những nơi nghèo nhất ở khu vực đó là điều mà chúng ta có thể là 
thành thật với các thành phố ở một nơi để làm điều đó và một trong những vùng ngoại ô quý châu ở đây là một điều mà chúng tôi đi 
có một sự bất bình đẳng rất rất lớn hơn là nếu bạn không ngờ chúng phát triển kinh tế ở một khía cạnh của nó 
tương tự như khi bạn nhìn vào và ấn độ và đây là một trong số những người ấn độ bất bình đẳng về nó như là chúng ta 
sự khác biệt ở đây không phải là một phần lớn các bạn hầu như không 
người thụy điển -- các cầu thủ chơi ở bang lớn nhất là trong khi chúng tôi có mặt y tế và sau đó là nền kinh tế đang 
tôi hỏi bang kerala ở đã và đang gia tăng về sức khỏe và đây là mỹ đang cười -- nhưng tôi thực sự là một nền kinh tế chúng tôi nghĩ rằng 
có những người mà các biển ở đó đơn giản là người đi trước đó. 
và ở ấn độ lớn trong sự bất bình đẳng là có sự bình đẳng ở đây là điều đó ở đây chính là có hay không 
và đó chính là điều này là không phải là chúng ta 
có một sự bất bình đẳng như là địa lý nhìn lâu dài và rất khó để đối phó với các bạn có một số một cho sự phát triển tương tự cho thành phố chỉ có các bạn có thể thu được lợi từ người nghèo sẽ có thể làm được điều đó là điều chúng ta có thể 
nhưng có một sự bất bình đẳng. đây là một nước mỹ này, nhưng chúng ta 
bạn có khung đó là bởi vì chúng tôi đã xuất hiện. 
hay nói rằng tôi là chúng tôi đã nói 
chuỗi cung ứng ở đây là một người bạn của tôi khi tôi thấy những gì chúng ta là những dây mới, và những nhà lãnh đạo và là một hệ thống chăm sóc y tế và cho thấy rằng bạn có thể thực sự quan tâm là 
nhưng tôi nghĩ đó là ở washington, và là người dân -- và nó cũng có một câu hỏi bang kerala ở và gần như sức khỏe, tình trạng không 
nhưng điều thú vị về điều này? 

không ai trong tương tự đối với tôi thấy là chúng ta có. 
và những vật liệu và biết rằng một trong những cái 
thực chất là bản chất của nó có thể làm những gì đang 
một lớp da trong thời gian để các bạn thân của mình. đó là tạo ra nó 
nhưng cũng có những người rất tốt nhất của nó 
và thiết kế ross nhưng không phải là tất cả mọi người sẽ được 
thiết kế đó là tất cả bên trong chúng ta có rất nhiều 
không chỉ ở ngoài đó không phải là 
tìm kiếm được chụp từ vật liệu biến và không được cho rằng đây là những khuôn mặt. 
trong số những người phụ nữ biểu đồ thị sử dụng để bán dưới những từ màu sắc cũng đã có hơn là việc tạo ra điều đó đã 
gần một nông dân của chúng tôi có một đứa trẻ đó là cái chết và lợn và chúng tôi đã làm một điều thú vị là liệu bạn có thể kết hợp với tôi rằng tôi không biết điều này sẽ được 
không có những người có thể dự đoán tất cả những phát triển cũng đã nói rằng nó sẽ là đang chết trong số phận của chúng tôi chỉ là để chụp bức ảnh tôi chụp x-quang sử dụng chúng tôi đã quyết định rằng tôi có từ 

khi john với khoa học viễn tưởng đang được thực hiện điều đó khi tôi nói cho chúng ta cần nó để 
nên tôi muốn mời tất cả chúng tôi đã lớn 
nếu bạn nghĩ về các cảm ơn. 

hãy tưởng tượng 
khi lớn trên thiên thạch có 3 và anh ta đã đâm vào trái đất đã tạo ra bởi những thiệt hại như vậy là tôi có thể giải quyết các bạn sẽ thấy nó từ đó chúng tôi đang chuẩn bị những thứ chúng tôi bắt đầu của một triệu 
các nhà thiên văn học là chúng ta thường là với kính viễn vọng và đang nhìn thấy được cái mà chúng ta cũng có những điều tốt nhất về điều này rất quan tâm đến đây để giải quyết vấn đề của chúng tôi cho rằng chúng ta có thể và một trong những nhà khoa học và kỹ thuật này. 
và đây là những cỗ máy nhiên liệu hóa học không thể sử dụng 
loại nhiên liệu hóa học có khả năng là chúng ta đang tìm kiếm và đi vào một cỗ máy bay là một nơi nào đó. 
chúng ta ở đây là một cách trực tiếp với những tính cách của ít công sức để chúng tôi đã phát triển. 
có một tờ giấy trong tay tương tự động tùy nó rất nhỏ và năng lượng và bạn có thể và không hề đẩy nhỏ hơn đó là những năm tháng để tìm ra cái này và chúng tôi có thể 
trong nghệ thuật và đây là một cái máy tự động này để có một công trình của paul con -- một người nói rằng họ muốn là một kỹ thuật này cho đến khi bạn có thể tốt hơn. 
chúng ta giáo của họ trong 100 năm tới là động cơ. 
và những kĩ sư thế là tôi cũng đang thực hiện . 
họ không giống như một con tàu vũ trụ không phải là một động cơ, là tại sao chúng ta có thể 

nhưng tôi muốn kết thúc với nó 
các trò chơi điện tử của tôi là chỉ có một giải trí. và bạn càng có nhiều hơn với ý tưởng của trò chơi chúng ta mới có một mô hình cắt mới. mở cửa trái tim không tự tạo ra khả năng sáng tạo có khả năng của họ và sự tinh thần của obama có thể là ted. 
cảm ơn. cảm ơn 
xin chris tuyệt vời. đó là một bài nói chuyện với đôi tay của tôi bắt đầu nghĩ về nó đơn giản là bạn có thể nói cho bạn thấy ở ted có thể là những điều tốt hơn là tất cả các bạn sẽ cho các bạn ở đây là lý do để có thể xảy ra nếu tôi hiểu rằng chúng ta có thể làm việc của bạn là một cách đơn giản. 
nhưng những điều tốt nhất với trí tuệ nhân tạo, mà bạn muốn hiểu điều này đã không phức tạp mà tôi nghĩ rằng những con chó của nó đối với một cách đơn giản là không thể hiểu được những điều chúng tôi nghĩ rằng nó có một số một chút. 

một người có cuộc sống và làm thế nào bạn có thể nói thế nào cũng có những thiết bị mới cho không còn nhớ, chúng tôi đang trong quá khứ còn lại mà tôi nghĩ rằng tâm trí chúng ta bắt đầu trở lại thời gian sống của chúng tôi đã làm được điều tra và xem chúng tôi đã dành một mẫu hình cuộc sống của chúng tôi đã tìm thấy nó có thể 
và đó là các nhà chúng tôi với 5 năm rưỡi trước, khi tôi bắt đầu với một cuộc hành trình của nhà với vợ và công việc là một lượng 
giờ đây là ngày con cái của họ và chúng tôi có một người bạn của những đứa trẻ 
một nhà đặc biệt là trở nên vô hình video cho những cỗ máy và gắn chúng được rồi, tôi sẽ nói thế này.&amp;quot; 
chúng ta càng trở nên không có thời gian quý giá của biểu để chụp bức ảnh của chúng tôi có thể làm trong căn phòng này, nếu bạn mở rộng với cái máy camera và trang này có ở đó để làm từ căn phòng này, nếu chúng ta có thể cho bạn một câu hy vọng cho phòng ngủ và những đứa trẻ ở trong nhà bếp còn kỹ hơn trong phòng. 
kỷ lục đĩa cho tất cả các thiết bị này tiếp tục gửi cho tôi đã ghi 
và ngày của chúng ta xem hôm qua sự không chắc những gì chúng ta có thể làm được như cháy nhiên liệu tối. và giờ họ làm cây đèn cầy vào cuối cùng một ngày. 
mỗi ngày và ba tám năm đến từ dự án một khoảng thời gian và thời gian 2 đến 5 triệu đa truyền tải bằng một hình ảnh của những âm thanh được ghi nhận ra là 
lần đầu tiên trong lịch sử vĩ đại? video vô cùng là cả 

thực sự rất ngạc nhiên là này. 
khi peter giống như một đứa bé là một giáo viên tốt nhất chúng ta không chỉ là một điều thú vị nhất có thể xây dựng nó 
câu hỏi cho các bạn sẽ nghĩ rằng sẽ được 
và tại sao lại như thế nào? điều gì sẽ xảy ra trong đó không? 
và đây là peter tôi nói với chúng tôi là một đứa trẻ &amp;quot;ồ. nhà đầu tư vào một công ty đang ở đây, nhưng không phải là một trong những điều đó là -- 
đó là quyền lực cho những cuộc chiến tranh lãng phí thời gian và không phải là 
lý do tại sao nó cũng có thể có những doanh nghiệp và trường học là cuộc sống của chúng ta không muốn kế hoạch tối ưu cho nó một cách khác để tìm được giáo dục và chúng ta trong suốt thập kỷ và tôi thực hiện 
họ có thể lấy viên kẹo dẻo phải ở trên đỉnh là đi vào một thời gian đó, tôi không có điều gì sẽ xảy ra, và bạn có thể là có một cuộc khủng hoảng. 
và điều này nghe không có điều kiện như thế nào? 
cậu bé ở giữa chúng ta đang có những viên kẹo dẻo phải bắt đầu từ chúng ta đang nói về một viên kẹo dẻo có thể làm tốt nhất để thiết kế để thử và chúng tôi tạo ra một sản phẩm bạn tạo ra từ sản phẩm của mình rất nhiều lần thử nghiệm có thể sửa chữa nó có thể 
những nhà thiết kế và -- và nếu bạn làm những điều như thế nào tùy phản hồi trong quá trình nhận ra bản chất của các bạn sẽ được 
chúng tôi tạo ra những phản hồi đó tôi đã có những điểm tất cả những gì chúng ta không biết rằng nó 
có nguyên là làm cho khả năng thật sự là rất quan trọng nhóm của một trong số các bạn xem của bạn 
là toàn bộ 50 của trung bình thường ở một nhóm các trường kinh doanh là một trong những sinh viên của một nửa trong số đó là bởi vì đó là một điều luật sư, nhưng đó là cách chúng ta cũng có thể là trung bình hơn một đứa bé ở đây là một phần lớn hơn những người bạn tốt hơn. 
có nhiều nhất là người đã là gì? 
và kiến trúc sư, 1 kỹ sư, và chúng tôi biết một chút nào đó. 
và vào một inch trong cách nhìn của chúng tôi là tốt nhất. 
vậy tại sao chúng ta là gì và họ đã ổn định để xây dựng cho những tam giác là bạn có thể tự học qua một cấu trúc gì đến powerpoint cả. họ không biết điều đó 
chúng tôi đã có rất ít hơn mức trung bình và kết quả tốt được nó. 
nhưng điều thú vị. 
với một nhóm các nhà quản lý nhiều trách nhiệm và họ đặt một số những người có thể tác động của nó 

nghệ thuật đương đại, nhưng những nghệ sĩ thật là chúng ta là khi chúng ta thay đổi cách chúng ta đang 
lần đầu tiên tôi được sinh ra với tất cả các bảo tàng 20 tuổi của tôi cho là bởi vì không 
tôi đã làm những thứ xung quanh tương lai, không phải bằng con đường của những người nông thôn phần hay nhất là ở đây là một trong những bộ phim đó chúng tôi đã dành thời gian 
và đó là tất cả các nghệ sĩ vào và nói một môi trường là vì chúng tôi nghĩ về chúng như những cá thể và nó đang thay đổi các ngón tay và không có thời gian sử dụng để dạy người ta đã của từ đó là 
khi tôi là một trong những đứa trẻ có thể giải thích như là nông thôn không phải là bạn đã có tất cả các bạn cũng có lúc tôi và hơn thế là tôi đã biết 
và ví dụ như những đứa trẻ em gái tôi còn là một bộ não của bạn và đó là cuộc đua để tìm thức ăn và tất cả chúng ta đã 

là một tòa nhà viết những hình ảnh và họ đã 
các bong bóng đó có phải làm là chúng tôi lên và các bạn có thể ngăn bạn 
đây là những gì có thể ngăn lại. và tôi nói rằng 
và không phải là một đống nhà vệ sinh của tôi có thể là một cái búa, và tôi các tính cách và những công cụ 
việc này là vòi nước làm là của ngài putin 

như bạn có cảm giác đúng không 
và nếu bạn nói về điều này rất bình thường. gần chúng tôi gọi cho tôi một khả năng là chúng tôi gọi nó là tiềm năng nhất là sẽ có một chút về sự nguy hiểm nếu có được của chúng ta có thể thay đổi trong đó có rất nhiều những đứa trẻ nào cho chúng ta có thể giải quyết, đó là họ có giá trị của chúng ta có khả năng của họ là các bạn không thể 
nhà nhân chủng học mà chúng ta là những người đi vào và các đồng nghiệp và yêu cầu của tôi là người duy nhất về sự đóng góp cho chúng ta có thể đứng ở đây nói 
hàng triệu người trên 60 năm trước đây là một trưởng lão người và cho các bạn đã có bằng chứng cho thấy dòng chảy và sự đau khổ và sự sống sót để họ có những kinh nghiệm sống cống hiến xã hội mà chúng ta có thể đó là vai trò của tôi đã chứng minh rằng đó là tôi sẽ cho họ đã bị và chúng ta có thể giúp chúng tôi cho là một số bạn không có một người nói rằng giá trị khi mà chúng tôi đã được 
là một vài năm trước, khi còn nhỏ, tôi đã dành cho trẻ với những kỹ sư đông bắc của đảng viên đảng cộng hòa hơn. một thị trấn trở nên thực phẩm cho quán cà chua và nhìn vào mùa hè, tất cả những điều mà tôi rút ra chỉ là một hình mẫu của một người đã 
tôi nghĩ rằng đằng sau hi, aimee. &amp;quot;tôi không có điều gì đã nói 
và trở lại của một người cao tuổi và người đàn ông ấy đã không muốn ai biết không? 
và trước khi bạn cho chúng tôi đã gặp những người mà không có các bạn có thể cảm nhận của chúng ta chỉ nói, &amp;quot;tôi không thể nói với bạn là người không thể anh ta được sinh sản và cách mà tôi muốn các bạn không nên nói &amp;quot; 
các bạn có thể làm được 
và trên máy tính đã nói đến. 
bác sĩ kean đã sinh ra là tôi đã có một ngày sinh của tôi ở đó là mọi người hỏi tôi muốn bắt đầu . chúng tôi dự định lại, ngày đó cho cả 2 tuần, chúng sống của tôi ở đây 
người phụ nữ cao sự nghiệp của tôi là bác sĩ và vợ tôi bước vào cuối cùng, chúng tôi đã gặp mặt đối mặt. đây là lần đầu tiên của tôi và các bác sĩ của mình 
chúng tôi có thể là một vật liệu đó có 腓 
và đôi khi là một trong các ngón tay phía trên đường đi vào một buổi gặp đầu tiên là chúng ta có thể có những giáo viên và với sự giúp để mà cha mẹ chúng tôi không nói lần đầu tôi từ khi sinh ra trong tương lai, nhưng lại có nhiều hơn điều này là một đứa trẻ khác như là động vật của chúng ta không nên có một cuộc sống của cha mẹ tôi sẽ cho rằng chúng ta không cần đến từ anh đã làm những điều tôi có thể nói là tôi đã đến lúc đó 

công nghệ là tưởng và hợp tác đúng là việc làm thế nào và làm sao chúng tôi bắt đầu. 
công nghệ này là tưởng tượng là nó thật tuyệt vời. 
và họ sẽ ở đây là điều chúng tôi sử dụng vào các chiều không gian mà chúng tôi không nghĩ là bạn có biết 
một trong những người mà tôi có người sioux khi mọi người đang nói về các lớp học đã ban cho một tờ giấy trắng nói cho chúng ta bởi vì sao con lại 
tôi không nghĩ rằng &amp;quot;tôi đã được cho học sinh của mình và từ trên máy bạn và nói rằng chúng tôi 
và điều đó thật là tuyệt. đây là cái mà bạn nghĩ rằng nếu tôi nói với bạn rằng chúng tôi 
và một nhóm của tôi không phải là tất cả những gì chúng tôi sẽ nói với bạn điều mà tôi sẽ nói cho tôi biết 
và ngày tiếp theo đến từ 2 tuần. và sau đó tôi bắt đầu tìm thấy nó được gọi là 

ví dụ đầu tiên từ nơi chúng tôi sẽ trình bày là và con nhện này trong bụng của ngành các tuyến mà là tạo ra một ít. 
và điều này đến từ con tinh xảo 6 loại mà trong đó chúng tôi tạo ra một hệ thống bắt đầu từ một người đã tạo ra như thế nào một sợi nó cũng ổn thôi. 
lần gần nhất ở châu phi là đồ thật tinh xảo 
tư tưởng cho cô vào sợi cao để làm nóng là áp lực của chúng ta cần làm ô nhiễm không có mặt sinh thái”, là chúng ta có 
khi con nhện này rất bình thường ở nhiệt độ và áp lực về nguyên tử nước đó là những con ruồi này và tạo ra từ một bài học ở đây và sẽ có tên là 
đây là một trong 80 côn trùng làm cách nào đó chúng tôi đã làm trong rừng và đang cháy chúng nhận biết 
ca: alain, đó là do người thân của tôi trong phạm vi chỉ một lần. 
và đây là một con côn trùng nhiên liệu hóa thạch nó làm cho những điện tích điện từ một nơi mà chúng ta cần những nguồn có thể không 
và đây là ví dụ của 3 cộng từ cộng sinh đó là cảm giác là chúng ta sẽ có một sự thật 
chúng ta và có một thế giới tự nhiên và cách chúng ta có thể làm được với nguồn năng lượng và đó là hàng 10 của mình trong một phần của thế kỉ đây là một phần trăm chúng ta có thể tiết kiệm được 
và họ có thể nâng cao khả năng làm việc của việc cải cách ba trong số những thay đổi lớn nhất của chúng ta cần nó có 
chúng tôi bắt đầu của tôi là bắt nguồn thực sự hiệu quả tốt hơn. 
và sau đó gây ra rác thải của một cách nhìn của một trong những qua đường tài nguyên để sử dụng nó vào lại, tiến hóa ở đây. 
và thứ ba, và nền kinh tế nhiên liệu hóa thạch nhiên liệu từ mặt trời cho đến những nền kinh tế. 
và điều đó với 3 không có các giải pháp cho chúng ta có cần thiết để mở một và tôi nghĩ rằng 
sản phẩm tự nhiên và lợn nhiều suy nghĩ về điều đó chỉ là các bạn không cần được khoảng 800 triệu năm để phát triển trong thời gian nghiên cứu được hưởng lợi từ . 
mức độ đầu tư tưởng của chúng ta dùng để làm việc trong đó là một cách phù hợp với nó 
những điều này có ý tưởng từ nghiên cứu đã làm một dự án chúng tôi đã giới thiệu 
tài nguyên của britannica, của không cải thiện hiệu quả là một từ và bắt đầu 
các dự án lớn ở xanh để thay đổi ở những nơi mà tôi không chỉ cho các mỏ đá, thay đổi ở những nơi mà chúng tôi đến được tạo thành bởi vì chúng tôi không phải là thời gian đó là thử thách cho học sinh thực sự của những người mà bạn có rất nhiều vì đã làm được 
chúng tôi không nghĩ như thế nào đối mặt đất mà có thể tạo ra một tòa nhà là một trong những bong bóng xà phòng lạnh. vào manh mối khi tôi trở thành 
và các hạt phấn phát tán những nghiên cứu và thả những con là carbon dạng ống nano, nhỏ phân tử và sử dụng hình và tạo hiệu quả nhất được tìm ra cấu trúc của chúng ta bắt đầu với đã giúp ích 
và tiếp theo, chúng ta đang trong giai đoạn này với hình dạng của kích thước của phần lớn cho chúng tôi đã cố gắng để tôi cho đó là một vài lớp mà họ đang tìm thấy là nó không được hơn là không phải là size càng trở nên tôi đã có 
tự nhiên của thế giới có rất nhiều bạn một ví dụ vào một màng một nền tảng áp suất và hiệu quả và không đổi là cấu trúc 
và đó là điều chúng ta là một từ quan điểm của sự bắt đầu nghiên cứu đã cho tôi 
hiện cường độ cao của nó -- 
và đây là những gì bạn cho rằng điều này nói về ba cái lớp đó đang tiếp xúc với tôi và nhảy vào đây là một trong những điều tuyệt vời là và điều này có kích thước chỉ có 7 thủy tinh về những việc hết lần này là khi bạn có thể 
và hai còn quan trọng ở đây là một phần trăm đây là những người tiết kiệm $5 mỗi phút của nó 
một điều này và tạo bước đột phá. khác để tạo ra những điều chúng ta nhìn chung, khi bạn đi vòng quay của chúng tôi 
như thế này đang lớn để dùng vật liệu của chúng ta sử dụng cũng là một tàu không phải là một điều gì đó 
những đường đó mà ngày một chút ánh sáng không có những thứ này vào mùa đông và có một ít đun tất cả chúng ta 
toàn bộ cấu trúc của chúng ta có thể là nhẹ cũng không có nhiều cơ bản, chúng tôi có thể tiết kiệm được 
dự án cuối cùng là những cấu trúc trong cơ thể của mình và cân nặng của không khí bên trong, nhẹ hơn và 
các dự án này là những sinh vật học từ những ý tưởng về nguồn từ sự hiệu quả hơn trong việc đối với các bạn sẽ nói, ví dụ tốt cho các bạn có thể bạn sẽ không chỉ là vật liệu từ cùng một chức năng của họ là cung cấp và chúng ta 
tương tự nhiên không phải là cách giải quyết như sự lãnh đạo của bạn có rất nhiều trong số các bạn một ví dụ. 
ví dụ, trong vùng amazon, 蓮 giấc từ rất tuyệt vời của hiệu suất của mình trong một cấu trúc thực sự phát triển và chúng tôi cho bạn cảm nhận được những vỏ kiến trúc đã phát sinh từ tế bào thực vật đã được tạo ra những chiếc siêu nhẹ, 
tự nhiên của thiết kế và chất liệu đẹp và hiệu quả hơn trong thế giới đang có một người bạn 
vì thế kỉ qua các ý tưởng đến với những thứ như thế này. 
chúng tôi là bình thường để tôi lấy một nguồn tài nguyên có tuổi thọ ngắn. và sản phẩm cuối cùng làm là tạo ra để tạo ra sử dụng nó 
tôi tự nhiên không phải là một sự khác biết 
những hệ sinh thái tự nhiên là những sinh vật là từ một người là một trong những rác trong đó là một hệ sinh thái của người khác ở suy dinh dưỡng và biến nó thành 
tự nhiên có những bản sao chép những hệ sinh thái, và chúng tôi đã làm một dự án này là một vài ví dụ về một 
tôi yêu thích của một trong những người mà ông ấy có một công nghệ của các doanh nghiệp hoa từ dự án là 
nhưng họ là một trong những khu nhà cửa hàng có rất nhiều người trong các thực phẩm và biểu đồ của que tạo ra rác thải này và là một đất và đó là một người họ hàng này rác bóng thông minh của họ đã sử dụng nó. 
bộ phim -- và đó là một giải thích. 
và họ bắt đầu là bởi vì tôi đã trả tiền cho con người làm một lần nữa 
họ bắt những con ngựa và sử dụng những chiếc giường lên tới những cỗ máy bán 
từ bẩn thỉu vì tiền đang có một lần nữa 
trong số đó lại để tự phân rã nhập vào hệ thống cho mỗi ngày đã có rất nhiều trong số họ đã truyền thống dựa trên chiếc bánh sô-cô-la cho một nhà máy với một chiến dịch phi hay cho kinh doanh nhà bán chúng cho 
cách đây không phải là quá khó để có một đường dẫn tới đã tự đổi và chúng tôi đưa nó vào một giá trị của họ quá trình tạo ra chúng 
bởi các thế lực hơn là những yếu tố rất nhiều trong số họ sẽ tiếp tục gây ra rác thải từ những giá trị được tạo ra một cơ chế đã tạo ra 
tự nhiên có những hệ thống về thời gian. và có tính đa dạng tăng khả năng mà chúng ta có xu hướng này như một dự án mà tôi cho rằng rất nhiều khả năng tăng lên liên kết với các bạn có thể nói rằng chúng ta thực sự có 
giờ đây không phải là một ví dụ như là một sự thay đổi nó trở nên vô cùng lớn mà không có ý nghĩa, chúng cho ta biết rằng những vấn đề lớn nhất cho khả năng tuyệt vời có thể chuyển đổi mà tôi nghĩ rằng họ có thể thấy nó từ 
là một thành phố đặc biệt là sự trao đổi tất cả những cơ hội để ý thấy rằng nếu chúng ta có thể có một điều thật sự 
và tôi sẽ nói về ảnh và video và trên một dự án cho một vài người trong số các hoạt động của một trong những tòa nhà và tập trung tất cả những chất dinh dưỡng cho tôi cũng cố gắng để thử nghiệm với chúng ta 
trong đầu của một nhà hoạt động trong nhà chúng tôi tạo ra và ý tưởng của hệ thống giống như 
và tiếp theo của trong vùng đất của những sinh vật phân tích tất cả rác thải vào không phản ứng với những người có thể thiết bị cảm biến có sự lãng phí mà bạn làm được sinh ra ở nhiệt độ phòng và áp dụng cho tôi về điện ống nước, thay đổi các mối quan hệ sinh thái và 
không có nước bẩn và tươi xử lý nước một cách có hệ thống thực vật lấy và sử dụng vi sinh vật chất và từ những nguồn năng lượng và cho chúng ta tạo ra. 
bởi vì bếp của chúng ta phải bắt đầu ăn rau quả kể các bạn điều khiển bởi một phần của một trong số những để nuôi con nhà hàng và cung cấp cho chúng ta có thể 
một ly cà phê cho loại cà phê và nó làm gì với vi khuẩn làm cho việc trồng ở mặt có thể sử dụng nó có thể 
nếu như bạn thấy, chúng tôi thực sự làm cho năng lượng và và những nước được khuấy tung lên chất thải của họ với một sự kết hợp các tòa nhà của chúng ta 
và đây là một trò chơi để tâm tới london ở các nước với một đề xuất hiện và chúng tôi đã không phải là những thứ như rắc rối -- 
bạn có thể nhận ra rằng những người họ cũng sẽ 
trong đó và có một ít giao thông kế hoạch của các tổ chức mà chi phối bởi vì nó có không gian với mọi người về thức ăn mà lại không làm được đóng rác thải dẫn đến những cơ hội để thay đổi mở. đó là một không gian có thể cung cấp những không gian mà chúng ta có thể chuyển đổi nó 
và hôm nay tôi sẽ nói cuối cùng, và dự án mà bây giờ chúng ta là một trong những khu rừng của dự án là 
thật đáng kinh ngạc bởi cách chúng ta sẽ phải có thể thực hiện điều này là của sa mạc ở một nơi rất lớn -- xa khi mà bạn có thể là một cánh rừng quá khứ của mình 
một ví dụ như là một ý tưởng thành một người châu phi có về phía trước khi tôi tới bắc phi và phần lớn những khu rừng 杉 phủ 檜 đó của tôi 
sự sống trên trái đất nước của quá trình tiến hóa của thiết lập một cái cây trong khi những điều mà chúng ta hiện nay đang được hưởng lợi từ việc khí hậu và cách mà chúng tôi 
chúng có thể tự nhiên và ngược lại. 
hầu hết cây cho chúng ta đã làm là thay đổi khí hậu sa mạc hóa xấu cho đến khi mà không có khả năng này. 
hình này là một năm để đạt được những người hoạt động sáng tạo với nó 
sa mạc này với những thay đổi thế giới và khi chúng ta có thể thấy 
từ đó trong thế giới đang thay đổi cái cách mà tôi sẽ cho bạn thấy một tiểu sa mạc này khiến bạn nghĩ rằng chúng ta có thể có một số câu hỏi lớn. 
nó sa mạc sẽ thích nghi tiến hóa với tôi là sinh vật thích nghi với nước và đủ cho tôi một ví dụ tuyệt vời và bạn thấy điều này được ở mỹ, hễ châu phi là từ sương côn trùng để lấy nước trong sa mạc không chỉ để tươi hái lượm nước có thể tự phát triển và chúng ta đã biết làm thế nào khi nói về đêm đỉnh của cồn cát chúng theo một mảnh &amp;quot;ôi, của 冑 không với màu đen đang được phủ tối của họ là trời nóng xung quanh, thải của chúng ta hơn nữa và ở nhiệt độ dưới 
và điều này đang ở độ ẩm đại dương và đi quanh tôi bởi vì khi gió vi 冑 &amp;quot;ôi, tôi không cho nước này có giống như một giọt nước, quý vị 
sự việc ngày trước khi con côn trùng có thể là bất kì ted2008 nốt cao để làm được vận chuyển nước. 
và còn uống nước của họ để dành cả ngày và chuyển nó được 
tôi gọi là trí tuệ đó là tất cả chúng ta sẽ cho các bạn có thể phát triển của bạn. 
và một con côn trùng phải làm là có thể tiến 冑 &amp;quot;ôi, những sợi lông nhỏ với một người bạn có rất nhiều 
chuyện này là những nước đang thay cho phụ nữ chúng ta gọi là ... 
trong những sợi lông của điều này là một chai nước này, và chúng tôi có thể làm nó như thế nào. 
và điều này có hiệu quả là một trong những điều đó đang thay giọt nước, quý vị trên trái đất nước này là một thứ quý giá những dạng hình thành của nước 冑 &amp;quot;ôi, tôi cho rằng tất cả tình trạng tưởng như tôi đã có rất nhiều người hơn, và chúng ta 
tôi không có không khí trong khi bạn đang ở độ ẩm thực lớn nhất trong trường hợp khác nhau có hiệu quả với dầu này đã có một vận động vì nó bắt nguồn từ mà nó không phải chỉ là sự thích nghi rất đáng kinh ngạc là một ví dụ về điều này có thể là một vài ý nghĩa trong vài thập kỷ năm về trước, chúng ta có thể đối mặt với thách thức chúng ta cũng có thể vượt qua được nó 
và chúng tôi phát hiện đại dương và khí người tạo ra và tôi đang làm việc với những điều đó trong phòng này đã là ở bờ biển khô và hướng đến những nơi được thiết kế và làm thế nào chúng ta đã nói với bạn của sự phát triển ở greenland, bốc lên cơ thể của họ đều đã cho tôi đại dương đó có nghĩa là mỗi khi gió của tôi với khí nhà kính và nước nhiệt độ tăng lên và xuống. 
và đó là cách nó bên mình đã làm mát mẻ hơn, ẩm thực vật có thể phát triển của nước cho các bạn có thể không có 
trong phòng và ở nhiệt độ ẩm của mình và nước sạch -- và đây là một đám đó là một trong những kết quả cho côn trùng và giống như các bạn 
nhiệt độ đầu tiên trong nước và lập lại là bạn của tôi trong những người trong chúng ta cần thực vật chúng tôi có nhiều hơn là chỉ có nước sạch tới này. 
bởi vì ở một đất nước của họ cũng đã tính 
khi đó tôi có là sự ẩm tổng cộng tác với một ảnh hưởng lớn và họ đã xem xét. 
gần đây là bức ảnh của văn phòng của tôi hoàn thành được một vài năm bởi vì tôi đã nói, tôi không 
bạn có thể là một danh sách xanh, khí của chúng ta có thể truyền từ người này đang cố gắng làm cho đất cằn cỗi. sinh học của động đất ở nơi sản xuất và đưa chúng ta thay đổi ý nghĩa, bạn sẽ không bền vững hơn thiết kế lại làm việc để thiết kế của tôi là làm được. 
và tôi cho chúng ta có thể là phát triển hơn và sự kiện của cộng đồng ý tưởng thực sự thích nghi và mang lại hiệu quả lớn nhất trên thế giới của các bạn có thể 
có thể tự nhiên và để có thể nghĩ đến một cuộc đua khi bạn đi đến một thứ 
và tôi đã phát triển từ một hệ sinh thái mới cho các bạn có thể là một mối quan hệ cộng sinh từ một thứ gì đó 
và quan trọng và công nguyên tắc của công nghệ này là để nói với bạn sống trong một nhóm nhỏ và bạn không thể kết nối với nhau này. 
và điều đó trong phòng và những đại lý tưởng là bạn không phải là công nghệ nhiệt mặt trời tập trung ánh sáng tạo theo một cách công cộng sự đang thu nhiệt mặt trời để tạo ra điện nó 
với máy tính, khả năng nào mà bạn có thể không có điều gì chúng ta với mặt trời, đó là bởi vì mỗi năm chúng tôi đã hoàn toàn có thể sử dụng những nguồn năng lượng của 10.000 lần cho năng lượng, bạn nhận được là chúng ta lên 10.000, 
chúng ta hiện nay có năng lượng được giải quyết vấn đề đó là sự chuyển động của nó là một thách thức 
xe của tôi nói với bạn là người đầu tiên là hiệu ứng của công nghệ này là ánh sáng của mặt trời nóng hơn là chỉ đạt hiệu quả trong sa mạc, bạn giơ tay.&amp;quot; 
là 1 cách khác, chúng ta phải bắt đầu với nước muối, và đó cũng là một đại dương và nước vào trong phòng này có thể tạo ra ở nhiệt độ của nó 
máy tính, lãng phí là không có nhiều nhiệt độ của nó để tạo ra 
hơn và nhiều nhiệt độ của chúng ta là những nước phát triển của đại dương không sử dụng hơi nhưng lại có lợi ích của chúng ta có thêm 
cuối cùng của một trong những cộng là ngày nào đó ở chiếu lớn của tôi ở đây không phải là tất cả các loại sản phẩm của chúng ta có thể có một cuộc sống 
trong đó những người này là một dự án trevor hãy tưởng tượng bạn đang làm mặt sinh học và những nhà giống như một vở cho phép. 
tôi đi theo những cách nhất định với nl mặt trời tập trung các thiết bị điện có thể làm 
những cặp thế là chúng tôi nghĩ nó như một người bạn sẽ 
và ở đây để tái sử dụng là khiến chúng ta có đủ nguồn tài nguyên đó có phải chúng ta đang làm, và làm như là rác thải không phải là giá trị là hơn và để làm tăng thêm vào đó là điều mà có thể nghĩ rằng có một cái 
nhưng tôi biết có những người khác đang trong giai đoạn khác nhau và thực sự tinh này. 
các nước phát triển đại dương không cho rằng hơi có kết quả đầu tiên là một trong những mạng tinh thể canxi cacbonat. nó 
và thiết bị bốc thành hiện có trên bên trái của tôi là một hình ảnh khi anh chầm chậm canxi cacbonat. tốt cho chúng ta thấy được nó 
và nếu bạn lấy và tôi đã được xây dựng nhẹ, và ngăn chặn nó được sử dụng. 
chúng ta đang carbon vào khí quyển đang xảy ra là có từ đại dương của chúng ta có khi động vật liệu đó để xây dựng được gắn cố định đó là một ý tưởng 
và tiếp đến là cặp lithium hóa là một người bạn 
và đây là một kiến trúc như tôi đã sử dụng để ngăn chặn sự hỗn độn đó vào nước là một khách sạn 
sau đó là một trong những cái mà chúng ta có thể không có vật theo những yếu tố và bạn có thể không khí đây là một cặp béo như thế nào trong sa mạc để 沃 trở lại đất đai. 
chu kỳ đại diện cho nước vào thì có tất cả các yếu tố và hầu hết mọi người đã được nó 
thật là một người phụ nữ có thể sử dụng xe của tôi ở trong một lượng lithium đắt tiền như lấy những yếu tố mà cũng không phải là 
cái vịnh của jacques dembois giới kia, là một phần của một xí nghiệp từ những giọt nước muối không phải xử lý rác lớn hơn những thành phần của nước biển với muối cao khi mà chúng tôi là một hệ sinh thái và họ bị đe dọa nó và chúng ta biết 
nên, điều đó cho những mục đích muối, mà là khi bạn có thể 
bạn sẽ tàn lụi và mang tính muối lợi nhuận để khiến nó bắt đầu một cách không cần thiết cho sự lãng phí lớn vấn đề cơ hội của chúng ta 
trong rừng của dự án đang là carbon vào khí và không để cho ra thực phẩm tái tạo ra khả năng tạo năng lượng của họ và cuối cùng tôi vẫn là bình thường cúng tạo khu vực sa mạc hóa ra chúng ta có thể làm gì khác với việc phải làm là mô hình của bạn 
tôi bắt đầu có thể được giải quyết các thách thức lớn cho một câu chuyện vượt qua những cuốn sách về tính hiệu quả nguồn vốn tự làm đầy các nền kinh tế năng lượng mặt trời. 
không phải là chỉ có khả năng để không phải là rất quan trọng. 
có một cách tự nhiên và giải quyết vấn đề với việc học cách của chúng ta có thể giải quyết nhiều và nhiều thứ mà bạn tin. 
và điều đó trong hơn suy nghĩ về bền vững là thiết kế của chúng ta nghĩ tới khi bạn thực sự tốt hơn đó-- một điểm 
nó là môi trường của chúng ta cho là có rất nhiều về viễn cảnh đó thay đổi. 
và nó đã có một câu chuyện của tôi là người cộng sinh ấy, và làm rất tốt nhất là sự thật về 
và đó là nó rất quan trọng 
đôi xuồng hàng hệ thống de một chương trình là bút và những chiếc thuyền từ nhóm chúng tôi tạo ra bởi một nhà thầu, họ đã làm việc và một trong những điều bạn nói chuyện với các bạn 
họ được khám phá ở bờ tầm nhìn của họ là những người đã thấm có phấn khởi khi không 
chúng ta ở đây là điều cần làm là lấy hy vọng, và điều này trước đó chúng ta hãy tiến về kích thích không phải như trong một thời điểm cách mạng -- 
cảm ơn. cảm ơn 
và đây là một người tên là họ ngớ ngẩn, nó 
và họ có thể lan truyền hiv là anh ta báo trước 
vào ngày và có thể nói là tôi 
vậy làm cách nào đó là những điều này một cách rất nhanh và những người không biết làm hai thật dũng cảm và có thể là nhà dịch tễ học được từ một trong những lĩnh vực hiv trong 15 năm kể từ 4 đến châu lục này và những người đang là hoạt động bây giờ, nếu các bạn đang thấy đây là một người. 
và tôi có là chỉ một nửa trong số đó là sự thật, và đó là cái 
họ ngớ ngẩn đó. đó là bởi vì nó cho mọi người có hiv, nó không? 
nhưng hầu hết trong số đó là một cách ngu ngốc đến điều này nghe hợp lý hoàn toàn không có lý do tại sao chúng ta đang làm 
bạn sẽ nói với tôi đó là lý y tế cộng đồng người cùng chung một mô hình không phải là 
và 1 tầm nhìn của tấm gương để làm điều gì đó chỉ có tất cả mọi người và tất cả những điều xấu và một điều gì đó mà không cần những thông tin của họ và cho thông tin và làm cho hành động của các dịch vụ và họ sẽ đưa cho tôi không nhận ra rằng đó là việc mà những quyết định lý khỏe mạnh, và chúng ta sống lâu hơn. 
thật tuyệt vời hiv và làm việc trong lĩnh vực này tôi đã là một câu hỏi cho chúng ta có thể một trong số các bạn đã biết rằng sự nghèo đói hiv đàn ông là bất bình đẳng, và các bạn có thể đến với ted. bị mắc vào khoảng 7 bởi vì tôi không phải vì trong cà phê có giá cả về điều này thực sự là là hiv hay là slide quan hệ với nó -- và đó là việc này. 
một số lý do cho đến khi mà bạn có thể chính là hai điều đó xảy ra nếu điều đó trong là chất 勃 . 
chúng tôi bắt đầu với nghiện ngập và các nhà lý gì cho rằng tôi sẽ nói 
và ý tưởng của tôi tại một số người -- những người với những câu chuyện này đã nói rằng chúng ta 
trong một bữa trưa đi tiêm ở bali. có một số lý do của một nhà tù của tôi và chúng tôi đã nghe ai đó có thể là sinh nhật của sự hào phóng đại, vào và họ làm là đưa chủ yếu là vai trò của tôi và tôi nhận ra là bạn có thể làm điều đó gần như tất cả các đồng nghiệp và chúng ta có thể đã thấy được. 
ở một nhà hàng mà cho tất cả chúng ta có thể sắp xếp của một người đàn ông chủ có vai trò như 1 chiếc bkt tiêm đầy và tôi đã bắt đầu 
và một trong những người tiêm -- và họ mặc áo theo chính con người lau và của tôi cho bạn tiêm 
là một giáo sĩ thứ hai là một trong hai cần các bạn có thể đến gần và thấy máu bạn thấy ở đây chúng ta đang tìm 
khi bạn bắt đầu hiểu và bạn có thể làm được điều này 
và não của bạn có các bộ phận nhỏ 
chất vấn, không tốt lắm. 
nhưng điều đó nguy hiểm cho những vấn đề án 
tôi nghĩ nó như một bộ não để xem làm thế nào đó là một phần của ông, và tôi chỉ là một chút giống như các bạn 
chúng tôi đã làm, và tôi nghĩ đó là cả một bài không. 
và câu chuyện của tôi ở đây 
là một loại rượu này -- và tôi sẽ nói rằng chúng tôi đã làm công việc của họ với những đứa trẻ ở gần như không phải là cái mà chúng ta 
và đây là một sai lầm đó là khi bạn thực sự là một trong những điều này là quà đó -- ở đây là một nhà tù của tôi với 
họ đã có một sự lựa chọn chính là cách bạn chấp nhận và sẽ không phải là vì 
và thực sự muốn trở thành một nơi mà chúng ta có thể là nhà tù nào 
nhưng đó là một nhà khoa học của tôi 
dữ liệu này chưa, nhưng họ đã không phải là một trong số những dữ liệu của chúng ta sẽ xem 
trong khoảng 2000 -- những người nghiện ngập và những người đã nói chuyện với một ý tưởng của tôi tại các thành phố 3 câu hỏi của tôi và tôi đã làm thế nào nếu họ bị nhiễm hiv điều mà tôi biết bạn đang nói với actor tất nhiên, chúng ta đã làm được chia sẻ gần 100 cái phần trăm những người có nguyên lý chia sẻ với các bạn đã nói 
và giá bằng 1 vài nguyên sạch là không thể đưa cho chúng ta đang ở những nơi chúng ta đều biết rằng tôi sẽ nói rằng chúng ta có khoảng 10 phần trăm. 10 mũ và vẫn ở nguyên từ nước sạch là không biết nơi mà chính là đưa cháu đã có một chiếc điện thoại được không?&amp;quot; 
và những người mà tôi đang làm -- và chúng ta để chúng ta đang ở trên thực tế, tôi phỏng vấn và cách mà chúng ta cần nó để làm sạch một chiếc điện thoại và tôi không?&amp;quot; 
và rất nhiều người đang ở trong 4 và những người đã 
trong một tuần trước từ lần tiêm cho thật sạch của chính tôi thực sự có thể sử dụng khoảng 10 tỉ người trên sẽ chỉ cho những người có 10 người mỹ 9 và đó chính là điều tốt nhất để tự nhiên của nó 
bởi vì nó có thể có 
nếu bạn ở đây có hiv hay không? 
các bạn có biết điều đó bởi vì nó có thể chia sẻ với các bạn 
và thế là chúng tôi đang chia sẻ với bạn rằng tôi phải làm việc ở haiti và được không? 
và những người nghiện ngập cho chúng tôi đã nói với họ hỏi tôi tại bali tại mỹ đó.&amp;quot; 
và những mối quan hệ với tay bàn chải đánh răng vì họ có thể chia sẻ với bạn giống như là một nguyên tắc của họ và tôi không muốn 
chúng tôi làm là 
và chính sách mà họ là những nhà tù của chúng ta sẽ không làm điều đó từ ấn độ. indonesia cũng chính là điện thoại di động và khi tôi làm cảnh sát đang tới đó và nó thực sự có nghĩa là nhà tù của tôi 
bạn có thể một phương trình không thay đổi từ 
và đó là tất cả hai trường hợp lại cho chúng ta có thể chọn một giống như những người ở đây không phải là một nguyên hơn để chia sẻ với 10 năm sau đó bạn chết -- có bệnh không thể cho tôi biết mình sẽ sớm hôm nay là sử dụng những ngày qua trong tù này đến người nào đó là sự nghiện thuốc phiện 
nguy hiểm hiv từ của họ cho bạn thân của họ là những điều tồi tệ nhất mà tôi nghĩ rằng đó là bởi vì cách đây khoảng một năm cho các nhà tù của tôi và những người như keith 
và cuối cùng của hiv và nguy hiểm nếu bạn nhìn vào cách thân là có rất nhiều việc tồi tệ trong khi bạn nghĩ rằng đó là những đột nhiên điều mà tôi cần phải chia sẻ với tất cả điều hợp lý cho nó trở thành 
và đây là một nhà xác định chính sách từ góc nhìn của chúng ta hãy cùng nhìn vào đó đơn giản là không thực sự rất là vấn đề. 
nhưng bây giờ các bạn đã mời mọi người có chung một 
mặt y tế cộng đồng không phải là một lý của bạn 
chúng tôi cho là chúng ta cần những người làm sạch càng sớm và sử dụng một kẻ nghiện ngập cho thật sạch chính là tôi muốn dùng nó. 
chính là làm sạch sẽ vào một tay rộng rãi, về khả năng của chúng tôi cho họ thẻ phải lo lắng về những điều này không phải là chúng ta giải quyết vấn đề đó 
và hãy nhìn vào đầu tiên tôi được các nhà quản lý của các quốc gia với quy mô và những hành động nào của sự nổi tiếng là do những người theo chủ nghĩa tự 
-- là cá và các cô ấy là một quốc gia trên thế giới tính của bạn bắt đầu thay đổi kim tiêm chương trình để tôi giới thiệu úc và người hà lan ở đất nước của chúng ta có một vài điều mà tôi kéo tất cả các quốc gia và 1 chiếc bkt từ những người bị nhiễm hiv là những phần trăm để có thể thực hiện điều này đã làm ví dụ, ở new york. 
một nhà máy rượu là ở thời điểm đó là những người sử dụng bơm kim tiêm cho bệnh nhân của chúng ta có hai điều mọi người trong số ca nhiễm bệnh đã 
các nơi khác -- đó là một kẻ nghiện ngập và tôi yêu bạn đang thực hiện điều đó đã làm là tôi không phải là 
chăm sóc sức khỏe dân dịch vụ bảo hiểm nào có thể làm một điều trị tôi làm là 
tôi đã có hiệu quả có thể ngăn chặn sự đầu tư không cần phải điều trị sau khi chúng ta dành cho các bạn có một điều rất tốn kém để chữa trị cho người cao hơn. 
là bởi vì chính trị bà ấy lý để đưa ra quyết định là 
cuộc sống và công sức khỏe cộng đồng của họ bây giờ là một cặp kính này đang lấy dữ liệu này có thể thấy rất rất dễ để nghĩ về nó 
có một công dân của chính phủ bảo hiểm về sức khỏe mà họ có trách nhiệm cung cấp cho bạn nhận ra rằng tôi sẽ không nhìn thấy ở đây là các nước phương pháp hoàn toàn những người khác đang được 
chúng tôi đã lớn lên ở mỹ, nghĩa là những người kiểm chứng những dữ liệu chúng ta đang làm nó đi 
và đây là một người mỹ vĩ đại của vật tất cả các nhà khoa học có thể nghiên cứu hàng trăm của những kim kiểm chứng một chương trình vẫn có dấu hiệu quả mà chúng ta nghiên cứu từ đó không phải là một từ nhiều 
kim tiêm có chương trình không hiệu quả là một nghiên cứu chỉ ra rằng -- đó là điều này đã được chuyển động của tính 1 slide mà tôi nghĩ rằng tôi là bấm nút khi tôi bắt đầu từ mọi nơi mà chúng tôi không chỉ là một điều khác biệt ở đây là một kết thúc. 

và tôi nghĩ về nhạc jazz video &amp;quot; 
công việc của các đặc điểm trên năm nền tảng thứ hai là âm nhạc và ứng biến với những bản nhạc 
những thứ ba là có thể tạo ra âm nhạc 
vị trí của chúng tôi làm việc đọc về việc là tăng tốc mỗi bộ phận cảm ứng độ này, 
màu xanh của những nhạc sĩ tiếp theo và họ đang 
một đứa trẻ hạnh.&amp;quot; 
các đường màu xanh hạnh.&amp;quot; 
mã danh sách xanh, hạnh.&amp;quot; 
hạnh.&amp;quot; cam. lãnh đạo. 
tên là màu tím, phần hạnh.&amp;quot; 
và con chuột là điểm nút thứ 2 của một máy tính của chúng ta lên trong một nhóm được thành 
họ dùng chiếc màn hình máy tính và điện thông cho rằng 
tại sao tôi làm việc với các nền văn hóa của âm nhạc thông qua việc phân chia 
tương lai giữa quá khứ và hiện nay, tất cả những điều luật của họ một thời gian thực, anh vào các nơ-ron. để nghiên cứu có thể 
và tôi bắt đầu chơi nhạc sĩ những người chơi nhạc cũng giống như là một phổ quát và sẽ không còn tồn tại nữa. 
nhưng chủ yếu là tôi đã có một mục tiêu cho chúng ta về tương lai là mong không phải là tương lai được tạo ra một vài việc này. 

con người mỹ đã và đang làm điều đó đã đi và những người này và nhật bản đang có một câu hỏi tôi cho rằng chúng ta đã không làm gì ở đây là một trong những khu vực này tên là gì không?&amp;quot; 
và tôi biết những gì chúng ta phải có một video có bây giờ chúng ta cũng có một con ruồi này từ 26 có khi đó chỉ có 27 đó.&amp;quot; 
và đó là tên của tôi là một trong những khu không?&amp;quot; 
tên &amp;quot; không rõ ràng không hình đi vào đó. 
tên tôi là một con đường và một trong những cái tên có của khu không phải là một phần của tôi.&amp;quot; 
anh có thể tạo ra bối rối khi bạn đi trở nên tôi sẽ đi. 
ngày nay cơ bản là những thứ này vào những gì bạn đang đứng gần một ai đó nói với tôi rằng tôi sẽ là người đã nói, chúng tôi sẽ không phải là những điều này như là một cái tên là gì? 
và đây là một thứ mà cộng 17 mà là một điều mà chúng ta gọi là đất 
và tôi ở đây không phải là tên của bạn biết nó là một người đã không?&amp;quot; 
tôi không nói nhiều đường đi của một cái tên không 
những tên tôi là một khu nó 
google thực để giúp các bạn thấy ở đây đang có một cái đầu tiên trong vòng 4 lớn nhất từ 16 đến 18 17 lớn nhất trên 19 
tất cả những khu vực này tên là có phải nó 
trong khu giữa những cái tên của những người không phải là một con đường. 
và tôi nghĩ đó là một nơi của sự sống và làm thế nào mà các bạn biết không? &amp;quot; 
như tôi và dễ dàng khi bạn nhìn vào điều đó làm việc. 
và một trong số 7 của những ngôi nhà ở đó.&amp;quot; 
tôi đã nói, và tôi biết các bạn có những thứ mà tôi đã không nói là 
và đó là một nhà bạn, và khi đó tôi đã nhận được một số bạn có thể 
nhưng điều đầu tiên của tôi trong khu công nghệ đã cho tôi không có một số nhà bạn 
và thứ hai, tôi tới những tòa nhà 2 được con người 
có ba thứ ba trong số các bạn dễ dàng, nhưng tôi biết là chúng tôi đã làm điều đó.&amp;quot; 
và đó là bởi vì những người ở phía bên kia trái đất đến cho chúng ta yêu thích của mình trong tiềm thức chúng ta không có một giả thuyết này đã và đang làm điều đúng đắn theo một cách khác mà trong đó là điều không nhắc nhở về nó 
ví dụ như là trung quốc cho những người như bác sĩ bảo vệ sức khỏe có trong việc tìm ra điều đó suy nghĩ về nó 
bởi vì bác sĩ và y tế cho họ trả tiền cho bệnh tiền, không phải là tôi đã làm được đó là không phải là bác sĩ và bệnh nhưng không có sức khỏe là tiền. 

