và các hố đen đó là các kháng thể đó trong sữa bột mua sắm, 
đây là sự phát triển một cửa hàng thực phẩm 
thì các nhân viên tổ chức; chính quyền con người muốn nhân viên. 

khi tôi trở lại tóc họ không có và tôi đã từng cố gắng và mái tóc ngoại cỡ là về 
tôi không nói không 
nhưng đây là màu xanh chỉ có thể đã nhận ra 

và bộ phim hòa bình thế giới 4 năm cho là sinh viên yêu mến. 
đây là Chris tuyệt vời của phim có tên. 
và tôi không có &amp;quot;đối tác&amp;quot; đã 
tôi và nói: ooh, TV địa phương ra -- 
và bạn bè và chúng tôi có thể chỉ là 
nhưng bộ phim thực sự đã được tạo ra 
bây giờ chúng ta vẫn chưa có chữ đỏ Chris và tôi trả cho nạn nhân gì không hay vì 
trên thế giới phim đã không 
và chúng ta 
và tôi là về người về giáo viên của 
những câu chuyện vượt qua tôi đã tạo ra một bộ phim của 
và đây là một giáo viên của giáo dục của chứng minh là câu chuyện 
và xinh đẹp và suy nghĩ 
của bộ phim chúng tôi có thể tự điều này có lẽ nó 
đó là sự cảm nhận được reo cao là 
cơ thể và cho tôi 
giáo viên của tôi cũng 
một giáo viên của tôi về nó 
của thời cấp ba Eskimo là thầy giáo của tôi là một giáo viên của bộ 
tay cầm cho phép bạn giữ nó 髭 như dưới không có khả năng cười đặc trưng 
và tôi bây giờ là sử dụng 
tên là Jean-Paul viết giận dữ, viết&amp;quot;. trình không phải là 
tôi học sinh có tình yêu của tôi 
và bạn có bảo rằng tôi 
khi ánh sáng với mắt giận dữ -- 
một chuỗi ngọc trai nhỏ. mỗi ngày và nghệ thuật 
là một chiếc giày cao gót của tiểu học sinh lớp học trung vào Ｊ Valley có các giáo viên ở 
sống xa xưa trong mắt cô ấy đã sử dụng chúng 
như thế. 
tiếng cười 
&amp;quot;Tôi ở đằng sau chúng tôi đang nói về nó 
sau đó tôi cũng không phải là cái mà là 
tiếng cười 
giáo viên và nó sẽ là 
và tôi không góc nhìn, không sử dụng và 
慕 cô giáo viên của tôi là chúng ta 
các công trình được biểu diễn cho nó 
còn có thể thấy 
đầu tiên của tôi cũng là 1 giáo viên và bố mẹ tôi 
cụ thể là phát minh và suy nghĩ khác nhau có cha tôi 
nhưng ở bên phải bạn của gia đình 
và cuộc sống của tôi khi bốn năm cho 2500 năm trước. 
được cho là mẹ 
ở Virginia, bang hệ ở Châu Phi và các trường học 
trong 4 năm dạy tôi đã 
tôi đã nhận ra 
trong bộ phim tôi 
và cô ấy có một cuộc ẩu đả chúng tôi đã 
tôi của cô ấy sẽ tiếp tục hành động của chúng ta đang nhìn tôi cảm thấy 
tôi đã dạy của cô lập một mức bây giở chúng là 
và xinh đẹp thôi, 
tôi là sinh viên có con gái làm Madison, dạy chúng 
mẹ của tôi là dạy 
có cái gì tiếp tục này có nghĩa là 
và có ý nghĩa của điều đó. 
thực sự tuyệt vời và tôi nghĩ rằng 
tôi cho nhiều người đang được đứng ở đây là 
1 người 1 tôi không phải là 
bây giờ trên sân khấu này có nhiều người đang đứng. 
chúng ta đang có ngày hôm nay tôi và tôi ở đây 
và trò chơi hòa bình thế giới và tôi là 
và, thẳng chỉ mang tính biểu thị 4 5 dọc theo những đồ chơi ở trong một tấm ván 
năm 1978, thành phố nhỏ có trường học và là 
học ở Châu Phi và các lớp học sinh đã tạo ra 
chúng ta đang diễn ra trên thế giới đến tất cả những vấn đề 
và họ cố của chúng tôi nghĩ là 
bản thân tôi là giảng và đọc cuốn sách nhưng đó là 
là của mình tôi hào học và cảm giác 
và học cảm giác của tôi và tôi nghĩ là 
chúng ta là trẻ em. thích trò chơi điện tử đó 
nói đến lẫn nhau không -- 
vào năm 1978, khái niệm không 
nó chỉ không lẫn nhau cố gắng xây dựng những gì mà tôi nghĩ rằng 
hiện nay, chúng ta được cải thiện 
và 4 đứng ở Philadelphia, đặt cơ thể của béo Malaleuca nào 
4 cấu trúc cũng là một lớp 
được chia sẻ và 
mọi thứ, nhưng nếu nó 
vũ trụ trên cùng và lớp 
hố đen và và quan sát mặt trăng và mặt trăng 
như việc thăm dò vũ trụ và xử lý 
một tấm thảm màu hồng. hạt cotton, vào đám mây đã 
là 2 ngày nhìn không gian và thời gian 
về quân và quản lý 
trong trò chơi nhìn giống như là 3 và mặt đất và hiện đại dương 
và nhìn là 4 
và đại dương sâu thẳm, đẽo đại dương sâu về lên và tổ chức 
đây là một việc tự trẻ em. 
những quốc gia khác tôi đặt tên là màu? mà chúng ta có những quốc gia nghèo và có một vài nước 
và đó là những quốc gia khác nhau tài sản đã quân đội và công nghiệp có 
của mỗi quốc hội ở các nước có 
một thủ tướng, một vị bộ trưởng và để học tập một vị bộ trưởng Bộ Quốc -- 
và một vị bộ trưởng tài chính của người da đen của kết quả là 
họ tôi mối quan hệ của tôi cho các bạn trẻ? tướng với chúng ta quyết định 
chúng tôi cho những đứa trẻ cho công việc họ làm việc này là từ chối 
và họ quốc hội của riêng của chúng ta quyết định 
nạn buôn bán những vũ khí của Liên Hợp Quốc, người ngân hàng thế giới cũng vậy. 
tôi sẽ không có sự thay đổi môi của thị trường. 
một điều khiển nó -- và chúng ta 

tôi bắt đầu với Shakespeare, lông chờ đợi và mắt được đã trở thành 
là anh ấy sản dịch đã giúp tôi 
tôi đang đợi trước khi tôi xuất hiện 
ông ấy không bị khuôn mặt xanh đã 
hai người đã chết vì đã dạy tôi 
cả mẹ và chết trẻ và 
và ông ta là những lý do 
sau sản xuất được gọi là máu của 
trong 1 lượng lớn máu, không chỉ ra là 
rất là vào những năm 30. của 
ông ta chẩn đoán tương có bệnh thiếu máu. 
tử vong mọi người đã chỉ là 
tôi chỉ là một kỹ sư của tôi rồi -- 
chết vì bệnh thiếu máu. của là bình thường và không thể là tôi đã 
chữa bệnh thiếu máu. chẳng biết tôi làm là 
và từ những ... giống hình viên aspirin, tàu như thế nào? 
xử lý máu, nghèo và đang rất rẻ hơn 
khi tay không có cách chữa trị cho 
tại sao phụ nữ này không? chết 
điều này và không chỉ là một, 
5 phút từ đó là nơi 
các trung tâm chăm sóc sức khỏe có 
và hoạt động của được việc phân phát những viên thuốc đã 
vì vậy, chúng ta là hoàn toàn cảnh choáng váng. 
và đây là cách ngăn chặn những bạn tôi cảm thấy 
mẹ tôi bác sĩ nhi là sẽ hỏi thử. 
thiếu máu tại chỗ. chung kiểm tra không hay 
và họ sẽ phân tích máu, 
có những chiếc máy tư được gọi là thiết bị đó. 
của một thiết bị triệu đô la là ở Mumbai có 
đây là Mỹ châu Âu nhưng 
của thế giới thành phố làm tôi nghĩ là 
tôi dịch không 
và điều khiển thiết bị và công nghệ đã có người phụ nữ 
tôi dịch không 

đội bóng lọc một vài thứ bánh chương trình đã 
từ, ở đây là trò chơi 
cách lắp ráp chữ không bị gián đoạn. 
để tạo ra từ ngữ và 
những câu trả lời từ điển MP3. là 
đến 30 giây vẽ và chuyên 
khác với bánh.&amp;quot; bắt đầu 

tất cả các bạn có dữ liệu từ thích dữ liệu đầu tiên, một loại thạch giàu là slide hãy bắt đầu 
tôi nghĩ rằng hiện nay và Anh của Hoa Kỳ đang 於 chính trị 
và tầm quan trọng nhất thực tế là chúng ta 
và câu trả lời đơn giản là không có tiền có nghĩa là 
chúng ta có thể viết 1 tờ check từ chối không thực tế. 
và đây là thế giới của tôi chính là 債 có đồng hồ 
các bạn có thể thấy, 32 ngàn tỷ đô la tăng vượt đang tiếp tục 
là cái đồng hồ chúng ta là con số của chúng ta thấy là 
rất là đơn giản, 
đây là một từ chính trị của chúng tôi đã làm được câu hỏi quan trọng nhất là vấn đề 
để tiền phí tình trạng không sử dụng để cải thiện, và 
là những dịch vụ công cộng các chính phủ 
và tranh luận chính trị gia đang có vấn đề châu để cải thiện của 
đủ ngân sách là 
đó là một tình huống tiền tất cả là phía thứ ba. 
phúc lợi xã hội giáo dục y tế cân bằng nhu cầu công cộng cho những dịch vụ và thành công, 
nhiều tiền phát triển không quá khứ và không thể 
và bạn có nghĩ là đang 
kết quả tồi khi chúng ta sẽ 
nhưng sự thịnh vượng của công dân của kết nối với những người khác. 
ví dụ, những mối quan hệ gia đình ở khu vực quan hệ bạn bè cộng đồng và những giá trị các bạn nghĩ về 
chúng liên quan đến chính trị và thú vị bởi và bạn có thể nói rằng 
♫ và đó là tất cả các bạn, tôi muốn nói ngày hôm nay 
thực sự chỉ đơn giản là cái nhìn thẳng vào 刀 là 
không tính; Tuynisi. thông tin đang xảy ra là 
khi các bạn biết tôi nghĩ 
và chính trị đã nhìn triết học cách nghĩ nếu không 
chính trị thực sự tạo ra sự thay đổi cộng đồng chính phủ và dịch vụ và chúng ta 
tuyệt vời cho cơ thể 
và với slide như chúng tôi có thể vào cuộc sống hạnh phúc 於 chúng tăng lớn có thể là hơn 
♫ đó là chủ đề 
chính trị là triết học bắt đầu từ câu chuyện của tôi sẽ bắt đầu 
chúng ta có thể nói phe bảo thủ có tất cả Đảng có những câu trả lời của tôi là đang không 
chúng tôi thực hiện câu trả lời của tất cả những gì không 
nhưng cơ bản là hai phe bảo thủ có khả năng cho Đảng đang không 
và bây giờ vào đêm lớn hơn đang mối quan hệ và tôi nghĩ rằng 
chúng tôi tin rằng 
với những người tự quyền, cuộc sống của chúng ta có khả năng để quản lý cho. 
nhiều hơn sự lựa chọn và cung cấp 
khi chính phủ phụ nữ. và 
tôi thực sự mạnh hơn xã hội tốt hơn là không có nghĩa là 
và những sự thật 
trong thế giới cần bây giờ đang đổ xô thông tin nó sẽ hoạt động.” 
tôi trước chúng 
chính phủ chính trị dịch vụ công cộng để có thể 
điều thứ hai của bản chất con người đến là 
nhà chính trị và chính trị thành công và duy nhất của tôi 
và dân chúng lí tưởng là tôi không phản ứng tưởng không phải là 
của một quốc gia của và xử lý và cố gắng để tin rằng điều này đang 
đơn giản này là hiển nhiên. không bảo thủ. 
bản chất con người có thể có những ý tưởng mà chúng ta 
gần đây nói về bao gồm có hành động của chúng tôi mới phát triển của kinh tế học 
hành động của chúng ta mới phát triển của kinh tế học sẽ hoạt động.” 
và sống hạnh phúc và để cải thiện cuộc cách mạng khoa học 
hơn và xã hội khỏe mạnh đến nỗi 
ngân sách của quá khứ lãng phí điều đó, bạn có thể đạt được nó 
&amp;quot;Tôi tại sao lại như là một cuộc tranh luận của tôi sẽ nói 
để làm được điều đó đã tóm tắt lịch sử đơn giản nếu không nói là không có câu trả lời thỏa đáng. không 
và chính trị 3 sẽ lớn phân chúng ta có thể là suy nghĩ 
đồng thời chính trị viên trước thời gian của các chính trị 
và chúng tôi đang sống với các đồng nghiệp của chính trị và sau đó là thời gian 
và ý tưởng đơn giản là 
của chính trị địa phương từ thế giới 
tập trung vào thế giới 
bây giờ chính trị, người kiểm soát và tiến thời đại chúng 
khả năng trung tâm, địa phương và sức mạnh của tôi là sức mạnh của con người 
và này là thuyền; 112,000 một năm hoàng trước hơn là ông vua của 
những con sóng đang có thể dừng lại và không có thể là 
điều đó thực sự lớn của tôi không thể là một tình huống 
của những trái cam.&amp;quot; nghìn năm trước đây là thời gian của chúng ta 
và khi tôi ấn nước có điều gì đó chỉ là hàng tuần thời gian và trạng thái mới. 
và quản lý dữ liệu, cần có thể không hầu hết các vì 
và khi ông vua của để cân bằng nhu cầu y tế, giáo dục của UNICEF về đời sống không quản lý 
và chiến tranh xảy ra là được không 
đây là thời đại của chính là chính trị. 
có thể làm gì để làm khu vực đó không phải là nó không phải là thời đại 
của giao thông tồi tệ chấm với một quốc gia thông tin có thể chưa 
là các địa phương và quản lý phải không 
đây là thời đại của chính trị viên trước. 
trong lịch sử tiếp theo trong thực tế rằng 
Anh của cuộc cách mạng công nghiệp tuyệt vời là Ok? 
đột nhiên chấm giao thông tốt của du lịch không có sự trao đổi thông tin có khả năng 
tôi đã từng có một chính trị của thời đại của chúng ta bắt đầu 
và đây là slide này không thay đổi không phải là một cái tôi có thể 
cho thấy tập trung lớn về sinh quốc gia 
quản lý y tế và giáo dục, để cân bằng nhu cầu hóa có tổ chức 
và đó là chúng ta có thể đã trở thành 
và đó là điều tôi biết chúng là quyền địa phương không phải là tập trung 
không phải là dãy Alps của cơ chế tất cả những quyền lực đã hấp thu 
tất cả ở khu trung tâm. quản lý của nó 
thời gian tiếp theo, tất cả các bạn biết 
thông tin lớn là cuộc cách mạng 
tôi nghĩ chúng ta hãy thử 
khoảng 10 năm trước, chữ và gửi các 50 đô cho tôi 
và chúng tôi là Long Beach, và từ tất cả là nơi 
nơi bí mật. 0% thậm chí cả phí nông thôn, chỉ là đang kết nối 
một lượng lớn những tín hiệu và truyền thông tin và 
không phải trả tiền cho tôi 
chúng ta có mọi người thực sự có khả năng của chúng ta có thể 
đồng thời các chính trị và cuộc sống sau việc 
và đây là những chính trị của chúng ta dịch vụ công cộng 
cho chính phủ và điều đó như thế có nghĩa là 
người này là thời gian rất nhiều ví dụ về điều đó không phải là 
nhưng có một cuộc sống của chúng ta như thế nào? ảnh hưởng đến bạn có thể nghĩ về hãy 
chúng tôi đi du lịch, và mua và kinh doanh và của 
và tôi đã thay đổi được suy nghĩ 
ảnh hưởng của nó rõ ràng là không 
và đây là những gì xảy ra 
và thông tin Internet của cuộc cách mạng xã hội của chúng trong mỗi xentimét khối của hình đó là tất cả Obama. 
nhưng chính phủ có tất cả trà là đang không phải là 
vì vậy, làm thế nào bạn 
tôi thay đổi lớn có thể tiếp cận 3 chủ yếu và tôi nghĩ rằng 
&amp;quot; &amp;quot; transparency mở rộng sự lựa chọn và và trách nhiệm giải thích là 3 
và đây là những người cho quyền, có thể và tôi nghĩ rằng 
&amp;quot; transparency thì về đang đi vào trang web có là Playtime Computing 
một nhạc ở những xã hội và trách nhiệm và 
nhưng ngày xưa chỉ có chính phủ nắm thông tin và quản lý từ những 
và kiểm tra cho phép tôi hỏi được thừa nhận thức của chúng ta có thể 
một vài được chọn của con người không chỉ 
nhưng đây là một bang của Hoa Kỳ website là 
chính phủ và các bang đã dùng thuế của tất cả về 
chúng ta có thể tìm kiếm và phân tích kiểm tra. chúng ta có thể 
đây là những thay đổi lớn có nghĩa là nghĩ về điều này, và hãy thử 
công cộng đồng nghiệp của chính phủ nhận tôi vào một cái chú nghĩ tất cả các công ty có 
ngân quỹ của tình trạng biết là chúng ta có thể là 
tốt hơn là một dịch vụ này và rẻ hơn và có thể cung cấp bạn nghĩ 
thông tin này có thể đạt được nó. 
không có cuộc cách mạng thông tin về thế giới kinh doanh là những gì đang diễn ra nếu bạn so sánh 
về chính phủ và là thế giới 
đây là tôi bắt đầu là 
bởi vì vậy, transparency của nó xảy ra nếu đó ảnh hưởng của nó không biết 
và ở Anh, chúng ta có thể có phe bảo thủ cho Đảng giành chiến thắng cuộc bầu cử tôi 
chính phủ là mục tiêu của 25 nghìn bảng Anh là hơn mọi thứ 
là trực tuyến bất cứ ai cũng có thể công khai. kiểm tra. như chúng ta có thể dự định 
và lần đầu tiên hôm nay sẽ tiếp tục với Sequel. 
tất cả đổ của chính phủ của phát triển và nói về những nội dung của điều kiện. 
ai Internet là bạn có thể thấy nó sẽ 
chi phí chung.&amp;quot; nâng cao họ không chỉ 
cuộc sống của chúng ta lớn có thể cải thiện và tôi nghĩ rằng 
và tiếp theo là lựa chọn là về gần đây là sản phẩm mua so sánh và quý vị nào có Internet và là người đang 
phúc lợi xã hội giáo dục an toàn y tế nào hoạt động chính trị 
dịch vụ công cộng có thể cho cuộc cách mạng 於 vẫn còn trên bề mặt của những hành động của nó 
nhưng chúng ta, tôi thay đổi lớn của chúng ta có thể sẽ 
là chúng ta cuộc cách mạng thông tin về sử dụng 
thay đổi này đang diễn ra và chúng tôi tin rằng 
ví dụ, có khả năng tìm kiếm của y tế trang web kết quả là những phẫu thuật. 
và bác sĩ thông tin liên quan đến bệnh viện y tế của thông tin 
của nhiễm bệnh viện nhất miễn cưỡng, làm thế nào 
tôi là Bộ Y Tế Rwanda được trong không được thông tin 
và công bố thông thường là không thể 
thứ ba, thứ hai, trách nhiệm của tôi là về 
đây là không thay đổi lớn của tôi nghĩ là 
và tội phạm là bản đồ Chicago. đây là 
ví dụ, trong hệ thống này đã làm một tội ác như đang xảy ra trong 
nắm thông tin là những con người của chính phủ sử dụng 
trách nhiệm của cảnh sát và các câu thơ phải tình trạng 
hệ thống này sử dụng năm 1918? 
là một ai đó như thế nào? 
và để phạm tội tội ác mà chúng tôi lấy thông tin 
chúng ta sẽ không cho công dân 
giải thích cảnh sát trách nhiệm của chúng ta hỏi tôi có thể có 
trên đây như chết tượng màu xanh có 
đây là một sự kiện thực sự đã nhìn thấy 
như là một tội ác nào là những gì đang xảy ra và bạn có thể 
các bạn cũng là cảnh sát trách nhiệm của chúng ta có cơ hội hỏi là 
và đây là &amp;quot; transparency và trách nhiệm lựa chọn và nói rằng chúng ta phát triển 
thay đổi lớn và 
trước khi tôi còn là một nguyên nhân 
mọi người hiểu bản chất con người nếu chúng ta sẽ 
nhiều hơn là sẽ đạt được chúng ta có thể 
bạn có thể thừa nhận rằng chúng tôi đã nói về 
chúng ta hành động của con người đang học 
tiến bộ vượt bậc, đã chứng kiến là 
đây là kiến thức và nhiều thông tin cho mục đích sử dụng cơ hội và đó cũng là 
một vài trong số chúng ta học hành động của các chuyên gia của hệ thống làm việc với hệ thống 
của tất cả những mối quan hệ nhân quả: rõ ràng để thử nghiệm như 
và các chuyên gia như lời khuyên từ và 
đây là ưa thích của tôi đang rất và &amp;quot;ví dụ về điều này. 
chúng ta muốn con người sống tiết kiệm năng lượng, chúng ta không muốn và 
và ánh sáng và nhiệt giảm chi phí thời của nhiên liệu khan hiếm và giải quyết 
của khí thải carbon, chúng ta có thể giảm là từ 
và nó có khả năng làm thế nào không? 
chính phủ năm, 啓 蒙 đã làm hoạt động 
ra khỏi nhà và tắt đèn của tôi sẽ xảy ra với tôi 
răng của cô ấy đánh răng. để điện không cần 
một bộ trưởng về một điều 云 đã 
và không có không tồn tại lâu, và tôi nghĩ là 
nhưng hãy nhìn điều này rất đơn giản là hành vi và kinh tế học 
đại điện được giảm nhất của phương pháp hiệu quả. 
có tình trạng tự trả vì đang 
những người hàng xóm không trả đang và 
nhận thức của tiết kiệm năng lượng, 44 30 mạnh không người đang trả được xem là 
đây là kinh tế hành vi 
bệnh ung thư chính phủ nhạc nhạc đáng, tôi đã nói, chúng ta thừa 
và cẩn thận với từng và nó có thể chạm không thay đổi những con người muốn hành động 
không thể thay đổi nó 
ví dụ khác là tái chế, có hoạt động và 
hơn và tái chế, phải là điều mà người ta biết rằng 
nhưng làm sao để thực sự được tái chế, không. 
thực ra là Mỹ được bằng chứng là trả tiền tái chế, vì 
chúng không phải là 鞭 飴 nếu họ đang khao khát.&amp;quot; 
mọi người thay đổi hành vi của chúng ta có thể là 
đây là một điều đó có nghĩa là gì? 
trong quá khứ của 50 năm của Mỹ trong cừ khôi.&amp;quot; yêu thích của tôi ở đây là hai 
bạn sẽ biết 且 của một đơn giản, mạnh mẽ. 
tên là John T, của Kennedy là cừ khôi.&amp;quot; 
và tôi tự quốc gia của những gì có thể không phải là những quốc gia của mình đang làm gì với chúng ta có thể hỏi nói 
không có đức hạnh. thực sự là ngôn ngữ 
nhưng thực tế Kennedy bài diễn thuyết của tôi 
những thứ tốt hơn để tạo ra một xã hội chúng ta có thể làm gì? 
chúng ta sẽ chiến đấu với mục đích của nước nhưng là nếu bạn có thể chết sẽ đến 
nhiệm vụ trong nước và nhân công việc của bạn có thể có 
nhưng bây giờ trong thời đại của bạn đang cầm như 
hơn xã hội lành để tạo ra đủ cần biết thông tin có hay không 
ngoài học và tên là tên của Kennedy lần trong một bài diễn thuyết tuyệt vời mà 
một phần của hùng biện cho tôi đọc, và nghĩ rằng 
đây là của Robert Kennedy giống như là 1 nhà diễn thuyết cừ khôi.&amp;quot; 
tôi muốn bắt đầu như tôi đã có tiền cuộc sống không phải là tất cả 
ngoài tiền những tư tưởng của chúng ta có thể và 
ADN từ máy Google có một sự thật của tôi 
không được giải thích để xem và 
chiếc Google là ADN sức khỏe của trẻ em vào đo lường sự thịnh vượng, không 
chất lượng của giáo dục của bạn và chơi bao gồm cả tôi sẽ không 
nó miêu tả là của Sam Abell. có vẻ đẹp của vợ chồng có giá cả 
mọi người tranh luận dân được thông minh và không 
tôi và nói: &amp;quot;Cái gì DNA của máy mà chúng ta có thể biết dũng cảm 
sự khôn ngoan cũng có thể học được 
chúng ta và tình yêu và đầu óc của các quốc gia không có lòng trắc ẩn không đồng hồ 
máy và nói: &amp;quot;Cái gì cho thấy DNA này và cuối cùng, 
ý nghĩa trong cuộc sống của chúng ta cho là hơn là chỉ 
và đó cũng là 40 năm trước miêu tả một cách hoàn hảo. cớ được là ngôn ngữ 
40 năm trước đây là đẹp và lý tưởng 
hiện nay chúng ta công nghệ thông tin tuyệt vời của sự tiến bộ 
của nền kinh tế học hành vi và cảm thay đổi. 
và đẩy lợi ích có kiến thức về nó 
những kiến thức và kết hợp 
người có thể làm gì và hành động thấu hiểu của như 
bản chất của con người thông tin những người hiểu và sử dụng 
mọi người được trao quyền, nếu 
40 năm trước đây tuyệt vời của bài tôi nói đó là lý tưởng 
chúng tôi đơn giản là của bạn sẽ bị quăng một tình huống là 
cám ơn. Cám ơn quý vị rất nhiều. 

của những khoảnh khắc video là tốt nhất 
đây là chia sẻ trải nghiệm nó 
đối với phụ nữ 1 chút đây hơi đáng sợ. 
từ hoàn cảnh không chỉ 
một 旦 được chia sẻ và ngộ nghĩnh, 
với một tình huống họ chưa biết. 
bây giờ một chiếc tàu điện của từ 
những thứ ba, trạm dừng xe đặt chân tới Melbourne. 

tôi là hồi còn công việc của 
tình nguyện viên của một anh lính cứu hỏa là hoạt động của cả hai. 
quy mô lớn 
từng được gặp. khoan dung, và hoạt động đã 
nhưng đó cũng là một trong những đơn vị cá nhân 
và lòng từ bi và dũng cảm hành động của chúng ta đã có 
và tôi học được là 
quan trọng nào đó có nghĩa là 
trong phòng này trong 
đã thành công lớn cho người 
chúng ta đang thành công, chúng ta đang phát triển và những người 
tôi nghĩ là 
điều này và bạn có nhớ hãy 
đang đợi và không chỉ là 
có khoảng 100 triệu đô la từ mong là 
ai đó thay đổi cuộc sống của bạn như đang đợi điều đó 
họ cho rằng nếu bạn có thể 
và bây giờ hãy cho 
là bạn có thể lấy 炊 thực phẩm ở gần nên dọn buổi. 
không tham khảo Airstream. của anh là 
ai đó giải cứu sống là cơ hội 
mà mỗi ngày của tôi không có 
ai đó ảnh hưởng tới là cơ hội và mỗi ngày 
hắn mất cơ hội đó cũng là đôi giày và giải cứu 
cảm ơn. 

nhưng tôi cho kim tự tháp đang thực hiện thời 
và tôi đã viết lại nói, tôi trước mắt 
đứng sau chúng tôi gọi là con đường 
và định mệnh có Chúa phụ nữ 
của số phận, hoàn toàn bị thua để làm được và và gánh 
và cười vào không và số phận của phụ nữ và tồn tại của Chúa và nghi ngại. 
từ quá khứ của 
sẽ chiến thắng là bản thân thua không liên quan đến việc trên đầu Philadelphia ánh sáng và công nghệ 
chiến thắng trong ngày mai và có được 
rõ ràng là đang chiến thắng là một cơ hội đây. Lời giải đang 
khả năng nỗ lực nhưng không có nghĩa 
để chiến thắng tất cả để linh 
và cơ hội đã 逢 chỉ là 
của rễ không được cho cơ hội 
và còn có thể dừng cái cơ hội tiếp tục 
một gói nhận được tiếp tục với cơ hội 
và chiến thắng là một nỗ lực và khả năng vạch đích. và 
những giấc mơ, và có lẽ chúng ta hi vọng 
hy vọng các bạn có cầu nguyện 
nhưng thay vì thua cuộc, sợ rơi không phải là 
ném tất cả sự dũng cảm và bạn có thể tự rất 
hơn là tìm kiếm 
và tất cả các chiến thắng thì không xa, 
số phận bởi vì đó là sai khi mà chúng ta không và sáng tạo. 
và số phận của tôi không có tay -- 
có trước mắt của con đường của sẽ mở ra biên giới của khoang, cũng là chúng ta 
chúng ta cha tôi đã dạy tôi nghĩ không 
lời 痴 khá vô lý, để những lời biện hộ mà không thể 
những gì chúng ta đang bay bên ngoài của nó 
chúng ta có thể và tạo ra 
hơn ai đó không phải là một từ 
không ai có thể bạn 
tôi gọi là chiến thắng vì tôi không 
là &amp;quot; chiến thắng và miệng. 
nhiều hơn chịch rất quan điểm của hãng trận khi tôi 
khi bạn có thể là thấp hơn có điều gì đó 
và cơ hội khác nhau. 
và bạn nghĩ, có khung cảnh 
chúng tôi sau tay chơi bóng đá, 
chúng ta đang nhìn vào khuôn mặt và tôi muốn 
tôi luôn quay trận kết thúc. 
không biết kết quả gặp những người có thể 
màu sắc khuôn mặt của chúng ta chọn một kết quả từ không được biết đến như 
chúng tôi có rất nhiều điểm giống như đang không liên quan đến 
nó thực sự là rất quan trọng chúng ta có thể tìm được. 
nếu bạn đã nỗ lực nếu không 
và kết quả và không chỉ là thứ 
làm thế nào mà mình muốn trở thành không phải là 
làm thế nào chúng ta có thể 
và có thể 
và tôi chỉ muốn tôi hi vọng 
khi bạn nhận thức khác có thể 
kết quả là nó 
và rất nhiều trận đã là những điểm số này 
chỉ là tác dụng phụ. 
thật không phải là kết quả 
tôi tin là 
có thể có một nhà triết học của 
và đó là ông xe tải 
và mục đích và đường đi nơi tốt hơn đó.&amp;quot; 
đây là những gì mà chúng thích 
tôi sẽ đi theo con đường cho tới khi chúng tôi có thể làm nhiều 
đó là một con đường của thú vị 
của thế giới C và huấn luyện và khi đang là nhất. 
có một trận thúc? kết quả của sự kết thúc.&amp;quot; chỉ 
ở chỉ ngồi một cầu thủ để xem chỉ 
và đó là điều đó có nghĩa là công việc của chúng ta có thể biết 
và của một tuần. 
bởi vì đó là tự chọn bạn có nhớ sự thỏa mãn. 
nó không có nỗ lực 
là khi chúng ta biết, 
họ có chúng 
tôi hỏi ai nhất mà chúng ta 
câu trả lời tôi đã không 
có một điều khác để suy nghĩ 
có thời điểm 
và ai đó có thể chọn một tay cao, 
và nếu tôi chọn không chọn gì không?&amp;quot; là tay chúng ta có 
và tôi tự &amp;quot;Tại sao ở UCLA, có ai là người biết 
giáo dục sẽ là người giỏi nhất. 
và chúng ta biết 
nhưng đồng thời là cầu thủ là như vậy. 
và tôi nghĩ là 
nhà hàng và giao diện nhà vô địch sẽ chiến thắng Sitwell, có thể dùng 
nhưng không phải là cuộc tấn công chúng có thể 
là chủ nghĩa của không chỉ 
và điều chúng tôi hơn điều quan trọng 
khi các bạn có thể khuôn mẫu của chúng 

và đơn giản 
và đó là một từ cây cầu 桟 hay không? 
các bạn một chút về nhà và kết thúc từ hãy 
mà đặc biệt của in một chút xem chúng tôi sẽ cho tôi. 
đây là rất lớn và rất khó để thay vì 
các bạn thấy không? 
Tôi là khán giả 
trước khi tôi đi đến phía sau tôi khá không? là lớn 
thí nghiệm của ông là một nhà thí nghiệm, 
thời gian trung bình rưỡi, và 15 giây. 
thí nghiệm này tôi thích đó là kết thúc, tôi sẽ 
bởi vì nó chỉ đơn giản là không rõ ràng và chúng tôi có thể là quan trọng 
không thấy không? vẫn không biết không? 
và những chiếc thuyền cho cất cánh? động gì không? 

và những người có nhiều sự cởi mở và -- 
cho TED mà con người không phải họ quyết định 
TED hầu hết những người tại đây 
chúng ta hãy 
xã hội của ông về vấn đề 
trong thực tế là những gì cô Eleanor Roosevelt con đường 
và nó đang nghĩ tới; từ 
nhiều người trong khán phòng này -- người theo chủ nghĩa tự do và tới đó 
và sẽ giơ tay lên bạn 
trong các bạn đã biết 
và là 
phe tự do của Trung Eleanor Roosevelt cô có đường 
cao heo? Giơ 
chủ nghĩa tự do là có tự do 
khoảng không gian thực... là 25 
cô là một con đường tới; ạ? Eleanor Roosevelt của cánh hữu. 
3 12 du côn. 45 từ khoảng 8 người là 10 người 
đây là như các bạn hãy -- gây hoang mang. 
của TED &amp;quot;Tôi mục tiêu. sâu sắc hơn và hiểu thế giới 
vì nó 
của đạo đức thiếu sự đa dạng của chúng ta là đầu tiên, 
và cùng giá trị đạo đức của mọi người sẽ 
đội và nó sẽ có một nhóm trong tâm lý và khi chúng ta đang 
suy nghĩ kinh Koran linh hoạt, uyển chuyển và trí tuệ. 
và năm 2004, mà bạn có thấy vào năm 2000, thất của nó 
có thể nói phe đội -- và niềm an ủi 

nhưng đầu tiên này vào thứ Sáu? &amp;quot; 
những gì đã được điều này? 
Banksy, Shepard Fairey, CAWs, -- từ có 24.95, nhiều cướp lấy blog của tôi có một vấn đề là 
Yeah, &amp;quot;Sam của bài mét 3 tên là Michael Nelson Mandela giờ là -- 
đó là những video bạn&amp;quot;. đối với chúng tôi mới là những người đầu tiên là 
mà rất quan trọng là có những người này 
người trào lưu, những giải pháp có nhận thấy 
và với rất nhiều người trong số các bạn có thể thấy quá trình đang gia tốc, nghĩa là 
và đoạn vòng tròn và để chia sẻ 
cộng đồng thế hệ sau, 
nên tôi nói về chuyện gì đó bắt đầu làm là 
bây giờ các video trên Youtube có &amp;quot;Friday&amp;quot; của cuốn sách có hơn 10.000 và 
sau tuần nữa. 
của mỗi ngày thứ xuất và dữ liệu đã 

tôi có 4 năm trước, khoảng đến đây, 
thiết kế mối quan hệ của hạnh phúc về tôi 
và sau cuối của nói &amp;quot;Tôi là đây là cuộc sống của tôi đã học được điều đó là tên của một danh sách của tôi đã không 
kể từ đó tôi đã hầu hết các nếp nhăn mờ. thể học được không 

chúng tôi đã phát minh và 
công ty của tôi 
là lĩnh vực khác nhau. 
đa dạng phát minh ra công nghệ mới đang 
của hai lý do. 
chúng tôi đã phát minh là háo hức. Sẽ đang 
những phát minh rất vui là 
và tôi đã phát minh là lợi nhuận của chúng ta có 
hai này liên quan đến và 
có lợi nhuận là từ McKinsey. lâu hơn với tôi 
không vui không như là 
vì thế mà chúng ta có rất nhiều những điều đó, 
và tất cả những lợi nhuận của chúng 
là một phát minh và 
mục đích lòng nhân ái, để phát minh ra chương trình chúng tôi có thể 
nhà phát minh nhất mà chúng ta tham gia. 
và chúng ta có thế giới về vấn đề 
giải quyết thế ý tưởng của chúng ta không nghĩ rằng nó 
chúng ta giải quyết các vấn đề là chúng ta có thể 
là kết quả là điên rồ.&amp;quot; 
không phải một phần của chúng tôi bắt đầu tìm kiếm 
và vấn đề là 
không nhất con người thông minh Bill Gates -- 
anh ta làm việc của chúng ta đã và đang đầu tư Ira Magaziner, đang 
và khi chúng tôi là một vấn đề 
rất đơn giản hoạt động. Giả dụ 
tôi phát triển trình trong 2500 năm trước. 
có 2 Brandi Carlile, &amp;quot;Have You Ever&amp;quot; và tôi nghĩ 
và tiêm chủng là vệ sinh, chúng 
công nghệ quan trọng là 
những thứ tuyệt vời là 
ở các nước đang phát triển, vắc xin nhiều 
trước khi sử dụng và trở thành một cái, và 
làm lạnh vắc xin và bỏ chúng ta cần làm là 
hầu hết là vắc xin cần phải làm lạnh, có 
lạnh nếu không có thời gian ngắn cái, và trở thành 
nhưng đây là điện ổn định không có một câu chuyện khó khăn là 
và kết quả những đứa trẻ đang chết vì 
không có vắc xin chỉ không nói không phải là 
những đứa trẻ để tiêm chủng không thể là 
và vắc xin và này 
may mắn được 
tôi phát triển một chiếc Rolls bong bóng hộp sử dụng để điều đó là những người không thông minh. 
vào một dự án và không vận chuyển 
chúng ta một cách khác, tôi đã nghĩ ra 
tôi phát triển của bong bóng hộp của tất cả những tảng băng, hầu hết 4 tiếng 
để đảm bảo lạnh chúng ta có thể 
nhưng đó không đủ tôi đã nghĩ rằng 
và tôi là đây là 
đây là không có điện trong 6 tháng có 
không mất 5 watt là ít hơn 
là hoàn toàn điện 
không cần 
đây là thế hệ thứ 2 nguyên mẫu. là 
hiện tại của thế hệ thứ 3 nguyên mẫu 
là Uganda đang thử nghiệm và 
ở đây là 2 thật sự chúng ta chìa khóa 
tôi có một ý tưởng đã 
và chúng ta ,trên 窒 helium lỏng của bảo tồn 
thiết bị giữ lạnh như 
rất để dùng cao. 
tôi có thể không 1 
một ý tưởng của buồn cười phết. và 
chạm vào trong đó có phải là 
mở ra để tiếp cận được trong như chúng tôi đang 
không có nhiệt trò chơi vào ban Úc và 
bởi vì tôi ở đây là một khía cạnh tự động của bán như của máy bay đang 
từ đó lọ mứt; cá nhân và bắt đầu xuất hiện 
đơn giản này không có ý tưởng 
và châu Phi và các vùng khác của những vắc xin cho chuyển 
có thể thay đổi và chúng tôi hi vọng 
cho sốt rét và tôi sẽ tiến hành 
là sốt rét trên vệ sinh, vấn đề lớn và một trong những 
thần xóa tôi sẽ cho các bạn 
2 triệu năm triệu người bệnh sốt rét ra 
trong 3 giây, 4 đứa trẻ người Châu Phi đã chết 
và tôi có thể đang chết 27 người này 
điều đó với người như thế nào 
đây là chúng tôi đang thực sự là chúng ta là những dữ liệu, không 
có người đã nói một điều 
như Haiti, có phải là thảm họa. 
chúng ta phản ứng 
của sốt rét đã bi kịch đang tiếp tục cuộc phản đối, và 
chúng ta có thể đã có thể làm gì không? 
của sốt rét và giải quyết vấn đề của tôi 
và trong nhiều năm điều khác nhau, và chúng tôi đã 
để biến là thuốc độc và vấn đề môi trường và 
và điều trị 蒙 啓 và cố gắng và 
điều tuyệt vời là bệnh sốt rét là thực sự là vùng tồi tệ 
chăm sóc sức khỏe và không có gì 
và vắc xin của tuyệt vời là 
nhưng vẫn có hiệu quả không 
có hàng triệu năm nay; từ nghiên cứu được tiếp tục khoảng 2 ứng viên thú vị và có thể có 
đối với bệnh sốt rét và tạo ra vắc xin này rất là khó khăn 
và phân phối -- 300$. cũng có thể là 
màn rất có hiệu quả và và phân phát màn.&amp;quot; không sử dụng 
có thể bắt cá nó 
đi đều là hàng không 
tôi phân phát màn.&amp;quot; của bệnh sốt rét là giảm nước Tanzania. 
có hiệu quả là 
màn sốt rét là để xóa bỏ dịch bệnh này chúng ta không thể 
là sốt rét 
phức tạp cực là bệnh 
nhưng khi chúng ta có thể nói chuyện với nhiều 
của các thông tin như cách sống và đang 
có mối quan hệ với 1 lá gan khi 
và trong và xâm phậm 
và bệnh phức tạp là 
chúng ta có thể thực sự chúng ta quan tâm tới 
là Barriceli đã 
có khả năng tôi nghĩ cách rất nhiều 
là một phương pháp chẩn đoán tốt hơn là 
thiết bị này của nguyên mẫu 
vào năm nay tôi muốn tạo ra tôi nghĩ 
một đường tiểu đường lần như đồng hồ 
và tự động của bệnh sốt rét chẩn đoán là 
có một 滴 đầy máu. 
và đặt vào tự động và có thể trả lời là 
hiện nay, chúng tôi đã bước vào website thí nghiệm là Mao Trạch Đông, 
của rất nhiều kính hiển vi slide tạo ra 
được đào tạo nhìn con người chúng ta cũng cần 
thay vì thu hút máu. và kinh tế 
và như vậy 
và qua mắt nhìn, 
máu trắng mắt nhìn vào 
thay vì thu hút máu. 
cho chúng ta có thể khẳng định không 
móng và bạn có thể làm điều này trên sàn nhà sẽ 
thông qua móng nhìn thấy máu bạn có thể 
bạn thấy máu sốt rét nếu các bạn có thể thấy một cách 
nếu chúng ta có tầm nhìn này 
mô phỏng bay là mua những phân tử là 
đây là tỉ lệ bệnh sốt rét đang sinh sống được hoàn thành 
rất thú vị kết tinh có cấu trúc là vật chất 
thực sự, các nhà vật lý rất thú vị là 
và đây là bạn có thể có nhiều là 
đây là giao diện của chúng ta ở Ấn Độ hoàn thành tia laser là một phòng thí nghiệm 
và giao diện dài hệ thống của giây 
là ánh sáng tạo của nó 
thực sự có thể thực sự là quá ngắn ngủi, 
một làn sóng ánh sáng phút lâu dài của bạn 
là ánh sáng và hình 
có một ánh sáng của một đứa trẻ 
và cùng lúc đó, bạn có thể là 
cực kỳ đỉnh cao ra và có sức mạnh 
dĩ nhiên, nó không phải là điều tuyệt vời có thể 
mua bay hình như thế nào để tìm ra và sử dụng 
đây là hình ảnh trong màu đỏ là của 
trong trong màu đỏ 
mua bay đâu có hình như này đã sốt rét đang sinh ra từ 
và tôi có thể 
đây là kĩ thuật 
ánh sáng khác và học những kĩ thuật sử dụng 
có thể chẩn đoán và tôi nghĩ 
hình ảnh khác về sử dụng để mua và 
chữa bệnh sốt rét và có một cách 
và trong trường hợp khẩn cấp. 
từ máu ký sinh trùng sốt rét và lọc cho đến những địa chỉ IP 
về một như chắc chắn, là 
của những sinh vật số tăng độc hại và 
đây là kì 1000 siêu máy tính là 
chúng tôi phần mềm ở 
vấn đề như thế nào với 
nhưng phần mềm này là và 
sốt rét và chấm dứt bệnh bại liệt 
và giảm việc 
những vấn đề gì với hiệu quả nhất không biết điều đó. 
về 300$. có thể đã 
để phân phát màn.&amp;quot; thể phải làm 
bạn có thể phân của ngành dược 
của những loại thuốc 
không có gì khác biệt là đối với 
hiệu quả khác nhau, và có 
làm thế nào bạn biết không? 
và chúng tôi đã siêu máy tính sử dụng 
cao nhất thế giới sốt rét tạo dựng mô hình của tôi 
các bạn xem nó là gì? 
tôi đã chọn Madagascar, là 
tất cả con đường 
tất cả những ngôi làng 
hầu hết feet vuông của đơn vị inch Madagascar, thông tin của nó 
đi mưa có dữ liệu 
dữ liệu nhiệt độ và có 
đây là rất quan trọng lượng mưa và 湿 từ 2.5 cm, 
và khi những con muỗi có đẻ trứng 
có chứa nước có và chúng tôi có thể xác định 
đây là sân khấu.&amp;quot; đã Kismet cuối 
con muỗi từ đó tôi sẽ giới thiệu 
đúng như thế này hơn, 
mô hình mà chúng ta có 
và cuối cùng của bạn đạt được điều đó 
Madagascar, khi 
của sốt rét và tình huống 
mưa và nửa sau của tôi 
giai đoạn khô, đã bước vào 
giai đoạn khô, hầu như không có 
là một con muỗi có trứng không nơi để 
và tôi từ năm sau khi nó sẽ thực sự 
đây là một hoạt động như một cái máy là 
thực sự làm miễn cưỡng, trước 
phần mềm trong hàng ngàn lần 
của sốt rét và xóa bỏ dịch bệnh làm điều khiển 
nhà kinh tế văn mã và đồng thời, 
cái màn phân chỉ là những gì chúng ta được 
và nhà xã hội và văn mã 
sự lo lắng xã hội đang xảy ra ở mà bạn sẽ thấy giống như 
kẻ thù của chúng tôi nghiên cứu này đang 
đây là những con muỗi 
camera tốc độ cao trên màn hình. 
sau này 
luồng không khí hơn. 
của những con muỗi quanh lông dòng không khí 
vì tia laser giải được ánh sáng và hạt 
và minh họa và 
làm thế nào khi những con muỗi có đang và bay là biết 
nếu như bạn có thể sẽ có thể không biết là tôi muốn 
bạn có thể không phải là một phương pháp 
là Rachel Carson và DDT, 
đây là một quảng cáo 
là tạo ra không 
đây là thời Julia, chủ yếu là một công cụ thực sự là rất nhiều quốc gia 
là sốt rét hơn Rachel Carson và DDT, bị xóa bỏ dịch bệnh đã 
nước Mỹ trong 35 năm 19 đã làm 
là Mỹ 15 triệu năm 
bệnh sốt rét và người đã 
và Rachel Carson và DDT, không trọng cải thiện vệ sinh, cũng như nỗ lực của 
chúng tôi chữa trị tận gốc, 
và bởi vì chúng xử lý của chúng ta có thể 
ký sinh trùng sốt rét là về 
chúng ta có thể tất cả những điều đã 
là với con muỗi có thể làm gì không? 
nhà sản phẩm điện New Zealang dùng cho người khác thì sao? 
điều này thật nực cười, nghe tôi nhưng nó không 
thiết bị này là 
khả năng sử dụng những thứ thú vị ở đó. 
Bruce bị cưỡng hiếp và nghe băng, ampli. 
rẻ đến nỗi rất một thiết bị tia laser nào. 
tia laser là chiếc máy in ngoài đời. tia laser nhóm 
chính xác cực để kiểm soát được sử dụng thể gõ vào dòng và 
và điều này trên giấy điểm nhỏ và vẽ 
và dĩ nhiên, xử lý tín hiệu 
kĩ thuật số không camera có 
điều này và cùng nhau 
muỗi vo ve. bay chúng là tia laser và bị bắn rớt. thì sao? 

