và các hố đen đó của Mill bột 1 vật 
đây là sự phát triển một cửa hàng thực phẩm 
nhân viên của họ là chính quyền con người muốn nhân viên. 

bạn có thể thấy mái tóc tôi trở lại khi chúng tôi và vô và mái tóc ngoại cỡ và chúng tôi đã nói về 
có thể nói không phải 
nhưng màu xanh là điều tôi đã cắt 

và đó là một bộ phim của thế giới hòa bình 4 năm cho một cuộc gọi yêu mến. 
đây là Chris tuyệt vời của bộ phim là tên của vấn đề 
tôi đã đề xuất và 
và trong khi đó tôi nói: địa phương ooh, TV ra có 
chúng ta những người bạn của bạn có một là chúng ta sẽ 
nhưng thực sự là một bộ phim đã được tạo ra 
hiện nay chúng ta còn có chữ màu đỏ là là Chris đã hy sinh có nhưng chúng ta có thể làm gì? 
bộ phim không có gì trên thế giới đã 
và chúng tôi 
và tôi là một giáo viên của tôi 
một bộ phim đã vượt qua tôi đã tạo ra là 
đây là một giáo viên của giáo dục của chứng minh là 
và cái đẹp và suy nghĩ về suy nghĩ 
và đó là một bộ phim của chúng tôi, bản thân của chúng ta không biết nó 
đó là tiếng cao của chúng ta cảm thấy là 
và điều đó và cơ thể của tôi 
cũng có những giáo viên của tôi 
một giáo viên của bài của tôi là 
thời cấp ba của các giáo viên của tôi là một trong những 
lấy tay 髭 như thể cười đau khổ, không đặc trưng 
và tôi bây giờ chúng tôi đã có 
tên là Jean-Paul viết một giáo trình giận dữ, của không phải là 
tôi học sinh của tình yêu của tôi là 
của tôi bảo rằng tôi đã có 
khi ánh sáng của sự giận dữ. mắt chúng ta có 
một chuỗi ngọc trai nhỏ. mỗi ngày và thuật 
là một lớp học ở trường tiểu học, vào trung lượng Ｊ -- một hồi giáo viên 
không xa xưa của giáo viên sử dụng mắt và 
bạn sẽ như thế này -- 
tiếng cười 
sau của tôi đã có thể chúng ta đang nói rằng nó 
sau đó tôi thấy và có một cái đúng là 
tiếng cười 
giáo viên và nó sẽ là 
và bản thân tôi là đường trong mắt của bạn không sử dụng có 
cô ấy sẽ 慕 tôi không phải là một giáo viên 
các công trình được biểu diễn cho nó 
còn có thể nhìn thấy 
đầu tiên của tôi là một giáo viên người bố và người mẹ 
cụ thể là một phát minh và suy nghĩ về suy nghĩ khác nhau có cha tôi 
bên phải. của một người 
và khi tôi khi sinh ra 4 năm chúng tôi đã làm 
và mẹ tôi là 
một trong những bang gốc Phi, và các trường học 
4 năm tôi sống và dạy chúng tôi đã 
tôi đã nhận ra 
đó là một trong những bộ phim tôi 
và cô ấy có một cái máy và chúng tôi 
tôi sẽ tiếp tục hành vi của chúng ta có thể là cảm giác 
tôi dạy của cô ấy có 1 người giữ là 
và cái đẹp của tôi là 
tôi là con gái của học sinh có dữ liệu mà làm cho chúng ta có thể dạy chúng 
bởi vì đó là mẹ của tôi là dạy 
và chúng có cái gì tiếp tục điều này là 
và có một cơ của tôi 
thực sự tuyệt vời và tôi nghĩ rằng 
tôi có rất nhiều người đất và đứng ở đây là 
những người tôi không phải là 
ở đây hôm nay trên sân khấu có nhiều người và 
và đây là một ngày hôm nay tôi ở đây và tôi muốn 
và trò chơi hòa bình thế giới và tôi là 
và chúng ta căn bản là chỉ là 4 và một người và 5 ngang của đồ chơi ở trong một tấm ván 
năm 1978, nhỏ của các thành phố có các trường học và là 
Châu Phi của những sinh viên khoa học trong các lớp học đã làm 
chúng tôi có điều gì xảy ra trên toàn thế giới đến tất cả những vấn đề 
và họ cố của chúng tôi nghĩ là 
bản thân tôi là giảng và đọc cuốn sách của tôi là tôi không có 
tôi nói của mình cảm giác học và hào 
và đó là cảm giác của tôi đã học tôi là 
chúng ta là trẻ em là một trò chơi điện tử không phải là chúng ta yêu thích 
nói đến lẫn nhau không -- 
vào năm 1978, khái niệm không 
nhưng chỉ không lẫn nhau chúng ta tạo ra điều gì đó mà tôi nghĩ rằng 
bây giờ chúng ta có những ngày nay chúng ta được cải thiện 
4 người sáng lập đặt của cơ thể của béo - 
là cấu trúc 4 có một lớp 
chúng tôi đang được 
đi vào chi tiết. và nó 
trên cùng một lớp vũ trụ và 
hố đen và và quan sát từ vệ tinh và mặt trăng 
vũ trụ không tìm kiếm chúng và đối xử với 
một tấm thảm màu hồng. hạt cotton, đám mây đã hình 
có hai cách nhìn của từng là một khoảng không gian và không gian 
không khí và quân đội và đối xử với 
trò chơi điện tử không sống trong một thứ ba là nhìn và đất mặt và biểu diễn đại dương 
là cách nhìn của 4 
và đại dương sâu ta lên trong đại dương sâu về và đối xử với 
đây là một việc tự trẻ em. 
và những quốc gia đặt tên -- chúng tôi đã nghĩ là chúng ta có những quốc gia nghèo và có một vài nước 
và ở đất nước của mỗi khác nhau, và tài sản của quân đội ngành công nghiệp và 
và mỗi quốc hội ở các nước có 
học tập và thủ tướng chính một vị bộ trưởng Quốc phòng và một vị bộ trưởng Bộ 
và một vị bộ trưởng tài chính của tôi kết da đen và 
họ tôi mối quan hệ của chúng tôi làm thủ tướng cho trẻ em với quyết 
là một đứa trẻ, tôi làm việc cho chúng ta đưa và họ từ chối công việc của bạn có thể 
và họ quốc hội của riêng của chúng ta quyết định 
của những nạn buôn bán những vũ khí Liên Hợp Quốc, ngân hàng thế giới cũng vậy. 
tôi sẽ không có sự thay đổi môi thị trường. 
và kiểm soát ấy và bạn có thể là chúng ta 

ý tôi là một doanh chờ đợi để được thấy lông tôi 
ông ấy là dịch sản trợ giúp tôi 
và tôi đã xuất hiện trước khi chúng tôi 
ông ấy đã thật sự không có màu xanh dương khuôn mặt tôi 
hai người đã chết vì đã dạy tôi 
và mẹ và trẻ em tử vong của tôi là 
ông ấy và lý do là vì 
sau khi máu sản xuất đó được gọi là là 
1 lượng lớn bên trong máu ra không chỉ là 
rất có thể là một viễn cảnh của tôi 
ông ta chẩn đoán tương có bệnh thiếu máu. 
mọi người chết nói đó là 
tôi chỉ là một kỹ sư tôi và một người được 
là bệnh thiếu máu. và chết bình thường không thể là tôi đã 
là bệnh thiếu máu. chữa trị các bạn có thể 
từ những thành viên thuốc của tàu như thế nào, 
xử lý máu, nghèo và và và rẻ, 
khi tôi còn tay không có cách chữa trị của 
tại sao người phụ nữ này đã chết không? 
đây là không phải là kinh tế này 
và trong 5 phút là nơi 
các trung tâm chăm sóc sức khỏe có 
và họ được trợ giúp của những viên thuốc phân phối -- và tôi đã 
vì vậy điều đó hoàn toàn là tôi đã rất ngạc nhiên. 
và chúng tôi có một cách để ngăn không cho tôi cảm thấy 
mẹ tôi cho trẻ em không phải là một bác sĩ và hỏi 
phải kiểm tra máu nghèo hay 
và chúng ta phân tích máu của họ 
điều này có một nhân được gọi là là một thiết bị và 
một triệu đô la một thiết bị phá và là 
đây là Mỹ châu Âu nhưng 
trong thế giới của một thành phố và 
với dịch không phải 
một thiết bị điều khiển công nghệ đã có người phụ nữ 
tôi dịch không 

con người ở hàng ghế vài cái chương trình chúng tôi đã 
đây là câu chuyện đơn thuần là trò chơi điện tử 
với những chữ cái đã 
những từ ngữ và tạo ra 
câu trả lời cho câu hỏi của MP3. từ điển là 
bạn có 30 giây chuyên và vẽ 
khác với sự kết hợp bắt đầu 

tất cả các bạn có dữ liệu và bắt đầu từ dữ liệu không quá là slide tôi sẽ bắt đầu 
và tôi nghĩ rằng của chúng ta và Anh của Hoa Kỳ và 於 chính trị 
và tầm quan trọng nhất chúng ta là thực tế 
và câu trả lời đơn giản là không có tiền là 
chúng tôi cho chị số tiền lớn nhất. 
đây là công thế giới của tôi 債 ở trong thời gian 
chúng ta có thể thấy hai ba nghìn tỷ đô la tăng vượt xa và tiếp tục 
đây là thời gian của chúng ta là con số là chúng ta thấy 
rất rất rất đơn giản 
đây là một từ chính trị của chúng tôi đã làm được nhiều nhất là vấn đề quan trọng 
chúng ta bị lãng phí tiền bạc cho tình trạng không sử dụng và cải tiến này 
là những dịch vụ công cộng các chính phủ 
và chính trị gia khác của chúng ta đang nói về những vấn đề là 
ngân sách không đủ là 
và những tình huống tất cả tiền là phía thứ ba. 
phúc lợi xã hội y tế và giáo dục cân bằng nhu cầu công cộng cho dịch vụ và thành công của 
chúng tôi phát triển đầu tiền và cũng không thể 
và tôi nghĩ về suy nghĩ và bạn có thể là 
kết quả tồi chúng tôi nhìn thấy là 
nhưng sự thịnh vượng của công dân của kết nối với những người khác 
ví dụ như những mối quan hệ gia đình ở khu vực quan hệ bạn bè của cộng đồng và những giá trị các bạn nghĩ về 
bây giờ chúng ta có liên quan đến chính trị của không không thú vị và bạn có thể nói rằng 
và đó là tôi đêm hôm nay tôi muốn nói với các bạn và tôi muốn 
thực sự đơn giản chỉ là một cái nhìn thẳng vào 刀 là 
phải có một cuộc cách mạng thông tin những gì đang diễn ra là 
tất cả các bạn có biết tôi nghĩ 
và chúng tôi đã nhìn và học triết học chính trị chúng ta phải kết hợp với nhau 
thực sự tạo ra chính trị và chúng ta có thể thay đổi công cộng với chính phủ dịch vụ và chúng ta 
tuyệt vời cho cơ thể 
và đây là slide như là chúng tôi vào cuộc sống hạnh phúc chúng 於 gọi là tăng lớn chúng ta có thể là 
và những đêm nay là 
hãy bắt đầu học triết học chính trị từ câu chuyện của tôi sẽ bắt đầu 
chúng ta có thể nói phe bảo thủ có tất cả Đảng có những câu trả lời nói với chúng tôi không phải là 
chúng tôi thực hiện tất cả các câu trả lời cho câu hỏi này không phải 
nhưng cơ bản có 2 điều Đảng phe bảo thủ cho chúng tôi làm là 
vào đêm hôm nay để lớn có mối quan hệ của tôi và tôi nghĩ đó là 
chúng tôi tin rằng 
với những người bản quyền, cuộc sống của chúng ta có khả năng để quản lý cho 
có nhiều sự lựa chọn của chúng cung cấp 
với một người phụ nữ. và 
thực sự là một xã hội mạnh hơn tốt hơn là không có nghĩa là 
và những sự thật 
bây giờ đây trên toàn thế giới đang cộng với thông tin không 
tôi muốn cho bạn thấy trước khi chúng tôi 
chính phủ và chính trị dịch vụ công cộng chúng ta có thể 
điều thứ hai là bản chất của con người đến điều này là 
và chính trị chính trị gia duy nhất và thành công, hay 
với lý tưởng tưởng phản ứng tôi không phải là 
nó không phải là công dân có và nỗ lực đó sẽ là 
đây là hiển nhiên. đơn giản là không bảo thủ. 
có tính con người có thể chúng tôi tin tưởng 
gần đây tôi nói về bao gồm cả những gì chúng ta hành động của chúng ta mới phát triển của kinh tế học 
mới nhất kinh tế học hành động của phát triển của chúng ta không phù hợp 
cuộc sống hạnh phúc và tôi cho là tăng đã chứng kiến -- 
và sau đó là nhiều xã hội khỏe mạnh đến nỗi 
ngân sách đầu lãng phí không có điều chúng tôi nghĩ là ta có thể làm là 
và tại sao tôi hôm nay sẽ như thế này và tranh luận của tôi sẽ nói với các bạn 
và vì thế chúng tôi đã phải đơn giản là không thể nói về lịch sử là Áo, là không có 
và chính trị lớn ba sẽ phân chúng ta có thể là suy nghĩ về suy nghĩ 
của các chính trị trước thời gian và thời gian của các chính trị 
và chúng ta bây giờ chúng ta sống có nghĩ của các chính trị và sau đó là một khoảng thời gian 
và suy nghĩ đơn giản là 
chính trị địa phương có thể đi từ thế giới 
tập trung vào thế giới 
bây giờ chúng ta có thể chính trị và những người kiểm soát và tiến trong thời đại chúng 
sức mạnh của địa phương ở giữa đang và sức mạnh của tôi là sức mạnh của những người 
đây là một người có thể là hoàng nghìn năm trước là ông vua của 
sóng đang có thể dừng lại và không có thể là 
thực tế, chúng tôi đã lớn này không 
nghìn năm trước đây là thời gian của hoàng 
khi tôi ấn nước và vẫn chỉ là khi có hàng tuần bạn có thể là trạng thái 
và bắt đầu, chúng ta có thể quản lý cần không hầu hết các bạn 
là ông vua của sự cân bằng nhu cầu để chăm sóc y tế giáo dục của phúc lợi xã hội không quản lý 
chiến tranh và những gì xảy ra là được không 
đây là thời đại của các chính trị trước 
có điều gì đó thực ra là nó không phải là thời đại 
những giao thông có thể, tồi tệ quốc gia với một người thông tin chúng ta 
là các địa phương và quản lý phải không 
đây là thời đại của các chính trị trước. 
trong lịch sử tiếp theo của thực tế là trong 
Anh của cuộc cách mạng công nghiệp tuyệt vời và đó là 
đột nhiên của giao thông đó, chúng tôi có thể đi du lịch, trao đổi thông tin có khả năng 
tôi đã từng có một chính trị của thời đại của chúng ta bắt đầu 
và đây là slide này có thể thay đổi không phải là một cái tôi có thể 
thấy lớn mạnh mẽ về tập trung sinh quốc gia 
quản lý y tế và giáo dục để cân bằng nhu cầu của có tổ chức 
và điều này là có thể chúng tôi 
và đó là điều chúng tôi không biết là quyền địa phương không phải là tập trung 
là cơ chế trung tâm, quyền lực ở tất cả chúng tôi đã hấp thu 
ở khu trung tâm. quản lý của tất cả những 
tiếp theo thời gian của tất cả các bạn biết 
thông tin lớn và cuộc cách mạng 
suy nghĩ một chút. và 
hàng trăm năm trước 10 chữ và gửi các 50 đô cho tôi 
và nó làm là chúng tôi là tôi và từ tất cả là nơi 
bí mật đến nơi không có những nông thôn, chỉ là phí và kết nối 
một khối lượng tín hiệu và truyền thông tin và 
vì chúng tôi bắt đầu 
mà chúng ta có mọi người thực sự có khả năng mà có thể 
đồng thời các chính trị và sau đó có thể 
và đây là một chính trị của chúng tôi và dịch vụ công cộng 
và cho chính phủ điều đó như thế nào có ý nghĩa là 
đây là giới hạn của thời gian và chúng tôi là một ví dụ về điều đó không phải là 
và sau đó chúng tôi có một cuộc sống của chúng ta có thể ảnh hưởng đến từ suy nghĩ về suy nghĩ về hãy 
chúng tôi đi du lịch, và mua và kinh doanh và của 
để thay đổi được suy nghĩ 
ảnh hưởng của nó rõ ràng là nó 
và đây là những gì đã xảy ra là 
và thông tin mạng Internet là một cuộc cách mạng xã hội của chúng ta trong mỗi xentimét khối của tất cả là hình dạng Obama. 
nhưng tôi cho chính phủ tất cả là hình dạng của trà và không phải là 
vì vậy, làm thế nào bạn 
tôi đã thay đổi lớn nhất là có 3 chủ yếu và tôi nghĩ rằng 
và nói transparency sự lựa chọn và mở rộng và trách nhiệm giải thích là 3 
và nó thật là mọi người được cho quyền lực cho chúng ta có thể nghe và tôi nghĩ rằng 
&amp;quot; transparency nhận là có trang web có và tôi muốn giới thiệu với các bạn 
âm nhạc là một giải thích các bang có trách nhiệm và các 
nhưng ngày xưa chỉ có chính phủ nắm thông tin quản lý từ những 
và thực ra câu hỏi như tôi được của chúng ta có thể 
và bạn chọn một vài con người không chỉ những 
nhưng đây là một bang của Hoa Kỳ website là 
và các bang của chính phủ đã dùng thuế của tất cả về 
là tìm kiếm và phân tích liệu chúng ta có thể 
điều đó có nhiều sự thay đổi to lớn từ điều này có nghĩa là suy nghĩ về suy nghĩ và 
công cộng bằng những doanh nghiệp của chính phủ nhận tôi vào một chú cái chúng ta nghĩ tất cả các công ty có 
đó là một ngân sách của chúng ta đều biết điều này nói với tôi 
tốt hơn một dịch vụ chúng tôi đã có thể có cung cấp rẻ hơn chúng ta có thể là những suy nghĩ về suy nghĩ 
và đây là một thông tin và đây là một 
là cuộc cách mạng thông tin cho thế giới kinh doanh là những gì đang diễn ra nếu bạn so sánh 
về chính phủ và là một thế giới 
đây là tôi đã bắt đầu với tôi là 
và điều đó thật transparency của thực sự có thể được ảnh hưởng của nó biết đó không phải 
và ở Anh, chúng ta có Đảng phe bảo thủ cho cuộc bầu cử đã giành chiến thắng 
chính phủ là mục tiêu của 25 nghìn bảng Anh của hơn tất cả những gì 
một là bất cứ ai đã công bố lân như chúng ta có thể dự định 
và lần đầu tiên hôm nay tôi sẽ có mặt 
tất cả những phát triển của chính phủ của chú và nói về những nội dung của điều kiện. 
có ai mạng Internet là bạn có thể thấy và 
chi phí biểu diễn có thể không chỉ là 
chúng tôi có cuộc sống của lớn không được và tôi nghĩ rằng 
và tiếp theo là lựa chọn là là gần đây không mua những sản phẩm và so sánh với các bạn không có gì mạng Internet và là có 
phúc lợi xã hội y tế và giáo dục an trị không hoạt động như thế nào 
dịch vụ công cộng cho cuộc cách mạng 於 chúng vẫn còn là sự sống trên bề mặt của những hành động của nó 
nhưng ngày hôm nay tôi đang thay đổi lớn và đó thực sự là nó sẽ là 
chúng tôi là một quốc gia của cuộc cách mạng thông tin của tôi 
đây là một sự thay đổi và những gì đang diễn ra và chúng tôi nghĩ đó là 
ví dụ như, có thể tìm kiếm của chăm sóc y tế trang web phẫu thuật là những kết quả của 
bác sĩ thông tin liên quan đến bệnh viện vệ sinh được những thông tin 
của nhiễm bệnh viện nhất quyết làm thế nào 
tôi là Bộ sức khỏe được không được thông tin 
và công bố thông thường là không thể 
tiếp theo của ba giải thích là trách nhiệm là về 
và đó là một sự thay đổi to lớn của tôi nghĩ là 
và bản đồ tội phạm là Chicago đây là 
ví dụ như đó là một hệ thống này đã làm thế nào là không có tội phạm điều gì đang xảy ra từ của 
thông tin có thể nắm là con người của chính phủ và sử dụng 
cảnh sát phải chịu trách nhiệm của chúng tôi có được theo dõi phải một tình trạng 
và hệ thống này có thể sử dụng và cải thiện, 
một ai là như thế nào? 
và để tội phạm mà chúng tôi lấy thông tin 
chúng ta sẽ là những công dân của thời gian 
giải thích của cảnh sát đặt ra câu hỏi có trách nhiệm thật sự có thể có được 
trên đây không phải chết tượng màu xanh là có thể 
đây là thực sự kiện và chúng tôi 
đây là của những người như tội phạm không phải là những gì đang xảy ra và bạn có thể 
cùng lúc đó, tất cả các bạn giải thích của cảnh sát trách nhiệm cơ hội đặt ra câu hỏi là 
và đây là transparency giải thích là trách nhiệm và mở rộng sự lựa chọn có 
sự thay đổi to lớn và 
và tôi là một là một triết lý 
mọi người hiểu về bản chất của con người và chúng ta có 
có rất nhiều hơn là có thể đạt được chúng ta có thể 
đó cần phải tôi đã nói về 
chúng ta hành động của con người và học 
cuộc cách mạng tiến bộ về sự là 
đây là một kiến thức nhiều thông tin cho mục đích sử dụng là cơ hội và 
chúng tôi những học hành động của các chuyên gia về hệ cùng hợp tác và di 
của tất cả những mối quan hệ nhân quả: rõ ràng để thử nghiệm và 
và các chuyên gia nói trợ giúp từ và 
và đây là ưa thích của tôi và tôi rất và có ví dụ này. 
chúng tôi có những người không có khả năng tiết kiệm năng lượng và vì muốn và 
và ánh sáng và nhiệt giảm chi phí thời gian đó đủ nhiên liệu và giải quyết 
khí thải carbon của chúng ta có thể giảm là 
và khả năng làm thế nào chúng ta 
chính phủ năm, tôi 蒙 啓 họ 
ra khỏi nhà và tắt đèn của tôi sẽ xảy ra với tôi 
răng của cô ấy đánh răng. điện cho rằng chúng ta cần phải 
một bộ trưởng về một điều 云 đã 
và không có tiếp lâu dài và tôi nghĩ rằng chúng tôi 
nhưng hãy nhìn điều này rất đơn giản là kinh tế học hành động và 
để giảm bớt đại điện đang cho một cách hiệu quả. 
là tình trạng của mình được trả vì và 
những người hàng xóm không chúng ta đang phải trả giá cho và của tôi 
tiết kiệm năng lượng, 30 mạnh nhận thức của 4 không 4 người đang phải trả giá cho không được xem là 
đây là kinh tế học hành động 
chính phủ nhạc bệnh ung thư chúng tôi đã nói, linh kiện ý của tôi 
và đối với chúng ta có thể chạm tới không thay đổi những con người muốn hành động 
không thể thay đổi chúng ta có thể 
ví dụ khác là tái chế có hoạt động và 
và tái chế và bởi vì bất cứ ai cũng có thể có 
nhưng thực sự làm tái chế, không phải không? 
thực ra là Mỹ bằng chứng của tôi trả tiền tái chế, vì 
chúng không phải là 鞭 飴 nếu không có 
hành động của con người có thể thay đổi có thể 
tôi điều đó có nghĩa là gì? 
50 năm trong quá khứ Mỹ trong một trong yêu thích của tôi ở đây là hai 
đầu tiên là tất cả các bạn biết về một 且 đơn giản mạnh hơn 
John Kennedy đã học về là 
của một đất nước chúng ta đang làm gì để có thể đặt ra câu hỏi không phải là của bản thân của quốc gia đang làm gì với chúng ta có thể hỏi nói 
thực sự không có đức hạnh. là ngôn ngữ 
nhưng thực tế Kennedy một bài diễn thuyết của tôi 
tốt hơn và khỏe mạnh đến nỗi có thể xây dựng xã hội đang làm gì với không? 
những quốc gia chiến đấu chống nếu bạn có thể chết vì bạn có thể là 
những quốc gia người nhiệm và công việc của bạn có thể có 
nhưng đây là một trong những thời điểm bây giờ bạn có tất cả các bạn như đang 
hơn lành để xây dựng xã hội chúng ta cần phải làm không đủ thông tin và có kiến thức là không 
và đó là tên trái -- T, Kennedy một bài diễn thuyết của bạn có thể hơn tuyệt vời 
một phần của bài đọc cho tôi 
đây là của Robert Kennedy cho những bài 
tôi muốn bắt đầu như tôi đã có một số tiền trong cuộc sống của con không phải là tất cả 
ngoài tiền và ước tính của chúng ta nên có và 
Google máy ADN và bạn có thể thấy một sự thật của tôi 
không được giải thích việc xem và 
Google máy DNA là sức khỏe của trẻ em có không 
có chất lượng giáo dục chơi và của tôi là bao gồm cả không 
đó là một bài thơ của tôi thực hiện có vẻ đẹp của vợ chồng có giá cả 
đất nước với cuộc tranh luận về trí thông minh và có thể không 
và nói: &amp;quot;Cái gì máy DNA của chúng tôi không biết có dũng cảm 
có trí có thể học được 
và chúng tôi đang có tâm quốc gia của tình yêu và lòng trắc ẩn không được không 
và nói: &amp;quot;Cái gì máy DNA cho thấy và cuối cùng, 
ý nghĩa trong cuộc sống của bạn cho là hơn là chỉ 
và đây là 40 năm trước khi thực hiện một cách hoàn hảo. cớ được đó là những từ 
40 năm trước khi xinh đẹp và lý tưởng 
hiện nay chúng tôi đã công nghệ thông tin tuyệt vời của sự tiến bộ 
của nền kinh tế học hành động tuyệt với sự thay đổi 
phúc lợi xã hội phải có kiến thức và 
và kiến thức của sự kết hợp 
những người có thể làm gì và hành động của chúng ta thấu hiểu là 
con người bản chất của những người hiểu và sử dụng thông tin 
những người cho quyền, nếu chúng ta 
40 năm trước khi tuyệt vời là bài tôi nói là lý tưởng 
bây giờ là của chúng ta đơn giản vì quăng một hoàn cảnh của 
tôi có thể cảm ơn các bạn rất nhiều. 

đó là những video khoảnh khắc của tôi là cao nhất 
đây là chia sẻ trải nghiệm là 
với những phụ nữ không 1 chút đây đó 
bạn biết không chỉ 
một 旦 đó và ngộ nghĩnh, 
cười hoàn cảnh mà bởi vì họ đã 
bây giờ là một chiếc tàu điện của 6 
những thứ ba trạm dừng xe đặt chân tới Melbourne. 

tôi hồi còn công việc của tôi là 
những người tình nguyện lính cứu hỏa hoạt động của trong là cả hai. 
quy mô lớn 
với sự khoan dung hoạt động như một và chúng tôi đã 
nhưng và cũng là một đơn vị của cá nhân 
và sự dũng cảm và hành động mà chúng ta đã 
và tôi học được là 
chúng ta đều quan trọng là 
điều đó trong 
đã thành công lớn nhất là cho những người 
thành công và chúng tôi sẽ có một người 
tôi nghĩ rằng có 
điều này là bạn có nhớ và 
và tôi không chỉ là 
đầu tiên là có 100 triệu đô la là kiếm nhiều tiền từ 
có ai đó thay đổi cuộc sống của bạn như và đợi họ 
cho rằng họ có 
và bây giờ hãy cho 
và chúng ta có thể 炊 thực phẩm là nên gần dọn vườn 
với rất là 
ai đó giải cứu cuộc sống là cơ hội 
mỗi ngày là tôi không phải 
có ai đó ảnh hưởng tới là cơ hội và mỗi ngày 
và chúng cũng ta giày và giải cứu 
cảm ơn. 

nhưng ông ấy không có tôi tháp đang thực hiện thời 
tôi bạn nghĩ, &amp;quot;Tôi đã viết và tôi trước mắt 
đứng sau gọi là con đường 
và may mắn có Chúa phụ nữ của sự sống 
thất bại sẽ không của sự sống vận chuyển và có được gánh 
và đây là cười vào may mắn là phụ nữ của sự sống tồn tại của Chúa và nghi ngại. 
lịch sử lâu đời của tôi đã nói, 
sẽ chiến thắng bản thân thua không có ánh sáng trên đầu người nói là 
mỗi ngày trong chiến thắng và không có được 
những người đang chiến thắng là một cơ hội và đường 
nhưng chúng không dự nếu 
vì thế chúng tôi đã chiến thắng tất cả để linh hồn linh thiêng 
ra một cơ hội 逢 đã không chỉ là 
rễ của một người không được cho cơ hội 
và khác biệt để tiếp tục với cơ hội 
tôi nhận được gói nó vẫn tiếp tục với cơ hội 
và chiến thắng là sức mạnh và nỗ lực để dùng mục đích 
và có lẽ giấc mơ của chúng ta hi vọng 
hy vọng của chúng tôi có lời cầu nguyện 
nhưng chúng ta có thể giao cho là không thực sự đáng sợ. 
tất cả sự dũng cảm và ném nếu chúng ta có một bản thân và bạn có thể 
hơn là những người tìm kiếm 
và tất cả các bạn không chiến thắng không xa, 
vậy nên chúng ta là sự sống có thể sai về thế nào và sáng tạo. 
và định mệnh tôi đã không nằm trong tay -- 
khi con đường có thật sự mở cửa tự của chúng ta có thể là 
chúng tôi cha tôi đã dạy tôi nghĩ không 
khá vô lý, không 痴 không nghe lời nói và dịch 
và điều gì sẽ bay bên ngoài của nó 
chúng ta có thể và tạo ra 
không ai có thể hơn vì chỉ 
không ai có thể bạn 
và tôi gọi chiến thắng là tôi không phải là 
tôi là một chiến thắng và miệng. 
có những điểm nhiều hơn đang không bị thua chơi có thể tôi 
và những điểm khi thấp là một chiến thắng có 
chúng ta có cơ hội 
và bạn suy nghĩ về suy nghĩ khi chúng tôi đã có 
chúng tôi chọn một sau trận 
chúng ta đang nhìn vào khuôn mặt và tôi muốn 
tôi luôn nói với &amp;quot; tôi muốn kết thúc 
kết quả không biết có gặp những người 
chọn một khuôn mặt của chúng ta từ màu sắc và kết quả không được biết đến như 
có rất nhiều điều chúng ta làm là điểm của sự không có mối quan hệ 
điều này thật sự quan trọng là chúng ta có thể tìm được. 
bạn đã nỗ lực này 
và kết quả và không chỉ là thứ 
làm chúng tôi sẽ không phải là 
làm thế nào chúng ta có thể 
và có thể 
và tôi hi vọng là tôi 
khi bạn nhận ra một thứ khác nữa là chúng tôi đã có 
kết quả là nó 
như tôi đã thử một vài điểm của tôi 
chỉ là sản phẩm sản xuất 
thật không phải là kết quả 
tôi tin là 
có thể có một nhà triết gia của 
và liệu ông có chiếc xe 
và mục đích cuộc hành trình của tôi là một con đường đất như chúng ta có thể nói 
đây là những gì mà chúng thích 
đề cập trước. tới con đường đã có người và thường có rất nhiều người trong 
và đó là một con đường của thú vị 
của thế giới C và huấn luyện và khi tôi nhất 
mà những trận đấu kết thúc kết quả của kết thúc chỉ 
và tôi chỉ ở ngồi của họ nhìn thấy chỉ bảo vệ 
và sau đó là điều đó có nghĩa là công việc của chúng ta có thể biết 
và một tuần của 
vì vậy họ hài lòng với bản thân chúng 
nó không có nỗ lực 
hãy cho là 
có chúng chọn một 
có ai lắng nghe chúng tôi 
câu trả lời cho câu hỏi tôi không 
một là một nghĩ về 
có thời điểm 
có ai đó tôi có thể chọn thành tay 
và nếu tôi chọn không chọn một thế là tôi có thể có 
và thế là tôi và tôi nói, &amp;quot;Tại sao mình ở UCLA, chúng là những người biết 
giáo dục sẽ là người giỏi nhất. 
và chúng ta biết 
nhưng ông ta có cùng một lúc là chọn một như tôi 
và suy nghĩ về suy nghĩ của tôi 
số người giao diện là nhà vô địch họ thống có thể sẽ chiến thắng 
nhưng không phải là cuộc tấn công chúng có thể 
là chủ nghĩa không chỉ của 
và chúng tôi hơn khi chúng tôi quan trọng 
khi các bạn có thể khuôn mẫu của chúng 

và đơn giản 
và đó là một cây cầu và xây 桟 không? 
và có một chút về nhà và kết thúc từ và 
đặc biệt là không có, cho chúng ta có thể nhìn thấy một chút và tôi sẽ cho tôi. 
và đây là rất lớn về rất khó để có thể là 
các bạn thấy không? 
khán giả là : 
trước khi chúng tôi đã đi đến sau và không? khá là lớn. 
thí nghiệm của anh ta là một nhà thí nghiệm, 
thời gian trung bình 15 là nửa giây. 
tôi là cuộc thí nghiệm của tôi yêu thích nó là một kết thúc là tôi sẽ 
bởi vì nó chỉ đơn giản là không có biết rõ ràng là quan trọng 
không thấy không? vẫn không biết có những người 
và đó là một cái trên cánh của cho động gì không? 

và những người có nhiều sự cởi mở và -- 
TED cho con người để giải quyết được những bàn tay 
hầu hết ở TED của những con người có -- 
và tôi sẽ 
và vấn đề xã hội của họ 
đây là một cô con đường từ bên trái 
và sau đó bảo thủ từ 
rất nhiều ở chủ nghĩa tự do là một người bạn hỏi 
và sẽ giơ tay lên đó 
đã có trong phòng và 
và là 
phe tự do trong cô con đường bên trái có người theo chủ nghĩa tự do 
giơ bạn 
là chủ nghĩa tự do có người theo chủ nghĩa tự do 
là khoảng 25 ... và những người 
là con đường trong cô bảo thủ người theo chủ nghĩa tự do phải không? 
3 12 khoảng 5 4 ... từ 8 người là 10 người 
như bạn không có điều gì đó -- thì khó hơn nhiều 
của TED &amp;quot;Tôi mục tiêu sâu sắc hơn và hiểu thế giới 
vì nó 
của đạo đức thiếu sự đa dạng sẽ là điều đầu tiên 
cùng những giá trị đạo đức của mọi người sẽ 
có một nhóm và tâm lý đội chúng tôi đang có một cuộc sống -- 
dùng những suy nghĩ và 
và năm 2004, tôi đã có 20 năm đã thất bại của nó 
đây là đội -- và niềm an ủi 

nhưng đây là một đầu tiên vào ngày thứ Sáu. 
và chúng tôi đã có gì ? 
♫ Chúng tôi có là một blog của rất nhiều vấn đề nói chuyện của 
đây là một bài nói của 3 của Yeah, ngoài Michael tên là Nelson Mandela 
đó là những video và những câu nói đùa mới đầu tiên của tôi là một 
mà rất quan trọng là có những người này 
trào lưu, những người khi nhìn thấy 
và đó là có rất nhiều người nói với bạn quá trình chúng ta đang gia tốc, là 
và đoạn vòng tròn và để chia sẻ 
cộng đồng bạn có 
nhưng chúng ta không nói về chuyện với vấn đề đó và làm điều gì đó và bạn bắt đầu 
bây giờ các video trên Youtube có &amp;quot;Friday&amp;quot; của chúng ta có một triệu một cuốn sách và chúng ta có hơn 
trong một tuần sau đó là 
mỗi ngày thứ của và có thể đã 

tôi có khoảng bốn năm trước khi đến đây, 
thiết kế mối quan hệ của hạnh phúc và nói về tôi 
và sau cuối của câu chuyện tôi có một cuộc sống của tôi đã học được gọi là tên của một danh sách của tôi sẽ cho các bạn thấy tôi 
kể từ đó tôi đã hầu hết chúng ta có thể tăng thêm thể học được không 

chúng tôi đã phát minh và 
và công ty của tôi 
là những khu vực khác nhau. 
và đa dạng phát minh ra công nghệ mới, và 
của 2 và có lý do 
chúng tôi đã phát minh chơi và 
những phát minh và của tôi là 
và tôi đã phát minh là lợi nhuận của chúng ta có 
điều này có liên quan đến 2 và 
có lợi nhuận là lâu hơn là chúng tôi 
vui không phải là 
đó là của chúng tôi có rất nhiều điều 
và tất cả những lợi nhuận của chúng 
là một phát minh và 
theo một mục đích là phát minh ra chương trình chúng tôi có thể 
nhà phát minh cao nhất mà chúng ta là 
và chúng ta có một thế giới về vấn đề 
giải quyết thế là ý tưởng của chúng ta không nghĩ rằng nó 
chúng tôi đã giải quyết các vấn đề là chúng ta có thể 
là một thảm kịch. là rồ.&amp;quot; 
không phải một phần của với tìm kiếm 
đó là một vấn đề là 
không thông minh nhất con người Bill Gates -- 
ông ấy là một công việc của chúng ta đầu tư cho chúng tôi muốn 
và sau đó chúng tôi đã có một vấn đề 
rất dễ dàng để tôi sẽ giải thích 
trong phát triển trình tôi làm 
nếu chúng ta hai các bạn và tôi nghĩ rằng 
tiêm chủng là vệ sinh, chúng 
quan trọng là công nghệ 
tuyệt vời là 
các nước đang phát triển một loại vắc xin phòng có rất nhiều 
sử dụng vô trước khi tôi đang 
vắc xin không bỏ tất cả chúng ta cần phải làm 
hầu hết những vắc xin và làm lạnh, chúng ta cần 
được làm lạnh nếu không vô thời gian ngắn và 
nhưng đây là một điện và tôi đã không có một câu chuyện rất khó khăn là 
và kết quả những đứa trẻ đang chết vì 
không có vắc xin không nói về chỉ là không phải là 
những đứa trẻ để tiêm chủng không thể là 
vắc xin và đây là 
nếu may mắn được 
tôi phát triển một bọt bong bóng cái hộp của tôi đang sử dụng và người điều khoản 
để tôi đi và vận chuyển 
chúng tôi không phải là cách chúng tôi đã nghĩ rằng 
tôi có thể phát triển của bong bóng của tảng băng đó là một cái hộp và 4 tiếng 
lạnh đảm với chúng ta có thể 
nhưng điều đó là không đủ tôi đã nghĩ rằng 
và đó là của chúng tôi đã làm ra đây là 
đây là không có điện trong 6 tháng có 
không mất 5 watt là ít hơn 
là hoàn toàn điện 
không cần 
đây là thế hệ thứ 2 những là 
hiện tại của thế hệ thứ 3 để 
là ở Uganda và thử nghiệm và 
điều này thực sự của hai chúng ta chìa khóa 
tôi có một ý tưởng đã 
chất lỏng, và 窒 chất lỏng helium của bảo tồn 
thiết bị giữ lạnh như 
rất rất rất cao để dùng 
tôi có thể không 1 
là một ý tưởng đó sẽ không thú vị là 
nó ở đó là chúng ta có thể không phải là 
một phát chạm vào bên trong và chúng tôi đang 
có nhiệt một trò chơi điện tử ban Úc và 
điều đó với tự động của bán những máy bay tới 
và lọ thuỷ tinh nhỏ của chúng ta có 
đơn giản là không có ý tưởng 
và châu Phi và đó là những nơi khác của vắc xin cho xe của 
có thể thay đổi và chúng tôi hi vọng 
những câu chuyện để phát triển 
người vệ sinh, những vấn đề lớn nhất là một trong những 
xóa Pháp thần mà đã nói chuyện với tôi 
200 triệu năm 5 triệu người bệnh sốt rét ra 
4 ba giây của một đứa trẻ ở châu Phi đã chết 
tôi và nói hai trong 7 người chết người này 
và đó thực sự cho những người như thế nào, tôi không 
đây là chúng tôi đã thực sự là dữ liệu, nên chúng không phải 
xóa tôi có một điều 
Haiti, bi kịch như các bạn có thể 
chúng ta phản ứng 
sốt rét đã bi kịch và từ này 
chúng tôi muốn nói chúng ta có thể làm gì không? 
sốt rét và giải quyết vấn đề của tôi 
và trong nhiều năm mọi thứ đang được chúng tôi đã 
để biến mất thuốc độc có vấn đề môi trường có 
và điều trị 啓 蒙 giống như là một 
điều tuyệt vời và có sốt rét tồi tệ là vùng 
hệ thống chăm sóc y tế và không có 
vắc xin của tuyệt vời là 
vẫn có hiệu quả không có 
sau nhiều năm nghiên cứu nó vẫn tiếp tục khoảng 2 điều rất thú vị và các ứng viên và 
sốt rét và tạo ra vắc xin này rất rất rất rất khó để 
màn miễn phí và phân phối -- bạn có thể 
màn rất có hiệu quả và và màn chống muỗi không sử dụng 
có thể bắt cá nó 
và chúng cúm không phải là 
là một màn chống muỗi sốt rét là giảm nó, 
có hiệu quả là 
là một màn chống muỗi họ không thể không phải là 
người 
cực kỳ phức tạp và bệnh 
nhưng khi chúng ta có thể nói chuyện với nhiều 
của các hình như cách sống của chúng ta đã làm 
có mối quan hệ với 1 lá gan khi 
vào trong và 
và bệnh phức tạp là 
chúng tôi có thể thực sự quan tâm tới chúng ta 
có thể làm được 
có khả năng tôi nghĩ cách mà chúng ta 
một phương pháp chẩn đoán tốt hơn là 
đây là một thiết bị của để 
trong năm nay tôi muốn tạo ra và tôi nghĩ 
một đường tiểu đường lần như đồng hồ 
và tự động sốt rét và chẩn đoán là 
có một máu 滴 
và đặt vào và tự động dẫn và có một câu trả lời cho câu hỏi 
là chúng ta hiện nay đã có những thí nghiệm không đi theo một tay 
rất nhiều kính hiển vi slide để tạo ra 
phi được đào tạo thấy con người chúng ta cần 
chúng ta máu thay vì nếu bạn kinh tế 
vì vậy 
thông qua mắt 
da trắng máu mắt nhìn vào 
thay vì thu hút máu. 
cho chúng ta có thể kiểm tra nhưng nó không phải là 
bạn có thể là trên sàn nhà móng có 
thông qua móng máu có thể nhìn thấy chúng ta có thể 
mạch máu nếu bạn nhìn thấy sốt rét các bạn có thể thấy chúng ta có thể là 
nếu bạn nhìn thấy trong 
và mua mô hình bay với những phân tử là 
đây là số sốt rét bởi và nó được tạo nên 
rất thú vị kết tinh có cấu trúc là vật chất 
thực sự, các nhà vật lý rất thú vị là 
và bạn có thể sử dụng điều này có thể có rất nhiều là 
đây là một trong chúng ta trò Ấn Độ ở thành tia laser là trong phòng thí nghiệm 
và hệ thống giao một giây 
nhà của ánh sáng để tạo ra 
thực sự thực sự là một đoạn phim ngắn 
một làn sóng ánh sáng lâu dài trong một phút của dài 
của ánh sáng và ở 
một ánh sáng của một đứa trẻ 
và cùng lúc đó, bạn có thể là 
rất rất rất đỉnh cao ra và có sức mạnh 
đó là tất cả chúng ta có thể có 
việc mua mô hình bay để tìm ra và sử dụng 
đây là hình ảnh của trong màu đỏ là 
trong màu đỏ trong 
đây là mô hình bay và mua này có sốt rét sinh đã đang 
và tôi có thể 
đây là một kỹ 
và học ánh sáng bằng bạn có thể sử dụng 
chúng ta có thể chẩn đoán và tôi nghĩ rằng 
mua hình về một thứ khác nữa chúng tôi sử dụng 
chữa bệnh sốt rét và luật pháp 
và trong trường hợp khẩn cấp. 
từ máu ký sinh trùng sốt rét và lọc nguồn nước. loại bỏ điều 
một xác chắn, giống như là 
của những sinh vật số tăng tính độc hại và 
đây là khoảng 100 của máy siêu máy tính là 
và chúng tôi là một phần mềm đó là một ngôi nhà 
vấn đề như thế nào với 
nhưng phần mềm này là chúng ta 
họ muốn xóa bỏ dịch bệnh 
và giảm là 
vấn đề có điều gì hiệu quả nhất không biết điều này là 
màn chống muỗi có nói về chuyện đã 
để màn chống muỗi nào bạn có thể sử dụng không 
bạn có thể phân của ngành dược 
của những loại thuốc 
không có gì khác nhau đối với tôi là 
tôi không có hiệu quả và 
làm thế nào bạn có biết là gì? 
và chúng tôi đã siêu máy tính sử dụng 
tốt nhất trên thế giới. sốt rét của mô hình của chúng tôi tạo ra 
và các bạn 
tôi đã chọn Madagascar, là 
tất cả những con đường 
tất cả những ngôi làng 
hầu hết người inch của đơn vị Madagascar, thông tin của nó 
đi mưa có dữ liệu 
nhiệt độ có dữ liệu và 
điều này rất quan trọng lượng mưa và 湿 đi từ 
và một con muỗi trứng 
và chúng tôi có thể có những quyết định 
đây là điều kiện có sân khấu.&amp;quot; tôi 
và sau đó tôi giới thiệu một con muỗi và 
khi những con muỗi có làm như thế nào là của bạn 
mô hình này và 
và cuối cùng của bạn đạt được điều đó 
Madagascar, khi 
sốt rét và tình huống 
mưa và nửa sau của tôi 
những khô, bước vào 
để khô, hầu như không có 
khi những con muỗi có trứng sản của chúng ta có thể không có một nơi để 
và sau đó năm sau khi đã có một sự ra đời 
những người làm là 
thực sự làm nhiệm trước khi 
phần mềm này là một trong hàng ngàn lần 
sốt rét và xóa bỏ dịch bệnh để điều khiển 
kinh tế ở nhà cửa và bạn 
cái màn chống muỗi chỉ là phân và nó có thể 
và xã hội ở nhà có văn 
là một xã hội đang xảy ra ở như sao 
chúng tôi là kẻ thù và nghiên cứu và 
đây là những con muỗi 
với tốc độ cao camera và một đoạn phim 
sau này 
bầu không khí và có một dòng 
của những con muỗi đập cánh. bầu không khí xung quanh chúng 
là tia laser không phát sáng tôi các phân tử siêu và 
và minh họa và 
khi những con muỗi có và bay và làm thế nào chúng ta có thể biết 
làm thế nào bạn không phải chúng ta có thể làm là chúng tôi muốn biết và 
bạn không thể không phải một phương pháp 
và Rachel Carson và DDT, 
đây là một quảng cáo 
chúng tôi tạo ra không phải là 
vì trước đây là chủ yếu thực sự là một công cụ nhiều quốc gia 
sốt rét rất xóa bỏ dịch bệnh như đã được 
Mỹ là 5 năm vào trong 
ở Mỹ, 15 triệu năm 
sốt rét và các bệnh nhân đã 
chúng ta gọi nó là không trọng cải thiện vệ sinh, cũng như nỗ lực của 
được chữa trị tận gốc, 
vì vậy chúng ta xử lý của chúng ta có thể là chúng ta 
ký sinh trùng sốt rét là về 
chúng ta có thể có tất cả những điều chúng tôi đã 
là với con muỗi có thể làm gì không? 
điện nhà sử dụng những sản phẩm New Zealang là sao? 
tôi thật nực cười, nghe nhưng nó không phải là 
thiết bị này là 
sử dụng những điều thú vị tất của nó 
đó là một người chơi của chúng 
và không có giá rẻ một thiết bị tia laser sẽ 
tia laser lại là tia laser chúng 
rất rất rất chính xác là điều khiển tôi tìm được sử dụng thiết dòng sẽ 
và điều này trên một tờ giấy nhỏ vẽ điểm là 
và tất nhiên, chúng ta xử lý tín hiệu 
máy chụp hình kỹ thuật số không có 
điều này và cùng nhau 
có thể bay tới các con muỗi tia laser và chúng ta là làm thế nào không? 

