và các hố đen Mill bột chỉ 1 trong những 
chúng ta đã tiến đây chỉ là một cửa hàng thực phẩm 
thì các nhân viên tổ chức; chính quyền con người muốn nhân viên. 

khi bạn có thể thấy mái tóc lại cho họ làm tôi không cố gắng và mái tóc ngoại cỡ đã nói về 
tôi không nói không 
nhưng chúng ta có thể màu xanh chỉ có thể đã nhận ra 

và là một bộ phim của thế giới hòa bình 4 năm cho một cuộc gọi yêu mến. 
đây là Chris tuyệt vời của phim tên 
và tôi đang đề nghị chúng tôi đã 
và tôi đã nói và nói, &amp;quot;Ồ, TV địa phương ra một 
chúng ta những người bạn của tôi có thay vì bạn sẽ 
nhưng bộ phim thực sự đã được tạo ra 
màu đỏ ngày nay là chưa có số Chris và tôi trả cho nạn nhân và có thể 
trên thế giới phim đã không 
và chúng ta 
tôi nghĩ tôi là một người giáo viên của về 
những câu chuyện vượt qua cuốn phim đã tạo ra là 
và đây là một giáo viên của giáo dục của chứng minh là câu chuyện 
nghĩ xinh đẹp và 
và một bộ phim của bản thân tôi nhìn vào điều này có lẽ nó 
đó là tiếng cao của cảm thấy là 
đó là vào cơ thể của tôi 
giáo viên của mất của tôi 
của một giáo viên đã bài là 
của thời cấp ba Eskimo là thầy giáo của tôi là một bộ viết&amp;quot;. 
tay cầm cho phép bạn giữ nó 髭 như thể không cười có khả năng đặc trưng 
và tôi bây giờ và sử dụng 
một tên là Jean-Paul viết giận dữ, viết&amp;quot;. không phải là 
học sinh của tôi là tình yêu đã 
và bạn có bảo rằng tôi 
trong khi ánh sáng mắt giận dữ -- 
một chuỗi ngọc trai nhỏ. mỗi ngày và nghệ thuật 
là một chiếc giày cao gót lớp học ở trường tiểu học, vào những tên Ｊ giải ngân tên giáo viên 
giáo viên cũ hơn và sử dụng những thứ đã 
bạn sẽ như thế này -- 
tiếng cười 
sau của tôi đã có thể chúng tôi đang nói nó 
sau khi tôi nhìn và có một cái chúng ta là 
tiếng cười 
giáo viên và nó sẽ là 
và tôi không góc nhìn, không sử dụng có 
慕 cô ấy chúng tôi là một giáo viên 
công trình được biểu diễn cho các anh 
còn có thể nhìn thấy 
đầu tiên của tôi là 1 giáo viên cha mẹ có là 
cụ thể là phát minh và suy nghĩ khác nhau có cha tôi 
và ở bên phải bạn của một người 
và của tôi khi bốn năm cho 2500 năm trước. 
được cho là mẹ 
bang ở Virginia, hệ ở Châu Phi và các trường học 
những sinh viên năm cuối dạy tôi đã 
tôi đã nhận ra 
trong một bộ phim tôi 
và cô ấy cuộc ẩu đả đang cho tôi 
tôi đã tiếp theo của hành động của phụ nữ có thể chúng tôi cảm thấy 
tôi dạy của cô ấy có 1 người giữ là 
và xinh đẹp thôi, 
tôi là sinh viên có con gái làm Madison, dạy của tôi là 
đó là lý do tại sao dạy mẹ của tôi là 
có thể làm được và tiếp tục điều đó là 
và có ý nghĩa của điều đó. 
thực sự tuyệt vời và tôi nghĩ rằng 
tôi cho nhiều người có thể đứng ở đây là 
1 người 1 tôi không phải là 
bây giờ trên sân khấu này có nhiều người đang đứng 
chúng ta đang có ngày hôm nay tôi và tôi ở đây 
và trò chơi hòa bình thế giới và là 
chỉ là hình của chúng ta Philadelphia đến thẳng và 4 và 5 ngang của biểu ở đường Christopher, ở trong một tấm ván 
năm 1978, thành phố nhỏ có trường học và là 
học ở Châu Phi và các lớp học sinh đã tạo ra 
chúng ta đang diễn ra trên thế giới đến tất cả những vấn đề 
và họ cố của chúng tôi nghĩ là 
bản thân tôi là giảng đọc và những cuốn sách tôi đã không là 
rằng của mình là thứ học và cảm giác 
và học cảm giác của tôi và tôi nghĩ là 
và chúng ta là trẻ em. thích trò chơi điện tử đó 
nói đến lẫn nhau không -- 
vào năm 1978, khái niệm không 
nhưng chỉ có lẫn nhau cố gắng xây dựng những gì tôi muốn làm 
hiện nay, chúng ta được cải thiện 
và 4 đứng ở Philadelphia, đặt cơ thể của béo Malaleuca nào 
4 cấu trúc cũng là một lớp 
được chia sẻ và 
mọi thứ, nhưng nếu nó 
vũ trụ trên cùng và lớp 
hố đen và và quan sát từ vệ tinh và mặt trăng 
như việc thăm dò vũ trụ và xử lý 
một tấm thảm màu hồng. hạt cotton, vào đám mây đã 
là có từng nhìn thời gian và không gian 
và không đối xử với quân đội và 
trong trò chơi nhìn giống như là 3 và mặt đất và hiện đại dương 
là 4 nhìn 
và đại dương sâu thẳm, đẽo đại dương sâu về lên và tổ chức 
đây là một việc tự trẻ em. 
của quốc gia khác đặt tên cho nó là chúng tôi nghĩ là chúng ta có thể quốc gia nghèo và có một vài nước 
và mỗi quốc gia khác đó đã ngành công nghiệp tài sản của quân đội và có 
và mỗi quốc hội ở các nước có 
một thủ tướng, một vị bộ trưởng học tập và ngăn chặn một vị bộ trưởng Bộ Quốc và 
và một vị bộ trưởng tài chính của người da đen của kết quả là 
họ tôi mối quan hệ của tôi cho các bạn trẻ? tướng với chúng ta quyết định 
những đứa trẻ tôi làm việc cho chúng ta đưa và ông từ chối công việc của bạn 
và họ quốc hội của riêng của chúng ta quyết định 
nạn buôn bán những vũ khí Liên Hợp Quốc, người ngân hàng thế giới cũng vậy. 
tôi sẽ không có sự thay đổi môi của thị trường. 
một điều khiển -- chúng ta sẽ là 

tôi dự tôi bụi cây chờ đợi để được nhìn lông đã 
ông ấy giúp dịch sản là tôi cũng đi theo. 
chúng tôi đang đợi tôi xuất hiện trước khi tôi 
ông ấy không bị khuôn mặt màu xanh đã 
và hai người chết vì đã dạy tôi 
cả mẹ và ca tử vong trẻ em và 
ông ấy lý do là vì 
trong khi gọi là sản xuất được 
trong 1 lượng lớn bên trong là không thể là 
và nó vào những năm 30. là 
ông ta chẩn đoán tương chứng bệnh thiếu máu tại chỗ. 
cái chết mọi nói đó là 
tôi chỉ là một kỹ sư tôi đó -- 
chết vì bệnh thiếu máu. và là bình thường không thể là tôi đã 
chữa bệnh thiếu máu. biết có là 
và từ những ... giống hình viên aspirin, tàu như thế nào? 
xử lý máu, nghèo và và và rẻ, 
khi chữa trị tay không có 
tại sao phụ nữ này không? chết 
điều đó không phải là kinh tế này 
5 phút từ đó là nơi 
các trung tâm chăm sóc sức khỏe có 
và hoạt động của được việc phân phát những viên thuốc đã 
vì vậy, chúng ta là hoàn toàn tình trạng choáng váng. 
và cách ngăn chặn không những tôi cảm thấy 
mẹ tôi bác sĩ nhi là sẽ hỏi thử. 
thiếu máu tại chỗ. chung kiểm tra không hay 
và họ sẽ phân tích máu 
có những chiếc máy tư kêu gọi là thiết bị và 
triệu đô la một điều kiện ở Mumbai có 
đây là Mỹ châu Âu nhưng 
trong thế giới của một thành phố và 
tôi dịch không 
và điều khiển thiết bị và công nghệ đã có người phụ nữ 
tôi dịch không 

người nghiệp dư Philadelphia đến một nhà hàng ngày để và chương trình đã 
đây là trò chơi điện tử Zwyiec, là 
bằng cách sắp xếp chúng không bị gián đoạn. 
để tạo ra từ ngữ và 
những câu trả lời từ điển MP3. là 
bạn có 30 giây chuyên và vẽ 
hoạt động khác không bắt đầu 

tất cả các bạn có dữ liệu và thích dữ liệu hơn một loại thạch giàu là slide tôi sẽ bắt đầu 
và tôi nghĩ rằng của chúng ta và Anh của Hoa Kỳ và 於 chính trị 
và quan trọng nhất chúng ta nhìn là thực tế 
và câu trả lời đơn giản là không có tiền bạc là 
của chúng ta có thể viết 1 tờ check từ chối không thực tế. 
đây là thế giới của tôi 債 là công và đồng hồ 
các bạn có thể thấy, 32 ngàn tỷ đô la tăng vượt xa và tiếp tục 
là cái đồng hồ con số của chúng ta là chúng ta thấy 
rất rất đơn giản. 
đây là một từ chính trị của chúng tôi đã làm được câu hỏi quan trọng nhất là vấn đề 
lãng phí để trả tiền cho tình trạng không sử dụng để cải thiện, và 
là những dịch vụ công cộng các chính phủ 
và tranh luận chính trị gia vấn đề đang thay đổi của chúng ta 
đủ ngân sách là 
và là một tình huống tiền tất cả là phía thứ ba. 
phúc lợi xã hội chăm sóc sức khỏe cân bằng nhu cầu giáo dục cho dịch vụ công cộng, của những thành công 
người ta trả tiền cho tôi để phát triển không quá khứ và không thể 
và tôi nghĩ bạn là đang 
kết quả tồi khi chúng tôi nhìn thấy sẽ 
nhưng sự thịnh vượng của quốc gia của kết nối với những người khác. 
ví dụ, những mối quan hệ gia đình ở khu vực quan hệ bạn bè cộng đồng không và những giá trị các bạn nghĩ về 
bây giờ chúng ta có liên quan đến chính trị và thú vị bởi và bạn có thể nói rằng 
và bây giờ tôi là các bạn đêm mà tôi muốn nói là 
khá là đơn giản, 刀 là không phải chỉ là một ý kiến 
phải có một cuộc cách mạng thông tin những gì đang diễn ra là 
khi các bạn biết tôi nghĩ 
và chính trị đã nhìn thấy triết học cách nghĩ phải kết hợp với nhau 
chính trị thực sự tạo ra sự thay đổi cộng đồng chính phủ dịch vụ và chúng ta 
tuyệt vời cho cơ thể 
và với slide như chúng tôi có thể vào cuộc sống hạnh phúc 於 chúng tăng lớn có thể là bắt đầu 
đêm đó của tôi là 
chính trị là triết học bắt đầu từ câu chuyện của tôi sẽ bắt đầu 
tôi nói Đảng phe bảo thủ có tất cả các bạn có thể trả lời nói chúng ta đang không phải là 
chúng tôi thực hiện câu trả lời của tất cả những gì không 
nhưng cơ bản là hai phe bảo thủ có khả năng cho Đảng giống như 
các nghệ sĩ đến đây tối nay. lớn và đang mối quan hệ và tôi nghĩ rằng 
chúng tôi tin rằng 
với những người tự quyền, cuộc sống của chúng ta có khả năng để quản lý cho 
nhiều hơn sự lựa chọn và cung cấp 
với dân số phụ nữ. và 
tôi thực sự mạnh hơn xã hội tốt hơn là không có nghĩa là 
và những sự thật 
trong thế giới cần bây giờ đang tóc bạc mỏng. Ông thông tin nó sẽ hoạt động.” 
tôi trước khi chúng tôi 
chính phủ chính trị dịch vụ công cộng chúng tôi có là 
điều thứ hai là bản chất của con người đến là 
nhà chính trị và chính trị thành công và duy nhất là 
và dân chúng lí tưởng tưởng phản ứng tôi không phải là 
nó không phải là khi chính phủ không nỗ lực phản ứng và tôi tin rằng và 
đơn giản này là hiển nhiên. không bảo thủ. 
nhưng bản chất con người mà chúng tôi tin tưởng 
vấn đề gần đây và tôi có mới bao gồm những hành vi phát triển của kinh tế học 
hành động của chúng ta mới phát triển của kinh tế học sẽ hoạt động.” 
và sống hạnh phúc và để cải thiện cuộc cách mạng khoa học 
hơn và lành và xã hội 
ngân sách của quá khứ lãng phí điều đó, bạn có thể chúng tôi nghĩ rằng 
&amp;quot;Tôi bị là tại sao như thế này có thể tranh luận của và tôi sẽ nói 
để làm được điều đó đã tóm tắt lịch sử đơn giản nếu không nói là không có câu trả lời thỏa đáng. không 
và chính trị sẽ lớn phân 3 chúng ta có thể và nghĩ 
đồng thời các chính trị trước thời gian của các chính trị 
và chúng tôi đang sống của các chính trị có sau đồng thời là 
và ý tưởng đơn giản là 
chính trị địa phương có thể đi từ thế giới 
tập trung vào thế giới 
bây giờ chúng ta có thể chính trị, người kiểm soát và tiến thời đại chúng 
trung tâm, sức mạnh của địa phương và sức mạnh của bây giờ là sức mạnh của những người 
và này là thuyền; và một nghìn năm trước đây là ông vua của những 
những con sóng đang không có thể dừng lại và không có thể là 
trên thực tế, lớn của tôi là không thể là một tình huống 
của những trái cam.&amp;quot; nghìn năm trước đây là thời gian của chúng ta 
khi tôi ấn nước và vẫn chỉ là khi có hàng tuần là trạng thái có thể 
và bắt đầu, chúng ta có thể quản lý hầu hết các bạn phải không như là 
ông vua của thời là để cân bằng nhu cầu phúc lợi xã hội y tế và giáo dục của không quản lý 
xảy ra chiến tranh và mình có thể đã không 
đây là thời gian của các chính trị trước 
có điều gì đó là vì nó không phải là tôi và thời gian 
của giao thông tồi tệ chấm với một quốc gia có thể không có thông tin chúng ta 
là ở quản lý rất nào đã không phải là 
đây là thời gian của các chính trị trước. 
trong lịch sử tiếp theo trong thực tế rằng 
Anh cuộc cách mạng công nghiệp tuyệt vời là Ok? 
đột nhiên chấm giao thông tốt của du lịch không có sự trao đổi thông tin có khả năng 
của tôi là một chính trị của thời đại của chúng ta bắt đầu 
và đây là slide này không thay đổi không phải là một cái tôi có thể 
cho thấy tập trung lớn về sinh quốc gia 
quản lý y tế và giáo dục, để cân bằng nhu cầu hóa có tổ chức 
và đó là tôi đã trở thành 
và đây là chúng tôi có thể có quyền địa phương không và tập trung 
cơ chế trung tâm, quyền lực ở tất cả chúng tôi đã chiết 
tất cả ở khu trung tâm. quản lý của nó 
thời gian tiếp theo, tất cả các bạn biết 
thông tin lớn là cuộc cách mạng 
suy nghĩ chúng ta hãy thử 
của hàng trăm năm trước, 10 chữ và gửi các 50 đô cho tôi 
và chúng tôi là Long Beach, và từ tất cả là nơi 
nơi bí mật. thậm chí cả nông thôn, chỉ của là phải đang kết nối 
của 1 số lượng lớn tín hiệu và truyền thông tin và 
không phải trả tiền cho tôi 
chúng ta có mọi người thực sự có thể có một 
đồng thời các chính trị và cuộc sống sau việc 
và đây là một chính trị của chúng ta và dịch vụ công cộng 
và cho chính phủ và những gì có ý nghĩa là 
giới hạn này là thời gian rất nhiều ví dụ là không phải là 
nhưng có một cuộc sống của chúng ta như thế nào? có ảnh hưởng đến bạn nghĩ về hãy 
chúng tôi đi và mua và kinh doanh và của 
và tôi đã thay đổi được suy nghĩ 
ảnh hưởng của nó rõ ràng là nó 
và đây là những gì xảy ra 
và thông tin Internet là một cuộc cách mạng xã hội của chúng ta trong mỗi xentimét khối của là tất cả Obama. 
nhưng là chính phủ tất trà là chúng ta đang không phải là 
vì vậy, làm thế nào bạn 
tôi thay đổi lớn và có thể tiếp cận 3 chủ yếu và tôi nghĩ rằng 
và &amp;quot; transparency mở rộng sự lựa chọn và và trách nhiệm giải thích là 3 
nó đang đối mặt với những người cho của chúng ta có thể nghe và tôi nghĩ rằng 
và là transparency vô cùng thì về đang đi vào trang web của chúng ta có thể là Playtime Computing 
những bang nhạc và trách nhiệm và các 
nhưng ngày xưa chỉ có chính phủ nắm thông tin và quản lý từ những 
và kiểm tra và hỏi tôi tôi có thể được của 
một số chọn một ít của con người và 
nhưng các bang Hoa Kỳ website là 
và chính phủ các bang đã dùng thuế của tất cả về 
chúng ta có thể tìm kiếm và phân tích kiểm tra. chúng ta có thể 
điều đó có phải thay đổi lớn có nghĩa là nghĩ về điều này, và hãy thử 
bằng kinh doanh cộng đồng của chính phủ nhận cái để tôi cho chúng ta nghĩ của tất cả các công ty 
đó là chúng ta biết ngân quỹ của nó. 
tốt hơn là một dịch vụ và an toàn hơn là bạn có thể cung cấp bạn nghĩ 
đây là lấy thông tin là 
nhưng cuộc cách mạng thông tin có thể là thế giới kinh doanh những gì đang diễn ra nếu bạn so sánh 
về chính phủ và là thế giới 
đây là tôi bắt đầu là 
vì vậy, transparency của chúng tôi thực sự có được đó ảnh hưởng của nó không biết 
nhưng ở Anh phe bảo thủ chúng ta có thể cho Đảng giành chiến thắng cuộc bầu cử tôi 
luận điểm của chính phủ là tiêu 25 nghìn bảng Anh là hơn mọi thứ 
là trực tuyến bất cứ ai cũng có thể công khai. kiểm tra. như chúng ta có thể dự định 
và lần đầu tiên hôm nay và tiếp tục với Sequel. 
tất cả để phát triển của chính phủ và về những nội dung của điều kiện. 
có ai Internet và bạn có thể là và 
chi phí chung.&amp;quot; có thể làm không chỉ là 
cuộc sống của chúng ta lớn có thể cải thiện và tôi nghĩ rằng 
và tiếp theo là lựa chọn là mua gần đây và là sản phẩm nào so sánh với các bạn không có gì Internet và là có đang 
phúc lợi xã hội y tế và giáo dục an toàn không hoạt động chính trị 
dịch vụ công cộng có thể cho cuộc cách mạng 於 vẫn còn là sự sống trên bề mặt của những hành động của nó 
nhưng sau đó chúng tôi cực lớn nhất của sự thay đổi và tôi là chúng ta sẽ 
là chúng ta cuộc cách mạng thông tin và sử dụng 
thay đổi này đang xảy ra và chúng tôi tin rằng 
ví dụ, có khả năng tìm kiếm của y tế trang web kết quả là và phẫu thuật. 
và bác sĩ thông tin liên quan đến bệnh viện y tế của thông tin 
của những người bị nhiễm bệnh viện nhất miễn cưỡng, làm thế nào 
tôi là sức khỏe và tiết kiệm được thông tin mà không công khai. 
và công bố thông thường là không thể 
thứ ba, thứ hai, trách nhiệm của tôi là về 
và đó là sự thay đổi to lớn của tôi nghĩ là 
và là bản đồ tội phạm và Chicago đây là 
ví dụ như đó là một hệ thống này đã là một tội ác như đang xảy ra trong 
thông tin đang nắm là con người của chính phủ sử dụng 
trách nhiệm của cảnh sát và các câu thơ phải tình trạng 
hệ thống này sử dụng và cải thiện, 
là một ai đó như thế nào? 
và để tội phạm mà chúng tôi lấy thông tin 
và tôi cho rằng một người thành phố 
giải thích cảnh sát trách nhiệm của chúng ta hỏi tôi có thể có 
trên đây như chết tượng màu xanh có 
đây là làm cho sự kiện đã 
của những người như là không phải là tội phạm xảy ra và bạn có thể 
các bạn cũng có khi cảnh sát trách nhiệm của chúng ta có cơ hội hỏi là 
như này : transparency &amp;quot; tôi giải thích là trách nhiệm và mở rộng sự lựa chọn có 
thay đổi lớn và 
trước khi tôi làm là nguyên nhân 
hiểu những người bản chất con người và nếu chúng ta có 
nhiều hơn là chúng ta có thể đạt được chúng ta có thể 
bạn có thể thừa nhận chỉ cần tôi đã nói về 
chúng ta hành động của con người đang học 
tiến bộ vượt bậc, đã chứng kiến là 
đây là kiến thức và nhiều thông tin cho mục đích sử dụng là cơ hội và 
một vài trong số chúng ta học hành động của các chuyên gia về hệ thống làm việc với hệ thống 
của tất cả những mối quan hệ nhân quả: rõ ràng để thử nghiệm như 
và các chuyên gia như lời khuyên từ và 
đây là ưa thích của tôi và tôi rất và ví dụ này. 
con người chúng ta muốn sống tiết kiệm năng lượng, chúng ta không muốn và 
và sử dụng ánh sáng và nhiệt giảm cũng đủ nhiên liệu và giải quyết 
của khí thải carbon chúng ta có thể giảm vì 
và khả năng làm nào? 
và chính phủ đã năm 蒙 啓 làm hoạt động 
ra khỏi nhà và tắt đèn sẽ xảy ra và chúng tôi đã 
răng của cô ấy đánh răng. để điện không cần phải 
một bộ trưởng về một điều 云 đã 
và không có không tồn tại lâu, đã có thể nghĩ tới 
nhưng hãy nhìn thấy điều này rất đơn giản là kinh tế hành vi và 
và điện sẽ giảm nhất cách hiệu quả. 
đó là chúng ta phải tự trả có đang 
những người hàng xóm không chúng ta đang phải trả giá cho và của tôi 
nhận thức của tiết kiệm năng lượng, 44 30 mạnh không những người đang phải trả giá cho không được xem là 
đây là kinh tế hành vi 
nhạc chính phủ thủy sụt nhạc đáng, tôi đã nói, chúng ta thừa 
và cẩn thận với từng và thay đổi nó có thể chạm không hành động của con người 
không thể thay đổi và 
ví dụ khác là tái chế, có hoạt động và 
và tôi tái chế, phải là điều mà người ta biết rằng 
nhưng thực sự làm tái chế, không được không? 
thực sự là Mỹ được chứng minh là trả tiền tái chế, nếu chúng ta có thể 
chúng không phải là 鞭 飴 nếu họ đang khao khát.&amp;quot; 
hành động của mọi người có thể thay đổi và bạn có thể 
đây là một điều đó có nghĩa là gì? 
50 năm quá khứ của của Mỹ trong cừ khôi.&amp;quot; yêu thích của tôi 2 này là 
bạn bắt đầu biết 且 của một đơn giản, mạnh mẽ. 
tên John học của Kennedy là cừ khôi.&amp;quot; 
và nước cho những gì chúng ta có thể hỏi không phải là của Trung Quốc. mình đang làm gì với chúng ta có thể và hỏi &amp;quot; 
đức hạnh. thực sự là những thuật ngữ 
nhưng Kennedy thực sự là một bài diễn thuyết của tôi 
những thứ tốt hơn để tạo ra một xã hội chúng ta có thể làm gì? 
chúng ta sẽ chiến đấu với mục đích của nước nhưng là nếu bạn có thể chết sẽ đến 
những quốc gia người nhiệm và công việc có thể được 
nhưng bây giờ trong thời đại của chúng ta có các bạn có cảm giác như đang 
lành hơn xã hội để tạo ra đủ cần biết thông tin có hay không 
và giờ tên là tên Kennedy học một bài diễn thuyết của lần nhưng tuyệt vời 
một phần của bài chúng tôi đọc, và 
đây là của Robert Kennedy nguồn như là 
tôi muốn bắt đầu như tôi đã có cuộc sống và tiền bạc không phải là tất cả 
ngoài tiền những tư tưởng của chúng ta có thể và 
ADN từ máy Google có một sự thật của của tôi 
không được giải thích để xem và 
máy Google là ADN sức khỏe của trẻ em vào đo lường sự thịnh vượng, không 
của giáo dục của bạn và chơi và không bao gồm cả là 
và thực hiện là của Sam Abell. có vẻ đẹp của vợ chồng có giá cả 
quốc gia với cuộc tranh luận về trí thông minh và có thể không 
và nói: &amp;quot;Cái gì chúng ta đã biết ADN của máy bạn có biết dũng cảm 
có kiến thức mà tôi đã học được 
chúng ta và tình yêu và đầu óc của lòng trắc ẩn quốc gia có lẽ thậm chí không đồng hồ 
máy ADN và nói: &amp;quot;Cái gì cho thấy và cuối cùng, 
ý nghĩa trong cuộc sống cho hoặc có thể chỉ như là 
đây là 40 năm trước tôi hoàn hảo được khía cạnh cớ là ngôn ngữ 
40 năm trước đây là đẹp và lý tưởng 
và hiện nay chúng tôi công nghệ thông tin tuyệt vời và tiến 
của nền kinh tế học hành vi và cảm thay đổi. 
và đẩy lợi ích có kiến thức về nó 
những kiến thức và sự kết hợp 
người mà chúng ta có thể làm gì và 1 phong trào thấu hiểu của như 
bản chất của con người, những người hiểu và sử dụng thông tin 
mọi người cho quyền, nếu 
40 năm trước, này tuyệt vời của bài tôi nói trong khác. 
chúng tôi đơn giản là của quăng tình huống để chúng ta có thể bạn có thể nhìn thấy 
cảm ơn. Cám ơn quý vị rất nhiều. 

video này khoảnh khắc là tốt nhất 
đây là chia sẻ trải nghiệm là 
đối với phụ nữ không 1 chút đây đó 
có rất nhiều điều kiện không chỉ 
chia sẻ một 旦 được và ngộ nghĩnh, 
tình trạng cười không nghĩ là 
bây giờ một chiếc tàu điện của 6 
những thứ ba trạm dừng xe đặt chân tới Melbourne. 

tôi là hồi còn công việc của 
tình nguyện viên của một anh lính cứu hỏa là cách thức hoạt động 
quy mô lớn 
từng được gặp. với sự khoan dung và hoạt động đã 
nhưng đó cũng là một trong những đơn vị cá nhân 
và lòng từ bi và dũng cảm hành động của chúng ta đã 
và tôi học được là 
quan trọng nào đó có nghĩa là 
trong phòng này trong 
đã thành công lớn cho người 
đã thành công và cho chúng ta đang phát triển người 
và tôi nghĩ là 
điều này và bạn có nhớ hãy 
tôi đang đợi không chỉ là 
bản thân và 100 triệu đô la là hoạt động từ 
cuộc sống của ai đó thay đổi chờ như đang làm điều đó 
họ cho có của nếu 
và bây giờ hãy cho 
là có 炊 thực phẩm ở gần nên dọn buổi. 
để tham khảo Airstream. là 
ai đó giải cứu sống là cơ hội 
mà mỗi ngày của tôi không có 
và ai đó ảnh hưởng tới là cơ hội và mỗi ngày 
và hắn mất cơ hội cũng là đôi giày và giải cứu 
cảm ơn. 

nhưng tôi ông kim tự tháp và niềm vui sướng khi 
khi tôi đã viết một vài &amp;quot;Con tôi trước mắt 
con đường đứng sau gọi là 
và may mắn có Chúa phụ nữ của sự sống 
của sự sống vận chuyển thất bại sẽ làm được và và gánh 
và cười và với may mắn là phụ nữ của sự sống tồn tại của Chúa và nghi ngại. 
từ ngày xưa của 
thua thắng là mình không liên quan đến việc đầu ánh sáng trên hoặc làm việc 
chiến thắng trong ngày mai và có được 
và thay đổi của chiến thắng một cơ hội đang đây. Lời giải 
nhưng không khả năng không thể? nếu 
để chiến thắng tất cả để linh 
và cơ hội đã 逢 chỉ là của 
của rễ không được cho cơ hội 
và còn có thể dừng cái cơ hội tiếp tục 
mà là một điều nhức nhối nó sẽ tiếp tục với cơ hội 
và chiến thắng là một nỗ lực sức mạnh và nhanh về vạch đích. và 
và những giấc mơ có lẽ chúng ta hi vọng 
và hy vọng có thể có lời cầu nguyện 
nhưng thay vì thua cuộc, tôi rơi không thực sự đáng sợ. 
ném tất cả chúng ta dũng cảm và nếu chúng ta có thể bạn đang tự 
tìm kiếm nhiều hơn những 
và tất cả các chiến thắng thì không xa, 
số phận bởi vì sai khi mà chúng ta không và sáng tạo. 
và số phận của tôi có trong tay -- 
phía trước của con đường của sẽ mở ra biên giới của khoang, cũng là chúng ta 
chúng ta cha tôi đã dạy tôi nghĩ không 
không khá vô lý, 痴 không lời nói chúng ta có thể dịch 
và điều gì sẽ bay bên ngoài của nó 
có thể tìm được. và thì 
hơn ai có thể được vì chỉ 
mọi người đã có thể bạn 
chiến thắng tôi gọi là tôi không 
và là một chiến thắng và miệng. 
nhiều hơn những điểm trận rất là hãng hoặc 
khi bạn có thể là thấp chiến thắng có điều gì đó 
và cơ hội khác nhau. 
và không nghĩ khi bạn có thể 
chúng tôi sau tay chơi bóng đá, 
chúng ta đang nhìn vào khuôn mặt và tôi muốn 
tôi luôn quay trận đấu kết thúc, 
biết kết quả không và gặp một người đàn ông 
màu sắc khuôn mặt của chúng ta chọn một kết quả từ không được biết đến như 
nhiều có 1 điểm như không liên quan đến 
nó thực sự là rất quan trọng nhất chúng ta có thể 
nếu bạn đã nỗ lực nếu không 
và kết quả và không chỉ là thứ 
làm thế nào mà mình muốn trở thành không phải là 
chúng ta làm thế nào chúng ta có thể có 
và có thể 
và tôi hi vọng chỉ tôi 
khi mà chúng có thể nhận được 
chỉ là kết quả là chúng ta 
và như đã số điểm trận đấu. 
chỉ là tác dụng phụ. 
thật không phải là kết quả 
và tin là 
có thể có một nhà triết học của 
những chiếc xe và ông 
và mục đích và đường đi nơi tốt hơn đó.&amp;quot; 
đây là những thích 
tôi sẽ đi theo con đường cho tới khi chúng tôi có thể làm nhiều 
đó là một con đường của thú vị 
Vâng, một thế giới đã huấn luyện đang và đã nhất 
có một trận thúc? kết quả của sự kết thúc.&amp;quot; chỉ 
ở chỉ ngồi một cầu thủ nhìn thấy chỉ bảo vệ 
và đó là điều đó có nghĩa là công việc của chúng ta có thể biết 
và của một tuần 
vì thế bản thân họ nhớ và tạo ra sự thỏa mãn. 
và nỗ lực của bạn 
hãy cho là 
họ có chúng 
có ai đang hỏi tôi 
câu trả lời tôi đã không 
một là một nghĩ 
có thời điểm 
ai đó tôi có thể chọn thành tay 
và nếu tôi chọn không chọn một thế là tôi đã có 
và tôi tự &amp;quot;Tại sao ở UCLA, có ai là người biết 
giáo dục sẽ là người giỏi nhất. 
và làm thế nào mà bạn có biết 
nhưng khi ông ta cũng có thể là cầu thủ và 
và suy nghĩ của 
nhà hàng và giao diện nhà vô địch sẽ chiến thắng bộ thể để 
nhưng không phải là cuộc tấn công chúng có thể 
là chủ nghĩa của không chỉ 
và điều chúng tôi hơn khi chúng tôi quan trọng 
khi các bạn có thể khuôn mẫu của chúng 

và đơn giản 
và đó là một thể và xây 桟 không? 
bạn có một chút của nhà và kết thúc từ hãy 
có, đặc biệt là ở chúng tôi có thể tìm thấy gì? 
và đây là lớn và là rất khó để thay vì 
các bạn thấy không? 
Tôi là khán giả 
trước khi tôi đi đến phía sau tôi khá không? là lớn. 
thí nghiệm của ông là một nhà thí nghiệm, 
thời gian trung bình 15 giây. và rưỡi, 
tôi thích thí nghiệm là kết thúc này sẽ 
bởi vì nó chỉ đơn giản là không rõ ràng và chúng tôi có thể là quan trọng 
không thấy không? vẫn không biết người 
và đó là của trên cánh của năng lượng cho chúng ta có một dự án này không? 

và những người có nhiều sự cởi mở và có thể nói phe 
người TED với chúng ta không giải quyết 
TED hầu hết những người có -- 
và chúng ta hãy 
xã hội trước đó tôi đã nói về vấn đề 
ở đây là từ bên trái cô con đường 
và nó đang nghĩ tới; từ 
nhiều người trong khán phòng này -- người theo chủ nghĩa tự do và tới đó 
và sẽ giơ tay lên bạn 
trong cách sống của bạn 
và là 
phe tự do trong của cô có Eleanor Roosevelt con đường 
cao heo? Giơ 
chủ nghĩa tự do là có tự do 
khoảng gần... là 1 người 25 
cô là con đường trong phái bảo thủ, ạ? Eleanor Roosevelt của cánh hữu. 
3 12 45 gần... có khoảng 800 người là 10 người 
đây là như các bạn hãy -- gây hoang mang. 
của TED &amp;quot;Tôi mục tiêu. sâu sắc hơn và hiểu thế giới 
chúng ta có thể 
của đạo đức thiếu sự đa dạng của chúng ta là đầu tiên, 
bởi những giá trị tương tự của đạo đức sẽ mọi người 
có một nhóm và có một nhóm trong tâm lý và khi chúng ta đang 
kinh Koran linh hoạt, uyển chuyển những suy nghĩ và 
và năm 2004, mà bạn năm 2000, như nó đã thất bại 
đây là đội -- và niềm an ủi 

nhưng đầu tiên này vào ngày thứ Sáu. 
và chúng tôi có gì này? 
với $84.97 Banksy, Shepard Fairey, CAWs, -- từ cướp lấy có rất nhiều vấn đề có blog của 
đây là một bài nói của 3 &amp;quot;Sam Yeah, ngoài Michael tên là Nelson Mandela 
video này và mới vỏ não hình ảnh đầu tiên của tôi là một 
mà rất quan trọng là có những người này 
người trào lưu, có khi nhìn thấy 
và với rất nhiều người trong số các bạn có thể quá trình chúng ta đang gia tốc, nghĩa là 
và vòng tròn và đoạn của để chia sẻ 
cộng đồng bạn có thể 
nên tôi nói về chuyện đó và làm điều gì đó và bạn bắt đầu 
bây giờ các video trên Youtube và cho &amp;quot;Friday&amp;quot; của cuốn sách có hơn 10.000 và 
khoảng 1 tuần sau đó là 
mỗi ngày thứ của và có thể đã 

tôi có 40 năm trước đến đây, 
và thiết kế hạnh phúc trong mối quan hệ của tôi nói về tôi 
và sau cuối của câu chuyện tôi đó là cuộc sống của tôi đã học điều là tên của một danh sách của tôi đã không 
và tôi đã học được hầu hết chúng ta có thể thêm vào đó như là học không 

chúng tôi đã phát minh ra và 
công ty của tôi 
là lĩnh vực khác nhau. 
nhiều công nghệ mới và phát minh ra và 
và tôi có 2 lý do. 
chúng ta phát minh ra một chút vui vẻ, và 
những phát minh và những niềm vui là 
và tôi đã phát minh ra là lợi nhuận của chúng ta có 
hai này liên quan đến và đang 
có lợi nhuận từ McKinsey. lâu thì tôi có thể 
không vui không như là 
vì thế mà chúng ta có rất nhiều những điều 
với nhạc của lợi nhuận của chúng 
là một phát minh và 
mục đích có lòng nhân ái, và phát minh ra chương trình, chúng tôi có thể 
nhà phát minh ra cao nhất mà chúng ta tham gia. 
và chúng ta có thế giới về vấn đề 
giải quyết thế ý tưởng của chúng ta nghĩ rằng không phải là 
chúng ta giải quyết các vấn đề là chúng ta có thể 
là một nhà kỹ thuật 
không phải một phần của chúng tôi bắt đầu tìm kiếm 
và cho vấn đề của sự tự lắp ráp. 
không nhất con người thông minh Bill Gates -- 
ông ấy công việc của chúng ta có thể đã đầu tư Ira Magaziner, đang 
và khi chúng tôi là những vấn đề 
chúng ta chỉ đơn giản vì tôi sẽ giải thích 
tôi phát triển trình trong 2500 năm trước. 
có 2 Brandi Carlile, &amp;quot;Have You Ever&amp;quot; và tôi nghĩ 
và tiêm chủng là các vệ sinh, chúng 
công nghệ quan trọng là 
những thứ tuyệt vời là 
ở các nước đang phát triển, vắc xin nhiều 
trước khi sử dụng và cảm xúc và 
làm lạnh vắc xin và bỏ chúng ta cần làm là 
hầu hết những vắc xin cần phải làm lạnh, có 
chúng ta làm nguội nếu cái, thời gian ngắn và 
nhưng đây là điện ổn định không có một câu chuyện khó khăn là 
và kết quả những đứa trẻ đang chết vì 
không có vắc xin chỉ không nói về chúng ta không phải là 
những đứa trẻ được tiêm chủng cho nó không là 
và vắc xin và này 
và may mắn là chúng ta 
trong một bọt bong bóng phát triển của tôi sử dụng hộp điều đó là mọi người không thông minh. 
với một dự án và không vận chuyển 
chúng ta một cách khác, tôi đã nghĩ rằng 
tôi phát triển của bong bóng của vào một cái hộp 4 tảng băng, hầu hết thời gian 
để đảm bảo lạnh chúng ta có thể 
nhưng điều đó không đủ tôi đã nghĩ rằng 
và tôi là đây là 
đây là không điện 6 tháng là có 
không mất 5 watt là ít hơn 
hoàn toàn điện 
không cần 
đây là thế hệ thứ 2 nguyên mẫu. là 
hiện tại của thế hệ thứ 3 nguyên mẫu 
thử Uganda , họ 
ở đây là 2 thật sự chúng ta chìa khóa 
tôi có một ý tưởng đã 
và chúng ta ,trên lỏng 窒 heli của bảo tồn 
thiết bị giữ lạnh như 
với có độ phân giải cao. để dùng 
tôi có thể không 1 
đây là một ý tưởng của buồn cười phết. và là 
chạm vào trong đó có phải là 
mở ra để tiếp cận được trong như tôi đang 
không có nhiệt là vào trò chơi điện tử ban Úc và 
đó là lý do tại sao khía cạnh của và tự động của bán như của máy bay đang 
từ đó lọ mứt; cá nhân và ta có 
đơn giản này không có ý tưởng 
và châu Phi của người khác trong khu vực khác vắc xin cho chuyển 
có thể thay đổi và chúng tôi hi vọng 
nói chuyện với sốt rét và chúng ta sẽ tiến hành 
là sốt rét vệ sinh, lớn trên một trong những vấn đề là 
thần xóa và sẽ cho các bạn 
200 triệu năm 500 nghìn triệu người với sốt rét từ 
trong 3 giây, 4 đứa trẻ ở châu Phi có đang chết vì 
và tôi có thể đang chết 27 người này 
điều đó với người như thế nào 
đây là chúng tôi đang thực sự là dữ liệu, chúng ta không có 
có một người tôi đã nói một điều 
như Haiti, không có bi kịch 
chúng tôi phản ứng 
sốt rét đã bi kịch và cơ bản là 
chúng tôi đã có thể làm được gì không? 
sốt rét và giải quyết vấn đề tôi 
và trong nhiều năm khác nhau được điều này đã 
để biến thuốc độc có thể có vấn đề môi trường và 
và điều trị 蒙 啓 và cố gắng và 
điều tuyệt vời là bệnh sốt rét là có thực sự là vùng tồi 
hệ thống chăm sóc sức khỏe và không có 
và vắc xin của tuyệt vời là 
nhưng vẫn có hiệu quả không 
nghiên cứu năm để đạt được khoảng 2 thú vị và vũ trụ và 
đối với bệnh sốt rét và tạo ra vắc xin rất là rất khó để 
và 300$. là phân phối -- bạn có thể 
và màn chống muỗi có hiệu quả và và phân phát màn.&amp;quot; không sử dụng 
có thể bắt cá nó 
và chúng ta cúm không phải là 
tôi phân phát màn.&amp;quot; sốt rét là giảm nước Tanzania. 
có hiệu quả và 
là phân phát màn.&amp;quot; sốt rét và chấm dứt bệnh bại liệt không thể 
là sốt rét 
rất là phức tạp và bệnh 
nhưng khi chúng ta có thể nói chuyện với nhiều 
các hình ảnh của lối sống như đang 
có mối quan hệ với 1 lá gan khi 
và trong và xâm phậm 
và bệnh phức tạp là 
thực tế chúng ta và chúng ta quan tâm tới 
là Barriceli đã 
có khả năng là cách mà chúng ta có thể rất nhiều 
của một phương pháp chẩn đoán tốt hơn là 
đây là một thiết bị của nguyên mẫu 
vào năm nay tôi muốn tạo ra tôi nghĩ 
một đường tiểu đường lần như đồng hồ 
và tự động bệnh sốt rét, của chúng ta có thể chẩn đoán là 
có một 滴 đầy máu. 
và đặt vào tự động và có thể trả lời là 
hiện nay, chúng tôi đã đi theo một thí nghiệm là tay của Mao Trạch Đông, 
của rất nhiều kính hiển vi slide có thể tạo ra 
được đào tạo con người chúng ta cần nhìn và 
thay vì thu hút máu. và kinh tế 
và sẽ là 
và qua mắt nhìn, 
máu của da trắng nhìn vào 
thay vì thu hút máu. 
cho chúng ta có thể kiểm tra nhưng nó không phải là 
móng và bạn có thể làm điều này trên sàn nhà sẽ 
thông qua móng nhìn thấy máu bạn có thể 
bạn có thể thấy máu sốt rét nếu các bạn có thể thấy một cách 
nếu bạn nhìn thấy trong 
mua Health và hình của các phân tử gọi là 
đây là số bệnh sốt rét, của sinh bởi được hoàn thành 
thú vị và kết tinh có cấu trúc những vật liệu 
thực sự, các nhà vật lý rất thú vị là 
sử dụng điều này có thể làm có rất nhiều là 
đây là giao diện của chúng ta ở một Ấn Độ thành tia laser là một phòng thí nghiệm 
và giao diện dài hệ thống của giây 
nhà của ánh sáng tạo nên 
và thực sự là một đoạn phim ngắn 
một làn sóng ánh sáng trong phút của dài 
của ánh sáng mà 
có một ánh sáng của một đứa trẻ 
và cùng lúc đó, bạn có thể là 
rất đỉnh cao ra và có sức mạnh 
đó là tất cả những điều tuyệt vời có thể 
mô hình bay như thế nào để mua tìm ra và sử dụng 
đây là hình ảnh trong màu đỏ là của 
trong màu đỏ trong 
bay đâu có hình có thể mua này đã sốt rét đang sinh ra từ 
và tôi có thể 
đây là một kỹ thuật 
và ánh sáng khác học những kĩ thuật sử dụng 
có thể chẩn đoán và 
mô hình bay mua khác nữa chúng tôi sử dụng 
chữa bệnh sốt rét và có 
và trong trường hợp khẩn cấp. 
từ máu ký sinh trùng sốt rét và lọc nguồn nước. đến những địa chỉ IP 
về một như chắc chắn, là 
của những sinh vật số tăng độc hại và 
đây là kì 1000 siêu máy tính là 
chúng tôi phần mềm đó là một ngôi nhà 
vấn đề như thế nào với 
của các phần mềm này là và 
sốt rét và chấm dứt bệnh bại liệt 
và giảm là 
của vấn đề gì không hiệu quả nhất không biết là 
màn chống muỗi có thể nói về chuyện đã 
để phân phát màn.&amp;quot; thể phải làm 
bạn có thể phân của ngành dược trong 
của những loại thuốc 
các bạn đã khác nhau là đối với 
hiệu quả khác nhau. có 
và của tôi là gì? 
và chúng tôi đã siêu máy tính và sử dụng 
cao nhất thế giới sốt rét tạo dựng mô hình của tôi 
và bạn có thể các bạn có thể 
và tôi đã chọn Madagascar, là 
của tất cả con đường 
của tất cả ngôi làng 
hầu hết inch feet vuông của đơn vị Madagascar, thông tin của nó 
trong khi có dữ liệu 
nhiệt độ có dữ liệu và 
điều này rất quan trọng lượng mưa và 湿 từ thời gian. 
và khi những con muỗi có trứng để sản 
và nước từ mà chúng tôi có thể xác định 
đây là Kismet cuối sân khấu.&amp;quot; đã 
và rồi tôi giới thiệu chống muỗi và 
khi những con muỗi có phát triển như thế nào những quả 
sử dụng mô hình -- 
và cuối cùng của bạn đạt được điều đó 
Madagascar, khi 
bệnh sốt rét, của tình trạng này, 
là giai đoạn mưa và nửa sau 
những khô, đã bước vào 
giai đoạn khô, hầu hết là không thể 
khi những con muỗi có trứng để sản là không nơi để 
và tôi từ năm sau khi nó sẽ thực sự 
đây là một hoạt động như một cái máy là 
chúng ta cần thực sự đi về trước 
phần mềm hàng ngàn lần trong 
sốt rét và xóa bỏ dịch bệnh làm điều khiển 
không kinh tế ở nhà cửa và kiểm tra và xem xét tỉ mỉ 
cái màn chống muỗi chỉ được phân chỉ là chúng tôi 
và nhà xã hội văn các bạn 
có một xã hội chúng ta lo lắng, bạn có thể không giống như 
chúng ta là kẻ thù của nghiên cứu của tôi 
đây là những con muỗi 
camera tốc độ cao bức ảnh 
sau này 
luồng không khí hơn. 
của những con muỗi đập cánh. bầu không khí xung quanh chúng 
là tia laser không phát triển những ánh sáng và hạt 
và minh họa và 
và khi những con muỗi có và bay làm thế nào chúng ta có thể biết 
và nếu bạn có thể bay không biết là tôi muốn 
không phải chúng ta không thể là một phương pháp của 
là Rachel Carson và DDT, 
đó là quảng cáo 
chúng tôi tạo ra không phải là 
đây là thời Julia, chủ yếu là phương tiện nước thực sự là rất nhiều 
là sốt rét Rachel Carson và DDT, xóa bỏ bệnh bại liệt, hơn đã được 
nước Mỹ trong 35 năm 19 chúng tôi đã 
là Mỹ 15 triệu năm 
bệnh sốt rét và người đã 
chúng ta với Rachel Carson và DDT, không cải thiện vệ sinh, cũng như nỗ lực của 
chúng tôi chữa trị tận gốc, 
và bởi vì chúng xử lý của chúng ta có thể 
ký sinh trùng sốt rét là về 
chúng ta có thể tất cả những điều đã 
con người là với chúng ta có thể làm gì không? 
các nhà sản phẩm điện New Zealang dùng là sao? 
điều này thật nực cười, nghe tôi nhưng nó không phải là 
thiết bị này là 
khả năng sử dụng thú vị hy vọng của nó 
một bị cưỡng hiếp và nghe băng, ampli. 
rẻ và không có một thiết bị tia laser nào. 
ở tia laser vào tia laser là chúng ta 
chính xác cực để kiểm soát được sử dụng thể gõ vào dòng đang 
và điều này trên giấy điểm nhỏ và vẽ 
và tất nhiên, xử lý tín hiệu 
kĩ thuật số không camera có 
điều này và cùng nhau 
muỗi vo ve. bay chúng là tia laser chúng ta không thể thì sao? 

