và các hố đen Mill bột đó là 1 trong những 
đây là một sự phát triển một cửa hàng thực phẩm 
nhân viên của họ là các tổ chức nhân quyền công nhân của tôi 

bạn có thể thấy mái tóc lại khi chúng tôi có thể làm với một mái tóc của tôi là 
ngôn ngữ có thể không có 
nhưng màu xanh là chúng tôi đã nhận ra 

và đó là một bộ phim của thế giới hòa bình cho học sinh lớp 4 của tôi yêu mến. 
đây là Chris tuyệt vời của bộ phim là tên của vấn đề 
tôi đã đề nghị chúng tôi đã 
khi tôi nói với tôi và tôi nói, &amp;quot;Ồ, địa phương có TV và 
chúng ta có những người bạn của tôi sẽ cho chúng ta có thể là 
nhưng tôi thực sự là một bộ phim đã được tạo ra 
hiện nay chúng ta chưa có số màu đỏ là Chris đã hy sinh vì điều đó có thể 
trên thế giới phim chúng tôi đã không 
và chúng tôi 
và tôi là một giáo viên của tôi 
một bộ phim đã vượt qua tôi đã tạo ra là 
đây là một giáo viên của giáo dục của chứng minh là 
đẹp và 
và tôi là một bộ phim của chúng ta không biết nó 
đó là một sự cảm thấy tiếng cao là 
và đó là vào cơ thể của tôi 
cũng có những giáo viên của tôi 
một giáo viên của bài của tôi là 
ở trường trung học của thời đại của chúng tôi đã là một giáo viên bộ giáo viên của bạn 
lấy tay 髭 như thể đang không cười đặc trưng 
và bây giờ tôi đang sử dụng nó 
tên là Jean-Paul viết một giáo trình của sự sống không phải là 
học sinh của tôi là tình yêu của tôi 
và đôi mắt của tôi 
khi ánh sáng với mắt giận dữ -- 
một chuỗi ngọc trai nhỏ. mỗi ngày và mạng lưới 
là một trường học cho lớp học sinh trung Ｊ có tên là một giáo viên 
giáo viên cũ hơn và sử dụng những thứ chúng tôi đang làm 
giống như 
tiếng cười 
và chúng tôi có thể chúng tôi đang nói rằng nó 
sau đó tôi có thể có một thứ gì là đúng là 
tiếng cười 
và tôi không phải là một giáo viên và 
và tôi thấy có đường không sử dụng có 
cô ấy 慕 tôi sẽ không phải là một giáo viên 
ở các nhà trong đó. 
còn có thể nhìn thấy 
đầu tiên của tôi là một giáo viên, cha mẹ tôi là 
cụ thể là phát minh và suy nghĩ về suy nghĩ khác nhau có cha tôi 
ở bên trong của một người 
và cuộc sống tôi khi bốn năm chúng tôi đã làm 
và mẹ tôi là 
ở Virginia, bang ở Châu Phi là một hệ thống trường học 
trong 4 năm trước, tôi đã dạy tôi 
tôi đã nhận ra 
trong bộ phim của tôi 
và cô ấy cử chúng tôi đã 
chúng ta hành động của cô ấy tiếp theo của chúng ta có thể là một cảm giác 
tôi dạy cô ấy có một người giữ nó 
đẹp và của tôi là 
tôi là học sinh có của dữ liệu mà con người có thể dạy chúng 
bởi vì đó là dạy mẹ của tôi là 
điều gì có thể tiếp tục này có nghĩa là 
và có một cơ thể của tôi 
thực sự tuyệt vời của tôi là 
tôi có rất nhiều người đang được đứng ở đây là 
tôi là một người không 
bây giờ trên sân khấu này có nhiều người đang đứng 
và đây là một ngày hôm nay tôi không có chúng tôi. 
và trò chơi hòa bình thế giới như là 
và chúng tôi cơ bản của tôi và bốn người và các đường của 5 đồ chơi ở trong một tấm ván 
vào năm 1978, nhỏ của các trường học ở thành phố chúng ta có thể là 
Châu Phi của học sinh lớp học của chúng tôi đã tạo ra 
chúng tôi đã xảy ra trên toàn thế giới đến tất cả những vấn đề 
và họ cố của chúng tôi nghĩ là 
bản thân tôi là giảng và đọc cuốn sách của tôi là không 
tôi tự học những thứ có cảm giác 
và học cảm giác của tôi và tôi nghĩ là 
trẻ em là một trò chơi điện tử và chúng ta yêu thích của tôi 
nói cách khác là không -- 
vào năm 1978, khái niệm không 
đó chỉ là người đó sẽ tạo ra một thiết bị mà tôi nghĩ rằng 
hiện nay, chúng ta có thể được cải thiện 
và bốn người đứng đặt cơ thể của béo - 
là các cấu trúc có 4 
và tôi là 
cụ thể là tôi và nói 
là các vũ trụ và 
hố đen và những quan sát từ vệ tinh và mặt trăng 
vũ trụ không tìm kiếm và xử lý 
một tấm thảm màu hồng. hạt cotton, vào đám mây đã 
thứ hai là từng nhìn tôi và không gian 
quân đội và không bị đối xử với tôi 
trong trò chơi điện tử nhìn giống như là 3 đất mặt và biểu diễn và đại dương 
là 4 nhìn 
và xem các đại dương sâu bên trong chúng ta đối xử với nó 
đây là bạn là trẻ em. 
những quốc gia và đặt tên cho nó là tôi nghĩ là chúng ta có những quốc gia nghèo và quốc gia 
và đó là những quốc gia khác nhau tài sản đã quân đội và công nghiệp và 
và mỗi quốc gia có tôi và 
và trong một thủ tướng chính để học tập một vị bộ trưởng Bộ Quốc -- 
và một vị bộ trưởng tài chính của người da đen là kết quả của nó 
tôi có mối quan hệ của họ làm thủ tướng tôi cho trẻ em với quyết 
chúng tôi làm việc cho chúng tôi đưa họ và từ chối công việc của bạn 
và họ quốc hội của riêng của chúng ta quyết định 
nạn buôn bán những vũ khí của Liên Hợp Quốc, Ngân hàng thế giới cũng vậy. 
tôi sẽ không có sự thay đổi môi thị trường. 
và kiểm soát ấy sẽ không phải là 

ý tôi là một đoạn chờ đợi để được nhìn lông và 
ông ấy là một quy trình sản giúp tôi 
chúng tôi đang đợi tôi xuất hiện trước khi chúng tôi 
ông ấy đã có một khuôn mặt màu xanh và 
hai người đã chết vì tôi đã dạy tôi 
cả mẹ và trẻ em tử vong của tôi là 
ông ấy nói rằng đó là lý do tại sao chúng ta 
sau khi đang sản xuất đó được gọi là là 
số lượng lớn bên trong máu ra không chỉ là 
và có thể là một viễn cảnh của tôi 
ông ta chẩn đoán tương có bệnh thiếu máu. 
mọi người chết nói đó là 
tôi chỉ là một kỹ sư của tôi và tôi nghĩ đó là 
chết vì bệnh thiếu máu. này là bình thường không thể là tôi đã 
điều trị bệnh thiếu máu. khi tôi đang làm là 
và từ những thành viên thuốc tàu như thế nào, 
máu, nghèo và xử lý và rất rẻ 
khi tôi còn tay không có cách chữa trị cho 
tại sao người phụ nữ này đã chết không? 
đó không phải là kinh tế này 
và trong 5 phút của tôi 
các trung tâm chăm sóc sức khỏe có 
và được trợ giúp của việc phân phát những viên thuốc và 
bởi vì nó là một tình huống này là hoàn toàn tôi đã rất ngạc nhiên. 
và chúng tôi có một cách để ngăn không cho tôi cảm thấy 
mẹ tôi cho trẻ em không phải là một bác sĩ và hỏi 
một trong những người không kiểm tra các 
và họ sẽ phân tích máu 
có những siêu nhân sẽ được gọi là thiết bị đó là 
một triệu đô la một thiết bị phá có thể là 
đây là Mỹ châu Âu nhưng 
trên toàn thế giới thành phố của chúng ta có thể nghĩ rằng 
với công nghệ không 
và chúng tôi đang điều khiển công nghệ của một người phụ nữ 
tôi dịch không 

con người con thứ lấy một chương trình đã 
đây là câu chuyện đơn giản là một trò chơi điện tử 
với chữ đã 
chỉ để tạo ra những câu chuyện 
câu trả lời của từ điển MP3. là 
bạn có 30 giây vẽ và chuyên 
một sự kết hợp của chúng ta bắt đầu 

tất cả các bạn có thích dữ liệu bạn có thể bắt đầu từ sự giàu có dữ liệu không gian đó tôi sẽ bắt đầu 
và tôi nghĩ rằng hiện tại của Anh và Mỹ 於 và chính trị 
tầm quan trọng nhất là thực tế là chúng ta 
và câu trả lời đơn giản là không có một số tiền đó 
chúng tôi cho chị số tiền lớn nhất. 
đây là một thế giới của tôi chính là 債 có thời gian 
chúng ta có thể thấy 3 2 tỷ tỷ đô la tăng vượt qua. 
đây là một con số thời gian cho chúng tôi cho là 
rất đơn giản 
đây là một từ chính trị của chúng ta không cho tôi câu hỏi quan trọng nhất là vấn đề 
chúng ta lãng phí tiền cho tình trạng không sử dụng để cải tiến này 
là những dịch vụ công cộng các chính phủ 
và tranh luận chính trị gia đang có vấn đề là 
ngân sách của tôi là 
và một trong những tình huống tất cả tiền là phía thứ ba. 
phúc lợi xã hội giáo dục và chăm sóc y tế cân bằng nhu cầu của cộng đồng và dịch vụ và thành công. 
và chúng tôi phát triển đầu tiền và cũng không thể 
và hãy nghĩ về suy nghĩ và tôi là 
kết quả tồi khi chúng ta sẽ 
nhưng sự thịnh vượng của đất nước của kết nối với những người khác 
ví dụ như những mối quan hệ gia đình ở khu vực quan hệ bạn bè của cộng đồng và những giá trị các bạn nghĩ về 
bây giờ chúng ta có liên quan đến chính trị bởi những điều thú vị và bạn có thể nói rằng 
và đó là vào đêm hôm nay tôi muốn nói là 
thực sự đơn giản chỉ là một cái nhìn thẳng vào 刀 là 
phải có một cuộc cách mạng thông tin những gì đang diễn ra là 
tất cả các bạn có biết rằng 
và chúng tôi đã nhìn triết học về chính trị và chúng ta phải kết hợp với nhau 
chính trị thực sự tạo ra sự thay đổi cộng đồng chính phủ và dịch vụ và chúng ta 
tuyệt vời cho cơ thể 
và đây là slide như là cuộc sống của chúng tôi sẽ cho hạnh phúc 於 gọi là lớn nhất chúng ta có thể là 
và đó là của tôi là 
hãy bắt đầu nói về triết học chính trị của chúng tôi sẽ bắt đầu 
và tôi là người Anh Và câu trả lời của chúng ta có thể và không phải là 
chúng tôi thực hiện tất cả các câu trả lời cho câu hỏi này không phải là 
nhưng cơ bản là hai phe bảo thủ có khả năng của Đảng không hoạt động đang 
vào đêm hôm nay để lớn có mối quan hệ của tôi và tôi nghĩ rằng 
chúng tôi tin rằng 
với những người bản quyền, cuộc sống của chúng ta có khả năng quản lý cho 
có nhiều sự lựa chọn của chúng tôi cung cấp 
với một người phụ nữ. và 
trên thực tế, xã hội mạnh hơn là những điều tốt đẹp không có nghĩa là 
và sự thật 
bây giờ đây trên toàn thế giới đang không thông tin được rằng 
trước khi chúng tôi có 
chính phủ và chính trị dịch vụ công cộng chúng ta có thể 
điều thứ hai là bản chất của con người có thể là 
các nhà chính trị và chính trị thành công và duy nhất của tôi 
với lý tưởng tưởng phản ứng tôi không phải là 
có một đất nước của những phản ứng với nỗ lực để tin rằng đó là 
đây là một sự đơn giản là không có sự bảo thủ. 
và những người có thể chúng tôi tin tưởng 
vấn đề gần đây tôi đã có bao gồm những hành động của chúng ta mới phát triển của kinh tế học 
hành động của chúng ta mới phát triển của kinh tế học không phải là 
và sống hạnh phúc và đang tăng đã chứng kiến -- 
và không có những xã hội 
ngân sách đầu lãng phí mà bạn có thể chúng tôi nghĩ rằng 
và bây giờ tại sao tôi không phải là một cuộc tranh luận của chúng tôi sẽ nói 
và vì thế chúng tôi đã phải đơn giản và lịch sử nếu không nói về những dịch tôi không có 
và chính trị sẽ lớn 3 phân chúng ta có thể là suy nghĩ về suy nghĩ 
đồng thời các chính trị trước thời gian của các chính trị 
và giờ đây chúng ta đang sống của các chính trị và sau đó đồng thời là 
có một ý tưởng đơn giản là 
ở thế giới của chính trị từ 
tập trung vào thế giới 
bây giờ chúng ta có thể chính trị của những người kiểm soát và tiến thời đại chúng 
ở trung tâm, sức mạnh của tôi là sức mạnh của con người 
và nó là một người hoàng nghìn năm trước đây là ông vua của 
những con sóng đang có thể dừng lại và suy nghĩ của chúng tôi có thể là không 
thực tế, chúng tôi đã lớn không thể là một tình huống 
một nghìn năm trước đây là thời gian của chúng ta 
khi tôi ấn nước và không chỉ là một thời gian là gì hàng tuần lại trạng thái mới. 
và quản lý học có thể làm điều đó không phải hầu hết các bạn 
là ông vua của sự cân bằng nhu cầu để chăm sóc y tế, giáo dục phúc lợi xã hội của chúng ta không quản lý không 
đây là cuộc chiến tranh và tôi phải không 
đây là thời gian của các chính trị trước 
có điều gì đó là vì nó không phải là tôi và thời gian 
những chấm giao thông tồi tệ quốc gia với một người thông tin chúng ta 
thế là cách chúng ta có thể quản lý phải không 
đây là thời gian của các chính trị trước. 
tiếp theo trong lịch sử trong thực tế là 
Anh của cuộc cách mạng công nghiệp tuyệt vời đó 
đột nhiên chấm giao thông tốt của du lịch không có sự trao đổi thông tin có khả năng 
tôi đang nói với các chính trị của thời đại của chúng ta bắt đầu 
và đây là slide này có thể thay đổi không phải là cái chúng tôi đã có đúng không 
tôi lớn mạnh mẽ và tập trung quốc gia được sinh ra 
quản lý y tế và giáo dục, để cân bằng nhu cầu của các tổ chức 
đó là chúng ta có thể không 
và đó là điều chúng tôi biết là có quyền địa phương không phải là tập trung 
cơ chế trung tâm, quyền lực ở tất cả chúng tôi đã thu hút 
và đó là dãy Alps của chúng ta có thể quản lý là 
tiếp theo thời gian của tất cả các bạn biết 
quy mô lớn thông tin đó là một cuộc cách mạng 
tôi nghĩ chúng ta hãy thử 
hàng trăm năm trước 10 chữ và chúng ta có thể gửi 50 đô cho tôi 
và chúng tôi đã ở Long Beach, và từ tất cả là nơi 
một nơi bí mật của bạn trong nông thôn, chỉ có phải là đang được kết nối với nhau 
số lượng lớn những tín hiệu và truyền thông tin và 
bạn không phải là 
mà chúng ta có mọi người thực sự có một 
đồng thời các chính trị và sau đó chúng ta có thể 
và đây là một chính trị của chúng ta và dịch vụ công cộng 
cho chính phủ và điều đó như thế có nghĩa là 
đây là giới hạn của thời gian chúng tôi là một ví dụ về điều đó không phải là 
và sau đó chúng tôi có một cuộc sống của chúng ta có thể ảnh hưởng đến bạn suy nghĩ về suy nghĩ về hãy 
chúng tôi đi và mua và kinh doanh của tôi 
chúng tôi đã thay đổi được suy nghĩ 
ảnh hưởng của nó rõ ràng là nó 
và đây là những gì đã xảy ra là 
với thông tin trên mạng sống của chúng ta cuộc cách mạng xã hội trong mỗi xentimét khối của tất cả chúng ta có thể thấy là nó 
nhưng đó chính là tất cả trà và không phải là 
vì vậy, làm thế nào bạn 
tôi đã thay đổi lớn nhất là có 3 chủ và tôi nghĩ rằng 
và nói transparency của sự lựa chọn và mở rộng lớn và trách nhiệm giải thích là 3 
và đây là những con người của chúng tôi có thể cho chúng ta có thể là 
transparency và chúng tôi đang đi vào trang web có và tôi muốn giới thiệu với các bạn 
một số bang âm nhạc là trách nhiệm và các 
chính phủ không chỉ là truyền thông tin quản lý nhóm từ những 
và thực ra câu hỏi tôi và tôi có thể có 
và bạn chọn một trong số những người bạn của tôi 
nhưng đây là một bang của Hoa Kỳ website là 
và chính phủ các bang sử dụng thuế của tất cả về 
chúng ta có thể tìm kiếm và phân tích liệu chúng ta có thể 
đây là những thay đổi lớn có nghĩa là suy nghĩ về suy nghĩ và bạn 
công cộng đồng nghiệp của chính phủ nhận tôi vào một cái nhìn và nghĩ tất cả các công ty 
đó là một ngân sách của chúng ta có thể 
tốt hơn là dịch vụ mà chúng tôi có thể đã cung cấp rẻ hơn là những người suy nghĩ 
đây là một thông tin là 
không có một cuộc cách mạng thông tin về thế giới kinh doanh là những gì đang diễn ra nếu bạn so sánh 
về chính phủ và là một thế giới 
bởi vì đó là chúng tôi đã bắt đầu là 
và điều đó thật transparency của thực sự có thể được ảnh hưởng của nó biết đó không phải 
ở Anh, chúng tôi có một người thắng cuộc bầu cử Và chúng tôi 
chính là mục tiêu 25 nghìn bảng Anh có hơn tất cả những gì 
chúng tôi đã công bố ở bất cứ ai cũng có thể kiểm tra. như chúng ta có thể dự định 
và lần đầu tiên hôm nay tôi sẽ có mặt 
tất cả mọi thứ để phát triển của chính phủ và nội dung và làm những điều kiện. 
bất cứ ai trong mạng Internet là bạn có thể thấy và 
chúng tôi đã biểu diễn có thể không chỉ là 
cuộc sống của chúng ta có thể được lớn tôi không nghĩ rằng 
sau đó chúng tôi gọi là sự lựa chọn và mua gần đây là sản phẩm và so sánh với các bạn không có mạng Internet và đó là 
phúc lợi xã hội giáo dục và chăm sóc y tế đã không hoạt động 
dịch vụ công cộng cho cuộc cách mạng 於 chúng vẫn còn trên bề mặt của những hành động của nó 
nhưng ngày hôm nay tôi đang thay đổi lớn nhất của chúng ta có thể là 
chúng tôi là một trong những cuộc cách mạng thông tin của chúng ta có thể sử dụng 
đây là những gì đang diễn ra thay đổi và chúng tôi nghĩ rằng 
ví dụ như khả năng tìm kiếm của y tế trang web có kết quả là một trong những cuộc phẫu thuật 
bác sĩ và y tế của bệnh viện thông tin 
của những người bị nhiễm bệnh viện nhất quyết định làm thế nào 
tôi là sức khỏe và Bộ họ đã không được thông tin 
và công bố thông thường là không thể 
và thứ ba là trách nhiệm của chúng ta có thể giải thích là 
và đó là một sự thay đổi to lớn của tôi nghĩ là 
và đó là bản đồ tội phạm và Chicago này là 
ví dụ, đây là hệ thống của tôi là những gì xảy ra tội phạm và 
nắm lấy thông tin và chính phủ là những người sử dụng 
cảnh sát phải chịu trách nhiệm và theo dõi sự phải tình trạng 
đây là hệ thống của chúng tôi sử dụng nó để cải thiện 
là một ai đó như thế nào? 
và để tội phạm mà chúng tôi lấy thông tin 
chúng ta sẽ là một trong những thành phố 
cảnh sát trách nhiệm của chúng ta hỏi chúng ta có thể là 
đây là như chết tượng màu xanh là 
đây là một sự kiện và làm cho nó 
đây là một tội ác nào là những gì đang xảy ra và bạn có thể 
cùng lúc đó, các bạn có thể giải thích cảnh sát phải chịu trách nhiệm của chúng ta có cơ hội hỏi là 
đây là transparency và giải thích là trách nhiệm và mở rộng sự lựa chọn có 
sự thay đổi to lớn và 
và tôi cũng là một nguyên nhân 
mọi người hiểu về bản chất của con người và nếu chúng ta 
có rất nhiều hơn là chúng ta có thể đạt được chúng ta có thể 
đó là chúng ta cần làm là tôi đã nói về 
chúng ta hành động của con người đang học 
cuộc cách mạng tiến về sự là 
đây là kiến thức và nhiều thông tin cho mục đích sử dụng một cơ hội và 
những gì chúng ta hành động của các chuyên gia về các trường hợp mất -- 
của tất cả những mối quan hệ nhân quả: rõ ràng để thử nghiệm và 
và giúp các chuyên gia nói từ và 
và đây là ưa thích của tôi đang rất và ví dụ về điều này. 
những người chúng ta có thể tiết kiệm năng lượng, sống không muốn và 
và ánh sáng và nhiệt giảm chi phí thời của nhiên liệu chúng ta không giải quyết 
khí thải carbon, của chúng ta có thể giảm từ 
và khả năng và làm thế nào không? 
chính phủ năm, tôi 蒙 啓 làm hoạt động 
ra khỏi nhà và tắt đèn sẽ xảy ra với tôi 
răng của cô ấy đánh răng. điện cho rằng chúng ta cần phải 
có một bộ trưởng 云 tôi đã có 
và không có thời gian dài và chúng tôi nghĩ là 
nhưng hãy nhìn thấy điều này rất đơn giản là hành động và kinh tế học 
và nếu điện không có ít nhất một cách hiệu quả. 
hôm nay mình có thể trả họ đang 
những người hàng xóm không chúng ta đang phải trả giá cho và của tôi 
khả năng tiết kiệm năng lượng của nhận thức 30 đến từ mọi người đang phải trả giá cho không được xem là 
đây là nền kinh tế học hành động 
bệnh ung thư chính phủ đã nhạc sĩ có kiện ý của tôi 
và tập trung và bạn có thể chạm tới không thay đổi của hành động 
không thể thay đổi nó 
ví dụ khác là tái chế, có hoạt động và 
và tái chế và bởi vì bất cứ ai cũng có thể có 
nhưng thực tế và tái chế, không phải không? 
thực sự là nước Mỹ đã được chứng minh là trả tiền tái chế, vì 
chúng ta không phải là 鞭 飴 nhưng nếu chúng ta không có sự khác biệt 
hành động của con người có thể thay đổi của chúng ta có thể là 
điều này có nghĩa là gì? 
trong quá khứ của 50 năm của Mỹ trong 1 yêu thích của tôi ở đây là hai 
tôi biết các bạn trong một đơn 且 mạnh mẽ. 
tên là John học Kennedy trong là 
và chúng tôi có thể đặt ra câu hỏi của tôi không phải là một quốc gia của bản thân tôi là những gì chúng ta có thể đang hỏi là 
không có đức hạnh. thực sự là một trong những từ ngữ 
nhưng thực tế Kennedy bài diễn thuyết của tôi 
những điều tốt đẹp hơn không tạo ra một xã hội chúng ta có thể làm gì? 
chúng ta sẽ chiến đấu trong đất nước này có thể chết vì nếu bạn có thể là 
những quốc gia người nhiệm và công việc của bạn có thể có 
nhưng trong thời gian của các bạn đang cầm như 
không có những xã hội chúng ta cần để tạo ra không có đủ thông tin và kiến thức không phải là tôi 
và giờ đây là một người tên là học Kennedy trên một bài diễn thuyết của bạn sẽ rất tuyệt vời. 
biểu diễn giải một phần của chúng tôi đã đọc nó 
đây là của Robert Kennedy một bài 
tôi muốn bắt đầu như tôi đã có cuộc sống và tiền bạc không phải là tất cả 
ngoài tiền và ước tính của chúng ta có thể và 
ADN từ chiếc Google có một sự thật của tôi 
được xem là giải thích là 
DNA là Google máy sức khỏe của trẻ em có không 
giáo dục được chơi của bạn và tôi không bao gồm cả là 
và khiến chúng ta thực hiện được vẻ đẹp của vợ chồng có thể có những đánh giá thấp 
đất nước với cuộc tranh luận về trí thông minh và có thể không 
và tôi sẽ tính DNA của chúng ta có thể có được sự dũng cảm 
với chỉ có thể học được 
và tình yêu và trái tim của đất nước chúng ta có thể không có lòng trắc ẩn không 
tôi có thể là GDP tính DNA này và cuối cùng, 
trong cuộc sống có ý nghĩa của điều này không chỉ là 
đây là một trong 40 năm về trước khi thực hiện hoàn hảo vào được một từ 
40 năm trước đây là vẻ đẹp và lý tưởng 
hiện nay chúng ta có công nghệ thông tin tuyệt vời của sự tiến bộ 
của nền kinh tế học hành vi và cảm thay đổi. 
phúc lợi xã hội phải có kiến thức và 
những kiến thức và kết hợp 
những người có thể làm gì và hành động của chúng tôi hiểu như 
bản chất của những người hiểu và sử dụng thông tin 
những người có quyền được giới 
40 năm trước tuyệt vời của bài nói là tôi có được lý tưởng 
bây giờ là những gì chúng tôi có thể dễ dàng khi quăng được hoàn cảnh của 
tôi có thể cảm ơn các bạn rất nhiều. 

đây là một khoảnh khắc video cao nhất của tôi là 
và đây là chia sẻ trải nghiệm nó 
đối với phụ nữ không có 1 chút đây đó 
nó không chỉ là một tình trạng của 
một 旦 được chia sẻ với chúng ta đang cười 
và họ không nghĩ là 
gọi là 6 chiếc xe của tôi 
những thứ ba trạm dừng xe đặt chân tới Melbourne. 

tôi hồi còn công việc của tôi là 
những người tình nguyện lính cứu hỏa của tôi là một cách thức hoạt động 
quy mô lớn 
với sự khoan dung hoạt động như một và chúng tôi đã 
nhưng đó cũng là một trong những đơn vị cá nhân 
và sự dũng cảm và hành động của chúng tôi đã 
và tôi học được là 
chúng ta là rất quan trọng là 
điều đó có nghĩa là 
đã thành công lớn cho con người 
thành công và chúng tôi sẽ có một người 
tôi nghĩ là 
tôi nhớ và 
và tôi không chỉ là 
đầu tiên là có 100 triệu đô la là kiếm nhiều tiền từ 
ai đó thay đổi cuộc sống của bạn đang đợi làm điều đó 
và bạn có thể có 
và bây giờ hãy cho 
chúng ta có thể là 炊 thực phẩm và phân ở gần khu vườn của chúng ta dọn 
với rất là 
ai đó giải cứu cuộc sống của chúng ta cơ hội 
mỗi ngày của chúng ta không có 
có ai đó ảnh hưởng tới chúng ta có cơ hội và mỗi ngày 
và hắn mất cơ hội đầu tiên được giải cứu đôi giày và 
cảm ơn. 

nhưng tôi cho đỉnh tháp đang thực hiện thời 
tôi có ý nói đến khi chúng tôi 
đứng sau chúng tôi gọi là con đường 
và chúng tôi có may mắn là phụ nữ của sự sống 
của sự thất bại sẽ không để cho chúng ta đã và đang có nhiệm 
và cười và đây là số mệnh của chúng ta không có nghi ngờ 
bởi vì chúng tôi đã từng nói là 
thua để giành chiến thắng bản thân chúng ta không có ánh sáng trên đầu người nói rằng 
những chiến thắng vì chúng tôi đã được 
những người đang chiến thắng là một cơ hội và đường 
nhưng chúng tôi sẽ không được 
để chiến thắng tất cả các động cơ để 
cơ hội 逢 ra không chỉ là 
từ gốc rễ của chúng ta có thể nhìn thấy và không có cơ hội 
và cũng để có cơ hội để tiếp tục 
mà là kinh tế đã nhận được tiếp tục với cơ hội 
và chiến thắng là một nỗ lực và khả năng vạch đích. và 
và đó là giấc mơ của chúng ta có thể chúng ta hi vọng 
hy vọng các bạn có cầu nguyện 
nhưng chúng ta có thể mang chúng ta không còn lo sợ 
và tất cả họ dũng cảm và nếu chúng ta có thể bạn có thể tự 
chúng tôi tìm kiếm nhiều hơn những người 
và tất cả chúng ta không chiến thắng không xa 
bởi vì đó là sự may mắn là sai khi nào chúng ta không thể và sáng tạo. 
số phận của chúng tôi có trong tay -- 
khi con đường có thật sự mở cửa tự của chúng ta có thể là 
khi chúng tôi đã dạy tôi nghĩ không 
sẽ khá vô lý, 痴 không lời nói rằng chúng ta có thể dịch 
và điều gì sẽ bay bên ngoài của nó 
chúng ta có thể và tạo ra 
hơn bất cứ ai đó là bởi vì chúng ta 
không ai có thể bạn 
và tôi gọi là chiến thắng vì tôi không 
tôi là một chiến thắng và miệng. 
nhiều hơn những điểm rất thua chơi có thể tôi 
rất có thể thắng khi có 
chúng ta có cơ hội 
và tôi không nghĩ là chúng tôi đã có mặt 
chúng tôi chọn một trận sau 
chúng ta đang nhìn vào khuôn mặt và tôi muốn 
nhưng điều tôi đang chơi đã kết thúc 
kết quả của những người không biết bạn có thể gặp 
chọn một khuôn mặt của chúng ta từ màu sắc và kết quả không được biết đến như 
chúng tôi có thể có nhiều hơn và không có mối quan hệ 
và nó thực sự là rất quan trọng nhất là 
và nếu chúng ta không có nỗ lực đó 
đây là kết quả của tôi là những thứ 
có phải là tôi không biết 
làm thế nào chúng ta có thể 
và có thể 
và tôi hi vọng là tôi 
khi bạn có thể nhận ra chúng tôi đã có 
kết quả là nó 
và như tôi đã thử một vài quan điểm của tôi 
chỉ là một tác dụng phụ. 
thật không phải là kết quả 
tôi tin là 
bạn có thể có một nhà triết học của 
những chiếc xe và ông 
và tôi đi trên đường mục đích như chúng ta có thể nói 
đây là tôi thích nó 
tôi sẽ đi theo con đường cho tới khi chúng tôi có thể làm việc và có rất nhiều 
và đây là một con đường của thú vị 
là một thế giới đã huấn luyện và khi tôi nhất 
trận đấu đến cuối cùng kết thúc chỉ kết quả của 
ở chỉ ngồi của họ nhìn thấy chỉ bảo vệ 
và đây là công việc của các bạn có thể thấy nó có nghĩa là 
và một tuần của 
vì vậy họ hài lòng với bản thân chúng 
và đó cũng là một nỗ lực của 
hãy để tôi là 
họ có thể chúng ta 
có ai lắng nghe chúng tôi 
câu trả lời cho câu hỏi tôi không 
một trong những điều chúng ta nghĩ về 
có thời điểm 
và có ai đó có thể chọn một tay cao, 
và nếu tôi chọn không chọn một thế là tôi có thể 
và thế là tôi và tôi nói, &amp;quot;Tại sao mình ở UCLA, chúng tôi biết những người 
giáo dục sẽ là người giỏi nhất. 
và chúng ta biết 
nhưng ông ta cũng có thể chọn một tay tôi 
và tôi nghĩ là 
các giao diện người là nhà vô địch họ sẽ chiến thắng này có thể 
nhưng không phải là cuộc tấn công chúng có thể 
chủ nghĩa là không chỉ là 
và điều chúng ta có thể sẽ có một điều quan trọng 
và một mô hình của chúng 

đơn giản là 
và đó là một từ cây cầu 桟 hay không? 
các bạn một chút về nhà và cuối cùng, chúng tôi sẽ 
đặc biệt là không có, tôi có thể thấy chúng tôi sẽ cho tôi. 
và đây là rất lớn và rất khó để có thể là 
các bạn thấy không? 
Tôi là khán giả 
trước khi tôi đi đến đó và bạn cũng khá là 
thí nghiệm của anh ta là một nhà thí nghiệm, 
trung bình 15 thời gian là nửa giây. 
đây là thí nghiệm của tôi rất thích điều đó không phải là một kết thúc, tôi sẽ 
bởi vì nó chỉ đơn giản là không rõ ràng và chúng tôi có thể là quan trọng 
có thể thấy người không phải là những người không biết không? 
và đó là một cái trên cánh của chúng tôi cho các bạn có thể là gì không? 

và những người có nhiều sự cởi mở và -- 
với những người ở TED chúng sẽ không giải quyết được 
hầu hết những người ở TED đây là gì? 
và tôi sẽ 
những vấn đề xã hội của họ 
đây là một cô con người ở phía bên trái, 
và bảo thủ được 
như nhiều người theo chủ nghĩa tự do bạn hỏi là 
và sẽ giơ tay lên đó 
trong cách sống của bạn 
và đó là 
phe tự do ở bên trái của cô có con người 
giơ bạn 
là những người theo chủ nghĩa tự do có 
là khoảng 25 ... nó là một người 
phái bảo thủ, cô là một trong những con người phải không? 
12 3 45 ... khoảng 8 người là 10 người 
như là điều gì đó mà bạn từng hy vọng nó -- 
của TED &amp;quot;Tôi một sâu sắc hơn và hiểu thế giới 
bởi vì đó là 
của đạo đức thiếu sự đa dạng của chúng ta có thể là đầu tiên, 
cùng với những giá trị đạo đức của mọi người sẽ 
đội có một đội tâm lý và chúng ta đang sống -- 
kinh Koran linh hoạt, uyển chuyển những suy nghĩ và 
và năm 2004, tôi đã có 20 năm đã thất bại của nó 
đây là đội -- và niềm an ủi 

nhưng đây là một đầu tiên vào ngày thứ sáu. 
và chúng tôi đã có gì ? 
♫ Chúng tôi có là một blog của rất nhiều người đã nói về những vấn đề là 
đây là một bài nói của 3 Yeah, của Michael ngoài Nelson Mandela tên là 
đó là những video câu nói đùa là chúng tôi mới là những người đầu tiên là 
và đây là quan trọng với những người này 
những người tạo ra một khi bạn nhìn thấy 
và đó là có rất nhiều người nói với bạn quá trình chúng ta đang tăng tốc độ là 
và đó là một vòng tròn của việc chia sẻ 
cộng đồng nó 
và bạn nói đó là những gì chúng ta bắt đầu 
bây giờ các video trên Youtube có &amp;quot;Friday&amp;quot; của chúng ta có hơn một triệu cuốn sách là 
một tuần sau đó là 
mỗi ngày thứ của bạn và tôi đã 

tôi có khoảng bốn năm trước khi tôi đến đây 
thiết kế hạnh phúc là mối quan hệ của chúng ta đang nói về chúng 
và sau cuối của câu nói, đây là một cuộc sống của chúng tôi đã học được gọi là tên của một danh sách của tôi đã không 
và rồi tôi hầu hết chúng ta có thể thêm vào đó không phải là học không 

chúng tôi đã phát minh ra là 
công ty của tôi 
là những khu vực khác nhau. 
nhiều công nghệ mới phát minh và 
và đó là một trong hai lý do. 
chúng tôi đã phát minh chơi và 
phát minh của chúng tôi có thể là 
và tôi đã phát minh ra là lợi nhuận của chúng ta có 
điều này có liên quan đến 2 và 
được lợi nhuận là lâu hơn là chúng tôi 
và nó không phải là 
vì vậy chúng tôi có rất nhiều những điều 
và chúng là những lợi nhuận 
là một phát minh và 
mục đích theo một phát minh ra chương trình chúng tôi có thể 
của nhà phát minh nhất mà chúng ta là 
và thế giới có thể nghĩ về vấn đề 
chúng ta giải quyết được những ý tưởng của chúng ta nghĩ rằng không phải là 
chúng ta giải quyết các vấn đề là chúng ta có thể 
quả là một công nghệ 
không phải một phần của với tìm kiếm 
đó là một vấn đề là 
những người không thông minh nhất trong thời gian Bill Gates -- 
ông ấy là một công việc của chúng ta đầu tư cho chúng tôi muốn 
và sau đó chúng tôi có một vấn đề 
rất đơn giản tôi sẽ giải thích 
tôi đã phát triển của các bạn 
có hai nếu các bạn và tôi nghĩ rằng 
tiêm chúng, đó là vệ sinh, tôi 
công nghệ rất quan trọng là 
tuyệt vời là 
các nước đang phát triển một loại vắc xin phòng có rất nhiều 
trước khi bạn có thể sử dụng vô và 
vắc xin không bỏ tất cả chúng ta cần phải làm 
hầu hết những vắc xin chúng ta cần làm lạnh, và 
lạnh nếu không có thời gian ngắn cái, và 
nhưng đây là điện ổn định và không có một câu chuyện rất khó khăn là 
và kết quả những đứa trẻ đang chết vì 
không có vắc xin không chỉ là những câu chuyện mà không phải là 
những đứa trẻ được tiêm chủng từ những 
đây là vắc xin của tôi 
nếu bạn may mắn là 
loại bong bóng phát triển của chúng ta có thể sử dụng một cái hộp như thế, và tôi muốn mọi người 
để tôi đi vận chuyển 
chúng tôi có một cách khác, tôi đã nghĩ rằng 
tôi có thể phát triển của bong bóng của một cái hộp để băng 4 tiếng 
điều đó ở nhiệt độ thấp và chúng ta có thể 
nhưng điều đó không phải là đủ với chúng tôi đã nghĩ rằng 
và sau đó chúng tôi đã tạo ra đây là 
đây là không có điện trong 6 tháng có 
không mất 5 watt là ít hơn 
là hoàn toàn điện 
không cần 
đây là thế hệ thứ 2 nguyên mẫu là 
hiện tại của thế hệ thứ 3 nguyên mẫu 
Uganda thử nghiệm là đã 
điều này thực sự của 2 chúng ta chìa khóa 
tôi có một ý tưởng đã 
và các chất lỏng 窒 helium của bảo tồn 
giữ lạnh như một thiết bị 
rất khó để nhiệt độ cao 
tôi nghĩ có 1 
một ý tưởng của chúng ta sẽ không thú vị là 
nó cho chúng ta có thể không phải là 
và chúng ta có thể tiếp cận được như tôi 
chúng ta có thể dùng một trò chơi điện tử ban của tôi 
vì vậy đây là những khía cạnh của tự động của bán như đang 
và những lọ mứt; chúng ta có 
đơn giản là không có những ý tưởng 
Châu Phi và các vùng khác với vắc xin của chúng ta có thể chuyển 
có thể thay đổi và chúng tôi hi vọng 
những câu chuyện để phát triển 
người vệ sinh, những vấn đề lớn nhất là một trong những 
nhà máy năng lượng cho các bạn đang nói chuyện với tôi 
200 triệu năm 5 triệu người bệnh sốt rét ra 
trong 3 giây, 40 đứa trẻ của những người Châu Phi đã chết 
và tôi nói trong 7 người chết hai người này 
và đó là một người như thế nào 
đây là chúng tôi đã thực sự là chúng ta có thể bắt đầu, và không phải 
và tôi đã nói một điều 
cũng giống như bi kịch có 
chúng ta phản ứng 
sốt rét đã bi kịch và từ đó là 
tôi đã nói với chúng ta có thể làm gì không? 
sốt rét và giải quyết vấn đề của tôi 
và trong nhiều năm chúng ta có thể được 
để biến những loại thuốc độc và vấn đề môi trường có 
và điều trị 啓 蒙 giống như là 
điều tuyệt vời là bệnh sốt rét là thực sự như là vùng 
không có một hệ thống chăm sóc y tế là 
một loại vắc xin tuyệt vời là 
vẫn có hiệu quả hay không 
năm tiếp tục nghiên cứu được khoảng 2 điều rất thú vị và các ứng viên và 
sốt rét và tạo ra vắc xin này rất rất khó để 
phân phối -- màn miễn phí và bạn có thể là 
màn rất có hiệu quả là một màn chống muỗi không sử dụng 
con có thể bắt được nó 
và đưa chúng ta có thể không phải là 
là một màn chống muỗi sốt rét là giảm nó, 
có hiệu quả là 
là một màn chống muỗi sốt rét và chúng không thể 
người 
rất là phức tạp và bệnh tật. 
khi chúng ta có thể nói là có rất nhiều 
của các hình giống như cách sống của tôi 
có một mối quan hệ với 1 lá gan khi 
vào trong nó 
và đó là sự phức tạp và bệnh tật. 
chúng tôi thực sự quan tâm tới là chúng ta 
để làm điều này là 
có khả năng tôi nghĩ cách mà chúng ta 
một phương pháp chẩn đoán tốt hơn là 
đây là những nguyên mẫu 
vào năm nay tôi muốn làm là 
một trong những tiểu đường đi của máy tính như 
và tự động sốt rét chẩn đoán là 
có một 滴 máu 
và trong khi đó chúng ta có thể trả lời câu hỏi là 
hiện nay, chúng tôi đã đi theo một thí nghiệm trong tay tôi 
rất nhiều kính hiển vi slide để tạo ra 
đã được đào tạo những con người chúng ta cần 
trong khi chúng ta không làm kinh tế 
vì vậy 
và chúng tôi 
trong máu trắng bạn có thể nhìn thấy 
chúng tôi bắt đầu từ máu 
cho chúng ta có thể kiểm tra nhưng nó không phải là 
chúng ta có thể là móng trên sàn nhà sẽ 
móng và nhìn thấy máu bạn có thể 
chúng ta nhìn thấy máu sốt rét nếu các bạn có thể thấy chúng ta có thể là 
nếu bạn nhìn thấy trong 
và mô hình về việc mua những phân tử là 
đây là một số bệnh sốt rét, của cuộc sống và được hoàn thành 
rất thú vị và cấu trúc sự có những vật liệu 
thực sự, các nhà vật lý rất thú vị là 
đây là điều chúng ta có thể có rất nhiều là 
đây là một trong chúng ta ở một Ấn Độ thành tia laser là trong phòng thí nghiệm 
hệ thống giao diện dự một giây 
là ánh sáng tạo của nó 
thực sự có thể thực sự là một đoạn phim ngắn 
một làn sóng ánh sáng trong phút của dài 
của ánh sáng mà 
có một ánh sáng của một đứa trẻ 
và khi bạn có thể là 
rất đỉnh cao nhất có thể có khả năng 
đó là những gì chúng ta có thể có 
bạn có thể mua với mô hình bay có thể tìm thấy chúng ta có thể sử dụng của nó 
đây là hình ảnh trong màu đỏ là của 
trong màu đỏ trong 
đây là mô phỏng bay có thể mua này đã sốt rét và cuộc sống của tôi 
và tôi có thể 
đây là một kỹ 
và ánh sáng của các kĩ thuật sử dụng 
chúng ta có thể chẩn đoán và tôi nghĩ rằng 
về hình có thể mua chúng tôi đã sử dụng 
chữa bệnh sốt rét và luật pháp 
và trong trường hợp khẩn cấp. 
từ máu ký sinh trùng sốt rét và chúng ta lọc lấy đi điều 
về một chắn, giống như là 
của những sinh vật số tăng độc hại và 
đây là một ý tưởng 10 máy siêu máy tính là 
chúng ta có phần mềm có thể là 
vấn đề gì với 
là một phần mềm này là và 
họ muốn xóa bỏ dịch bệnh 
và có thể là 
vấn đề của chúng ta không có hiệu quả nhất không biết điều này là 
như màn chống muỗi có thể nói với tôi 
màn nào chúng ta có thể làm 
bạn có thể phân loại thuốc của thuốc 
của những loại thuốc 
không có gì khác nhau đối với tôi là 
chúng tôi đã không có hiệu quả là 
làm thế nào bạn biết không? 
và chúng tôi đã siêu máy tính sử dụng 
tốt nhất trên thế giới sốt rét mô hình của chúng tôi tạo ra 
và bạn có thể 
tôi đã chọn Madagascar, là 
tất cả những con đường 
tất cả những ngôi làng 
hầu hết người của đơn vị inch Madagascar, thông tin của nó 
trong khi có dữ liệu 
nhiệt độ có dữ liệu và 
điều này rất quan trọng lượng mưa và 湿 đi từ 
và một con muỗi trứng 
và chúng tôi có thể có những quyết định 
đây là điều kiện trên khán đài đã có 
và sau đó tôi sẽ giới thiệu một con muỗi và 
khi những con muỗi có như thế nào để phát triển của cuộc sống 
mô hình này và 
và cuối cùng của bạn đạt được điều đó 
Madagascar, khi 
sốt rét là một tình huống 
mưa và nửa sau của tôi là 
vào thời kỳ khô, đã 
và khô, hầu như không có 
khi những con muỗi có trứng để sản là nơi chúng tôi không phải là 
và sau đó năm sau khi đã có một sự ra đời 
những người làm là 
thực sự làm nhiệm trước 
phần mềm này là một trong hàng ngàn lần 
sốt rét và xóa bỏ dịch bệnh để điều khiển 
kinh tế, các nhà cửa và đồng thời, 
màn đó chỉ là phân và nó có thể 
và nhà xã hội mà ở đó 
là một xã hội có thể làm điều gì xảy ra là nó sẽ như thế 
chúng tôi là kẻ thù của nghiên cứu của tôi 
đây là những con muỗi 
camera tốc độ cao là 
sau đó 
dòng không khí hơn. 
của những con muỗi đập cánh. bầu không khí xung quanh chúng 
là một tia laser không phát triển những ánh sáng và các phân tử 
chúng ta sẽ nhìn nó 
khi những con muỗi có và bay và làm thế nào chúng ta có thể biết 
và bạn có thể không biết là tôi 
bạn không thể không phải là một cách 
đó là Rachel Carson và DDT, 
đây là một quảng cáo 
chúng tôi tạo ra không phải là 
và đây là ngày chủ yếu là một công cụ thực sự là rất nhiều quốc gia 
sốt rét rất như bị xóa bỏ dịch bệnh này 
nước Mỹ vào năm năm trong 
ở Mỹ 15 triệu năm 
sốt rét và các bệnh nhân đã 
chúng ta gọi nó là một phần lớn không cải thiện vệ sinh, cũng như nỗ lực của 
được chữa trị tận gốc, 
và bởi vì chúng xử lý của chúng ta 
ký sinh trùng sốt rét là 
chúng ta có thể có tất cả những điều chúng tôi đã 
là đối với con người chúng ta có thể làm gì không? 
nhà sản xuất 1 sản phẩm điện New Zealang dùng khác thì sao? 
điều này thật nực cười, tôi nghe nhưng nó không phải là 
thiết bị này là 
có thể sử dụng thú vị khác của nó 
đó là một người chơi này 
và giá rẻ không có một thiết bị tia laser sẽ 
các nhà máy ở tia laser là chúng ta 
rất chính xác là điều chúng tôi đã tìm được sử dụng các dòng sẽ 
và điều này trên một điểm nhỏ và vẽ 
và tất nhiên, chúng ta xử lý tưởng 
số không camera có 
điều này và cùng nhau 
chúng ta có thể bay tới các con muỗi khi chúng ta có thể là làm thế nào không? 

