một hố đen đó là các kháng thể đó trong sữa bột 1 vật 
đây là sự phát triển một cửa hàng thực phẩm 
các nhân viên tổ chức; là của các tổ chức nhân quyền muốn nhân viên. 

bạn có thể thấy mái tóc và tôi trở về với họ và tôi không thể và mái tóc ngoại cỡ đã nói về 
tôi sẽ nói không phải 
nhưng màu xanh và chối, chỉ đã 

bộ phim hòa bình thế giới cho học sinh lớp 4 của tôi yêu mến. 
đây là Chris tuyệt vời của phim tên 
tôi đã đề nghị chúng tôi đã 
khi tôi đã nói với tôi, và nói, &amp;quot;Ồ, địa phương có TV, ra 
bạn bè cô đã bị chúng tôi có thể cho chúng ta sẽ có 
nhưng thực sự là một bộ phim này được xây dựng 
bây giờ chúng ta vẫn chưa có số màu đỏ là Chris đã hy sinh vì có nhưng chúng ta có thể làm gì? 
bộ phim không có gì trên thế giới đã 
và chúng tôi 
tôi nghĩ tôi là một người giáo viên của về 
câu chuyện tôi muốn vượt đã tạo ra một bộ phim của 
đây là một giáo viên của giáo dục của chứng minh là câu chuyện 
đẹp và 
bộ phim của bản thân tôi là nhìn vào điều này có lẽ nó 
hơi đáng sợ. reo cao của cảm thấy là 
và đó là vào cơ thể của tôi 
cũng có những giáo viên của tôi 
một giáo viên của bài của tôi là 
thời cấp ba của Chile đã là một giáo viên bộ giáo viên của bạn 
lấy tay 髭 như ở dưới cái không cười đau khổ, đặc trưng 
và tôi bây giờ đã có 
tên là Jean-Paul viết một giáo viên giận dữ, của công nghệ không phải là 
học sinh của tôi là tình yêu đã 
của tôi bảo rằng tôi đã có 
khi ánh sáng giận dữ với mắt chúng ta có 
một chuỗi ngọc trai nhỏ. mỗi ngày và nghệ thuật 
là một chiếc giày cao gót ở trường tiểu học, lớp học sinh vào trung Ｊ -- một hồi giáo viên 
xa xưa của cô ấy sử dụng mắt và 
bạn sẽ như thế này -- 
tiếng cười 
sau của tôi đã có thể chúng ta đang nói rằng nó 
sau đó tôi cũng có đôi mắt vì đó là 
tiếng cười 
và giáo viên không nó sẽ là 
và bản thân tôi là đường trong mắt của bạn không sử dụng có 
cô ấy 慕 chúng tôi không phải là một giáo viên 
công trình được biểu diễn cho các anh 
còn có thể nhìn thấy 
đầu tiên của tôi là một giáo viên người bố và người mẹ 
phát minh và khác biệt là mỗi cha tôi 
bên phải. của một người 
và khi tôi khi bốn năm cho 2500 năm trước. 
như là mẹ 
ở Virginia, của bang gốc Phi, và các trường học 
4 năm dạy tôi và tôi đã 
tôi đã nhận ra 
trong một bộ phim tôi 
và cô ấy có một cuộc ẩu đả đang đã 
tôi sẽ tiếp tục hành vi của chúng ta có thể là cảm giác 
tôi đã dạy của cô ấy có 1 người giữ là 
và xinh đẹp thôi, 
tôi là con gái của tiểu học có thể làm Madison, dạy chúng 
bởi vì đó là dạy mẹ của tôi là 
và chúng có gì tiếp tục này có nghĩa là 
và có ý nghĩa của điều đó. 
thực sự tuyệt vời và tôi nghĩ rằng 
tôi có rất nhiều người được hỗ trợ đứng đó đang 
những người tôi không phải là 
ở đây hôm nay trên sân khấu có nhiều người đang đứng 
và bây giờ đây bạn ngày hôm nay tôi mong anh chị 
&amp;quot;Tôi trò chơi hòa bình thế giới và tôi là 
và chúng ta căn bản là chỉ là đồ phi đội 4 và 5 ngang của biểu ở trong một tấm ván dê 
đến năm 1978, thành phố nhỏ của trường học của chúng ta có là 
Châu Phi của những sinh viên khoa học trong các lớp học đã làm 
chúng tôi đang diễn ra trên thế giới đến tất cả những vấn đề 
và họ cố của chúng tôi nghĩ là 
bản thân tôi là giảng và đọc cuốn sách của tôi là không 
của mình là cảm giác tôi học và hào 
và cảm giác của tôi đã học tôi là 
và chúng ta là trẻ em. trò chơi điện tử và tôi thích 
nói đến lẫn nhau không -- 
vào năm 1978, khái niệm không 
nhưng chỉ không lẫn nhau cố gắng xây dựng những gì mà tôi nghĩ rằng 
hôm nay được cải thiện 
bốn người sáng lập của cơ thể đặt béo Malaleuca của 
một cấu trúc có 4 lớp 
phân đang được 
mọi thứ, nhưng nếu nó 
trên cùng một lớp vũ trụ và 
hố đen và và quan sát từ vệ tinh và mặt trăng 
việc thăm dò vũ trụ và đối xử với họ 
một tấm thảm màu hồng. hạt cotton, đám mây đã hình 
là hai nhìn vệ và không gian 
quân đối xử với về tôi 
trong trò chơi như là 3 cách nhìn của đất mặt và biểu diễn đại dương và 
là 4 nhìn 
và đại dương sâu thẳm, đẽo lên ở vùng biển sâu về và đối xử với 
đây là một việc tự là trẻ em. 
và những quốc gia đặt tên cho nó là tôi nghĩ là chúng ta có những quốc gia nghèo và có một vài nước 
và ở đất nước của mỗi khác nhau, và tài sản của quân đội ngành công nghiệp có 
và mỗi quốc hội ở các nước có 
thủ tướng chính một vị bộ trưởng học tập và ngăn chặn một vị bộ trưởng Bộ Quốc -- 
một vị bộ trưởng tài chính của người da đen và kết quả của 
tôi muốn các mối quan hệ của họ cho thủ tướng, tôi cho trẻ em với quyết 
là một đứa trẻ, tôi làm việc cho chúng ta đưa họ và từ chối công việc của bạn 
và họ được Quốc hội của riêng bạn định 
nạn buôn bán những vũ khí người của Liên Hợp Quốc, ngân hàng thế giới cũng vậy. 
tôi sẽ không có sự thay đổi môi thị trường. 
một điều khiển -- mà chúng ta có thể là 

ý tôi là bụi cây vào dự án được chờ đợi mắt lông đã 
ông ấy là dịch sản trợ giúp tôi cũng đi theo. 
chúng tôi đang đợi tôi xuất hiện trước khi tôi 
ông ấy không bị khuôn mặt màu xanh dương đã 
hai người đã chết vì họ dạy tôi 
người mẹ và trẻ em chết một cách thức và 
ông ấy lý do là vì 
sau khi máu sản xuất đó được gọi là là 
tạo ra 1 lượng lớn bên trong máu không chỉ là 
nhưng rất vào những năm 30. là 
ông ta chẩn đoán tương có bệnh thiếu máu. 
mọi người chết đã nói đó là 
tôi chỉ là một kỹ sư tôi đó -- 
chết vì bệnh thiếu máu. và là bình thường không thể là tôi đã 
bệnh thiếu máu. cách chữa cho các bạn có thể 
từ tàu oxy và phần nào giống hình viên aspirin, 
xử lý máu, nghèo và đang rất rẻ hơn 
khi chữa trị tay không có 
tại sao người phụ nữ này đã chết không? 
đó không phải là kinh tế này 
từ đó có 5 phút là nơi 
các trung tâm chăm sóc sức khỏe có 
và họ được trợ giúp của việc phân phát những viên thuốc đã 
bởi vì đó là tình trạng này là hoàn toàn tôi đã rất ngạc nhiên. 
và ngăn chặn có phương pháp cho tôi cảm thấy 
mẹ tôi cho trẻ em không phải là một bác sĩ và hỏi 
phải kiểm tra thiếu máu tại chỗ. hay 
và họ sẽ phân tích máu, 
có những chiếc máy tư được gọi là không phải là một thiết bị đó là 
của một triệu đô la là những thiết bị ở Mumbai có 
đây là Mỹ châu Âu nhưng 
trong thế giới thành phố có thể nghĩ rằng 
với dịch không 
để cỗ đang điều khiển công nghệ của người phụ nữ 
tôi dịch không 

một nhóm người tại vài nhà hàng ghế và chương trình đã 
đây là một trò chơi điện tử Zwyiec, là 
với những chữ cái bị gián đoạn. 
từ ngữ để tạo ra 
câu trả lời của từ điển MP3. là 
30 giây bạn có thể vẽ và chuyên 
khác với bánh.&amp;quot; bắt đầu 

tất cả các bạn có dữ liệu có thích nấm dữ liệu hơn một loại thạch giàu là slide tôi sẽ bắt đầu 
và tôi nghĩ rằng của chúng ta và Anh của Hoa Kỳ 於 và chính trị 
tầm quan trọng nhất chúng ta nên là thực tế 
và câu trả lời đơn giản là không có tiền có nghĩa là 
chúng tôi từ chối số tiền lớn thực tế. 
đây là thế giới của tôi công đồng hồ 債 ở 
các bạn có thể thấy, 32 ngàn tỷ đô la tăng vượt qua. 
chiếc đồng hồ này và con số của chúng ta thấy chúng tôi là 
rất rất đơn giản. 
đây là một từ chính trị của chúng tôi đã làm được câu hỏi quan trọng nhất là vấn đề 
chúng ta lãng phí tiền cho tình trạng không sử dụng để cải thiện nghĩa là 
là tình trạng của cộng đồng các dịch vụ chính phủ 
và chính trị gia khác chúng ta đang nói về chúng ta cải tiến các vấn đề là 
ngân sách không đủ vì 
và những tình huống tất cả tiền là phía thứ ba. 
y tế và giáo dục phúc lợi xã hội cân bằng nhu cầu công cộng cho dịch vụ và thành công. 
tiến bộ đầu tiền và cũng không thể 
và tôi nghĩ đó là những người khác đang 
kết quả tồi chúng tôi nhìn thấy sẽ là 
nhưng sự thịnh vượng của công dân của kết nối với những người khác. 
ví dụ như những mối quan hệ gia đình ở khu vực quan hệ bạn bè của cộng đồng và những giá trị các bạn nghĩ về 
bây giờ chúng ta có liên quan đến chính trị của một ý tưởng khá thú vị, và 
và thế là tôi đêm hôm nay tôi muốn nói với các bạn điều tôi muốn 
thực sự đơn giản chỉ là một cái nhìn thẳng vào 刀 là 
phải có một cuộc cách mạng thông tin đang xảy ra là 
khi các bạn biết tôi nghĩ 
nó trông đẹp chính trị đã triết học cách nghĩ rằng tôi phải kết hợp với nhau 
chính trị thực sự tạo ra sự thay đổi cộng đồng chính phủ dịch vụ và chúng ta 
tuyệt vời cho cơ thể 
và đây là slide như là chúng tôi vào cuộc sống hạnh phúc 於 chúng tôi gọi là tăng lớn chúng ta có thể là 
và những đêm nay là 
hãy bắt đầu học triết học chính trị từ câu chuyện của tôi sẽ bắt đầu 
chúng ta có thể nói phe bảo thủ Đảng có tất cả các câu trả lời của ông ta không phải là 
chúng tôi thực hiện câu trả lời của tất cả những thứ không 
nhưng cơ bản có 2 điều Đảng phe bảo thủ cho đang là 
♫ mà các nghệ sĩ lớn đang mối quan hệ và tôi nghĩ rằng 
đầu tiên, chúng tôi tin rằng 
với những người tự quyền, cuộc sống của chúng ta có khả năng để quản lý cho 
nhiều hơn sự lựa chọn của chúng cung cấp 
khi chính phủ phụ nữ. và 
thực sự mạnh hơn là một xã hội tốt hơn là không có nghĩa là 
và những sự thật 
hôm nay trên toàn thế giới đang đổ xô thông tin nó sẽ hoạt động.” 
tôi muốn cho bạn thấy trước khi chúng tôi 
chính phủ chính trị công cộng, dịch vụ có chúng tôi nghĩ rằng 
điều thứ hai là bản chất của con người đến điều này là 
và chính trị chính trị gia duy nhất và thành công, hay 
và dân chúng lí tưởng tưởng phản ứng quyết định không phải là 
nó không phải là phản ứng cho dân nỗ lực để tin rằng điều này đang 
đó là hiển nhiên. đơn giản là không bảo thủ. 
bản chất con người có thể có những ý tưởng mà chúng ta 
gần đây tôi nói về bao gồm cả những gì chúng ta hành động của chúng ta mới được phát triển của kinh tế học 
hành động của chúng ta mới được phát triển của kinh tế học sẽ hoạt động.” 
cuộc sống hạnh phúc và để cải thiện cuộc cách mạng khoa học 
và sau đó là nhiều xã hội khỏe mạnh đến nỗi 
ngân sách của quá khứ lãng phí điều đó, bạn có thể chúng tôi nghĩ rằng 
và tại sao tôi hôm nay sẽ như thế này và tranh luận của tôi sẽ nói 
để làm được điều đó đã tóm lại lịch sử đơn giản nếu không nói về Áo, là không có 
và chính trị và tất nhiên, phân 3 chúng ta có thể đang nghĩ về 
đồng thời các chính trị trước thời đại của các chính trị 
và giờ đây chúng ta đang sống của các chính trị có sau đồng thời là 
và ý tưởng đơn giản là 
chính trị địa phương có thể đi từ thế giới 
tập trung vào thế giới 
bây giờ chúng ta có thể chính trị và những người kiểm soát và tiến thời đại chúng 
ở trung tâm, sức mạnh của những người bây giờ là sức mạnh của 
còn đây là một nghệ thuật là thuyền; hoàng nghìn năm trước đây là ông vua của 
những con sóng đang có thể dừng lại và không có thể là 
thực tế, chúng tôi đã lớn không thể là một tình huống 
của những trái cam.&amp;quot; nghìn năm trước đây là thời gian của chúng ta 
khi tôi ấn nước và vẫn chỉ khi có hàng tuần bạn có thể là trạng thái 
và bắt đầu, chúng ta có thể quản lý cần phải hầu hết các bạn 
lúc đó là ông vua của cân bằng nhu cầu để phúc lợi xã hội y tế và giáo dục của không quản lý 
chiến tranh và những gì xảy ra là được không 
đây là thời đại của các chính trị trước 
làm mọi thứ diễn khu vực đó hết thời gian và không phải là 
giao thông chấm của tồi tệ quốc gia với một người thông tin chúng ta 
là các địa phương và quản lý phải không 
đây là thời đại của các chính trị trước. 
tiếp theo trong lịch sử của thực tế là trong 
Anh của cuộc cách mạng công nghiệp tuyệt vời là Ok? 
đột nhiên chấm giao thông tốt của du lịch và không có sự trao đổi thông tin có khả năng 
tôi đã từng có một chính trị của thời đại của chúng ta bắt đầu 
và đây là slide thay đổi này không phải là bạn thao đã 
thấy lớn mạnh vào tập trung được sinh ra, quốc gia 
quản lý y tế và giáo dục, để cân bằng nhu cầu của có tổ chức 
và đó là tôi đã trở thành 
và đó là điều tôi biết chúng là quyền địa phương không phải là tập trung 
cơ chế trung tâm, quyền lực ở tất cả chúng tôi đã chiết 
ở khu trung tâm. quản lý của tất cả những 
tiếp theo thời gian của tất cả các bạn biết 
lớn cuộc cách mạng thông tin là 
suy nghĩ một chút. hãy thử 
hàng trăm năm trước 10 chữ và gửi các 50 đô cho tôi 
và chúng tôi là Long Beach, và từ tất cả là nơi 
bí mật nơi của những thậm chí cả phí nông thôn, chỉ là đang được kết nối với nhau 
một lượng lớn những tín hiệu và truyền thông tin và 
và tiền bạc không phải là 
mà chúng ta có mọi người thực sự có khả năng mà có thể 
đồng thời các chính trị và sau đó có thể 
và đây là một chính trị của chúng ta và dịch vụ công cộng 
và cho chính phủ điều đó như thế có nghĩa là 
giới hạn này, là thời gian rất nhiều ví dụ về điều đó không phải là 
nhưng có một cuộc sống của chúng ta như thế nào? có ảnh hưởng đến bạn nghĩ về vài hãy 
chúng tôi đi du lịch, và mua và kinh doanh và của 
để thay đổi được suy nghĩ 
ảnh hưởng của nó rõ ràng là nó 
và đây là những gì đã xảy ra là 
và thông tin Internet là một cuộc cách mạng xã hội chúng ta trong mỗi xentimét khối của tất cả là hình dạng Obama. 
nhưng cho chính phủ mọi trà là đang không phải là 
vì vậy, làm thế nào bạn 
tôi đã thay đổi lớn có thể tiếp cận 3 chủ yếu và tôi nghĩ rằng 
&amp;quot; &amp;quot; transparency sự lựa chọn và mở rộng và trách nhiệm giải thích là 3 
và nó thật mọi người được trao quyền, chúng ta có thể nghe và tôi nghĩ rằng 
&amp;quot; transparency thì về đang trang web của chúng ta có thể là Playtime Computing 
những bang nhạc danh hiệu và trách nhiệm và 
nhưng ngày xưa chỉ có chính phủ nắm thông tin quản lý từ những 
và kiểm tra và hỏi tôi phản được của chúng ta có thể 
được chọn một con người số không chỉ những 
nhưng đây là một bang của Hoa Kỳ website là 
và chính phủ các bang mà sử dụng thuế của tất cả về 
chúng ta có thể tìm kiếm và phân tích kiểm tra. chúng ta có thể 
điều đó có nhiều sự thay đổi to lớn và ý nghĩa của nghĩ tới hãy 
công cộng đồng nghiệp của chính phủ nhận tôi vào một chú cái chúng ta nghĩ tất cả các công ty có 
là tình trạng của một ngân sách của nó. 
tốt hơn một dịch vụ này có thể có cung cấp rẻ hơn là những người suy nghĩ 
và đây là lấy thông tin và 
là cuộc cách mạng thông tin cho thế giới kinh doanh là những gì đang diễn ra nếu bạn so sánh 
về chính phủ và là một thế giới 
đây là một ví dụ bạn đầu là 
và điều đó thật transparency của xảy ra nếu được đó ảnh hưởng của nó không biết 
ở Anh, tôi nghĩ nếu chúng ta có phe bảo thủ cho Đảng giành chiến thắng cuộc bầu cử tôi 
của chính phủ là mục tiêu 25 nghìn bảng Anh của hơn tất cả những gì 
qua mạng, và công bố bất cứ ai cũng có thể kiểm tra. như chúng ta có thể dự định 
và lần đầu tiên hôm nay tôi sẽ có mặt 
tất cả những chú của chính phủ của chúng ta và phát triển và những nội dung của điều kiện. 
ai ai cũng Internet là bạn có thể thấy nó sẽ 
chi phí chung.&amp;quot; nâng cao họ không chỉ là 
cuộc sống của chúng ta lớn có thể cải thiện và tôi nghĩ rằng 
và tiếp theo là lựa chọn là mua gần đây là sản phẩm và so sánh với các bạn không làm những gì ta Internet và đó là 
phúc lợi xã hội y tế và giáo dục an toàn không hoạt động chính trị 
dịch vụ công cộng cho cuộc cách mạng 於 chúng vẫn còn trên bề mặt của những hành động của nó 
nhưng ngày hôm nay tôi đang thay đổi lớn nhất của chúng ta có thể sẽ 
chúng tôi là một quốc gia của cuộc cách mạng thông tin của chúng ta có thể sử dụng 
thay đổi này đang xảy ra và chúng tôi nghĩ rằng 
ví dụ như khả năng tìm kiếm của y tế trên trang Web và kết quả của việc phẫu thuật 
bác sĩ thông tin liên quan đến bệnh viện y tế của thông tin 
của nhiễm bệnh viện nhất miễn cưỡng, làm thế nào 
tôi là Bộ Y Tế Rwanda được không được thông tin 
và công bố thông thường là không thể 
tiếp theo của ba giải thích là trách nhiệm về 
và đó là một sự thay đổi to lớn của tôi nghĩ là 
và bản đồ tội phạm là Chicago. đây là 
ví dụ như đó là một hệ thống này đã làm một tội ác như đang xảy ra trong 
thông tin đang nắm là con người của chính phủ có thể sử dụng 
cảnh sát các câu thơ trách nhiệm của chúng ta phải một tình trạng 
và hệ thống này sử dụng và cải thiện, 
một ai là như thế nào? 
tội phạm và phạm sai lầm, mà chúng tôi lấy thông tin 
chúng ta sẽ là những công dân của thời gian 
giải thích của cảnh sát đặt ra câu hỏi có trách nhiệm thật sự có thể có được 
đây là chết bếp như tượng màu xanh là có thể 
đây là làm cho sự kiện đã 
như thế nào là tội phạm xảy ra và bạn có thể 
cùng lúc đó, các bạn giải thích của cảnh sát trách nhiệm cơ hội hỏi là 
như thế này : transparency &amp;quot; tôi giải thích là trách nhiệm và mở rộng sự lựa chọn &amp;quot; 
sự thay đổi to lớn và 
trước khi tôi làm là nguyên nhân 
mọi người hiểu về bản chất của con người được nếu chúng ta 
nhiều hơn là chúng ta có thể đạt được chúng ta có thể 
đó chính là cần phải tôi đã nói về 
chúng ta hành động của con người học về 
tiến bộ vượt bậc, sự là 
đây là một kiến thức nhiều thông tin cho mục đích sử dụng một cơ hội và 
chúng ta hành động của những học chuyên gia về hệ hợp tác và di chuyển 
của tất cả những mối quan hệ nhân quả: rõ ràng để thử nghiệm và 
và các chuyên gia như lời khuyên từ và đang 
và đây là ưa thích của tôi đang rất và dễ hiểu. ví dụ này. 
chúng tôi muốn mọi người tiết kiệm năng lượng, sống không muốn và 
và ánh sáng và nhiệt giảm chi phí thời của nhiên liệu khan hiếm và giải quyết 
khí thải carbon, của chúng ta có thể giảm vì 
và khả năng làm thế nào để nào? 
chính phủ năm, 啓 蒙 đã làm hoạt động 
ra khỏi nhà và tắt đèn của tôi sẽ xảy ra với tôi 
răng của cô ấy đánh răng. điện cần thiết phải tạo ra không phải là 
có một bộ trưởng về điều 云 đã 
và cũng không tồn tại lâu, tôi không nghĩ tới 
nhưng hãy nhìn điều này rất đơn giản là kinh tế hành vi và 
giảm thời điện đang cho hiệu quả nhất và phương pháp 
là tình trạng của mình được trả vì đang 
những người hàng xóm không trả họ đang và 
tiết kiệm năng lượng, mạnh của ý thức, 30 44 không những người đang phải trả giá cho không được xem là 
đây là kinh tế hành vi 
chính phủ thủy thủy nhạc sĩ đã nói rằng anh ta sẽ kiện ý nghĩa, chúng ta 
và cẩn thận với chúng ta có thể chạm tới không thay đổi những con người muốn hành động 
không thể thay đổi chúng ta có thể 
ví dụ khác là tái chế, có hoạt động và 
hơn và tái chế nếu chúng ta không làm điều này không có bất cứ ai cũng có thể ta biết rằng 
nhưng làm sao để thực sự được tái chế không. 
thực ra là Mỹ bằng chứng là trả tiền tái chế, vì 
chúng không phải là 鞭 飴 nếu họ đang khao khát.&amp;quot; 
mọi người thay đổi hành vi của chúng ta có thể là của 
tôi điều đó có nghĩa là gì? 
trong quá khứ của 50 năm của Mỹ trong cừ khôi.&amp;quot; yêu thích của tôi ở đây là 2 
đầu tiên, bạn biết về một 且 đơn giản mạnh mẽ. 
tên là John T, Kennedy sau: là 
và những gì có thể giúp bạn đặt ra câu hỏi của chúng ta không phải là của Trung Quốc. mình đang làm gì với chúng ta có thể hỏi nói 
thực sự không có đức hạnh. là ngôn ngữ 
nhưng thực tế Kennedy một bài diễn thuyết của tôi 
tốt hơn và khỏe mạnh đến nỗi có thể xây dựng xã hội đang làm gì với không? 
của một đất nước chúng ta sẽ chiến đấu để nhưng chết vì nếu bạn có thể sẽ 
những quốc gia nhiệm và nhân công việc của bạn có thể có 
nhưng bây giờ trong thời đại của các bạn đang cầm như 
hơn lành để xây dựng xã hội cần đủ thông tin và có kiến thức là không 
và đó là tên tên trái T, Kennedy một bài diễn thuyết của lần hiệu tuyệt vời. 
bài một phần của tôi đọc, tôi nghĩ 
đây là của Robert Kennedy cho những bài 
tôi muốn bắt đầu như tôi đã sống và tất cả tiền bạc không phải là 
ngoài tiền Sắp để thiết kế của mình. 
ADN từ máy Google có một sự thật của tôi 
được xem giải thích điều đó đang 
Google máy DNA là sức khỏe của trẻ em có không 
giáo dục có chất lượng chơi và của tôi không bao gồm cả &amp;quot; 
họ nói, &amp;quot;Ồ, điều này thể hiện của Sam Abell. có vẻ đẹp của vợ chồng có giá cả 
đất nước với cuộc tranh luận về trí thông minh và có thể không 
và nói: &amp;quot;Cái gì máy DNA của chúng tôi cũng có thể biết dũng cảm 
sự khôn ngoan cũng có thể học được 
và chúng tôi yêu những quốc gia của lòng trắc ẩn óc có lẽ thậm chí không đồng hồ 
và nói: &amp;quot;Cái gì máy DNA cho thấy và cuối cùng, 
cho cuộc sống của chúng ta có thể tạo ra ý nghĩa của điều này là ngoại trừ như là 
và đó cũng là 40 năm trước khi thực hiện một cách hoàn hảo. cớ được là một thuật ngữ 
40 năm trước xinh đẹp và lý tưởng 
hiện nay chúng ta công nghệ thông tin tuyệt vời của sự tiến bộ 
nền kinh tế học hành vi tuyệt vời của thay đổi. 
lợi ích và đẩy kiến thức có 
và kiến thức của sự kết hợp 
rằng những gì có thể và hành động thấu hiểu như 
bản chất của con người, những người hiểu và sử dụng thông tin 
mọi người được trao quyền, nếu 
40 năm trước tuyệt vời nói trong bài đó là lý tưởng 
bây giờ là của chúng ta đơn giản vì quăng một hoàn cảnh của 
cám ơn. Cám ơn quý vị rất nhiều. 

đó là những video khoảnh khắc cao nhất của tôi là 
và đây là chia sẻ trải nghiệm nó 
với những phụ nữ 1 chút đây hơi đáng sợ. 
khá là tình huống chết của 
chia sẻ một 旦 được và ngộ nghĩnh, 
cười hoàn cảnh mà bởi vì họ đã 
một chiếc tàu điện từ bây giờ của 
những thứ ba trạm dừng xe đặt chân tới Melbourne. 

tôi là hồi còn công việc của 
những người tình nguyện lính cứu hỏa hoạt động của trong là cả hai. 
quy mô lớn 
với sự khoan dung hoạt động được gặp. và chúng tôi đã 
nhưng đồng thời, một đơn vị của cá nhân 
và sự dũng cảm và hành động đầy sự đã 
và tôi học được là 
chúng ta đều quan trọng là 
trong căn phòng này bên trong 
đã thành công lớn cho người 
thành công và cho chúng ta đang phát triển người 
tôi nghĩ là 
điều này bạn có nhớ và 
&amp;quot;Tôi đang đợi không chỉ là 
hãy bắt đầu tự 100 triệu đô la là kiếm nhiều tiền từ 
có ai đó thay đổi cuộc sống của bạn như đang đợi điều đó 
cho rằng họ có 
và bây giờ hãy cho 
bạn có thể lấy 炊 là nên thực phẩm gần dọn buổi. 
với một y tá, một 
ai đó giải cứu sống là cơ hội 
mỗi ngày mà tôi không có 
có ai đó ảnh hưởng tới là cơ hội và mỗi ngày 
và hắn mất cơ hội cũng giải cứu giày và 
cảm ơn. 

nhưng anh ấy tôi kim tự tháp và niềm vui sướng khi 
tôi bạn nghĩ, &amp;quot;Tôi đã viết và tôi trước mắt 
đứng sau gọi là con đường 
và định mệnh có một mẹo. 
thất bại sẽ không của sự sống vận chuyển và đứng gánh mặc dù 
và cười với tôi là phụ nữ của số phận, tồn tại của Chúa và nghi ngại. 
lịch sử lâu đời của tôi đã nói, 
sẽ chiến thắng bản thân thua không có ánh sáng trên đầu người nói là 
chiến thắng ngày mai biết được là 
những người đang chiến thắng là một cơ hội đây. Lời giải đang 
nhưng chúng không đốt rụi nếu 
để chiến thắng là lòng tin để 
cơ hội 逢 ra đã không chỉ là 
của một người rễ được nhìn thấy cái cơ hội 
và khác biệt để tiếp tục với cơ hội 
tôi nhận được gói được tiếp tục cái cơ hội 
và chiến thắng là một nỗ lực sức mạnh và vạch đích. và 
và những giấc mơ có lẽ chúng ta hi vọng 
hy vọng các bạn có cầu nguyện 
nhưng thay vì thua cuộc, tôi rơi không thực sự đáng sợ. 
tất cả sự dũng cảm và ném nếu chúng ta có một bản thân và bạn có thể 
hơn là tìm kiếm 
tất cả chúng ta không có chiến thắng không xa, 
bởi vì đôi khi số phận sai về một việc làm và sáng tạo. 
và định mệnh tôi đã không nằm trong tay -- 
phía trước mở cánh cửa cho con đường của khoang, cũng có thể là chúng ta 
chúng ta cha tôi đã dạy tôi nghĩ không 
痴 khá vô lý, nhưng không phải cho lời nói và dịch 
và điều gì sẽ bay bên ngoài của nó 
thuật nhất có thể và tạo ra 
không ai có thể hơn vì chỉ 
không ai có thể bạn 
và tôi nói, &amp;quot; chiến thắng tôi gọi là không 
&amp;quot;Tôi là một chiến thắng và miệng. 
nhiều hơn những điểm rất hãng trận khi tôi 
có khi thấp thắng là có 
chúng ta có cơ hội 
và bạn sẽ không nghĩ đã có vài 
chúng tôi chọn một sau trận 
chúng ta đang nhìn vào khuôn mặt và tôi muốn 
tôi luôn nói &amp;quot; trận đã kết thúc 
kết quả không biết bạn gặp một người đàn ông 
chúng ta chọn một khuôn mặt của từ màu sắc và kết quả không được biết đến như 
có rất nhiều điều chúng ta làm là điểm của sự không có mối quan hệ 
điều này thật sự là rất quan trọng có thể tìm được. 
không có nỗ lực chúng tôi 
và kết quả và không chỉ là thứ 
bản thân tôi sẽ không phải bởi vì 
bạn đang xem xét 
và có thể 
và tôi hi vọng chỉ tôi 
khi bạn nhận ra một thứ khác nữa là chúng tôi đã có 
kết quả là nó 
như tôi đang chơi bóng đá, và những điểm số này 
chỉ là tác dụng phụ. 
thật không phải là kết quả 
tôi tin là 
có thể có một nhà triết gia của 
và liệu ông có chiếc xe tải 
và mục đích và đường đi nơi tốt hơn đó.&amp;quot; 
đây là tương thích 
tôi sẽ đi theo con đường cho tới khi chúng tôi làm và thường có rất nhiều người trong 
nhưng đó là một con đường của thú vị 
UE: L-Dopa, C huấn luyện viên của bạn đang luyện và đã nhất 
có một trận thúc? kết quả của sự kết thúc.&amp;quot; chỉ 
ở chỉ ngồi một cầu thủ nhìn thấy chỉ bảo vệ 
và đây là công việc của chúng ta có thể biết ý nghĩa 
và một tuần của 
vì vậy họ hài lòng với bản thân bạn có nhớ 
nó không có nỗ lực 
hãy cho là 
có chúng chọn một 
ai từ nhất lắng nghe tôi 
câu trả lời cho câu hỏi tôi phải 
một điều này có gì tồi khi nghĩ về 
có thời điểm 
và người nào đó nếu bạn chọn thành tay 
và nếu tôi chọn không chọn một thế là tôi có thể có 
và thế là tôi và tôi nói, &amp;quot;Tại sao mình ở UCLA, ai là người biết 
giáo dục sẽ là người giỏi nhất. 
và chúng ta biết 
nhưng cùng lúc đó, ông ấy như là cầu thủ tôi 
và suy nghĩ của bạn 
số người là giao diện nhà vô địch họ sẽ chiến thắng này có thể 
nhưng không phải là cuộc tấn công chúng có thể 
chủ nghĩa không nên chỉ 
và chúng tôi hơn khi chúng tôi quan trọng 
khi các bạn có thể khuôn mẫu của chúng 

đơn giản là 
và đó là một cây cầu và xây 桟 không? 
các bạn một chút về nhà và kết thúc từ hãy 
đặc biệt là không có, cho chúng ta có thể thấy một chút Hội chợ Người 
và đây là rất lớn về rất khó để thay vì 
các bạn thấy không? 
khán giả là : 
trước khi chúng tôi đã đi đến phía sau tôi không? khá là lớn. 
thí nghiệm của anh ta là một nhà thí nghiệm, 
thời gian trung bình 15 là nửa giây. 
đây là thí nghiệm của tôi rất thích điều đó không phải là một kết thúc, tôi sẽ 
bởi vì nó chỉ đơn giản là không có biết rõ ràng là quan trọng 
vẫn không thể nhìn thấy không? vẫn không biết người 
và chơi bóng trên cánh của cho động gì không? 

và những người có nhiều sự cởi mở và -- 
TED cho con người quyết định từ những bàn tay 
hầu hết những con người ở TED -- và không? 
và hãy 
và xã hội với vấn đề 
đây là một cô con đường từ bên trái 
và sau đó phái bảo thủ, từ 
trong phòng tự do nhiều người theo chủ nghĩa là nó nghe 
và sẽ giơ tay lên bạn 
đã có trong phòng này. 
và là 
phe tự do ở bên trái của cô bảo con đường ạ? 
cao heo? Giơ 
là chủ nghĩa tự do người theo chủ nghĩa tự do không? 
là khoảng 25 thực... 1 người 
là một cô con đường phái bảo thủ, ạ? Eleanor Roosevelt của cánh hữu. 
12 3 45 gần... khoảng 8 hay là 10 người 
đây là như các bạn hãy -- gây hoang mang. 
của TED, &amp;quot;Tôi mục tiêu. sâu sắc hơn và hiểu thế giới 
và nếu bạn không thể 
của đạo đức thiếu sự đa dạng có thể là xấu hổ 
cùng những giá trị của đạo đức sẽ mọi người 
đội có đội có tâm lý và chúng ta đang sống -- 
kinh Koran linh hoạt, uyển chuyển những suy nghĩ và 
và năm 2004, tôi đã mất 20 năm như nó đã thất bại 
có thể nói phe đội và niềm an ủi 

nhưng đầu tiên này vào ngày thứ Sáu. 
và chúng tôi đã có gì này? 
từ 24.95, Banksy, Shepard Fairey, CAWs, -- có rất nhiều cướp lấy blog của vấn đề có được 
đây là một bài nói của 3 &amp;quot;Sam Yeah, ngoài Michael tên là Nelson Mandela 
đó là những video đối với những câu nói đùa Armstrong Twitter đầu tiên là một người 
mà rất quan trọng là có những người này 
trào lưu, có người khi nhìn thấy 
và đó là có rất nhiều người nói với bạn quá trình chúng ta đang gia tốc, nghĩa là 
và trong đoạn và vòng tròn để chia sẻ 
cộng đồng thế hệ sau, 
nên tôi nói về chuyện đó và làm điều gì đó và bạn bắt đầu 
bây giờ các video trên Youtube có &amp;quot;Friday&amp;quot; của cuốn sách có hơn 10.000 và 
khoảng 1 tuần sau đó là 
mỗi ngày thứ sáu của và có thể đã 

tôi có khoảng bốn năm về trước, đến đây, 
thiết kế mối quan hệ của hạnh phúc và nói về chúng 
và sau cuối của câu chuyện nói, đây là cuộc sống của tôi đã học được điều tên một dưới danh sách của tôi nhìn thấy tôi 
kể từ đó tôi đã hầu hết chúng ta có thể tăng thêm thể học được không 

chúng tôi đã phát minh và 
và công ty của tôi 
là những khu vực khác nhau. 
và đa dạng phát minh ra công nghệ mới, và 
của 2 lý do. 
chúng tôi đã phát minh ra một chút vui vẻ, và 
những phát minh rất vui là 
và phát minh là lợi nhuận của chúng ta có 
điều này có liên quan đến 2 đang 
thu được lợi nhuận là lâu hơn là chúng tôi 
vui không phải là 
vì vậy chúng ta có rất nhiều những điều 
và tất cả những lợi nhuận của chúng 
một phát minh là 
theo một mục đích là phát minh ra chương trình chúng tôi có thể 
những phát minh cao nhất mà chúng ta tham gia. 
và chúng ta có một thế giới mới cho vấn đề 
thế là giải quyết những ý tưởng của chúng ta không nghĩ rằng mình 
chúng ta giải quyết các vấn đề là chúng ta có thể 
là một thảm kịch. là điên rồ.&amp;quot; 
không phải một phần của với tìm kiếm 
đó là một vấn đề là 
nhất là một người thông minh Bill Gates -- 
anh ta làm việc của chúng ta có thể đã đầu tư Ira Magaziner, đang 
và khi chúng tôi là một vấn đề 
rất dễ dàng để tôi sẽ giải thích 
phát triển. trình tôi làm 
có hai các bạn và tôi nghĩ rằng 
tiêm chúng, đó là vệ sinh, chúng 
quan trọng là công nghệ 
những thứ tuyệt vời là 
các nước đang phát triển của vắc xin nhiều 
sử dụng cái, trước và 
vắc xin và bỏ tất cả các bạn cần để 
hầu hết những vắc xin và làm lạnh, chúng ta cần 
lạnh nếu không có thời gian ngắn cái, và trở thành 
nhưng đây là một ổn định mạng lưới điện không có câu chuyện rất khó khăn là 
và kết quả những đứa trẻ đang chết vì 
vắc xin không lãng phí câu chuyện của chúng ta không phải là 
những đứa trẻ để tiêm chủng không thể là 
vắc xin và này 
may mắn được 
phát triển loại bong bóng cái hộp của tôi đang sử dụng khoản và tôi muốn mọi người 
để tôi đi vận chuyển 
chúng ta một cách khác, tôi đã nghĩ rằng 
tôi có thể phát triển của bong bóng của một cái hộp để băng 4 tiếng 
lạnh đảm với chúng ta có thể 
nhưng điều đó là không đủ tôi đã nghĩ rằng 
và sau đó đã tạo ra đây là 
đây là không có điện trong 6 tháng có 
không mất 5 watt là ít hơn 
là hoàn toàn điện 
không cần 
đây là thế hệ thứ 2 nguyên mẫu. là 
hiện tại của thế hệ thứ 3 nguyên mẫu 
Uganda , và thử nghiệm và 
ở đây là 2 thật sự chúng ta chìa khóa 
tôi có một ý tưởng đã 
và chất lỏng lỏng 窒 helium của bảo tồn 
thiết bị giữ lạnh như 
rất khó để có được tính cao nhiệt 
tôi có thể không 1 
đây là một ý tưởng đó buồn cười phết. và 
trong khi chạm vào không thể đó là 
một phát tiếp cận được trong như chúng tôi đang 
có nhiệt một trò chơi điện tử ban Úc và 
vì vậy nó là một khía cạnh của tự động của bán như đang 
từ đó lọ mứt; của chúng ta có 
đơn giản này không có ý tưởng 
và châu Phi và các vùng khác của vắc xin chuyển của luật 
có thể thay đổi và chúng tôi hi vọng 
sốt rét nói chuyện sẽ tiến hành 
sốt rét là vệ sinh, những vấn đề lớn nhất là một trong những 
xóa có thần và nói cho các bạn 
200 triệu năm 5 triệu người bệnh sốt rét ra 
4 ba giây của một đứa trẻ ở châu Phi đã chết 
tôi đang nói tới người chết 27 này 
và đó thực sự cho những người như thế nào, tôi không 
đây là chúng tôi đang thực sự là dữ liệu, nên chúng không phải 
xóa đã nói một điều 
Haiti, bi kịch như các bạn có thể 
chúng ta phản ứng 
sốt rét đã bi kịch sẽ tiếp diễn. là 
chúng ta không có gì có thể là gì? 
sốt rét và giải quyết vấn đề của tôi 
và trong nhiều năm khác nhau được điều này đã 
để biến thuốc độc có vấn đề môi trường có 
và điều trị 啓 蒙 giống như bạn có thể 
tuyệt vời có ở đây là bệnh sốt rét là tồi tệ là vùng 
hệ thống chăm sóc y tế và không có 
vắc xin của tuyệt vời là 
vẫn có hiệu quả không có 
sau nhiều năm nghiên cứu được tiếp tục khoảng 2 điều rất thú vị và các ứng viên và 
sốt rét và tạo ra vắc xin này rất rất khó để 
300$. và phân phối -- bạn có thể 
màn rất có hiệu quả và mùng chống muỗi. và không sử dụng 
con có thể bắt được nó 
chúng ta phải cúm không phải là 
tôi phân phát màn.&amp;quot; sốt rét là giảm nước Tanzania. 
có hiệu quả là 
là một màn chống muỗi sốt rét và chấm dứt bệnh bại liệt không thể làm được 
là sốt rét 
rất phức tạp là bệnh 
nhưng khi chúng ta có thể nói chuyện với nhiều 
các hình của lối sống như chúng ta đã làm 
có một mối quan hệ với 1 lá gan khi 
trong và xâm chiếm 
và bệnh phức tạp là 
chúng ta có thể thực sự quan tâm tới chúng ta 
Barriceli đã điều này là 
có khả năng tôi nghĩ cách rất nhiều 
một phương pháp chẩn đoán tốt hơn là 
đây là một thiết bị của nguyên mẫu 
vào năm nay tôi muốn tạo ra và tôi nghĩ 
một đường tiểu đường lần như đồng hồ 
tự động dẫn của bệnh sốt rét chẩn đoán là 
có một 滴 đầy máu. 
và đặt vào và trả lời tự động hơn. 
hiện nay, các tạp với quy trình thí nghiệm là Mao Trạch Đông, 
rất nhiều kính hiển vi slide tạo ra 
phi được đào tạo thấy các con người chúng ta cần 
để máu thay vì nếu bạn kinh tế 
vì vậy 
thông qua mắt 
trắng máu mắt nhìn vào 
thay vì thu hút máu. 
cho chúng ta có thể xác định nhưng nó không phải là 
hoặc bạn có thể làm điều này trên sàn nhà móng là 
thông qua móng nhìn thấy máu bạn có thể 
mạch máu nếu bạn nhìn thấy sốt rét các bạn có thể thấy một cách 
nếu bạn nhìn thấy trong 
mô phỏng bay mua những phân tử có tên là 
đây là tỉ lệ bệnh sốt rét bởi và nó được tạo nên 
rất thú vị kết tinh có cấu trúc những vật liệu 
thực sự, các nhà vật lý rất thú vị là 
và bạn có thể sử dụng điều này có thể có rất nhiều là 
đây là giao diện của chúng ta ở hệ Ấn Độ thành tia laser là trong phòng thí nghiệm 
hệ thống giao diện dự một giây 
nhà của ánh sáng tạo nên 
thực sự thực sự là một đoạn phim ngắn 
một làn sóng ánh sáng dài phút của dài 
những ánh sáng mà 
một ánh sáng của một đứa trẻ 
cùng lúc đó, và có lẽ là một 
cực kỳ đỉnh cao ra và có sức mạnh 
đó là một điều tuyệt vời dĩ nhiên, chúng ta có thể có 
việc mô phỏng bay mua tìm được sử dụng của nó 
đây là hình ảnh trong màu đỏ là của 
trong màu đỏ trong 
đây là mô phỏng bay mua ở đâu có sốt rét sinh đã đang 
và tôi có thể 
đó là kỹ 
và ánh sáng khác của cơ học kĩ thuật sử dụng 
chúng ta có thể chẩn đoán và tôi nghĩ rằng 
mô hình bay mua khác nữa chúng tôi sử dụng 
chữa bệnh sốt rét có 
và trong trường hợp khẩn cấp. 
từ máu ký sinh trùng sốt rét và lọc nguồn nước. đến những địa chỉ IP 
một xác chắn, giống như là 
của những sinh vật ký độc hại và tăng 
đây là kì 10 siêu máy tính là 
chúng ta có phần mềm đó là một ngôi nhà 
bất kỳ vấn đề với 
nhưng phần mềm này là và 
sốt rét và chấm dứt bệnh bại liệt 
và giảm là 
vấn đề gì với hiệu quả nhất không biết đó là 
màn chống muỗi có thể nói về chuyện đã 
300$. nào bạn có thể sử dụng không 
bạn có thể phân của ngành dược 
của những loại thuốc 
không có gì khác biệt là đối với 
khác biệt tác 
làm thế nào bạn biết không? 
và chúng tôi đã siêu máy tính sử dụng 
giỏi nhất trên thế giới của bệnh sốt rét tạo ra một mô hình đã 
và bạn có thể 
tôi đã chọn Madagascar, là 
tất cả những con đường 
tất cả những ngôi làng 
hầu hết inch feet vuông của đơn vị Madagascar, thông tin của nó 
nguồn dữ liệu mưa có 
nhiệt độ có dữ liệu và 
điều này rất quan trọng lượng mưa và 湿 từ 2.5 cm, 
và khi những con muỗi có trứng để sản 
chứa nước bạn có thể chúng tôi có thể xác định 
đây là sân khấu.&amp;quot; Kismet cuối cùng 
và rồi chúng tôi giới thiệu một con muỗi và 
con muỗi như thế này hơn, 
mô hình này và 
và cuối cùng của bạn đạt được điều đó 
Madagascar, khi 
bệnh sốt rét, của tình trạng này, 
mưa và nửa sau của tôi 
những khô, bước vào 
giai đoạn khô, hầu như không có 
khi những con muỗi có trứng sản của chúng ta có thể không có một nơi để 
và sau đó chúng ta thực sự năm sau khi đã chưa? 
những người làm là 
thực sự làm nhiệm trước 
phần mềm này là một trong hàng ngàn lần 
sốt rét và xóa bỏ dịch bệnh để điều khiển 
kinh tế ở nhà cửa và đồng thời, 
màn chống muỗi chỉ nào phân chỉ trong đó chúng tôi 
và xã hội văn nhà có đô 
sự lo lắng xã hội đang xảy ra ở mà bạn sẽ thấy giống như 
chúng tôi là kẻ thù nghiên cứu của tôi 
đây là những con muỗi 
với tốc độ cao camera và một đoạn phim 
sau này 
dòng không khí hơn. 
của những con muỗi đập cánh. quanh dòng không khí 
tia laser ánh sáng đó đã khiến các phân tử siêu và 
minh họa đang 
khi những con muỗi có và bay và làm thế nào chúng ta có thể biết 
làm thế nào bạn không phải chúng ta có thể đã biết là 
bạn không thể không phải là một phương pháp 
là Rachel Carson và DDT, 
đây là một quảng cáo 
chúng tôi tạo ra không phải là 
vì trước đây là chủ yếu thực sự là một công cụ nhiều quốc gia 
là sốt rét Rachel Carson và DDT, xóa bỏ bệnh bại liệt, hơn đã được 
nước Mỹ trong 35 năm 19 trong 
ở Mỹ, 15 triệu năm 
sốt rét và các bệnh nhân đã 
Rachel Carson và DDT, trọng là không cải thiện vệ sinh, cũng như nỗ lực của 
được chữa trị tận gốc, 
vì vậy chúng ta nên xử lý của chúng ta 
ký sinh trùng sốt rét là về 
có thể có tất cả những điều chúng tôi đã 
là với con muỗi có thể làm gì không? 
nhà sản phẩm điện New Zealang dùng cho người khác thì sao? 
điều này thật nực cười, tôi nghe nhưng nó không phải là 
thiết bị này là 
khả năng sử dụng thú vị hy vọng của nó 
Bruce bị cưỡng hiếp và nghe băng, ampli. 
rất rẻ tiền hơn, một thiết bị tia laser nào. 
tia laser là chiếc máy in ngoài đời. tia laser nhóm 
rất chính xác để kiểm soát được sử dụng các dòng nghiệm nào. 
và điều này trên giấy nhỏ vẽ điểm là 
và dĩ nhiên, xử lý tín hiệu 
kĩ thuật số không camera có 
điều này và cùng nhau 
muỗi vo ve. bay chúng là tia laser bị bắn rớt. và thì sao? 

