và các hố đen toán của Mill bột là 1 vật 
đây là sự phát triển một cửa hàng thực phẩm 
nhân viên của họ là chính quyền con người muốn nhân viên. 

bạn có thể thấy mái tóc lại khi chúng tôi không có lý và mái tóc ngoại cỡ đã nói về 
ngôn ngữ có thể không có 
nhưng màu xanh chỉ là điều tôi đã cắt 

và đó là một bộ phim của thế giới hòa bình 4 năm cho một cuộc gọi yêu mến. 
đây là Chris tuyệt vời của vấn đề là tên của bộ phim 
tôi đã đề nghị chúng tôi đã 
và trong khi tôi nói, và tôi nói, &amp;quot;Ồ, địa phương có TV, ra 
mọi người trong chúng ta có một là nếu bạn có thể là 
nhưng thực sự là một bộ phim đã được tạo ra 
hiện nay chúng ta chưa có số màu đỏ là Chris đã hy sinh không có điều gì đó 
bộ phim trên thế giới đã không 
và chúng tôi 
và tôi là một giáo viên của những người nói về 
câu chuyện vượt qua chúng tôi đã tạo ra một bộ phim của 
đây là một giáo viên của giáo dục của chứng minh là 
đẹp và nghĩ về nó 
và đó là một bộ phim của chúng tôi, bản thân của chúng ta không biết nó 
đó là tiếng cao của cảm thấy là 
và đó là vào cơ thể của tôi 
tôi cũng có những giáo viên 
bạn có giáo viên của bài của tôi là 
thời cấp ba của các giáo viên của tôi là một bộ luật của giáo viên 
lấy tay 髭 như ở dưới đặc trưng mà không cười đau khổ, 
và bây giờ tôi đang sử dụng nó 
tên là Jean-Paul viết một giáo trình của sự sống không phải là 
học sinh sẽ có tình yêu của tôi 
của tôi bảo rằng tôi đã có 
đôi khi có ánh mắt của sự giận dữ. có 
mỗi ngày một chuỗi ngọc trai nhỏ. và mạng lưới 
là một lớp học ở trường tiểu học, vào trung lượng Ｊ có tên là một giáo viên 
không xa xưa của giáo viên sử dụng mắt và 
như thế. 
tiếng cười 
và sau của tôi có thể chúng ta đang nói rằng nó 
sau đó tôi cũng có một thứ gì là đúng là 
tiếng cười 
và những giáo viên sẽ 
bản thân tôi và đường trong mắt của bạn không sử dụng có 
cô ấy 慕 tôi sẽ không phải là một giáo viên 
cái chúng tôi cho nó 
còn có thể nhìn thấy 
đầu tiên của tôi là một giáo viên có cha mẹ tôi là 
phát minh và khác biệt là suy nghĩ về cha tôi 
bên tay phải của của một người 
và khi tôi sinh năm 4 khi chúng tôi đã làm 
và mẹ tôi là 
ở Virginia, bang ở Châu Phi là một hệ thống trường học 
bốn năm của chúng tôi đang dạy chúng tôi đã 
tôi đã nhận ra 
trong bộ phim của tôi 
và cô ấy có một cuộc ẩu đả khi chúng tôi đã 
chúng ta hành động của cô ấy tiếp theo của chúng ta có thể là cảm giác 
tôi dạy của cô ấy có một người giữ là 
và cái đẹp của tôi là 
tôi là con gái của học sinh có dữ liệu mà làm cho chúng ta có thể dạy chúng 
bởi vì nó là mẹ của tôi là dạy 
điều gì có thể tiếp tục này có nghĩa là 
và có một cơ máu của tôi 
thực sự tuyệt vời của tôi là 
tôi có rất nhiều người đang được đứng ở đây là 
tôi là một người không 
bây giờ trên sân khấu này có nhiều người đang đứng 
và đây là một ngày hôm nay tôi phải chúng tôi. 
và trò chơi hòa bình thế giới là sao?&amp;quot; 
và, thẳng của chúng ta chỉ là một biểu 4 và 5 ngang của biểu ở trong một tấm ván dê 
năm 1978, nhỏ của trường học ở thành phố chúng ta có thể là 
Châu Phi lớp học sinh của chúng tôi đã tạo ra 
chúng ta là thế giới đang xảy ra tất cả các vấn đề 
và họ hiểu chúng tôi nghĩ điều này là 
bản thân tôi là giảng và đọc cuốn sách của tôi là không 
của mình là cảm giác rằng học và hào 
và đó là cảm giác của tôi đã học và tôi nghĩ là 
và chúng là trẻ em. trò chơi điện tử không thích là 
nói về lẫn nhau là không -- 
năm 1978, không phải là một khái niệm 
nhưng chỉ không lẫn nhau để tạo ra cái gì đó mà chúng tôi đã nghĩ rằng 
hôm nay được cải thiện 
bốn người sáng lập của cơ thể đặt những béo - 
một cấu trúc trong lớp 4 
chúng tôi đang được 
ngay khi tôi nói là 
trên cùng một lớp vũ trụ và 
hố đen và mặt trăng và quan sát và mặt trăng 
vũ trụ không tìm kiếm và xử lý 
hạt cotton, tấm thảm màu hồng. đám mây đã hình 
thứ hai là nhìn vệ và không gian 
quân bị đối xử với tôi 
trong trò chơi điện tử 3 nhìn giống như là những đất mặt và biểu diễn đại dương 
4 nhìn của tôi 
và đại dương sâu đẽo lên đại dương sâu về và đối xử 
đây là một từ chính là trẻ em. 
và những quốc gia đã đặt tên là sự giàu có ở những quốc gia -- bạn có thể có những quốc gia nghèo và 
và các nước mỗi khác nhau, và tài sản của ngành công nghiệp cho quân đội và 
và mỗi quốc hội ở các nước có 
thủ tướng chính học tập và một vị bộ trưởng Quốc phòng và một vị bộ trưởng Bộ 
và một vị bộ trưởng tài chính của người da đen kết của 
tôi có mối quan hệ của họ để tôi cho thủ tướng, cho trẻ em với và quyết định 
tôi cho bọn trẻ làm việc và cho họ và từ chối công việc của bạn 
và họ quốc hội của riêng của chúng ta quyết định 
nạn buôn bán những vũ khí của Liên Hợp Quốc, Ngân hàng thế giới cũng vậy. 
và tôi không có sự thay đổi môi thị trường. 
và kiểm soát ấy sẽ không phải là 

ý tôi là một tòa án thống đợi để được nhìn lông đã 
ông ấy là dịch sinh giúp tôi 
chúng tôi đang đợi tôi trước khi tôi được 
ông ấy đã không có màu xanh ở mặt này. 
hai người đã chết vì đã dạy tôi 
mẹ và trẻ em đã chết một cách thức của tôi 
ông ấy lý do là vì 
sau sản xuất đó được gọi là máu của 
1 lượng lớn bên trong máu ra không chỉ là 
nhưng rất vào những năm 30. là 
ông ta chẩn đoán tương có bệnh thiếu máu. 
mọi người chết vì lý do tại sao tôi nói là 
tôi chỉ là một kỹ sư của tôi và tôi nghĩ đó là 
là bệnh thiếu máu. và chết trong bình thường không thể là tôi đã 
chữa bệnh thiếu máu. có biết là 
từ những thành viên thuốc của tàu như thế nào, 
xử lý máu, nghèo và rẻ hơn rất nhiều 
khi tay không có cách chữa trị cho 
tại sao người phụ nữ này đã chết không? 
đó không phải là kinh tế này 
từ đó có 5 phút là nơi 
các trung tâm chăm sóc sức khỏe có 
tôi được trợ giúp của tàu phân phối những viên thuốc đã 
vì đó là một tình huống này là hoàn toàn tôi đã rất ngạc nhiên. 
và đây là cách ngăn chặn có cách cho tôi cảm thấy 
tôi là mẹ của trẻ nhỏ không phải là một bác sĩ và hỏi 
thường máu nghèo và kiểm tra này 
và chúng ta phân tích máu của họ 
có những siêu nhân sẽ được gọi là thiết bị đó là 
một triệu đô la một thiết bị ở Mumbai có 
đây là Mỹ châu Âu nhưng 
trong thế giới thành phố có thể nghĩ rằng 
với dịch không 
một thiết bị đang điều khiển công nghệ của người phụ nữ 
với dịch không 

con người ở hàng ghế vài cái chương trình đã 
đây là câu chuyện đơn thuần là trò chơi điện tử 
với những chữ cái bị gián đoạn. 
chỉ để tạo ra những câu chuyện 
câu trả lời của từ điển MP3. là 
30 giây bạn đã vẽ chuyên 
khác với sự kết hợp với mạng 

tất cả các bạn có dữ liệu và thích từ dữ liệu đầu tiên, thạch giàu là slide tôi sẽ bắt đầu 
và tôi nghĩ rằng hiện tại của Anh Quốc và Hoa Kỳ và 於 chính trị 
và tầm quan trọng nhất chúng ta không thực tế. 
và câu trả lời đơn giản là không có tiền là 
chúng tôi từ chối tiền khổng lồ thực tế. 
đây là công thế giới của tôi 債 là cái đồng hồ 
các bạn có thể thấy, 32 tỷ đô la tăng vượt qua. 
chiếc đồng hồ này và con số của chúng ta có thể là 
rất đơn giản 
đây là một từ chính trị của chúng tôi đã không có một câu hỏi quan trọng nhất là vấn đề 
chúng ta lãng phí tiền tình trạng không sử dụng và cải tiến này 
hôm nay là dịch vụ công cộng các chính phủ 
và chính trị gia khác đang tranh luận vấn đề là chúng ta cải tiến của 
ngân sách không đủ vì 
và một trong những tình huống tất cả tiền là phía thứ ba. 
phúc lợi xã hội y tế và giáo dục và cân bằng nhu cầu công cộng cho dịch vụ và thành công. 
chúng tôi phát triển tiền trong quá khứ và sẽ không thể 
và tôi nghĩ về suy nghĩ và bạn có thể là 
thì xem kết quả là gì? 
nhưng sự thịnh vượng của dân và kết nối với những thứ của người khác. 
ví dụ như những mối quan hệ gia đình ở khu vực quan hệ bạn bè của cộng đồng và những giá trị các bạn nghĩ về 
liên quan đến chính trị ngày hôm nay tôi sẽ không thú vị và bạn có thể nói rằng 
và đó là vào đêm hôm nay tôi muốn nói với các bạn của tôi 
thực sự đơn giản chỉ là 刀 không nhìn thẳng vào một nghĩa là 
phải có một cuộc cách mạng thông tin đang xảy ra là 
tất cả các bạn có biết rằng 
và chúng tôi đã nhìn chính trị triết học cách nghĩ chúng ta phải kết hợp với nhau 
thực sự tạo nên một chính trị và thay đổi chính phủ công cộng với dịch vụ và chúng ta 
tuyệt vời cho cơ thể 
và đây là slide như là chúng tôi vào cuộc sống hạnh phúc 於 được gọi là tăng lớn chúng ta có thể là 
và có những đêm nay là 
hãy bắt đầu học triết học chính trị từ câu chuyện của tôi sẽ bắt đầu 
và tôi bảo thủ, Anh Đảng tất cả các câu trả lời nói chúng ta đang không phải là 
chúng tôi thực hiện tất cả các câu trả lời cho câu hỏi này không phải là 
nhưng cơ bản có 2 điều hành động của Đảng phe bảo thủ có khả năng đang 
vào đêm hôm nay để lớn có mối quan hệ của tôi và tôi nghĩ rằng 
đầu tiên, chúng tôi tin rằng 
với những người tự quyền, cuộc sống của khả năng quản lý cho 
có nhiều sự lựa chọn và cung cấp 
và dân chúng tới và 
trong thực tế, xã hội tốt hơn là mạnh của chúng ta không có nghĩa là 
và những sự thật 
bây giờ chúng ta nhìn thế giới đang được thông tin sẽ hoạt động.” 
trước khi tôi đi 
chính phủ và chính trị công cộng, dịch vụ mà chúng tôi không phải là 
điều thứ hai là bản chất con người đến điều này là 
và chính trị chính trị gia có thể thành công theo một cách duy nhất của tôi 
lý tưởng quốc gia của những phản ứng tôi không phải là 
nó không phải là phản ứng cho dân nỗ lực và tôi tin rằng nó 
đó là hiển nhiên. đơn giản là không có bảo thủ. 
những con người có thể chúng tôi tin tưởng 
vấn đề gần đây tôi cũng đã bao gồm những hành động của chúng ta mới phát triển của kinh tế học 
mới kinh tế học hành động của phát triển của sẽ hoạt động.” 
cuộc sống hạnh phúc và để tăng đã chứng kiến -- 
và không lành hơn cả xã hội 
ngân sách đầu lãng phí mà bạn có thể chúng tôi nghĩ rằng 
và tại sao chúng tôi gọi là như thế này và tranh luận của tôi sẽ nói 
và đó đã tóm tắt đơn giản nói về lịch sử của bạn không phải là không có dịch tôi không có 
là sử chính trị 3 sẽ phân chúng ta có thể là suy nghĩ 
các chính trị đồng thời gian trước thời gian của các chính trị 
và giờ đây chúng ta đang sống của các chính trị và đồng thời là sau 
và suy nghĩ đơn giản là 
ở thế giới của chính trị từ 
tập trung vào thế giới 
bây giờ chúng ta có thể có những người chính trị kiểm soát và tiến thời đại chúng 
ở những trung tâm, khả năng và bây giờ là sức mạnh của con người 
điều này là thuyền; nghệ thuật là hoàng nghìn năm trước đây là ông vua của 
sóng đang có thể dừng lại và suy nghĩ của chúng tôi có thể là tôi không 
thực tế, chúng tôi đã lớn không thể là một tình huống 
nghìn năm trước đây là thời đại của hoàng 
khi tôi ấn nước và không chỉ là thời gian đó có hàng tuần bạn có thể là trạng thái 
và bắt đầu, chúng ta có thể quản lý việc hầu hết các bạn không phải là 
lúc đó là ông vua của để cân bằng nhu cầu phúc lợi xã hội y tế và giáo dục của không quản lý 
và đây là cuộc chiến tranh bởi vì tôi đã không 
đây là một chính trị đồng thời là trước 
những gì chúng ta có thể là nó không phải vì tôi không phải là thời gian 
những giao thông có thể, tồi tệ quốc gia với một người thông tin chúng ta 
là nơi các cách để quản lý phải không 
đây là thời gian của các chính trị nói trước là 
tiếp theo của lịch sử trong thực tế rằng 
Anh của cuộc cách mạng công nghiệp và tuyệt vời đó 
đột nhiên của giao thông tốt chấm du lịch và không có sự trao đổi thông tin có khả năng 
tôi đã nói, &amp;quot; thời gian chính trị của các bạn bắt đầu 
và đây là slide này có thể thay đổi không phải là bạn có thể thao đã 
tôi lớn mạnh trong tập trung quốc gia được sinh ra 
quản lý y tế và giáo dục, để cân bằng nhu cầu của một tổ chức 
điều này là chỉ có thể không 
và đây là tôi không biết là quyền địa phương không phải là tập trung 
là cơ chế trung tâm, địa phương có quyền lực và tất cả chúng tôi đã thu hút 
là dãy Alps của mọi người quản lý là 
tiếp theo thời gian của tất cả các bạn biết 
lớn đó là một cuộc cách mạng thông tin 
tôi nghĩ chúng ta hãy thử 
hàng trăm năm trước 10 chữ là gửi các 50 đô cho tôi 
và đó là ngày nay chúng ta Long Beach, và từ tất cả là nơi 
bí mật nơi của bạn trong nông thôn, chỉ có phải là đang kết nối 
một khối lượng thông tin tín hiệu chuyển thể 
và tiền bạc không phải là 
mà chúng ta có mọi người thực sự có những điều này có thể 
các chính trị đồng thời gian sống sau chúng ta có thể 
và đây là một chính trị của chúng tôi và dịch vụ công cộng 
và cho chính phủ đang điều này giống như có nghĩa là 
đây là giới hạn của tôi là thời gian rất nhiều ví dụ điều đó không phải là 
và sau đó chúng tôi có một cuộc sống của chúng ta có thể ảnh hưởng đến bạn nghĩ về hãy 
chúng tôi và mua du lịch và kinh doanh của tôi 
để thay đổi được suy nghĩ 
ảnh hưởng của nó rõ ràng là nó 
đây là đã có những gì đã xảy ra là 
với thông tin mạng Internet là một cuộc cách mạng xã hội của chúng ta trong mỗi xentimét khối của tất cả chúng ta hãy nhìn vào hình dạng đó 
nhưng cho chính phủ mọi hình trà là đang không phải là 
vì vậy, làm thế nào bạn 
tôi đã thay đổi lớn nhất là có 3 chủ và tôi nghĩ rằng 
và nói transparency sự lựa chọn và mở rộng và trách nhiệm giải thích là 3 
và nó thật người của chúng ta có thể cho chúng ta có thể nghĩ rằng 
&amp;quot; transparency nhận về điều đang đi vào trang web của chúng ta có thể là Playtime Computing 
bang âm nhạc là trách nhiệm và các 
nhưng ngày xưa chỉ có chính phủ nắm thông tin quản lý bởi vì chúng tôi đã 
và để kiểm tra cho câu hỏi tôi và tôi có thể có 
và bạn chọn một vài người bạn của tôi 
nhưng đây là một bang của Hoa Kỳ những trang web của tôi là 
và bang của chính phủ đã dùng thuế của tất cả về 
chúng ta có thể tìm kiếm và phân tích liệu chúng ta có thể 
điều đó có nhiều sự thay đổi lớn có nghĩa là chúng ta nghĩ là chúng ta hãy thử 
công cộng sự nghiệp của chính phủ nhận tôi vào một chú cái chúng ta nghĩ về tất cả các công ty 
tình trạng ngân sách của tôi biết là 
tốt hơn một dịch vụ này có thể có cung cấp rẻ hơn là những người suy nghĩ 
và đây là lấy thông tin là 
là cuộc cách mạng thông tin cho thế giới kinh doanh là những gì đang diễn ra nếu bạn so sánh 
về chính phủ và là một thế giới 
ở đây chúng tôi đã bắt đầu là 
và điều đó thật transparency &amp;quot;Tôi thực sự có thể được ảnh hưởng của nó biết đó không phải 
ở Anh, chúng tôi có Đảng phe bảo thủ cho cuộc bầu cử đã giành chiến thắng 
của chính phủ mục tiêu là 25 nghìn bảng Anh có hơn tất cả những gì 
online và công bố ở bất cứ ai cũng có thể kiểm tra. như chúng ta có thể dự định 
và ngày nay, lần đầu tiên là biểu hiện 
và phát triển của chính phủ và chú và nội dung của những điều kiện. 
có ai mạng Internet là bạn có thể thấy và 
chi phí màn biểu diễn chúng để không chỉ là 
chúng tôi có cuộc sống của lớn cải thiện và tôi nghĩ rằng 
sau đó chúng tôi gọi là sự lựa chọn và gần đây, và mua sản phẩm như so sánh với các bạn có thể làm gì với mạng Internet và đó là 
phúc lợi xã hội y tế và giáo dục an trị không hoạt động như thế nào? 
dịch vụ công cộng cho cuộc cách mạng 於 chúng vẫn còn trên bề mặt của những hành động của nó 
nhưng sau đó tôi đang thay đổi lớn nhất của nó sẽ là 
chúng tôi là một quốc gia của cuộc cách mạng thông tin và sử dụng 
thay đổi này đang xảy ra khi chúng tôi nghĩ rằng 
ví dụ như khả năng tìm kiếm những y tế trang web của tôi là những kết quả phẫu thuật 
bác sĩ và bệnh viện thông tin về vệ sinh được thông tin 
những người bị nhiễm của bệnh viện quyết định làm thế nào nhất 
tôi có sức khỏe trong Bộ nhưng họ đã không được thông tin 
và công bố thông thường là không thể 
tiếp theo của ba giải thích là trách nhiệm về 
và đó là một sự thay đổi to lớn của tôi nghĩ là 
&amp;quot;Tôi là bản đồ tội phạm và Chicago đây là 
ví dụ, đây là hệ thống của tôi là như thế nào? tội phạm đang xảy ra trong 
thông tin đang nắm là những con người của chính phủ có thể sử dụng 
cảnh sát mở thêm trách nhiệm của chúng ta phải một tình trạng 
và hệ thống này có thể sử dụng được cải thiện, 
tôi là người như thế nào? 
và để tội phạm mà chúng tôi lấy thông tin 
những công dân thời gian đó 
cảnh sát trách nhiệm của chúng ta hỏi chúng ta có thể là 
đây là cái máy chết như tượng màu xanh có 
đây là những sự kiện đã nhìn thấy 
đây là một tội ác nào là những gì đang xảy ra và bạn có thể 
cùng lúc đó, bạn không giải thích của cảnh sát trách nhiệm cơ hội hỏi là 
giống như tôi nói, transparency trách nhiệm và là một sự lựa chọn bạn mở rộng 
sự thay đổi to lớn và 
và chúng tôi là một nguyên lý là 
mọi người hiểu về bản chất của con người và nếu chúng ta 
nhiều hơn là chúng ta có thể đạt được điều này có thể làm 
để chúng ta cần phải làm điều đó đã nói chuyện 
chúng ta hành động của con người về khoa học 
vượt bậc, tiến bộ của tôi 
đây là kiến thức và nhiều thông tin cho mục đích sử dụng một cơ hội và 
những gì chúng ta hành động của chúng ta học chuyên gia về hệ hợp tác và di chuyển 
tất cả những mối quan hệ nhân quả: rõ ràng để thử nghiệm và 
và các chuyên gia nói trợ giúp từ và 
và đây là ưa thích của tôi đang rất và ví dụ về điều này. 
chúng tôi muốn mọi người tiết kiệm năng lượng, sống không muốn và 
và ánh sáng và nhiệt giảm chi phí thời nhiên liệu khan hiếm và giải quyết 
khí thải carbon, của chúng ta có thể giảm từ 
và đó là khả năng làm thế nào không? 
chính phủ năm, tôi 蒙 啓 làm hoạt động 
ra khỏi nhà và tắt đèn sẽ xảy ra với tôi 
răng của cô ấy đánh răng. điện cho không cần phải 
có một bộ trưởng 云 tôi đã có 
và cũng có thể kéo dài lâu dài và tôi không nghĩ tới 
nhưng hãy nhìn điều này rất đơn giản là kinh tế học hành động và 
thế hệ điện được giảm đến một cách hiệu quả. 
tình trạng có tự trả họ đang 
những người hàng xóm không trả họ đang và 
tiết kiệm năng lượng, mạnh của ý thức, 30 4 bốn người trả vì đang không nhìn thấy là 
đây là kinh tế học hành động 
chính phủ thủy thủy nhạc sĩ đã kiện đáng, tôi 
và tập trung và không có thể chạm tới không thay đổi những con người muốn hành động 
không thể thay đổi chúng ta có thể 
ví dụ khác là tái chế, có hoạt động và 
và tái chế và bởi vì bất cứ ai cũng có thể ta biết rằng 
nhưng làm sao để thực sự tái chế, không phải không? 
thực ra là Mỹ bằng chứng của tôi trả tiền tái chế, vì 
chúng không phải là 鞭 飴 nếu không có 
hành động của con người có thể thay đổi lớn 
điều này có nghĩa là gì? 
trong quá khứ, 50 năm ở Mỹ và tôi yêu thích ở đây là hai 
đầu tiên, bạn biết về một 且 đơn giản mạnh mẽ. 
tên là John T, Kennedy trong là 
và những gì có thể giúp chúng ta hỏi chúng tôi không phải là những quốc gia của mình đang làm gì với chúng ta có thể như câu nói 
thực sự không có đức hạnh. là ngôn ngữ 
nhưng thực tế Kennedy bài diễn thuyết của tôi 
tốt hơn và lành tạo ra một xã hội chúng ta có thể làm gì? 
trong cuộc chiến của đất nước này, nếu bạn có thể chết vì tôi có thể là 
những quốc gia nhiệm và nhân công việc của tôi có thể có 
nhưng đây là thời gian của chúng tôi cho các bạn đang cầm như 
hơn và lành để xây dựng xã hội cần đủ thông tin và kiến thức và không phải là tôi 
và đó là tên trái -- T, Kennedy trên một bài diễn thuyết của bạn sẽ rất tuyệt vời. 
biểu diễn giải một phần của tôi đọc, tôi nghĩ 
đây là của Robert Kennedy như bài 
tôi muốn bắt đầu như tôi đã có tiền cuộc sống không phải là tất cả 
ngoài tiền và ước tính của chúng ta có đang giải 
ADN từ máy Google có một sự thật của tôi 
được xem là giải thích là 
Google máy DNA là sức khỏe của trẻ em có không 
có chất lượng của giáo dục chơi và của tôi là bao gồm cả không 
đó là một bài thơ của thực hiện có vẻ đẹp của vợ chồng có giá cả 
mọi người tranh luận dân được thông minh và không 
và DNA GDP tính của chúng tôi có thể biết dũng cảm 
tri thức chỉ có thể học 
và chúng tôi đã ở trong tình yêu và lòng trắc ẩn tim bạn có thể không đồng hồ 
và DNA GDP tính cho thấy và cuối cùng, 
trong cuộc sống có ý nghĩa của điều này không chỉ là 
đây là 40 năm trước khi hoàn hảo được thực hiện cớ là ngôn ngữ 
40 năm trước đẹp là một lý tưởng 
hiện nay chúng ta có công nghệ thông tin tuyệt vời của sự tiến bộ 
nền kinh tế học hành động cảm và sự thay đổi 
phúc lợi xã hội phải có kiến thức và 
và nhận thấy sự kết hợp 
người có thể làm gì và hành động của chúng tôi hiểu như 
những người bản chất của những người hiểu và sử dụng thông tin 
mọi người được trao quyền, nếu 
40 năm trước tuyệt vời là bài tôi nói rằng lý tưởng 
bây giờ là một tay của chúng ta quăng đơn giản vì tình trạng của bạn 
cảm ơn đã 

đó là những video khoảnh khắc của tôi là cao nhất 
và đây là chia sẻ trải nghiệm là 
với những phụ nữ 1 chút đây hơi đáng sợ. 
nó không chỉ là tình trạng của 
một 旦 được chia sẻ và ngộ nghĩnh, 
cười tình huống có thể đã là một từ 
một chiếc tàu điện 6 giờ của 
thứ 3 của tôi tới trạm dừng xe tiến tới 

tôi hồi còn công việc của tôi là 
những người tình nguyện lính cứu hỏa hoạt động của trong là cả hai. 
quy mô lớn 
với sự khoan dung cha mẹ không phải là một hoạt động và chúng tôi đã 
nhưng đồng thời, những cá nhân của đơn vị 
và sự dũng cảm và hành động của chúng tôi đã 
và tôi học được là 
chúng ta là rất quan trọng là 
điều này trong 
đã thành công lớn cho con người 
thành công và chúng tôi sẽ có một người 
tôi nghĩ là 
tôi nhớ và 
tôi đang đợi không chỉ là 
đầu tiên là có 100 triệu đô la là kiếm nhiều tiền từ 
có ai đó thay đổi cuộc sống của hầu như đang đợi điều đó 
được cho là nếu bạn có thể 
và bây giờ hãy cho 
炊 có thực phẩm là nên gần khu vườn dọn 
để tham khảo Airstream. là 
ai đó giải cứu cuộc sống của chúng ta cơ hội 
mỗi ngày là tôi không có 
có ai đó ảnh hưởng tới là cơ hội và mỗi ngày 
và hắn mất cơ hội được giải cứu đôi giày đầu tiên là 
cảm ơn. 

nhưng anh ấy tôi lấy kim tự tháp đang thực hiện thời 
tôi có ý nói về những con đường trước mắt 
đứng sau chúng tôi gọi là con đường 
và may mắn có Chúa phụ nữ của sự sống 
thất bại sẽ không của sự sống vận chuyển và để có được nhiệm 
và đây là từ không cười và định mệnh của chúng ta đang bị nghi ngờ 
từ thời của tôi đã nói, 
thắng thua bản thân không có ánh sáng trên đầu người nói rằng 
mỗi ngày trong chiến thắng vì chúng tôi đã được 
những người đang chiến thắng là một cơ hội có xe đang 
nhưng chúng không dự bị 
chiến thắng trong tất cả để linh 
cơ hội 逢 ra không phải chỉ là 
người gốc rễ của chúng ta không có cơ hội 
những người khác để tiếp tục với cơ hội 
tôi nhận được gói nó vẫn tiếp tục với cơ hội 
và chiến thắng là năng lượng dự vạch đích. và 
có lẽ những giấc mơ của chúng ta hi vọng 
hy vọng các bạn có những lời cầu nguyện 
nhưng tôi sẽ thua rơi không sợ là 
tất cả các ném dũng cảm và nếu chúng ta có một bản thân và bạn có thể 
hơn là tìm kiếm 
và tất cả các bạn không chiến thắng không xa, 
bởi vì đó là sự may mắn là sai khi nào chúng ta có thể không và sáng tạo. 
và định mệnh tôi đã không nằm trong tay -- 
khi con đường có thật sự mở cửa tự tin của chúng ta có thể là 
cha tôi là chúng ta đã dạy tôi nghĩ không 
痴 khá vô lý, nhưng không phải cho lời nói và dịch 
và điều gì sẽ bay bên ngoài của nó 
chúng ta có thể và tạo ra 
không ai có thể hơn vì chỉ 
không ai có thể bạn 
và tôi nói, &amp;quot; chiến thắng trong số chúng tôi đã không làm việc 
&amp;quot;Tôi là một chiến thắng và miệng. 
nhiều hơn những điểm rất cho một trận thua khi tôi 
có một thời điểm thấp là thắng có 
chúng ta có cơ hội 
và tôi không nghĩ chúng tôi đã có mặt ở 
tôi chọn một người sau trận 
và có khuôn mặt và tôi muốn 
tôi luôn nói &amp;quot; chơi đã kết thúc 
kết quả của những người không biết bạn gặp 
chọn một khuôn mặt của chúng ta từ màu sắc và kết quả không được biết đến như 
có rất nhiều điểm giống như đang không có mối quan hệ 
nó thực sự là rất quan trọng nhất là 
nếu bạn đã nỗ lực không được 
và kết quả là tự và chỉ là những thứ 
bản thân như thế nào chúng tôi không phải là 
làm thế nào chúng ta có thể 
và nó có thể 
và tôi hi vọng là tôi 
khi bạn nhận ra một thứ khác nữa là chúng tôi đã có 
kết quả là nó 
như tôi đã thử một vài điểm của tôi 
chỉ là một tác dụng phụ. 
thật không phải là kết quả 
tôi tin là 
một nhà triết học của chúng ta có 
và liệu ông có chiếc xe 
và mục đích và đường hành tinh như chúng ta có thể nói 
đây là tôi thích nó 
tiến tới con đường nhiều và tôi không có gì là có rất nhiều 
nhưng cũng có một con đường vui 
UE: L-Dopa, CD của huấn luyện viên đang luyện và đã nhất 
trận đấu đến cuối cùng kết thúc chỉ kết quả 
và tôi chỉ ở ngồi của họ nhìn thấy chỉ bảo vệ 
và đây là công việc của chúng ta có thể biết ý nghĩa 
và một tuần của 
vì vậy chúng tôi chọn một cách tự mãn nhớ 
và đó là một nỗ lực của 
hãy cho là 
có chúng chọn một 
ai biết nhất lắng nghe tôi 
tôi được câu trả lời không 
một là một nghĩ 
có thời điểm 
và nếu có ai đó có thể chọn thành vỗ tay 
và nếu tôi chọn không chọn một thế là tôi có thể có 
và thế là tôi và tôi nói, &amp;quot;Tại sao mình ở UCLA, chúng tôi biết những người 
giáo dục là ông ấy là nhất 
và chúng ta biết 
nhưng ông ấy cũng là cầu thủ như tôi 
suy nghĩ của tôi 
các giao diện người là nhà vô địch thống họ có thể chiến thắng. 
nhưng không phải là cuộc tấn công và không chỉ 
là chủ nghĩa không chỉ của 
và một điều hơn chúng tôi có thể là quan trọng. 
và chúng ta có thể khuôn mẫu của chúng 

đơn giản là 
và đó là một cây cầu và xây 桟 hay không? 
các bạn một chút về nhà và kết thúc từ hãy 
đặc biệt là không có, có thể thấy một chút đỉnh sẽ 
và đây là rất lớn và rất khó để thay vì 
các bạn thấy không? 
khán giả là : 
trước khi chúng tôi đã đi đến sau và không? khá là lớn. 
thí nghiệm của anh ta là một nhà thí nghiệm, 
thời gian trung bình 15 là nửa giây. 
tôi thích thí nghiệm của tôi là đây là kết thúc, tôi sẽ 
bởi vì nó chỉ đơn giản là không có biết rõ ràng là quan trọng 
đó là những người không nhìn thấy không? chỉ là những người không biết không? 
và chơi bóng trên cánh của cho động gì không? 

và những người có nhiều sự cởi mở và -- 
mọi người ở TED sẽ giúp chúng ta không giải quyết 
hầu hết những người ở TED là gì? -- 
và hãy 
và xã hội với vấn đề 
đây là một cô con đường từ bên trái 
phái bảo thủ, và từ đó 
như nhiều người theo chủ nghĩa tự do là và nghe 
và sẽ giơ tay lên bạn 
đã có trong phòng và 
và đó là 
phe tự do trong cô con đường bên trái có 
cao heo? Giơ 
là những người theo chủ nghĩa tự do có 
là khoảng 25 ... và những người 
phái bảo thủ, cô là một trong những con người phải không? 
12 3 45 gần... khoảng 8 người là 10 người 
đây là bạn như bị gây hoang mang. đó -- 
của TED &amp;quot;Tôi mục tiêu. sâu sắc hơn và hiểu thế giới 
bởi vì đó là 
của đạo đức sự đa dạng thể thiếu của tôi là 
cùng những giá trị đạo đức của mọi người sẽ 
đội có đội có tâm lý và chúng ta đang sống -- 
kinh Koran linh hoạt, uyển chuyển những suy nghĩ và 
và năm 2004, tôi đã có 20 năm thất của nó 
đây là đội Jill và niềm an ủi 

nhưng đây là một đầu tiên là vào ngày thứ Sáu. 
đã có gì là gì? 
♫ Chúng tôi có là một blog của rất nhiều người đã nói về vấn đề là 
đây là một trong số 3 bài Yeah, ngoài Michael tên là Nelson Mandela 
đó là những video bạn&amp;quot;. đối với chúng tôi mới là những người đầu tiên là 
rất quan trọng là một người là một trong số đông. 
trào lưu, những người khi nhìn thấy 
và đó là có rất nhiều người nói cho bạn một quá trình đang gia tốc, điều này 
và đó là một vòng tròn của mạng để chia sẻ 
cộng đồng nó 
điều đó không nói về vấn đề đó là những gì và bạn bắt đầu 
bây giờ các video trên Youtube có &amp;quot;Friday&amp;quot; của cuốn sách có hơn 10.000 và 
một tuần sau đó là 
mỗi ngày thứ của và có thể đã 

tôi có khoảng 40 năm trước khi đến đây 
thiết kế hạnh phúc là mối quan hệ của chúng ta nói về chúng 
và sau cuối của câu nói, đây là một cuộc sống của chúng tôi đã học được gọi là tên của một danh sách của tôi đã không 
kể từ đó tôi hầu hết chúng ta có thể tăng thêm thể học được không 

chúng tôi đã phát minh ra là 
là một công ty của tôi 
là những khu vực khác nhau. 
nhiều công nghệ mới và phát minh ra là 
và tôi có 2 lý do. 
chúng tôi đã phát minh chơi và 
phát minh ra tôi rất vui là 
và tôi đã phát minh lợi nhuận của chúng tôi cũng là 
điều này có liên quan đến 2 đang 
thu được lợi nhuận là lâu hơn là chúng tôi 
vui không phải là 
vì vậy chúng tôi đã có rất nhiều những điều 
và tất cả những lợi nhuận 
là một phát minh và 
theo một mục đích là phát minh ra chương trình chúng tôi có thể 
nhà phát minh cao nhất mà chúng ta làm là 
và thế giới có thể nghĩ về vấn đề 
thế là giải quyết những ý tưởng của chúng ta không nghĩ rằng nó 
chúng ta có thể giải quyết các vấn đề như chúng ta có thể 
quả là một kỹ thuật 
không phải một phần của với tìm kiếm 
đó là một vấn đề là 
không thông minh nhất với những người Bill Gates -- 
ông ấy là một công việc của chúng ta có thể đã đầu tư Ira Magaziner, đang 
và sau đó chúng tôi đã có một vấn đề 
rất rất đơn giản giải thích 
phát triển phần trong cả nước. 
hai có các bạn và tôi nghĩ rằng 
tiêm chúng, là vệ sinh, tôi 
và quan trọng là công nghệ 
những thứ tuyệt vời là 
các nước đang phát triển một loại vắc xin có rất nhiều 
được dùng cái, trước và 
vắc xin đã bỏ tất cả các bạn cần để 
hầu hết những vắc xin và làm lạnh, chúng ta cần 
lạnh không phải là thời gian ngắn cái, và 
nhưng đây là một ổn định mạng lưới điện không nói chuyện với khó khăn là 
và kết quả những đứa trẻ đang chết vì 
vắc xin không lãng phí của chúng ta không phải là 
những đứa trẻ để tiêm chủng từ những 
vắc xin này và 
nếu bạn may mắn được 
loại bong bóng phát triển của chiếc hộp đang sử dụng và người điều khoản 
để tôi đi và vận chuyển 
chúng tôi có một cách khác, tôi đã nghĩ ra 
phát triển một loại bong bóng của một cái hộp để băng 4 tiếng 
với một lạnh bảo chúng ta có thể 
nhưng điều đó không phải là đủ với chúng tôi đã nghĩ rằng 
và sau đó tôi đã tạo ra đây là 
đây là không có điện 6 tháng và chúng ta 
không mất 5 watt là ít hơn 
là hoàn toàn điện 
không cần 
đây là thế hệ thứ 2 mẫu. là 
hiện tại của thế hệ thứ 3 nguyên mẫu 
Uganda thử nghiệm là đã 
điều này thực sự của 2 chúng ta chìa khóa 
tôi có một ý tưởng đã 
chất lỏng, và 窒 lỏng helium của bảo tồn 
thiết bị giữ lạnh như 
rất khó để nhiệt độ cao 
tôi không phải là 1 
một ý tưởng đó sẽ không thú vị là 
trong khi nó không thể đó là 
phát chạm vào trong nếu như bạn đã 
có nhiệt một trò chơi điện tử ban Úc và 
vì vậy nó là một khía cạnh của tự động của bán như đang 
từ đó lọ mứt; của chúng ta có 
đơn giản là không có ý tưởng 
Châu Phi và các vùng khác với vắc xin của chúng ta có thể chuyển 
có thể thay đổi và chúng tôi hi vọng 
sốt rét nói chuyện sẽ tiến bộ 
sốt rét là vệ sinh, những vấn đề lớn nhất là một trong những 
xóa Pháp thần mà tôi đang nói chuyện với tôi 
200 triệu năm 5 triệu người bệnh sốt rét ra 
4 30 giây của một đứa trẻ ở châu Phi đã chết 
tôi đang nói với người chết 27 này 
và đó thực sự với những gì chúng ta có 
đây là chúng tôi đã thực sự là dữ liệu, nên chúng tôi không phải 
và tôi đã nói một điều 
như Haiti, không có bi kịch 
chúng ta phản ứng 
sốt rét đã bi kịch và từ đó là 
chúng tôi nghĩ tôi có thể làm gì không? 
sốt rét và giải quyết vấn đề của tôi 
và trong nhiều năm chúng ta có thể làm được 
thuốc độc dùng để có thể có một vấn đề môi trường và cuộc sống 
và điều trị 啓 蒙 giống như là 
tuyệt vời có ở đây là bệnh sốt rét là thực sự là những khu vực tồi 
có một hệ thống chăm sóc y tế và 
vắc xin của tuyệt vời là 
vẫn có hiệu quả không có 
năm nghiên cứu được tiếp tục khoảng 2 điều rất thú vị và các ứng viên và 
sốt rét và tạo ra vắc xin này rất là khó khăn 
300$. phân phối -- và bạn có thể là 
màn rất có hiệu quả và và màn chống muỗi không sử dụng 
và bắt cá được sử dụng và 
và đưa chúng ta có thể không phải là 
và màn chống muỗi sốt rét là giảm nó, 
có hiệu quả là 
là một màn chống muỗi sốt rét và xóa bỏ dịch bệnh này chúng ta không thể 
sốt rét là 
rất phức tạp hơn là bệnh 
đó là thời gian có thể nói chuyện với nhiều 
các hình của lối sống như đang 
có một mối quan hệ với 1 lá gan khi 
trong và xâm chiếm 
và bệnh phức tạp là 
chúng tôi đã thực sự là chúng ta quan tâm tới 
Barriceli đã điều này là 
có khả năng tôi nghĩ cách rất nhiều 
một cách tốt hơn để chẩn đoán là 
đây là những nguyên mẫu 
vào năm nay tôi muốn tạo ra tôi nghĩ 
một trong những tiểu đường nhiều đường như đồng hồ 
và tự động sốt rét để chẩn đoán là 
có một máu 滴 
và đặt vào và tự động có thể trả lời là 
hiện nay, chúng tôi đã bước vào một thí nghiệm không đi theo một tay 
rất nhiều kính hiển vi slide để tạo ra 
được đào tạo những con người có thể thấy chúng ta cần 
để máu thay vì nếu bạn kinh tế 
vì vậy 
qua mắt 
trắng máu mắt nhìn vào 
thay vì thu hút máu. 
cho chúng ta có thể kiểm tra nhưng nó không phải là 
bạn có thể là một sàn móng là có thể. 
thông qua móng nhìn thấy máu bạn có thể 
mạch máu nếu bạn nhìn thấy sốt rét chúng ta có thể là 
nếu bạn nhìn thấy trong 
mua mô phỏng bay với những phân tử là 
đây là một số bệnh sốt rét, của cuộc sống và được hoàn thành 
rất thú vị kết tinh có cấu trúc là vật chất 
thực sự, các nhà vật lý rất thú vị là 
sử dụng điều này có thể có rất nhiều là 
đây là một giao diện của chúng tôi trò ở Ấn Độ thành tia laser là trong phòng thí nghiệm 
hệ thống giao diện dự một giây 
những nhà sáng tạo nên 
thực sự thực sự là một đoạn phim ngắn 
sóng ánh sáng trong một phút của dài 
những ánh sáng mà 
một ánh sáng của một đứa trẻ 
cùng lúc đó, và có lẽ là một 
rất đỉnh cao ra và có sức mạnh 
đó là và dĩ nhiên, chúng ta có thể có 
việc mua mô phỏng bay tìm được sử dụng của nó 
đây là hình ảnh của trong màu đỏ là 
trong màu đỏ trong 
đây là mô phỏng bay mua này có sốt rét đã và đang 
và tôi có thể 
đây là kỹ 
và ánh sáng khác về khoa học kĩ thuật sử dụng 
có thể chẩn đoán và tôi nghĩ rằng 
mô hình bay mua khác nữa chúng tôi sử dụng 
chữa bệnh sốt rét và luật pháp 
và trong trường hợp khẩn cấp. 
từ máu ký sinh trùng sốt rét và lọc để loại bỏ điều 
một xác chắn, giống như là 
mọi người độc của những sinh vật và tăng 
đây là 10 của máy siêu máy tính là 
chúng ta có phần mềm có thể là nhà 
không có vấn đề với 
nhưng phần mềm này là chúng ta 
họ muốn xóa bỏ dịch bệnh 
và giảm là 
vấn đề gì với hiệu quả nhất không biết điều này là 
màn chống muỗi có thể nói với tôi 
300$. nào bạn có thể sử dụng những điều tốt nhất là 
bạn có thể phân của ngành dược 
của những loại thuốc 
không có gì khác nhau đối với tôi là 
chúng tôi đã rất có hiệu quả là 
làm thế nào bạn biết không? 
và chúng tôi đã siêu máy tính sử dụng 
giỏi nhất trên thế giới sốt rét mô hình của chúng tôi tạo ra 
và sau đó bạn sẽ có 
tôi đã chọn Madagascar, là 
và tất cả con đường 
tất cả những ngôi làng 
hầu hết vuông. inch của đơn vị Madagascar, thông tin của nó 
đi mưa có dữ liệu 
nhiệt độ có dữ liệu và 
điều này rất quan trọng lượng mưa 湿 và đi từ 
và một con muỗi trứng 
và chúng tôi có thể có những quyết định 
đây là một sân khấu.&amp;quot; đã tổ 
và sau đó tôi đã giới thiệu một con muỗi và 
con muỗi như thế này hơn, 
mô hình này và 
và cuối cùng của bạn đạt được điều đó 
Madagascar, khi 
sốt rét là một tình huống 
mưa và nửa sau của tôi 
vào một thời kỳ khô, đã 
và khô, hầu như không có 
khi những con muỗi có trứng sản là nơi chúng tôi không phải là 
và sau đó năm sau khi tôi lại thực sự là 
những người làm là 
thực sự làm nhiệm trước 
phần mềm này là một trong hàng ngàn lần 
sốt rét và xóa bỏ dịch bệnh để điều khiển 
kinh tế ở nhà văn và đồng thời, 
màn đó chỉ là phân và nó có thể 
và xã hội văn cửa nhà bạn 
xã hội có lo xảy ra như giống như là 
chúng tôi là kẻ thù và nghiên cứu nó 
đây là những con muỗi 
tốc độ cao camera và một đoạn phim 
sau này 
bầu không khí và có một dòng 
những con muỗi đập cánh. xung quanh các dòng không khí 
là tia laser không phát sáng và các phân tử siêu và 
minh họa đang 
khi những con muỗi có bay và làm thế nào chúng ta có thể biết 
và nếu chúng ta có thể bay không biết là 
bạn không phải là một phương pháp 
là Rachel Carson và DDT, 
đây là một quảng cáo 
chúng tôi tạo ra không phải là 
vì trước đây là chủ yếu là công cụ thực sự là rất nhiều quốc gia 
sốt rét rất như bị xóa bỏ dịch bệnh này 
Mỹ 19 3 đến 5 năm đã 
ở Mỹ, 15 triệu năm 
sốt rét và các bệnh nhân đã 
Rachel Carson và DDT, chúng với không cải thiện vệ sinh, cũng như nỗ lực của 
được chữa trị tận gốc, 
vì vậy chúng ta nên xử lý của chúng ta 
ký sinh trùng sốt rét là về 
bạn có thể có tất cả những điều chúng tôi đã 
là với con muỗi có thể làm gì không? 
nhà sản xuất điện sử dụng New Zealang khác thì sao? 
điều này thật nực cười, tôi nghe nhưng nó không phải là 
đó là một thiết bị 
sử dụng khả năng có một điều thú vị tất nó 
một hình cho người chơi này 
rất rẻ tiền hơn, một thiết bị tia laser sẽ 
tia laser lại là tia laser nhóm 
rất chính xác là điều khiển dùng để có thể gõ vào dòng và 
và điều này trên một tờ giấy nhỏ vẽ điểm là 
và tất nhiên, chúng ta xử lý tưởng 
kĩ thuật số không camera có 
điều này và cùng nhau 
có thể bay tới các con muỗi là tia laser và bị bắn rớt. thì sao? 

