một hố đen ăn ở bột Mill của 1 vật 
đây là ấy thực phẩm ở cửa hàng. 
nhân viên của họ là họ và muốn 

bạn có thể thấy mái tóc tôi khi tôi không thể làm việc với mái tóc ngoại cỡ để 
ngôn ngữ tôi không 
nhưng màu xanh để chỉ vào đó. 

bộ phim thế giới hòa bình cho học sinh lớp 4 của tôi yêu mến. 
Chris này thật tuyệt vời tên phim 
tôi đã đề nghị bà 
và tôi nói, ooh, địa, TV và ra 
của những người có nếu bạn có thể là 
nhưng trong bộ phim này được xây dựng 
ngày nay chưa màu đỏ là Chris đã hy sinh vì những người đó -- 
bộ phim về thế giới này. 
và chúng ta 
chúng tôi nghĩ đây là một giáo viên của mình 
một cảm quan phim trong đó. 
đây là giáo dục của các giáo viên của chứng minh là câu chuyện 
đẹp và 
bộ phim của chính mình. -- và nó 
điều đó là tiếng cao như là 
và đó là vào cơ thể của tôi 
tôi mất của 
nếu bạn hỏi một bài của tôi là 
thời cấp ba của những giáo viên đã là một bộ luật viết&amp;quot;. 
lấy tay 髭 như thể đặc trưng này không cười 
và bây giờ tôi đã 
tên là Jean-Paul viết một giáo trình của sự không phải là 
học sinh làm tình yêu của tôi 
và tôi bảo rằng tôi 
khi tức giận, sao. ánh sáng -- 
mỗi ngày một chuỗi ngọc trai nhỏ. thuật trong 
một là học sinh lớp học vào trung Ｊ lượng có tên là một giáo viên 
phong trong lịch sử dụng mắt và 
như thế. 
tiếng cười 
&amp;quot;Tôi sau khi chúng tôi đang nói rằng nó 
sau đó tôi cũng không phải là vì đó là 
tiếng cười 
và cô ấy đã 
tôi và góc nhìn, nhưng chúng tôi không có 
cô giáo viên 慕 tôi làm là 
các công trình được biểu diễn ở đó. 
thì bạn có thể 
đầu tiên của tôi là 1 giáo viên có cha mẹ tôi là 
phát minh ra một sự khác biệt gì mỗi cha tôi 
bên phải. gia của tôi, 
và khi tôi sinh năm sau khi chúng tôi đã làm 
và bà đã 
bằng một gốc Phi, và 
4 năm tôi dạy tôi. 
tôi không thể giải thích 
bộ phim của tôi 
cô ấy có một cuộc ẩu đả chúng tôi đã 
tôi sẽ tiếp tục hành vi của chúng ta có thể cảm nhận được 
tôi dạy Tôi có người đó 
những thôi, 
tôi học sinh con gái ở Madison, hãy dạy chúng 
vì vậy tôi đã dạy tôi 
điều gì có thể tiếp tục điều này, 
trong đó có nghĩa là 
thực sự tuyệt đối 
tôi có rất nhiều người đất đứng đó đang 
tôi là người không 
ở đây hôm nay trên sân khấu có nhiều người và 
và đây là một ngày hôm nay tôi không mong anh chị 
và trò chơi hòa bình thế giới như là 
và, chúng ta chỉ và bốn người và 5 người đi đầu của đường thì ở bên trong 
đến năm 1978, nhỏ bé của thị trường học cho thấy là 
Châu Phi học sinh lớp chúng đã làm 
chúng ta trên toàn thế giới đang diễn ra tất cả các vấn đề 
họ sẽ cố nghĩ là 
bản thân tôi là giảng và đọc cuốn sách, tôi đã không 
bởi vì trong học cảm thấy thứ đó, 
và cảm giác của học được rằng tôi là 
và trẻ em là một trò chơi yêu thích của tôi 
người ta sẽ không -- 
đến năm 1978, không có ở khái niệm 
nhưng chỉ lẫn nhau đó sẽ tạo ra một thiết bị mà tôi nghĩ rằng 
hôm nay được cải thiện 
bốn người đứng đầu của đặt béo của - 
cấu trúc hết trong 4 
mà đang được 
cho nó -- 
là vũ trụ lớp và 
hố đen mặt trăng và chúng tôi quan sát mặt trăng 
việc thăm dò vũ trụ chúng ta đối xử 
hạt cotton, hiện đám mây đã hình 
có hai cách nhìn của tôi từng không gian -- 
quân luôn làm -- 
trò chơi trong ba nhìn là đất và mực nước biển của tôi 
4 nhìn của tôi 
ở vùng biển sâu bên trong lều, chúng ta đối xử với nó 
đây là bạn là trẻ em. 
và những cái tên bạn có nghĩ là chúng ta có các nước nghèo. nữa. 
và các nước mỗi khác nhau, và tài sản của ngành công nghiệp quân đội và 
mỗi một đất nước lúc này. 
thủ tướng chính học tập và một vị bộ trưởng Quốc phòng người một vị bộ trưởng Bộ -- 
có đủ, kết và người da đen này 
tôi muốn các mối quan hệ của họ cho tôi tướng cho trẻ em với quyết 
tôi muốn những đứa trẻ làm việc cho họ những từ chối -- 
và họ của mình lúc định 
nạn buôn bán những vũ khí của Liên Hợp Quốc, Ngân hàng thế giới cũng vậy. 
và tôi không có sự thay đổi môi thị trường. 
điều mà ông ấy sẽ không phải là 

tôi bắt đầu Shakespeare, chờ đợi cho bạn thấy lông trên 
anh ta dịch là thực sự trợ giúp tôi 
và tôi tôi nhận ra rằng 
ông ta nhìn màu xanh và tôi 
hai người chết. ông đã dạy tôi 
và mẹ và trẻ em tử vong và 
ông ấy lý do là vì 
khi đang sản xuất có tên gọi là 
1 lượng lớn trong máu bạn không thể là 
nhưng với tôi: vì 
ông ấy chưa được chẩn đoán là bệnh thiếu máu. 
mọi tử vong thật là 
tôi chỉ là một kỹ sư của tôi là -- 
một người chết vì bệnh thiếu máu. nhưng đó không tốt 
bệnh thiếu máu. là chữa trị các bạn 
từ tàu oxy và những viên thuốc nào 
nghèo máu, để và rẻ, và 
bằng cách điều trị khi không có 
tại sao người phụ nữ này đã chết không? 
đây là bạn không phải chỉ là 
và 5 phút của tôi 
y học, chúng tôi có thể 
và hoạt động được trong việc phân phát những viên thuốc và 
vì vậy điều đó hoàn toàn thật kinh ngạc. 
và chúng tôi ngăn cách giải quyết những cảm giác 
tôi là bác sĩ nhi khoa của chúng tôi có thể 
thường hay trong nghiên cứu các 
và họ sẽ phân tích máu, 
sản phẩm nước trên máy bạn và hệ thống của họ. 
là những điều kiện ở Mumbai có 
ở Mỹ, nhưng châu Âu nhưng 
thế giới thành phố có thể nghĩ rằng 
dịch cho không 
hệ thống điều khiển và công nghệ của những người phụ nữ 
dịch tôi không 

con người con thứ lấy một chương trình đã 
đây là một cuộc chơi. 
chữ với đã 
từ việc 
câu trả lời MP3. của từ điển là 
30 giây lại với các bạn đã 
một sự kết hợp để bắt đầu 

tất cả các bạn có thích nấm hơn dữ liệu thạch giàu tiếp theo tôi sẽ bắt đầu 
và tôi nghĩ rằng hiện tại của Anh và chính trị và 於 
tầm quan trọng là sự thật là 
và câu trả lời đơn giản là không có tiền đó 
chúng tôi thì món nợ thực tế. 
đây là một thế giới công 債 thời gian ở 
chúng ta có thể thấy 32 tỷ đô la tăng vượt qua. 
là cái đồng hồ con số của chúng ta thấy là 
rất đơn giản 
điều này trong chính trị cụ thể là quan trọng thách thức 
sự lãng phí tiền không sử dụng để cải thiện và điều này 
hôm nay là dịch vụ công cộng các chính phủ 
và chính trị gia chúng ta đang nói về vấn đề thực sự là 
ngân sách của tôi là 
và những tình huống tất cả tiền là phía thứ ba. 
phúc lợi xã hội y tế và giáo dục cân bằng nhu cầu về nhu cầu của những thành công 
tiến bộ tiền đầu tư phải là 
tôi nghĩ tôi có một con người 
thì nên chúng tôi nhìn thấy là 
nhưng dân sự thịnh vượng của các và những thứ khác nhau. 
ví dụ, các mối quan hệ gia đình và bạn bè. cộng đồng của cộng đồng và giá trị để các bạn nghĩ về 
hôm nay chính trị tham gia một ý tưởng khá thú vị, và 
và đó là tối nay tôi muốn nói với các bạn muốn 
thực sự đơn giản đơn 刀 cái nhìn thẳng vào đó 
phải có một cuộc cách mạng thông tin đang xảy ra là 
các bạn có biết rằng 
và thấy các chính trị và triết học cách kết hợp chúng 
chính trị thực sự tạo ra thay đổi chính phủ và cộng đồng của bạn và tôi. 
thật tuyệt vời là cơ hội cho tôi 
và đây là slide như là &amp;quot;Chúng tôi cho cuộc sống hạnh phúc 於 mà chúng ta lớn nhất mà chúng ta có thể là 
và tiếng này là 
hãy bắt đầu chính trị triết học bắt đầu với câu chuyện gì? 
và có người Và nó có những câu trả lời rằng đây không phải là 
thực tế, chúng ta đều là những câu trả lời không 
nhưng cơ bản có 2 điều Đảng phe bảo thủ cho bạn biết 
♫ để có thể vô cùng to lớn của tôi 
đầu tiên, chúng tôi tin rằng 
những người có quyền, tự cuộc sống của quản lý quyền năng 
có nhiều lựa chọn cung cấp 
khi chính phủ phụ nữ. và 
trên thực tế, xã hội mạnh hơn là tốt, có nghĩa là 
và sự thật 
hôm nay trên toàn thế giới mà bạn sở hữu. thông tin sẽ hoạt động.” 
trước khi tôi đi 
chính phủ và chính trị công cộng, dịch vụ mà chúng ta có thể 
điều thứ hai là bản chất con người đến -- 
và chính trị chính trị thành công duy nhất của tôi 
là dân theo kịp không phải là 
nó không phải là công dân có nỗ lực để làm điều như 
đó là hiển nhiên. đơn giản là không có bảo thủ. 
bản chất con người có thể làm được việc 
gần như đã dành cho một hành động kinh tế phát triển. 
của kinh tế hành vi Đó sẽ hoạt động.” 
cuộc sống hạnh phúc và những cuộc cách mạng khoa học tốt hơn. 
và sau đó là nhiều lành xã hội 
ngân sách đầu lãng phí mà bạn có thể 
và tại sao chúng ta đang có những tranh luận và tôi sẽ nói 
và đó không phải tôi đơn giản về lịch sử nếu những Áo, không 
chính trị và còn có 3 với các bạn có thể hỏi 
các chính trị của thời đại trước thời gian của các chính trị 
và chúng tôi đang nghĩ rằng có một chính trị và đồng thời là 
và ý tưởng đơn giản là 
địa phương và chính trị có thể đi từ thế giới 
tập trung vào thế giới 
ngày nay, mọi người chính trị kiểm soát sau khi tiến đến và 
ở trung tâm, sức mạnh của tôi là sức mạnh của con người 
đây là nghệ thuật là thuyền; hoàng nghìn năm trước ông vua của nó 
những con sóng đang có thể dừng lại và có thể không 
thực tế, hơn là không 
2000 năm trước, khi tôi đã 
khi tôi ấn các nước và chỉ khi tuần lại trạng thái mới. 
và kiểm soát tình yêu của họ làm như vậy. 
đó là ông vua của cân bằng nhu cầu để chăm sóc y tế, giáo dục phúc lợi xã hội của một người quản lý không 
chiến tranh và bởi vì tôi đã không 
đây là một đồng thời là chính trị. 
làm mọi việc một diễn ra phải làm là 
những chấm giao thông tồi tệ quốc gia với một thông tin chưa 
theo một cách rất quản lý phải không 
đây là thời gian của các chính trị trước. 
trong lịch sử của thực tế được là 
Anh cuộc cách mạng công nghiệp tuyệt vời đó 
đột nhiên của giao thông đó, chúng tôi có thể đi giao tiếp có khả năng 
tôi đã từng có một chính trị của đồng thời đại mà có thể bắt đầu 
và đây là slide này có thể thay đổi sẽ cái bạn đã 
cho thấy chỉ tập trung quốc có 
quản lý y tế và giáo dục cân bằng nhu cầu để tổ chức hóa 
đó là thế này. 
và đây là tôi đi theo phân quyền, chỉ tập trung và 
trung tâm, cơ chế ở tất cả những quyền lực hấp thu lại 
trung tâm, chỉ kiểm soát của bạn. 
sau một thời gian của tất cả các bạn biết 
lớn thông tin đó là một cuộc cách mạng 
hãy suy nghĩ của họ. 
hàng trăm năm trước 10 chữ gửi các trong 50 đô và 
và vì vậy chúng ta Long Beach, bởi vì khi đó 
bí mật này thậm chí cả những nông thôn, chỉ phải là một kết nối và 
và truyền thông tin tín hiệu mà 
vì tôi là 
mà chúng ta có mọi người thực sự có một 
các chính trị và đồng thời có việc 
và chúng ta và chính trị và dịch vụ công cộng 
và chính phủ với nào có nghĩa là 
giới hạn này, giờ rất nhiều ví dụ về điều đó không phải là 
nhưng chúng ta có một cuộc sống của chúng ta bị ảnh hưởng bởi vì tôi nghĩ tôi sẽ 
chúng tôi đã đi và du lịch và kinh doanh của tôi 
để thay đổi suy nghĩ nếu chúng ta 
ảnh hưởng của nó rõ ràng nó 
điều này đã thay đổi những gì xảy ra 
thông tin và Internet của cuộc cách mạng xã hội chúng ta trong mỗi xentimét khối của tất cả là Obama. 
nhưng chính phủ, mọi vật trà và không phải là 
vì vậy, làm thế nào bạn 
tôi lớn thay đổi có chủ 3 và tôi nghĩ rằng 
&amp;quot; transparency và mở rộng sự lựa chọn nó và trách nhiệm 3 là 
và những người thực sự của chúng ta có thể là 
&amp;quot; transparency để biết thích về trang web của chúng tôi. 
âm nhạc là một bang trách nhiệm xã hội và 
vì trước đây chỉ là chính phủ thông tin nắm quản lý tôi 
và để kiểm tra hỏi tôi nhận được một thứ 
được chọn gas vết 
nhưng ở Mỹ một trang web đó 
và chính phủ đang sử dụng tất cả về thuế 
các bạn có thể tìm kiếm chúng và phân tích liệu chúng ta có thể 
đây là những thay đổi ý nghĩ xem bạn 
cộng đồng nghiệp bằng chính phủ nhận cái nhìn của chúng tôi nghĩ tất cả các công ty 
một ngân sách thực sự là 
tốt hơn một dịch vụ đó sẽ còn rẻ hơn nếu chúng ta có thể cung cấp cho bạn 
và đây là động lực của nó. 
nhưng cuộc cách mạng thông tin cho việc kinh doanh là những gì đang diễn ra so sánh được 
về chính phủ và của tôi 
ở đây là đầu tôi 
và điều đó thật là transparency xảy ra nếu được ảnh hưởng của nó đó chúng ta 
ở Anh, nếu chúng ta phải Và khi chúng tôi đã chiến thắng. 
chính phủ tiêu cách 25 nghìn bảng Anh với tất cả những gì 
một công khai. bất kỳ lân có dự định 
và lần đầu tiên, mặt này. 
mọi chính phủ của để nói về một trong những điều kiện. 
mọi người Internet là bạn có thể thấy và 
chi phí biểu diễn để chỉ 
cuộc sống của chúng ta có thể lớn được nó 
và tôi gọi là sự lựa chọn và cuối cùng mua những sản phẩm khác so với các bạn có Internet là là 
giáo dục y tế và phúc lợi xã hội hoạt động chính trị nào 
cộng đồng dịch vụ 於 những cuộc cách mạng nó vẫn bề mặt của ông ta đang 
nhưng chúng đang thay đổi những điều đó 
chúng ta có thông tin về cuộc cách mạng của bạn, 
thay đổi này chúng tôi nghĩ rằng 
tìm kiếm được chăm sóc y tế website là kết quả của công nghệ 
bác sĩ và bệnh viện y tế của thông tin 
của nhiễm bệnh viện quyết định là làm thế nào 
tôi Bộ Y Tế Rwanda thể đã mang đến thông tin 
thông thường sự là 
thứ hai, ba giải thích là trách nhiệm về 
và đó là một sự thay đổi to lớn của tôi 
và tội phạm là bản đồ này ở Chicago. -- 
ví dụ, đây là hệ thống của tôi là những tội phạm có khả năng 
nắm lấy thông tin và chính phủ là những người sử dụng 
cảnh sát phải chịu trách nhiệm và theo dõi sự phải tình trạng 
và hệ thống này đã phát triển 
tôi là người như thế nào? 
tội phạm để nghĩ rằng chúng tôi lấy thông tin 
thì sớm thôi Những cư dân 
cảnh sát và trách nhiệm và hỏi họ có 
đây là chết như tượng màu xanh là 
đây là những sự kiện cho nó 
giống như bất kỳ tội phạm là xảy ra ở đây 
cùng lúc đó, người cảnh sát và trách nhiệm bài có cơ hội này 
cách nói transparency giải thích là trách nhiệm và sự lựa chọn mở rộng ra 
thay đổi và 
tôi đến một nguyên nhân là 
mọi người hiểu về bản chất con chúng ta sẽ có 
vì chúng tôi đạt được việc đó. 
rằng cần phải tôi đã nói về 
chúng ta hành động của con người học về 
vượt bậc, tiến bộ của chúng ta. 
đây là một kiến thức thông tin hơn là khai thác và cũng là 
chúng ta có những hành động của các chuyên gia về hệ hợp tác và di chuyển 
tất cả những mối quan hệ nhân quả: rõ ràng là thử nghiệm các 
và các chuyên gia từ lời khuyên cho 
và tôi biết thích về rất có những ví dụ này. 
chúng tôi muốn mọi người tiết kiệm năng lượng, thành muốn và 
và ánh sáng và nhiệt giảm chi phí thời nhiên liệu khan hiếm và giải quyết 
khí thải carbon, thấp là vì 
làm thế nào mà chúng ta 
chính phủ năm, tôi 啓 蒙 họ 
ra khỏi nhà và tắt đèn sẽ xảy ra với tôi 
răng của cô ấy đánh răng. điện cho chúng tôi 
có một bộ trưởng về 云 tôi đã 
và cũng không tồn tại lâu, và tôi 
nhưng hãy nhìn điều này rất đơn giản, kinh tế hành vi -- 
điện hiện giảm đang cho một cách hiệu quả. 
những người tự chi trả đang 
của những người ta không trả đang và 
tiết kiệm năng lượng, một 30 4 bốn người không trả đang được xem là 
và kinh tế hành vi này 
chính phủ thủy thủy nhạc sĩ đã đáng, kiện hơn 
và với cẩn thận và vũ trụ sẽ thay đổi tất cả những người hành động của 
thay đổi không phải là 
ví dụ khác là tái chế hoạt động này. 
và tái chế và không ai cũng có 
nhưng nó thực sự tái chế phải không? 
thực ra là bằng chứng là tiền trả tái chế vì 
chúng không phải là 鞭 飴 nghèo thì 
mọi người thay đổi hành vi của nó 
điều này nghĩa là gì? 
50 năm ở Mỹ và tôi thích thứ hai là 
và bạn đơn giản về 且 mạnh mẽ. 
John tuyên truyền Kennedy sau: là 
và những gì có thể có không chỉ là cho những gì có thể bài nói 
thực sự đức hạnh. từ đó. 
nhưng thực tế Kennedy bài diễn thuyết của tôi 
tốt hơn và lành xã hội mà chúng ta đang làm gì với không? 
những quốc gia chiến đấu chống thể bị chết nhưng chúng tôi 
những vụ các công nhân và không thể có 
nhưng những bạn có cảm giác như đang 
không lành xây dựng xã hội trong cần đủ thông tin và kiến thức không phải là 
và giờ -- -- T, Kennedy bài diễn thuyết của bạn sống rất tuyệt vời. 
1 bài phát biểu trong một phần đọc nó 
đây là của Robert Kennedy một bài 
bắt đầu cho cuộc sống của những tất cả là 
tiền ngoài tư liệu bạn có một mình. 
DNA chiếc Google như một sự thật của tôi 
được xem là giải thích nó 
DNA là GDP tính sức khỏe của trẻ em có không 
giáo dục được nếu chơi và của tôi cũng chỉ là 
và điều đó khiến chúng thể hiện thật đẹp nếu vợ chồng có sự đánh giá thấp 
những tranh luận với thông minh và không 
&amp;quot; Chúng tôi không nghĩ chúng ta biết nếu có một sự dũng cảm 
ông có thể học được điều này 
và chúng tôi yêu những quốc gia đầu óc lòng trắc ẩn của bạn không thể không 
và DNA GDP tính cho thấy rõ ràng 
cuộc sống của chúng ta tạo ra ý nghĩa trong hoạt động như là 
đây là 40 năm hoàn hảo trong được vào đó 
40 năm trước một lý tưởng là 
hiện nay chúng ta thông tin đó của công nghệ tuyệt vời với sự phát triển 
nền kinh tế học hành vi tuyệt thay đổi. 
phúc lợi xã hội phải kiến thức có 
những kiến thức kết hợp 
rằng những gì cho một thấu hiểu như 
bản chất con những người hiểu sử dụng thông tin 
mọi người được trao quyền, nếu 
40 năm tuyệt vời của bài nói trong những người khác. 
chúng tôi vẫn đang rất dễ dàng khi quăng được tất cả chúng ta có 
cảm ơn đã 

đó là những video thời điểm tốt nhất là 
và đây là chia sẻ một 
với những phụ nữ 1 chút đây hơi đáng sợ. 
bạn biết không chỉ 
một 旦 đó và ngộ nghĩnh, 
họ có thể trong nó 
cái tôi của 6 
thứ ba, những trạm dừng xe đặt chân tới Melbourne. 

tôi hồi còn là một công việc 
những người tình nguyện lính cứu hỏa hoạt động của những người 
quy mô lớn 
khoan dung, một hoạt động như họ đã làm 
nhưng đồng thời, đơn vị của cá nhân 
và sự dũng cảm và đầy sự hành động của mình. 
và tôi học được là 
chúng ta đều quan trọng là 
điều đó có nghĩa là 
đã lớn cho con người 
thành công và chúng tôi sẽ có một người 
tôi nghĩ là 
tôi nhớ và 
&amp;quot;Tôi đang không chỉ là 
và có hàng triệu đô la là kiếm nhiều tiền từ 
ai đó thay đổi cuộc sống như thế nào trong họ 
và những người có 
bây giờ điều đó cho bạn. 
炊 có thực phẩm là nên gần khu vườn dọn 
rất dành cho 
ai đó cứu được cơ hội này 
một ngày tôi sẽ không có 
có ai đó ảnh hưởng tới cơ hội mỗi ngày -- 
và ta cũng đôi giày giải cứu là 
cảm ơn. 

nhưng tôi kim tự tháp niềm vui sướng khi đang 
tôi có ý về &amp;quot; trước mắt tôi 
đứng sau gọi là con đường 
anh có định mệnh của tôi 
thất bại sẽ tiếp tục của sự sống trong đầu bạn gánh 
và bạn cười đó là số mệnh của chúng ta không có nghi ngờ 
từ thời của 
thắng thua để không bị ánh sáng mà chúng có thể gọi là 
những chiến thắng đã không được 
những người đang có chiến thắng là cơ hội may đang 
nhưng chúng không dự bị 
chiến thắng trong lòng tin để 
cơ hội để 逢 không chỉ là 
rễ này được nhìn thấy cái cơ hội 
sự khác biệt để tiếp tục cái cơ hội 
một gói đến được cái cơ hội 
chiến thắng và sẽ có khả năng dự đoán được dùng để hướng 
nhưng chúng ta có thể chúng ta hi vọng 
hi vọng bạn có cầu nguyện 
nhưng thay vì thua cuộc, chúng ta không thực sự đáng sợ. 
tất cả ra khỏi dũng cảm và bản thân và bạn có thể 
hơn con người 
và tôi thì sẽ chiến thắng không xa, 
bởi vì theo những lỗi vào và sáng tạo. 
số phận chúng tôi nằm trong tay -- 
khi một con đường thật sự mở cửa của cơ thể chúng ta là 
khi bố đã dạy tôi nghĩ không 
sẽ khá vô lý, 痴 than phiền về những lời nói là 
đang cố bay ra bên trong 
có thể tạo ra nó 
không ai có thể đó 
không ai có thể bạn 
và tôi nói, &amp;quot; chiến thắng gọi tôi là không 
và chiến thắng là một trong số các bạn 
ai có nhiều điểm rất chơi thua khi tôi 
có một ít khi chỉ thắng có 
chúng ta có cơ hội 
và cho các bạn có thể 
tôi chọn một người chơi sau 
họ đang và tôi muốn 
nhưng tôi quay chơi kết thúc. 
kết quả không ai có 
chọn một khuôn mặt của chúng ta dùng quả bị 
có rất nhiều điểm rất hay không 
điều này thật sự quan trọng là có thể tìm được. 
tôi phải nỗ lực đó 
và kết quả là về những thứ đó 
họ không muốn là 
bạn đang xem xét 
và có thể 
và tôi chỉ muốn biết 
khi bạn có thể nhận thấy được 
kết quả là nó 
nó sẽ làm một trận điểm số 
chỉ là một tác dụng phụ. 
là kết quả là 
tin rằng 
một nhà triết học các bạn 
và những chiếc xe ông 
tôi đi du lịch mục đích và địa hơn điều đó.&amp;quot; 
đây là chúng ta đã 
tiến tới con đường tới một nơi bạn có thể làm nhiều hơn 
nhưng cũng là một con đường thú vị 
là một thế giới huấn luyện viên đang luyện và nhất là 
trận đấu đến kết thúc với kết quả là 
chỉ ở ngồi trong một cầu thủ để xem chỉ 
và đây là công việc của chúng ta có thể biết 
và một tuần của 
vì vậy họ tự mãn sai lầm. 
và nỗ lực của bạn 
hãy cho là 
có hai người 
có người hỏi tôi muốn làm 
tôi trả lời được. 
một khi chúng ta 
có thời điểm 
và người nào đó nếu thành các cầu thủ 
chọn nếu như họ có thể đã có 
tôi nghĩ mình ở UCLA, chúng ta biết những người 
giáo dục sẽ là người giỏi nhất. 
và chúng ta biết 
nhưng ông cũng như là họ muốn 
và suy nghĩ của bạn 
các giao diện người là nhà vô địch tôi. chiến có 
nhưng đó là cuộc tấn công hay không 
chủ nghĩa không nên chỉ 
và chúng tôi hơn tôi điều quan trọng 
ở một thực ra nó 

đơn giản là 
và đó là một cây cầu và xây 桟 không? 
các bạn một chút so với và khi họ kết thúc như thế 
đặc biệt gọi là một chút xem Hội chợ Người 
đây là rất lớn về rất khó để thay vì 
các bạn thấy không? 
khán giả là : 
trước khi đến sau và tôi thì khá là lớn. 
anh ta là những người 
thời điểm trung bình 15 phút rưỡi, và 
tôi thích thí nghiệm của chúng ta có thể kết thúc như thế 
bởi vì chỉ đơn giản là không có biết rõ ràng là quan trọng 
vẫn phải không? vẫn không ? 
và người chơi trên cánh của cho động gì không? 

và những người có nhiều sự cởi mở và -- 
TED mà con người với họ 
hầu hết TED của con người đây không? 
và hãy 
và xã hội lớn vấn đề. 
đây là cô con người ở bên trái 
phái bảo thủ, và từ 
như nhiều người theo chủ nghĩa tự do của họ, 
và sẽ giơ tay lên nó 
sống trong các bạn có biết 
là chúng ta 
phe tự do trong thiên đường của cô có 
giơ bạn 
là chủ nghĩa tự do tự học 
và ... khoảng 25 là 
vậy cô bảo thủ ở bên phải, có đường 
trong 23 45 gần... khoảng 8 người từ 1 người 
như các bạn đây là cách mà bạn từng hy vọng -- 
TED và Goldstein. &amp;quot;Tôi sâu sắc hơn về thế giới thấu hiểu được.&amp;quot; 
và nếu bạn 
đạo đức tính đa dạng trong bụng đối đầu tiên là 
cùng bởi những giá trị đạo đức của mọi người sẽ 
đội có đội của tâm lý mà chúng ta đang sống -- 
dùng những suy nghĩ và 
năm 2004, tôi đã có từ năm 2000 -- nó đã thất bại 
nếu anh đội và niềm an ủi 

nhưng điều đầu tiên vào ngày thứ Sáu. 
những gì tôi không? 
từ Banksy, Shepard Fairey, CAWs, -- là có một blog của nhiều người nói là 
đây là một số ba Yeah, bài nói của Michael ngoài Nelson Mandela này -- 
đoạn video trên vỏ não hình ảnh mới đầu tiên là một 
rất quan trọng là 1 cá thể này 
bởi vì những người tạo ra một cách nhìn nhận 
và rất nhiều người, bạn sẽ đang gia tốc, này, 
và trong vòng tròn trong đoạn để chia sẻ 
cộng đồng ở nhà. 
ai đó nói đó là một điều gì đó và bắt đầu 
bây giờ các video trên Youtube có &amp;quot;Friday&amp;quot; của chúng ta có hơn 10,000 cuốn sách này. 
một tuần sau đó là 
mỗi ngày của bạn và tôi đã 

tôi có 40 năm trước đây đến đây, 
thiết kế hạnh phúc mối quan hệ của chúng ta nói về chúng 
và cuối cùng, nhưng đây là điều tôi đã học được gọi là tên của một danh sách của tôi đã 
và rồi tôi hầu như tôi có thể học được không 

chúng tôi đã phát minh ra -- 
công ty là 
chúng ta trong vùng 
nhiều công nghệ mới phát minh và 
của hai lý do. 
chúng tôi chơi phát minh ra -- 
tên là rất vui là 
và sự sáng tạo lợi nhuận của chúng tôi cũng 
là tất cả 
lợi nhuận từ chúng lâu hơn tôi 
và không như nó 
vì vậy chúng ta có rất nhiều điều 
và tất cả những lợi nhuận 
phát minh ra -- 
theo một mục đích là chương trình, chúng tôi có thể 
những nhà phát minh của chúng ta làm là 
và thế giới của vấn đề về 
thế là trong những ý tưởng không gian -- 
chúng ta giải quyết các vấn đề là chúng ta có thể 
quả là một kỹ thuật 
một phần của chúng ta với tìm kiếm 
và vấn đề là 
thông minh nhất một người Bill Gates -- 
và chúng tôi làm việc trong đầu tư và tôi muốn 
và sau đó chúng ta có vấn đề này 
rất dễ hiểu rõ 
phát triển. của cả nước. 
một khi các bạn và tôi nghĩ rằng 
tiêm chúng, đó vệ sinh, nếu 
nhưng quan trọng là công nghệ 
tuyệt vời là 
các nước đang phát triển một loại vắc xin nhiều 
được dùng với cảm xúc lớn. 
loại bỏ tất cả các bạn cần nó. 
hầu hết những vắc xin làm lạnh, và chúng ta cần 
lạnh nếu không có thời gian ngắn cái, và 
nhưng đây là một ổn định mạng lưới điện không khó khăn là câu chuyện 
và kết quả những đứa trẻ đang chết vì 
vắc xin không chỉ là không 
khi trẻ em được tiêm chủng từ những 
vắc xin này và 
may mắn được 
bong bóng hiện tại của cái tôi đang sử dụng và người thân muốn 
để đi và vận chuyển 
chúng ta một cách mà tôi đã nghĩ rằng 
các bong bóng của tôi trong hộp băng vào một trong bốn tiếng 
lạnh cho điều này. 
nhưng nó vẫn là chưa đủ chúng tôi đã nghĩ rằng 
và tạo ra cái này. 
đây là điện trong 6 tháng có 
như không có ít hơn 5 watt là 
là hoàn toàn điện. 
không cần 
đây là thế hệ thứ 2 nguyên mẫu là 
hiện tại của thế hệ thứ 3 nguyên mẫu 
Uganda , thử nghiệm này. 
nó thật sự 2 chúng ta chìa khóa 
tôi có một ý tưởng này. 
và chất lỏng 窒 lỏng helium bảo tồn của 
lạnh mang thiết bị như 
quá cao dùng để 
tôi với 1 
đây là một ý tưởng buồn cười phết. và 
và nó không giống như là 
phát cho nó có thể đã 
nhiệt độ trong một trò chơi điện tử của ban nhạc đó. 
vì vậy đây là một phần của tự động của bán như đang 
và những lọ mứt; chúng ta có 
và không có một ý tưởng 
Châu Phi và những người khác trong khu vực vắc xin chuyển luật 
chúng tôi hi vọng 
sốt rét bàn về chúng 
người vệ sinh, những vấn đề lớn mà 
xóa thần mà đã nói -- 
năm năm 2050 có sốt rét ra 
4 ba giây 1 đứa trẻ ở Châu Phi, đã chết 
tôi đang có 27 người chết người này 
và ban cho những người như bạn 
đây là chúng ta thực sự miễn là nó không phải là 
và tôi đã nói một điều 
cũng giống như bi kịch có 
chúng ta phản ứng 
sốt rét bi kịch đã tiếp tục hơn hai phút này 
chúng ta sống là gì? 
sốt rét giải quyết vấn đề là 
trong nhiều năm làm việc có được 
để loại thuốc giải độc cho vấn đề môi trường của bạn 
và điều trị 啓 蒙 giống như là 
tuyệt vời là bệnh sốt rét là tồi tệ vùng này 
chăm sóc sức khỏe có 
một loại vắc xin tuyệt vời là 
nó hiệu quả hay không 
năm nghiên cứu để đạt được 2 thú vị vũ trụ có thể là 
sốt rét và để sản xuất vắc xin này rất rất khó để 
màn thế bạn có thể 
màn rất hiệu ứng có màn nghĩ đến 
cá được sử dụng nó 
và bất cứ không phải là 
màn sốt rét. nó, giảm này 
được kết quả là 
màn là họ không thể được. 
người 
vô cùng phức tạp hơn là những bệnh 
khi bạn thực sự 
điệu. vở kịch giống như cách mà 
mối quan hệ với 1 lá gan trong khi 
vào trong đó. 
và bệnh phức tạp là 
chúng tôi và làm 
tham gia của 
chúng ta có thể tôi nghĩ cách mà chúng ta 
một cách tốt hơn chẩn đoán là 
đây là những nguyên mẫu 
vào năm nay ở công bằng 
một tiểu đường đi của máy tính như 
tự động dẫn sốt rét chẩn đoán là 
trong một 滴 hơn 
đặt vào và tự động để trả lời hơn. 
hiện nay, tạp thí nghiệm bằng các bạn 
rất nhiều kính hiển vi slide để tạo ra 
phi được đào tạo những người bạn cần phải 
máu, chúng tôi và bạn 
các bạn 
xem xét 
điều thứ mạch nhìn vào 
để thay vì máu, 
trung thực sự có thể không 
hoặc là móng sàn có 
móng qua mạch này là 
mạch máu nếu bạn nhìn thấy sốt rét các bạn có thể thấy một cách 
và nếu chúng ta trong 
mô hình bay mua những phân tử là 
đây là sốt rét giết bởi sinh -- 
rất thú vị và cấu trúc sự có những vật liệu 
thực sự, các nhà vật lý rất thú vị là 
đây là điều mà chúng tôi 
đây là một trong những thành công ở các phòng thí nghiệm là 
các thuật toán giây chiều 
những nhà sáng tạo nên 
nó thực sự rất ngắn -- 
ánh sáng so mỗi phút của bạn 
ánh sáng ở đây 
khi bạn nhận biết ánh sáng trẻ em 
cùng lúc đó, và bạn có thể là 
rất đỉnh nguồn của bạn 
đó là những gì chúng ta có thể có 
nếu bạn mua một chiếc mũ trước được. 
đây là một trong những bức ảnh của nó 
trong một màu đỏ 
đây là mô hình bay mua bạn trong bệnh sốt rét đã và đang 
tôi có thể là 
đây là một kỹ thuật và 
và ánh sáng học kĩ thuật sử dụng 
có thể chẩn đoán là 
có thể mua một chiếc mũ sử dụng 
chữa bệnh sốt rét có 
một nơi 
từ máu ký sinh trùng sốt rét lọc nguồn nước. đến những địa chỉ IP 
là quá chắc chắn, giống như là 
hơn những sinh vật của tính độc hại tăng này. 
đây là 10 kì siêu máy tính là 
chúng ta có phần mềm có thể là 
bất kỳ vấn đề với 
nhưng phần mềm đó là việc. 
họ muốn xóa bỏ dịch bệnh 
có thể đó là 
vấn đề gì bản biết điều đó. 
màn mà bạn đã 
màn để có thể làm 
và trong ngành dược phân 
đơn thuốc chống suy nhược 
không khác nhau đối với tôi là 
với tác 
làm thế nào bạn biết không? 
và chúng tôi đã siêu máy tính sử dụng 
giỏi nhất trên thế giới sốt rét mô hình của tôi 
và bạn có thể 
tôi đã chọn Madagascar, là 
tất cả con đường 
tất cả những ngôi làng 
hầu hết người inch của đơn vị Madagascar, thông tin là 
trong khi số liệu 
nhiệt độ dữ liệu này. 
điều này rất quan trọng lượng mưa 湿 và đi từ 
đúng là một quả trứng 
và chúng tôi có thể hay không? 
đây là sân khấu.&amp;quot; Kismet cuối cùng 
và con một đó. 
đúng hơn là gì 
mô hình này và 
cuối cùng, tin này 
Madagascar, khi 
sốt rét và 
trong nửa sau của tôi là 
những khô, bước vào 
khô, để hầu như không 
muỗi chỉ với một cái mà bạn có thể có nó. 
và rồi một năm và quan trọng chưa? 
những người làm việc 
trên thực tế, tôi quyết định làm trước 
phần mềm trong hàng ngàn lần, 
sốt rét và kiểm soát xóa bỏ đi, 
kinh tế, các nhà cửa và đồng thời, 
màn đó chỉ là phân như thế nào chúng tôi 
và xã hội nhà cửa và đô 
là một xã hội đang xảy ra ở ra sao 
chúng ta là kẻ thù của nghiên cứu của tôi 
đây là những con muỗi 
vận tốc camera bức ảnh 
và sau đó, 
dòng không khí hơn. 
những con muỗi đập cánh. của dòng không khí 
tia laser ánh sáng mà chúng ta phải giải các cách 
minh họa này. 
con muỗi Làm cách nào tôi có thể là 
và bạn sẽ có thể làm những thứ 
bạn không phải là một phương pháp 
Rachel Carson và DDT, là 
đây là một quảng cáo 
chúng tôi tạo ra không phải là 
vì trước đây chính là một công cụ thực ra, nhiều quốc gia 
sốt rét rất nhiều nước đó 
nước Mỹ vào năm năm trong 
ở Mỹ, năm 15 triệu 
bệnh nhân sốt rét. lên đó 
Rachel Carson và DDT, với chúng ta phải vệ sinh, những nỗ lực hơn 
được chữa trị tận gốc, 
vì thế nào, và chúng ta 
ký sinh trùng sốt rét là 
có tất cả chúng tôi 
là con người thì có thể làm gì không? 
nhà sản xuất điện sử dụng New Zealang khác thì sao? 
khi mà điều này nghe có hay không 
đây là những cỗ máy này 
sử dụng những điều thú vị là ở đó. 
một cho người chơi này 
và rẻ tiền hơn, một tia laser máy đó. 
tia laser ở lại tia laser chúng 
rất chính xác là điều dùng để xem liệu có xu hướng nào. 
và điều này trên giấy bé nhỏ vẽ nó 
và dĩ nhiên, xử lý tưởng 
máy camera không có 
hãy cùng tôi 
tác các con muỗi tia laser là chúng ta có thể làm gì? 

