shard_size = 0 shard_count = 0
Seeding random numbers with system clock 
name: case value: true
Data::m_score_type BLEU
Data::Scorer type from Scorer: BLEU
Loading Data from: run1.scores.dat and run1.features.dat
loading feature data from run1.features.dat
loading score data from run1.scores.dat
Loading Data from: run2.scores.dat and run2.features.dat
loading feature data from run2.features.dat
loading score data from run2.scores.dat
Loading Data from: run3.scores.dat and run3.features.dat
loading feature data from run3.features.dat
loading score data from run3.scores.dat
Loading Data from: run4.scores.dat and run4.features.dat
loading feature data from run4.features.dat
loading score data from run4.scores.dat
Loading Data from: run5.scores.dat and run5.features.dat
loading feature data from run5.features.dat
loading score data from run5.scores.dat
Loading Data from: run6.scores.dat and run6.features.dat
loading feature data from run6.features.dat
loading score data from run6.scores.dat
Loading Data from: run7.scores.dat and run7.features.dat
loading feature data from run7.features.dat
loading score data from run7.scores.dat
Loading Data from: run8.scores.dat and run8.features.dat
loading feature data from run8.features.dat
loading score data from run8.scores.dat
Loading Data from: run9.scores.dat and run9.features.dat
loading feature data from run9.features.dat
loading score data from run9.scores.dat
Loading Data from: run10.scores.dat and run10.features.dat
loading feature data from run10.features.dat
loading score data from run10.scores.dat
Loading Data from: run11.scores.dat and run11.features.dat
loading feature data from run11.features.dat
loading score data from run11.scores.dat
Loading Data from: run12.scores.dat and run12.features.dat
loading feature data from run12.features.dat
loading score data from run12.scores.dat
Loading Data from: run13.scores.dat and run13.features.dat
loading feature data from run13.features.dat
loading score data from run13.scores.dat
Data loaded : [Wall 5.89658 CPU 5.892] seconds.
Creating a pool of 1 threads
Best point: 0.0203179 0.0259205 0.0535716 0.088695 0.0522429 0.0971696 0.00201621 0.0767448 -0.377038 0.0390768 0.0168008 0.0364317 0.0416322 0.0723413  => 0.0436454
Stopping... : [Wall 353.885 CPU 353.548] seconds.
