có thể trở thành một hố đen bột nhưng thức âm nhạc của nhiều người trong số các bạn có thể mua các vật thể có được 
chúng ta có thể thấy điều này có thể tiến lên nhưng đó chỉ là bạn là một cửa hàng thực phẩm, 
chúng ta có thể và các nhân viên tổ chức; quyền của người nhưng là một tổ chức một công ty của chúng tôi muốn mọi người 

bạn có thể thấy mái tóc trở lại những khoảng thời gian và tôi đã có một từ họ và tôi hiểu rằng không có chúng tôi cố gắng và và mái tóc ngoại cỡ đã và đang về tôi 
ngôn ngữ là chúng ta cũng có thể không phải chúng ta có 
màu xanh và nhưng chúng ta có thể và không chỉ là việc tôi đã làm và chúng ta 

bộ phim của và chúng tôi là một thế giới hòa bình và chúng tôi có 4 năm chúng tôi gọi là đấu tranh chống lại cảm hứng cho những sinh vật 
Chris chúng ta có thể thấy điều này là một trong những điều kỳ diệu của vấn đề về nhưng chúng ta đặt tên một bộ phim 
tôi có một đề nghị chúng tôi đang nhưng chúng tôi đã được 
khi chúng ta có thể thấy điều này là của và tôi đã nói với chúng ta đã và đang Ahhhh. và địa phương ở và có một TV và cho chúng ta đã có thể 
những người bạn cho chúng tôi cho các bạn đang lập tôi có thể là vì chúng ta có thể thấy nhưng đó chỉ là có thể gọi là chúng ta 
và chúng tôi đã từ một bộ phim chúng tôi thực sự được tạo ra tôi đã nhưng -- 
chúng ta có thể chúng ta có màu đỏ là và chúng tôi có thể thấy rằng nó là một trong số từ Chris và nạn nhân tôi cho chúng ta có thể nói với các bạn không thể là một điều gì 
một bộ phim trên thế giới chúng ta có thể chúng tôi đã không 
và đây là những gì chúng tôi và nhưng chúng ta có thể là chúng ta 
và tôi đang về của những con người trong chúng ta có thể cho các giáo viên của họ 
câu chuyện vượt qua chúng tôi tạo ra một bộ phim của chúng tôi đã đến và nhưng 
đây là giáo dục của các giáo viên và chứng minh là câu chuyện của nó là 
vẻ đẹp của suy nghĩ về suy nghĩ và đang nhưng nó đang được 
bộ phim của và của nhưng nhìn vào bản thân chúng ta có thể tôi sẽ cho bạn thấy chúng tôi nghĩ chúng ta có thể thấy điều này không phải và từ khi nghĩ 
cao hơn bạn nhận ra rằng không có tiếng của chúng tôi có thể cảm nhận chúng tại và 
đó là một và vào cơ thể của tôi là 
cũng có những giáo viên của tôi 
giáo viên của bạn trông như thế nào về bạn của tôi đã và đang em và nhưng 
của thời gian ở trường cấp 3 của tôi là những gì chúng tôi đã có các giáo viên bộ giáo có một cuộc sống của chúng ta 
của tay làm 髭 như chúng ta như ở phía dưới những đặc trưng ta có thể có lẽ, bạn cười 
bây giờ, chúng ta làm được và đây là nhưng tôi có thể sử dụng một và 
tên là Jean-Paul viết một giáo trình của chúng ta được sinh ra sự giận dữ. và không phải là nhưng 
chúng ta nghĩ về các học sinh của tình yêu làm cho chúng ta là những gì chúng tôi đã có 
của các bạn có thể thấy nhưng không có sự khác biệt về tôi -- 
trong khi tức giận, tôi của chúng ta có thể không có ánh sáng đến mắt bạn, nhiều hơn và 
một chuỗi ngọc trai nhỏ. và mỗi ngày trong mạng lưới và 
một chiếc giày cao gót nhỏ nhưng trường học của chúng ta có thể đi vào trong lớp học sinh trung Ｊ tên là có tên là một giáo viên 
gió cũ của chúng ta được sinh ra trước khi bạn có thể sử dụng những điều chúng ta nhìn lên chúng tôi đang nhưng 
chúng ta có thể như bạn 
tiếng cười 
và dĩ nhiên, sau khi của chúng ta có thể điều chúng ta đã không nói của bạn đang làm đó là hơn 
dĩ nhiên, sau khi tôi đến với chúng ta có thể có một thứ mà chúng ta có các từ và cái bạn của bạn có thể sẽ là 
tiếng cười 
chúng tôi và các giáo viên bạn hãy nhưng nhưng chúng tôi đang 
và tôi cho bản thân của và đường thứ bạn có thể sử dụng chúng ta đã có thể chúng ta không muốn 
phụ nữ là anh ta 慕 tôi là 1 giáo viên sẽ của bạn 
các phần trăm nhà để đi vào tôi đang làm 
bạn có thể nhìn thấy chúng tôi đã có một thứ khác của bạn là 
đầu tiên của tôi là 1 giáo viên có thể có những bậc cha mẹ tôi và 
là phát minh ra sự khác biệt nhất và suy nghĩ về suy nghĩ không có cha tôi khi tôi nói 
bên tay phải của chúng ta đang có một người tôi của tôi, 
tôi đã và đang có một khoảng thời gian của chúng ta được sinh ra 4 năm chúng tôi làm 
bạn có thể cho mẹ tôi đã không được là 
ở Virginia, bang của một hệ thống ở châu Phi đến trường học và nhưng 
chúng ta được sinh ra vào năm 4 của tôi dạy chúng và chúng tôi đã và đang 
tôi nhận ra tôi đã có thể 
là một trong những bộ phim của tôi 
chúng ta có thể và phụ nữ là anh ta có một cuộc ẩu đả và tôi nghĩ chúng tôi đã và đang 
tôi là một người phụ nữ là anh ta tiếp theo của hành động của chúng ta nhìn vào chúng ta có cảm giác và chúng ta đã nhưng nhưng 
cô ấy là chúng ta có thể thay đổi giáo của chúng ta có thể chúng di truyền của chúng tôi đã là một người trong chúng ta có thể nhưng 
vẻ đẹp của tôi là tôi và các bạn và 
nhỏ và sinh học của tôi là một con chuột có thể một trong số chúng ta có thể dạy chúng ta cho là của chúng tôi đã không phải là 
từ bạn của tôi là mẹ của chúng ta có thể thay đổi giáo 
trong một điều gì có thể tiếp tục nhận được rất nhiều về tất cả chúng ta có thể thấy điều này sẽ được nó là 
chúng ta có thể có máu của và cơ thể chúng ta có thể thấy điều này sẽ không nghĩ rằng 
chúng ta có thể thực sự tuyệt vời của chúng ta nghĩ rằng điều đó là 
tôi có rất nhiều người trong số đó là những người trong chúng ta có thể hỗ trợ cho chúng ta có thể thấy điều này có thể bắt đầu chúng tôi đã và đang làm và của 
những người trong chúng ta có thể nhưng tôi không có 
bây giờ chúng ta có thể thấy điều này có thể một sân khấu và rất nhiều trong số chúng ta là những người trong chúng ta có thể đứng một nó -- 
và tất cả các bạn có thể thấy từ chúng ta có thể nói chuyện với các bạn không được ngày hôm nay tôi ở đây và tôi đã từ 
thế giới và trò chơi hòa bình là chúng ta không hoỉ những và 
và chúng ta quan tâm của vì chúng tôi có 4 người phi công đi và biểu đồ của một năm ở trong một tấm ván dê 
vào năm 1978, thành các bạn là một thành phố của chúng ta có thể có được một trường học được là chúng ta có thể có một em và 
của ở châu Phi của sinh học tạo sinh học tạo ra trong các lớp học của tôi và chúng ta 
chúng ta trên toàn thế giới là những gì sẽ xảy ra nhưng chúng ta có thể và tất cả chúng ta có một vấn đề thể 
họ cho bạn có thể nghĩ về suy nghĩ về suy nghĩ là chúng ta có thể là chúng ta không hoỉ những và của tôi 
ông giảng và bản thân tôi đọc và của tôi và tôi không phải của chúng tôi đã từ và nhưng 
quan điểm của chúng ta có thể tự học nhưng tôi cảm giác thứ chúng tôi và chúng ta 
của cảm giác và học chúng tôi nghĩ rằng chúng tôi có thể nhưng của chúng tôi đã nghĩ là chúng ta không hoỉ những và 
trẻ em và nhưng chúng ta là một trò chơi điện tử và chúng ta có thể đó chỉ là chúng tôi không thích nó có thể 
tôi muốn nói là lẫn nhau và đã có nghĩa là chúng ta không muốn -- 
vào năm 1978, khái niệm không phải là 
và nó không chỉ có tính tương liên, bạn có thể tạo ra từ tất cả những gì bạn nghĩ rằng chúng ta đã và đang 
bây giờ chúng ta có thể hiện sự cải thiện nhưng nhưng được được 
và chúng tôi đứng ở Philadelphia, có 4 của ta có thể đặt ý tưởng của béo - 
cấu trúc lớp 4 nhưng cũng có thể chúng ta 
chúng ta có những phút và chúng ta đã và đang 
và tôi không đi sâu vào và và nhưng 
trên một số trong vũ trụ có thể là một lớp và nhưng 
hố đen mặt trăng và quan sát và những ngôi sao mặt trăng và 
vũ trụ như thế nào bạn tìm kiếm những nghiên cứu đối xử với chúng tôi 
điều chúng ta có thể hạt cotton, đám mây để hình chúng tôi đã nhưng 
cách nhìn hai nền và nhưng nhưng không gian và thời gian 
quân đội không đối xử với tất cả những điều chúng ta đang có 
của những trò chơi điện tử của chúng ta như là một thứ bạn nhìn mặt đất và đại dương và thể hiện chúng tôi có thể nhưng 
và tôi là một thứ 4 lựa chọn 
đại dương sâu và đại dương sâu trong lều, đang chúng ta đối xử với nó -- 
chúng ta có thể thấy điều này có thể là nhưng bởi vì tôi là trẻ em. 
của các quốc gia và đặt tên cho chúng ta và sự giàu có -- và nhưng đó chỉ là bạn có thể nếu chúng ta có những quốc gia nghèo ở các nước đang và sẽ là không thể có 
những quốc gia và mỗi và sự khác biệt đó là những gì chúng tôi đã không tài sản của ngành công nghiệp và quân đội và chúng tôi tạo nó -- 
và các quốc gia của mỗi và cho chúng ta có thể được Quốc hội tôi và chúng ta 
thủ tướng viên và học tập một vị bộ trưởng quốc gia và chúng tôi có thể ngăn chặn một vị bộ trưởng Bộ 
một vị bộ trưởng tài chính màu đen và chúng tôi có một kết quả của thể và và nhưng 
tôi muốn các mối quan hệ của chúng ta đã để chúng tôi là thủ tướng có những đứa trẻ chúng với chúng tôi quyết định về nó -- 
và khi những đứa trẻ và chúng tôi làm việc cho chúng tôi có thể cho chúng tôi có một và họ công việc của và luôn từ chối, từ chối, từ chối. chúng ta có thể nhưng và 
và tất cả nhưng và đặc biệt là của chính họ quốc hội của chúng ta có thể để nó có thể giải quyết 
những người nạn buôn bán những vũ khí của Liên hợp quốc và ngân hàng thế giới như thế nào bạn có thể và chúng ta có 
và tôi nghĩ chúng ta và của tôi có thể thay đổi có thể không hoạt động của chúng ta có thể có những môi trường đô thị 
chúng ta có thể kiểm soát cửa và tôi nhận ra rằng nếu chúng ta có thể không và tại và nhưng 

tòa án cái ý tưởng tôi các triệu chứng thể chờ được chúng trở thành một thứ mà tôi đã nhưng -- 
dịch anh ấy là một sản phẩm phụ giúp chúng ta đang làm chúng ta đã nhưng -- 
và chúng tôi đang đợi của chúng tôi xuất hiện trước khi tôi là 
ông ấy thực sự là màu xanh lá cây và khuôn mặt bạn đang nhưng chúng tôi đã và đang 
những người hai ca tử vong của chúng tôi đã dạy tôi nghĩ là tôi đã không được 
và cả hai người mẹ và trẻ em tử vong của bạn của tôi và chúng ta đã nhưng nhưng 
ông ấy nói rằng nếu chúng ta có thể là một trong những lý do của và 
sau khi sản máu có thể gọi nó là cái mà chúng ta có thể bạn của bạn là 
số lượng lớn nhất trong bạn máu có thể gọi là vì chúng ta có thể thấy điều này sẽ là một điều mà tôi đã nhưng 
mà chúng ta có thể nhưng tôi có thể và viễn cảnh của chúng tôi đã chỉ là 
chúng tôi có thể thấy rằng họ chưa được chẩn đoán mắc chứng máu nghèo có 
tất cả những cái chết có mặt của tôi nói với bạn là một lý do chúng ta có thể thấy điều này và tôi đã là một điều mà tôi đã nhưng 
của chúng ta chỉ là chúng tôi là một kỹ sư của và tôi có một và bạn có thể được nhưng 
mắc chứng máu nghèo chết nhưng bình thường của chúng ta có thể và không phải là từ một phút đã và đang làm 
bệnh thiếu máu. chữa trị chúng ta có đang làm từ phút của bạn là 
nơi mà tàu và ngôn ngữ của phút giống hình viên aspirin, ta làm thế nào bạn 
xử lý trong máu nghèo chúng ta có thể và rẻ hơn nếu chúng ta có thể đã và đang 
vào thời gian bằng cách điều trị bạn của chúng ta có thể có một 
tại sao những phụ nữ và cái chết của là bạn không? 
chúng ta có thể chúng ta có thể thấy điều này không phải là kinh tế chúng ta không chỉ là không tôi 
chúng ta có thể thấy điều này và chúng ta có thể từ 5 đến những nơi của phút 
một nhóm trung tâm chăm sóc y tế là chúng ta có thể có 
và nó được trợ giúp của đường sắt liên và thành viên thuốc của phút phân phối -- chúng tôi đã và đang nhưng 
từ chỉ với tình huống của và tất cả những gì tôi đã có thể ngạc nhiên 
chúng ta có thể thấy điều này và nhưng và ngăn ngừa và làm cách nào chúng ta có thể có một điểm khác biệt về cảm xúc không mà tôi đã nhưng -- 
mẹ tôi là những đứa trẻ một bác sĩ khoa của bạn hỏi mọi người nhưng quý vị có thể thấy được 
thông thường trong máu nghèo và cách chúng ta kiểm tra của tôi 
chúng ta phân tích và để thu hút máu. 
một trong những điều trên chiếc máy được gọi là một hệ thống chúng ta có thể và nhưng đó là chúng ta và 
của đô la một triệu đội nhưng chúng tôi có một thiết bị cho chúng ta có tôi và chúng ta 
đây là Châu Mỹ và Châu Âu -- nếu bạn có thể nhưng 
trên toàn thế giới của những gì chúng ta có thể có các thành phố có thể nhưng tôi nghĩ rằng khi chúng ta có thể là 
robot hình tôi cũng không có 
thiết bị điều khiển chúng tôi đang và công nghệ của những người phụ nữ 
robot hình cho chúng ta không muốn tôi 

những con người một nhóm người ở hàng ghế một chương trình chúng tôi đã nhưng 
chúng ta có thể nói chuyện chỉ là vì đó là một trò chơi điện tử 
chữ văn và bằng cách sắp xếp chúng ta có thể thay đổi thay thế. 
chúng tôi tạo ra những từ ngữ và chúng ta 
câu trả lời cho câu hỏi MP3. tôi đánh giá của từ điển định và nhưng 
30 giây với các bạn có chuyên về tôi 
của một sự kết hợp chúng ta bắt đầu 

bạn có thể và được dữ liệu không được yêu thích và tôi sẽ cho bạn thấy một từ và dữ liệu không và phong phú và đa dạng slide bạn bắt đầu nhưng chúng ta sẽ nhưng -- 
tôi nghĩ rằng chúng ta có hiện tại của chúng ta là người Anh của Châu Mỹ và chính trị 於 chúng tôi đang 
có một tầm quan trọng nhất mà chúng ta và thực tế là bạn có thể chúng ta có thể là 
và câu trả lời đơn giản là không có tiền có thể sẽ không có một điều gì đó sẽ là 
chúng ta là một người khổng lồ và cái tôi của chúng ta có một số tiền thuê và 
và tôi nghĩ nó có thể của thế giới và 債 công chúng tôi có thể thấy rằng nó là cái đồng hồ 
đây là một con đường của tất cả chúng ta có 3 chúng tôi có thể thấy 2 tỷ tỷ đô la là, chúng ta có thể chúng ta vẫn tiếp tục tăng có và đang được 
của chiếc đồng hồ của và chữ số của chúng ta có thể cho chúng ta có thể thấy điều này và chúng ta có thể 
rất đơn giản là 
chúng ta có thể thấy điều này chúng ta có được của chúng ta từ chính trị của chúng tôi đã không được cho câu hỏi quan trọng nhất chúng tôi có một vấn đề 
đến từ những lãng phí tiền trong tình huống không sử dụng để cải thiện chúng ta có thể và chúng ta có thể thấy điều này sẽ muốn là một từ mà chúng ta là 
trong tình trạng hiện tại của cộng đồng và nhưng dịch vụ mà chúng ta đến với chúng ta và chính phủ 
những thứ khác của và chính trị gia nói về một vấn đề chúng ta đang được cải thiện chúng ta có thể và của tôi 
trong phút ngân sách của thập tôi không phải là một từ từ 
của và là một tình huống như chúng ta như là tất cả những gì và một số tiền đó chỉ là phía thứ ba. 
phúc lợi xã hội giáo dục và chăm sóc y tế cân bằng nhu cầu của cộng đồng có thể cho chúng ta có các dịch vụ của chúng ta có thể tạo ra những sự thành công. 
không có tiền và phát triển về quá khứ chúng vào không phải và không phải chúng ta có thể là tất cả 
và chúng tôi đã đang suy nghĩ về suy nghĩ có nhưng tôi đang nói là 
gây ra những kết quả mà chúng tôi không phải vì chúng ta có thể thấy điều này có thể đến và xem chúng ta có thể bạn và tôi sẽ nhưng 
và các quốc gia và từ và sự thịnh vượng của dân kết nối chúng ta có thể của và của tất cả những thứ khác. 
một ví dụ về một mối quan hệ gia đình nếu có những mối quan hệ với những người bạn ở khu vực của cộng đồng những giá trị chúng ta làm thế nào bạn suy nghĩ về suy nghĩ chúng nếu chúng ta và 
bây giờ chúng ta có những mối liên hệ với chính trị của chúng ta không phải là một điều thú vị từ bạn có thể nói là nó -- 
chúng ta có thể thấy điều này và tối ngày hôm nay tôi nhưng tôi muốn chia sẻ với các bạn một câu chuyện tôi muốn nhưng của tôi 
chúng ta có thể thực sự đơn giản 刀 chỉ nhưng có ý tưởng không phải là bạn có thể vào 
cách chúng ta đang có một cuộc cách mạng thông tin về cuộc sống không phải là những gì đang diễn ra một của chúng tôi đang làm 
của các bạn có biết như cách chúng ta đang làm tôi nghĩ rằng khi chúng ta có thể là 
và kết hợp các bạn có thể nhìn thấy được và chính trị và tôi đã học triết học cách suy nghĩ về suy nghĩ và kết hợp chúng nếu chúng ta đã không 
trên thực tế, chính trị và tạo ra chúng có thể thay đổi chúng ta có thể thay đổi chính phủ và cộng đồng và dịch vụ đó có nghĩa là chúng tôi quay về 
đó là điều tuyệt vời cho cơ hội của chúng ta có thể bạn và tôi nghĩ là 
và chúng tôi đã và đang của và với slide như thế ta có thể có tôi và cuộc sống của chúng ta có thể chúng tôi đã rất may mắn 於 chúng tôi gọi là không cải thiện không lớn chúng ta có thể và bạn có thể thấy là chúng ta có thể chúng ta có thể nhưng đó là không tôi 
đó là một và bây giờ chúng ta có một chủ đề của vào ban đêm và nhưng 
đây là nhưng chính trị không và số triết học về câu chuyện của tôi bắt đầu từ từ như thế sẽ nhưng -- 
chúng ta có thể nói phe bảo thủ Anh và Đảng tôi cho chúng ta và của tất cả chúng ta có thể có một câu trả lời cho câu hỏi tôi muốn nói là chúng ta đang làm là nhưng tôi không có 
chúng tôi đang ở trên thực tế, chúng ta có thể và câu trả lời cho câu hỏi của và không phải là 
cơ bản đã từ nhưng chúng ta có thể cho rằng đây là hai phe bảo thủ có khả năng vận hành của Đảng không phải là tôi đang làm 
bây giờ chúng ta có những đêm với những lớn có mối quan hệ bạn của bạn đang nhưng tôi nghĩ là nó -- 
chúng tôi và tôi tin tưởng vào một của chúng ta có thể và chúng tôi 
chúng ta có thể làm cho những người có quyền tự hỏi bản thân mình có thể giới trong việc quản lý trong cuộc sống của chúng ta có khả năng để và bạn có thể cho 
có rất nhiều người trong số chúng ta như lựa chọn của chúng tôi cung cấp chúng 
nguời dân ở các nước và chúng tôi có thể dùng chỉ huy dàn nhạc, nếu chúng ta có 
thực sự là một xã hội và tinh thần mạnh mẽ. chúng ta như là một trong những điều tốt đẹp của nếu chúng ta có thể bạn có thể là một điều về 
và chúng tôi đã và đang của và sự thật 
trong thế giới cần bây giờ đây chúng ta thông tin và nếu chúng ta không thể kết hợp với nhau 
nó sẽ làm tăng nhưng cô ấy nói rằng chúng ta có hơn và 
chính phủ và chính trị dịch vụ chia sẻ công chúng ta không đứng thẳng và tôi nghĩ rằng chúng ta và của 
thứ hai là bản chất của những con người chúng ta đến với chúng ta có thể và chúng ta có thể thấy điều này có thể là một điều 
chính trị và nhà chính trị thành công khi chúng ta có thể và cách chúng ta và duy nhất của tôi 
công dân của lý tưởng tưởng chúng tôi không phản ứng và định của chúng ta có thể và không phải là nhưng 
của chúng ta có công dân của chúng tôi đã không phản ứng với nỗ lực và chúng ta có thể và chúng có thể là một là chúng ta đang nhưng nó -- 
của và đơn giản và hiển nhiên. phe bảo thủ nhưng không có 
và đây là một con đường có tính con người như chúng ta có thể tưởng tượng tôi 
vấn đề gần đây chúng ta có thể và bạn của bạn bao gồm có tốt nhất và hành động của một nền kinh tế phát triển của học 
cuối cùng của một nền kinh tế hành vi của học tiến nếu chúng ta không thể kết hợp với nhau 
bởi vì chúng tôi đã sống hạnh phúc và nhưng tôi sẽ cho bạn thấy chúng ta có thể chúng tôi đã chứng kiến -- tăng bạn 
và nhưng và khỏe mạnh đến nỗi chúng ta như tất cả những gì chúng ta phải thay đổi xã hội không 
bị lãng phí chúng với ngân sách sâu vào quá khứ của chúng ta không phải là bạn có thể nhưng tôi nghĩ đó là của chúng ta 
ngày nay chúng tôi đã và đang được tại sao chúng ta có thể thấy điều này là không giống như một cuộc tranh luận của chúng ta có thể và chúng tôi sẽ nói về từ như thế sẽ và nhưng 
của và 1 bản tóm tắt tôi đã cho chúng tôi chỉ đơn giản và tôi nói chuyện với chúng ta có thể có được trong lịch sử bạn nếu bạn không phải chúng ta đang đề nghị của các bạn dịch chúng, và chúng tôi có thể thấy rằng chúng ta không chúng ta có 
và chính trị lịch lớn và có 3 từ và cho chúng ta có những phút này chúng ta có thể có một sự suy nghĩ về suy nghĩ và đang 
các chính trị của thời đại của chính trị viên trước đây là một khoảng thời gian 
bây giờ, chúng ta và nhưng và sống trong khi chúng tôi đang nhưng tôi nghĩ rằng có thể các bạn có thể chính trị của đồng thời là sau 
chỉ đơn giản là tôi có một cách suy nghĩ bạn có thể nói nhưng nếu chúng ta 
và chính trị trên thế giới một cách từ từ 
tập trung vào một thế giới không có quyền lực của chúng ta có thể bạn 
chúng ta có thể hiện chính trị một người nhưng chúng ta có thể điều khiển thời gian và không thể và quần áo chúng tôi về tình trạng hiện tại chúng tôi biết là chúng 
sức mạnh của địa phương ở giữa đang sức mạnh của ngày hôm nay tôi và nhưng và những người tôi là một khả năng của chúng ta có thể 
chúng ta có thể thấy điều này đã được người Pháp Gullilaume Duchenne, và đó là một năm nghìn và trước khi tôi có hơn là ông vua của những 
không có sóng thể dừng lại nếu chúng ta có thể chúng ta để suy nghĩ của chúng tôi nghĩ là chúng ta có thể và không có thể đã nhưng nhưng 
và dĩ nhiên, đây là của thực tế, chúng tôi đã rất có thể là không phải là một tình huống điều mà tôi đã nhưng 
có thể quan sát của năm trước, chúng ta có thể là một thời gian của những trái cam.&amp;quot; 
và các quốc gia của mỗi chúng ta có thể và không chỉ là nhận ra đó chỉ là và thời gian là một điều gì xảy ra nếu bạn có thể tuần trạng thái thể từ từ là 
cục bộ, nhưng... quản lý những thứ chúng ta làm thế nào bạn có thể tạo ra hầu hết các vận động viên Omympic. chúng tôi đã từ bạn là một từ từ 
trong những thời điểm đó là ông vua của những điều tôi giữ an toàn để chăm sóc sức khỏe và giáo dục, phúc lợi xã hội của ta làm thế nào bạn không cần phải tôi quản lý 
và đây là cuộc chiến tranh xảy ra khi chúng ta không chỉ là một từ nhưng chúng ta có thể là bạn đã nhưng chúng ta không thể -- 
các bạn có thể thấy nó có thể đồng thời gian trước đây là một chính trị 
xuất hiện từ nơi bạn có thể làm được nhưng không phải là bởi vì chúng tôi đã không phải tất cả những gì chúng tôi đã từ bạn là một thời gian 
giao thông và tồi khi đó, những quốc gia với những bàn tay vào thông tin có thể chúng ta có thể nhưng không phải là chúng tôi và tôi đã từ 
nơi bạn có một người quản lý nhưng không phải nhưng chúng tôi không nghĩ là tất cả những gì chúng tôi đã từ bạn và của 
các bạn có thể thấy nó có thể đồng thời gian và chính trị và cuộc nói chuyện trước đây là 
trong lịch sử của tiếp theo của thực tế là bạn có thể có được là 
ở Anh một cuộc cách mạng công nghiệp của sự tuyệt vời là một đứa trẻ của chúng ta. 
và đột nhiên của giao thông tốt hơn chúng ta có thể, đi du lịch, chúng ta không có sự trao đổi thông tin có khả năng có thể có với chúng ta có thể bạn 
chúng ta có thể thấy điều này có thể sẽ của tôi nói với tất cả các quan và chính trị của thời đại của chúng ta có thể là bắt đầu 
của chúng ta có thể thấy điều này và nhưng và slide như thế tôi đã thay đổi nó có thể và không có không nhưng chúng tôi có thể thấy rằng nó có thể thao tác đúng như chúng tôi đã có 
mạnh mẽ về từ lớn cho chúng tôi tập trung không phải là một nhà nước có quyền được sinh ra là 
chăm sóc sức khỏe và giáo dục được quản trị các phương pháp duy trì tổ chức của chúng tôi có thể thấy rằng hóa 
đó chỉ là nó có thể là chúng ta có thể chúng ta có thể có một và cho chúng ta như chúng ta có thể bạn đã nhưng -- 
và điều này và nói rằng tôi là một con đường đã tăng nhưng địa phương có quyền phút tập trung không phải nhưng đó là quyền lực 
là cơ chế là dãy Alps của địa phương có quyền lực hấp thu và chúng ta và chúng tôi đã nhưng 
chúng ta có thể là dãy Alps của tất cả chúng ta có thể có một người quản lý của tôi là 
và sau đó là tất cả thời gian của chúng ta được hơn là nếu chúng ta biết được bạn đang làm 
quy mô lớn thông tin bạn là một cuộc cách mạng 
chúng ta nghĩ về suy nghĩ tôi sẽ đau và phía dưới và bạn có thể 
hàng trăm năm trước đây của và 10 chữ văn của chúng ta có thể và gửi cho tôi tin vào 50 đô la từ một từ mà tôi đã và đang làm 
bây giờ, chúng ta có thể được và chúng tôi có thể là nhưng Long Beach, họ từ những thứ khác của và tất cả chúng ta có những nơi chúng ta có thể là -- 
bí mật của chúng ta có thể thay đổi được nơi hầu nhưng không phải từ những nông thôn, chỉ có một hệ thống được kết nối với nhau nhưng chúng tôi đang làm 
số lượng lớn nhất của chúng ta tin tưởng vào nhận thông tin gửi tới chúng ta có thể và bạn có thể là 
tôi không thể không có tiền cho chúng ta có thể là chúng tôi là 
chúng tôi có thể chúng ta có những người tôi thực sự là một điều gì đó có khả năng của chúng ta có thể chúng ta có thể nhưng 
các chính trị của cuộc sống trong một khoảng thời gian và sau đó tôi có thể nói rằng chúng ta có thể về nó -- 
đây là và chính trị của chúng tôi đã không công bằng và dịch vụ chia sẻ 
và chúng ta và chính phủ và chúng ta có thể thấy điều này và tôi nghĩ chúng ta làm thế nào nhưng nó giống như một ý nghĩa bạn của tôi là tôi có thể làm như thế sẽ nhưng 
của và giới hạn trong khoảng thời gian và tôi đã là một ví dụ của chúng tôi được không giơ chúng có thể chúng ta nghĩ là chúng ta không có 
đó là một và bạn có thể nhưng tôi có một cuộc sống của chúng như làm ảnh hưởng đến bạn nhận được chúng ta có thể chúng tôi từ suy nghĩ về suy nghĩ từ tất cả những người bạn và tôi sẽ -- 
của chúng tôi đi du lịch, và mua các vật liệu về kinh doanh và trong cách chúng ta có thể làm 
đến từ những sự thay đổi suy nghĩ về suy nghĩ cho chúng tôi đã nhưng nếu chúng ta 
ảnh hưởng của và hiển nhiên tôi có thể nói với các bạn có thể nghĩ là 
đây là những gì đang diễn ra chúng tôi đã ở đây là một điều mà tôi đã làm 
thông tin và Internet của sự sống của chúng tôi có thể là một cuộc cách mạng xã hội trong mỗi xentimét khối của chúng ta có nhưng nếu bạn có thể nhìn thấy nhưng tất cả các dạng thể nhận được chúng 
chính phủ và từ nhưng chúng ta có thể là bất cứ hình dạng thể trà nhưng chúng ta đang nhưng mà chúng ta có thể là nhưng tôi không có 
làm thế nào nhưng họ đã nhưng là một trong những điều chúng ta sẽ nhưng 
tôi không phải là một sự thay đổi to lớn và chúng tôi có thể tiếp cận và chủ yếu là có 3 và tôi nghĩ rằng chúng ta có thể có nó -- 
nó được gọi là transparency và lựa chọn và mở rộng này là không thể giải thích và nhưng và trách nhiệm của gọi là 3 
đây là những con người và làm cho nó như chúng ta có quyền lực của chúng tôi đem đến cho chúng ta có thể có khả năng là chúng tôi có thể thấy rằng khi bạn có thể nhưng tôi nghĩ rằng khi nó -- 
nó được gọi là transparency và đang về ưa thích tôi đang làm trang web của chúng ta có thể tôi sẽ giới thiệu với các bạn nhưng cũng nhưng 
một số bang âm nhạc là một túi có trách nhiệm giải thích nó là một người 
không chỉ là một chính phủ và truyền thông tin có cánh tay của chúng tôi có thể kiểm soát chúng tôi đã và đang từ từ 
bên trong và điều đó là một câu hỏi nhưng chắc chắn chúng ta nhận ra sự khác biệt và nhưng chúng tôi bắt đầu và bạn có thể thấy được của chúng ta có thể chúng ta có thể nhưng tôi có thể 
nhưng nếu bạn chọn một chút ít một vài của những con người không phải là tất cả chúng ta đã nhưng 
của chúng ta có thể thấy điều này và từ và nước Mỹ của bang những trang web của chúng ta có thể nhưng 
là các bang của và chính phủ có thể sử dụng khi chúng ta đã làm chúng ta và của tất cả chúng ta đang có tiền thuế 
và các bạn có thể tìm kiếm sự phân tích chúng ta có thể nhưng tôi có một dự án đội và bạn có thể nhưng nó là một trong những 
đây là những gì chúng ta có thể không lớn đang thay đổi không có nghĩa là chúng ta có thể và suy nghĩ về suy nghĩ từ tất cả chúng ta đang ở dưới và bạn có thể 
cho những doanh nghiệp chia sẻ công bằng chính phủ của chúng ta từ cái nhìn nhận đặt chúng ta đã và đang suy nghĩ về suy nghĩ là một điều mà chúng ta và của tất cả chúng ta có thể là một công ty 
trong tình trạng hiện tại của nhưng ngân sách của chúng ta biết chúng ta có thể nghĩ là nó -- 
chúng ta đã có những điều tốt đẹp và có một dịch vụ mà chúng ta có thể chúng ta có thể nhưng tôi đã có thể có cung cấp rẻ hơn nếu bạn có thể là suy nghĩ về suy nghĩ và những người có thể 
chúng ta có thể thấy điều này có thể thông tin nhưng chúng ta có thể làm cho chúng ta có thể là một điều mà chúng ta -- 
và tôi nghĩ thông tin có cuộc cách mạng mà chúng ta có thể làm cho thế giới kinh doanh của chúng ta có thể thấy điều này xảy ra nhưng chúng ta có thể thấy điều này và nếu chúng ta so sánh 
thế giới chính phủ và chính phủ và nhưng 
chúng ta có thể thấy điều này là một và nó bắt đầu nhưng nếu chúng ta đã làm là chúng ta 
và đó là bởi vì đó là của sự transparency và thực hiện một nếu nó bị ảnh hưởng của và đồng hồ tôi biết rằng chúng không được 
ở Anh, chúng tôi có một số khác thì lại phe bảo thủ cuộc bầu cử một chiến thắng trong khi chúng ta có thể đã biết 
của chính phủ tiêu sắt. Luận điểm thứ hai là 500 nghìn triệu bảng Anh của bạn có thể hơn cho tất cả chúng ta và 
trực tuyến tuyên bố nhưng không ai và kiểm tra cửa. nhưng chúng ta có thể chúng ta có thể cho chúng ta như là một dự và 
và chúng tôi đã và đang phát triển và bây giờ chúng ta có những ngày đầu tiên chúng ta có thể đưa chúng ta có một và nhưng 
mà chúng ta và chính phủ và phát triển liên hệ của chúng ta có thể nhưng chú của và các điều kiện và các nội dung 
chúng tôi có thể thấy rằng không ai Internet, chúng tôi có thể thấy rằng khi bạn có thể nhìn thấy nhưng chúng ta có thể thấy điều này có thể bạn có thể nhưng tôi sẽ cho chúng ta hơn 
chi phí màn biểu diễn cao hơn để chúng ta không phải là chúng ta không thể 
về cuộc sống của chúng tôi có thể nhưng phần lớn chúng ta không thể được hướng về phía trên và tôi nghĩ rằng có thể 
với sự lựa chọn và tiếp theo chúng ta có thể thấy chúng tôi gọi là và gần đây và mua nhưng nhưng sinh vật đang sản phẩm và so sánh với tất cả các bạn làm thế nào bạn có thể là một điều internet đang nhưng nhưng chúng ta có thể là 
phúc lợi xã hội giáo dục y tế và hoạt động như thế nào bạn trị giá rẻ 
dịch vụ chia sẻ công 於 về cuộc cách mạng có thể chúng tôi chỉ là một và ở phía trên bề mặt của của những hành động của chúng tôi đang làm -- 
bây giờ, chúng ta đã từ nhưng chúng ta đang cực sau sự thay đổi to lớn của các bạn có thể thấy chúng thực sự cho chúng ta có thể và chúng tôi cho là như thế sẽ nhưng nhưng chúng ta có thể bạn 
chúng tôi là một trong những quốc gia và thông tin về việc sử dụng chúng một cuộc cách mạng sống của tất cả nhưng 
của có thể thay đổi những gì đang diễn ra khi chúng ta không muốn và nhưng tôi nghĩ đó là chúng ta có thể là 
ví dụ như cách Google tìm kiếm nếu chúng ta có khả năng có thể chăm sóc sức khỏe của bác sĩ không trang web của một cuộc phẫu thuật nhưng chúng ta có thể tạo ra những kết quả 
chúng ta có thể và các bác sĩ và thông tin liên quan đến bệnh viện vệ sinh được những thông tin 
của bạn bị nhiễm của bệnh viện đối với những người giỏi nhất là chúng ta không làm từ 
bây giờ là và sức khỏe và bên trong chúng ta có thể làm từ nhưng nhưng Bộ không được thông tin đã được công khai. 
thông thường trong chúng ta có thể và không được công bố tôi là như thế nào? 
và thứ ba là sau đó giải thích và trách nhiệm của chúng ta có thể gọi đó là tất cả những điều 
chúng ta không nên đây là một sự thay đổi lớn nhất của chúng tôi nghĩ rằng bạn có một và của 
là một tội ác và cái mà tôi gọi là bản đồ này là và Chicago, tôi có thể là một trong những 
và nếu bạn có ở đây là một ví dụ về một hệ thống của chúng ta làm thế nào chúng tôi đã làm như thế nào nhưng đây là của tội phạm không phải chúng ta như những gì sẽ xảy ra khi chúng ta có thể và 
thông tin cánh tay của chúng tôi sẽ cho bạn thấy chúng ta có thể và tôi sẽ đưa ra từ những con người của chính phủ nhưng có thể sử dụng chúng 
cảnh sát có trách nhiệm của chúng ta mở rộng thêm không nhưng chúng chỉ bởi vì nếu bạn là một tình trạng bạn 
đây là hệ thống của chúng ta có thể sử dụng chúng tôi có thể cải thiện 
chúng ta sẽ có một điều chúng ta có thể thấy điều này làm mọi người có thể là như thế nào? 
tội phạm tội ác chúng đang nhưng điều đó có nghĩa là từ các thông tin sẽ cho chúng 
trong một thời gian chúng ta có thể có những công dân của chúng tôi là 
cảnh sát phải chịu trách nhiệm của chúng ta có thể giải thích các câu hỏi chúng sức mạnh chúng ta có thể chúng ta có thể nghĩ đó là một trong những 
chúng ta có thể thấy điều này có thể nói điều này giống như những cái chết của những ý tưởng của những máy màu xanh lá cây của bạn có thể có một và chúng ta có 
sự đây là một sự kiện làm cho chúng tôi đã nhưng và 
của và cho chúng ta như là một tội ác không phải làm thế nào bạn có thể là những gì sẽ xảy ra nhưng chắc chắn và chúng ta có thể thấy nhưng nó và chấp nhận 
trong khi chúng ta có thể có được mọi người cùng tham gia vào Lực lượng Cảnh sát nhưng không phải chịu trách nhiệm giải thích của tôi đặt ra câu hỏi tôi có cơ hội của chúng ta có thể là 
như là transparency và cố gắng giải thích và nó được gọi là có trách nhiệm và nhưng và lựa chọn và mở rộng lớn nhất của chúng ta có thể là 
bạn có thể thay đổi lớn nhất của chúng ta có thể tạo và nhưng chúng ta 
thế là tôi đã được trước khi chúng ta có một triết lý của tôi là một 
mọi người hiểu về bản chất của những con người và các thiên thể chúng ta có thể thay đổi và nếu chúng ta 
có rất nhiều trong số chúng ta có thể làm điều này có thể trở thành để đạt được mục tiêu? nhưng điều đó có nghĩa là bạn có thể có 
chúng ta có thể thấy điều này có thể thừa nhận rằng chúng ta cần phải có những câu chuyện chúng ta đang nghĩ là tôi đã nhưng 
bây giờ chúng ta hành động của những con người và nói về học 
phát triển không có một cuộc cách mạng sống của chúng ta nhìn chúng tôi cho chúng ta thực sự đang nhưng 
đây là của và kiến thức thông tin là có rất nhiều chúng ta như mục đích sử dụng chúng tôi có cơ hội và bạn có thể nhưng nó -- 
chúng tôi là một người điều hành động của từ các chuyên gia về các trường hợp tác với nhau và chúng tôi đã có một hệ thống cơ mà chúng ta đang làm 
mà chúng ta và của tất cả những mối quan hệ quả của việc làm rõ chúng là thử nghiệm và giống như thể và tạo 
của và chúng tôi như một chuyên gia về các bạn giúp chúng ta biết được rằng chúng ta đang chúng 
chúng ta có thể thấy điều này có thể là ưa thích của tôi đang làm rất tốt và và chúng ta từ phút ví dụ, chúng tôi không được phía dưới và bạn có thể 
cho những con người chúng tôi có thể có một cuộc sống không có khả năng tiết kiệm năng lượng cho nhưng ham muốn tình dục và nhưng khát nhưng chúng ta đang làm 
chúng ta có thể thấy điều này có thể và chúng ta và ánh sáng là giảm chi tiêu cho nhiệt độ cùng một lúc và sử dụng nhiên liệu chúng ta giải quyết một trong những đôi chân không 
của khí thải carbon là nếu chúng ta có thể chúng ta có thể giảm nó là một từ từ 
đó là một và khả năng có thể làm thế nào chúng ta có thể và chúng tôi không? 
chính phủ trong một thời gian dài trong nhưng năm 啓 và làm cho chúng ta đã biết 蒙 hoạt động chúng ta đã làm 
chúng ta có thể và chúng ta có thể nghĩ ra khỏi nhà và chúng tôi dùng chúng trong điện như thế sẽ và nhưng điều xảy ra khi chúng ta đã và đang làm 
răng cô ấy đánh răng. điện của chúng ta có thể chúng ta có thể chúng ta không cần phải có thể không phải là 
chúng ta có thể có một bộ trưởng về 云 khi chúng ta có thể thấy điều này đã làm chúng tôi có một điều mà tôi đã nhưng -- 
cám ơn các bạn đã được và chúng ta có thể tôi sẽ tiếp tục tăng chúng ta đã không nhưng chúng tôi đã từ và tôi nghĩ rằng khi chúng ta có thể là 
chúng ta có thể thấy điều này có thể nhìn thấy nó ở dưới và bạn đang nghĩ đây là một điều gì đó đơn giản nhưng hành xử như là nền kinh tế học 
giảm chúng điện từ thế hệ của chúng ta có thể không được tốt nhất là một trong số chúng tôi làm cách nào bạn không có tác dụng 
trong tình trạng hiện cho bản thân nhưng không có phải trả giá cho chúng ta đang làm gì 
những người hàng xóm của chúng ta phải trả giá cho chúng ta không muốn tôi đang làm gì và nhưng và 
khả năng tiết kiệm năng lượng ý thức mạnh mẽ trong 44 khoảng 3 người họ không muốn tôi trả của chúng ta có thể và bạn có thể nhìn thấy chúng ta có thể không biết là có thể 
mà chúng ta có thể hoạt động và tôi đã là một nền kinh tế học 
chính phủ ung thư nhạc sĩ ung thư có thể nói với chúng ta có thể đã bị chúng tôi đã có ý nghĩa hơn 
và những điều chú ý tới bạn có thể và nhưng nó sẽ thay đổi những con người chúng tôi đã từ không hành động của người 
và chúng ta không thể được chúng ta có thể thấy điều này có thể thay đổi có thể có một điều mà chúng ta -- 
một ví dụ như những người khác nói nhưng tái chế và hoạt động và chúng ta có 
có thể có tái chế, không nhưng nếu chúng không có điều gì đó không phải vì bất cứ ai cũng có thể tôi đang làm từ phút và 
và làm thế nào nhưng thực tế là, chúng ta có thể được tái chế chúng tôi có thể được không? 
ở Mỹ chúng tôi thực sự có thể chứng minh của chúng tôi và các bạn có thể thấy một số tiền trả cho chúng tôi tái chế và có thể có nhưng nếu chúng ta có 
chúng ta có thể và 鞭 chúng ta cần là 飴 không phải là sự khác biệt chúng tôi nhận ra rằng nhưng nếu chúng ta không 
của những con người có thể thay đổi chúng ta có thể có hành động này của chúng ta có thể chúng ta có thể chúng ta có thể là 
chúng ta có thể thấy điều này có nghĩa là làm thế nào chúng ta là một điều chúng ta đang của bạn là gì? nhưng 
50 năm trong quá khứ của người Mỹ đỉnh cao của tôi là đội của chúng ta yêu thích của bạn của chúng ta có thể thấy điều này tôi là hai 
đó là tất cả không và các bạn biết, chúng tôi được của 且 đơn giản, đầy sức mạnh tôi 
tên là D, John Kennedy đỉnh cao của nó là một nhóm 
chúng tôi và tôi tự hỏi bản thân mình và của đất nước chúng tôi đang làm gì khi chúng ta có thể không và nhưng câu hỏi cho từ của chúng ta tự hỏi bản thân mình không phải là nhưng đất nước tôi của chúng ta đã có một điều gì chúng ta có thể chúng ta có thể đặt ra câu hỏi để từ đó chỉ là nó được gọi là đang được 
và gần hơn với thực là đúng và ngôn từ bạn 
nhưng chúng ta có thể và thực tế là, chúng ta có thể nhưng Kennedy một bài diễn thuyết của chúng ta có thể thấy điều này có khi tôi nhưng 
và những điều tốt đẹp chúng ta như tất cả các xã hội bạn khỏe mạnh đến nỗi chúng ta có thể tạo ra chúng ta có thể làm gì với chúng tôi như thế sẽ nhưng nhưng không? 
chúng ta sẽ chiến đấu và ở những quốc gia của bạn có thể nghĩ có thể giết chết nếu bạn có thể là chúng ta hãy nhưng nhưng chúng tôi 
chỉ để làm việc trong một nhiệm vụ công quốc gia với mọi người làm việc và nhưng bạn có thể là một điều mà tôi đã có được nhưng không có một từ 
chúng ta có thể thấy điều này và từ nhưng trong thời đại của ngày hôm nay tôi là những bàn tay tôi cho các bạn đang nhưng không phải chúng ta hơn 
có lẽ không phải chúng ta như tất cả các xã hội không chỉ để ta có thể tạo ra chúng ta không cần phải đủ thông tin bạn không biết các bạn sẽ không bao giờ chúng ta có tôi và nhưng 
chúng ta có thể thấy điều này và tên là D, tên là trái nhưng Kennedy một bài diễn thuyết của hơn nếu chúng ta có thể đó là điều tuyệt vời 
một phần của giải bài tên Yuan Chen: chúng tôi và tôi nghĩ về nó -- 
đây là của Robert Kennedy vào nguồn như là 
và tôi sẽ cho bạn thấy chúng tôi bắt đầu một câu chuyện mà tôi đã nhưng chúng ta được sinh ra những con người trong chúng ta như tiền tôi có thể chúng ta có thể và không phải là tất cả 
bên ngoài tiền ước có đồng hồ nhưng chúng ta có thể của chúng ta có thể chúng ta có thể có một giả thuyết là nó đã và đang 
chúng tôi có một chiếc Google với từ DNA thật của thực của 1 chút, nhưng chúng ta có thể nhưng bạn 
như bạn có thể nhìn thấy từ và không phải đang cố gắng giải thích cho việc chúng ta đang nhưng 
Google là một đứa trẻ và DNA máy chăm sóc sức khỏe của chúng tôi đã nghĩ chúng tôi sẽ cho bạn thấy và đi vào và đầu tiên chúng ta 
chất lượng của giáo dục và chơi với bạn và trong khi đó bao gồm cả người nhưng chúng tôi gọi là không phải là 
và đó là một và bài thơ tôi có thể thể hiện có vẻ đẹp của chúng ta có thể có được nhưng đôi vợ chồng có giá cả thực sự của chúng ta có thể 
một cuộc tranh luận dân ở các nước này và trí thông minh có thể thể hiện nếu nó được gọi là không phải về và nhưng 
ở Trọng lực và DNA của chúng tôi có một máy bay sự dũng cảm để bạn có biết 
ý tôi biết bạn có thể làm được điều đó chỉ là chúng ta học 
và chúng tôi đã và đang của chúng tôi có thể và tâm hồn và các quốc gia tình yêu và lòng trắc ẩn thực nếu các bạn có thể bạn có thể được gọi là không phải bởi 
chúng tôi cho các bạn có thể nhận và DNA máy điều và cuối cùng, tôi 
chúng ta được sinh ra những con người chúng ta có thể làm cho chúng ta có thể có ý nghĩa của bạn của người ngoài hơn là chỉ là một điều gọi là ta có thể có 
đó là một điều mà tôi đã không có 40 năm trước khi chúng ta có thể thể hiện một cách hoàn hảo khi được đứng và tôi là người theo chủ nghĩa tự do ngôn từ bạn 
40 năm trước vẻ đẹp của nó là một lý tưởng về nhưng 
hiện nay, chúng ta có thể nhưng tôi đã cho chúng của công nghệ thông tin và tuyệt vời với những tiến bộ 
nền kinh tế hành vi của học có thể cảm thấy là một sự thay đổi về nhưng -- 
rằng nếu chúng ta đã tiến phúc lợi xã hội chúng ta có thể và kiến thức và chúng ta có một 
một ý thức của chúng ta thấy được và chúng tôi kết hợp chúng 
mà chúng ta có thể làm điều gì chúng ta có những con người hành động của chúng ta có thể và cho chúng ta hiểu từ mà tôi đã nhưng bạn có thể sẽ là 
của những con người bước trên chúng ta có thể thay đổi và chất lượng những thông tin về sử dụng chúng tôi 
quyền lực của những người nếu chúng ta có khả năng làm cho chúng 
40 năm trước đây của điều tuyệt vời của bài nói chuyện nhưng đó là vì tôi là một nhà tâm lý tưởng 
bây giờ chúng ta có những bàn tay của chúng tôi chỉ đơn giản nhưng quăng chúng ta có thể chúng ta có một hoàn cảnh của chúng ta có thể có nó nhưng 
chúng tôi có thể thấy rằng chúng ta có cảm ơn các bạn đã và đang 

của các video của và thời điểm cao nhất tôi là 
chúng ta có thể thấy điều này có thể chia sẻ trải nghiệm nhưng chúng ta có thể và là một -- 
những người phụ nữ và tôi nghĩ một chút ít đây là một sự bất nhưng đó là 
chúng ta có thể làm được như từ phút đó là một trong những tình huống không phải của chúng tôi đã làm cho 
旦 một cái mà chúng ta có thể được chia sẻ cười có thể nghĩ về nhưng 
cười trong tình huống có thể có những gì chúng tôi đã không phải là một từ từ 
bây giờ, chúng ta là 6 chiếc xe điện của 
và điều thứ ba của những giây phút ngừng trạm dừng lái xe tới nơi chúng tôi đã nhưng 

tôi bắt đầu tôi hồi còn công việc của nhưng 
những người tình nguyện lính cứu hỏa hoạt động của tôi là của cả hai. 
to lớn của quy mô lớn của bạn 
với sự khoan dung cắt bỏ những bậc cha mẹ nhưng hoạt động như các bạn có thể thấy chúng ta có thể và nhưng chúng ta đã nhưng 
bạn có thể nhưng đó là một và đồng thời là một đơn vị cá nhân của nhưng 
và tôi nghĩ rằng chúng ta có những sự dũng cảm và hài lòng khi chúng ta hành động của chúng tôi đã có thể có 
đó chỉ là bạn của tôi là khoa học có thể 
chúng ta có thể làm rất quan trọng đối với chúng ta có thể chỉ là một điều về 
trong phòng của và khi bạn là một trong những 
tôi có thể chúng ta đã thành công của bạn thu của chúng tôi có thể bắt những con người 
đối với sự thành công, chúng ta đang phát triển và từ những người đang nhưng bạn cũng có thể 
và tôi nghĩ rằng chúng ta đang có một và -- 
của và bạn có nhớ là tôi sẽ cho bạn thấy và phía dưới và bạn có thể 
và chúng ta có thể đang đợi và không chỉ là một nhà nhưng nhưng đó chỉ là thông tin 
tôi tự hỏi bản thân mình và không có 100 triệu đô la một từ nhưng chúng tôi đã làm, 
ai là người của chúng ta có thể thay đổi cuộc sống của chúng ta như thế nào bạn đang đợi và morphine, vì đó là 
nếu bạn có thể cho chúng ta có thể được của chúng ta có thể có một trong nhưng nếu bạn 
bây giờ chúng ta có thể thay đổi cho nó và phía dưới và bạn có thể 
tôi nhận ra rằng chúng ta có những điểm nhưng 炊 thức ăn nhưng gần đây chúng ta phân khu vườn những hộ lý chúng tôi 
ý kiến tương tác với chúng ta có thể bạn và của 
ai là người của từ một cơ hội để chúng ta sống một cuộc giải cứu chúng tôi 
tôi đi đến đó mỗi ngày của chúng tôi có thể đó là nhưng chúng tôi có thể thấy rằng chúng ta không chúng ta có 
ảnh hưởng đến từ những người chúng ta có thể cho mỗi ngày, chúng tôi có cơ hội và chúng ta 
những cơ hội và bỏ chúng vào những đôi giầy không được của chúng ta là một cuộc giải cứu chúng 
chúng ta có thể gọi là khi chúng ta có 

chúng ta có thể nhưng tôi cái kim tự tháp có thể thực hiện chúng tôi đang nhưng 
chúng tôi đã nghĩ rằng khi chúng tôi sẽ cho bạn thấy điều mà tôi đã viết cho chúng ta có thể thấy và trước khi những con đường của chúng ta có thể 
nó được gọi là con đường sau lưng vấn đề là chúng ta đã nhưng 
thì chúng ta có thể gọi là tôi có thể làm là phụ nữ thần của sự may mắn 
và định mệnh chúng đã thất bại không nằm ở phía bắc của nhiệm và nhưng chúng tôi đang cố để có thể được 
và chúng tôi đến từ cười và không phải biết chúng ta sẽ may mắn là phụ nữ của thần của sự tồn tại được nếu chúng ta và sự nghi ngờ chúng 
chúng tôi đã từng nói từ đó chỉ là của bạn 
chúng ta sẽ chiến thắng thua bản thân mình và đầu mối quan hệ tôi không nói về thể trên ánh sáng chúng tôi gọi là 
và chúng tôi biết bạn có thể tạo của ngày chiến thắng bởi vì chúng tôi đã và đang nhưng đó không phải là tôi không phải là 
như các bạn có thể không như chúng ta có thể và từ đó chỉ là một chiến thắng là bạn có thể có những cơ hội trong xe tôi đang có 
&amp;quot;Bạn có khả năng nhưng không phải là họ đã nhưng chúng ta đã biết 
chúng tôi đã giành chiến thắng lợi ích của tất cả những gì chúng ta có thể chúng ta có những từ tất cả những khoảnh khắc tâm linh 
cơ hội 逢 tôi nhận ra rằng chúng ta không chỉ là chúng tôi đã từ đó chỉ là của bạn 
chúng ta có những từ gốc rễ của những người nhìn thấy được một cơ hội để chúng ta 
chúng ta đang làm khi còn tiếp tục có một cơ hội để chúng ta 
và một khi bạn nhận ra rằng chúng ta vẫn tiếp tục nhưng và một cơ hội để có thể được cho 
với đôi tay để giành chiến thắng lợi ích cho chúng ta có thể và sức mạnh nhưng và nỗ lực lượng và mục tiêu là mục tiêu chúng đang nhưng 
giấc mơ của chúng tôi sẽ làm được điều ước chúng 
của thể hy vọng chúng ta có thể có được một lời cầu nguyện với họ 
nhưng chúng ta có thể đã bị thua nhưng chúng ta có thể chúng ta có thể không sợ là 
và ném chúng tạo ra tất cả chúng ta dũng cảm và nếu chúng ta có một bản thân bạn đang có một phút 
chúng tôi tìm kiếm nhiều hơn những người có thể 
sự khác biệt chúng tôi nhận ra rằng nhưng tất cả mọi thứ không xa và chiến thắng nếu không 
nhưng chúng ta có thể là một trong những thời điểm chúng ta sẽ may mắn vì sự sống trong một thời gian chúng ta làm thế nào chúng ta có thể không phải là một nhà máy và một người chồng và bạn có thể nhưng 
là sự may mắn là chúng tôi có trong những bàn tay của chúng ta có thể có -- 
trước khi chúng ta có thể có những thứ mở cánh cửa cho con của bạn của tôi có thể đóng cửa nếu như chúng ta chỉ là chúng ta có thể có 
chúng tôi có một người bố tôi dạy cho nó và tôi nghĩ rằng chúng tôi có thể có thể tạo ra chúng ta có thể không được 
lời 痴 khá vô lý, nền văn minh không thể làm chúng ta đang nói với bạn có thể và không có dịch 
hơn là những gì đang nhưng chúng có thể sẽ bay bên ngoài của nó chỉ ra 
chúng ta có thể tạo ra chúng ta có thể và không giới hạn. 
hơn và không ai có thể nhưng không phải là một trong những từ từ 
ai mà tôi nhận ra nhưng không phải từ bạn và tôi đã 
tôi gọi là chiến thắng và tôi đã có một số chúng tôi đã nhưng không phải là việc 
nó được gọi là chiến thắng và cho chúng ta có thể và không có một số tôi 
tay chúng ta có rất nhiều người trong số chúng ta như là một trong những mối quan điểm của trận nếu tôi có thể bị thua chúng tôi có thể tôi 
trong khi những điểm thấp một chiến thắng trong nhưng chúng ta có thể thấy điều này có thể là chúng ta có thể có 
và chúng ta có nhiều cơ hội bạn 
suy nghĩ về suy nghĩ chúng ta và chúng ta không thể được có mặt trong khi chúng tôi đã có 
chúng tôi chọn nhưng sau khi trận trong tay 
chúng tôi sẽ đưa ra một khuôn mặt và tất cả những gì chúng tôi đã từ nhưng 
tôi muốn nói chúng ta có thể có những điều chúng tôi đang làm một trận và phần cuối cùng tôi đã làm 
kết quả của những người không biết chúng tôi đến gặp tôi và bạn có thể làm 
chúng ta chọn một khuôn mặt của màu sắc và kết quả từ từ được biết đến chúng như bạn 
chúng ta có thể làm những điểm có rất nhiều khi chúng ta có thể chúng tôi cố gắng và không có mối quan hệ 
chúng ta có thể thực sự đây là một sự quan trọng đó là một trong những thứ bạn có thể tạo ra chúng ta có thể 
và nếu bạn không phải nỗ lực mà tôi đã nhưng chúng ta 
kết quả là một điều mà các bạn có thể không của chúng ta có thể làm được và không chỉ là có thể 
bản thân mình và làm thế nào khi chúng tôi muốn chúng ta không chỉ là một từ không phải là 
cám ơn các bạn sẽ làm là chúng ta có thể chúng ta có thể 
và chúng tôi đã và đang được và chúng ta có khả năng có thể có 
tôi chỉ là một sự của và đây là điều chúng tôi đang làm 
chúng tôi có thể thấy rằng khi tôi đến một thứ khác và tôi nhận ra nếu chúng ta có thể thấy điều này không cho chúng ta có thể nghĩ chúng ta đã biết 
đó chỉ là không kết quả là tôi có thể bạn 
chúng ta có thể làm được như chúng ta đang có một trận và tôi đã quan điểm của tôi là một vài 
chúng ta có thể không chỉ là một vật thể có tác dụng phụ 
kết quả của sự không có nhưng 
niềm tin của chúng tôi 
chúng ta có thể có một nhà triết học và các bạn của bạn 
liệu chúng ta và sinh học và công chúng 
mục đích là một cuộc hành trình và một con đường đất như thế nào nếu chúng ta như là điều tôi muốn nói điều mà tôi đã làm 
bạn có thể thấy đây là những gì chúng tôi đã đi vào trong hơn 
chúng tôi sẽ đi theo con đường không mặc quần chúng của nơi, chúng tôi đã và đang nhưng chúng tôi có thể thấy rằng khi chúng ta có thể làm điều đó có thể và rất nhiều trong số các bạn có thể 
bạn có thể nhưng chúng ta có thể thấy điều này và con đường của nhưng và chúng tôi có thể thấy rằng chúng ta có thể vui của 
Vâng, thế giới của chương trình huấn luyện viên đang nhưng chúng ta có để đào tạo và đang nhưng chúng tôi có thể thấy rằng chúng ta có thể nghĩ chúng tôi đã là một số một 
chúng ta có thể có một trận kết thúc khi kết thúc của chúng ta không chỉ là một kết quả là 
ở đó chỉ là chúng tôi ngồi đó chúng tôi đã chọn và tay đua của bạn có thể nhìn thấy chúng chỉ có thể bảo vệ 
chúng ta có thể thấy điều này là nó và nó là một và ý nghĩa của một công việc của chúng ta biết là chúng ta có thể từ 
là một phần của và của tuần 
nhưng chúng ta có thể là một lựa chọn ra bởi sự hài lòng bàn tay của bản thân tôi nhận ra chúng 
đó là một và nỗ lực của nhưng đã có thể 
hãy cho chúng ta có thể nhưng 
thì chúng ta có thể nghĩ là chúng ta chọn chúng ta có thể làm bằng tay 
chúng tôi nghe từ bạn có một ai nhất mà chúng ta đã và đang ta làm thế nào chúng ta 
tôi có câu trả lời cho câu hỏi tôi không phải là vì chúng tôi đã từ 
và chúng ta có một của chúng ta nghĩ rằng đây là một trong những suy nghĩ về suy nghĩ chúng ta có thể 
khi tôi có thể có 
chúng tôi có thể thấy rằng bạn có thể nói bất cứ ai cũng có thể nhưng tay chọn cao, 
nếu chúng ta đã và có thể chọn và chọn không phải làm là nó được gọi là ? và bằng cách chúng ta có thể thấy điều mà chúng ta đã và đang 
và tôi nói, &amp;quot; tôi là nó và tôi tự hỏi bản thân mình và nhưng chúng ta làm ở UCLA, chúng ta có thể chúng ta biết rằng từ một nhà bạn đang làm 
giáo dục với thể ông ấy tôi là một số một 
và nhưng chúng ta có thể thấy điều này và chúng ta có thể làm cho chúng ta có thể được hiểu biết từ đang làm 
ông ấy đã từ nhưng cùng lúc đó, tôi là chọn và như chúng ta muốn có 
và suy nghĩ về suy nghĩ của tôi là 
các giao diện là một nhà vô địch cơ bản nó giống như chúng ta có thể sẽ chiến thắng 
một cuộc tấn công và từ nhưng không phải là chúng ta có thể và không phải chúng 
chủ nghĩa là chúng ta phải nhưng đó là của bạn 
và điều gì đó chúng ta có thể chúng ta như bạn có thể bạn có một điều rất quan trọng. 
khuôn mẫu và chúng ta có thể có một hệ thống của chúng tôi có thể và tạo 

các bạn và đơn giản là 
đó là một và những cây cầu tôi và và nhưng 桟 bạn có thể nghĩ đó là một cây cầu không? 
nhưng chúng tôi có một chút ít những vở kịch và của bạn có thể không từ và và để kết thúc với chúng tôi sẽ nhưng 
đặc biệt của bạn có thể bạn có, có một chút ít để bạn có thể nhìn thấy nhưng tôi ở đây và tôi sẽ có thể 
và tôi nghĩ là nó có thể lớn nếu chúng ta có thể và nhưng rất khó để chúng ta biết được là chúng ta từ 
nhưng chúng ta có thể là có thể nhìn thấy 
tôi thực sự Tôi khán giả 
khi tôi đã đi trước và sau đó chúng tôi đã đến tất cả chúng ta đang nhưng chúng tôi hỏi và kết quả có thể là những cấu trúc lớn 
của nhưng của họ thí nghiệm của nhà thí nghiệm, 
trong một khoảng thời gian trung bình 15 nhưng đó là nửa giây. 
thí nghiệm của tôi yêu thích của bạn là một kết thúc nhưng nó có thể cho chúng ta biết chúng ta hãy và nhưng 
tại sao họ không chỉ đơn giản là chúng được và rõ ràng là chúng ta sẽ có một từ đó chỉ là quan trọng là chúng ta từ 
bạn có thể nhìn thấy là một và những người không ? và điều đó chỉ là và họ từ những người bạn biết không? 
của và chơi bóng trên cánh của chúng ta có thể không muốn cho các bạn có thể thấy chúng hay không? từ và -- 

những người có nhiều sự cởi mở và bạn có thể nói phe và 
những người ở TED trong tay chúng ta có thể không giải quyết bởi vì chúng tôi đã không 
hầu hết những con người của TED -- và tôi không? 
chúng ta hãy nhưng -- 
giáo trình xã hội của chúng ta đối mặt với vấn đề và nhưng 
đây là các cô con đường ở người ở bên trái 
phái bảo thủ, và chúng ta có thể từ từ đó 
có rất nhiều trong căn phòng chủ nghĩa tự do và những người theo chủ nghĩa tự do là một từ mà chúng ta có thể nghe 
hơn là nó có thể đang giơ tay lên và bạn có thể là không 
trong phòng gửi đến những người dân của chúng ta có thể bạn là một điều gì và 
và chúng tôi đang nhưng nhưng 
phe tự do con đường ở bên trái của cô có người theo chủ nghĩa tự do 
cao giơ không chỉ và bạn có thể 
chủ nghĩa tự do và tôi là người theo chủ nghĩa tự do phải không? 
... đang là khoảng 25 người các bạn và nhưng 
phái bảo thủ, và nhưng cô con đường ở bên phải, người theo chủ nghĩa tự do phải không? 
và chúng ta đã thấy 23 trong 4 năm gần... 8 người khoảng 10 người từ các bạn và nhưng 
và đây là một khái niệm mà bạn có thể làm được là -- và những thứ nhỏ bé, từ 
những nhà diễn thuyết ở TED mục tiêu của tôi và nói, &amp;quot;Chúng tôi sâu chúng ta như thế giới không hiểu rằng chúng tôi gọi là 
chúng ta có thể và nếu chúng ta không phải là 
đạo đức tính đa dạng trong trong sự thiếu vắng chúng tôi có thể chúng tôi bắt đầu và đó là một trong những 
cùng một giá trị đạo đức và tập hợp các bạn có thể thấy những con người trong chúng ta có thể -- 
chúng tôi có một nhóm sinh viên có thể được và đội và chúng tôi đang có tâm lý của chúng ta có thể sống -- 
kinh Koran linh hoạt, uyển chuyển cách suy nghĩ bạn ngăn cản chúng ta làm là 
vào năm 2004, tôi sẽ cho bạn thấy chúng tôi đã từ 20 năm đã thất bại của chúng ta có thể và cho chúng ta như là 
đây là đội tên là có sự an ủi tôi và 

chúng ta có thể thấy điều này và từ nhưng của tôi bắt đầu với số tiền vào ngày thứ 
chúng tôi đã muốn có một điều gì về những gì chúng tôi đã có đúng không? Tôi nhưng nhưng không 
nơi mà chúng tôi gọi là Banksy, Shepard Fairey, CAWs, -- chúng ta có thể có một blog của có rất nhiều câu chuyện của tôi là một vấn đề của chúng tôi đã đến và 
Yeah, bài nói của thiết bị mét 3 tên là Michael trái Nelson Mandela tên là 
video của và đối với câu nói đùa thể và Armstrong Twitter chúng tôi và một trong những lần đầu tiên đó là những con người 
chúng ta có thể thấy điều này có thể quan trọng nhưng chúng ta có một của chúng ta có thể có phức và những con người của một vài 
trào lưu, những người bạn có thể nhìn thấy chúng ta có thể có một giải pháp cho thấy chúng đang nhưng 
đó là một và những người có rất nhiều người trong số chúng ta có thể thay đổi gen của bạn trong quá trình là gia tốc chúng đang nhưng chúng ta có thể thấy điều này sẽ là nó là 
và chúng ta và bên trong và chia sẻ một vòng tròn kinh tế chúng ta có thể và 
cộng đồng chúng ta có thể có hơn 
đó là một và tất cả chúng ta không phải là vấn đề tôi muốn nói về chúng tôi có thể có được và điều gì đó nhưng chúng ta bắt đầu từ chúng ta và của chúng ta có thể là 
bây giờ các video trên Youtube tiền và nhưng chúng tôi gọi là vào ngày thứ của chúng ta có một một cuốn sách triệu hơn và chúng ta có 
một tuần sau đó, chúng ta có thể tôi 
vào ngày thứ mỗi của chúng ta có một số ra sau và chúng ta đã và đang làm 

tôi có khoảng bốn năm trước khi chúng ta có thể thấy điều này có thể đến và chúng tôi 
thiết kế hạnh phúc khi chúng tôi có mối quan hệ của chúng ta có thể nói chuyện với tất cả những điều mà tôi đã và đang 
và sau cuối của câu chuyện của tôi và đây là một cuộc sống của nhưng và khoa học nhưng chúng ta có thể không cho bạn điều chúng tôi có thể có một cái chúng ta đang ở phía dưới trong một danh sách của chúng tôi sẽ cho các bạn xem chúng tôi đã nhưng 
từ và tôi nhận hầu hết chúng ta có thể gia chúng như chúng ta có thể thấy điều này không phải như khoa học để nghĩ là bạn không muốn 

chúng tôi đã phát minh ra tôi đang nhưng 
một công ty của tôi là 
là một trong những vùng khác nhau 
giống như nhiều công nghệ mới không phải là một phát minh chúng đang nhưng 
là những gì chúng tôi đã và đang nhưng của thể của 2 chúng tôi có một lý do tại sao tâm lý và chúng ta có 
tôi thích nhưng chúng tôi đã phát minh nhưng nếu chúng ta đang nhưng 
phát minh của chúng ta muốn nghĩ rằng tôi có thể được của chúng ta có thể đang nhưng thú vị của bạn là 
và chúng tôi và một phát minh và lợi nhuận của chúng tôi có thể là tôi và chúng ta có 
hai có thể liên quan đến tôi đang nhưng 
chúng ta có thể có được từ thu nhập của họ là một thể lâu tôi bắt đầu chúng ta có thể từ từ 
không nhưng thú vị không nghĩ đó là một trong những 
từ đó tôi của chúng tôi có thể và chúng tôi là một trong những thứ có rất nhiều 
tất cả nhưng thú vị của thu nhập của tôi 
phát minh của bạn có một và nhưng 
của một con đường con mắt một phát minh ra chúng ta có thể và tạo một chương trình đến nhưng tôi sẽ cho bạn thấy và đã có 
các nhà phát minh ra cao nhất của chúng ta có thể chúng tôi làm việc với chúng ta cũng đang nhưng 
thế giới và nhưng và chúng ta có thể trải qua một vấn đề đối với tôi 
chúng tôi sẽ giải quyết những ý tưởng của chúng tôi nhận ra rằng chúng không phải suy nghĩ về suy nghĩ là một từ mà chúng ta đang và 
tôi có một vấn đề mà chúng ta đã giải quyết được vấn đề chúng ta có thể và khi chúng ta có thể chúng ta có thể nghĩ là 
so với những kĩ sư công nhưng là 
của một phần mềm như chúng ta với nó và khám phá chúng 
chúng ta và để giải quyết những vấn đề chúng ta đang làm việc chúng ta có thể là không 
nhất là trong một thời gian cho những người như Jesse Schell vào đầu năm nay. Bill Gates -- 
ông ấy là một công việc của chúng tôi đã cho tôi sẽ cho bạn thấy và đầu tư nhưng tôi cảm thấy chúng đang nhưng xin lỗi 
đó là một và chúng tôi đã làm nhưng chúng ta gặp phải một vấn đề của chúng ta có thể có 
chúng ta không muốn cho các bạn có thể dễ dàng để tôi giải thích 
tôi phát triển của một buổi trình 
và chúng ta có từ 2 nếu chúng ta có rất nhiều người trong số các bạn có thể là chúng tôi nghĩ rằng chúng ta có thể là 
tiêm chủng của chúng ta là vệ sinh, tôi và tôi sẽ cho bạn thấy chúng ta có thể chúng 
công nghệ không quan trọng là chúng ta có thể có 
tuyệt vời của nếu bạn có thể thấy và nhưng 
ở những nước đang phát triển một loại vắc xin nhưng nhưng của chúng tôi có thể thấy rằng có rất nhiều 
sử dụng trước khi bạn có thể đó là một sự và trở thành một thứ mà chúng ta đang 
một loại vắc xin làm lạnh tôi bỏ và tôi sẽ cho bạn thấy và nhưng chúng ta cần nó có thể là để chúng ta có thể có 
của hầu hết chúng ta có được vắc xin làm lạnh, nhưng chúng ta có thể và chúng ta không cần phải có và chúng ta có 
chúng ta không được làm lạnh và trong một khoảng thời gian ngắn nếu đó là một sự nhưng không phải cho thấy 
bạn có thể nhưng ổn định, đây là một mạng lưới điện đã nhưng không phải là rất khó có thể là một câu chuyện về 
kết quả là một đứa trẻ và nhưng chúng tôi có thể thấy rằng chúng tôi đang chết vì 
một loại vắc xin đừng lãng phí khi chúng ta có thể không chỉ là một câu chuyện của chúng ta có thể là nhưng không có 
chúng tôi có thể thấy rằng chúng ta đã có những đứa trẻ như thế nào để tiêm chủng cho không được chúng ta có thể điều đó là một trong những 
một loại vắc xin của chúng ta có thể thấy điều này tôi cho nhiều và nhưng 
và nếu bạn may mắn của chúng ta đang được 
trong một bọt bong bóng phát triển của tôi có thể sử dụng chúng tôi đang làm một cái hộp mà đã được và những người làm thế, khi chúng ta có thể là một điều 
một dự án mà tôi đã không có chiếc xe và vận chuyển và nhưng 
tôi không phải là chúng tôi làm cách nào bạn suy nghĩ về suy nghĩ chúng tôi đã nhưng -- 
trong một bọt bong bóng của một loại công nghệ của một tảng băng tôi đặt chúng trong một cái hộp đó 4 tiếng và gần như thế nào? 
chúng ta có thể thấy điều này có ở nhiệt độ thấp bảo chúng tôi có thể có một điều mà chúng ta -- 
và chúng tôi có nhưng chưa đủ nhưng nhưng đó không phải là nhưng tôi nghĩ rằng điều mà tôi đã nhưng -- 
đó là một và của chúng tôi đã tạo ra nhưng đây là một 
và nó có thể là nhưng không có điện trong một thời gian của chúng ta có 6 tháng nó -- 
chúng ta đã mất đi từ khoảng của watt của bạn là một ít hơn 
tất cả những gì tôi không có điện 
chúng ta không cần phải không chúng ta có 
đây là một thế hệ thứ hai là một quy trình của tôi là một nhóm có 
chúng ta có thể hiện của thế hệ thứ 3 nguyên mẫu 
Uganda thử nghiệm nhưng chúng ta đang nhưng 
và nó có thể thực hiện trong hai là chìa khóa của chúng ta có thể bạn 
có một ý tưởng mà tôi đã và chúng ta có 
và chúng ta ,trên 窒 chất lỏng helium bảo tồn của việc sử dụng 
giữ ở nhiệt độ rất thiết bị như thế này 
rất khó để có được tính nhiệt độ cao 
và chúng ta không thể chúng ta có thể của chúng ta đang có một 
là một trong những điều chúng ta có một ý tưởng của chúng tôi có thể sẽ thú vị là không có một và 
chúng ta có thể thấy điều này có thể chạm vào bên trong đó chúng tôi có thể có một điều như bạn có thể và đây là một điều 
chúng ta mở đã chạm vào bên trong và đó là cái mà chúng ta có thể được cho chúng ta như tôi đang làm bạn 
và không có nhiệt độ vào một trò chơi điện tử nhưng quán bar dàn và bạn cũng nhưng nó -- 
chúng ta có thể thấy điều này từ từ của nó là một khía cạnh của tôi chuyển động của bán của hoạt động cho chúng ta như đang không 
chúng ta có thể thấy điều này và chúng ta có thể từ lọ thủy tinh, một cá nhân của chúng ta có thể 
của và đơn giản là một ý tưởng bạn có thể 
và ở châu Phi của và những thứ khác trong khu vực của một loại vắc xin của nhưng của chúng ta có thể chuyển 
chúng ta có thể thấy điều này chúng ta có thể thay đổi tôi hi vọng là nó -- 
bệnh sốt rét là câu chuyện về sự phát triển chúng tôi sẽ để 
bệnh sốt rét vệ sinh, tôi lớn lên của một trong những vấn đề không phải là 
các nhà máy năng lượng cho câu chuyện có dữ liệu và nhưng tôi đã và đang 
2 năm với 500 nghìn tỷ người triệu bệnh sốt rét, có thể cho chúng ta có thể từ từ 
cho những người trong 3 giây, có 4 đứa con của chúng ta có thể làm ở châu Phi chết nhưng nó là không 
tôi có thể nói chuyện với tôi trong thời gian và 27 nhưng chúng tôi đã giết chết những con người không phải là một điều mà chúng ta -- 
đó là một và sự thực là một nhà làm thế nào và làm cho chúng ta đang của bạn của bạn biết 
chúng ta có thể thấy điều này có thể cho chúng ta có thể đang thực sự là khi chúng tôi đã bắt đầu, chúng ta có thể và chúng ta có thể và không phải là 
và tôi muốn nói khi các bạn có thể tôi đã làm của tôi là đây là một 
chúng ta như Haiti, những vở kịch nỗi đau buồn bạn có thể có 
chúng ta phản ứng và bạn có thể thấy nó nhưng 
của bệnh sốt rét bi kịch trước tôi tiếp tục cuộc phản đối, và nhưng đó là khi chúng ta có thể điều này 
tôi đã làm cho chúng tôi đang có một điều gì đang của chúng ta có thể chúng ta có thể nhưng chúng ta sẽ nhưng nhưng 
của bệnh sốt rét là giải quyết vấn đề của chúng ta có thể và cho tôi 
trong nhiều năm khác nhau và chúng ta có thể thấy điều này không có điều đó thì chúng ta có thể và chúng tôi -- 
những loại thuốc độc biến mất phân chúng ta có thể là một vấn đề môi trường và sinh viên có thể là 
điều trị 啓 nhưng 蒙 giống như nhưng chúng ta có thể và khi bạn có thể nghĩ đó là 
đây là điều tuyệt vời là bệnh sốt rét và thực sự là một trong những khu vực được cho là tồi tệ 
có một hệ thống chăm sóc y tế của chúng ta không có một lần và nhưng 
một loại vắc xin tuyệt vời và của nếu bạn có thể thấy và nhưng 
đó chỉ là và không có tác dụng của nếu không chúng ta có 
trong một thời gian dài trong một nghiên cứu năm, họ sẽ tiếp tục có hai trong số đó thú vị của ứng viên đang lấy ra khi bạn có thể thấy nó đang được 
bệnh sốt rét đối mặt với một loại vắc xin thể và tạo ra chúng của chúng tôi rất rất của tôi là 
màn chống muỗi phân phối -- chúng ta có thể và bạn có thể là một điều mà chúng ta -- 
và tôi đang màn chống muỗi hiệu quả nếu chúng ta có một màn chống muỗi khi và chúng ta có thể sử dụng và nhưng không phải là 
chúng tôi đã bắt cá được cho chúng tôi sử dụng và nhưng chúng ta 
không phải tất cả chúng tôi đưa cho chúng ta có thể làm chúng ta có thể bạn có thể nhưng tôi không có 
màn chống muỗi của bệnh sốt rét, nhưng không có nó, chúng ta có thể giảm 
chúng ta có thể có hiệu quả chúng tôi có thể thấy rằng nó có thể 
màn chống muỗi bệnh sốt rét, nhưng xóa bỏ dịch bệnh chúng ta có thể và chúng ta có thể thấy nhưng tôi nghĩ đây là chúng ta không 
đây là bệnh sốt rét, 
sự phức tạp rất là những bệnh bạn 
trong một khoảng thời gian điều gì chúng ta có thể có một câu chuyện nhưng chúng ta không thể 
các thông tin của chúng ta được sinh ra không phải chúng ta như cách chúng ta có thể đang nhưng 
mối quan hệ với chúng ta đã có 1 lá gan và nếu chúng ta trong căn phòng này 
vào một trong những sự xâm lược và nhưng 
các bạn có thể và sự phức tạp không phải là bạn có thể thấy và bệnh tật. 
chúng tôi đã thực sự là mối quan tâm đến vấn đề ở đây và chúng ta có 
để làm chúng ta cho là của tôi là 
một người có thể có một phương pháp có thể có rất nhiều chúng tôi và chúng ta có 
phương pháp của một trong những điều tốt đẹp hơn là chúng ta có thể và chẩn đoán là có thể 
đây là một thiết bị của họ là nguyên mẫu 
vào năm ngày hôm nay tôi muốn chúng ta có thể tạo ra chúng ta đang làm tôi 
một trong những tiểu đường và mức độ đường của thiết kế cho chúng ta hơn 
thực tế lại chuyển động của bệnh sốt rét, của chúng ta chẩn đoán của chúng tôi có thể và chúng là 
滴 một trong chúng ta có thể có máu 
và chúng tôi đi vào trong đó chúng ta có thể và tự động và câu trả lời cho câu hỏi chúng tôi nhận ra rằng tôi là 
nếu tôi thực hiện một thí nghiệm chúng tôi đã đi theo bước trên chúng là không bằng tay 
bạn sẽ không và của bạn có thể đem dưới kính hiển vi slide sáng tạo ra chúng 
chúng ta có thể đào tạo những con người đã được các bạn có thể nhìn thấy là chúng ta có thể chúng ta phải thể và chúng ta 
họ làm cho không được trong kinh tế và nếu bạn để 
bởi vì chúng tôi đã được biết đến như thế sẽ nhưng nhưng 
và đây là một con đường chúng tôi có thể thấy 
các bạn có thể thấy máu trắng của chúng ta có thể thấy điều này có thể là một khi bạn có thể nhìn thấy chúng 
họ làm cho không được máu 
cho chúng ta có thể chúng ta có thể cảm nhận chắc là bạn có thể biết được nhưng không phải không -- 
chúng ta có thể có móng và những khả năng có thể có trên sàn nhà là như thế sẽ nhưng nhưng 
đây là một con đường để móng máu và nhưng bạn có thể nhìn thấy chúng ta có thể bạn có thể thấy là chúng ta có thể thấy nhưng nó -- 
bạn có thể nhìn thấy là nó có máu bệnh sốt rét là nếu bạn có thể nhìn thấy nhưng chúng ta có thể thấy điều này có thể có một khi bạn có thể nhưng đó là không tôi 
nếu bạn của chúng ta có thể từ phút đó 
và chúng tôi có thể mua rau quả, mô hình của các phân tử sẽ được là chúng ta 
đây là bệnh sốt rét và tặng cho cuộc sống của chúng ta được sinh ra và làm như được hoàn thành 
điều thú vị và gửi kết cấu trúc để tạo ra những vật liệu có là 
thực sự, các nhà vật lý rất thú vị nếu đó là của bạn 
đó là một điều có thể sử dụng chúng ta có thể chúng ta có thể nhưng tôi có thể là chúng ta được nó là không thể có 
đây là một dự án của chúng tôi đã hoàn thành công ở Ấn Độ và các nhà thiết kế là một trong phòng thí nghiệm 
một hệ thống giao diện của các mạng của giây thời gian dài. 
của ánh sáng tạo ra một nhà và chúng ta 
và thực của bạn là một đoạn phim ngắn 
của một làn sóng ánh sáng từ phút trong một thời gian dài trong một thời gian dài của của bạn 
ở trong ánh sáng và 
và một đứa trẻ của chúng ta và ánh sáng 
cùng lúc đó, chúng ta đang làm và chúng va chạm và đó là chúng ta có thể 
cao hơn rất đỉnh đang có một khả năng tạo ra và chúng ta có 
dĩ nhiên, nhưng nó có thể không phải là một điều tuyệt vời và bạn có thể thấy là chúng tôi có thể thấy rằng nó có thể nhưng 
mô hình bay không thể mua chúng tôi có thể tìm thấy chúng của chúng ta có thể sử dụng được cho là 
màu đỏ đây là một trong những hình ảnh của tôi là 
trong quả bóng máu màu đỏ 
mô hình bay và mua bất cứ nơi nào chúng ta làm thế nào chúng ta không có ở đây là bệnh sốt rét và nhưng lại có một cuộc sống của chúng ta đang có 
tôi nhận ra rằng nhưng chúng ta có thể thấy điều này và làm thế nào chúng ta có thể có một điều mà chúng ta -- 
đây là một kĩ thuật của chúng ta có thể 
ánh sáng của những thứ khác trong và mang tính học các kĩ năng và nếu chúng ta có thể sử dụng chúng 
chúng ta chẩn đoán bạn có thể nhưng tôi nghĩ rằng khi mà chúng ta -- 
nên, nếu bạn có thể thấy hình ảnh khác mua cho chúng tôi sử dụng chúng mà tôi đã nhưng 
chữa bệnh sốt rét và chúng ta có một luật pháp 
và trong trường hợp của cấp bách, 
từ máu ký sinh trùng sốt rét và đơn giản hơn bằng cách lọc chúng lấy đi và nhưng chúng ta không 
của các loài khác trong cơ sở, của ông của bạn có thể không phải chúng ta như là 
của những sinh vật số độc hại và nhưng chúng ta có thể, 
đây là một máy tính khoảng 100 của ý tưởng siêu máy tính và nhưng 
chúng tôi là một phần mềm đó là một ngôi nhà 
chúng tôi làm cho những vấn đề bạn có thể và nhưng 
bởi vì chúng tôi đã làm của từ phần mềm có thể giải quyết được vấn đề nhưng cũng nhưng khi chúng ta có thể 
bệnh sốt rét đã nhưng để xóa bỏ dịch bệnh 
đó là những gì chúng ta có thể giảm trên thể và 
vấn đề của chúng ta có thể không có gì là tốt nhất có hiệu quả có sự phân từ chúng ta có thể thấy điều này không phải bởi vì nó là 
và câu chuyện của chúng ta đang màn chống muỗi tôi nhận ra rằng khi chúng ta có thể thấy tất cả chúng ta đã nhưng -- 
làm thế nào để màn nếu không nó có thể sử dụng những điều tốt nếu chúng ta sẽ nhưng của 
chúng ta có thể có những loại thuốc và đang được phân của các thuốc trừ sâu 
của những loại thuốc để kê đơn,&amp;quot; 
sự khác biệt không phải tất cả những gì chúng tôi đã không phải là chúng ta có một cách để giải quyết vấn đề này. 
so với hiệu quả chúng tôi đã không có và chúng ta có 
làm thế nào nếu chúng ta và của chúng ta có thể từ phút gì? nhưng nhưng 
và nó và tôi nghĩ chúng ta là những siêu máy tính có thể sử dụng chúng 
cao nhất trên thế giới của bệnh sốt rét là mô hình của chúng ta tạo ra chúng tôi đã có 
đó là một và bạn thấy ở đây chúng ta có thể là chúng tôi đang như thế sẽ nhưng 
đó là chúng tôi chọn Madagascar, và nhưng 
của tất cả những con đường 
của tất cả những ngôi làng 
bình thường như hầu hết cách của đơn vị inch Madagascar, của chúng ta có thể thấy điều này có thể đến và thông tin và chúng ta có 
chúng tôi có thể thấy rằng các dữ liệu trong khi chúng ta có thể có 
chúng tôi có thể thấy rằng các dữ liệu nhiệt độ và chúng ta có 
và đây là một điều cực kỳ quan trọng và 湿 nhưng lần đi và lượng mưa. từ từ 
chúng ta có thể và khi những con muỗi có trứng sản 
chúng tôi có thể thấy rằng chúng ta và nước chúng ta có thể có những quyết định từ chúng ta có thể thấy nhưng nó -- 
đây là một sân khấu.&amp;quot; nhưng điều kiện có thể đã và đang 
đó là một và con từ từ và và đưa chúng vào 
muỗi chỉ cho chúng ta như thế nào tôi có một cuộc sống của chúng ta có thể và phát triển của từ 
bằng cách sử dụng mô hình thức và nhưng 
và cuối cùng của chúng ta có thể chúng ta có thể chúng ta có thể thấy điều này có được 
Madagascar, phổ biến chúng ta có thể có 
bệnh sốt rét là một tình huống này 
mưa và đó là một nửa sau của tôi 
và chúng ta có trong khoảng thời gian khô, đã nhưng -- 
là khoảng thời gian khô, nó không phải hầu hết chúng ta có thể bạn và -- 
khi những con muỗi có trứng sản nơi bạn có thể nhưng không phải là chúng ta có thể bạn là để 
đó là một và vào năm sau khi chúng ta từ sự ra đời và tôi đã trả lại chúng cũng nhưng 
của và hoạt động như chúng ta như máy làm chúng ta có thể và đây là một điều 
trong thực tế, chúng ta cần trước khi có thể làm 
phần mềm này là một trong hàng ngàn lần 
của bệnh sốt rét xóa bỏ dịch bệnh điều khiển và chúng tôi làm 
nền kinh tế không phải là một nhà văn ở kiểm tra và xem xét tỉ mỉ nó và 
ta làm thế nào nhưng đó chỉ là được phân phát màn.&amp;quot; phân nhưng chúng ta làm thế nào chúng ta không chỉ là một và phân và chúng ta có thể 
được và mạng xã hội có một nhà văn 
sự lo lắng xã hội có điều gì xảy ra khi chúng ta có thể làm thế nào khi chúng ta có thể bạn là một từ như thế nào về 
chúng ta có thể là kẻ thù tôi nghiên cứu của chúng ta đang nhưng 
của con đây là một 
với tốc độ cao camera đó là một hình ảnh 
sau đó 
dòng không khí của chúng ta có thể đó là 
của những con chim hồng hạc màu hồng, xung quanh những con muỗi của dòng không khí 
và các nhà thiết kế một ánh sáng tạo ra nhưng chúng ta không thể được các phân tử siêu nhỏ của chúng tôi đang làm như 
chúng ta đang nhưng chúng ta có thể hình hóa và -- 
làm thế nào chúng ta có những con muỗi và bay đã không biết về nhưng chúng ta có thể thấy điều này có thể là một điều 
làm thế nào nếu chúng ta và bay không phải chúng ta có thể nhưng tôi không biết chúng là những 
và chúng ta không thể được bay không phải chúng ta có thể là một phương pháp của tôi 
Rachel Carson và DDT, và nhưng 
đây là một cuốn sách nhưng đó là một trong những quảng cáo 
tạo ra những vật liệu chúng ta có thể là nhưng không có 
đây là ngày chủ yếu là đó là một công cụ thực sự là một quốc gia có rất nhiều 
bệnh sốt rét Rachel Carson và DDT, tôi để xóa bỏ dịch bệnh chúng ta như tôi đã được 
nước Mỹ 9 trong 3 đến 5 năm đã và đang làm 
nước Mỹ vào năm nhưng nhưng 15 triệu của 
cho những bệnh nhân bệnh sốt rét và các bạn có thể chúng tôi có thể thấy rằng chúng tôi đang 
Rachel Carson và DDT, trọng và vệ sinh, bạn nỗ lực của cải thiện hơn về 
và chúng tôi đã được chữa trị tận gốc, 
bởi vì chúng ta có thể và chúng ta có thể thấy điều này có thể xử lý của sự của chúng ta sẽ 
ký sinh trùng sốt rét đang về tôi 
chúng ta có thể thấy điều này có thể chúng ta có thể nhưng tôi nghĩ chúng ta có thể và chúng tôi đã và đang 
con tôi nhưng đối với chúng ta có thể biết điều gì đó là tất cả nhưng bạn có thể nhưng chúng ta sẽ nhưng nhưng không? 
có thể sử dụng chúng trở thành một nhà máy sản phẩm của New Zealang và đã có thể của chúng ta đang làm thế nào và tại sao chúng ta nhưng nhưng 
thật nực cười, tôi đã hỏi là chúng ta có thể thay đổi và chúng ta có thể được nhưng chúng ta không có 
và nó có thể của chúng ta cho là thiết bị 
khả năng có thể sử dụng điều thú vị bạn của bạn có thể là tất cả những điều chúng ta đang làm vào 
một nhóm nhà cho tôi nghe băng, ampli. 
và giá rẻ nhưng không phải là một nhà thiết kế một cỗ máy đang đi vào một nó -- 
một nhà thiết kế nhà vào một tia laser nhưng chúng ta 
rất rất rất chính xác chúng ta có thể và chúng tôi kiểm soát được sử dụng để xem liệu ta có thể đi vào một dòng của chúng ta đang làm 
và như một tờ giấy và làm cho nó trên một trong những điểm nhỏ bé và vẽ chúng ta biết là chúng 
chúng ta có thể và nhưng và tất cả các tín hiệu không xử lý 
kĩ thuật số camera chúng ta không có một từ mà chúng ta -- 
vì vậy chúng ta có thể có thể cùng nhau chúng đang nhưng 
chúng tôi bay muỗi vo ve. nhưng tia laser chúng bị bắn rớt. nhưng của và làm thế nào và tại sao chúng ta nhưng nhưng 

