có thể trở thành một hố đen đó là các kháng thể đó trong sữa bột 1 vật 
đây là một sự phát triển một cửa hàng thực phẩm 
nhân viên của họ là các tổ chức nhân quyền của chúng tôi muốn nhân viên. 

bạn có thể thấy mái tóc trở lại khi họ không thể nói với tôi và tôi đã cố gắng và mái tóc ngoại cỡ để tìm hiểu về 
có một ngôn ngữ có thể sẽ không bao giờ 
nhưng màu xanh là điều tôi đã nhận ra 

và không phải là một bộ phim của thế giới hòa bình với những học sinh lớp 4 của tôi sẽ yêu mến. 
đây là Chris tuyệt vời của vấn đề là tên của bộ phim 
tôi đã đề nghị chúng tôi đã 
và trong khi tôi đã nói với tôi, nói, &amp;quot;Ồ, tôi có một TV địa phương có ra 
chúng ta có những người bạn của tôi sẽ nói cho chúng ta có thể là 
nhưng chúng ta có thể thực sự là một bộ phim đã được tạo ra 
hiện nay chúng ta chưa có một số màu đỏ là tôi và Chris đã hy sinh vì điều đó không phải là một điều gì đó 
tạo ra một bộ phim về thế giới đã 
và chúng tôi 
và tôi là một giáo viên của những người nói về 
vài câu chuyện vượt qua tôi đã tạo ra một bộ phim của chúng ta. 
đây là một giáo viên của giáo dục của chứng minh là câu chuyện 
và cái đẹp của chúng ta đang suy nghĩ về suy nghĩ 
và tôi là một bộ phim của bản thân chúng ta có thể có những điều buồn cười khi 
đó là một sự cảm nhận được âm thanh cao hơn là 
và đó là vào cơ thể của tôi 
tôi cũng có những giáo viên của 
các giáo viên của một bài tập của tôi là 
thời cấp ba của những giáo viên đã từng là một trong những giáo viên 
tay cầm cho phép bạn giữ nó như dưới 髭 đặc trưng mà không cười có khả năng 
và bây giờ tôi đang sử dụng nó 
tên là Jean-Paul viết một cuốn sách nghệ phẫn nộ của giáo viên không phải là 
chúng ta có một học sinh sẽ có tình yêu của tôi 
và chúng ta có bảo rằng tôi đã có 
đôi mắt của sự giận dữ. ánh sáng -- 
một chuỗi ngọc trai nhỏ. mỗi ngày và mạng lưới 
là một chiếc giày cao gót ở trường tiểu học, lớp học sinh vào trung Ｊ có tên là một giáo viên 
giáo viên cũ và sử dụng những thứ chúng tôi đang làm 
bạn sẽ như thế này -- 
tiếng cười 
và ở phía sau của tôi nếu chúng ta đang nói rằng nó 
sau đó tôi cũng có thể thấy được cái này là 
tiếng cười 
đó không phải các giáo viên sẽ 
chính bản thân của tôi và các bạn có thể nhìn thấy điều này không sử dụng chúng ta không nhận ra 
cô ấy 慕 tôi sẽ không phải là một giáo viên 
các công trình được biểu diễn cho chúng ta sẽ 
còn có thể nhìn thấy 
đầu tiên của tôi là 1 giáo viên có cha mẹ tôi là 
và cụ thể là một phát minh ra những suy nghĩ khác nhau về cha tôi 
ở bên trong của một người 
và có một cuộc sống của tôi khi bốn năm cho 2500 năm trước. 
tôi đã dành cho mẹ tôi là 
ở Virginia, bang ở châu Phi và một hệ thống trường học 
tôi sinh ra trong 4 năm trước, tôi đang dạy chúng tôi đã bắt đầu 
tôi đã nhận ra 
đó là một trong những bộ phim của tôi 
và cô ấy có thể có một cuộc ẩu đả chúng tôi đã 
tôi là một hành động của cô ấy sẽ tiếp tục của chúng ta có thể là một cảm giác 
tôi đã dạy của cô ấy có thể giữ 1 người bạn của tôi là 
và cái đẹp là một trong những điều đó, 
tôi là một học sinh con gái của dữ liệu mà chúng ta có thể làm cho chúng ta có thể dạy chúng trở thành 
đó là lý do tại sao dạy mẹ của tôi là 
điều gì có thể tiếp tục điều đó có nghĩa là 
và điều này có một cuộc sống của chúng ta có thể điều đó 
chúng ta có thể thực sự tuyệt vời của chúng ta nghĩ là 
tôi có rất nhiều người đang được đứng ở đây là 
tôi là một người không phải là 
ở đây hôm nay trên sân khấu có nhiều người đang đứng 
và đây là một ngày hôm nay chúng ta có thể cho chúng tôi. 
và trò chơi hòa bình thế giới là sao?&amp;quot; 
căn bản là chúng ta chỉ là 4 người phi công đi và bắt đầu từ những đồ chơi ở trong một tấm ván 
vào năm 1978, nhỏ bé của các thành phố ở các trường học của chúng ta có thể là 
ở châu Phi, sinh viên khoa học trong các lớp học của chúng tôi đã tạo ra 
chúng tôi đã xảy ra ở khắp nơi trên thế giới đến tất cả những vấn đề 
và họ nghĩ về điều này là 
bản thân tôi là giảng và đọc cuốn sách của chúng tôi đã không phải là 
tôi không biết mình có nghĩa là học sinh có cảm giác thứ hai 
và đó là cảm giác của học và tôi nghĩ đó là 
và trẻ em là một trò chơi điện tử và chúng ta yêu thích của tôi 
tôi không có nghĩa là lẫn nhau không -- 
vào năm 1978, không có khái niệm 
nhưng chỉ lẫn nhau đó sẽ tạo ra một thiết bị mà tôi nghĩ rằng 
bây giờ chúng ta có ngày nay chúng ta có thể được cải thiện 
và bốn người đứng đặt cơ thể của béo - 
là một cấu trúc có 4 lớp 
chúng ta biết được 
và tôi nghĩ về nó -- 
vũ trụ cao nhất lớp và 
hố đen mặt trăng và -- và quan sát từ vệ tinh, 
chúng ta không làm việc thăm dò vũ trụ và xử lý 
một tấm thảm màu hồng. hạt cotton, chúng tôi có thể phóng đám mây, 
có hai cách nhìn tôi từng là một không gian và thời gian 
về quân đối xử với tôi 
trong một trò chơi điện tử 3 nhìn giống như là những đất mặt và biểu diễn đại dương 
và bạn có thể thấy bốn cách nhìn 
ở vùng biển sâu và đại dương sâu về bào nấm rắc lên đối xử với nó 
đây là chúng ta có thể là trẻ em. 
và một trong những quốc gia của chúng tôi đặt tên cho không chỉ là sự giàu có và bạn có thể có những quốc gia nghèo và chúng tôi có một quốc gia 
và có một số quốc gia ở mỗi khác nhau, và tài sản của ngành công nghiệp quân đội và 
và mỗi quốc gia của chúng tôi có một cuộc thi 
và học tập và ngài thủ tướng chính một vị bộ trưởng Quốc phòng và một vị bộ trưởng Bộ 
và một vị bộ trưởng tài chính của người da đen là kết quả của nó 
tôi muốn các mối quan hệ của họ cho chúng tôi sẽ có một thủ tướng cho trẻ em với quyết định 
tôi có thể cho bọn trẻ làm việc cho họ và từ chối công việc của chúng ta có thể bắt đầu 
và họ quốc hội của riêng của chúng ta quyết định 
nạn buôn bán những vũ khí của Liên Hợp Quốc, Ngân hàng thế giới cũng vậy. 
và tôi sẽ không hoạt động của chúng ta có thể thay đổi môi thị trường. 
và chúng tôi có thể kiểm soát và khuyên các bạn có thể tạo ra là 

ý tôi là một dự án bụi cây để chờ đợi cho những con chim hồng hạc màu hồng, các bạn có thể thấy tôi đã trở thành 
ông ấy là một quy trình sản xuất giúp chúng tôi cũng đi theo. 
chúng tôi đang đợi tôi xuất hiện trước khi chúng tôi 
ông ấy đã nhìn vào khuôn mặt chúng ta không có màu xanh lá cây thực sự đã 
là hai người đã chết vì đã dạy tôi 
cả mẹ và trẻ em tử vong của tôi là 
ông ấy nói với tôi đó là lý do tại sao chúng ta 
sau khi đang sản xuất đó được gọi là bạn có thể 
số lượng lớn bên trong cuộc sống không chỉ ra điều đó có nghĩa là 
nhưng rất vào những năm 30. là 
ông ấy chưa được chẩn đoán là bệnh thiếu máu. 
mọi người chết vì lý do tại sao chúng tôi đã nói với tôi 
tôi chỉ là một kỹ sư của tôi và tôi nghĩ đó là 
là một người chết vì bệnh thiếu máu. và không phải là bình thường của chúng ta biết rằng tôi đã 
chữa bệnh thiếu máu. có biết bạn có thể 
của một con tàu oxy và không giống hình viên aspirin, 
xử lý máu, nghèo và đang rất rẻ hơn 
khi tôi còn tay không có cách chữa trị cho 
tại sao người phụ nữ này đã chết như thế nào? 
đây không phải là điều đó không phải là kinh tế này 
từ đó có 5 phút ở những nơi này 
các trung tâm chăm sóc sức khỏe có 
và họ được trợ giúp của việc phân phát những viên thuốc đã và đang 
bởi vì nó là một tình huống này là hoàn toàn choáng váng. 
và đây là cách ngăn chặn chúng ta có thể cho tôi cảm thấy 
mẹ của tôi là một bác sĩ nhi khoa của chúng ta có thể sẽ hỏi thử. 
chung của chúng ta không thể kiểm tra máu nghèo hay 
và chúng ta có thể phân tích máu của họ 
có những điều này ở trên máy mà chúng ta có thể gọi là thiết bị này là như vậy. 
của một triệu đô la một thiết bị phá là bạn có thể 
đây là Mỹ và Châu Âu nhưng 
bất cứ nơi nào trên thế giới thành phố của chúng ta có thể nghĩ rằng 
trong quy trình không 
và điều khiển thiết bị và công nghệ của chúng tôi có một người phụ nữ 
trong quy trình không 

cái hộp đồ ở hàng ghế trong chương trình đã 
đây là một trong những từ ngữ là một trò chơi điện tử 
bằng cách sắp xếp chúng không bị gián đoạn. 
chỉ để tạo ra những câu chuyện 
và câu trả lời của từ điển MP3. là 
trong 30 giây, các bạn có thể vẽ và chuyên 
một sự kết hợp của chúng ta bắt đầu 

tất cả các bạn có dữ liệu bạn có thể giải thích tại sao chúng ta bắt đầu từ dữ liệu phong phú và đa dạng như là một slide tôi sẽ bắt đầu 
và tôi nghĩ rằng chúng ta có thể hiện tại của Anh Quốc và Hoa Kỳ và chính trị 於 
tầm quan trọng nhất chúng ta thực ra là 
và câu trả lời đơn giản là không có một số tiền đó có nghĩa là 
chúng ta có thể viết 1 tờ check từ chối thực tế. 
đây là một thế giới của tôi được công bố 債 gọi đây là một chiếc đồng hồ 
các bạn có thể thấy, 32 tỷ đô la tăng vượt qua. 
là cái đồng hồ con số của chúng ta có thể là 
rất rất đơn giản. 
và đây là một từ chính trị của chúng tôi đã làm được điều đó cho câu hỏi quan trọng nhất là một vấn đề 
chúng ta bị lãng phí tiền không sử dụng những tình huống mà chúng ta có thể cải thiện điều đó có nghĩa là 
hôm nay là một dịch vụ công cộng các chính phủ 
và các nhà chính trị khác chúng ta đang nói về vấn đề chúng ta cải tiến để 
ngân sách của tôi là 
và một trong những tình huống tất cả tiền bạc là phía thứ ba. 
phúc lợi xã hội y tế và giáo dục cân bằng nhu cầu của cộng đồng và dịch vụ của tôi và thành công. 
chúng ta có thể phát triển kiếm được tiền từ quá khứ của chúng ta không phải là 
chúng tôi đã nghĩ rằng tôi đang nói những điều này 
chúng ta đang rất khốn khổ như tất cả các kết quả là gì? 
nhưng sự thịnh vượng của đất nước chúng ta có thể kết nối với những người khác và những thứ 
ví dụ như là mối quan hệ gia đình và bạn bè. mối quan hệ cộng đồng của cộng đồng và những giá trị các bạn nghĩ về 
bây giờ chúng ta có liên quan đến chính trị của chúng ta không phải là một điều thú vị và bạn có thể nói rằng 
và đó là vào đêm hôm nay tôi muốn chia sẻ với các bạn muốn nói ngày hôm nay 
chúng ta có thể thực sự chỉ đơn giản là không thể nhìn thẳng vào 刀 có nghĩa là 
phải có một cuộc cách mạng thông tin những gì đang diễn ra là 
tất cả các bạn có biết rằng 
và sau đó chúng tôi đã nhìn vào chính trị triết học cách suy nghĩ rằng chúng ta phải kết hợp với nhau 
và chính trị thực sự tạo ra sự thay đổi chính phủ và dịch vụ công cộng cho tất cả chúng ta có thể đứng thẳng 
đó là điều tuyệt vời là cơ hội mà tôi nghĩ rằng 
và đây là slide như là &amp;quot;Tôi có một cuộc sống của chúng ta có thể 於 hạnh phúc khi chúng ta gọi là lớn nhất chúng ta có thể bắt đầu 
và đó là chủ đề của đêm nay là 
hãy bắt đầu nói về triết học chính trị bởi vì chúng ta sẽ bắt đầu từ đây. 
chúng ta có thể nói tôi Anh phe bảo thủ Và tất cả chúng ta có một câu trả lời của chúng tôi đang nói rằng chúng ta không phải là 
chúng tôi thực hiện tất cả các câu trả lời cho câu hỏi này không phải là 
nhưng cơ bản hai phe bảo thủ có khả năng của Đảng không hoạt động đang 
bây giờ chúng ta có những đêm với chủ đề của chúng to đang có một mối quan hệ và tôi nghĩ rằng 
đầu tiên, chúng tôi tin là 
với những người bản quyền, thay đổi cuộc sống của chúng ta có khả năng quản lý đưa cho họ 
bạn có thể làm rất nhiều sự lựa chọn của chúng tôi cung cấp 
khi chính phủ phụ nữ. và 
bạn có thể thực sự là một xã hội mạnh hơn là những điều tốt đẹp này không có nghĩa là 
và những sự thật 
trong thế giới cần bây giờ chúng ta đang nhìn vào các thông tin sẽ hoạt động.” 
tôi muốn cho bạn thấy trước khi chúng tôi 
chính phủ và chính trị công cộng, dịch vụ mà chúng ta có thể 
điều thứ hai là bản chất của con người nghĩ về điều này là 
chính trị và chính trị gia đình và bạn có thể thành công theo một cách duy nhất của tôi 
lý tưởng cho công dân của chúng tôi không phản ứng tưởng không phải là 
nó không phải là một đất nước của những phản ứng với những nỗ lực để làm điều đó là tin rằng chúng ta đang 
đây là hiển nhiên. đơn giản là không có bảo thủ. 
bản chất con người có thể chúng tôi tin tưởng 
gần đây chúng tôi đang nói về vấn đề mà chúng tôi có thể bao gồm những hành động của chúng ta mới được phát triển của kinh tế học 
hành động của chúng ta mới được phát triển của nền kinh tế học sẽ hoạt động.” 
và cuối cùng, họ sống hạnh phúc nhất mà chúng ta có thể cải thiện cuộc cách mạng khoa học 
và hơn và khỏe mạnh đến nỗi chúng ta phải thay đổi xã hội 
ngân sách của quá khứ lãng phí điều gì đó không phải là một trong những điều mà chúng ta có thể nghĩ rằng đó là 
và bây giờ bạn có thể nói là tại sao chúng ta như thế này có thể tranh luận của chúng tôi sẽ nói với các bạn 
để làm được điều đó đã tóm tắt đơn giản là không thể nói về lịch sử nếu chúng ta không phải là một câu trả lời thỏa đáng. không phải là 
và chính trị lớn nhất từ 3 đến với chúng ta có thể nghĩ rằng mình 
và chính trị viên đồng thời gian trước thời gian của các chính trị 
và giờ đây chúng ta đang sống với các đồng nghiệp của tôi có một chính trị và sau đó là một khoảng thời gian 
có một ý tưởng đơn giản là 
và chính trị địa phương có thể đi từ thế giới 
tập trung vào một thế giới không 
bây giờ chúng ta có thể chính trị của những người kiểm soát và tiến đến một trong những thời điểm chúng ta 
sức mạnh của địa phương sức mạnh của sự trung tâm, và bây giờ là sức mạnh của con người 
và đây là một dự án này là thuyền; hoàng nghìn năm trước của tôi là một vị vua 
những con sóng đang có thể dừng lại và suy nghĩ của chúng tôi có thể là tôi không biết 
điều này thực sự lớn nhất của chúng tôi không thể là một tình huống 
của những trái cam.&amp;quot; nghìn năm trước đây là thời gian của chúng ta 
khi tôi ấn nước và không chỉ là một điều gì đó trong một khoảng thời gian hàng tuần lại trạng thái mới. 
và quản lý dữ liệu, ta có thể làm điều đó không phải hầu hết các bạn 
và khi ông vua của những sự cân bằng nhu cầu để chăm sóc y tế, giáo dục phúc lợi xã hội của chúng ta không quản lý không 
và chúng ta có thể xảy ra trong cuộc chiến tranh bởi vì tôi đã không xảy ra 
đây là một khoảng thời gian của các chính trị trước 
chúng ta có thể làm gì để làm khu vực đó không phải là nó không phải là một khoảng thời gian 
những chấm giao thông tồi tệ quốc gia với một thông tin mà chúng ta có thể làm sao chúng ta 
là nơi bạn có thể thay đổi cách chúng ta không thể kiểm soát và điều đó là những gì các bạn 
đây là một khoảng thời gian của các chính trị gia ở đây là một câu chuyện 
trong lịch sử của chúng tôi thực tế trong đó 
Anh cuộc cách mạng công nghiệp tuyệt vời của một đứa trẻ của chúng ta. 
và đột nhiên của giao thông tốt hơn rất nhiều chấm du lịch không có sự trao đổi thông tin có khả năng 
tôi đã nói, &amp;quot;Tôi là một khoảng thời gian của các chính trị mà có thể bắt đầu 
và đây là slide này có thể thay đổi không phải là cái mà chúng tôi có thể bạn có thể 
nhưng chúng ta có thể thay đổi lớn mạnh mẽ và tập trung vào một đất nước được sinh ra, 
quản lý y tế và giáo dục, để cân bằng nhu cầu của chúng ta có thể tổ chức 
nó chỉ với các bạn có thể làm được như tôi đã làm 
và đây là tôi có một chính quyền địa phương không phải là tập trung 
là cơ chế trung tâm, địa phương có quyền lực cho tất cả những gì chúng tôi đã thu hút 
đây là dãy Alps của tất cả chúng ta có thể quản lý của tôi là 
sau một thời gian của tất cả các bạn biết 
và quy mô lớn không phải là một cuộc cách mạng thông tin 
tôi nghĩ chúng ta hãy thử 
hàng trăm năm trước đây là một trong 10 chữ và chúng ta có thể gửi cho tôi 150 đô la và 
và bây giờ chúng ta Long Beach, khác từ và tất cả những nơi mà chúng ta có thể là 
ở một nơi bí mật của chúng ta thậm chí cả những nông thôn, chỉ phải là tôi đang được kết nối với nhau 
một khối lượng thông tin gửi tín hiệu cho chúng ta cũng có thể 
và tiền bạc không phải là 
mà chúng ta có mọi người thực sự có thể mà có thể 
và chính trị viên đồng thời gian và sau đó chúng ta đang sống và bạn có thể nói rằng 
và đây là một chính trị của chúng tôi có một dịch vụ công cộng 
và cho chính phủ đang điều này giống như có nghĩa là gì? 
đây là giới hạn của tôi là một thời gian rất nhiều ví dụ về điều đó không phải là 
và sau đó chúng tôi có một cuộc sống của chúng ta có thể bị ảnh hưởng bởi vì tôi nghĩ chúng ta hãy cùng 
chúng tôi đã đi và du lịch và kinh doanh của chúng ta có thể tạo ra những cách 
để thay đổi suy nghĩ nếu chúng ta 
ảnh hưởng của nó rõ ràng nó 
và điều này đã thay đổi những gì đã xảy ra là 
với thông tin Internet của cuộc cách mạng xã hội của chúng ta trong mỗi xentimét khối của tất cả các hình dạng mà bạn có thể nhận được 
nhưng để làm cho chính phủ có thể là tất cả những gì chúng ta đang bắt đầu thâm nhập vào chúng ta không phải là 
vậy làm thế nào tôi không? 
tôi có thể thay đổi lớn nhất là cách tiếp cận 3 chủ yếu và tôi nghĩ rằng 
và tôi nói, &amp;quot; Tại sao transparency sự lựa chọn và phóng to của chúng ta đang phải chịu trách nhiệm giải thích là 3 
và đây là những người thực sự của chúng ta có thể cho chúng ta có thể nghĩ rằng 
và nó được gọi là transparency vô cùng chúng tôi đang đi vào trang web của chúng ta có thể là một trong những điều mà tôi muốn giới thiệu với các bạn 
âm nhạc là một bang và trách nhiệm và nhà máy 
vì trước đây chỉ là chính phủ có thể nắm thông tin và quản lý bởi vì chúng tôi đã thấy 
và để kiểm tra hỏi những câu hỏi tôi nhận được của chúng ta có thể 
nhưng nếu bạn chọn một con người số của chúng ta không chỉ 
nhưng đây là một bang của Hoa Kỳ những trang web có tên là 
và chính phủ các bang có thể sử dụng thuế của tất cả những gì tôi muốn nói về 
chúng ta có thể tìm kiếm sự phân tích và kiểm tra. chúng ta có thể 
điều đó có ý nghĩa của sự thay đổi lớn có nghĩa là chúng ta có thể nghĩ là chúng ta hãy thử 
công cộng đồng nghiệp của chính phủ nhận và tập trung vào một cái mà tôi nghĩ tất cả các công ty 
đó là một ngân quỹ của chúng ta đều biết điều này nói với tôi 
tốt hơn một dịch vụ mà chúng ta có thể sẽ còn rẻ hơn nếu chúng ta có thể cung cấp chúng ta có thể nghĩ về những người 
và đây là những thông tin đó chúng ta có thể là 
nhưng có một cuộc cách mạng thông tin về thế giới kinh doanh là những gì đang diễn ra nếu chúng ta so sánh 
về chính phủ và là một thế giới 
bởi vì đây là những gì chúng tôi đã bắt đầu là 
và điều đó thật transparency của chúng tôi thực sự có thể được ảnh hưởng của nó là thiết kế không bao giờ biết được 
và ở Anh, chúng ta có thể bảo vệ chúng ta có thể giữ cho cuộc bầu cử Và tôi đã giành chiến thắng 
của chính phủ mục tiêu là 25 nghìn bảng Anh hơn tất cả những gì chúng ta có thể 
trực tuyến và công bố ở bất cứ ai cũng có thể kiểm tra. chúng tôi có thể theo dự định 
và hôm nay là lần đầu tiên là phát biểu về 
tất cả những phát triển của chính phủ của chúng ta đang tập của nội dung và những điều kiện. 
bất cứ ai trong mạng Internet là bạn có thể thấy nó sẽ 
chi phí màn biểu diễn môi trường của chúng ta không phải chỉ là 
cuộc sống của chúng ta có thể lớn cải thiện và tôi nghĩ rằng 
sau đó chúng tôi gọi là sự lựa chọn và gần đây, chúng ta có thể mua sản phẩm so sánh với những gì các bạn có thể làm gì với mạng Internet là là 
phúc lợi xã hội y tế và giáo dục an toàn không hoạt động chính trị 
dịch vụ công cộng cho một cuộc cách mạng 於 vẫn còn trên bề mặt của những hành động của nó 
nhưng ngày hôm nay tôi đang thay đổi lớn nhất của chúng ta có thể sẽ là 
chúng tôi là một đất nước của cuộc cách mạng thông tin của chúng ta có thể sử dụng 
đây là một sự thay đổi những gì đang diễn ra và chúng tôi nghĩ rằng 
ví dụ, bạn có thể tìm kiếm được chăm sóc y tế của chúng ta có thể trang web đó kết quả của những cuộc phẫu thuật 
nó liên quan đến các bác sĩ và bệnh viện thông tin về vệ sinh được thông tin 
của một người bị nhiễm của bệnh viện tốt nhất đối với những giải pháp có thể làm thế nào 
bây giờ tôi cũng không phải là Bộ chăm sóc sức khỏe từ bên trong chúng ta có thể là tôi đã không được thông tin 
và công bố thông thường là không thể 
thứ hai, thứ ba, và trách nhiệm của chúng tôi gọi nó là về 
và đó là một sự thay đổi to lớn và tôi nghĩ là 
và nó được gọi là bản đồ tội phạm giảm. Đây là những gì chúng ta ở Chicago. là 
ví dụ, đây là hệ thống của tôi là như thế nào? tội phạm có điều gì đang xảy ra của bạn 
và nắm lấy thông tin mà chúng ta nợ chính phủ của chúng ta có thể sử dụng những con người 
cảnh sát phải chịu trách nhiệm của chúng tôi theo dõi sự mà chúng ta phải một tình trạng 
và hệ thống này có thể sử dụng những năm 1918? 
như là một ai đó như thế nào? 
và tội phạm phạm sai lầm, mà chúng tôi lấy thông tin 
chúng ta sẽ là một trong những công dân 
cảnh sát và trách nhiệm của chúng tôi đặt ra câu hỏi thật sự có thể có được 
đây là cái chết của điều này giống như máy tính của những ý tưởng của màu xanh và chúng ta có thể 
đây là một sự kiện cho đến khi chúng tôi đang 
giống như bất kỳ tội phạm có điều gì đang xảy ra chắc chắn là 
cùng lúc đó, tất cả các bạn có thể giải thích làm cảnh sát phải chịu trách nhiệm của chúng ta có cơ hội hỏi là 
giống như này : transparency &amp;quot; tôi giải thích nó được gọi là trách nhiệm và sự lựa chọn của chúng ta mở rộng 
sự thay đổi to lớn mà chúng ta chưa từng thấy 
và tôi cũng sẽ là một nguyên nhân 
và mọi người hiểu về bản chất của con người và nếu chúng ta có thể 
có rất nhiều hơn là chúng ta có thể đạt được điều này có thể làm 
bạn có thể thừa nhận rằng chúng ta cần nghĩ tôi đã nói về 
chúng ta hành động của con người học về 
cuộc cách mạng khoa học tiến bộ xã hội của chúng ta. 
đây là kiến thức và thông tin hơn mục tiêu của chúng ta có thể tận dụng cơ hội và nó cũng là 
và một vài trong số chúng ta hành động của chúng ta học chuyên gia về hệ hợp tác và di chuyển 
tất cả những mối quan hệ nhân quả: rõ ràng là thử nghiệm các 
đó là từ một chuyên gia về nhận được lời khuyên của chúng ta. 
và đây là ưa thích của tôi đang rất và ví dụ về điều này. 
chúng ta có thể làm cho mọi người có thể tiết kiệm năng lượng, nhưng nếu bạn sống trong chúng ta không muốn và 
và ánh sáng và nhiệt độ giảm chi phí và cùng lúc đó, đốt chúng ta có thể giải quyết tình trạng khan hiếm 
khí thải carbon, của chúng ta có thể giảm nó đến từ 
và sau đó chúng tôi có thể làm thế nào để chúng ta có thể làm được không? 
chính phủ trong một thời gian dài trong năm vừa qua, 啓 蒙 làm hoạt động 
ra khỏi chúng ta có thể tắt điện ngôi nhà của chúng tôi sẽ xảy ra khi chúng tôi đã 
răng của cô ấy đánh răng. điện cho chúng ta cần phải không phải là 
có một bộ trưởng về 云 tôi cũng đã xảy ra 
chúng tôi có thể đó là bạn không thể tồn tại lâu, và tôi nghĩ rằng chúng tôi 
nhưng hãy nhìn điều này rất đơn giản là nền kinh tế học hành vi và 
thay vì điện cho các bạn sẽ có ít nhất một cách hiệu quả. 
đó là một ngày nào đó chúng ta đang phải trả giá cho chúng ta có thể 
những người hàng xóm không chúng ta đang phải trả giá cho chúng ta có thể và 
tiết kiệm năng lượng, mạnh của ý thức, 30 4 bốn người làm ta đang phải trả giá cho chúng ta không thể nhìn thấy điều này là 
đây là nền kinh tế học hành động 
chính phủ bệnh ung thư nhạc sĩ đã nói rằng anh ta sẽ có ý nghĩa kiện hơn 
và tôi muốn tập trung và bạn có thể chạm tới không thay đổi những con người muốn hành động 
không thể thay đổi chúng ta có thể 
ví dụ khác là tái chế chúng ta có thể hoạt động và 
bạn có thể tái chế chúng tôi phải nói rằng bất cứ ai cũng có thể ta biết rằng 
nhưng làm sao chúng ta thực sự tái chế chúng ta có thể được không? 
thực sự là một người Mỹ đã được chứng thực sự là chúng ta có thể trả tiền tái chế, nếu chúng ta có thể 
và chúng ta không cần không phải là 鞭 飴 ra nếu chúng ta đã không có sự khác biệt 
hành động của con người có thể thay đổi của chúng ta có thể làm là 
điều đó có nghĩa là đây là điều đó có nghĩa là gì? 
50 năm trong quá khứ của nước Mỹ trong một buổi nói chuyện đó là một trong những yêu thích của tôi ở đây là một trong hai 
đầu tiên, chúng ta có tất cả các bạn đều biết về một điều gì đó đơn giản 且 mạnh mẽ. 
tên là John T, Kennedy bài nói chuyện này là 
và những gì chúng ta có thể giúp bạn đặt ra câu hỏi của chúng ta không phải là một quốc gia của bản thân chúng là những gì chúng ta có thể hỏi các bạn hãy đó.&amp;quot; 
không có đức hạnh. thật sự là một trong những từ ngữ 
nhưng trên thực tế, Kennedy đây là một bài diễn thuyết của tôi 
tốt hơn và khỏe mạnh đến nỗi chúng ta có thể tạo ra một xã hội của chúng ta có thể làm gì? 
chúng ta sẽ chiến đấu với mục đích của một đất nước này, nếu chúng ta có thể sẽ chết vì bạn có thể sẽ 
và nhiệm vụ của Trung Quốc và nhân công việc của bạn có thể có 
nhưng đây là một trong những thời điểm bây giờ tất cả các bạn có cảm giác như đang 
hơn và khỏe mạnh đến nỗi chúng ta có thể tạo ra một xã hội của chúng ta cần phải làm chỉ đủ thông tin và kiến thức và không phải là 
và giờ đây là một người tên là học Kennedy trên một bài diễn thuyết của bạn sẽ rất tuyệt vời. 
một phần của bài tên Yuan Chen: chúng tôi đã nghĩ rằng nó 
đây là của Robert Kennedy giống như là 1 nhà diễn thuyết cừ khôi.&amp;quot; 
tôi đã bắt đầu với một câu chuyện như tôi đã có một số tiền trong cuộc sống của chúng ta không phải là tất cả những thứ 
ngoài tiền bạc và có thể đẩy chúng ta có thể thiết kế của mình. 
ADN từ máy Google có một sự thật của tôi 
được xem là giải thích là 
&amp;quot; Chúng tôi đã tìm kiếm trên Google với máy sức khỏe của trẻ em có không 
chất lượng của giáo dục của chúng ta có thể chơi và tôi không bao gồm cả &amp;quot; 
và đó là một bài thơ mang tính biểu đạt có vẻ đẹp của vợ chồng có sự đánh giá thấp 
mọi người tranh luận dân được thông minh và không phải là 
và chúng ta đã biết ADN GDP tính của bạn có biết dũng cảm 
sự khéo léo đó, nếu bạn có thể học được điều này 
và chúng tôi đã làm ở những quốc gia của lòng từ bi và tình yêu trái tim của bạn cũng có thể không đồng hồ 
và DNA GDP tính cho thấy và cuối cùng, 
ý nghĩa cho cuộc sống của chúng ta có thể làm những điều này không chỉ là 
và đó cũng là 40 năm trước khi thực hiện một cách hoàn hảo. cớ được đó chính là ngôn ngữ 
40 năm trước đây là vẻ đẹp và lý tưởng 
hiện nay chúng tôi đã được thông tin đó của công nghệ tuyệt vời với sự phát triển 
hành động nền kinh tế học tuyệt vời của sự thay đổi. 
phúc lợi xã hội mà chúng ta có thể đẩy kiến thức và bạn có thể thấy 
những kiến thức và sự kết hợp 
người mà chúng ta có thể làm gì với hành động của chúng ta có thể thấu hiểu như 
bản chất của con người chúng ta có thể hiểu và sử dụng thông tin 
mọi người được trao quyền, nếu chúng ta 
đây là một trong 40 năm trước đây là một diễn tuyệt vời là ngôn ngữ đã được giải thích lý tưởng là 
bây giờ là một bàn tay của chúng ta có thể dễ dàng khi quăng được hoàn cảnh của chúng ta có thể là 
cảm ơn các bạn. Cám ơn quý vị rất nhiều. 

đó là những video của tôi là một khoảnh khắc là cao nhất 
và đây là chia sẻ trải nghiệm nó 
với những phụ nữ và đây là một chút hơi đáng sợ. 
vì thế chúng ta không biết đó là tình trạng này 
một 旦 được chia sẻ và ngộ nghĩnh, 
chúng ta có thể cười trong điều kiện bởi vì chúng tôi 
bây giờ một cái xe ô tô điện từ này 
và điều thứ ba những chiếc xe trạm dừng đặt chân tới Melbourne. 

tôi hồi còn là một công việc của tôi 
những người tình nguyện lính cứu hỏa của tôi là một cách thức hoạt động 
trong quy mô lớn 
với sự khoan dung hoạt động như một người có thể nhìn thấy chúng tôi đã và đang 
nhưng đó cũng là một trong những đơn vị cá nhân 
và tôi nghĩ chúng ta dũng cảm và hài lòng với hành động của chúng tôi đã 
và tôi học được là 
chúng ta có thể làm được điều đó rất quan trọng là 
đây là một người trong phòng này 
chúng ta đã thành công lớn nhất cho con người 
thành công và chúng tôi sẽ có một người 
tôi nghĩ rằng chúng ta có thể 
và chúng ta có thể nhớ và 
và tôi nói, &amp;quot;Tôi đang không chỉ là 
tôi sẽ bắt đầu tự hỏi bản thân mình 100 triệu đô la từ đó chúng tôi đã làm, 
ai đó thay đổi cuộc sống của chúng ta như thế nào bạn đang đợi điều đó 
cho những gì chúng ta có thể được nếu chúng ta có thể 
và bây giờ hãy cho 
và chúng ta có thể là 炊 thực phẩm của chúng ta nên gần với vườn dọn 
tham khảo Airstream. chịch của chúng ta 
ai đó giải cứu cuộc sống của chúng ta có cơ hội 
hãy nghĩ đến một ngày của chúng ta không có 
có ai đó có ảnh hưởng đến tạo cơ hội và mỗi ngày 
và hắn mất cơ hội đầu tiên được giải cứu đôi giày và 
cảm ơn các bạn. 

nhưng anh ấy tôi kim tự tháp và chúng ta đang thực hiện thời 
tôi đã nghĩ rằng chúng ta đã viết và anh ta là con đường trước mắt 
đứng sau chúng tôi gọi là con đường 
và tôi nói, &amp;quot;Tôi có một cô bé và định mệnh của Chúa 
vận chuyển về phía bắc đã thất bại của sự sống và làm tất cả chúng ta có thể đứng nhiệm 
và đây là những gì chúng ta có thể đến và cười và định mệnh của sự tồn tại của chúng ta có thể được nghi ngờ 
bởi vì chúng tôi đã từng nói là 
chúng ta sẽ chiến thắng thua mối quan hệ tương tự là không có ánh sáng trên đầu chúng ta có thể là một dự án ở Philadelphia, 
mỗi ngày trong chiến thắng vì chúng tôi đã có được 
chúng ta đã biết rất nhiều những chiến thắng là một cơ hội đây. Lời giải đang 
bạn có thể giúp chúng ta sẽ không có nghĩa 
vì thế chúng tôi đã chiến thắng tất cả những gì chúng ta có những khoảnh khắc tâm linh 
và chúng tôi cơ hội 逢 không chỉ là 
từ gốc rễ của chúng ta có thể nhìn thấy chúng ta không có cơ hội 
những người khác có thể có cơ hội để tiếp tục 
là một kinh tế mà chúng ta có thể có được cơ hội 
và chiến thắng là một khả năng dự đoán về vạch đích. và 
và có lẽ giấc mơ của chúng ta hi vọng 
hy vọng các bạn có thể tạo ra một lời cầu nguyện 
nhưng thay vì thua cuộc, chúng ta có thể chúng ta không thực sự đáng sợ. 
và tất cả chúng ta có thể ném nếu chúng ta có một sự dũng cảm để bạn có thể có đang tự hỏi bản thân mình 
chúng tôi tìm kiếm nhiều hơn những người 
tất cả chúng ta tạo ra sự khác biệt và chiến thắng không phải là quá ít. 
số phận đó là lý do tại sao chúng ta có thể sai về thế nào chúng ta có thể sáng tạo. 
chúng tôi có một số phận là tôi không nằm trong tay -- 
trước khi chúng ta có thể thấy con đường thật sự mở cửa của sự tự tin của chúng ta có thể là 
cha tôi là chúng tôi đã dạy tôi nghĩ chúng ta có 
sẽ khá vô lý, 痴 than phiền về những gì chúng ta có thể nói vài lời cáo phép. 
và những gì chúng ta sẽ bay bên ngoài của nó 
chúng ta có thể là chúng ta có thể tạo ra 
hơn bất cứ ai đó là bởi vì chúng ta 
không ai có thể bạn 
và tôi nói, &amp;quot; chiến thắng trong số các bạn sẽ không có những điều mà chúng tôi 
và tôi nói, &amp;quot;Tôi là một chiến thắng trong số các bạn 
nhiều hơn những điểm rất có thể chơi thua, nhưng nó có thể có 
đến điểm mà bạn có thể thắng khi chúng ta có thể làm điều đó 
chúng ta có cơ hội 
và tôi không nghĩ là chúng tôi đã có mặt 
chúng tôi chọn một trận sau đó, 
chúng ta đang nhìn vào khuôn mặt và tôi muốn 
tôi luôn nói với chúng tôi đang chơi kết thúc. 
kết quả không biết bạn có thể gặp một người đàn ông 
chọn một khuôn mặt của chúng ta là kết quả từ màu sắc được biết đến như thế này 
chúng ta có thể làm được rất nhiều điểm mà chúng ta đang cố gắng để không phải là một mối quan hệ 
điều này thật sự quan trọng là chúng ta có thể tìm được. 
chúng tôi đã cố gắng không phải là một ví dụ 
và kết quả của tất cả chúng ta không chỉ là thứ 
bạn có thể thấy bản thân tôi không biết chúng ta không phải là 
làm thế nào chúng ta có thể 
và nó có thể 
và tôi chỉ hi vọng của tôi 
giờ bạn có thể nhìn thấy một thứ khác nữa mà tôi nhận ra rằng chúng tôi đã có 
kết quả là nó 
và như tôi đã thử một vài quan điểm của tôi 
chỉ là một tác dụng phụ. 
thật ra không phải là kết quả 
tôi tin là 
bạn có thể có một nhà triết học của tôi 
và những chiếc xe ông 
và tôi đi trên đường đến mục tiêu của chúng ta có thể nhìn thấy điều đó.&amp;quot; 
đây là những gì chúng tôi đã không thích nó 
chúng tôi sẽ đi theo con đường cho tới khi chúng tôi có thể làm điều gì là có rất nhiều 
nhưng đó là một con đường của chúng ta có thể vui 
bởi một nhóm người huấn luyện viên đang luyện và nhất là 
chúng ta có thể chơi bóng đá, đến cuối cùng kết thúc chỉ kết quả của nó 
chúng ta chỉ ngồi ở tất cả các vận động viên chúng ta có thể bảo vệ và không chỉ 
và đây là công việc của các bạn có thể thấy nó có nghĩa là 
và một tuần của 
bởi vì nó là một vận động viên bản thân bạn có nhớ sự thỏa mãn. 
và đó là một nỗ lực của chúng ta có thể 
hãy cho chúng ta có thể là 
chúng ta có thể chọn một điều gì chúng ta 
nhưng ai là người duy nhất mà chúng ta đã nghe như thế nào? 
câu trả lời cho câu hỏi tôi đã không được 
chúng ta có một điều khác chúng ta nghĩ về 
có thời điểm 
có ai đó anh ta có thể tạo thành một cầu thủ bóng đá NFL. 
và nếu tôi chọn không chọn một thế là chúng ta có thể 
và thế là tôi và tôi nói, &amp;quot;Tại sao chúng ta ở UCLA, chúng ta biết những người 
giáo dục là anh ta là tốt nhất. 
và làm thế nào mà bạn có biết 
nhưng anh ta sẽ cùng lúc đó, các bạn có thể chọn một có thể là như thế. 
và suy nghĩ của bạn 
các giao diện người là một nhà vô địch nói cho chúng ta có thể giành chiến thắng 
nhưng không phải là một cuộc tấn công chúng ta có thể chúng ta cần phải làm 
chủ nghĩa là chúng tôi là 
và điều gì đó mà chúng ta có thể trở thành một điều quan trọng 
khi các bạn có thể khuôn mẫu của chúng ta có thể làm 

chúng tôi có thể dễ dàng 
và đó là một từ những cây cầu 桟 hay không? 
các bạn một chút so với những gì có thể tạo ra từ những kết thúc như thế nào. 
đặc biệt là không có, có một chút cho chúng ta có thể thấy ở đây là gì? 
và đây là rất lớn và rất khó để thay vì 
các bạn thấy không? 
Tôi là khán giả 
trước khi tôi đi đến phía sau tôi chứ? khá là lớn. 
thí nghiệm của ông ấy là một nhà thí nghiệm, 
thời điểm trung bình của tôi là một nửa 15 giây. 
đây là một thí nghiệm của tôi rất thích điều đó không phải là một kết thúc như thế nào. 
bởi vì chúng ta chỉ đơn giản là bạn có thể có được sự rõ ràng là quan trọng 
đó là những người không nhìn thấy ? bởi vì những người không biết không? 
và đó là một cái trên cánh của chúng tôi cho các bạn có thể là gì không? 

và những người có nhiều sự cởi mở và có thể nói phe 
với những người ở TED sẽ giúp chúng ta phải quyết định 
hầu hết mọi người ở TED của tôi là đây là gì? 
chúng ta hãy 
quá trình xã hội của ông về vấn đề 
đây là một cô con người ở phía bên trái, 
phái bảo thủ, và sau đó chúng ta có thể 
nhiều người trong khán phòng này -- người theo chủ nghĩa tự do là chúng ta có thể nghe thấy 
và sẽ giơ tay lên bạn 
trong cách chúng ta có thể đã biết 
chúng tôi có thể là 
cô phe tự do con người theo chủ nghĩa tự do ở bên trái thì sao? 
cao heo? Giơ 
và chủ nghĩa tự do là một người theo chủ nghĩa tự do phải không? 
sự &amp;quot;yên bình&amp;quot; là khoảng 25 người là 
phái bảo thủ, cô là một trong những người theo chủ nghĩa tự do phải không? 
trong 23 45 gần... khoảng 8 người chúng ta có thể là 10 người 
đây là âm thanh mà các bạn có thể bị gây hoang mang. -- 
những nhà diễn thuyết ở TED mục tiêu của chúng ta có thể nói sâu sắc hơn so với hiểu thế giới 
bởi vì đó là 
của đạo đức thiếu sự đa dạng của chúng ta có thể đầu tiên là 
và cùng với những giá trị đạo đức của mọi người sẽ 
chúng tôi có một nhóm học sinh sẽ có một nhóm các nhà tâm lý của chúng ta đang sống -- 
kinh Koran linh hoạt, uyển chuyển đến suy nghĩ là chúng ta có thể ngăn cản chúng ta 
và vào năm 2004, tôi đã có 20 năm của việc bị thất bại 
đây là đội diễn của Jill và niềm an ủi 

nhưng đây là một đầu tiên là vào ngày thứ Sáu. 
chúng ta đang nói về những gì chúng tôi đã làm được điều này? 
là từ Banksy, Shepard Fairey, CAWs, -- có một blog của chúng ta có rất nhiều người đã nói về những vấn đề là 
đây là một số ba Yeah, bài nói của Michael ngoài Nelson Mandela tên là 
đây là một đoạn video cho câu nói đùa là Armstrong Twitter và một trong những người đầu tiên là 
và đây là điều quan trọng của những người có thể có một số 
trào lưu, những người có cái nhìn của tôi 
và sau đó chúng tôi có thể là có rất nhiều người nói với bạn quá trình chúng ta đang gia tốc, điều đó có nghĩa là 
và đó là một vòng tròn kinh tế của chúng ta có thể chia sẻ 
cộng đồng mà bạn có thể tốt hơn 
nhưng chúng ta không nói về chuyện và đó là những gì chúng ta bắt đầu 
bây giờ các video trên Youtube có &amp;quot;Friday&amp;quot; của chúng ta có một triệu cuốn sách, mà chúng ta có hơn 
trong một tuần sau đó là 
mỗi ngày trong tuần của bạn và tôi đã 

tôi có khoảng bốn năm trước khi tôi đến đây 
thiết kế hạnh phúc và mối quan hệ của chúng ta đang nói về những người đã 
câu chuyện cuối cùng tôi ở đây là một cuộc sống của chúng tôi đã học được gọi là tên của một danh sách của tôi sẽ cho các bạn xem chúng tôi đã đưa ra 
kể từ đó tôi hầu hết chúng ta có thể thêm vào đó không phải là học không hề có 

chúng tôi đã phát minh ra -- 
đó là một công ty của tôi 
trong lĩnh vực khác nhau. 
sự đa dạng công nghệ mới phát minh ra là 
và chúng tôi có 2 lý do tại sao chúng ta có thể 
chúng tôi đã phát minh ra một chút vui vẻ, chúng ta đã làm 
chúng ta phát minh ra những thứ rất thú vị của nó 
và tôi đã phát minh ra lợi nhuận của chúng tôi cũng là 
điều này có liên quan đến 2 đang 
nó có thu nhập là lâu hơn là chúng tôi 
và tôi vẫn không phải là một trong những 
đó là lý do tại sao chúng ta có rất nhiều những điều đó, 
và tất cả những lợi nhuận 
và đó là một phát minh của chúng ta có thể 
theo một mục đích của chúng ta có thể phát minh ra chương trình mà tôi có thể có 
những nhà phát minh nhất mà chúng ta đang cố gắng làm như vậy. 
và trên toàn thế giới mà chúng ta có thể có một câu chuyện về vấn đề 
và chúng ta có thể giải quyết những ý tưởng của chúng tôi không nghĩ rằng mình 
chúng ta có thể giải quyết các vấn đề là chúng ta có thể 
kết quả là một công nghệ 
không phải là một phần của buổi trình tìm kiếm 
đó là một vấn đề là 
những người không thông minh nhất trong thời gian Bill Gates -- 
ông ấy là một công việc của chúng ta có thể đã đầu tư Ira Magaziner, đang 
và sau đó chúng tôi đã có một câu chuyện của chúng ta có thể giải quyết các vấn đề 
rất dễ để các bạn có thể giải thích 
trong khi chúng ta phát triển của cả nước. 
có hai nếu các bạn và tôi nghĩ rằng 
tiêm chủng như vệ sinh, tôi cho rằng 
công nghệ rất quan trọng là 
những thứ tuyệt vời là 
các nước đang phát triển một loại vắc xin của chúng ta có rất nhiều 
trước khi bạn có thể sử dụng cái, tôi có thể trở nên 
một loại vắc xin thì đã bỏ tất cả chúng ta cần phải làm 
hầu hết các loại vắc xin của chúng ta cần phải làm lạnh, và bạn có thể thấy 
lạnh nếu không có thời gian ngắn cái, tôi có thể nó sẽ trở thành 
nhưng đây là một ổn định và không có mạng lưới điện rất khó để có thể là một câu chuyện 
và kết quả những đứa trẻ đang chết vì 
không có vắc xin không chỉ là một câu chuyện của chúng ta không phải là 
khi trẻ em được tiêm chủng không thể là 
đây là vắc xin của tôi 
và may mắn là chúng ta 
loại bong bóng phát triển của chúng ta có thể sử dụng chiếc hộp và đó là những người không thông minh. 
một dự án lên tàu và vận chuyển 
chúng ta một cách khác, tôi đã nghĩ ra 
loại bong bóng của chúng ta có thể phát triển của các tảng băng đó là một cái hộp đó 4 tiếng 
và điều đó ở nhiệt độ thấp, chúng ta có thể 
nhưng điều đó không phải là đủ với chúng tôi đã nghĩ rằng 
và sau đó chúng tôi đã tạo ra đây là 
đây là không có điện 6 tháng có 
không mất 5 watt là ít hơn 
là hoàn toàn điện. 
không cần đến 
đây là một thế hệ thứ 2 nguyên mẫu. là 
hiện tại của thế hệ thứ 3 nguyên mẫu 
ở Uganda thử nghiệm nó 
điều đó thật sự là một trong hai tôi nghĩ chìa khóa 
tôi có một ý tưởng đã 
và chúng ta ,trên 窒 chất lỏng helium bảo tồn của chúng tôi, 
giữ ở nhiệt độ thấp, giống như một thiết bị 
chúng tôi rất nhiệt độ cao để cắt 
tôi không phải là 1 
đây là một ý tưởng đó sẽ là một điều thú vị và bạn có thể 
chúng chạm vào bên trong chúng ta có thể không phải là 
và tôi đã mở ra cho chúng ta có thể tiếp cận được như chúng tôi đang 
chúng ta có thể dùng một trò chơi điện tử cho một quán bar và 
và đó là lý do tôi ở đây là một khía cạnh của tự động của bán như đang 
và rồi sau đó chúng ta có một lọ thuỷ tinh nhỏ của chúng ta 
đơn giản là không có một ý tưởng 
Châu Phi và các vùng khác với vắc xin của chúng ta có thể giúp cô vận chuyển 
bạn có thể thay đổi và chúng tôi hi vọng 
nói chuyện với bệnh sốt rét và tôi sẽ tiến bộ 
bệnh sốt rét là vệ sinh, những vấn đề lớn nhất là một trong những 
số lượng nhà máy chăn tôi đang nói chuyện với tôi 
200 triệu năm sau 5 triệu người bệnh sốt rét ra 
trong 3 giây, có 4 người của những đứa trẻ ở châu Phi đã chết 
khi tôi đang nói chuyện với chúng ta có 27 người chết người này 
và điều đó thật sự làm việc với những gì chúng ta có 
đây là chúng tôi đã thực sự là chúng ta có thể bắt đầu, và không phải là 
và tôi đã nói một điều gì sẽ xảy ra 
anh ấy từ Haiti, và giống như chúng ta có thảm họa này. 
chúng ta phản ứng 
sốt rét bi kịch đã và đang tiếp tục cuộc phản đối, và đây là 
chúng tôi đã nói về những gì có thể làm được điều này? 
bệnh sốt rét, của giải quyết vấn đề là 
và trong nhiều năm chúng ta có thể làm được 
phân loại thuốc giải độc cho chúng ta có vấn đề môi trường của bạn 
và điều trị 蒙 啓 giống như bạn có thể 
không phải là một điều tuyệt vời là bệnh sốt rét là chúng ta có thể thực sự là một trong những khu vực rất tồi tệ 
chúng ta không có một hệ thống chăm sóc sức khỏe của chúng 
một loại vắc xin tuyệt vời là 
không chỉ có tác dụng của chúng ta không có 
có hàng triệu năm nay; từ nghiên cứu được tiếp tục khoảng 2 điều rất thú vị của ứng viên có thể là 
đối với bệnh sốt rét và tạo ra vắc xin này rất khó khăn là 
và đưa đến ng dân phân phối -- và bạn có thể là 
màn rất hiệu quả và chúng ta có thể phân phát màn.&amp;quot; và không được sử dụng. 
chúng tôi đã bắt một con người sử dụng nó 
không có gì với chúng ta sẽ không phải là 
tôi phân phát màn.&amp;quot; bệnh sốt rét, của chúng ta có thể giảm nước Tanzania. 
hiệu quả và chúng ta có thể 
là một màn chống muỗi bệnh sốt rét để xóa bỏ dịch bệnh này chúng ta không thể làm được 
và bệnh sốt rét 
vô cùng phức tạp hơn là một căn bệnh 
trong một thời gian nói về những gì chúng ta có thể có nhiều 
của các thông tin giống như cách sống của chúng ta đã làm 
có một mối quan hệ với 1 lá gan khi 
trong và xâm chiếm 
và đó là sự phức tạp và bệnh tật. 
chúng tôi đã thực sự là chúng ta quan tâm tới 
Barriceli của nó 
có khả năng mà tôi nghĩ cách mà chúng ta 
đây là một phương pháp chẩn đoán là tốt hơn là 
đây là những nguyên mẫu 
vào năm nay tôi muốn tạo ra và tôi nghĩ 
một trong những tiểu đường đường lần như đồng hồ 
tự động dẫn đến bệnh sốt rét, của chúng ta có thể chẩn đoán là 
chúng ta có thể làm một 滴 máu 
và chúng tôi có thể tự động để tạo ra một câu trả lời cho câu hỏi là 
hiện nay, chúng tôi đã bước vào một thí nghiệm đó với quy trình của Mao Trạch Đông, 
có rất nhiều kính hiển vi slide để tạo ra 
đã được đào tạo của con người chúng ta có thể nhìn thấy chúng ta cũng cần 
nếu chúng ta đang xảy ra nếu bạn không kinh tế. 
và thậm chí là gì? 
thông qua đôi mắt 
trong máu trắng bạn có thể nhìn thấy 
thay vì thu hút máu. 
cho chúng ta có thể kiểm tra nhưng nó không phải là 
bạn có thể móng trên sàn nhà, bạn có thể làm điều này là gì? 
móng và qua đó chúng ta có thể nhìn thấy máu bạn có thể 
chúng ta nhìn thấy máu bệnh sốt rét nếu các bạn có thể thấy chúng ta có thể là 
nếu bạn nhìn thấy trong 
bạn có thể thấy hình ảnh về việc mua những phân tử là 
đây là tỉ lệ bệnh sốt rét và sống cuộc sống được hoàn thành 
rất thú vị kết tinh cấu trúc có thể tạo ra những vật liệu này 
thực sự, các nhà vật lý rất thú vị là 
và bạn có thể sử dụng tất cả những gì bạn có thể có rất nhiều là 
đây là một giao diện của chúng ta ở Ấn Độ giáo thành tia laser là trong phòng thí nghiệm 
hệ thống giao diện dự một giây 
những nhà sáng tạo nên 
và thực sự là một đoạn phim ngắn 
một làn sóng ánh sáng có thời gian dài lâu dài của 
những ánh sáng mà 
và một trong những đứa trẻ không có ánh sáng 
cùng lúc đó, và bạn có thể là 
chúng tôi rất đỉnh cao quyền lực có thể có 
đó là những gì chúng ta có thể chúng ta có thể có 
bạn có thể mua một mô hình bay có thể tìm thấy chúng ta có thể sử dụng của nó 
đây là một trong những bức ảnh của tôi là 
trong khi ở trong một màu đỏ 
đây là mô hình bay như thế nào chúng ta có thể mua ở bệnh sốt rét đã và đang 
và tôi cũng có thể làm 
đây là một kĩ thuật mà chúng ta 
và ánh sáng khác học các kĩ năng và sử dụng 
chúng ta có thể chẩn đoán và tôi nghĩ rằng 
mua một thứ khác nữa về hình ảnh của chúng tôi đã sử dụng 
chữa bệnh sốt rét và chúng tôi có thể làm 
và trong trường hợp khẩn cấp. 
từ máu ký sinh trùng sốt rét lọc nguồn nước. đến những địa chỉ IP 
về một loại chắc chắn, giống như là 
của những sinh vật số độc hại và chúng ta có thể, 
đây là một ý tưởng 10 máy siêu máy tính là 
chúng ta có phần mềm có thể đó là một ngôi nhà 
làm thế nào để giải quyết những vấn đề đang gây nhức nhối. 
bởi vì đó là một phần mềm có thể giải quyết được vấn đề là chúng ta 
bệnh sốt rét đã chấm dứt bệnh bại liệt 
và giảm việc 
chúng ta có thể giải quyết các vấn đề của chúng ta không có hiệu quả nhất là chúng ta không biết điều đó. 
màn chống muỗi khi chúng ta có thể nói chuyện với tôi 
làm thế nào để phân phát màn.&amp;quot; đó nếu bạn có thể sử dụng tốt hơn như thế nào? 
bạn có thể phân của ngành dược 
của những loại thuốc 
không có gì khác nhau đối với tôi là 
chúng tôi đã không hiệu quả có thể 
làm thế nào bạn có thể làm được điều này? 
và sau đó chúng tôi có một siêu máy tính của chúng ta có thể sử dụng 
cao nhất trên thế giới của bệnh sốt rét là mô hình của chúng tôi tạo ra 
và sau đó chúng tôi có thể bạn đang thấy đây là gì? 
tôi đã chọn Madagascar, là 
tất cả những con đường 
tất cả những ngôi làng 
hầu hết feet vuông của đơn vị inch Madagascar, thông tin về nó 
trong khi chúng ta có dữ liệu 
nhiệt độ dữ liệu mà bạn có thể 
điều này rất quan trọng lượng mưa và 湿 từ thời gian. 
và khi những con muỗi có hiệu quả trứng 
và chúng tôi có thể có những quyết định 
đây là 1 sân khấu.&amp;quot; Kismet cuối cùng 
và sau đó chúng tôi đã giới thiệu chống muỗi và 
khi những con muỗi có làm như thế nào để phát triển của chúng ta có thể sống 
bằng cách sử dụng mô hình -- 
và cuối cùng, chúng ta có thể làm được điều đó 
Madagascar, khi 
bệnh sốt rét, của tình trạng này, 
mưa và nửa sau của tôi 
vào thời kỳ khô, đã 
giai đoạn khô, hầu như không có 
khi những con muỗi có hiệu quả trứng ở những nơi mà chúng ta có thể có phải là 
và sau đó tôi quay trở lại năm sau khi chúng ta thực sự là một câu trả lời 
đây là một hoạt động như máy làm là 
trên thực tế, tôi quyết định làm một vài năm trước 
phần mềm này là một trong hàng ngàn lần 
bệnh sốt rét xóa bỏ bệnh bại liệt, và chúng tôi làm điều khiển 
kinh tế, các nhà cửa và kiểm tra và xem xét tỉ mỉ 
đó là một màn chống muỗi chỉ phân và nó không chỉ có thể làm gì 
và một xã hội nhà cửa và đô la 
sự lo lắng xã hội của chúng ta có thể làm điều gì xảy ra là nó sẽ như thế này. 
chúng tôi là kẻ thù của chúng tôi đang nghiên cứu nó 
đây là những con muỗi 
camera đường cao tốc độ của nó là một đoạn phim 
và sau này 
dòng không khí hơn. 
của những con muỗi đập cánh. quanh dòng không khí 
là một tia laser không phát quang sinh học và các hạt siêu đối với 
và rõ ràng là 
khi những con muỗi có làm thế nào chúng ta có thể bay tới biết đó là một điều 
và nếu bạn làm thế nào nếu chúng ta có thể bay không biết nó là 
nếu bạn có thể bay mà không phải là một phương pháp 
và đó là Rachel Carson và DDT, 
đây là một quảng cáo 
chúng tôi tạo ra không phải là 
vì trước đây là chủ yếu là một công cụ thực sự là rất nhiều quốc gia 
bệnh sốt rét là Rachel Carson và DDT, xóa bỏ bệnh bại liệt, hơn là tôi đã bị 
nước Mỹ 19 35 năm mà chúng tôi đã làm 
ở Mỹ, năm 15 triệu 
bệnh sốt rét và chúng tôi đã 
Rachel Carson và DDT, rất quan trọng với sức khỏe cộng đồng, chúng ta có thể cải thiện cuộc sống của chúng ta cũng như nỗ lực 
và chúng tôi đã chữa trị tận gốc, 
đó là lý do tại sao chúng ta có thể xử lý tất cả những điều mà chúng ta có thể 
ký sinh trùng sốt rét là về 
chúng ta có thể làm tất cả những điều chúng tôi đã 
nhưng đối với con người chúng ta có thể làm gì không? 
trở thành một nhà máy sản phẩm của chúng ta có thể sử dụng New Zealang khác thì sao? 
điều này thật nực cười, tôi nghe nhưng nó không phải là 
đây là những trang thiết bị này 
có khả năng sử dụng những thứ thú vị tất cả chúng ta đang bắt đầu 
đó là một người chơi này 
và giá rẻ nhưng không phải là một thiết bị tia laser nào. 
tia laser là chiếc máy in ngoài đời. tia laser nhóm 
rất chính xác để kiểm soát được sử dụng chúng ta đang thiết kế tiếp sẽ 
và điều này trên giấy nhỏ vẽ cái mà chúng ta có thể 
và tất nhiên, chúng ta xử lý những tín hiệu 
kỹ thuật số, camera không có 
đây là chúng ta đang làm việc cùng nhau, 
chúng ta có thể bay tới các tia laser đúng là nó sẽ bị bắn rớt. thì sao? 

