shard_size = 0 shard_count = 0
Seeding random numbers with system clock 
name: case value: true
Data::m_score_type BLEU
Data::Scorer type from Scorer: BLEU
Loading Data from: run1.scores.dat and run1.features.dat
loading feature data from run1.features.dat
loading score data from run1.scores.dat
Loading Data from: run2.scores.dat and run2.features.dat
loading feature data from run2.features.dat
loading score data from run2.scores.dat
Loading Data from: run3.scores.dat and run3.features.dat
loading feature data from run3.features.dat
loading score data from run3.scores.dat
Loading Data from: run4.scores.dat and run4.features.dat
loading feature data from run4.features.dat
loading score data from run4.scores.dat
Loading Data from: run5.scores.dat and run5.features.dat
loading feature data from run5.features.dat
loading score data from run5.scores.dat
Data loaded : [Wall 2.38105 CPU 2.38] seconds.
Creating a pool of 1 threads
Best point: 0.00655146 0.0226541 0.543653 0.0115832 -0.0979797 0.0935367 -0.0560333 0.0223865 0.0226152 0.0648042 0.0371894 -0.00598746 0.0118587 0.00316708  => 0.0430267
Stopping... : [Wall 173.526 CPU 173.384] seconds.
