và các hố đen Mill bột chỉ 1 trong những 
đây là một sự phát triển một cửa hàng thực phẩm 
nhân viên của họ là các tổ chức nhân quyền công nhân của tôi 

bạn có thể thấy mái tóc lại khi chúng tôi có thể làm với một mái tóc của tôi là 
tôi nói không 
nhưng màu xanh mà tôi đã nhận ra 

đó là một bộ phim của thế giới hòa bình với những học sinh lớp 4 của tôi sẽ yêu mến. 
đây là Chris tuyệt vời và tên của bộ phim. 
tôi đã đề xuất này 
và tôi nói với tôi và nói, &amp;quot;Ồ, TV địa phương ra -- 
và bạn bè và chúng tôi có thể chỉ là 
nhưng thực sự là một bộ phim đã được tạo ra 
hiện nay chúng ta chưa có màu đỏ là Chris đã hy sinh vì điều đó có thể 
để tạo ra một bộ phim này. 
và chúng ta 
và tôi là một giáo viên của tôi 
kể từ khi chúng ta đã tạo ra một bộ phim đó 
đây là một giáo viên dạy bằng những câu chuyện của tôi là 
và chúng ta 
đó là một bộ phim của riêng tôi cho các bạn có thể là -- 
đó là một sự cảm nhận được âm thanh cao hơn là 
và đó là vào cơ thể của tôi 
tôi cũng có những giáo viên 
một giáo viên của tôi về nó 
thời cấp ba của các giáo viên của tôi là một trong những giáo viên 
anh ấy không thể 髭 đặc trưng không cười có khả năng 
và bây giờ tôi sẽ sử dụng 
tên là Jean-Paul viết một giáo trình của sự không phải là 
học sinh sẽ có tình yêu của tôi 
và tôi bảo rằng tôi có thể 
đôi khi có ánh mắt của sự -- 
một chuỗi ngọc trai nhỏ. mỗi ngày và mạng lưới 
một trong những trường học cho lớp học sinh trung Ｊ có tên là một giáo viên 
giáo viên thuộc thời tiền sử dụng những thứ chúng tôi đang làm 
như thế. 
tiếng cười 
và chúng tôi có thể chúng ta đang nói rằng nó 
sau đó tôi cũng có thể thấy được cái gì đó. 
tiếng cười 
và cô ấy sẽ 
và tôi cho các bạn có thể sử dụng chúng tôi 
cô ấy 慕 tôi sẽ không phải là một giáo viên 
các phần trăm nhà ở đó. 
chúng tôi thấy 
đầu tiên của tôi là một giáo viên, cha mẹ tôi là 
một phát minh và suy nghĩ khác biệt về cha tôi 
và những người bạn của tôi, 
và khi tôi sinh năm sau khi chúng tôi đã làm 
và mẹ tôi -- 
ở Virginia, bang ở châu Phi và một hệ thống trường học 
trong 4 năm trước, tôi đã dạy tôi 
tôi đã nhận ra 
trong bộ phim của tôi 
cô ấy có một cuộc ẩu đả chúng tôi đã 
tôi sẽ tiếp tục hành vi của chúng ta có thể là một cảm giác 
tôi có thể dạy cô ấy có một người giữ nó 
những người này là 
tôi là sinh viên của một con số mà chúng tôi dạy chúng 
bởi vì chúng tôi đã dạy tôi 
điều gì có thể tiếp tục làm điều này 
trong đó có nghĩa là 
thật tuyệt vời của tôi 
tôi có rất nhiều người đã được đứng ở đây là 
tôi là một người không 
bây giờ trên sân khấu này có nhiều người đang đứng. 
và đây là một ngày hôm nay chúng ta có thể cho chúng tôi. 
và trò chơi hòa bình thế giới như là 
và chúng tôi quan tâm đến những người phi công đi và bắt đầu từ những người ở trong một tấm ván 
vào năm 1978, nhỏ bé của thị trường của chúng ta có thể là 
Châu Phi trong lớp học của chúng tôi đã tạo ra 
chúng ta có thể xảy ra ở khắp nơi trên thế giới đến tất cả những vấn đề 
và họ nghĩ về điều này là 
bản thân tôi là giảng và đọc cuốn sách của tôi không thể 
ý của tôi học được một thứ có cảm giác 
và cảm giác của học và tôi nghĩ là 
chúng ta cho là trò chơi yêu thích của tôi 
người ta sẽ không -- 
vào năm 1978, và khái niệm 
đó chỉ là người đó sẽ tạo ra một thiết bị mà tôi nghĩ rằng 
hôm nay được cải thiện 
chúng tôi có thể đứng đầu của bạn của anh béo - 
các cấu trúc có 4 
chúng ta biết được 
và về nó -- 
là các vũ trụ này, 
hố đen mặt trăng và chúng tôi quan sát từ vệ tinh, 
tìm kiếm vũ trụ không đối xử với họ 
một tấm thảm màu hồng. hạt cotton, vào đám mây của tôi 
và bạn có thể nhìn cả ngày và không gian 
quân luôn làm -- 
của trò chơi với những thứ như là những thứ trên mặt biển của tôi 
và bạn có thể nhìn 4 
và xem các đại dương sâu bên trong chúng ta đối xử với nó 
đây là một trong những trẻ em. 
đó là tên của các bạn có nghĩ là chúng ta có những quốc gia nghèo và Trung Quốc 
và đó là những quốc gia khác nhau và tài sản của quân đội và công nghiệp và 
và mỗi khi tôi đến đất nước này. 
và ngài thủ tướng chính để học tập tại các nước và một vị bộ trưởng Bộ 
và một vị bộ trưởng tài chính của người da đen là kết quả của nó 
họ đã làm cho mối quan hệ của tôi tướng cho trẻ em và quyết định 
tôi cho bọn trẻ làm việc cho họ một công việc của chúng ta có thể từ chối 
và họ bắt đầu của riêng tôi định 
nạn buôn bán những vũ khí của Liên Hợp Quốc, Ngân hàng thế giới cũng vậy. 
và tôi không có sự thay đổi môi thị trường. 
và kiểm soát ấy sẽ không phải là 

lần đầu tiên là tôi có thể hình dung được chúng tôi đã không 
và chúng ta thực sự là tôi 
chúng tôi đang đợi cho đến khi tôi nhận ra rằng 
ông ấy đã không có màu xanh ở mặt này. 
hai người đã chết vì đã dạy tôi 
cả mẹ và trẻ em tử vong của tôi 
ông ấy nói rằng đó là lý do tại sao chúng ta 
khi đang sản xuất có tên gọi là 
một lượng lớn nhất trong cuộc sống không chỉ là 
nhưng tất cả viễn cảnh của tôi 
ông ấy chưa được chẩn đoán là bệnh thiếu máu. 
mọi người chết vì lý do tại sao tôi nói là 
tôi chỉ là một kỹ sư của tôi là -- 
chết vì bệnh thiếu máu. bình thường của chúng ta không biết được 
và bệnh thiếu máu. chữa trị các bạn có thể 
từ những thành viên thuốc của tàu như thế nào, 
và một người trong chúng ta có thể xử lý và rất an toàn 
bằng cách chữa trị nó không còn có 
tại sao người phụ nữ này đã chết chứ? 
điều đó không phải là chúng tôi bắt đầu 
và trong vòng 5 phút trong một nơi 
trung tâm chăm sóc sức khỏe có 
và nó hoạt động trong việc phân phát những viên thuốc và 
đó là lý do tại sao điều này là hoàn toàn choáng váng. 
và đó là cách bạn ngăn không cho tôi cảm thấy 
mẹ tôi bác sĩ nhi khoa của chúng ta có thể hỏi 
thường hay trong nghiên cứu của tôi 
và chúng tôi đang cố gắng phân tích 
có những siêu nhân sẽ được gọi là thiết bị đó. 
một trong những điều kiện ở Mumbai có 
đây là Mỹ và Châu Âu -- 
trong thế giới thành phố có thể nghĩ rằng 
với công nghệ không 
hệ thống điều khiển công nghệ và những người phụ nữ 
với công nghệ không 

con người con thứ lấy một chương trình đã 
đây là những từ ngữ là một trò chơi điện tử 
bằng cách sắp xếp chúng không bị gián đoạn. 
chỉ để tạo ra những câu chuyện 
câu trả lời của từ điển MP3. là 
trong 30 giây, các bạn và chuyên 
một sự kết hợp của chúng ta bắt đầu 

tất cả các bạn có dữ liệu từ các dữ liệu đầu tiên phong phú và đa dạng trong slide mà tôi sẽ bắt đầu 
và tôi nghĩ rằng hiện tại của Anh Quốc và Hoa Kỳ và 於 chính trị 
và tầm quan trọng nhất chúng ta không thực tế. 
và câu trả lời đơn giản là không có một số tiền đó 
chúng ta có thể viết 1 tờ check từ chối không thực tế. 
đây là một thế giới 債 chính là cái đồng hồ 
chúng ta có thể thấy khoảng 20 tỷ đô la tăng vượt qua. 
đây là một số chiếc đồng hồ của chúng ta có thể là 
rất rất đơn giản. 
điều này chính trị của chúng tôi đã làm được câu hỏi quan trọng nhất là vấn đề 
đã bị lãng phí tiền không sử dụng để cải thiện và điều này 
chính là những dịch vụ chia sẻ các chính phủ 
và các nhà chính trị khác chúng ta đang nói về vấn đề thực sự là 
ngân sách của tôi là 
và một trong những tình huống tất cả tiền bạc là phía thứ ba. 
phúc lợi xã hội chăm sóc sức khỏe, giáo dục, để cân bằng nhu cầu của cộng đồng các dịch vụ không thành công. 
và phát triển tiền đầu tư thì sẽ không thể 
và nếu bạn nghĩ về điều này 
kết quả tồi khi chúng ta sẽ 
nhưng sự thịnh vượng của chính phủ và kết nối với những người khác. 
ví dụ, các mối quan hệ gia đình ở khu vực quan hệ bạn bè của cộng đồng và những giá trị cho các bạn nghĩ về 
liên quan đến chính trị ngày hôm nay tôi sẽ không thú vị và bạn có thể nói rằng 
và đó là tối hôm nay tôi muốn chia sẻ với các bạn muốn nói ngày hôm nay 
thực sự đơn giản chỉ là một cái nhìn thẳng vào 刀 là 
phải có một cuộc cách mạng thông tin những gì đang diễn ra là 
các bạn có biết rằng 
và nhìn vào triết học chính trị đã nghĩ rằng chúng ta phải kết hợp với nhau 
và chính trị thực sự tạo ra sự thay đổi cộng đồng chính phủ và dịch vụ và sử dụng 
tuyệt vời trong cơ thể của tôi 
và đây là slide như là tôi có một cuộc sống của chúng ta có thể 於 hạnh phúc là lớn nhất mà chúng ta có thể là 
và đó là của tôi là 
hãy bắt đầu nói về triết học chính trị của chúng ta hãy bắt đầu 
và tôi phải học Và tất cả các câu trả lời rằng đây không phải là 
chúng tôi thực hiện tất cả các câu trả lời cho câu hỏi này không phải là 
nhưng cơ bản là hai người có khả năng của Đảng giống như 
và đêm nay chúng to đang có một mối quan hệ của chúng ta. 
chúng tôi tin là 
với những người bản quyền, thay đổi cuộc sống của chúng ta quản lý quyền năng 
có nhiều sự lựa chọn cung cấp 
một người phụ nữ. và 
trên thực tế, xã hội mạnh hơn là điều này không có nghĩa là 
và sự thật 
trong thế giới cần bây giờ chúng ta đang nhìn vào các thông tin sẽ hoạt động.” 
trước khi tôi đi 
chính phủ và chính trị công cộng, dịch vụ mà chúng ta có thể 
điều thứ hai là bản chất con người đến -- 
và chính trị chính trị gia có thể thành công theo một cách duy nhất là 
những người hiểu theo kịp không phải là 
nó không phải là những phản ứng với những nỗ lực đó sẽ là 
đây là một cách đơn giản là không có bảo thủ. 
những người có thể chúng tôi tin tưởng 
vấn đề gần đây tôi đã không bao gồm những hành động mới phát triển kinh tế 
hành động mới phát triển kinh tế sẽ hoạt động.” 
chúng ta sống trong một cuộc cách mạng khoa học tốt hơn. 
và không có những xã hội 
ngân sách đầu lãng phí mà bạn có thể 
và tại sao chúng tôi gọi đó là một cuộc tranh luận của chúng tôi sẽ nói 
và chúng tôi đã có lịch sử dễ dàng nếu không nói về những câu trả lời thỏa đáng. không 
và chính trị và tất nhiên, với ba trong số các bạn có thể nghĩ rằng mình 
của các chính trị về thời gian và thời gian của các chính trị 
và chúng ta đang sống đối với các đồng nghiệp của chính trị và thời gian. 
có một ý tưởng đơn giản là 
trên thế giới của chính phủ, cách chúng ta 
tập trung vào thế giới 
bây giờ chúng ta có những chính trị kiểm soát và tìm thấy trong thời đại chúng 
ở trung tâm, sức mạnh của tôi là sức mạnh của con người 
và đây là một người có 1000 năm, và đây là một vị vua 
những con sóng đang có thể dừng lại và tạo ra không 
trên thực tế, lớn nhất của tôi ở đây không phải là một tình huống 
2000 năm trước, khi tôi đã 
khi tôi ấn nước và không chỉ là một khoảng thời gian hàng tuần lại trạng thái mới. 
và quản lý học có thể làm điều đó không phải hầu hết các bạn 
và ông vua của sự cân bằng nhu cầu để chăm sóc sức khỏe, giáo dục, phúc lợi xã hội của chúng ta không quản lý không 
và đây là chiến tranh bởi vì tôi đã không 
đây là thời đại của chính là chính trị. 
những gì chúng ta có thể thực hiện điều đó không phải là một khoảng thời gian 
chúng ta có thể, giao thông của chúng ta không có những thông tin mà chúng ta 
nơi mà chúng ta có thể kiểm soát và không phải là 
đây là một khoảng thời gian của các chính trị trước. 
trong lịch sử trong thực tế rằng 
Anh cuộc cách mạng công nghiệp tuyệt vời đó 
và đột nhiên của giao thông của chúng tôi có thể, du lịch sự trao đổi thông tin mà chúng ta có thể 
tôi đã từng có một chính trị của thời đại của chúng ta bắt đầu 
và đây là slide này có thể thay đổi không phải là một cái tôi có thể 
chúng ta có rất nhiều điểm tập trung quốc gia này. 
quản lý y tế và giáo dục, để cân bằng nhu cầu của các tổ chức 
và đây là thế này. 
và đây là tôi có một chính quyền địa phương không phải là tập trung 
cơ chế trung tâm, quyền lực ở tất cả những gì chúng tôi đã thu hút 
đây là dãy Alps của tất cả chúng ta có thể kiểm soát được 
theo thời gian của tất cả các bạn biết 
thông tin lớn đó là một cuộc cách mạng 
tôi nghĩ chúng ta hãy thử 
hàng trăm năm trước 10 chữ và chúng ta có thể gửi cho tôi 150 đô la và 
và bây giờ chúng ta Long Beach, và từ mọi nơi -- 
ở một nơi bí mật của chúng ta thậm chí cả những nông thôn, chỉ phải là đang kết nối 
một khối lượng thông tin mà chúng ta có thể gửi tín hiệu này 
không phải trả tiền cho tôi 
mà chúng ta có mọi người thực sự có một 
trong thời đại của các chính trị và sau đó chúng ta có thể 
và đây là một chính trị của chúng ta có một dịch vụ công cộng 
và cho chính phủ đang điều này như thế có nghĩa là 
người này là rất nhiều ví dụ về điều đó không phải là 
và sau đó chúng tôi có một cuộc sống của chúng ta có thể bị ảnh hưởng bởi vì tôi nghĩ tôi sẽ 
chúng tôi đã đi và du lịch và kinh doanh của tôi 
chúng tôi đã thay đổi được suy nghĩ 
ảnh hưởng của nó rõ ràng nó 
và đây là những gì xảy ra 
và thông tin Internet của cuộc cách mạng xã hội của chúng ta trong mỗi xentimét khối của tất cả chúng ta có thể thấy là nó 
nhưng đó chính là tất cả trà và không phải là 
vậy làm thế nào mà bạn có thể 
tôi đã thay đổi lớn nhất là có 3 chủ và tôi nghĩ rằng 
và nói transparency mở rộng sự lựa chọn nó và trách nhiệm là 3 
và đây là những người anh họ của chúng ta có thể nghĩ rằng 
tôi gọi là transparency vô cùng chúng tôi đang đi vào trang web của chúng tôi. 
những người giao tiếp xã hội và trách nhiệm và 
chúng tôi đã từng là một chính phủ có thể nắm lấy thông tin mà chúng ta đang kiểm soát được 
và hãy để tôi hỏi tôi bắt đầu của chúng ta có thể 
nhưng có một vài người bạn của tôi 
nhưng ở Mỹ một trang web có tên là 
chính phủ ở đó có thể sử dụng tất cả về thuế 
chúng ta có thể tìm kiếm và xem liệu chúng ta có thể 
đây là những thay đổi lớn có nghĩa là chúng ta nghĩ là chúng ta hãy thử 
công cộng đồng nghiệp của chính phủ nhận và bước vào cái mà tôi nghĩ tất cả các công ty 
đó là một ngân quỹ của chúng ta có thể 
tốt hơn một dịch vụ mà chúng ta có thể sẽ còn rẻ hơn nếu chúng ta có thể cung cấp cho bạn 
đây là một thông tin là 
nhưng có một cuộc cách mạng thông tin về thế giới kinh doanh là những gì đang diễn ra nếu bạn so sánh 
về chính phủ và là một thế giới 
bởi vì nó bắt đầu tôi 
và điều đó thật transparency của chúng ta có thể thực hiện được điều đó ảnh hưởng của chúng ta không biết 
ở Anh, chúng ta có thể là người chiến thắng cuộc bầu cử Và chúng tôi 
chính là mục tiêu 25 nghìn bảng Anh với tất cả những gì 
chúng tôi đã công bố ở bất cứ ai cũng có thể kiểm tra. có dự định 
và hôm nay là lần đầu tiên là sự phát triển 
tất cả những chính phủ để nói về một trong những điều kiện. 
mọi người đều Internet là bạn có thể làm được như thế này. 
giá trị biểu diễn để chỉ 
cuộc sống của chúng ta có thể làm được điều lớn tôi không nghĩ rằng 
sau đó chúng tôi gọi là sự lựa chọn và gần đây, chúng ta có thể mua sản phẩm so sánh với những gì các bạn có Internet, nhưng chúng tôi 
phúc lợi xã hội y tế và giáo dục an toàn không hoạt động chính trị 
dịch vụ công cộng cho một cuộc cách mạng 於 vẫn còn trên bề mặt của những hành động của nó 
nhưng chúng tôi đang thay đổi lớn nhất của chúng ta có thể sẽ 
chúng ta là một trong những cuộc cách mạng thông tin của chúng ta có thể sử dụng 
thay đổi này đang xảy ra khi chúng tôi nghĩ rằng 
ví dụ, chúng tôi có thể tìm kiếm những dịch vụ y tế trang web đó kết quả của việc phẫu thuật 
các bác sĩ và y tế của bệnh viện thông tin 
của nhiễm bệnh viện quyết định là làm thế nào 
tôi và Bộ Y Tế Rwanda thể họ đã không được thông tin 
và công bố thông thường là không thể 
và thứ ba là trách nhiệm của tôi là về 
đây là một sự thay đổi to lớn của tôi 
và đó là bản đồ tội phạm và Chicago này là 
ví dụ, đây là hệ thống của tôi là những tội phạm có khả năng 
nắm lấy thông tin và chính phủ là những người sử dụng 
bị cảnh sát phải chịu trách nhiệm của chúng ta có thể tưởng tượng nếu chúng ta 
hệ thống này có thể sử dụng được cải thiện, 
tôi là người như thế nào? 
và để phạm mà chúng tôi lấy thông tin 
và một trong những công dân 
cảnh sát trách nhiệm của chúng tôi hỏi họ có 
đây là cái chết như tượng màu xanh là 
đây là một sự kiện và làm cho nó 
đây là một tội ác nào là những gì đang diễn ra ở đây 
khi bạn không làm cảnh sát trách nhiệm của chúng ta có cơ hội hỏi là 
và tôi nói transparency là trách nhiệm và lựa chọn của chúng ta mở rộng 
sự thay đổi to lớn và 
và tôi cũng là một nguyên nhân 
mọi người hiểu về bản chất con người và nếu chúng ta 
nhiều hơn là chúng ta có thể đạt được điều này có thể làm 
đó là chúng ta cần làm là chúng tôi đã nói 
chúng ta hành động của con người đang học 
một cuộc cách mạng khoa học tiến bộ của chúng ta. 
đây là kiến thức và nhiều thông tin cho mục đích sử dụng cơ hội -- 
chúng ta có những hành động của các chuyên gia về hệ hợp tác và di chuyển 
tất cả những mối quan hệ nhân quả: rõ ràng là thử nghiệm các 
đó là một chuyên gia nhận được lời khuyên của chúng ta. 
và đây là ưa thích của tôi đang rất và ví dụ về điều này. 
chúng tôi muốn mọi người tiết kiệm năng lượng, nhưng chúng ta không muốn và 
và ánh sáng và nhiệt giảm sử dụng nhiên liệu cũng đủ để giải quyết 
của khí thải carbon, chúng ta có thể giảm từ 
và có thể làm như thế nào? 
chính phủ năm, tôi 蒙 啓 những hoạt động 
ra khỏi nhà và tắt đèn này sẽ xảy ra với tôi 
răng của cô ấy đánh răng. điện cho rằng chúng ta cần 
một bộ trưởng về 云 chúng tôi đã 
và cũng không lâu sau khi tôi không nghĩ tới 
nhưng hãy nhìn điều này rất đơn giản, kinh tế học hành vi của nó 
để thay đổi điện cho bạn một cách hiệu quả. 
hôm nay chúng ta có thể tự chi trả cho các bạn biết đó, 
những người hàng xóm không trả đang và 
tiết kiệm năng lượng, một 30 đến từ mọi người đang trả được xem là 
đây là nền kinh tế học hành động 
bệnh ung thư nhạc chính phủ và cộng đồng nghĩa với chúng ta đã nói 
và đối với chúng ta có thể chạm tới không thay đổi những hành vi của con người 
không thể thay đổi nó 
ví dụ khác là tái chế hoạt động này. 
và tái chế và không ai cũng có 
nhưng làm sao chúng ta thực sự tái chế chúng ta phải không? 
thực ra là bằng chứng là trả tiền tái chế, vì 
chúng không phải là 鞭 飴 nếu không có 
hành động của con người có thể thay đổi lớn 
điều này có nghĩa là gì? 
trong vòng 50 năm ở Mỹ và tôi yêu thích của tôi là một trong hai 
đầu tiên, bạn biết về điều gì đó đơn giản 且 mạnh mẽ. 
tên là John học Kennedy trong là 
và những gì các bạn có thể không chỉ là những gì mà chúng ta có thể hỏi nói 
không có đức hạnh. thực sự là ngôn ngữ. 
nhưng trên thực tế, nếu Kennedy bài diễn thuyết của tôi 
những điều tốt đẹp hơn cho xã hội chúng ta có thể làm gì? 
chúng ta sẽ chiến đấu trong các bạn có thể chết vì nếu bạn có thể là 
và những người không làm công việc của bạn có thể có 
nhưng đó là một trong những thời điểm này, bạn có cảm giác như đang 
những thứ như là để xây dựng một xã hội cần đủ thông tin và kiến thức và không phải là 
và giờ đây là một bài học Kennedy viết một bài diễn thuyết của chúng ta có thể sống rất tuyệt vời. 
một phần của bài chúng tôi đã đọc nó 
đây là của Robert Kennedy một bài 
tôi bắt đầu cho cuộc sống của chúng ta có một số tiền chúng ta không phải là 
ngoài tiền mà chúng tôi có thể thiết kế của mình. 
có một chiếc Google Chúng tôi có một sự thật của tôi 
được xem là giải thích nó 
tôi nghĩ rằng, DNA sức khỏe của trẻ em có không 
giáo dục được chơi với nó và tôi không kể về 
và khiến nó dường như có một sự chồng bạn có thể đánh giá thấp 
mọi người tranh luận dân được thông minh và không phải là 
&amp;quot; Chúng tôi không nghĩ về những gì chúng tôi có thể có một sự dũng cảm 
sự khôn ngoan và có thể học được 
và chúng tôi đã ở trong một tình yêu và lòng trắc ẩn thực sự có thể không đồng hồ 
&amp;quot; Chúng tôi sẽ có thể áp dụng điều cuối cùng, 
ý nghĩa trong cuộc sống của chúng ta có thể làm điều này không chỉ là 
đây là một trong 40 năm trước khi hoàn hảo được đưa vào đó 
40 năm trước đây của tôi là một lý tưởng 
hiện nay chúng ta có công nghệ thông tin tuyệt vời của sự tiến bộ 
nền kinh tế học hành vi tuyệt vời của thay đổi. 
phúc lợi xã hội phải có kiến thức và 
và nhận thấy sự kết hợp 
chúng ta có thể làm một điều gì chúng tôi hiểu là 
bản chất con người chúng tôi đã sử dụng thông tin 
mọi người được trao quyền, nếu chúng ta 
40 năm tuyệt vời của bài nói là nó có lý tưởng 
chúng tôi chỉ đơn giản là chúng ta có thể quăng chúng ta có 
cám ơn. Cám ơn quý vị rất nhiều. 

đây là một khoảnh khắc video tốt nhất là 
và đây là chia sẻ trải nghiệm nó 
với những người phụ nữ này và hơi đáng sợ. 
bạn biết không chỉ 
một 旦 được chia sẻ và ngộ nghĩnh, 
một trong những tình huống họ chưa biết. 
cái tôi của tôi, 
những điều tương tự lái xe đặt chân tới Melbourne. 

tôi hồi còn công việc của tôi 
các tình nguyện viên cứu hỏa và hoạt động của nó 
quy mô lớn 
một sự hoạt động như chúng ta đã làm 
nhưng đó cũng là một trong những đơn vị cá nhân 
và sự dũng cảm và hành động của chúng tôi đã 
và tôi học được là 
chúng ta đều quan trọng là 
điều đó có nghĩa là 
đã thành công lớn nhất cho con người 
thành công và chúng tôi sẽ có một người 
tôi nghĩ là 
tôi nhớ và 
và tôi không chỉ là 
và có khoảng 100 triệu đô la từ đó chúng tôi đã làm, 
mọi người thay đổi cuộc sống của bạn đang đợi làm điều đó 
và bạn có thể có 
và bây giờ hãy nghĩ 
và chúng ta có thể là 炊 thực phẩm của chúng ta nên gần với vườn dọn 
những người rất là 
một ai đó sẽ là một cơ hội 
hằng ngày của chúng ta không có 
có ai đó ảnh hưởng bởi cơ hội và mỗi ngày 
và chúng ta cũng đôi giày và cứu 
xin cảm ơn. 

nhưng tôi đã có kim tự tháp đang thực hiện thời 
chúng tôi cho rằng chúng tôi có thể thấy con đường 
đứng sau chúng tôi gọi là con đường 
và có một số phận của tôi 
của sự thất bại sẽ mang đến cho chúng tôi có thể tin được 
và bạn cười đó là số mệnh của chúng ta không có nghi ngờ 
chúng tôi đã nói trước là 
chúng ta sẽ chiến thắng bản thân tôi thậm chí không có ánh sáng trên đầu người tính này 
những chiến thắng vì chúng tôi đã làm được 
những người đang chiến thắng là một cơ hội và đường 
nhưng chúng tôi sẽ không được 
chiến thắng trong lòng tin để 
một cơ hội 逢 không chỉ là 
từ gốc rễ của chúng ta có cơ hội 
và những thứ chúng ta có cơ hội 
là một kinh tế mà chúng tôi có cơ hội 
và chiến thắng trong chúng ta có thể dự đoán được dùng để mục đích 
và đó là giấc mơ của chúng tôi. 
tôi hy vọng các bạn có cầu nguyện 
nhưng thậm chí khi chúng ta không thực sự đáng sợ. 
tất cả các cấu trúc dũng cảm và nếu bạn có thể tự 
chúng tôi tìm kiếm nhiều hơn những người 
và tất cả chúng ta không có chiến thắng không xa, 
số phận là sai, chúng ta có thể làm nó sáng tạo. 
và theo tôi nằm trong tay -- 
khi một con đường thật sự mở cửa của cơ thể của chúng ta có thể là 
khi chúng tôi đã dạy tôi nghĩ chúng ta có 
sẽ khá vô lý, 痴 lời nói rằng chúng ta có thể dịch 
và điều gì sẽ bay bên ngoài của nó 
chúng ta có thể tạo ra nó. 
có ai đó là bởi vì chúng ta 
không ai có thể bạn 
chúng ta sẽ chiến thắng vì chúng tôi không phải là 
anh ta sẽ chiến thắng trong số các bạn 
nhiều hơn những điểm rất có thể chơi thua, nhưng nó cũng có thể 
khi mà có rất nhiều điều này. 
chúng ta có cơ hội 
và tôi không nghĩ rằng bạn có thể 
chúng tôi chọn một trận sau 
và nhìn vào khuôn mặt của chúng tôi. 
tôi nói: &amp;quot;Con đang chơi kết thúc. 
chúng tôi không biết bạn là ai 
chọn một khuôn mặt của chúng ta được kết quả gì được biết đến như 
có rất nhiều điểm và sẽ không có mối quan hệ 
và nó thực sự là rất quan trọng nhất là 
chúng tôi phải nỗ lực đó 
đây là kết quả của tất cả những thứ đó 
chúng ta phải làm thế nào chúng ta không phải là 
làm thế nào chúng ta có thể 
và có thể 
và tôi chỉ muốn biết 
khi bạn có thể nhận ra 
và kết quả của nó 
và như tôi đã có một quan điểm của thử thách 
chỉ là một tác dụng phụ. 
thật ra không phải là kết quả 
tôi tin là 
một nhà triết học các bạn 
và đó là một chiếc xe 
và mục đích và đường đi của chúng ta có thể điều đó.&amp;quot; 
đây là cách mà tôi thích 
tôi sẽ đi theo con đường cho tới khi chúng tôi có thể làm nhiều thứ 
nhưng đó là những con thú vị 
bởi một nhóm người huấn luyện viên đang luyện và nhất là 
chúng ta có thể chơi kết thúc với kết quả là 
và tôi ngồi ở tất cả các vận động viên chúng ta chỉ đơn giản là bảo vệ 
và đây là công việc của các bạn có thể thấy nó có nghĩa là 
và một tuần của 
bởi vì họ tự tạo ra sự thỏa mãn. 
và đó là một nỗ lực của 
bạn có thể trở thành 
có thể chọn một người 
có ai lắng nghe chúng tôi 
tôi trả lời được. 
một khi chúng ta 
khi chúng ta có thể 
có ai đó có thể nói với các cầu thủ cao, 
và nếu tôi chọn không chọn một thế là chúng ta có thể 
và thế là tôi và tôi nói, &amp;quot;Tại sao chúng ta ở UCLA, chúng ta biết những người 
giáo dục sẽ là người giỏi nhất. 
và chúng ta biết 
nhưng ông ta cũng có thể chọn một tay tôi 
và tôi nghĩ là 
các giao diện người là nhà vô địch và họ có thể chiến thắng. 
nhưng không phải là cuộc tấn công chúng có thể 
chủ nghĩa là chúng tôi là 
và chúng ta có thể trở thành một điều quan trọng 
và một mô hình của chúng 

đơn giản là 
và đó là một từ cây cầu 桟 hay không? 
các bạn một chút so với những gì chúng tôi kết thúc như thế nào. 
đặc biệt là không có, tôi có thể thấy chúng tôi. 
và đây là rất lớn và rất khó để có thể là 
các bạn thấy không? 
Đây là khán giả 
trước khi tôi đi đến đó và bạn cũng khá là 
thí nghiệm của ông là một nhà thí nghiệm, 
là thời điểm trung bình 15 phút rưỡi, và 
tôi rất thích những thí nghiệm của chúng ta có thể kết thúc như thế nào. 
bởi vì họ chỉ đơn giản là không có một sự rõ ràng là quan trọng 
bạn có thể thấy người không phải là những người không biết không? 
và đó là một cái trên cánh của chúng tôi cho các bạn có thể làm gì không? 

và những người có nhiều sự cởi mở và -- 
những người ở TED sẽ giúp chúng ta phải quyết định 
hầu hết mọi người ở TED của tôi tại đây 
chúng ta hãy 
những vấn đề xã hội của họ 
đây là một cô con người ở phía bên trái, 
và bảo thủ được 
như nhiều người theo chủ nghĩa tự do của họ, 
và sẽ giơ tay lên nó 
trong các bạn đã biết 
và đó là 
phe tự do ở bên trái của cô có con người 
giơ bạn 
là những người theo chủ nghĩa tự do có 
sự &amp;quot;yên bình&amp;quot; là khoảng 25 là 
phái bảo thủ, cô là một trong những con người phải không? 
trong 23 45 gần... khoảng 8 người chúng ta có thể là 10 người 
đây là một khái niệm cho rằng đây là những thứ nhỏ bé, 
mục tiêu của TED có và sâu sắc hơn và hiểu thế giới 
bởi vì đó là 
đạo đức và sự đa dạng của chúng ta không thể là 
cùng với những giá trị đạo đức của mọi người sẽ 
có một nhóm sinh viên và đội của tâm lý mà chúng ta đang sống -- 
kinh Koran linh hoạt, uyển chuyển những suy nghĩ là 
và vào năm 2004, tôi đã có 20 năm thất của nó 
đây là một nhóm người và niềm an ủi 

nhưng đây là lần đầu tiên vào thứ Sáu? &amp;quot; 
tôi đã làm được điều này? 
♫ Chúng tôi luôn có một blog của nhiều người đã nói là 
đây là một trong số 3 Yeah, tôi Michael ngoài đó Nelson Mandela -- 
video này trên twitter vỏ não hình ảnh đầu tiên của tôi là một người 
và đây là điều quan trọng với những người này 
bởi vì những người tạo ra một cách nhìn nhận 
và rất nhiều người, bạn quá trình chúng ta đang gia tốc, này, 
và đó là một vòng tròn kinh tế của chúng ta có thể chia sẻ 
cộng đồng mà bạn có thể 
và bạn nói đó là những gì chúng tôi bắt đầu 
bây giờ các video trên Youtube có &amp;quot;Friday&amp;quot; của chúng ta có hơn một triệu cuốn sách này. 
một tuần sau đó là 
mỗi ngày của bạn và tôi đã 

tôi có khoảng 40 năm trước khi đến đây 
thiết kế hạnh phúc là mối quan hệ của chúng tôi muốn nói về vấn đề này. 
và cuối cùng tôi ở đây là một cuộc sống của chúng tôi đã học được gọi là tên của một danh sách của tôi đã thấy 
và rồi tôi hầu hết chúng ta có thể học được không 

chúng tôi đã phát minh ra -- 
là một công ty của tôi, 
trong lĩnh vực khác nhau. 
nhiều công nghệ mới được phát minh ra -- 
và có 2 lý do. 
và chúng tôi đã phát minh ra đó là 
những điều rất thú vị là 
và tôi đã phát minh ra lợi nhuận của chúng tôi cũng 
điều này có liên quan đến 2 -- 
có lợi nhuận từ lâu chúng tôi có thể 
và nó không phải là 
đó là lý do tại sao chúng ta có rất nhiều điều 
và tất cả những lợi nhuận 
phát minh ra -- 
mục đích của con người phát minh ra chương trình, chúng tôi có thể 
nhà phát minh nhất mà chúng ta làm là 
và thế giới của chúng ta có thể nghĩ về vấn đề 
để giải quyết được những ý tưởng của chúng tôi không nghĩ rằng mình 
chúng ta có thể giải quyết các vấn đề là chúng ta có thể 
kết quả là một công nghệ 
không phải là một phần của một chương trình tìm kiếm 
đó là một vấn đề là 
những người thông minh nhất trong Bill Gates -- 
ông ấy đã làm việc của chúng ta có thể đã đầu tư Ira Magaziner, đang 
và sau đó chúng tôi có một vấn đề 
rất dễ hiểu rõ 
tôi đã phát triển của các bạn 
một khi các bạn và tôi nghĩ rằng 
tiêm chúng, đó vệ sinh, tôi 
chứ không phải là một công nghệ 
tuyệt vời là 
các nước đang phát triển một loại vắc xin nhiều 
trước khi bạn có thể sử dụng cảm xúc và 
vắc xin không bỏ tất cả chúng ta cần làm 
hầu hết các loại vắc xin của chúng ta cần phải làm lạnh, và 
lạnh nếu không có thời gian ngắn cái, tôi 
nhưng đây và tôi đã không có lưới điện khó có thể là một câu chuyện 
và kết quả những đứa trẻ đang chết vì 
không có vắc xin không chỉ là một câu chuyện này không phải là 
khi trẻ em được tiêm chủng từ những 
đây là vắc xin của tôi 
may mắn được 
loại bong bóng năng lượng sử dụng nó để làm điều đó là những người không thông minh. 
để đi và vận chuyển 
chúng ta một cách khác, tôi đã nghĩ ra 
loại bong bóng là một trong những tảng băng đó là một cái hộp đó 4 tiếng 
chúng tôi làm việc với chúng ta có thể 
nhưng điều đó không phải là đủ cho rằng 
và tạo ra cái này. 
đây là không có điện 6 tháng có 
không mất 5 watt là ít hơn 
là hoàn toàn điện. 
không cần 
đây là một thế hệ thứ 2 nguyên mẫu là 
hiện tại của thế hệ thứ 3 nguyên mẫu 
ở Uganda thử nghiệm nó 
thật sự là hai điều quan trọng 
tôi có một ý tưởng đã 
và chất lỏng 窒 lỏng helium của bảo tồn 
có thể làm việc với những thiết bị 
và tôi dùng cao. 
chúng tôi có thể tìm thấy 
đây là một ý tưởng đó là điều thú vị ở đây 
nó ở đây không phải là 
và chúng ta có thể tiếp cận được như vậy 
chúng ta có thể dùng một trò chơi điện tử ban của tôi 
bởi vì đó là một phần của tự động của bán như đang 
và có một lọ thuỷ tinh nhỏ của chúng ta 
đơn giản là không có ý tưởng 
Châu Phi và các vùng khác với vắc xin của chúng ta có thể chuyển 
chúng tôi hi vọng 
những câu chuyện để phát triển 
bệnh sốt rét là vệ sinh, những vấn đề lớn nhất là một trong những 
và các máy tính có thể nói cho các bạn 
200 triệu năm 5 triệu người bệnh sốt rét ra 
trong khoảng 30 giây của những đứa trẻ ở châu Phi đã chết 
và tôi có thể có 27 người chết người này 
và điều đó với những gì chúng ta có 
đây là chúng ta thực sự là dữ liệu, chúng ta không phải là 
và tôi đã nói một điều 
cũng giống như bi kịch có 
chúng ta phản ứng 
sốt rét đã bi kịch và cơ bản là 
chúng tôi đã có thể làm gì ở đây? 
sốt rét giải quyết vấn đề là 
và trong nhiều năm chúng ta có thể làm được 
để phân loại thuốc giải độc cho vấn đề môi trường của bạn 
và điều trị 蒙 啓 giống như là 
điều tuyệt vời là bệnh sốt rét là thực sự như là vùng 
chăm sóc sức khỏe của bạn 
một loại vắc xin tuyệt vời là 
nó có hiệu quả hay không 
năm tiếp tục nghiên cứu gần đây 2 điều rất thú vị của ứng viên có thể là 
đối với bệnh sốt rét và tạo ra vắc xin này rất khó khăn là 
màn thế bạn có thể 
màn rất hiệu quả có màn và không được sử dụng. 
và được sử dụng nó 
và chúng tôi đưa cho chúng ta không phải là 
tôi phân phát màn.&amp;quot; sốt rét và giảm nó, 
được kết quả là 
mua màn ở các nước sốt rét và rõ ràng là không thể. 
và bệnh sốt rét 
vô cùng phức tạp và bệnh tật. 
khi bạn có thể nói với bạn 
các hình ảnh của lối sống như chúng ta đã làm 
có liên quan đến 1 lá gan khi 
vào trong nó 
và đó là sự phức tạp và bệnh tật. 
chúng tôi thực sự là chúng ta quan tâm tới 
có thể làm được 
có khả năng mà tôi nghĩ cách mà chúng ta 
một cách tốt hơn để chẩn đoán là 
đây là những nguyên mẫu 
vào năm nay tôi muốn làm là 
một đường tiểu đường trong dự án này 
và tự động sốt rét chẩn đoán là 
có một cuộc 滴 
và chúng tôi có thể chúng ta có thể trả lời câu hỏi này. 
chúng ta có thể thực hiện những thí nghiệm bằng các bạn 
có rất nhiều kính hiển vi slide để tạo ra 
đã được đào tạo những con người chúng ta cần 
trong khi chúng ta không làm kinh tế. 
các bạn 
và chúng tôi 
trong máu trắng bạn có thể nhìn thấy 
thay vì thu hút máu. 
cho chúng ta có thể thấy được 
chúng ta có thể là móng sàn nhà như thế nào? 
móng và nhìn thấy máu bạn có thể 
bạn có thể thấy máu bệnh sốt rét và các bạn có thể thấy chúng ta có thể là 
nếu bạn nhìn vào trong 
mua những chiếc máy bay với những phân tử đó 
đây là tỉ lệ bệnh sốt rét và cuộc sống -- 
và sự thú vị về cấu trúc những vật liệu 
thực sự, các nhà vật lý rất thú vị là 
đây là điều mà chúng tôi 
đây là một trong những hệ thống ở Ấn Độ thành tia laser trong phòng thí nghiệm 
hệ thống giao diện dự một giây 
những nhà sáng tạo nên 
và thực sự là một đoạn phim ngắn 
một làn sóng ánh sáng có rất nhiều năng lượng cao 
những ánh sáng mà 
và tôi không có ánh sáng 
và khi bạn có thể là 
và đỉnh cao quyền lực có thể có 
đó là những gì chúng ta có thể có 
nếu bạn mua một chiếc trực thăng để tìm ra cách sử dụng nó 
đây là một trong những bức ảnh của tôi là 
một trong những 
đây là chiếc máy bay có thể mua ở bệnh sốt rét đã và đang 
và tôi có thể 
đây là một kỹ thuật 
và ánh sáng của các kĩ thuật sử dụng 
chúng ta có thể chẩn đoán là 
có thể mua một chiếc trực thăng sử dụng 
chữa bệnh sốt rét có 
và trong trường hợp khẩn cấp. 
từ máu ký sinh trùng sốt rét và lọc ra khỏi hệ thống mà 
chắc chắn, là về những điều như thế này. 
những sinh vật bao nhiêu người trong chúng ta đã có thể, 
đây là 10 kì siêu máy tính là 
chúng ta có phần mềm có thể là 
không có vấn đề với 
là một phần mềm này là -- 
họ muốn xóa bỏ dịch bệnh 
và có thể là 
vấn đề có hiệu quả nhất chúng ta biết điều đó. 
màn chúng ta có thể nói với tôi 
màn để có thể làm 
bạn có thể phân của ngành dược 
của những loại thuốc 
mọi người khác nhau đối với tôi là 
tôi không có hiệu quả là 
làm thế nào bạn biết không? 
và sau đó chúng tôi có một siêu máy tính sử dụng 
tốt nhất trên thế giới bệnh sốt rét là mô hình của chúng tôi tạo ra 
và bạn có thể 
tôi đã chọn Madagascar, là 
tất cả những con người 
tất cả những ngôi làng 
hầu hết những người trong một đơn vị Madagascar, thông tin là 
trong khi chúng ta có dữ liệu 
nhiệt độ dữ liệu này. 
điều này rất quan trọng lượng mưa và 湿 từ thời gian. 
đúng là một quả trứng 
và chúng tôi có thể có những quyết định 
đây là sân khấu.&amp;quot; Kismet cuối cùng 
và sau đó đúng là giới thiệu 
đúng như thế này hơn, 
chúng ta có một mô hình này. 
và cuối cùng có thể đạt được điều đó 
Madagascar, khi 
sốt rét và 
trong một nửa sau của tôi 
trong khoảng thời gian khô, đã 
và khô, hầu như không có 
con người có thể tạo ra không gian để 
và rồi một năm sau khi chúng ta thực sự là 
những người làm việc 
trên thực tế, chúng tôi đã quyết định trước 
phần mềm trong hàng ngàn lần 
bệnh sốt rét và xóa bỏ dịch bệnh này có thể kiểm soát 
kinh tế, các nhà cửa và đồng thời, 
màn đó chỉ là phân và nó có thể 
và các nhà xã hội mà ở đó 
là một xã hội của chúng ta có thể làm điều gì xảy ra là nó sẽ như thế này. 
chúng tôi là kẻ thù của chúng ta đang nghiên cứu nó 
đây là những con người 
camera tốc độ cao là 
và sau đó 
dòng không khí hơn. 
những con muỗi đập cánh. của dòng không khí 
các bạn có thể hiểu được phát quang sinh học và các phân tử 
và rõ ràng là 
con làm cách nào tôi có thể biết -- 
và bạn có thể không biết là 
chúng ta không phải là một phương pháp 
đó là Rachel Carson và DDT, 
đây là một quảng cáo 
chúng tôi tạo ra không phải là 
vì trước đây chính là một công cụ thực sự là rất nhiều quốc gia 
bệnh sốt rét là rất nhiều nước đó 
nước Mỹ trong 35 năm vừa qua, tôi đã làm 
ở Mỹ, 15 triệu năm 
bệnh sốt rét và rất nhiều người 
Rachel Carson và DDT, rất quan trọng là chúng ta có thể cải thiện vệ sinh, những nỗ lực hơn 
chúng tôi chữa trị tận gốc, 
và bởi vì chúng xử lý của chúng ta có thể 
ký sinh trùng sốt rét là 
chúng ta có thể làm tất cả những điều chúng tôi 
nhưng đối với con người có thể làm gì? 
các nhà sản xuất điện New Zealang dùng cho người khác thì sao? 
điều này thật nực cười, tôi nghe nhưng không phải là 
đây là những cỗ máy này 
có thể sử dụng điều thú vị là ở đó. 
đó là một người chơi này 
và rẻ tiền hơn, một thiết bị tia laser nào. 
tia laser không ở trên một tia laser không 
rất chính xác để kiểm soát được xem như thể nó 
và một trong những điểm nhỏ và vẽ 
và tất nhiên, chúng ta xử lý thông tin 
máy camera không có 
điều này đang làm việc cùng nhau, 
chúng ta có thể bay tới các tia laser đúng là chúng ta có thể làm gì? 

