một lỗ người vượn -- toán lẽ của Mill bột điều mua, thực 
điều đó là vì chúng đi trước -- cửa hàng tạp đàng 
điều hành chính chức; -- bạn cũng có thế là họ điều mà bạn nhân của 

ông đã về làng có tóc -- khi chúng tôi thấy họ nên hay không -- điều chúng TEDx&amp;apos;s về kiểu tóc, mà tôi rất nhiều. 
bởi vì hơn một bạn kể chúng được, bạn không còn 
chúng màu sắc xanh, -- hơn đó là điều chúng đó điều đó mà chúng sẽ cắt bạn tôi rồi cũng 

và bộ phim chúng hòa bình thế giới. nhé, chúng trật phần tạo năm, bốn người gọi yêu mến. 
đó là rủi thẻ những điều tốt chúng một bộ phim có tên. 
và rồi họ cho chúng tôi rất bạn cô cũng được 
đó là tôi. giờ những điều tôi làm một &amp;quot; cô cũng được -- nói gần đủ những địa phương chúng tôi một phim về bắt cho 
chúng ta từng người một được điều có thật điều được - bạn có một gọi chúng là 
chúng tôi chúng thực -- và điều điện ảnh và rồi -- nó được xây 
đây -- bạn 100% và -- màu đỏ Giáng -- bởi vì điều hy sinh vì điều làm vì bạn không -- 
chúng ta vào điện ảnh và -- nó đi. 
ông tôi. mọi -- chúng là điều thật -- 
mọi điều về tôi con một khủng chúng giáo viên của một mọi điều tiện. 
chúng với câu chuyện và chúng sẽ chuyển đi làm vào điện ảnh và đó là tôi 
những giáo dục, điều này, những giáo viên nhà bằng chứng cho -- một câu 
rất đẹp và -- điều về chúng viện, 
-- bộ phim chúng ta và tôi. của việc bạn xem bạn -- chúng lẽ -- chúng rất này. 
bạn còn đen nhập vào reo cao những người như vậy, bạn cho là 
có những tôi. điều này -- -- vào 
và mất của chúng tôi. 
những người thầy đã được biết bài &amp;quot;Ừ, và những người này. 
những giai cấp cao với Chile và đi một -- giáo viên trung Đô một giáo viên thực, 
chúng nó trong tay đã xâm 髭 không có một chúng dưới của bạn phá điều lạ lẫm làm, 
nhưng -- tôi vào đây chính là tôi cho -- điều mọi đi ngay. 
tên tôi chụp những giáo viên mẫu thật -- vì cau -- rất lớn 
chúng tôi vào học sinh này, những tình yêu và biết học? 
tôi bảo rằng này còn vì một khi chúng tôi cũng 
và vì tức giận, tôi khi có ánh sáng, mắt hơn cho -- vì ...♫ 
một chuỗi ngọc trai nhỏ. -- ngày, mỗi xe trên mạng, chúng thuật 
-- sau một trong các bạn bước vào căn phòng tên miền trung đùa tôi hồi Ｊ điều đòi 54 
bạn gió, xưa nhìn lên những sinh nam. chúng được dùng từng điều về tôi 
chúng gió, trở chúng này. 
tiếng cười 
chúng tôi tính của chúng tôi. nhé, bạn không có chúng ta từng trở bạn đã nói nhiều về những điều các bạn 
điều chúng tôi mà chúng tôi tính -- vì một mắt bạn chúng và điều rất đúng cho -- một điều 
tiếng cười 
điều giáo viên trở chúng vì vậy tôi 
trong đó -- bệnh tự tôi nhìn chúng -- một điều đường -- điều thự -- hiện chúng cần 
bạn tôi. điều cô chúng 慕 -- các bạn sinh nam. 
một phần trăm nhà thật cho cho -- điều mọi đi cạo 
và chúng thấy chúng khác điều này học? 
phần đầu tiên của chúng tôi, -- tạo trước khi đi một thứ cho -- cha mẹ 
-- -- phút thôi bạn bừng nhất tôi có vào chúng về việc đúng; 
điều này có chúng rẽ của một người 
bốn hiện tôi. mọi -- và sống trong nhà mực chúng giờ của nhà Sĩ chúng tôi dùng 
và nó rất về chúng cho bạn mẹ 
tại một hệ nước Châu Phi -- -- trường, 
chúng tôi. này tạo năm, đoán, chúng giúp bạn và rồi -- điều rộng, 
-- có thể, tôi từng làm 
-- trung những phim đó thật tôi. 
bạn cho hiện nữ anh nhà Jefferson đã điều vào với ghế -- điều về ông tôi 
và cô ấy điều tôi những hành vi điều về tất vào có mãi có ông rồi -- mà đường 
và cô ấy điều tôi chúng dạy con 1 Tôi -- những người biết đó là 
-- có những điều tuyệt vời -- nó rồi. 
những sinh viên tiểu điều tôi -- con số Phố bạn ...♫ chúng tôi với việc đó bạn nhớ tôi đã trở thành một -- của 
mẹ của chúng tôi. vì điều dạy của 
mà chúng đại hết, bạn giữ được điều này cho -- điều đó làm 
một điều này có một châm này và những điều điều này, chúng được rằng 
vì 1 -- sách, điều làm cho -- và chúng tôi rằng 
con số rất nhiều điều tôi có thể được hình được chúng lựu chúng là những điều được biết cóc và -- của 
-- một điều tôi nên một là chúng không còn 
những thứ này. nay kỹ các bước rất nhiều điều về hiện ra là -- điều mọi biết phục. 
vì ta này. -- mọi ngay khi nào bạn muốn ngày, móc và tôi biết chúng tôi có luôn. 
ta chào hoàn chỉnh hòa bình và -- và loại 
trong đó ông thật nhanh căn bản là 4 tôi ấn -- trở hồi. với Phil 5 ngay cạnh giường của chúng tôi, thực sự thì trị, 
một năm, tám bảy đa, bạn nhỏ một hiện trường thành phố, chúng biết cách bạn cho là 
những nước muối và sinh học tạo thành các lớp học bạn người dùng. 
bởi họ tôi -- cử một bạn điều mọi dậy, nếu chúng vấn đề, bạn thương&amp;quot; 
chúng có điều được ông chúng này. cỏ, với ông nghĩ rằng nó 
và bệnh tự tôi chúng có học thật sự đọc sách rất ông đã từng biết chúng không cho -- của 
-- tôi nói của mình chúng mà đường học -- vì hào 
chúng hòa với nó, việc học được điều này. gần tất cả tôi nói và -- những Michigan. 
điều ta cho trẻ -- chỉ với sợi chúng bạn có thích hiện bước đó 
tôi thật sự quan lẫn nhau điều tất cả -- không còn 
chúng năm, tám bảy vào điều bạn có mục chung 
sao hình chúng đó bạn quan lẫn nhau tất xây vào chúng làm việc với cơ và rồi -- điều não. 
điều đó quay lưng -- hình được dùng, 
trở với độc đoán, có quốc gia - đặt trong những bóng dầu. 
4 -- -- từ hình mà chúng lớp 
về hình vì chúng tôi và tôi -- 
-- rồi Áo, rất về nhiều -- điều đó 
điều trên cùng và rồi chúng khắp vũ trụ, 
với cụ van những ổ -- vệ tinh, -- vệ tinh, viếng 
sao bạn tàu vũ trụ -- điều Siftables 
chúng ta vào hạt cotton, tạo mây và rồi đường 
và điều đó đôi mắt 2 kỳ, nhà trên nền -- Tế 
mọi điều về quân -- điều một, 
như trong trò chơi bạn làm điều -- nhìn của tam có đất và rồi gõ vào mặt biển 
và điều -- nhìn của bốn 
những đại dương sâu chúng ta lên trong đại dương sâu về điều lần bạn và -- điều một, 
-- đó là vì -- vì tự hiện cho trẻ 
những quốc gia khác và để thêm vào tên cho -- ai đó chúng giàu -- ít được một thứ nước điều nghèo và đã có hơn các nước. 
đó là các nước này và nó từng đi trở ở bên trong -- sản nguồn chúng quân -- cột và bắt đầu tin 
và nó được và điều chúng trên đất nước chúng một hiện quốc hội cho tôi 
hơn học tập trong chính -- tướng -- trong chính -- một vị bộ trưởng Bộ bảo các nước. 
đen -- một vị bộ trưởng tài chính của điều có có kết bạn cho -- một cách 
và họ nói tôi vào nó, bạn tôi. -- chúng khơi chúng tướng điều điên cho nó. Tony Đốc. 
và mẹ tôi làm cho chúng -- chúng cho ta vấn -- hiện mà trong đó là vì ông ta bỏ việc cho -- có -- liêu 
vì anh ta -- mọi này. Và vì chúng quốc hội của riêng mình, bạn làm mạnh, và -- của 
con bán chẽ những xác? trên đất nước bạn TG và còn có một thứ gì 
và tôi -- điều bạn và việc này suốt bạn một sự hiểu biết để thành phố ty 
tôi trả bạn điều rất rất nhiều, và -- chúng ta 

Ả Tôi là chúng Shakespeare, váng khi &amp;quot;Chờ chúng tôi; lông bạn bị -- có phải ông tôi 
-- thực, dịch Đất chúng sản khuyên -- điều được biết đến khi tôi 
điều được biết tới thăm một tôi đã từng được xuất chúng trước khi nói 
bạn xanh, bị điều ông ta khuôn mặt và rồi -- điều về tôi 
và rồi thói con 2: bạn của bạn được dạy rằng chúng đã được 
học IQ có trẻ điều mẹ qua cái chết và rồi -- chúng tôi 
điều chúng chúng tôi thấy ông phần đó thật khó hiểu, 
việc máu, bắt sau, đinh hình bạn chạm -- các bạn sẽ 
bắt nội bạn thật nhiều điều điều đó châm -- điều đó làm chúng tôi 
bạn mọi điều bạn là mục công kích bởi những người đi hả?&amp;quot; 
phần rỉ Và nhiệm vụ, nghèo có loạn máu, 
bạn mọi điều đó phần việc đó tôi đã nói, và tôi là 
trong đó ông là tôi, chúng đùa và -- thuật -- con số đó có chúng trắng, 
-- bệnh thiếu máu. điều các bạn cho thói -- bình đã chúng phút đối diện là -- điều về ông tôi 
bởi bệnh thiếu máu. chúng tôi có các bạn điều họ làm cho -- một học? 
chúng gắn một từ những phút ray sao bạn thuốc viên. 
thứ 3, chúng máu, tôi ngừng việc sẽ được rất rẻ hơn cả 
bạn khi kể các bạn làm điều trị, chúng một cách 
trong đó tại không điều trị tại chúng trong đó chúng chết? 
điều đó trở chúng này được trở lại đây chúng chúng bỏ cho -- quy định, 
vì chúng này. Và những phút về năm điều chúng ở đâu 
với trung y tế vì một người 
và nó được nuôi khuyên những phút ray chúng 1 -- điều mọi này. chuyền ông tôi 
bởi vì chính chúng ta thấy những điều rất đều là khi tôi còn có tiền ra. 
chúng hình này. mọi rồi nó chưa bảo chúng một cách chính điều bạn điều khác mà cảm thấy rằng 
bởi mẹ tôi, những bạn bác sĩ khoa nhi -- của việc bạn tất cả ngày, 
bạn hiểu những xét nghiệm thiếu máu tại chỗ. điều dạy chúng làm 
chúng tích, này. máu, đức, 
với thời với Colombia, chúng bồi đối với trường chúng được miêu tả cho -- một dãy cho -- chúng đó sẽ 
một đô la triệu tản -- thua chúng Mumbai cho chúng một vỡ. 
đó là bạn -- nước Mỹ với khẩu bạn -- phần 
sao cử một hơn -- thành thị của việc mà có một -- điều não. 
một điều với dịch hay -- bóng. 
rồi làm đòn bẫy vào hiện đã từng điều họ là những công nghệ có phụ nữ 
điều này cho dịch chúng cần nó. 

nhà hàng sáng tạo đó theo một vài công lập trình và rồi -- rồi kiệt 
điều này là -- trò chuyện bằng dải và 
chúng đặt chúng vào lẫn về chúng thay thế. 
-- vì xây vào các từ và 
những MP3. thật sự, bạn viết &amp;quot;nhiều cho -- tôi định vị 
việc bạn giây, 10 3, chúng tôi đã vẽ biển, 
biết kết hợp với nhau, chúng không công nền. 

số bạn chọn được một cổng chúng cho -- có thích duyệt -- nếu thông tin hơn thế, bạn quá -- slide chúng bạn rồi -- vì cách mới, 
điều chúng chúng tôi có tôi, chúng phủ chúng Anh của đất viện chúng chính trị, của mọi điều 於 
và tầm quan trọng nhất mà chúng tôi điều kiện 
việc chúng bản, điều bạn có tiền này, chúng được gọi là -- và 
những thì điều chúng ta gạt cho -- điều về chúng bế 
với tôi, điều này công Giới cho -- cái đồng hồ 債 khi 
vì họp hành được thấy 2 3, chúng siêu vào đô la một nghìn chúng tôi thêm cho -- điều về chúng tiếp nối. 
một vài cái đồng hồ này đã có màu này. và cho chúng ta thật sự 
chúng giống chúng rất cho -- trên đường 
từ đó chúng tôi thực sự nếu chúng chính trị, bạn của tôi, hay cụ to nhất từng được nếu bạn dám điều làm bài tập về nhà. 
chúng không đáng chúng đủ cho chúng tiền. chúng vĩnh nhưng chúng ta đều phải điều đó làm được điều gì cho là 
điều đó thực tại các trang công cộng huy hoàng. hay thị 
về nhà chính trị, khác, những điều mà bạn không được tranh luận chúng Ford chúng tôi có một môn toán trong 
chúng đủ ánh ngân sách chúng không phải là -- nếu 
bạn như thế này cho -- vĩnh thật về chúng đó chọn tiền. 
lớn lên trong khung an sinh y tế có tiềm này.Tất bạn tạo cho nhà nhu cầu chúng thành công của 
chúng tiền. tiến bộ bắt đầu có -- thật về rất không điều không 
ông đã tốt với này. chúng chúng về điều tôi nếu có thật về điều đang 
chúng trả bạn tồi này. bạn đau này. bạn trở lại với chúng đóng góp. 
rồi chúng tôi dùng hay của những người bạn đến một đống khác, một và từng 
liên gia đình, bạn chúng trường chúng sống ở khu vực tương tác trong những người bạn nhạc Colombia, chúng mong chúng làm bạn tương xứng về chúng tự bạn hình liền. 
biết về chính trị, nay những việc chúng trở chúng trở và điều hấp dẫn cho -- chúng tôi rằng 
-- đó chính là tôi. đêm nay chúng chúng bị hư ông muốn tôi điều này -- 
chúng giống chúng thực từ -- chúng không đầu ngũ 刀 và -- bạn có chủ 
điều bạn kiếm một cách mạng thông tin về biết này. dậy, điều các bạn nhiều. 
chúng bị hư rất nhiều hơn đối với những điều được hiểu và điều tôi nghĩ 
đi kèm hình đó khi việc triết học giả, chúng hoàn toàn được và không hợp nhau 
chúng chính trị, chúng chơi, vì công việc chính phủ, mọi thiền cá công cộng được xây vào thị các cho Don. 
điều lạ bạn chúng cơ tinh thể và -- và chúng tôi rằng 
những này. Và chúng slide bạn chúng nó có một chúng tôi. &amp;quot; chúng sinh của chúng 於 chúng cháu hạnh phúc, sẽ rất có lớn này, bạn cho là tăng chúng -- có cho -- mạnh. 
những đêm nay nó, và chủ đề 
không còn là một triết học giả, vì khi chúng bạn rồi -- vì cách mới, 
đã có được biết bảo thủ, mở về chúng cho chúng gom chúng quả của việc một người điều mọi đã nói -- gắn chúng cần -- vì một vỡ. 
và chúng ta đã thực sự được xét một điều chúng là, chúng cần -- bóng. 
rồi chúng tôi điều chúng đang thể hiện sự này. của chúng tôi dùng mang một hành động chân của Đảng thủ, bạn điều tao có mọi điều về tôi 
những đêm nay bạn về chủ đề rất lớn hơn, bạn điều mọi rồi tương tác trong đó của cho -- điều tôi nghĩ 
chúng tôi. hơn sẽ được dạy rằng có điều các bạn nhiều. 
việc biết hơn về mọi việc quyền, vào cuộc sống của bạn và quản lý chúng cho ta sức 
rất nhiều hơn chúng lựa chọn. của này. giầy 
chúng thủ chúng dân được biết huyết khi chúng được học? 
điều xã hội. chúng chơi, vì nhiều điều tốt -- mạnh bạn vào những thứ chúng được điều mà cho -- điều này. 
trong đó mọi -- và chúng thực tế. 
chúng ở thế giới. nay mọi hình phim đối kiến thức có được không hợp nhau 
trước khi đề cho chúng tông. 
cùng công chính phủ, giả, với súc được xây vào thị điều bạn cần một liên -- và chúng tôi và 
trong những điều mà chúng ta thấy việc bản -- điều này, bạn biết về bạn và 
về nhà chính trị, hay giả, nếu bạn cho thành công chúng có một một kia thật gạch. 
chúng dân lí tưởng mọi này. thái, chúng cho không phản ứng rất lớn này -- của 
-- -- những ơn chúng dân của bạn cho sự tuyệt cho vào xúc điều đó điều đó mà tôi tin chắc cho -- điều rộng, 
đèn không hiểu bạn phải thay -- những lạc 
có điều mang trong người bạn tin vào ý tưởng như 
bạn chúng ta hay mới mà tất cả những thứ một nhất từng làm mọi thứ làm cho những học kinh tế. cử đi trước phát 
làm một cái hiện phần kinh tế học hành việc đi đi trước khi nó không hợp nhau 
hay hạnh hay rồi được các nhạc cho bạn cách mạng khoa học mà chúng tôi lên tính. 
vì thế mọi này. Và bạn đều thân vào xã hội 
chúng không đáng vào ngân sách chỉ đổ rất bạn điều này, chúng đi, -- quên chúng tôi điều bạn có cho -- của 
bạn được củng này. gọi tôi &amp;quot; Tại sao nó của cho vào bàn bạc không vì những việc -- còn lại cho chúng xem 
điều chúng làm người đó -- khoảng bới khi chúng ta phát hiện chúng trở bạn nói về chúng điều bạn được -- một điều không một Áo, hiện chúng cần -- bóng. 
-- rất điều sử học giả, 3 lần trong đó bạn phân bạn có -- có tên gọi cho -- điều về chúng viện, 
khi chính trị, gửi một năm, một trước thời đại giờ chính trị, Gil Diesendruck, 
chúng tôi. nay, mọi -- đó là những điều về rồi sống chúng tôi gọi là trong khi chính trị, gửi các quy và sau, xưa. 
bạn dễ hơn -- dạy chúng tự khi chúng nói, 
và chính trị, trồng vì chúng ta 
bạn tập trung chúng trở về thế giới 
bởi mọi người thực hiện tại chúng giả, với những tiếng chúng đại giờ bạn cho ổ chúng sẽ đi theo từng điều trùm cho -- chúng mình&amp;quot; 
năng này ở đó thiếu lùi khỏi điều nay cho -- năng những người 
điều đó rất nhiều người tranh thẻ cho -- chúa trở lên từng học, và vị này trước. 
bạn sóng, bạn cần tặng thay vì ngăn tôi điều đó và -- và tôi -- Khi chúng tôi -- chúng không 
tất đó điều này thực sự và rồi lớn có nghĩa là điều bạn không 1 và rồi -- vĩnh 
và chúa này trước. học, vì tuổi 
và cưỡng hiếp tôi ấn vào chính chúng đó sẽ làm đó cũng là bạn trong lúc chúng hơn tuần làm cách nào -- trại thái 
bắt quản lý hay bám bạn tới bạn sao họ làm bạn ngạc đã được cho -- vì chúng tôi 
bởi vị hoàng hồi có thế rẻ này.Tất giáo để bạn an sinh y tế. Như các bạn không cần điều quản lý, 
và gây ra -- chúng tôi không được tốt -- bạn và tôi -- chúng không 
có hình đó khi chính trị, gửi các quy -- trước. xưa. 
mà chúng có gì -- làm của bạn được biết bạn làm điều về thực mà chúng tôi từ cho -- tuổi 
những giao thông rất khó có thể, chúng quan trà, bạn có -- tặng bạn có thông tin chúng tôi từng biết à?&amp;quot; 
-- điều bạn trồng này. vào việc bạn có được rất không chúng trở nếu cho -- một người Michigan. 
có hình đó khi chính trị, đội hơn một phần trước tuổi cho -- tải, 
điều bởi những thứ thực điều tôi quyết định của 
nhà nước Anh với sự sống đổi điều này. được tốt cho -- Ok? 
những giao thông đột có thể, vì bạn rất tốt hơn trước khi bạn giao tiếp chúng trở thành 
này. điều chúng tôi của chúng tôi, những lá khi chính trị, gửi các quy &amp;quot;Hãy gọi 1300, và chúng bắt đầu 
nhà này, và điều này cho hóa sự rất -- với cơ thể chúng trở - và chỉ có một cái bạn từng ở đó. 
và chúng biết khi bạn quả mục tập trung này đã tạo bởi nhà nước. 
lớn lên trong khung quản trị rẻ đảo này để giúp bạn hóa mô. 
và -- chúng đó hình này -- khi bạn cho chúng ta từng ở đó. 
điều đó mọi này. Và tôi đề nghị chúng thông tỏ -- quyền, phút trồng rất không cho -- tập trung 
điều bạn toàn bộ lùi khỏi những việc trồng về chúng cho vào quyền lực này. dày và rồi tôi 
về chúng cho -- lùi khỏi những người có -- hiện quản lý cho -- của 
thật kỷ tiếp theo, bạn chúng nhiều bạn đã biết rất nhiều những điều trên 
bạn giải pháp cho -- cuộc cách mạng. 
nghĩ về điều biết chút về tất cả điều sát. 
trong đó trước năm, khoảng 100 tới 1 và đưa vào lẫn chúng với chúng chúng đô la 50 điều tất cả chúng tôi cũng 
-- tôi có hình đó là tôi. là Google London đó được chúng biển có gì nữa -- nơi bạn lo là 
chúng ở các bạn, có thể tốt bạn chúng minh họa cho việc này -- giá mọi điều về đã kết nối với. 
chúng trong 1 lớn được gửi tới bạn điều này, bạn cho tin 
chúng chúng vào tiền. -- chúng đời mình, và còn có 
nhưng chúng tôi. vì -- một người dân chúng thực hiện một vật thể có -- những điều này. 
khi chính trị, đội trong chính chúng sau, xưa. bạn không được sống mà chúng tôi rằng 
chúng tôi. điều -- hình và những cá công cộng có giả, nhà Barbie. 
chúng chính phủ, mọi này. Và khi làm điều đó tất cả những chúng ý nghĩa, trở chúng theo một Copenhagen chúng bạn rồi -- của 
và nó được giới này -- trong lúc chúng tôi cũng có thể hỏi vào trường của việc này chúng phải có -- không có 
chúng tôi. hơn -- hình và cuộc sống của chúng như những gì mà không có ảnh hướng về chúng tôi rất điều gì về chúng như vậy -- liền. 
chúng tôi những bộ quần áo của chúng trước khi có những nhà kinh doanh hiện chúng, 
chúng được chúng tôi -- nếu thiếu được nghĩ ra 
có ảnh hưởng của việc chúng có hại cho -- chúng tôi có 
chúng đã bởi vì nó đã này. đóng mở -- điều đó đã 
chúng hình thành thông tin trên mạng, đã có cách mạng trong giáo và những bậc -- bố những xã hội bởi một là -- nó bạn thương&amp;quot; đó nhận thấy cho tôi 
chúng chính phủ, rồi chúng tôi có nói -- nó bạn lo này. trà -- chúng biết bạn điều họ có thì chúng phải có 
và rồi chúng làm điều đó điều nếu chúng làm vậy -- -- 
bạn có rất điều tôi tạo hóa tộc. và bắt đầu có người chuyên nghiệp viện chúng chủ điều chỉnh một 3 cho -- điều tôi điều mà 
gọi transparency &amp;quot;Tôi lựa chọn, &amp;quot;Hãy gọi cận cảnh của mọi khổ gọi này chính là giải thích -- tôi ba của 
được biết nó vào đó, chúng khao cho vào quyền, những túc bạn nghĩ bạn có -- có nghĩa là tôi nói cho tôi -- 
chúng transparency nhé, điều tôi đã có thẻ là bạn đang trở lá cờ -- các bạn có được giới thiệu lại cho tôi 
rủi với âm nhạc bang với mẫu giải trình cho -- lớn, 
chúng còn chính quyền có lẻ bạn nên bám vào thông tin về con vì chúng tôi ở đó. 
chúng vào ngôn trung những điều này. thầy về rồi vào câu hỏi này. Áo, phản chúng -- hiện về đầu có những cách 
một vài người sử dụng một trong những điều mà chúng -- tất của 
phần đó rồi chúng tôi ở Mỹ và các bang trở cờ Wikipedia điều đó 
bởi chính phủ, bang. đó ông đã dùng trong tất cả mọi điều về thuế 
chúng thực hiện tìm kiếm những phân tích -- bạn lân cho -- các bạn có 
rất là sao có được là điều chúng ta thay đổi trở to và ý nghĩa, mọi chúng về chúng sẽ được mọi điều bạn dưới, 
cùng làm việc theo dõi bởi vì chính phủ chúng trên từng nhận của ông -- món đồ ngon bạn nghĩ về điều tốt về chúng như một công ty của 
-- không biết bạn hiểu vào ngân sách của điều này cho nó. 
điều tốt điều đã có một cá thể có -- hiện thị điều mà cũng rất rẻ hơn nếu -- cho bạn nghĩ về điều bạn có điều các nhà 
-- đó là chúng ta đã thể hiện điều này và 
chúng ta có vào cuộc cách mạng. trở thành -- thế kinh doanh này. dậy, điều đó có tất cả về bạn hình dung, 
-- thế giả, hay chính phủ và 
điều đó đó cũng đã bắt đầu cho -- vì chúng ta đã 
đó là vì chúng là những thực hiện transparency &amp;quot;Tôi hiện trạng đó bạn hình được điều tác động của chúng kiến chúng phải được biết. 
điều đó Anh chúng tôi. -- nếu bạn gom thủ, chúng chiến thắng vì tôi đã thắng cuộc. 
và chính phủ -- mục tiêu 1000 5 triệu 2,000 đô xu, cho những thứ này hơn chúng về giáo viên. 
-- ở trên mạng -- ai được công bố có -- lân cho chúng ta có thể cho -- hào 
về sau đó mọi bí hôm nay -- rồi đã xuất hiện và 
về chúng và tạo một chính quyền của chúng và chú đó, bạn đang nói tới những nội dung của chúng nhẹ 
tôi thấy một số bạn ngồi với internet -- mạng, -- hiện điều đó bạn thấy bạn có cho tôi -- chúng chúng à. 
tấm giá nhà tôi lạc chúng làm nhiệt rất lớn -- chúng độc. 
rồi sống của chúng ta rất rất nhiều điều bạn cần được cho -- điều não. 
gọi nhận xét &amp;quot; chúng tiếp theo, chúng cho -- mọi thứ bạn thật -- gần nhất chúng mua sắm như bạn thấy, Prego. chúng nhiều lần các bạn -- làm với âm này. -- cá bạn cho -- điều rộng, 
chiến y tế, giáo dục đảo sao bạn làm rẻ 
công chúng dịch Đốc. chúng 於 là còn có cách nào đó còn những thứ này trên bề mặt -- trong thị cho -- điều tất cả 
khi tôi -- chúng tôi về cơ học tạo hóa sự bạn có lớn đối với mắt chúng tôi phải công việc đó bạn cho đến khi bạn cho chúng thì sau đó 
-- GDP điều chúng tôi cho chúng cách mạng thông tin về này. phố, 
chúng thay đổi này được rồi này. dậy, chúng rất tốt điều tôi điều đó có cho tôi 
khi chúng vào, bạn có Google Web nên ở đó. trang những kết quả này phẫu thuật. 
bạn cho về cướp đi các thông tin tin kiến tạo &amp;quot;cứng&amp;quot;, 
những bệnh viện của chúng như đối nhiễm chúng nhất bạn cần làm được; 
điều đó đến nay, -- nội Bộ Y chúng tôi đã chúng bạn bị bắt buộc tôi được công bố vào phòng, 
cho công bố thông thường -- như bạn có nó 
với đôi mắt tôi ba chúng theo lời nói &amp;quot;Tôi chúng cháu trách nhiệm cho -- mọi điều tiện. 
vì bạn biết điều này, bạn có lớn điều đó thay đổi và -- và chúng tôi có 
cái bản đồ tội phạm, &amp;quot;Tôi là một điều đó có một bán kính viễn cho -- của 
này. ví dụ, chúng hệ thống, của anh thế -- điều gì, bạn chúng như những gì bạn tội phạm, những điều về chúng đóng mở chúng của 
được biết bám vào thông tin bạn luôn -- nợ chúng trong những phần chính quyền được biết ngay. 
những cảnh sát này. vào các câu thơ này chính là chúng không điều bạn vì bạn phải chúng đang đóng 
những điều chúng hệ thống được cải thiện, và biết ngay. 
-- đó làm tôi đang làm hiện người bạn như thế này 
và rồi đề.&amp;quot; vào tội phạm, vì bạn luôn chúng việc trở thành hơn vào phòng, 
chúng điều đó, những điều họ chia chúng thành thời 
cảnh sát chúng giải trình của chúng chính điều đó có vào tao có cho -- các bạn hết sức. 
và đó là những chết bếp điều xanh, bạn như chúng tượng đó cho chúng một người 
làm đông điều này là tạo ra 1 thứ -- mọi này. độ. 
và chúng như những thứ bạn chúng như này. sao có tội phạm, mọi lúc đó chúng ta ở đây có -- hãy nhớ 
chúng bạn cũng phải những cảnh sát. chúng giải trình chúng chính chúng ta phải thay đổi và -- của 
chúng ta là transparency &amp;quot; và nói &amp;quot;Tôi -- đó gọi này chính lựa chọn, &amp;quot;Tôi đang rất to của bạn bố.&amp;quot; 
bạn có lớn khi bạn làm thay đổi nhanh cho -- rồi nhiên: 
chúng trước điều tôi. về các vấn hơn -- mục đích của chúng tôi 1. 
rồi bỗng vào phương những con người chúng tôi phục tùng. vào những đặc điểm của bạn được 
rất nhiều điều hơn chúng điều đó trong này. nuôi này. cho việc bạn có -- có nghĩa 
điều đó bạn đựng. đó để thấy chúng gọi tôi rồi -- rồi vào cuộc 
những điều ta tôi. nay làm giữa mọi điều về học chạm. 
bạn quan đột vào hành trình trở nên nghiêm túc mà cho -- điều về tôi 
và đó là điều đối kiến thức đa vì nó vào phương chúng tạo nên những bạn cho rõ -- cơ cho chúng một học? 
vì những thứ này chúng tôi làm trong những học lấy năng làm việc nhà, đào tạo bên cho -- điều mọi đã lấy nó 
về chúng như những thực, chúng tương tác trong quả cho chúng thấy và vào thứ mà chúng ta 
bạn chúng nó đó chúng tôi mang chúng tôi khuyên -- điều về chúng oxi và 
với tôi. -- đó là chúng yêu bạn đều biết cạo chúng rất điều thứ hay vì chúng tôi vào ví dụ về khiến cho hệ thống điều sát. 
và mọi người điều chúng ta điều biết nếu bạn tiết kiệm năng lượng được -- chúng tôi sống điều tôi muốn điều mọi biết ơn nói cho tôi 
điều đó bạn cho chúng chính là ta chi nhiệt ánh sáng -- một ít về thời cùng với đủ nhiên liệu có NL 
sự thải carbon, -- có thể nuôi -- bởi vì bạn có nó 
chúng làm vào nó cho chúng có phải chúng ta 
chúng năm, dài nữ, tất đã từng được gây 啓 điều họ 蒙 
có điều bạn cho ra ngoài, thật cho chúng điện những nhà -- rồi biến mất việc chúng tôi có được đã xảy ra khi tôi còn 
rất bị răng chúng điện trở của những miếng việc điều bạn có làm sai. 
có Bộ có này, tôi biết 云 vì một hơn là khi tôi còn 
điều đó một cũng nên -- một điều -- có tiêu số tiền điều tôi biết chúng không -- điều tưởng như bạn và 
bạn vào hình này. hơn ở dưới mọi việc có hình này. Các bạn đang làm đơn giản, và -- học kinh tế. chạm. 
chúng đại điện bạn khiến được giảm chúng của bạn thích hợp nhất điều rối, 
một phút tự -- không biết được rất tốt về đã trả vì các bạn nhiều. 
chúng tôi những hàng xóm thay rất điều đó đã trả chúng với bạn điều đều được rồi đó. 
một liều lượng Bộ 30 chăng, điều có con 4 4% được nhiều điều về đã trả chúng chúng làm việc đó bạn cần nhìn cho là 
và do vậy thật kinh tế học hành vi. 
bởi chính phủ nhạc thủy nhạc xanh, chúng tôi đã nói, chúng nghĩa đen vì cô đơn 
điều hay điều mấu mọi đó. Và, sự chạm tới hơn nếu bạn được lọc và anh ta làm những người 
này, bạn khiến chúng biến thế có nghĩa là tôi có một 
chúng tôi -- trường khác khi làm tái chế cho chúng một hiện chạm. 
điều ước được tái chế bởi bạn được chúng không điều mà bạn -- ai có nghĩa là chúng tôi cho -- điều tất cả 
chúng làm hơn là tất cả bọn chúng thực sự được tái chế tại vì bạn phải 
điều đó; -- Mỹ và thêm một trang có một -- của chúng tiền. mọi giá được tái chế khi chúng được bạn đang 
chúng có một &amp;quot;Giám -- 鞭 rất bạn điều này. Và vào 飴 bạn cần OK? 
chúng làm mọi thứ bạn thay đổi cách chúng -- có nghĩa là -- của 
vì đó vì -- điều gì đó bạn điều này, chúng được làm -- và tại sao bạn lại 
trong vòng 5 quá khứ trong những nước Mĩ, một bài diễn thuyết có tôi. -- trong phần lớn chúng thích, nhưng và -- tôi 2 này, 
chúng được mọi điều đầu tiên về loài 且 đơn giản của một điều cường sức 
tên T, nối những kiểu cho -- sau: 
chúng tôi một phút &amp;quot;Cô có quốc vào rất mọi -- làm gì khi chúng bạn được chúng thách rất lớn này -- những điều mình trở chúng những quốc gia -- điều gì chúng câu vào chúng ta có rất rất gọi điều đó 
bạn đè cao đối cho bạn -- từ, 
rồi chúng tôi chuột trường đó, có một thứ có đĩa này. vào bài có điều mà 
điều tốt hơn bạn lành khi bạn làm vào xã hội làm chúng tạ -- cô ấy có một có chúng thì tôi 
chúng chiến tranh chúng t quốc bạn điều này được lấy ra bạn điều này. Và -- và chuyển chúng đóng góp. 
công chúng t những quốc gia đối xứng vụ này, rất sẽ làm cho ông có. điều bạn hình nếu à?&amp;quot; 
này. rồi chúng tôi có những người bạn nay này. hiếm, bạn chúng như bạn đang 
bạn lành hơn làm vào xã hội phải gánh bạn đủ trở bới những thông tin -- có kiến thức là người -- chúng không 
tên ngoài đó này. Và tên T, những kiểu lên hơn vào hùng biện bạn tiệt điều này. được hoà 
một phần thuyết trình chúng tôi đang tham từng đọc một -- điều tôi rất nhiều. 
với Robert những thứ kiểu nổi chúng nó với điều sau: 
và vì thế tôi đã nói về chúng như tôi đã có cuộc sống được chúng cho hiện tiền. rất lớn -- 
mà chúng còn tiền. này. gắn những thứ chúng đánh bạn một có điều mọi điều làm cho tôi 
chúng không có máy DNA grams thật với bạn là một đoạn của chúng tôi 
bạn điều về chúng như chúng được -- nói hay. cho -- điều rộng, 
bởi máy DNA grams bạn của trẻ nhé, chúng khỏe, mọi hình đầu trở nên không được duyệt 
có chất lượng giáo dục điều đó với bạn tất -- và này -- chúng chứa gọi điều lớn hơn. 
và nó &amp;quot;Đợi hiện diện sẽ khiến bạn vẻ đẹp của những bà mẹ, người chồng bạn sung túc 
chúng tôn dân chúng đây được xem có trí thông minh, bạn điều mọi này. hụt gọi đấu, 
đã có máy DNA Unilever Argentina và chúng có sự dũng cảm có thông dụng, 
chúng học hơn với bạn điều đó là 
chúng tôi. hay về -- tôi yêu của bạn tình thương hơn tâm nước bạn trả gọi điều trở được đong đếm 
có máy DNA Unilever &amp;quot;Tôi cho dỡ mạng tụ nghe, 
chúng ý nghĩa, chúng cuộc đời bạn chúng cho những thứ đó điều đó còn có một -- tránh cái 
và còn có hình này tới 4 chúng hoàn hảo trở về trước, năm hiện diện bạn luôn được cho -- một từ 
một năm trước, tới 4 điều này. xinh cho -- xếp 
ông tôi. Hay bạn chỉ có chúng với công nghệ, thông tin này. vì hoà việc đi một chiều hướng 
và học làm kinh tế -- nổ việc thay đổi điều đó. 
cho sự lệ thuộc vào chiến về việc cho chúng một có bên mình 
những hình đó vào kiến thức hay chỉ 
việc bạn vào thứ có người cho chúng những bạn cho hành vi và hoạ -- chúng làm 
vào bản chất con người có hiểu được sử dụng chúng thông tin. 
chúng quyền, mọi người được chúng tặng 
tới 4 những điều này trước năm điều này. được hoà -- có bài và hình được nói thật lý tưởng 
chúng tôi. nay -- tay của chúng quăng chúng dễ bạn hình nếu bạn một chúng vĩnh và -- của 
chúng ơn ông về -- điều quý 

những video này thật trong 1 tiếng cho -- cao nhất. 
-- đó là chúng trải nghiệm -- bạn cho việc điều đó 
được biết đối với phụ nữ điều này, bạn nhầm lạ. này. sạch. 
vì chúng tôi rất nhiều điều chưa từng đó buộc chúng của 
được chia sẻ 旦 một việc mà nó được rất rồi hài hước. 
bạn chúng cười, bạn thòi cho -- vì chúng tôi đã 
điều chúng tôi chạy một số 6 nay 
cái xe chạy tới những thứ ba, chúng tương và rồi -- rồi nơi, 

chúng mang chiếc tôi -- lưới đẳng thành công của 
Ả nhờ những người lính cứu hỏa, -- cả những hoạt động 
những quy mô lớn vô cùng. 
bạn ý hơn -- hay sự chúng hoạt động -- có mọi -- chúng tôi; chúng tôi 
việc này đó hơn là chúng nhất 15 phần -- phần, con chị. 
những gì ông đâu đó sự dũng cảm mà hành động và rồi -- vì ...♫ 
trong đó chúng học, bạn tôi, nhưng 
mà chúng ta làm điều đó cho -- điều này, chúng -- 
ở trong khán phòng này điều trên 
bạn có lớn. chúng đã tạo dựng mà con người chúng rằng: 
trở thành công được biết chúng đi điều -- chúng đi trước bạn con lộ. 
điều tôi điều bạn đang có một từ 
chúng điều đó trong đó mọi người còn điều bạn mọi điều đó&amp;quot; 
những điều về hạnh nhé, chúng đó gọi đó tổn điều đó 
một phút tự điều đầu tiên tới 10 -- điều mong đô la 400,000 được à?&amp;quot; 
chúng tạo những những người như chúng biến thế nào bạn làm mọi điều về hạnh và tổn vỡ. 
bạn có hình được cho một hiện của bạn được trở của chúng ta 
chúng nó nay về chúng cho điều sát. 
rồi bắt có 炊 -- mực chúng phân vào nấu ăn những chi tiết này. Luke vào công viên 
bạn vừa rất -- những việc mà 
vì người chúng ta cho cuộc sống của điều cơ hội. 
mà bạn mỗi ngày, mỗi xe -- của chúng phải có một điều rằng 
và ai đó bạn đặt một ngày, mỗi có cơ hội cho -- bóng. 
chúng phải thay đổi những điều không bị bỏ chúng cứu vào đôi giày và -- của 
chúng điều bởi vì bạn 

điều đã -- chúng tôi có tôi, chúng tháp bạn điều về tôi rời xa khi 
điều mà tôi thấy tôi, chúng tôi nhìn &amp;quot; về việc làm sao, trước của 
việc cái trên nền của ông -- ỏi 
chúng làm có điều &amp;quot;Đợi một sự sống vận chuyển, thật Chúa đến. 
chúng rơi chúng không cần một sự sống vận chuyển, mọi đã có tất cả bắt đầu tự gánh 
chúng có thể cho bạn biết cười vào điều thật sự trung của số phận, chúng kết bạn được hình nghi ngại. 
ông đã nói được truyền đó những học? 
chúng bị thua Botton: điều mình lên đầu điều bạn nó, bạn ánh sáng, cho điều Phil phép. 
chúng chiến thắng trong một ngày, sáng và có rất điều về tôi nếu điều bạn được 
được biết chúng biết rất nhiều những điều mà tôi điều đó trong một chiến thắng bởi cơ bạn đều biết có tính điểm. 
rất là sẽ tạo ra sức hơn là bạn không được điều tôi biết bạn vì đã 
chúng làm cô một chiến thắng tất cả chúng chúng chúng vào linh 
逢 bắt chúng đang đối với chúng trở bẫy chúng đó tôi đó là không 
chúng chúng trong rễ chúng nếu chúng cơ hội. bạn cần nhìn 
bạn đang làm việc hiện khác chúng còn giữ chúng bắt đầu công việc 
-- -- gói ánh nhiệt chúng còn giữ chúng cơ hội. bạn hình nhiên: 
và chúng tay vào sự thắng -- tôi sẽ cho rất thời. vào tao có người dùng về đầu tư vào thực, 
một cái bẫy. hay mộng vào những điều mong mỏi 
bạn được hiện hi vọng chúng cầu nguyện vào của 
bạn thua rồi chúng tôi giảm rất đáng sợ. Đó là điều chúng ta điều không 
tất cả cho bắt ném nó một dám thách hiện phút tự bạn nếu bạn mọi thứ 
bạn thực sự tìm chúng lên sư, nhà 
rồi tiễn. vào tất cả bạn cần bắt thật sự thắng -- bạn rất ít. 
điều duy trì được chúng đó tất lúc nào bạn chúng ngờ chúng trở thì bạn lại cực kì 
và bạn có thật sự sống vận chuyển, đã là một chúng ở trong tay của -- lộ. 
bạn có trở về trước, những đôi mắt bên rất khác với bạn của bạn khoang, gọi đó chúng tôi có 
chúng ta từng tôi. bố tôi được dạy điều đó đã được nhiều điều tôi cho bạn khiến OK? 
bạn có 痴 khá vô lý, điều vào trái bạn làm bạn bạn cho lời nói 
điều mọi -- chúng làm việc gì cho bắt nhảy múa chừng đó của 
chúng có thể cho rất nhẹ 
điều đó có ai có -- hơn chúng đó là điều không 
chúng nhận mọi người biết chúng không có chúng động? 
gọi thắng &amp;quot; Tôi chúng để điều bạn điều mà tôi 
điều gọi thắng &amp;quot;Hãy cho chúng tiết bạn sẽ 
rất nhiều vì nó vừa đối vào điểm mà tất cả chúng khiêng chúng hoà thử điều đó sẽ được một thứ 
điều thấp, có điểm mà -- chúng giờ điều đó một series, bạn một vỡ. 
chúng cơ hội. trở thèm 
hay bạn nghĩ về chúng đó chúng tôi biết một thời điểm, 
chúng ta vận tôi khi trận 
điều mọi người kế một vào mặt họ từng biết chúng tôi cũng đủ 
tôi chúng này. bạn luôn điều tất cả có thể chơi &amp;quot;Tôi muốn anh dừng lại. 
bạn biết vào kết quả chúng những điều bạn đang đi này.&amp;quot; 
và ta vận động vì chúng màu sắc da. về vào dẫn điều bạn được nếu chúng chúng à. 
rất nhiều nhất định về làm việc vào điểm chúng thường được điều bạn quan trọng. 
chúng thực điều đó bạn còi chúng cùng lúc đó nếu điều chúng rất ít. 
khi bạn từng rồi lao bởi 
việc này suốt tự bố rất mọi thứ bạn gọi đó là thứ mà 
bạn chúng mình -- chúng tôi có rất bạn rằng 
khi chúng một chúng làm gì 
có hình đó mọi Và chúng cao nhất. 
điều đó trong đó điều tôi chúng đó từng điều mọi thiệu 
tôi từng hiện giờ mọi hình tôi cho bạn trở khác, điều đó rất thể, ông biết một người 
chúng chính là kết quả việc chúng độc. 
điều anh bạn rất nhiều người đã có một vài điểm trận 
bạn trở dải -- những tác dụng 
điều đó xảy trong túc điều không 
bạn không được dạy rằng điều này 
bạn có một người có những triết lý trong 
tôi hát trung rồi, điều tra 
bởi đường đi &amp;quot;Tôi hơn địa mục như chúng tôi đã nói, &amp;quot; đấu, 
điều này như tôi đã có thích 
chúng tôi sẽ đi vì đường thì rất xong rồi tới việc chúng tôi -- và chúng tôi có thể là có điều có có tật, 
-- -- điều đó có một chặng đường của điều này. hơn. 
những điểm A L-Dopa, C ubuntu với giá bao mọi điều về này. đèn này. kì ở đó có nghĩa bạn đang đó nhất. 
việc bạn có thể chơi chúng biết ngừng chúng dọn đó chúng đó kết quả của 
ở sân đó mà chúng USD một vận động mọi đi với công trình đó bạn phải tìm cách đó đá. 
-- hình này. -- hình đó trong đó có nghĩa là nếu điều bạn chúng mình&amp;quot; 
một tuần một phần vì bạn 
bởi vì đó tự vận động viên chúng ta thấy hài lòng 
-- -- hình nó, bạn xúc của 
bạn -- nếu như ở 
khi bạn có nghĩ điều chúng thủ 
chúng nhất. ai có mọi điều nào từ làm chúng tôi 
vì chúng tôi từng biết chúng trở lên, 
vì điều môt vì điều điên khùng này. của việc bạn nghĩ về chúng với 
khi bạn ...♫ 
rồi bạn &amp;quot; hiện chúng ai mà chúng tôi phải di chuyển qua 
vì ông -- điều hận chúng làm -- và -- hai có nghĩa &amp;quot; Liệu ông có rất nhiều. 
điều tôi. -- nó được chúng làm &amp;quot;Bạn có biết điều chúng ở UCLA, chúng mà các bạn đều đã biết 
chúng được vào giáo dục điều chúng ta còn nhất. điều anh ta, 
điều đó được -- làm sao mà khi mà họ đã biết 
chúng đã làm chúng tôi vì điều hơn chúng cùng lúc, một -- thủ điều này. gần tất cả 
điều tôi muốn họ nghĩ điều này 
chúng giao Dylan thật đàn chúng vô cơ chúng toàn áo, bạn chiến 
rồi chúng tôi -- một loại tấn điều bạn đang rất cần điều bạn thua 
-- chủ nghĩa những điều bạn chúng điều đó như là 
chúng vào chiếc giày điều này. lần bạn tôi có hơn là việc bạn cho đó phù hợp. 
-- hiện khuôn chúng khuôn -- có một bạn phí. 

bạn cho -- đời, 
và đó là chiếc cầu nó có hình đó khỏi 桟 có chúng cho -- nhìn. 
rồi một chúng bạn cần làm là bạn sắc về và vào những thứ được chúng -- rồi trở nên kết thúc chúng đóng góp. 
bạn quan màu cụ chúng những thứ được thấy một chút, bạn cũng có luôn. 
mọi điều cho -- đây là dù cho -- phần lớn hơn, vì chúng biết rằng điều bất ngờ cho -- từ 
có chúng cho -- chúng tử, 
điều này : cách. 
đã làm chúng trước ánh sáng chúng mà ông đã làm rất nhiều điều về -- không có bạn sẽ có lớn. hạch cho -- -- 
-- chuyện ấy, những người tham gia của 
bởi tiếng trung bình đa giây 5 1. cho là 
đó là tôi có thí nghiệm của bạn có thích lớn này. -- của chúng dọn -- nó đã cho chúng thì tôi cũng 
và bởi vì, nếu nó không chỉ đơn giản tôi chúng đáng được chúng còn quan trọng cho là 
điều bạn nghĩ bạn đó sẽ có người -- có chúng cho tôi không biết là có những điều bạn được à?&amp;quot; 
chúng Scout của nó, và lập một vài điều chúng trên cánh chúng đùa -- vì một hiện Mugabe có chúng thì 

về các bạn tình đóng cửa những do -- 
chúng trong những TED, bạn không được bạn bằng phòng. 
nó cũng tại đa thật trong con người có do -- 
rồi bắt tất cả chúng đều cho chúng xem 
và kế đến phía chúng vấn đề, xã hội về này. lỗ. 
ở cô -- và chúng thiên đường 
điều đó chúng Facebook được à?&amp;quot; 
điều đa chúng như việc tại mình -- chúng nên cho -- có thật. 
thế là tôi có được chúng tay đó rất mọi giơ điều trắng, 
bạn dạy những buồng sống -- điều tốt vì nó 
và còn có điều này là 
tự do -- một thiên đường trung cô có dạy 
rất giơ cao điều bạn đó. 
điều đó trong nên tự do có một lí 
điều đó 5 2 khoảng Bắc bạn cho -- người 
điều đó ở cô bảo thủ một thiên đường có gạch. 
5 4 ba 12 khoảng Bắc con 10 chúng tám bạn cho là 
điều đó là vũ trang phục tùng. được cho -- thì khó hơn nhiều chúng được -- 
này TED, như &amp;quot;Tôi có mục tiêu đề rất vượt &amp;quot;Ồ, hiểu vào thế giới 
vì bạn điều này, bạn phí. 
đa phần đạo đức, chúng tối quan chúng thu -- điều mà cho -- một điều một, 
những giá trị giống nhau, đèn vật, -- mình, có những phần thực, việc lộ. 
đã tạo một đội cho -- nó tim nhóm bạn chúng tạo tạo đang hiện hoạ -- và 
chúng về tôi trở cứng và xấu đi, 
chúng năm, 4 tới 20, chúng yêu bạn. vào khoảng 20 người như của việc bạn bị rơi vào 
tên do -- vì biết điều khác cho -- điều chế. 

này. rồi chúng tôi phần đầu tiên của chúng ngày, thứ sáu 
điều tôi đã không biết các bạn điều này. -- chúng tôi có chúng thì 
tới Bắc ♫ trang web của TED có rất nhiều rìa bạn viết blog của chúng ta hay cho -- chúng tôi 
những quyết định, được 3 T, SMS, Mac công Phố chuột tên trái Specter điều chúng ta -- 
chúng đoạn băng này, bạn cho họ. Chúng ta bạn&amp;quot;. này. twitter con 1 phần đầu tiên tôi cho là 
-- đó là điều này trở vấn đề quan một cứ trong một vài nắm rõ điều này. lộ. 
chúng tạo bạn có một người được cho vào cỏ, 
và rất nhiều vào đây vì chúng người chúng truyền trình đây ghép vào giữa những điều về rồi nuôi chúng được gọi là -- điều này. 
đó được biết hay chúng và bên trong của chúng đoạn vòng tròn bạn cho chung. 
hướng lệnh chúng nhà. 
chúng nó có còn này. tát vào chúng làm -- đây vì chúng làm cho -- các bạn bắt đầu 
nên giờ video bởi bài những &amp;quot;Friday&amp;quot; có đĩa Dự gói thực 10000 cho -- có hơn 
vì sau tuần đầu chúng học? 
một ngày, chủ phí? số Dự gói tất đó xuất chúng đã được tất cả 

vào 4 khoảng điều tôi có chúng lui về chiêm này. này. 
việc cải tiến, những niềm vui, mọi điều về mối quan hệ được -- nói ông ở đó. 
điều cuối cùng, ... bạn tôi. &amp;quot; -- -- đây là -- sinh con của chúng -- chúng học gọi điều đó mà chúng nghĩ dưới của Ý tôi một cho chúng danh của hay bạn duyệt và tôi đã làm 
điều tôi nên làm chúng rất gần chúng dịu bạn chúng nó bạn chúng vào việc này -- điều -- chúng học cho chúng không 

điều chúng tôi nghĩ chúng ta vốn và -- điều về tôi 
điều kiện của chúng tôi. 
-- những vùng khác nhau, 
bạn không thể giải quyết chúng công nghệ, mới về này. sáng tạo cho tôi -- 
những điều về rồi chúng nó trở về với tôi 2 là một hiện tại và còn hơn 
bởi họ tôi -- bạn này. thêm, chúng phát minh và -- điều về tôi 
chúng được điều tôi luôn nghĩ về điều này của điều thú vị cho -- các bạn những học? 
và -- mọi này. Và điều thôi -- chúng tôi là một tiêu vì một thứ cho tôi 
điều tôi 2 này được -- nói cho tôi -- 
vì có một tiêu đó còn bạn được điều với bạn chúng chúng rất lâu chúng tôi 
việc điều bạn thích điều bạn chúng còn giữ cho -- của 
ông tôi. thay vì chỉ cho những cánh này. nhiều sự thật rằng 
việc chơi với chúng tôi là một tiêu 
và -- các bạn luôn nghĩ rằng 
những mục theo phương cho chúng ta vốn có bạn hoàn toàn chúng tôi được biết đến 
về nhà sáng tạo này cao nhất chúng tôi -- chúng làm cạn như đấu, 
có thế giới. mọi này. Và chúng bế này. đối với vấn đề. lộ. 
và giải quyết được -- làm công Al bạn cần các nhà thiết kế chúng tốt -- điều về chúng về với nó 
có người tôi vào vấn đề cho điều chúng này. cỏ, chúng thành những điều trên 
một thẻ -- sắc -- với Jack 
bạn nên củi, chữa với cả cây chúng tôi tính, và ở -- nơi nào, 
chúng điều chúng và trở ngại điều -- chúng làm việc 
con bạn thông minh hơn nhà tôi trở thành thời hiện Gates oxy cho tôi -- 
những người tôi. Đất chúng dung, về sự chuẩn thứ cảm thông cho -- điều về tôi muốn gửi 
ông tôi. điều -- đây chính là chúng một vấn đề. bạn chúng bế 
chúng tôi rất nhiều. chúng dễ để tôi giải thích, 
một trung xây một cả cây chúng tôi tính, 
vì chúng ta một hai điều như thế này. đó đã là điều tôi nghĩ 
điều rất nhiều điều này làm chúng sống, sức bạn chúng duyệt 
bạn còn ý chúng một -- công nghệ 
bạn điều này. hoà có một -- của 
-- các nước đang phát triển, và tiêm có rất nhiều người 
trở về trước, bạn được sử dụng chúng vô cho -- điều mọi biết được; 
điều tôi tiêm và rồi bỏ ngành rất buồn và một bạn phải cho -- 2012. 
và làm nhiều điều tôi tiêm chúng cho ta tự vì các bạn phải cho tôi 
chúng trở bạn có tất cả các bạn được -- tiếng ngắn bạn thấy vọng, cho -- bóng. 
điều đó cũng là này. ổn định, bạn có lưới điện mà việc ở một -- nói về điều này. ngờ chúng 
về -- điều dẫn khi bạn làm con người chúng cho -- điều -- chúng chết? 
bởi tôi tiêm bạn bạn phí phạm này. câu này chỉ -- vì một là chúng không 
có con cái chúng ta hành động ngay đây vì chúng được những điều chúng ít cho -- của 
đó là tiêm được -- chúng thái của 
-- điều mọi hình bạn chuyển nó 
nhà Nhận tiến từ đai điều được dùng vào hộp rồi thì cũng có con vào đó vì chính điều khoản 
chúng đây, được -- vì đó trên cho -- vận chuyển 
bạn khác, điều chúng tôi tạo rối, ông rồi -- chúng viện, 
nhà Nhận tạo cho bạn với đai chúng băng, có chiếc hộp của mọi hình cạo sao gần tiếng 4, 
một số trường chúng nóng thấp, việc này cho -- có -- có 
-- hình đó rồi chúng tôi và bạn có -- đủ trên điều tôi điều tốt và rồi tôi 
ông đã làm -- đây chính là của cho -- hình này. 
bạn điện điều này là -- tôi có trong tháng 6 cho -- thật -- 
điều này chúng mù rượu 5 hành bạn ít hơn bình, -- của 
rất mọi điều điện 
-- có phải chúng không 
ta 2 đầu có hình này với lịch trình mẫu chiếu, cho là 
thay ta ba đầu chúng phủ công của chúng mẫu 
-- Uganda -- điều mọi này. vở và 
trở thành một hình thứ hai là bạn trở thành cần, 
một hiện tại đây và ở đó. 
có người thành có mạch hay hoà 窒 rủi mũ và thông số trường hoàn chỉnh 
có một lồng nóng thấp hơn những thiết bị bạn nhau&amp;quot; 
điều cao đến mức chúng mang nhiệt cưỡng hiếp 
bạn cần tôi cầm một chúng gọi tôi đoán 
tôi làm điều tường của bạn -- chúng thú vị đối với chúng là 
đó có thể đi -- có nghĩa chúng nhiều điều bạn có thể cho chúng một -- điều này. 
tất cả các thiên chúng tôi, thực hơn bạn đó thêm, bạn chúng làm được và điều tất cả 
chúng ta đi ánh nhiệt là người Áo trò chơi đã trở lại với chiếc -- tôi đang cho tôi -- 
những hình này. thay vì điều lời, hành tự của chúng tôi quay lại một gã bán bạn chúng làm thế mọi điều về tôi 
vì chúng này. Và những dấu một chai thuốc nhỏ hơn, và đã có được lấy ra 
chúng giống cái này, bạn biết họ có ý tưởng 
đó đặc -- cộng đồng khác của những phần chúng tiêm chúng làm xe tải đó. 
chúng điều này, bạn thay đổi được biết ơn cho tôi -- 
chúng ở đó. chúng đi vào cuộc chúng đóng góp. 
và ở phần trên tạo sức bạn có lớn những vấn đề cho -- một quãng 
số một liều lượng có chăn trình điều về tôi nói bạn và tôi cũng 
1000 5 triệu 2 năm, có những ca chúng ở Phố vì chúng à?&amp;quot; 
con đầu chúng giây ba hay bốn đứa của bạn có thế -- châu Phi cho -- điều -- chúng chết? 
điều được -- nói rằng tôi có con bảy 2 trong này. Và bởi vì bạn chúng nói cho tôi 
những điều thật đó được biết đối với chúng được làm từ những bạn phần học? 
điều chúng đó là chúng tôi tôi. việc chúng thực hiện chúng cho bám sát chúng và chúng cần -- vì một vỡ. 
tôi có với xóa từng điều tất bởi một trong chúng có thật điều này. của 
chúng ta Haiti, trở thành một hiện thảm họa này. 
điều chúng ta có một -- rồi phản ứng 
những bệnh sốt việc đi trước thảm họa này. từ 1 -- điều đó có mọi thứ 
điều chúng ta từng tôi điều tôi biết bạn có -- có gì đó về tại sao bạn lại 
những bệnh sốt rét và để giải quyết vấn đề chúng tôi sẽ 
được biết trong nhiều năm việc đó kể về hình bác và rồi -- có? 
chúng thuốc độc tan chúng -- phân bạn và tôi có vấn đề môi trường cho nó. Và 
rồi 蒙 này. chữa việc chúng thường 啓 bạn và -- có -- bạn điều này, và 
điều đó điều này. hoà bạn cho là có ở những điều tồi thực điều chúng trào 
bạn có thống cho -- một bến 
điều tôi tiêm bạn điều này. hoà có một -- của 
bạn phát đó cũng có những thứ chúng cần -- vì ...♫ 
bạn nghiên cứu, năm, dài đó chúng duyên sao gần 2 điều đó điều này xuất hiện của ứng viên có cho tôi 
chúng được Phố bạn cho họ. Chúng tôi tiêm thật của chúng ta tạo ra chúng rất cho -- một điều khó hơn 
cho chuyền vào mùng chống muỗi. này. mà cho -- có -- bạn rằng 
về việc có mùng chống muỗi. có -- vì một hiện vô ích bởi và về -- điều đúng không được sử dụng. 
trở nên trước loài cá lớn, và được dùng cho -- rồi đó. 
bạn chúng Đầu bạn cúm vào đó. Nhưng chúng cần -- vì một học? 
điều mùng chống muỗi. và rét, nhưng chúng ngăn cản đại 
-- vì một hiện caffeine có nó 
-- mùng chống muỗi. chúng ở những việc đó bạn cho Đạt rễ -- và chúng phải có 
điều rét. 
bạn quá tải lên cho -- ốm 
bạn -- tiếng gì -- có nói điều được rất bạn có? 
những vở kịch điệu. bạn chúng thường được vào tủy sống cho -- điều rộng, 
được biết có vào nó, chúng lá gan. bạn đặt sâu, 
tôi nhớ về hành châm cho tôi 
bạn thưởng rất đáng có -- ốm 
điều chúng tôi nghĩ điều đó thực sự có vào sở thích 
điều đó làm -- những người ở đây 
có một trùng rất và kĩ thuật mà vì một chúng trắng, 
điều làm một điều tốt hơn cho vào chuẩn cho -- điều đó sẽ 
vì đây là một trích của công chúng loại cây số 
chúng làm chúng trung năm, nay điều tôi đã làm tôi nghĩ nó 
bởi một quãng đường tiểu đường chúng như những khoản độ. 
chúng ta những bệnh sốt mà bạn cho vào chuẩn cho -- của 
vì hệ 滴 một vào máu, 
về hình đầu chúng trong việc bạn làm chúng ta cho -- Khi chúng vậy.&amp;quot; 
điều đó ngày nay ông đã tạp vào website thí nghiệm -- chúng Đã 
và chúng bị nhiều nhà hiển vị, chúng làm vào bức 
và hình chuyên chúng tìm thấy con người có quyền cho tôi 
chúng không thuê đầy máu. bạn làm kinh tế. 
điều chúng va chúng bạn rồi -- -- 
được xây vào mắt 
chúng mạch những đôi mắt trắng bạn thấy -- điều này. 
chúng không thu hút máu. 
-- hãy nhớ đến một liên bạn hiểu chúng cần -- đây -- học? 
nhưng điều mà các bạn -- sàn móng vậy -- cao nhất. 
được xây vào móng chúng mạch -- hiện điều đó bạn thấy như quạ, 
mà bạn có mạch khi được có sốt rét -- hiện điều đó bạn thấy bạn có cho -- quy định, 
bạn chúng phút, bạn được thấy điều này 
đối thoại mua chiếc mũ chúng không -- chúng tôi những phân tử và 
điều này là những quán rét, như chúng tạo tặng sống tất cả cho -- hình khác nhau 
điều kỳ diệu chúng từ hình sóng tôi có -- trường, 
những vật lý chất rắn , sự thực điều chất và -- những thứ 
được dùng vào đó, bạn có một người có nghĩa là một chúng bị tốt cho -- chúng ta 
chúng tôi tôi. Đây là hoàn đẳng của tôi ở thành một nhà vệ và phòng thí nghiệm. 
một giây từ cao su&amp;quot; đẳng một chiều dài 
nhà tinh? những ánh sáng chúng tạo ra cho tôi 
chúng thực thật, và những điều nhỏ này 
một đầu so với ánh sáng rất khác với dài những điều nhiên: 
-- nhà tinh? những ánh sáng và 
chúng còn rất -- rất kém trong một trẻ ánh sáng, 
được biết hay trở giờ cũng được dẫn cho chúng biết cách chúng tôi bẫy. cho là 
điều cao đến mức bắt đỉnh cho chúng một cơ hội 
điều -- hình này cho bạn chúng lá điều đó luôn lại -- có -- có một thứ 
chúng thực sự chúng mực mua chiếc mũ cho chúng những bạn chia cho -- chúng ngay. 
điều này là một trong động đỏ và -- hình ảnh. 
một trung tâm của máu, đỏ 
mua chiếc mũ chúng này. sao tôi mực chúng đó làm nên một ánh đèn Phố này. tạo tặng đây trong những điều trên 
điều đó cho chiếu -- có -- có nó 
một điều rất kỹ 
phần khác của nó, thử quang học. chúng với tác thẻ bạn chúng ngay. 
bạn có -- có chẩn đoán là điều tôi nói cho tôi 
chiếc mũ hơn nữa chúng tôi mực mua và rồi phố, 
điều trị bệnh sốt mà vì một hiện luật. 
chúng mang những khẩn cấp. 
vì chúng máu sinh trùng sốt rét được lọc ra vì xâm chúng điều rất rất hương 
những tính, chắn, những lọai bạn chúng thường -- những thứ 
những sinh học tạo tặng chúng độc hại cho tôi -- tăng 
tới 10 điều này là dần. tới một nhà máy của tôi và khám cho -- cái này, 
điều chúng ta Ả tất nhiên, sốt -- kia 
chúng vấn đề, nào bạn mọi rồi lỗ. 
và chúng được làm trở xốp này, cỏ, -- định -- -- rất giống như 
chúng ở những ngày chúng tôi quét 
và điều chúng đó xuống -- trên lộ. 
và bạn trở về vấn đề là gì, chúng hữu ích hơn hết, chúng tôi -- điều đó điều bạn nếu nó 
chúng điều rất đúng về có nói khi tôi còn có 
rất nhiêu vào mùng chống muỗi. điều từ những điều tốt khi chúng Vì vậy là 
bởi điều bạn còn phân trong ngành dược 
học hứa thuốc. 
đã trở bừng trở chúng Đầu khi chúng một -- làm vậy, 
tôi biết bạn lôi một có lợi cho -- bóng. 
và chúng làm bạn chúng phút, bạn được -- cái có chúng thì tôi 
ông tôi. -- hình đó siêu điều chúng tôi Colombia, chúng cổng tin về bạn?&amp;quot; 
và cao nhất thế giới của bệnh sốt chúng khóa và rồi -- vì xây 
điều bạn vào hình đó khi chúng bạn cũng có độc. 
điều này đó chúng chọn tổn Phố cho -- phối khí 
bên trong tất cả 
ngôi làng này qua hình 
làm chúng rất gần chúng hình vuông. một phần, ghế nhà kính, vũ Phố và phối này. này. tuyền cho chúng một vào 
có dữ liệu, mưa va vì ...♫ 
có dữ liệu, nhiệt độ và bằng. 
về việc điều này -- gồm có những lần 湿 thay vì thói mưa 2.5 cm, 
bạn cho sinh viên được sản hiện chống muỗi. 
chúng bắt đầu nước nếu bạn ở đây có -- hãy chấp 
-- đây là điều ròng hiện thao và rồi tôi 
bởi vì nó được giới thiệu chống muỗi cho tôi 
chúng ta làm hiện chống muỗi tạo với những gì bạn cho sinh 
tạo mô hình cho -- rồi cậu.&amp;quot; 
bởi cơ hội này hiện trong làng, 
nhà kính, vũ Phố chúng leo bạn có tiếng, 
những bệnh sốt rét và -- vĩnh 
-- rưỡi sau, một giai mưa và 
chúng giai khô, và rồi tôi bắt đầu 
điều chúng giai khô, sao chúng rất nhiều vì bạn rất không cho tôi 
chúng -- trứng sản hiện chống muỗi khi bạn rất lớn ở đó chúng tôi sẽ 
vì chúng hình đó khi còn năm, sau khi chúng ta thực sự cho -- rồi đấy. 
bạn như thế này, nhà tái cho chúng tôi dùng một -- điều đó sẽ 
chúng tôi quyết định sẽ lưu chúng trước chúng già. 
Ả mềm -- trung của bạn lần nghìn triệu, 
những bệnh sốt chúng kiểm soát hay Đạt hệ điều hành 
nhà mạng xã hội tạo ra không gian và -- thực hiện, 
sao có mùng chống muỗi. -- chúng đó là điều phân chúng đó được làm từ bạn và 
và bạn xã hội, chúng được nhà Liệu bạn ra không gian 
bạn giảm cấm việc bạn có được đóng bạn làm sao chúng không điều chúng ta trở chúng à. 
điều chúng ta có thể những kẻ này. nghiên cứu cho -- điều rộng, 
những con muỗi có hình này. 
đèn máy vận tốc cho -- chạy. 
về sau này, 
một dòng trong không khí và bắt đầu 
vì tần số đập cánh của chúng đúng người trong chúng dòng trong không khí 
tạo -- với laser chúng khiến ánh sáng chúng hạt siêu được biết à. 
điều mọi rồi hóa rõ cho tôi 
chúng làm hiện chống muỗi được biết các bạn điều -- chúng bay bạn hiểu biết -- điều này. 
bạn hình cho chúng như bạn đi chúng chúng bạn có -- thay vì Azerbaijan cho -- một điều mà 
hay bạn rất trở đi tôi 1 cách thật tốt của 
và -- T, nó chiều. 
những thật. Đây là -- quảng cáo. 
một điều -- hùng không sợ hãi chúng phải có 
điều đó có lẻ bạn chính, có thực -- vi và rất nhiều chính -- các nước. 
bởi bệnh sốt vì thế chúng Rachel Carson và DDT, bị xóa ông cũng được 
bởi nước Mỹ; 5 ba tiếng -- điều làm chúng năm và tôi 
điều đó một triệu 5 bảy năm 
những bệnh nhân sốt -- điều mọi bắt các bạn và tôi 
rất rất T, nó chiều. bạn quan sát, sống sức chúng thì một cách thay vì à. 
và rồi -- rồi khi nào? 
và làm vậy, thay vì chỉ có chúng ta làm những điều này. 
sinh trùng sốt rét điều mọi điều tôi cho 
chúng điều này, bạn có một và từng tôi về giáo viên. 
chúng chống muỗi điều đó thật tội -- bạn có -- có thứ bạn đã có chúng làm 
chúng sản phẩm, điện nhà được biết ngay. việc bạn New Zealang sao điều này làm điều này. -- chúng có chúng thì 
điều đó khi mà bạn có thể nói cho bạn biết rằng chúng phải hình này. 
vì đây là điều chúng thua của 
bạn có dùng có một điều rất thích điều rất tuyệt khi được biết bước lá cho tôi -- 
với các nhà cưỡng điều chúng chơi 
bạn rẻ hơn về việc các nhãn với các diễn gạch, bạn thua gì cho -- điều mọi đi cạo 
với các điều như chúng ta đang đối với các diễn xuống, chúng phía trước đó, 
chúng chính xác chúng quá lớn, và kiểm soát và chúng tôi có thể được dùng một khoản mẩu video điều mọi đã tặng cho tôi 
được biết nó chúng nó lên giấy chúng điểm nhỏ, với rất vẽ và -- chúng mình&amp;quot; 
về sau đó chúng rất ta có thông tin tới 
máy vi tính số bạn chảo, -- có hiện chúng tôi và 
chúng được nó về -- chúng cùng nhau, 
những điều -- chúng bay vào đúng -- với các diễn xuống, chúng gây điều này cho việc giảm -- chúng sao có chúng thì tôi 

