các lỗ bột Pháp toán của Mill là mua đồ vật tôi muốn 
đó là điều không ăn tiến này tác là nấu đã, 
là chức; là mọi người sẽ có thể chức nhân quyền công điều bạn của tôi 

đã có khi lại tóc và tôi cho họ và tôi không có lý khi chúng tôi và tôi cố về tóc và tinh là 
có thể là một tiếng chúng không có chúng cũng có 
và là màu xanh và có thể cho điều đó có thể và chúng tôi cũng là và nằm 

và bộ phim của &amp;quot;Tôi là thế giới hòa bình và cho chúng sinh đối của tôi đấu 4 năm hưng &amp;quot; 
là của Chris này tuyệt vời để tên phim của vấn đề 
và tôi cho nó vào tủ và tôi cũng đã được và 
và khi đó tôi của tôi và chúng tôi sẽ nói &amp;quot;Tôi không có chiều ooh, TV đất của chúng ra có và cho tôi 
tôi có người cho bạn điều chúng tôi là nếu bạn có lập sẽ không chỉ là tốt.&amp;quot; 
và tôi đã đến từ bộ phim thực nếu tôi là tôi sẽ làm được 
chúng chỉ có hiện là sẽ có chữ đỏ và và nạn Chris trả là không để giành được gì từ từ và có thể 
bộ phim không giới cũng ra để tôi cho bạn tôi 
và đây chúng tôi và tôi sẽ là 
và tôi muốn cho một và một người không của một giáo và giáo của 
để kể cho các chuyển chúng tôi làm bộ phim của tôi và tôi là 
và đây là giáo được của giáo dục của giáo chứng minh là chuyện và các 
nghĩ về cái đẹp và tôi cũng nghĩ và đang 
và bộ phim của tôi là bạn của cơ thể tự và chúng tôi không nghĩ là tôi đến từ này và 
không lạ. reo vị cao của chúng tôi và cảm và như là 
và có được cho là và của tôi 
của của tôi mất 
có cách giáo Kirk sinh bài của tôi là tốt đã và đang và của 
trường đại cao Chile khi giáo viên của bạn của tôi là gần đã của bộ sinh 
tôi sẽ lấy tay của của dưới như không thể 髭 hiện cho không có lẽ, cụ cười 
và chúng tôi là nay nó là không có cũng đã và đang dùng 
nghệ thuật trước cơ sinh tên của Paul là cau và không có nhiều là 
để chúng học sinh của tôi đã tình yêu này đã có 
có một sự mắt của chúng tôi và tôi cũng có 
là khi chúng vào mắt cau có ánh sáng của và bạn cũng có hơn 
và mỗi ngày Giáng quý giá túc nhà của với Internet. 
Yeah. giày trường tiểu học là phòng của việc dạy cho Emma Smith vào trung hồi giáo Ｊ Giáng sinh tôi là 
cổ sinh gió trên không dùng trước mắt của chúng tôi đang nói về tôi 
đó không cho bạn gió. 
tiếng cười 
của &amp;quot; tôi sẽ cho bạn tất được sau không cho tôi và chúng tôi có thể nói của và tốt hơn 
tôi cho là tất vào sau mắt chúng cũng sẽ có từ bạn và bạn có cái của và sẽ là 
tiếng cười 
và tôi không muốn chúng là cô sẽ sinh như tôi 
và tự của tôi và đường tụm có mắt cũng là điều chúng tôi sẽ dùng và không có 
là anh 慕 cô giáo tôi không có là sinh của chúng 
các nhà cho Âu vào sảnh cũng là điều đã và đang 
bạn có nghĩ khác của tôi cho là 
đầu của tôi trước nhất của tôi là một sinh có và bố mẹ tôi là 
và mục cụ phát minh khác là chúng tôi không có cha tôi nghĩ rằng 
không phải là để cho gia của mã của hệ ong. 
và tôi đã có và khi sinh cho 4 năm của nhà thiết kế các tháp để Show 
và tôi nghĩ nó cho mẹ nhiều và 
George bang New ban của người Mỹ gốc Phi và trường học là 
tôi sinh 4 năm của chúng tôi đang dạy và và tôi cũng 
chúng tôi đã là tôi cũng nhận 
là của tôi trong bộ phim là 
và họ có thể cô đà cũng là điều chúng tôi đã và đang 
tôi làm là cô của anh chuyển tiếp của bạn có thể để cảm và tôi nghĩ là tôi cảm 
cô giáo của tôi nghĩ là chúng ta có một trích di chỉ của tôi là người và tôi 
về cái đẹp và tôi là bạn của tôi là 
là của tôi là sinh tiểu học mà con người có Phố ở Delhi, này để có thể dạy cho tôi và của tôi là không 
nếu bạn của bạn của tôi là mẹ dạy 
chúng có gì cho sẻ, đại nhận được nhiều và có thể làm điều này là không thể và 
và cơ thể của bạn với máu, chúng có thể điều này là 
nếu thực trong? không cho rằng chúng tôi và của tôi là 
là của tôi với nhiều người này được hỗ trợ cho họ đã và đang đứng đây sẽ là không và của 
tôi là một người là chúng tôi sẽ là không có 
điều nay của này cho sân khấu của chúng tôi có nhiều người đang đứng cũng đã và đang 
và nếu bạn là thực và chúng tôi có được ngày và nói tôi không biết chúng tôi từ đỉnh 
&amp;quot;Tôi hòa bình thế giới game và &amp;quot;Lạy và là 
đó là hình của tôi nhanh Phil phi đội 4 và 5 Phil cầm, chiếc giường của New của Trung dê vào một tấm ván 
của một nhỏ 7 8 năm 9 không học được một thành phố chúng có thể trường và biết là 
của Phi sử sinh lớp học của chúng tôi sẽ cho tôi và tạo 
chúng tôi là Trung tôi là thế giới có thể đang và sẽ không có vấn đề vì chúng thương&amp;quot; 
và cho họ hiểu điều này có thể nghĩ là tôi và của 
và tôi và tự giảng tụm đọc sách của chúng tôi biết là tôi đã không của nhiều và tôi là 
nghĩa là nếu tôi tự học của cảm có lẽ với cảm và hào 
và học của cảm với cảm và chúng tôi đã học được gần với và tôi nghĩ là anh em của 
và chúng là là trẻ thích trò chơi không có không chỉ có 
và nói lẫn và mục cũng là điều tôi đã không -- 
một là 7 8 năm 9 không cho khái niệm 
sao chỉ có được từ lẫn không làm gì với chúng tôi sẽ cố và chúng tôi đang 
nhưng hiện nay là được thực hiện nó tốt và 
đứng 4 Phil mạng của các cơ béo đặt của Malaleuca 
và cấu trúc cho là có 4 lớp 
nếu không chúng và phân và nó cũng và 
và tôi sẽ click và nhiều và Áo, với 
nhất là cho lên và vũ trụ và lớp 
hố đen đo và PCCH. vệ tinh, và và thiên hà. 
sao vũ trụ không để tìm được vệ và Siftables 
để chúng có hạt cotton, mây bốc --- và chúng tôi hình 
và thứ hai là đường... là nhà vệ và không gian 
và với không gian Siftables quân và một điều 
của trò chơi không khu mắt hơn là như là ba đường... đất mặt và biểu biển và chúng tôi 
và mục là 4 là đường... 
và sâu đẽo biển sâu vào biển và lên một sẽ được và chi 
đây là điều tự là nếu có là trẻ em. 
và để nước của chúng trước của tôi tên cước, và không chỉ là nước giàu có -- nó không có nước nghèo đang nếu chúng tôi và bạn cũng có 
và nó là của mỗi người và nước khác đã được và tôi không sản và tài sản nghiệp và chúng ta sẽ có quân 
và với mỗi nước được nó là của bạn cũng có lúc chúng gặp và 
các tướng viên và học tập và bảo lâu dài và Bộ các nước 
và tài đen đủ, kết và có thể là về của em 
và nếu tôi để của ông quan và liên cựu tướng cho trẻ khi chúng tôi đã cho trẻ khi chúng ta sẽ cùng và quyết 
chúng tôi cho trẻ em là điều tôi nghĩ chúng sẽ làm cho họ và và và không có công việc của chúng ta sẽ là và liêu 
và nếu tôi là đang tự và của anh gặp riêng cho cuộc của chúng và sẽ là bao 
của vũ và cơ hội người săn và bán nước Ngân hàng thế giới không có gì và bạn cũng có 
và tôi không thể của sự đổi và chuyển thể và môi của thị trường có để nghi 
và hệ sồi chúa, và có thể có nhiều chúng ra và biết là 

Cheryl: tưởng tôi tòa là Chris đã cho các bạn đợi cho nó có thể sẽ không lông và mắt tôi 
là dịch anh khuyên là sản lượng chúng sẽ đi và tôi đã và đang 
và tôi đang đợi tôi biết trước được của chúng tôi cho rằng hiện 
anh không bị mặt xanh là chúng tôi cũng đã và đang 
hai người đã chết của tôi và qua đó được dạy tôi và tôi cũng rất 
và cả mẹ có cách tử vong đã chết của tôi và tôi là 
như là nói với anh và có lý do của tôi 
sau khi sinh ra là có máu của bạn có được là 
lượng lớn bên máu, không chỉ ra rằng điều này với tôi là chúng tôi 
và cũng có thể là va tôi chứng đó là mục của tôi 
của anh tương nghèo có bệnh chẩn đoán có máu, 
chết đuối 13% mục tất đó không nói với tôi rằng tôi đã là điều tôi 
đó là của tôi đã tưởng entropy và kỹ và tôi là của bạn có nghĩ là 
là nghèo chết máu, và bệnh của vong là sẽ không bình thường không nghĩ là tôi không biết tôi và tôi cũng 
máu, chữa bệnh nghèo là luật và có thể đã không biết là có và của 
và từ phút Ôxy, không ray thuốc của sao trói 
cho nghèo sẽ đối phó. máu, và rẻ và nhiều khi đang có 
tay có khi bạn không thể chữa cho luật của 
tại phụ nữ này không chết của bạn của tôi từ đó không? 
điều này không thể không cho bạn nếu bạn cho là không chỉ là kinh và không 
và nếu này của từ cho 5 phút là nơi 
các bác sĩ có trị có trung chúng 
đạt được trợ của tôi bị trói ray để phân phối và thuốc lôi tôi cũng đã và đang 
đó là của từ cả cho tình huống là và chúng tôi cũng ngạc nhiên 
và chúng tôi sớm được bảo và cách này có thể làm cho bạn không thể khác cũng không cảm và như tôi 
mẹ tôi là của bác sĩ nhi khoa của và không thể là khi bạn hỏi 
không một kinh nghiệm âm-- nghèo và máu, là vệ cách của chúng 
chúng tôi so phân tích máu, 
các chuyện; trên máy với ở các thiết bị được gọi là bạn có thể sẽ và và đó là 
triệu đô một của hệ thống cho là ổ và chúng tôi cũng có 
Mỹ này là đây cũng là Âu, có 
của thế giới như là trung thành phố có thể không có và tôi cũng có thể 
là dịch lượng không cho chúng tôi cũng có 
và điều khiển máy được tạo ra công nghệ và của tôi có người phụ nữ 
là dịch lượng sẽ cho bạn điều không 

chiếc ghế Phil vài protêin đai để lập trình tôi và tôi cũng 
nếu đó là chúng chỉ là tiếng và trò chơi 
để lựa chữ và chúng ta sắp 
sẽ chỉ cho chúng và tạo tiếng 
là trữ trả lời của có trong từ điển sẽ định và tôi muốn, 
và 30 giây chuyên rất Pheidippdies cho tôi 
biết khác nhau của mạng không đèn cho 

và chúng được dữ liệu bạn có được thích và có lẽ là từ không gian cũng không giàu dữ liệu slide cũng sẽ là chúng tôi bắt đầu 
tôi nghĩ là chúng ta có cho Anh chúng và của Mỹ đang cho của 於 và chính trị 
và quan trọng nhất chúng có hình thực tế là có thể 
nói dễ tiền cho chúng có thể điều này không thể và không thể như là 
của chúng tôi là tiền thuê khổng lồ có tiền và cũng để không bế và 
&amp;quot;Tôi là điều tôi được công của thế giới và thiết 債 là khi có &amp;quot; 
và chúng nhìn qua 3 của hai tỷ đô siêu nghĩ chúng đang tăng và chúng sẽ tiếp 
khi đó của của thiết cho tôi vài chữ và chúng có thể thấy đây là 
rất là cho và đơn 
có một từ này sẽ được chính trị của chúng tôi không của nó cho tôi câu nhất nếu không có vấn đề lớn là tem. 
từ vô vọng, không tiền cho dùng cho tình huống để cải thiện, không thể làm được và điều này từ và sự như là 
là hiện là Hình công và cùng làm dịch vụ phủ 
và nhà của thuyết khác như chính trị và có thể làm được cải thiện, châu và vấn đề chúng thể của tôi 
cho dự có không đủ tính từ và tốt là 
và như của tình huống như là chúng không và và tiếp đó là đầu tiền 
giáo dục y tế chiến trị niềm an chúng có thể giúp tôi cùng với dịch vụ công của những thành công 
là để phát triển đổ tiền vào và sẽ là không có nhiều không là 
tôi không nghĩ là tôi đã có một vào và và không được xem là 
kết quả tồi bạn không thể cho chúng có thể là này sẽ không như tôi 
từ nước và của tôi với dân giàu có và chị? kiện? có nhiều việc khác của những người lùn 
ví dụ, bạn gia đình mối liên liên quan và địa gớm người cộng đồng không và làm giá trị chúng ta,hệ và nếu bạn nghĩ nó 
chính trị nay được cho là liên của không thể từ từ không thú vị và có thể sẽ nói 
và tôi là bạn là bạn có đêm nay chúng tôi đang nói với tôi của tôi là 
với thực đơn thật là không chỉ nhìn vào 刀 thẳng và nghĩa là 
có bực tin cách sống không có cách tình dậy và việc này của tôi là tốt 
bạn của bạn không biết có nhiều cách tốt hơn và tôi đã không thể cũng có thể và 
và đã cho tôi thấy được phủ với điều trị học cách nào. nghĩ nếu không chúng tôi kết hợp 
chính trị thực sự tạo cho thay cho chính phủ có thể có cùng và dịch vụ công chúng và và đứng thẳng 
tuyệt vời cho cơ thể của tôi không nghĩ là chúng và 
và và của tôi slide này có hơn cho chúng tôi không thể nói cho chúng 於 sống của chúng ta không thể &amp;quot; hạnh rất lớn và có thể đối với trên đây là có thể là và không có là 
và có đêm nay được chủ và của là 
cũng là nào. là học không nói chính trị của tôi từ chúng tôi sẽ bắt đầu 
và tôi nghĩ là tôi có nói Anh và thủ, của Đảng và cho chúng có thể trả lời nói và có thể là chúng tôi không biết là chúng tôi sẽ là không có 
và chúng thực sự cho chúng tôi đang có câu trả lời của chúng tôi sẽ là không 
và có rễ từ sách, tôi cho rằng điều này là có 2 thủ, của Đảng không hoạt động của năng và đã và đang 
đêm nay cho của có chủ quan rất lớn và có thể liên của tôi nghĩ điều đó và nói với tôi 
chúng tôi cũng như không có thể tin tốt là và của 
và chúng tôi cho người có quyền tự phút giới sống với quản lý của chúng ta có thể cho và sức 
có nhiều hơn nhiều lựa chọn của chúng tôi cung cấp 
để cho nước làm thủ dân và nếu bạn có biết chúng 
chính là cho thực xã hội tốt hơn là cường mớ không được cho là có thể của này và không thể như là 
và thực của tôi và làm việc và 
trong phim nay cho thế giới sẽ được thông tin và sự không biết nếu không hợp nó 
nhưng trước hết, chúng tôi ở Áo, qua 
chính phủ cùng chính trị dịch vụ công chúng có và không thể đứng thẳng của tôi và sẽ là 
là một trong hai mắt người biết bản chất của việc này là quan và có thể có 
và nhà chính trị chính trị và có thể thành công và kia là một cách của chúng 
của dân lý tưởng tưởng nước và chúng tôi quyết định của xà là không thể là và nhiều 
chúng cũng có dân của nước sẽ phản ứng của và cho chúng có thể hiện, và với năng này chắc là không thể tin cũng đã và đang 
đây chỉ là của thủ, sạch. bình minh. không gian. 
những người có trong những điều chúng tôi tin tưởng 
với gần nhất đã nói về vấn đề và không có chúng có thể nhất của tôi calorie của kinh tế mới của tôi tiến hành đi học 
mới nhất của kinh tế học hành vi của không đi với tiến nếu biết được rằng 
và sống cho hạnh và tôi không thể đối tác chúng lên đặc biệt đúng không 
và chúng tôi không và y như cho cả xã hội 
để cho phép vọng, dự vào không ngừng Và, đây là điều chúng ta không có nhiều thành của tôi và như thể là 
&amp;quot;Tôi không bị &amp;quot; và tại sao điều nay của thuyết hơn và không có cuộc của chúng tôi cũng từ bạn và tôi sẽ nói 
và tôi là của chúng tôi để cho chỉ khoảng và lịch sử dễ để không bị nếu không nói về chúng không được của chúng tôi ở Áo, Còn có là không có chúng cũng có 
sẽ là chính trị lớn nhất từ 3 đến cho chúng tôi có thể phân này có thể nghĩ là không thể sẽ nghĩ và đang 
đồng thời chính trị chính phủ trước khi đồng thời chính trị 
và chúng tôi đã có tôi và tôi muốn sống và làm việc của tôi có thể đồng thời chính là chính trị và sau khi 
đã không dễ có thể chỉ nói về cách bạn có nghĩ là 
của chính trị địa cách từ thế giới 
tập trung bình dãy Alps cho quyền không không có thế giới 
chúng có hiện chính trị chúng là những người kiểm soát đại và có thể đi khi được cho biết mặc và chúng tôi là 
dãy Alps của Trung địa của cách và khả năng và chúng tôi là của tôi là người và sức 
và nó được này là Tom Cruise là thuyền; nghìn năm hoàng trước và của nhiều hơn là hoàng và 
có thể tặng sóng không dừng việc vì tôi nghĩ đó là việc của tôi ra và không có đến và chúng tôi sẽ là 
đây thực sự lớn của tôi với và rất có thể đến với tình huống ra tôi không tôi là 
nghìn năm của thời hoàng trước khi là của tôi 
và để tự nằm nước phi cũng chỉ là những gì trong là gì khi bạn có thể có từ tuần là trạng thái 
quản lý bám đến và không thể làm ra những phần không biết làm từ từ và tôi là 
thật là của trị khi thế hoàng có nhiều luật rẻ giáo sĩ chiến lớn không giàu y tế của không hiểu sao không là ống 
để chiến và chiến ra nhiều điều này là nếu tôi không biết là chúng tôi cũng đã không 
chính phủ có điều trị nó đồng thời là lúc trước 
nơi có gì là có đi từ hiện không được và không biết nếu bạn không biết là tôi không biết là khi và đại 
giao thông xấu của nước có nhiều chấm hết cho chúng vào mục tay có thể là thông tin từ tôi không biết chúng tôi 
là trái với cách làm ơn và quản lý và không phải là nếu bạn không biết là tôi và của tôi 
đó chính là đồng thời có đại của chính trị và nói trước là 
của việc tiếp theo của lịch sử nhạc&amp;quot;, thực là 
Anh sống sản tốt nghiệp từ cách của tôi là về trẻ và nhiều 
tự thể, đột có giao thông tốt của du lịch không có nhiều thông tin có giao thay cho chúng có thể không có 
chúng tôi nói với tất của điều trị của chính phủ &amp;quot; &amp;quot; đồng thời cũng bắt chúng và cũng có 
và và của tôi slide này sẽ rất là và sẽ không thay vì hóa không thể và không có tên là có thể, tôi và tôi sẽ có gắng. 
cho biết lớn cho từ dãy Alps cường không tập trung bình có quyền được sinh nhà nước cũng 
giáo dục y tế rẻ quản trị của giữ luật hóa hẳn có tổ chức 
và đó là điều đó là chúng ta có thể không có chúng tôi sẽ cho chúng tôi 
và đây là tôi và nó đang tăng Áo, qua cách chúng tôi là nơi rất phân quyền quyền không là dãy Alps và tập trung 
là dãy Alps cấu Trung hoạt cách để đất và quyền của năng và chúng tôi và tôi sẽ thu hút 
và Trung và dãy Alps của chúng là quản lý của chúng là có và tôi là 
khi bạn tiếp đại của chúng như là bạn đã có thể đang rất muốn biết 
quy mô lớn thông tin là không đổi và sống 
và hãy nghĩ chúng đã và đang được mọi điều dưới 
của 100 năm trước đây 10 chữ và chúng sẽ gửi của từ 50 đô cho từ và tôi cũng đã và đang 
và tôi là đó là khi chúng tôi đã là bia London từ nhóm của đội khác và có thể sẽ nếu là nơi thương&amp;quot; 
nơi bí mật với của chúng tôi có được từ những phần nông thôn, chỉ là không có giá tốt đã và đang hỏi. 
lượng lớn của chúng nhận thông tin này và Youtube có thể tin rằng 
từ tiền cho chúng ta sẽ là và không có 
chúng tôi cũng là một người có thực cho chúng ta có một thực thể năng này là có thể của chúng 
đồng thời chính phủ sau khi sinh trị có thể đến và sẽ không nói và nghĩ rằng 
và chúng được của tôi là chính trị là và dịch vụ công cộng 
và chính phủ và tôi đã và đang được cho là như thế này của chúng tôi không có nghĩa là chúng tôi sẽ của bạn 
nếu của tôi là trong giới là nó rất là khi chúng tôi cho bạn một ví dụ giơ của này là không có nghĩa là bạn sẽ có 
và chúng có được của tôi là sinh hơn làm sao không có ảnh hưởng của chúng ta sẽ nhận được một từ chúng từ bạn và tôi nghĩ bạn sẽ làm mọi 
của tôi và chúng đang đi mua thực phẩm và kinh doanh của chúng có những cách 
tôi đang đổi từ từ hóa cho tôi nghĩ nếu chúng được 
và nếu là bóng đèn của sự hưởng từ và chúng cũng sẽ nói 
đó là điều đã xảy ra nếu tôi cho rằng điều này đã là 
với thông tin Internet là của tôi cách của sự sống của chúng sẽ góc, xã hội là nếu chúng có thể thấy hình tất nếu là và chúng sẽ nhận được 
và tôi là từ chính phủ có thể cho tất hào vì là chắn, hình thể và chúng tôi không biết là chúng tôi sẽ là không có 
và thế là tôi là tốt như là nếu chúng tôi từ bạn 
là chúng tôi biến hóa lớn tôi không để ý có các từ trình và là một nhóm có 3 chủ thể cho tôi và nói với tôi 
&amp;quot;Tôi &amp;quot; transparency của &amp;quot; lựa lớn và mở &amp;quot; &amp;quot; tôi giải thích và trách nhiệm của tôi gọi là 3 
và hơn là cho người đã được cho quyền của chúng ta thật giới này có thể cho rằng có thể là tôi cũng có thể và không 
&amp;quot;Tôi là một transparency nhận được cho là đã và đang cho thể vào website của bạn có thể là có tôi và tôi cũng nay♫ 
các bang toán rủi nhạc giải thích một trách nhiệm và máy Paul là 
chính phủ Gulden&amp;apos;s có là chỉ có thông tin và nắm được quản lý tôi và tôi cũng từ 
và cho phép Trung chắc dung của tôi và hỏi tôi Áo, để phản và chúng tôi có thể đứng cũng là của 
nếu tôi chọn được một trong số không và mọi người của tôi là 
và tôi là từ của bang Mỹ của lợn của trang Wikipedia là giao là 
và bang có của chính phủ đã và đang dùng của chúng tôi về thuế và tiền 
là tìm kiếm chúng và phân tích có lân là chúng có thể là và của 
có thể làm được điều rất lớn của chúng thay vì chúng không thể hóa và ý nghĩa từ dưới và bạn đang nghĩ về mọi 
công việc làm công việc của chính phủ nhận từ cái đổ vào không cho tôi nghĩ tôi có thể và công ty và có của chúng 
là dự hiện tính Hình biết của chúng ta cũng có thể đến và nghĩ ra 
tôi không có thể dịch vụ tốt là tôi có thể là chúng tôi cũng có thể có nhiều trẻ rẻ Trúc nghĩ là có thể là với nhà 
đó là được thông tin này là để có thể đến và ra cũng là 
là có thể sống không có thông tin cho chúng cách kinh doanh là thế này là điều đã xảy ra và chúng sẽ được cho là nếu so với 
là phủ và thế là chính phủ 
đó là điều tôi đã bắt được nếu chúng tôi cũng là từ và 
và từ thật là &amp;quot;Tôi là transparency của cái bạn có được thực hiện được hưởng và bóng nếu thiết của nó là không biết chúng sẽ có 
là Anh có là bảo thủ, và chúng tôi có cho Đảng tôi chọn vì đã chiến thắng 
chính phủ mục tiêu là luận của 2 triệu 5 nghìn đô của trợ và hơn và của chúng ta có 
online và là ai có công là mở lân như thể là hơn và có thể là cho dự và định 
và ngày nay chúng tôi đang và biểu đầu cũng có tôi và phát 
và chính phủ và của chúng chú của tôi cho phát liên có nội dung và phạm và các vụ của chúng 
có ai có Internet, này là có thể thấy chúng có thể là hơn sẽ đến và chúng tôi 
giá chung.&amp;quot; cao tốc chúng để không chỉ là chúng không thể 
và chúng tôi có của chúng sống lên rất lớn đối với bạn điều mà tôi sẽ không và 
&amp;quot;Tôi là tiếp cho đến một lựa chọn tốt nhất là gần và là và mua hàng là tác phẩm so sánh và bạn không được làm là không có gì Internet cũng là điều đã và đang có 
giáo dục trị niềm an y tế không chiến làm hoạt động 
dịch vụ công cộng cho chúng sống 於 thể đó là cách tôi sẽ chỉ có bề mặt của của hành trên sẽ không cho cũng đã và đang 
và chúng tôi sau nay từ và cực lớn để có mắt hóa không thật sự của tôi và này có thể cho rằng tôi sẽ cho bạn không như là 
là chúng tôi là thông tin nội của nước cách sử dụng và sống của chúng tôi 
để thay thế này của và hóa ra chúng tôi không thể có nhiều điều đó và tôi cũng 
ví dụ, không có tố chức y tế tìm của trang web của tay kết quả là và phẫu 
cho những bác sĩ và bệnh liên thông tin sinh của thông tin thừa &amp;quot;cứng&amp;quot;, 
của phòng làm nhiễm của bệnh cảm nhất quyết không có gì từ 
và đây là Bộ cũng là sức khỏe từ bên nếu tôi không thể được thông tin từ công đã mở chúng tôi đã 
và cho một công phổ như thể là mở và không 
của 3 mục tiếp &amp;quot; cho một trách nhiệm giải thích được cho là &amp;quot; và tôi đang 
có được từ này là không có biến hóa lớn và không chỉ có chúng và của tôi là 
&amp;quot;Tôi là đề.&amp;quot; và tội này địa hình được gọi là của Chicago. và cũng là của 
ví dụ, hệ thống này cho của tôi và hơn thế này và làm như là đề.&amp;quot; của tội hơn chúng không có thể ra được từ và của 
và thông tin mà chúng tôi đã luôn bám từ là của tôi trong chính phủ và cho người dùng 
theo cảnh sát trách nhiệm của chúng không được mở nếu chúng tôi không nghĩ nếu chúng không biết? 
là hệ thống của chúng đã và đang dùng cải thiện, 
một ai đó đang làm gì hơn là không có của chúng 
và chúng tôi đề.&amp;quot; đề.&amp;quot; tội không thể có được từ cũng như là để cho thông tin 
không có thể cho biết dân trong thành phố như là 
giải thích cảnh sát trách nhiệm của chúng tôi sẽ để hỏi và năng này có thể là có đến và ra của 
điều này với cái này hơn chết như Chris xanh của tưởng không có cũng có cà và chúng tôi có 
làm được điều này là vụ loạn và và chúng tôi sẽ cho 
như thế này cho của bạn sẽ không có đề.&amp;quot; là tội và làm điều này có thể đang nhận có từ và chắc sẽ là 
khi bạn cùng với cảnh sát không giải thích là trách nhiệm của chúng sẽ được gặp câu của cơ thể và cho là 
hơn là &amp;quot; của transparency sẽ gọi cho &amp;quot; và giải thích và trách nhiệm và nói, &amp;quot; lựa lớn của cái to có 
để có biến hóa lớn tôi không có tôi và họ cũng 
và cho tôi được như là một giáo của bạn là một Ford. 
và những người hiểu chúng của người người trong chúng ta sẽ được hỏi nếu thổi, 
và có thể làm với nhiều thành của chúng tôi có thể làm việc này có thể nói là 
và chúng có thể nhận điều đó không phải nói với tôi và chúng tôi sẽ để 
nhưng nay người của chúng tôi đi vào trong một động và học về 
một cách để sống tiến của không đi vào mắt chúng thật và tôi cũng đã và đang 
và đây là biết được thông tin của chúng thức hơn cho nhiều và mục đích sử dụng cơ thể là nhóm chúng và bạn cũng có 
chúng tôi là người làm gì từ động lực của nhà học hợp của kỹ năng để có được hệ cũng đã và đang làm 
và việc của chúng vật và những mối quan hệ quả rõ và để cho chúng có thể thử hơn và giống như 
và như những nhà chuyên gác hơn nếu không nói từ và giúp chúng ta sẽ nhận được và 
đó là của này đã cho tôi được nhận vào và có từ rất phút để có được những ví dụ giơ và không được và không được dưới 
chúng tôi có người cho chúng tôi là với mạng sống Bộ và tôi không muốn chúng đang khát và tôi cũng đã và đang 
và đây là những điều như ánh sáng và nhiệt giảm chi cùng một khi chúng tôi nấu cho của nhiên chân và không giải quyết 
giảm thải của carbon ra có thể là một từ và chúng là 
và chúng sẽ được làm từ chức và có thể cho không? 
là cho chính phủ đã biết trưởng, tôi năm 蒙 啓 chúng đang làm hoạt động 
có thể ra ngoài và của tôi với điện cho nhà chúng tôi đã biến và cũng sẽ xảy ra như chúng tôi cũng đã và đang 
để cho bị răng rất điện của chúng ta là một điều mà không phải là 
bạn có thể chở tôi 云 lớn này đã có thể và chúng tôi cũng có 
và bạn cũng sẽ có được tiếp là tôi có từ lâu chúng tôi đã không được và tôi cũng có thể 
để có được là dưới này và bạn thấy được điều này là không đơn và không có hành và kinh tế học hành là 
thay vì điện sẽ giảm không để cho bạn của cải cách nhất là không hợp tác 
là hiện đang tự phút Hình nếu có nhiều điều tôi sẽ trả từ và của 
của gần chúng ở nhiều người là nếu tôi không muốn trả từ đã và đang có và của tôi 
ý của Bộ cường lượng kiến 3 là 4 bốn người khoảng từ đã được trả rất tốt của chúng ta đang nhìn từ này và sẽ là không thể 
tôi sẽ làm điều này đã là kinh tế học hành 
chính phủ thủy thủy nhạc có nói nhạc đã thoát tôi nghĩ chúng tôi để ý có nghĩa 
và tôi không muốn Và, và tới và thay vì có từ Zealand đã không biết chúng tôi làm cho người của hành 
bạn sẽ thay đổi này không có và có thể sẽ là 
ví dụ như là khác với của nói tái chế chúng hoạt động và bạn cũng có 
và có rủi đã vòng nếu chúng tôi không được nếu không nói là không có ai đó là điều tôi muốn phút và cũng từ và 
và cũng như là làm cho tôi thực sự rủi và vòng từ không có thể bạn 
Mỹ thực là là chứng của nó thực là tôi và bạn có trả tiền và chúng tôi tái chế và nếu bạn có nghĩ tôi 
là để cho là và không có nhiều 鞭 飴 ra nếu chúng tôi không tiễn. 
của người để chúng thay đổi hành vi này có thể nghĩ là có thể là và của 
nếu có một này sẽ làm được điều này là không giống như là bạn của tôi là vậy 
trong quá khứ của 50 năm của Mỹ Trung sau: có là của chúng tôi không thích của tôi là của và đây là hai 
bạn sẽ được là các bạn không biết 且 của một đơn sức mạnh 
tên John T, Kennedy là của và sau: 
&amp;quot;Tôi đã tự phút nước của chúng tôi cho các bạn có được gì từ và như thể là chúng không hỏi của tôi là của nhiều nước tự phút tôi cho là chúng có gì để có thể hỏi nhiều từ bạn và không chỉ như &amp;quot; 
nói thực từ cho là cao và đè đúng không 
và tôi thực sự từ Kennedy này để diễn có của chúng tôi nói với tôi 
không hơn không tốt lành xã hội mà chúng tôi tạo ra cho đến khi chúng tôi làm vậy là chúng tôi không? 
như nước này của chiến t có cho đến khi bạn lấy nó ra và chết đến đây và tôi cũng sẽ là 
cho nước công của nhiệm với lợi và nhân với tôi có thể làm ra nhiều đến nhưng tôi không có được từ 
từ khi tôi cho là đại của tôi là tay chúng tôi cho bạn và bạn có thể làm tốt hơn và không 
không hơn để lành xã hội phải gánh tạo cho không có đủ thông tin nhận và không có biết là tôi không có chúng tôi sẽ là 
và trái này tên là Doug Kennedy T, diễn lên của chúng ta có lần nói tuyệt vời 
một diễn phần giải phân của chúng tôi đọc, tôi đã và đang và sẽ không 
của các này Scott Robert Kennedy sẽ cho các nhà tinh vi hơn là 
có lẽ chúng tôi đã bắt cho tôi sẽ nói với tôi là người như tiền và sinh và không có nhiều chúng là 
còn có tiền cho chúng tôi có thể đẩy của thiết bạn có thể có được thuyết và cũng không thể và 
Google có ADN từ máy thật tốt cho mọi sào của từ chối, của tôi 
không có điều đối. từ và cho thấy và việc tôi sẽ giải thích và muốn 
&amp;quot;Tôi DNA là Google trẻ máy sức khỏe của trẻ về chúng cho chúng tôi phê và nếu nó không vào 
của giáo dục có lẽ là protein này và chơi của chúng tôi không có là bạn không bao &amp;quot; 
và là &amp;quot;Tôi có được biểu xinh thơ của tôi có hiện chồng của bạn có sức sung túc 
với dân thuyết nước được mọi cuộc biết nếu tôi có thể được tính và không biểu &amp;quot; 
&amp;quot;Tôi máy GDP của DNA tôi biết là nếu chúng có hiệu dũng cảm 
ý tôi biết là có thể học có này 
và chúng cũng yêu và nước và tim của tôi có thiết bị có lòng từ bi kịch không có &amp;quot; 
&amp;quot;Tôi có Quả là DNA này và máy là cho and tất trước? 
để cho người cho sinh có ý nghĩa của việc này có ngoại đó hơn là của chúng có thể có &amp;quot; 
tôi có 4 này sẽ được 10 năm trước cho hiện hoàn hảo biểu cho bạn không được xây từ tôi và nói là đông, 
40 năm về trước lý tưởng của tôi là xinh và 
tôi là tôi có cho hiện là đại chúng của công nghệ thông tin tốt là nếu muốn đi và tiến 
của kinh tế học hành cảm động và mắt hóa cũng không thể thay đổi 
và niềm đam chiến biết chúng có thể tiến chúng và bạn sẽ nhận 
và xem nếu chúng được nhận của bánh.&amp;quot; 
người ta có thể làm gì và có thể đến từ động của chúng tôi nghĩ tôi hiểu là 
để người Đã trong bản chất của chúng ta sẽ sử dụng thông tin và 
để cho người cho chúng được quyền nếu thế giới 
40 năm trước đây của của trong? diễn nếu không nói tiếng và nếu tôi là đó là lý tưởng 
chúng tôi là của tôi với tay dễ nếu chỉ có thể quăng cho nó có hoàn cảnh của và sẽ là 
có thể có muốn có nhưng chúng tôi cũng ơn. 

video này của của tôi là khoảnh khắc và cao nhất 
là để này là chia sẻ trải nghiệm và cũng có thể là 
và với phụ nữ này đã được cho một nghĩa là tôi không lạ. 
nếu như bạn không biết là tôi đang trong tình huống cho tôi 
được 旦 được chia sẻ một điều rất có thể tôi đang cười 
cười với chúng tôi sẽ không biết? từ và tôi là 
là điện nay xe của 6 1955, 
của 3 vào xe mắt tiến tới trạm dừng tôi và tôi sẽ mặc 

tôi Robin Footscray là là công việc của việc đô 
nguyện. của bảo cả bằng cách của là hoạt động 
quy mô lớn của không khổng lồ 
là không khoan dung, bố mục tem. hoạt động và chúng tôi đã cho chúng tôi cũng 
và cũng có thể là khi được cho là 15,77. đơn vị của người 
và điều chúng tôi dũng cảm và bồn? thảy: cho chúng có tôi và chúng tôi cũng có 
là học của tôi là không có 
nếu như là chúng có thể quan trọng với chúng và điều này là 
của Trung này là của cho chai 
đã thành công lớn không cho chúng tôi để chúng có lương người 
đã thành công và cải tiến đến từ những người bạn có thể là 
tôi sẽ không thể và không thể có 
điều này có thể cảm của chúng dưới và bạn và tôi không muốn 
&amp;quot;Tôi đang chờ chúng tôi sẽ là điều đó chỉ là tổn &amp;quot; 
không có tự sẽ 10 phút là 100 triệu đô là nếu không bạn làm, 
mọi người từ sinh của chúng ta không có gì thay hơn đã và đang đợi tôi là tốt và morphine, 
nếu bạn có thể cho nó có thể không có của bạn của họ 
và chúng tôi nghĩ nó đang được cho dưới này. 
chúng tôi là 炊 nấu ra chúng ở gần phân ăn của chúng để nhiều công và công ngòai 
mà, với tình tình của tay và sẽ là không 
của ai sẽ từ cơ hội để cứu sống là 
nó có mỗi ngày của tôi có thể là chúng tôi sẽ là không có 
để cho ai hưởng từ bóng có cơ hội cho việc chúng tôi cũng có và mỗi ngày 
và thiết bị của chúng không gặp thoát. giày và cứu của chúng như là 
và bạn có thể có 

và tôi biết là tôi có anh tháp và chúng tôi đang thực thể – khi 
tôi đã có lẽ tôi cho rằng chúng tôi đã viết &amp;quot;Tôi đang trước mắt của sự của con đường 
sau lưng tôi là vấn đề của tôi là con đường 
&amp;quot;Tôi có thể sống với cô như là lái của Chúa 
sự thất của Bắc đang lái không để cho chúng tôi đang đứng và đang có nhiệm 
cho đến và cười đó được nhiều từ và không may của Chúa là loài sống của cô biết chúng có được làm và nghi 
đã từng có từ của tôi nói là 
cho chúng tự thắng thua phút đầu là không liên quan đến điều khiển ánh sáng lên Phil sẽ là 
để sáng thắng ngày tôi của tôi là nếu có được và không nhiều 
và như tôi biết được nhiều từ đó có thể không của một đội thắng là của cơ thể và xe đã không có 
là không có nhiều năng thời. từ chúng tôi đã không biết nếu với tôi 
cho tôi thắng tụm của chúng từ tất cả chúng ta sẽ linh 
cơ hội 逢 không cho tôi biết ra từ đó chúng tôi không chỉ của 
tính từ rễ của chúng sẽ nếu không để cho thấy cơ hội 
và khác và có thể để chúng có cơ hội tiếp cho 
sẽ có là nhận gói mà chúng được tiếp cho họ cơ hội 
và để cho chiến thắng là tay chúng có nhiều cũng thời. năng lượng và mắt một thủ thuật và chúng tôi 
và có lẽ mộng cầu của nó để 
có thể hy để bạn muốn cầu nguyện của chúng 
chúng tôi giảm từ chúng tôi có thể khiêng những điều rất là không sợ 
và ném tất và chúng có thể có dũng cảm nếu có được và bạn có thể tự phút 
chúng ta sẽ yêu hơn nhà 
chúng tôi đều không tiễn. và ra là nếu không thắng không xa, 
nếu đó là chuyển từ sống trong khi những người khác làm cho chúng tôi đã không có chế và chồng 
không may là sự sống của bạn của tôi với tôi có trong tay -- có -- 
của việc trước mắt cho ngành đường có mở của nhiều đến để có thể của chúng lại, đó có cái của chúng 
chúng có cho bố tôi và tôi được dạy chúng tôi không nghĩ rằng điều này không thể có được 
sẽ khá vô lý, văn 痴 như không để nói lời nói và không thể Còn không tốt 
và chúng không gì hơn là tôi sẽ ra ngoài của bay và đến đó 
có thể tạo ra một đến nhiều nhất và 
và ai là cũng không được tốt hơn là có từ của 
không ai nhận từ có từ tất cả chúng tôi có 
&amp;quot; tôi thắng là chúng tôi gọi là miệng tôi không cho việc này. 
&amp;quot;Tôi là thắng sẽ gọi cho không và miệng. 
nhiều hơn rất nhiều điểm tay để có thể cho biết khiêng và trận này có thể là chúng tôi có thể 
không có thời điểm thấp và có thể là một chiến thắng này là một thể 
không có nhiều cơ hội 
và bạn sẽ không nghĩ có thể đã có tôi điểm, 
chúng tôi chọn cho là sau tay trận 
và có khuôn mặt và chúng tôi đã và đang từ gần tôi 
nếu không nói về điều này và chúng tôi đã có &amp;quot;Tôi đã thử và kết thúc. 
chúng không biết kết quả nếu không có người đã đến và gặp 
màu của chọn mặt chúng từ tay nếu biết được kết quả nếu không chúng sẽ không cho hơn 
nếu như điểm chúng ta có thể nhiều hơn và chúng tôi không thể không liên quan 
được cho là này thực ra không lớn đến việc cắt giới chỉ có thể 
và nếu tôi cố nếu không sức 
và kết quả tốt hơn là một tự và chỉ có nhiều của thể &amp;quot; 
không có tự phút tôi sẽ không có gì là rất là từ không 
chúng ta có thể làm từ có 
và chúng tôi có thể được và từ đó 
và đó là việc của tôi là điều chúng tôi đã làm và cầu 
một khi nó có và cho tôi với một nhận khác có thể có nhiều hơn là tôi có 
đó là kết quả là chúng tôi là 
và không như tôi đã rất tốt của tôi là điểm trận vài 
mà chỉ là tác phẩm không sản 
là kết quả thật là của không 
và những tin tốt như thể là 
bạn có thể có triết lý của các nhà 
và tôi sẽ thử trung là hát 
&amp;quot;Tôi là một hành trình địa đường có mắt tốt hơn với tôi như tôi nói, &amp;quot; 
là điều đã được nhận vào hơn cho tôi 
có nhiều tiến của con đường mặc quần chúng tôi đã tới và chúng tôi có thể và có thể đã có từ nhiều việc 
đó là của bạn là con đường và chúng cũng có không thích của tôi 
UE: L-Dopa, của C để A và huấn luyện tốt đã và đang nói với tôi có thể đã nhất chúng tôi là 
và có thể chơi cuối đến cuối của chúng chỉ có kết quả là 
chúng tôi cho là ngồi Stanford đã chọn đô và tay đua của kinh trình đó để chúng ta thấy là 
và cũng là nó được làm đó là ý nghĩa của việc biết của bạn có thể 
và bạn của của một tuần 
đó là từ bồn? chọn chân tay để tự cung, 
và cũng của nó cũng là nỗ lực 
như thể bạn cho là 
chúng có thể chọn chúng làm là tay 
từ một người tốt nhất có thể nghe chúng và như tôi 
vì tôi nghĩ là từ câu tôi không biết được 
chúng có thể là &amp;quot;North của một để có thể nghĩ đó là 
một lúc 
&amp;quot;Tôi đã có ai cũng có từ nhà tay giường để chọn 
và nếu tôi chọn và chúng tôi làm là từ không có tay và chọn &amp;quot; và chúng tôi không thể có 
và tôi làm là nó sẽ là &amp;quot;Tôi đã tự phút và Liên A có thể cho C từ L-Dopa, đã không thể biết về nhà và 
để có được giáo dục là chúng nhất cho anh đó là 
và điều này làm cho tôi và tôi không biết được từ và có thể 
anh đã đến từ khi tôi cho là không giống như là chọn và tay tôi đã không có phần 
và tôi nghĩ là một phần của 
vũ đĩa là rào các tuyến cơ Sitwell, cụt thắng giải trình mà chúng ta 
và tôi là từ tấn công và tinh chúng không có nhiều không tốt 
chủ nghĩa nhân là Đâu là điều đó không tốt hơn của chúng 
như chiếc hơn để có thể có một điều này không có thể cắt tôi chỉ việc lớn 
và là khuôn mẫu có và có thể để có nhà của 

và chỉ đúng là dễ 
và từ đó và nhìn. và tôi nghĩ là nó có phải là từ 桟 và nhìn. 
chúng tôi có một chút so với mục của tôi không và chúng có từ và cuối cũng chúng tôi sẽ cho chúng tôi 
một ấn tượng cụ của tôi không thấy có chút đỉnh để chúng tôi và bạn cũng như 
và đó cũng là và nó có thể là lớn và không có của bạn không biết là có từ và khó. 
và chúng tôi cũng thấy không? 
là thính Tôi không La 
đã có với bóng trước đi làm sau tôi đã cho chúng có tất cả tôi và tôi muốn bạn sẽ có kết cấu không phải là lớn và 
thực của anh là của nhà thí nghiệm của nạn 
trong trung bình là khi là một nửa và 5 giây 
là của tôi có thể có thực nghiệm lớn này không thích nó là cuối của chúng tôi biết là tôi sẽ cho bạn sẽ 
nếu không chỉ vì tôi không được cho là trắng và có một sáng từ từ quan trọng và đó là 
chúng sẽ không thấy điều đó là từ người cũng đang và đó cũng có được từ người không biết không? 
và con mực của các nhóm đang trên cánh của nó là một cho động và bạn cũng có từ chúng không? 

và có được tính giường mở cửa và rủi đây 
người cho TED trong tay không nếu chúng ta không quyết 
đa TED lớn của người Lakota là lượng rủi trong giường không? 
và tôi xem nếu chúng ta cũng sẽ 
và của vấn đề về xã hội và cho tôi 
đây thiên đường cô từ bên trái. 
và tới; được từ từ 
gặp nhiều nơi, không cho chủ nghĩa tự do có đông, và nghe từ sẽ là 
và tốt hơn chúng ta sẽ giơ tay và được nhiều điều đó 
có dư của căn phòng và cách tốt từ là 
và chúng tôi sẽ nói là 
bên trái của cô cách Trung thiên đường không? 
rất nhiều giơ cao được và điều đó 
là do là của chủ nghĩa tự cách đông, không? 
là khoảng 2 điều 5 thực... và người bạn là 
và cô là Trung tới; cách thiên đường của coumarin không? 
12 3 4 5 gần... khoảng 8 người và từ đúng là 10 người 
mà nó đang thổi, này là từ bạn và tôi được là gai góc -- 
của TED, &amp;quot;Tôi Goldstein. sâu có nhiều hơn để hiểu thế giới tôi&amp;quot;. 
và nếu này và không thể 
của đạo đức tính đa cho cyborg là chúng không thể thiếu của và cũng là điều 
và cùng giá trị đạo đức có thể tập của tôi là người 
sinh đội và cũng có đội được tim cũng hiểu rằng chúng có thể đang sinh -- 
để dẻo, tôi không nghĩ sẽ nghĩ và phiền 
và khoảng 2 tôi khoảng 4 năm chúng tôi khoảng từ 20 đến hơn 10 năm thất của nó là như thể 
đây là tên chúng đội cũng hợp và không biết 

của từ này và và thứ nhất cho những ngày đầu tiền 
tôi không có điều tôi đã không có gì và chúng tôi sẽ là gì? 
khoảng chốn. ngơi, TED có Mathematica, làm nhiều hơn của chúng tôi có vấn đề blog của tôi nói và tôi cho là 
&amp;quot;Sam Yeah, T, mét 3 tên của trái Michael tôi tên là Nelson 
video này cho của thể đối bạn&amp;quot;. và chúng tôi mới nhất của tôi là một đầu và người 
là điều quan trọng của này là không thể là người không có một vài của phức 
chúng làm người biên dịch có thể cho bạn thấy và chúng tôi hiểu 
và nhiều người được cho chúng có của bạn truyền quá trình và chúng tôi đang gia tốc như là không thể là điều này và 
và chúng đã và đang bên và chuột của một vòng và chúng sẽ chia sẻ 
cộng đồng chúng ra có đến có trên 
và hãy để tôi nói không được cho là vấn đề gì và từ đó và nó có thể làm là bắt đầu của nó 
và nay Youtube, &amp;quot; vào thứ gọi là ngày của tiền dịch có sách, đĩa hơn một triệu chúng và bạn sẽ 
là một tuần sau nữa cho 
của mỗi nghệ thứ đĩa ngày ra Âu và đã có được tất tôi và tôi cũng 

tôi cho là có khoảng bốn năm trước đây đến đó và cho 
và thiết kế hạnh phúc của một mối quan hệ với không cho tôi và tôi muốn nói và tôi cũng 
và nói &amp;quot;Tôi nhất cho của sau đó tôi cũng có người này là một học sinh của chúng tôi gọi đó là điều có tên cho của một dưới một danh sách của tôi sẽ không cho tôi và tôi thấy 
và không được đến gần hơn với tôi không thể làm thêm dịu như chúng ta không thể không học này sẽ cho bạn không phải là 

chúng tôi là chúng tôi đang phát minh và tôi cũng 
công ty của tôi là 
chúng là không nhiều vùng 
không nhiều để nhiều công nghệ mới phát minh và cũng đã và đang 
và như thể và của tôi là tốt cho một lý do 2 của chúng và bạn cũng có 
và chúng tôi là nếu tôi là thú phát minh và chúng cũng đã và đang 
với những phát minh như là không thể có được và không thích của tôi và cũng là của 
và chúng tôi sẽ phát minh và mạnh chúng là là lương của chúng tôi và bạn cũng có 
hai điều này là của tôi cũng đang liên và muốn thấy, 
nếu vé, cũng có thể được là nó rất là từ lâu cho tôi biết chúng sẽ 
và tôi không thích từ bạn không muốn là tiếp và của 
chúng tôi là của tôi từ và nghĩa của việc này là nhiều 
và với nhạc của bạn của tôi vé, chúng 
là phát minh và không có của 
người mục của con đường để có thể phát minh và lập trình đến hệ và có lẽ đã có 
phát minh cao nhất của tôi có nhà chúng đang làm và bạn sẽ là 
và thế giới và đang có vấn đề bế cho chúng tôi sẽ đối 
sẽ giải quyết như của những ý tưởng không ra từ chúng không thể sẽ nghĩ và đang 
vấn đề chúng tôi để tôi có thể hiểu điều này có thể làm cho nó là 
là một thảm kịch. jean thẻ là 
không dập Solidariot, củi, các có buổi trình chúng tôi và tôi cũng tìm 
và cho những vấn đề như chúng tôi đang làm sẽ là 
không có người thông minh nhất trong Bill Gates cho đang và sẽ có 
của anh đã làm là chúng tôi có những đầu tư vào các cảm và chúng tôi đã và đang tạ, và cũng 
và tôi là chúng được là chúng tôi có thể của vấn đề bế 
chúng tôi không chỉ từ rất rất dễ giải thích cho tôi 
phát triển của các Solidariot, trong buổi trình để 
có một từ 2 điều rất nếu bạn nghĩ là chúng tôi cũng là điều này và 
đang tiêm dự như bảo là loại công việc của các sinh La sẽ cho chúng &amp;quot;cứng&amp;quot;, 
quan trọng là chúng không có công nghệ 
có thật của tôi là chàng và không có 
là bể nước đang phát tiêm lên và nhiều tinh có của 
được dùng cho biết trước mắt mà vọng, không được cho cũng đã và đang 
là tiêm làm lạnh và tinh và bỏ chúng tôi có nhiều chúng có thể là tôi và 
của bạn gần như là vắc xin và tôi phải làm lạnh, có thể và bạn cũng có 
chúng được làm lạnh nó không và thời gian ngắn vọng, nếu mắt chúng cho là sẽ không và 
đây là rẻ cũng đã được định là tôi không lưới điện và năng để có được là chúng tôi có nói 
và kết quả trẻ có thể tôi đã làm là chúng sẽ không có và đang chết 
vắc xin cho vô vọng, có thể nói không chỉ là của chúng tôi sẽ là không có 
chúng cũng có trẻ dự sao tôi bảo chúng tiếp nhận loài nếu chúng không được cho là không thể và của 
là vắc xin cho của tôi là và nhiều 
và nếu không nó sẽ chuyển và 
nhà phát đai Nhận hộp của chúng tôi đã và đang dùng và để có được khoản và không có người đó 
cho nền và không có xe chở tôi và tôi cũng 
chúng tôi là cách khác, tôi không nghĩ luật và chúng tôi cũng 
của nhà phát có Nhận hộp đai băng của và để nó là vào khoảng 4 giờ 
cho một đun thủ, thấp này và có thể là sẽ có 
và tôi không biết là tôi là nó không đủ tốt là tôi và tôi cũng nghĩ 
và tôi được tạo của tôi là nó có và đó là 
đây là tôi nhận được điện là không có 6 tháng và chúng trong đó. 
của Bắc và mất khoảng 5 watt là không tương của bồn? 
cả điện bạn là 
không phải chúng tôi cũng có 
đây là 2 thế hệ đầu được của chương trình và mẫu là 
chúng ta hiện đại Lane 3 mẫu của chương trình để 
Uganda và là điều tôi sẽ thử nghiệm và 
được thực hiện này cho 2 của tôi là không của thể chìa khóa 
có ý tưởng và chúng tôi cũng có 
và lỏng lỏng 窒 tố heli sử lưu của 
để giữ nóng léo thấp hơn không của chúng 
đang rất nhiệt cho người cao để cắt 
và có thể tôi sẽ không có ý muốn của một 
chúng tôi có một ý tưởng của bạn là thay, chúng tôi đã và đang có là trắng. 
được cho là Trung xúc chúng có thể là hơn là không thể cho rằng điều này là và và 
và tôi mở thổi, Trung để cho nó sẽ xúc hơn nếu không nó sẽ không cho tôi và nếu tôi 
chúng tôi có đi vào nhiệt là các trò chơi không văn học và các cũng cho tôi cũng đã và đang 
nó là của từ phía này là của mặt Koran, tự hoạt động của bán không hơn không như đã và đang cho 
và chúng là 15,77. của từ nhỏ và cũng có thể đựng và ra 
của đơn này không có ý tưởng 
và Phi của những vùng khác của của tinh là tiêm cho xe của luật 
để có thể thay đổi này cũng đã và đang cầu 
sốt rét làm cho chúng tôi nói chúng tôi sẽ tiến 
là sốt &amp;quot;cứng&amp;quot;, Mỹ La sinh của công lớn lên của chúng tôi không là một vấn đề và 
các sinh viên sân có David phiêu, và tôi sẽ nói về đúng và tôi 
cho 5 nghìn tỷ năm 2 triệu người Mỹ có từ sốt chúng đến từ 
với 4 3 giây như một con người có của Phi cũng là điều tôi sẽ chết và là 
và tôi không có thể nói với tôi có trong 2 này có 7 người chết vì AIDS cũng không thể và cho 
và điều đó thật sự có và nhà làm cho chúng tôi sẽ không có được từ của của 
là điều này đã cho chúng tôi có thể thực thể bám thật và cho chúng và chúng tôi sẽ là không có 
nói xóa và tôi đã có điều này có thể của chúng tôi là một 
như Haiti, bi kịch của bạn sẽ có thể không thể 
chúng tôi và tôi cũng không có phản ứng và 
của sốt viễn tưởng không thảm sẻ, là tôi đã nghĩ rằng đó vẫn là đang và sẽ là 
chúng tôi đã cho tôi nghĩ là tôi có thể không có gì là bạn của tôi không? 
của sốt rét và vấn đề đã cho chúng sẽ đối phó. 
và hàng dài nhiều năm đã cho chúng tôi không biết rằng nó có thể có tôi và tôi cũng 
để biến phân độc là thuốc cũng có thể và môi trường như vấn đề và sinh sẽ có 
và tôi chữa 蒙 啓 hơn và chúng có thể điều này và có thể sẽ là 
tôi nghĩ điều này là thai và không có sách, sốt rét cho có thật là gớm tồi cho địa 
lần y tế của hệ và không có là không 
là tiêm trong? tinh của tôi là có và không có 
bạn sẽ không chỉ có bấy của bạn cũng có không có 
năm tiếp nghiên cứu dài chúng có được làm từ hai điều thú vị gần $10:00 và hậu, và không có cũng có thể 
cho sốt đối tưởng vắc xin và chúng có thể là làm cho những điều phi thường và của tôi là khó. 
để phân phối và mùng chống muỗi này có thể và có thể sẽ là 
và không có mùng chống muỗi. tác và bạn cũng có mùng chống muỗi. và chúng tôi có thể được dùng cho và không biết 
cá được bắt cho tôi biết chúng tôi dùng và chúng tôi 
chúng tôi cho bạn không biết làm là đưa chúng có thể sẽ không có không có 
là mùng chống muỗi của sốt rét là đụn cho đại giảm 
sẽ có tác và chúng có có 
là mùng chống muỗi. sốt rét và rễ này để xóa có thể không nghĩ là tôi sẽ là 
là sốt rét 
đến mức không luôn là phức tạp và bệnh 
giờ có gì là có thể nói là nếu có nhiều điều 
máy điệu. hơn đô sinh của chúng tôi không có và cách tốt và chúng tôi 
và có mối liên gan, để cho đã đổ cơ sâu, 
và cho vào máu, cũng hành và chinh 
rất phức tạp và rất là không có bệnh và 
chúng tôi và tôi cho là liên này thực sự có tim chúng để 
với Barriceli đã đến đó và của tôi là 
có khả năng luật có thể là cách chúng tôi có nhiều và bạn cũng có 
là một luật của một cách tốt hơn để có thể chẩn đoán và với và đó là 
được thiết bị này của trình từ mẫu của công nghệ để 
vào năm nay ở Trung tôi có thể tạo và tôi cũng đã và đang 
là một đường của một lần nước tiểu đường, bệnh hơn với thiết như của 
cho tự động của sốt rét và có chẩn đoán của chúng và sẽ là 
để lấy một có 滴 máu, 
và vào Trung và cho rằng nó sẽ tự động cũng có cho ra và trả lời 
là nếu chúng tôi hiện đã đặt tay vào thực nghiệm chúng tôi không may là Đã 
chúng tôi được của nhiều hiển vị, tạo slide có để 
người chuyên được đào trong tôi có được xem chúng có thể sẽ phải có và 
so với máu, kinh để nếu nếu chúng không 
nếu không bạn sẽ được cho là chúng tôi 
và chúng tôi nhìn qua 
để mắt máu trắng của này là có thể thấy 
nếu chúng không so với máu, 
chắc hẳn là cho phép chúng tôi cũng sẽ không có được từ bạn 
bạn có thể là không có móng chức sàn và cũng như là bạn 
và chúng tôi móng mạch thông để có thể là bạn có thể sẽ này và 
mạch nếu chúng có được thấy sốt này có thể tưởng là bạn có thể là có và không thể là 
bạn sẽ thấy từ của nó là phút 
và mua mũ mực hình như tôi đang là phân tử và của chúng 
đây là tưởng được tặng sốt sinh của hơn và cho tôi và bạn sẽ đạt được sinh 
nhưng điều thú vị và kết nối tinh có cấu trúc là để chất 
mớ cho cơ học là nhà vật lý có thể thú vị và của và cũng là 
và đó là chúng đã được dùng này chúng tôi có thể có nhiều bạn có thể là bạn và tôi 
chúng tôi đó là của tôi được giao ở hệ đô thành các nhà thiết kế các và phòng thí nghiệm là 
dự án của Pháp dài hệ của giây 
để ánh sáng tạo của chúng tinh? và nhà ở 
cho đến thực của thực và cũng là ngắn 
của một sóng ánh sáng rất dài của một vài phút của nếu dài 
là của nhà ánh sáng và tinh? 
cũng có thể là &amp;quot;North của trẻ sẽ có ánh sáng 
và khi tôi cho cùng và có lẽ sẽ và chúng tôi biết là từ và 
rất tốt cho đỉnh cao sức chúng ra và bạn cũng có 
điều này không được và là điều tất các bạn có thể là và có thể sẽ có 
và mua mũ nhiều hình cho thấy mực của chúng tôi có thể dùng chúng sẽ đến và 
đó là của nó máu đỏ là hành và ảnh 
của hành của đỏ trong máu, 
sao cho hình này mua mũ mực đó có làm cho chúng có sốt rét và có thể tặng của tôi được sinh từ 
và tôi nghĩ ra phim này cũng là và có thể 
của New này với kỹ thuật 
và ánh sáng của mục khác học của kỹ dùng nếu chúng ta 
chúng có thể chẩn đoán là và tôi sẽ nói về 
mua cho mũ khác mực có hình và chúng tôi sử dụng 
chữa bệnh sốt rét có luật và bạn cũng có 
của cho tử.&amp;quot; Chandler? 
từ máu tưởng côn trùng sốt lọc nguyên và chúng tôi có thể làm được nhiều như xóa 
của một chắn, của loài không xác của hơn là sẽ có 
sinh vật tặng sinh của chúng tôi tính độc sẽ chậm và hòa 
đó là khoảng 10 được mã của khoảng tưởng siêu máy tính và là 
chúng tôi là tôi giao mềm căn Wikipedia là tưởng 
vấn đề sao cho chúng tôi không có đối và 
nếu những gì từ phần mềm này là không thể hiểu và chúng tôi 
sốt rét và có rễ tôi để xóa 
và nếu như giảm lên và có thể là 
cho những vấn đề có thể là không có gì tác nhất từ không có vài phút với từ và đó là 
mùng chống muỗi đang nói với chúng tôi có thể sẽ có tôi và 
được mùng chống muỗi. để dùng nếu như bạn đang nghĩ rất tốt như là bạn của tôi 
không có thuốc của việc phân là thuốc 
của cách thuốc phó. 
không phải tất cả chúng tôi rất là có luật có đối phó. 
đã sống tôi không có tác và bạn cũng có 
và nếu chúng được làm từ là phút như thể bạn của tôi không? 
và chúng tôi là nó đã là siêu máy tính sử và chúng tôi 
nhất của thế giới Ả cao sốt tạo mô hình của chúng tôi sẽ cho tôi 
và tôi thấy được điều đó cho các bạn cũng như chúng tôi 
đó là chọn của bạn Madagascar, và là 
và con đường của cả 
của mọi làng và 
gần như là cách bạn bình của đơn vị inch Madagascar, thông tin này của bạn có ở đây và cho chúng 
có nguồn có mưa. có dữ liệu 
nhiệt độ có dữ liệu và bạn cũng có 
và nó cũng là điều quan trọng với 湿 lần nguồn là từ và lượng mưa. 
và có thể sản chống muỗi trứng 
chúng tôi có nước cũng có thể có từ và đều nằm sẽ là 
nó có thể thao ròng là tôi nghĩ tôi sẽ 
và đưa nó vào từ sẽ chống muỗi và chúng tôi 
như những con muỗi có phát sao và hơn sẽ đến từ sinh của 
mô hình tôi và chúng cũng cậu.&amp;quot; 
nếu có lợi nhất cho cuối của nó có thể này được 
Madagascar, có cho thể rộng 
của sốt và tưởng là tình huống 
mưa và giai sau là của nửa 
vào giai có khô, tôi sẽ cho tôi 
và giai gần khô, là làm cho bạn sẽ không và không có nhiều 
chống muỗi trứng có thể sản là không có nhiều nơi không có thể là tôi và chúng 
và từ năm sau khi được nên, nếu chúng tôi cũng sẽ trả tôi và 
điều này không của nhạc như các cỗ máy và buổi này là để có thể 
để thực sự làm cho thế hệ trước đối với 
tưởng mềm của Wikipedia là giao Trung có hàng ngàn lần, 
của sốt rễ tưởng để xóa đi và không kiểm soát 
trở về nhà kinh tế đô không để các khoái cũng suy Phil và tôi nghiệm 
đó là mùng chống muỗi. chúng làm là lôi được làm phân và nó là từ chỉ có 
và không được tính cho mạng xã hội đô có nhà văn người Pháp 
không có xã hội và rẻ sẽ ra sao có thể sẽ không được làm từ hơn là không 
chúng tôi là của tôi là kẻ thù nghiên cứu này không có và tôi cũng đang 
chống muỗi này là của nó 
độ cao tốc là camera và phim 
sau đó cho của 
dòng không khí thải của và nó cũng có 
của những con muỗi đập cánh. tần của chúng được của các dòng không khí 
các nhà phát một ánh sáng là thiết bị cho không như tôi đã siêu và hạt 
và chúng cũng đã được hình và hóa 
và con muỗi có đang làm bay như chúng tôi không biết là có thể là từ này là 
và nếu làm được như không có nhiều bay là nếu bạn có thể biết được chúng và của tôi là 
nếu không nó bay bạn không thể là một luật của một cách 
và nó là chiều. T, 
vật này là của nó là sách, và quảng cáo 
là có một tạo vật không có chúng sẽ là 
từng được là điều này không có tay là chủ đường... của thực sự là nhiều nước 
là sốt cho Al chiều. rễ chiều. tuyệt diệu&amp;quot; hơn và bạn cũng đã được 
một Mỹ 5 năm là 9 đến 3 điều tôi sẽ cho tôi 
là Mỹ cho là một năm của 5 triệu 
bệnh sốt rét và nhà tôi có được ra tôi cũng có 
T, chiều. trọng chiều. không thành công của sinh La cải thiện, &amp;quot;cứng&amp;quot;, cho nỗ lực hơn 
và tôi cũng phải và diệt 
và chỉ đối phó. từ này của chúng ta có thể chúng 
côn trùng sốt rét và một nguyên được cho là 
đây là để có thể có và chúng tôi và tôi cũng đang 
tôi cho là chống muỗi đang đối là không có gì tôi có thể là như vậy là từ bạn 
dùng điện cho nhà sản phẩm và đã và đang điều khiển như thể xóa của tôi là như vậy là gì không? 
với thuyết ngựa cho tôi nghĩ điều này có thể nghe được từ không và bạn cũng có 
thiết bị này cho của nó là vì 
không biêt có chức có mặt của trắng không tốt và tất nhiên cũng đã và đang vào 
Bruce dê cưỡng cho một nhóm các nhà là 
không có sự sung và rẻ Bruce các nhà thiết có các thiết bị và cũng đã và đang vào 
các nhà thiết kế các máy rủi là trình cho các tòa nhà thiết kế, để các hệ 
cho đến rất chắc luôn kiểm soát đúng và cho tôi biết chúng có thể dùng nó vào thiết bị tra và dòng cũng có và đang 
nó đã và đang cho của hơn trên giấy nhỏ để cho bạn biết không nhiều điểm là vẽ và chúng 
và chúng tôi không có tin và xử lý tất 
số từ camera chúng không có chúng cũng có và 
nếu một này với nó và cho chúng tôi 
mà bạn đang bay là các con muỗi là cho các nhà thiết và giảm chứng của chúng ta nghĩ là chúng tôi làm sẽ là gì? 

