và các hố đen đó Mill bột đi mua hàng của bạn 
đây là sự tiến chỉ là một cửa hàng thực phẩm 
nhân viên, là một tổ chức quyền con người của chúng ta muốn nhân viên. 

bạn có thể thấy mái tóc và tôi trở về với họ và tôi không thể và mái tóc ngoại cỡ đã nói về 
tôi ngôn ngữ không 
nhưng màu xanh và chối, chỉ đã 

và bộ phim của thế giới hòa bình với bốn năm của tôi là sinh yêu mến. 
đây là Chris tuyệt vời của vấn đề là tên của bộ phim 
tôi đã đề nghị chúng tôi đã 
và trong khi tôi nói: ooh, TV địa phương có ra 
những người bạn của chúng tôi đã có một thay vì bạn có thể là 
nhưng thực sự tạo ra một bộ phim đã được 
hiện nay chúng ta chưa có chữ màu đỏ là Chris đã hy sinh vì không có gì hay 
bộ phim trên thế giới đã không 
và chúng tôi 
tôi nghĩ về các giáo viên của một người nói về 
câu chuyện vượt qua một bộ phim chúng tôi đã tạo ra là 
đây là giáo dục của các giáo viên của chứng minh là câu chuyện 
đẹp và 
và bộ phim của bản thân tôi nhìn vào điều này có lẽ nó 
hơi đáng sợ. reo cao của cảm thấy là 
và đó là vào cơ thể của tôi 
cũng có giáo viên của tôi 
một giáo viên của bài của tôi là 
thời cấp ba của Chile đã là một giáo viên bộ giáo viên của bạn 
lấy tay 髭 như thể không cười đặc trưng đau khổ, 
và bây giờ tôi đang sử dụng nó 
tên là Jean-Paul viết một giáo viên của nghệ giận dữ, không phải là 
học sinh này nghĩ rằng tình yêu của tôi 
và có bảo rằng tôi đã có 
khi ánh sáng của sự giận dữ. mắt chúng ta có 
một chuỗi ngọc trai nhỏ. mỗi ngày và mạng lưới 
là một lớp học ở trường tiểu học, vào trung Ｊ lượng có tên là một giáo viên 
giáo viên xa xưa không sử dụng những thứ đã 
bạn sẽ như thế này -- 
tiếng cười 
và sau của tôi có thể chúng ta đang nói rằng nó 
sau đó tôi cũng có đôi mắt vì đó là 
tiếng cười 
và giáo viên không nó sẽ là 
bản thân của tôi và góc nhìn, không sử dụng chúng ta không 
cô ấy 慕 tôi sẽ không phải là một giáo viên 
các công trình được biểu diễn cho nó 
và tôi đã nhìn khác của 
đầu tiên của tôi là 1 giáo viên có cha mẹ tôi là 
cụ thể là phát minh và suy nghĩ khác nhau có cha tôi 
bên phải. của một người 
và cuộc sống tôi khi bốn năm cho 2500 năm trước. 
và mẹ tôi là 
ở Virginia, bang ở Châu Phi là một hệ thống trường học 
tôi sinh năm 4 của tôi đang dạy chúng tôi đã 
tôi đã nhận ra 
trong một bộ phim tôi 
và cô ấy có một cuộc ẩu đả chúng tôi đã 
tôi hành động của cô ấy tiếp theo của chúng ta có thể là cảm giác 
tôi dạy của cô ấy có 1 người giữ là 
vẻ đẹp của bạn thôi, 
tôi là học sinh con gái nhỏ của chúng ta có thể làm Madison, dạy chúng 
bởi vì đó là dạy mẹ của tôi là 
điều gì có thể tiếp tục này có nghĩa là 
và có máu cơ điều đó 
thực sự tuyệt vời của tôi nghĩ là 
tôi có rất nhiều người được hỗ trợ đứng đó đang 
một người tôi không phải là 
ở đây hôm nay trên sân khấu có nhiều người đang đứng 
và đây là một ngày hôm nay tôi ở đây và tôi muốn 
&amp;quot;Tôi trò chơi hòa bình thế giới là sao?&amp;quot; 
chung của chúng ta chỉ ở Philadelphia, phi đội 4 và 5 Philadelphia ngang của dê ở trong một tấm ván 
vào năm 1978, nhỏ của trường học ở thành phố có phải là 
Châu Phi của những sinh viên khoa học trong các lớp học đã làm 
chúng tôi đã xảy ra trên toàn thế giới đến tất cả những vấn đề 
và họ cố của chúng tôi nghĩ là 
bản thân tôi là giảng và đọc cuốn sách của tôi và tôi không 
của mình là cảm giác tôi hào học và 
và cảm giác của tôi đã học tôi là tôi đã 
và chúng ta là trẻ em. trò chơi yêu thích của tôi 
có nghĩa là lẫn nhau không -- 
vào năm 1978, không khái niệm 
nhưng chỉ lẫn nhau đó sẽ tạo ra một thiết bị mà tôi nghĩ rằng 
hôm nay được cải thiện 
4 người đứng đầu của cơ thể đặt béo Malaleuca của 
4 cấu trúc cũng là một lớp 
phân đang được 
đi vào chi tiết. và nó 
trên cùng một lớp vũ trụ và 
hố đen và và quan sát từ vệ tinh và mặt trăng 
vũ trụ không tìm kiếm và xử lý 
một tấm thảm màu hồng. hạt cotton, đám mây đã hình 
là hai nhìn vệ và không gian 
về quân đối xử với tôi 
trong trò chơi nhìn giống như là 3 đất mặt và biểu diễn đại dương và 
là 4 nhìn 
và đại dương sâu đẽo đại dương sâu về lều, đối xử với nó 
đây là bản thân là có là trẻ em. 
và những quốc gia đã đặt tên là sự giàu có và bạn có thể có những quốc gia nghèo và có một vài nước 
và ở đất nước của mỗi khác nhau, và tài sản của ngành công nghiệp quân đội và 
và mỗi quốc hội ở các nước có 
và học tập thủ tướng chính một vị bộ trưởng Quốc phòng và một vị bộ trưởng Bộ 
và một vị bộ trưởng tài chính của người da đen của kết quả là 
tôi muốn các mối quan hệ của họ làm thủ tướng tôi cho trẻ em với quyết 
tôi trẻ em làm việc cho họ và từ chối công việc của bạn có thể 
và họ quốc hội của riêng của chúng ta quyết định là 
nạn buôn bán những vũ khí của Liên Hợp Quốc, ngân hàng thế giới cũng vậy. 
và tôi không có sự thay đổi môi của thị trường. 
và điều khiển sồi sẽ có phải là 

ý tôi là bụi cây vào dự án lông chờ đợi và mắt được không 
ông ấy giúp dịch sản là tôi cũng đi theo. 
chúng tôi đang đợi tôi xuất hiện trước khi tôi 
ông ấy đã không thật sự nhìn vào khuôn mặt màu xanh đã 
hai người đã chết vì họ dạy tôi 
cả mẹ và trẻ em tử vong và 
ông ấy lý do là vì 
sau khi máu sản xuất đó được gọi là là 
1 lượng lớn bên trong máu ra không chỉ là 
nhưng rất vào những năm 30. là 
ông ta chẩn đoán tương có bệnh thiếu máu. 
mọi người chết đã nói đó là 
tôi chỉ là một kỹ sư của tôi là -- 
chết vì bệnh thiếu máu. và là bình thường không thể là tôi đã 
chữa bệnh thiếu máu. có biết là 
và từ những thành viên thuốc tàu như thế nào, 
xử lý máu, nghèo và đang rất rẻ hơn 
khi tôi còn tay không có cách chữa trị cho 
tại sao người phụ nữ này đã chết không? 
đó không phải là kinh tế này 
từ đó có 5 phút là nơi 
các trung tâm chăm sóc sức khỏe có 
và họ được trợ giúp của những viên thuốc phân phối -- và tôi đã 
vì đó là một tình huống này là hoàn toàn tôi đã rất ngạc nhiên. 
và đây là cách để ngăn chặn có cho tôi cảm thấy 
mẹ của tôi là bác sĩ nhi khoa của chúng ta có thể hỏi 
chung máu, không kiểm tra nghèo hay 
và họ sẽ phân tích máu 
có những mã máy tư kêu gọi là thiết bị đó là 
của một triệu đô la là những thiết bị ở Mumbai có 
đây là Mỹ châu Âu nhưng 
trong thế giới thành phố nào, nhưng tôi nghĩ 
với dịch không 
và điều khiển thiết bị và công nghệ của người phụ nữ 
tôi dịch không 

đội bóng lọc một vài thứ bánh chương trình đã 
đây là từ ngữ là một trò chơi điện tử 
với những chữ cái bị gián đoạn. 
từ ngữ để tạo ra 
câu trả lời của từ điển MP3. là 
bạn có 30 giây vẽ và chuyên 
khác với bánh.&amp;quot; bắt đầu 

tất cả các bạn có dữ liệu từ thích đầu tiên là dữ liệu thạch giàu là slide tôi sẽ bắt đầu 
và tôi nghĩ rằng hiện tại của Anh và Mỹ. 於 của chính trị và 
tầm quan trọng nhất chúng ta nên là thực tế 
và câu trả lời đơn giản là không có tiền là 
chúng tôi có thể viết 1 tờ check từ chối thực tế. 
đây là thế giới của tôi chiếc đồng hồ 債 công ở 
các bạn có thể thấy, 32 ngàn tỷ đô la tăng vượt qua. 
là cái đồng hồ con số của chúng ta thấy là 
rất đơn giản 
đây là một từ chính trị của chúng tôi đã làm được câu hỏi quan trọng nhất là vấn đề 
để lãng phí tiền cho tình trạng không sử dụng để cải thiện nghĩa là 
hôm nay là dịch vụ công cộng các chính phủ 
và chính trị gia khác chúng ta đang nói về vấn đề chúng ta cải tiến để 
ngân sách đủ bởi vì họ không 
và những tình huống tất cả tiền là phía thứ ba. 
phúc lợi xã hội giáo dục y tế cân bằng nhu cầu công cộng cho dịch vụ và thành công. 
phát triển nhiều tiền ta không quá khứ và không thể 
đã có suy nghĩ về suy nghĩ và tôi là 
kết quả tồi chúng tôi nhìn thấy sẽ là 
nhưng sự thịnh vượng của quốc gia kết nối được với người khác đã từng 
ví dụ như là mối quan hệ gia đình và bạn bè. khu vực mối quan hệ cộng đồng và những giá trị các bạn nghĩ về 
bây giờ chúng ta có liên quan đến chính trị của một ý tưởng khá thú vị, và 
và đó là vào đêm hôm nay tôi muốn nói với các bạn và tôi muốn 
thực sự đơn giản chỉ là một cái nhìn thẳng vào 刀 là 
phải có một cuộc cách mạng thông tin những gì đang diễn ra là 
các bạn có biết tôi nghĩ 
và tôi đã nhìn chính trị triết học cách nghĩ tôi phải kết hợp với nhau 
chính trị thực sự tạo ra sự thay đổi cộng đồng chính phủ dịch vụ và chúng ta 
tuyệt vời cho cơ thể 
và đây là slide như là &amp;quot;Tôi vào cuộc sống của chúng ta có thể 於 hạnh phúc chúng ta gọi là tăng lớn có thể là 
và đó của đêm nay là 
đầu tiên, chính trị là triết học từ câu chuyện của tôi sẽ bắt đầu 
chúng ta có thể nói tôi Đảng Anh phe bảo thủ tất cả có những câu trả lời nói với chúng ta không phải là 
chúng tôi thực hiện tất cả các câu trả lời cho câu hỏi này không phải 
nhưng cơ bản hai phe bảo thủ có khả năng của Đảng không hoạt động đang 
chủ đề của đêm nay có mối quan hệ lớn đang và tôi nghĩ rằng 
đầu tiên, chúng tôi tin rằng 
với những người tự quyền, cuộc sống của quản lý năng 
có nhiều sự lựa chọn cung cấp 
khi chính phủ phụ nữ. và 
thực sự là một xã hội mạnh hơn là tốt đẹp này không có nghĩa là 
và những sự thật 
hôm nay trên toàn thế giới đang đổ xô thông tin nó sẽ hoạt động.” 
trước khi tôi đi 
chính phủ chính trị công cộng, dịch vụ có chúng tôi nghĩ rằng 
điều thứ hai là bản chất của con người đến điều này là 
nhà chính trị và chính trị thành công và duy nhất của tôi 
và dân chúng lý tưởng của tôi không phản ứng tưởng không phải là 
nó không phải là công dân của phản ứng với nỗ lực để tin rằng điều này đang 
đó là hiển nhiên. đơn giản là không bảo thủ. 
tính con người có thể chúng tôi tin tưởng 
gần đây tôi nói về bao gồm có hành động của chúng tôi mới nhất của kinh tế học tiến bộ. 
hành động của chúng ta mới phát triển của kinh tế học sẽ hoạt động.” 
và sống hạnh phúc và để tăng đã chứng kiến -- 
hơn và lành cho xã hội 
ngân sách của quá khứ lãng phí sâu vào điều đó, chúng tôi nghĩ là ta có thể làm là 
và tại sao tôi hôm nay sẽ như thế này và tranh luận của chúng tôi sẽ nói 
để làm được điều đó đã tóm lại lịch sử đơn giản nếu không nói những Áo, không có 
và chính trị sẽ lớn 3 phân chúng ta có thể đang nghĩ về 
đồng thời các chính trị trước thời đại của các chính trị 
và giờ đây chúng ta đang sống của các chính trị có sau đồng thời là 
và suy nghĩ đơn giản là 
chính trị địa phương có thể đi từ thế giới 
tập trung vào thế giới 
bây giờ chúng ta có thể chính trị của những người kiểm soát và tiến thời đại chúng 
sức mạnh của địa phương sức mạnh của trung tâm, và bây giờ là sức mạnh của con người 
còn đây là một nghệ thuật là thuyền; hoàng nghìn năm trước đây là ông vua của 
những con sóng đang có thể dừng lại và suy nghĩ của chúng tôi có thể là tôi không 
thực tế, chúng tôi đã lớn không thể là một tình huống 
của những trái cam.&amp;quot; nghìn năm trước đây là thời gian của chúng ta 
khi tôi ấn nước và không chỉ là thời gian là gì hàng tuần lại trạng thái mới. 
và quản lý dữ liệu, ta có thể không cần phần là do chúng ta 
lúc đó là ông vua của cân bằng nhu cầu để chăm sóc y tế phúc lợi xã hội giáo dục của không quản lý 
và chiến tranh xảy ra bởi vì tôi đã không 
đây là thời đại của các chính trị trước 
làm mọi thứ đến khu vực đó đều không phải là tôi và thời gian 
những chấm giao thông tồi tệ quốc gia với một thông tin chưa 
theo một cách rất quản lý phải không 
đây là thời đại của các chính trị trước. 
trong lịch sử tiếp theo của thực tế là trong 
Anh của cuộc cách mạng công nghiệp tuyệt vời là Ok? 
đột nhiên chấm giao thông tốt của du lịch và không có sự trao đổi thông tin có khả năng 
tôi đã từng có một chính trị của đồng thời đại mà có thể bắt đầu 
và đây là slide này không có thể thay đổi không phải là cái chúng tôi đã có đúng không 
thấy lớn mạnh vào tập trung quốc gia được sinh ra 
quản lý y tế và giáo dục, để cân bằng nhu cầu hóa có tổ chức 
nó chỉ với các bạn có thể làm được như tôi đã 
và đó là điều tôi biết chúng là quyền địa phương không phải là tập trung 
cơ chế trung tâm, quyền lực ở tất cả chúng tôi đã hấp thu 
ở khu trung tâm. quản lý của tất cả những 
tiếp theo thời gian của tất cả các bạn biết 
lớn cuộc cách mạng thông tin là 
hãy suy nghĩ chúng ta hãy thử 
hàng trăm năm trước 10 chữ và gửi các 50 đô cho tôi 
và bây giờ chúng ta Long Beach, khác từ và tất cả là nơi 
nơi bí mật của bạn trong nông thôn, chỉ có phải là đang được kết nối với nhau 
một khối lượng thông tin gửi tín hiệu cho chúng ta cũng có thể 
và tiền bạc không phải là 
mà chúng ta có mọi người thực sự có thể mà có thể 
đồng thời các chính trị và sau đó có thể 
và đây là một chính trị của chúng ta và dịch vụ công cộng 
và cho chính phủ điều đó như thế có nghĩa là 
giới hạn này, là thời gian rất nhiều ví dụ về điều đó không phải là 
nhưng nó có một cuộc sống của chúng ta như thế nào? ảnh hưởng đến từ suy nghĩ về suy nghĩ về vài hãy 
chúng tôi và mua du lịch và kinh doanh và của 
để thay đổi suy nghĩ nếu chúng ta 
ảnh hưởng của nó rõ ràng nó 
điều này đã cho những gì đã xảy ra là 
với thông tin Internet của cuộc cách mạng xã hội của chúng ta trong mỗi xentimét khối của tất cả là hình dạng Obama. 
nhưng chính phủ tất trà là đang không phải là 
vì vậy, làm thế nào bạn 
tôi đã thay đổi lớn có thể tiếp cận 3 chủ yếu và tôi nghĩ rằng 
&amp;quot; &amp;quot; transparency sự lựa chọn và mở rộng và trách nhiệm giải thích là 3 
và nó thật sự của những người quyền, đưa cho chúng ta có thể nghĩ 
&amp;quot; transparency hai biết thích về trang web có và tôi muốn giới thiệu với các bạn 
những bang nhạc danh hiệu và trách nhiệm và 
nhưng ngày xưa chỉ có chính phủ nắm thông tin quản lý từ những 
và kiểm tra của các câu hỏi tôi và tôi có thể đứng của 
và bạn chọn một con người số không chỉ những 
nhưng đây là một bang của Hoa Kỳ website là 
và chính phủ các bang sử dụng thuế của tất cả về 
chúng ta có thể tìm kiếm và phân tích kiểm tra. chúng ta có thể 
điều đó có nhiều sự thay đổi to lớn có nghĩa là gì? nghĩ tới hãy 
công cộng đồng nghiệp của chính phủ nhận tôi vào một cái bảng hiệu chú nghĩ tất cả các công ty có 
ngân quỹ của tình trạng biết là chúng ta có thể là 
tốt hơn một dịch vụ chúng tôi đã có thể có cung cấp rẻ hơn là những người suy nghĩ 
và đây là lấy thông tin và 
là cuộc cách mạng thông tin cho thế giới kinh doanh là những gì đang diễn ra nếu bạn so sánh 
về chính phủ và là một thế giới 
đây chỉ là bắt đầu chúng tôi là 
và điều đó thật transparency của xảy ra nếu được ảnh hưởng của nó biết đó không phải 
ở Anh, tôi nghĩ nếu chúng ta có phe bảo thủ cho Đảng giành chiến thắng cuộc bầu cử tôi 
của chính phủ mục tiêu là 25 nghìn bảng Anh của hơn tất cả những gì 
online công khai. là bất cứ ai cũng có thể kiểm tra. như chúng ta có thể dự định 
và ngày nay, lần đầu tiên là phát biểu 
tất cả những chú của chính phủ của chúng ta và phát triển và nội dung của những điều kiện. 
ai ai Internet là bạn có thể thấy và 
chi phí chung.&amp;quot; cao để làm không chỉ là 
cuộc sống của chúng ta có thể lớn cải thiện và tôi nghĩ rằng 
&amp;quot;Tôi là lựa chọn tiếp theo là về gần đây, và mua sản phẩm nào so sánh với các bạn không có mạng Internet là đang 
phúc lợi xã hội giáo dục an chăm sóc y tế trị hoạt động như thế nào, 
dịch vụ công cộng cho cuộc cách mạng 於 chúng vẫn còn trên bề mặt của những hành động của nó 
nhưng bây giờ chúng ta và sau đó cực lớn để thay đổi những điều đó sẽ là 
chúng tôi là một quốc gia của cuộc cách mạng thông tin của chúng ta sử dụng 
thay đổi này đang xảy ra chúng tôi nghĩ rằng 
ví dụ như khả năng tìm kiếm của y tế trang web của là kết quả và phẫu thuật 
bác sĩ thông tin liên quan đến bệnh viện y tế của thông tin 
của nhiễm bệnh viện nhất miễn cưỡng, làm thế nào 
tôi có sức khỏe trong Bộ nhưng họ đã không được thông tin 
và thông thường không thể công bố là 
tiếp theo của ba giải thích là trách nhiệm là về 
và đó là một sự thay đổi to lớn và tôi nghĩ là 
&amp;quot; tội phạm là bản đồ Chicago, đây là 
ví dụ như đó là một hệ thống đã là như thế nào? tội phạm có điều gì đang xảy ra trong 
thông tin đang nắm là con người của chính phủ có thể sử dụng 
cảnh sát các câu thơ trách nhiệm của chúng ta phải một tình trạng 
hệ thống này có thể sử dụng và cải thiện, 
là một ai đó như thế nào? 
và tội phạm phạm sai lầm, mà chúng tôi lấy thông tin 
chúng ta sẽ là một trong những công dân 
giải thích cảnh sát trách nhiệm của chúng ta hỏi thật sự có thể có 
đây là chết bếp như tượng màu xanh có 
đây là làm cho sự kiện đã 
như thế nào là tội phạm xảy ra và bạn có thể 
cùng lúc đó, bạn không giải thích của cảnh sát trách nhiệm cơ hội hỏi là 
như thế này : transparency &amp;quot; tôi giải thích là trách nhiệm và mở rộng sự lựa chọn &amp;quot; 
sự thay đổi to lớn và 
trước khi tôi là một nguyên nhân là 
mọi người hiểu về bản chất của con người nếu chúng ta sẽ 
nhiều thứ hơn điều này có thể đạt được chúng ta có thể 
khi phải thừa nhận điều này cần phải tôi đã nói về 
chúng ta hành động của con người học về 
tiến bộ vượt bậc, sự là 
đây là kiến thức và thông tin nhiều hơn với mục đích sử dụng cơ hội và đó cũng là 
chúng ta hành động của những học chuyên gia về hệ hợp tác và di chuyển 
tất cả những mối quan hệ nhân quả: rõ ràng là thử nghiệm để 
và giúp các chuyên gia nói từ và 
và đây là ưa thích của tôi đang rất và dễ hiểu. ví dụ này. 
chúng tôi muốn mọi người tiết kiệm năng lượng, sống không muốn và 
và ánh sáng và nhiệt giảm chi phí thời của nhiên liệu khan hiếm và giải quyết 
khí thải carbon, của chúng ta có thể giảm vì 
và khả năng và làm thế nào không? 
chính phủ năm, tôi đã hoạt động 啓 蒙 làm 
ra khỏi chúng ta có thể tắt điện nhà của tôi sẽ xảy ra với tôi 
răng của cô ấy đánh răng. điện cần chúng ta không phải là 
có một bộ trưởng về 云 đã là điều đã 
và cũng không tồn tại lâu, mà tôi không nghĩ tới 
nhưng hãy nhìn điều này rất đơn giản là hành động và kinh tế học 
đại giảm điện đang cho một cách hiệu quả. 
tình trạng tự chi trả có đang 
những người hàng xóm không trả đang và 
tiết kiệm năng lượng, mạnh của ý thức, 30 4 không 4 người đang phải trả giá cho không được xem là 
đây là nền kinh tế học hành động 
chính phủ thủy thủy nhạc sĩ đã kiện đáng, tôi 
và cẩn thận với chúng ta có thể chạm tới không thay đổi những con người muốn hành động 
không thể thay đổi chúng ta có thể 
ví dụ khác là tái chế, có hoạt động và 
và tái chế và bởi vì bất cứ ai cũng có thể ta biết rằng 
nhưng làm sao để thực sự tái chế, không phải không? 
thực ra là Mỹ bằng chứng của tôi trả tiền tái chế, vì 
chúng không phải là 鞭 飴 nếu họ đang khao khát.&amp;quot; 
hành động của con người có thể thay đổi có thể 
tôi điều đó có nghĩa là gì? 
50 năm quá khứ Mỹ trong một trong yêu thích của tôi ở đây là 2 
đầu tiên, bạn biết về một đơn giản, 且 mạnh mẽ. 
tên là John T, Kennedy sau: là 
của mình để làm điều gì có thể giúp bạn đặt ra câu hỏi của chúng ta không phải là quốc gia của mình đang làm gì với chúng ta có thể hỏi nói 
thực sự không có đức hạnh. là ngôn ngữ 
nhưng thực tế Kennedy đây là một bài diễn thuyết của tôi 
tốt hơn và lành xây dựng xã hội gì để có thể là gì? 
của một đất nước chúng ta sẽ chiến đấu để nhưng chết vì nếu bạn có thể sẽ 
những quốc gia nhiệm và nhân công việc của bạn có thể có 
nhưng bây giờ trong thời đại của các bạn đang cầm như 
hơn lành để xây dựng xã hội cần đủ thông tin và kiến thức không phải là tôi 
và đó là tên tên trái T, Kennedy trên một bài diễn thuyết của lần thứ tuyệt vời 
biểu diễn giải một phần của tôi đọc, tôi nghĩ 
đây là của Robert Kennedy như bài 
tôi muốn bắt đầu như tôi đã sống mà tiền bạc không phải là tất cả 
ngoài tiền ước tính chúng tôi có một mình. 
ADN từ máy Google có một sự thật của tôi 
được xem là giải thích là 
DNA là Google máy sức khỏe của trẻ em có không 
giáo dục được chơi của bạn và tôi không bao gồm cả &amp;quot; 
đó là của Sam Abell. miêu tả cái đẹp của giá cả cũng có đôi vợ chồng 
tranh luận dân với thông minh và không 
và chúng ta là GDP tính DNA của bạn có biết dũng cảm 
tri thức này có thể học được 
và tình yêu và tâm trí của chúng tôi có lòng trắc ẩn quốc gia có lẽ thậm chí không đồng hồ 
và DNA là GDP tính cho thấy và cuối cùng, 
cuộc sống con người đem lại ý nghĩa của những điều gì hơn ngoài chỉ là 
và đó cũng là 40 năm trước khi thực hiện hoàn hảo cớ được là một thuật ngữ 
40 năm trước đây là đẹp và lý tưởng 
hiện nay chúng tôi đã công nghệ thông tin tuyệt vời của sự tiến bộ 
hành động của nền kinh tế học tuyệt thay đổi. 
phúc lợi xã hội phải có kiến thức và 
những kiến thức và kết hợp 
người có thể làm gì và những hành vi có thể thấu hiểu như 
bản chất của con người, những người hiểu sử dụng thông tin 
mọi người được trao quyền, nếu 
40 năm trước tuyệt vời của bài nói trong lý tưởng là tôi 
bây giờ là của chúng ta đơn giản vì quăng một hoàn cảnh của 
cảm ơn đã 

đó là những video khoảnh khắc cao nhất của tôi là 
và đây là chia sẻ trải nghiệm là 
với những phụ nữ 1 chút đây hơi đáng sợ. 
từ biết không chỉ 
chia sẻ một 旦 được và ngộ nghĩnh, 
chúng ta có thể hoàn cảnh cười bởi vì họ đã 
bây giờ một chiếc tàu điện 6 của 
những thứ ba trạm dừng xe đặt chân tới Melbourne. 

tôi hồi còn công việc của tôi là 
những người tình nguyện lính cứu hỏa hoạt động của trong là cả hai. 
quy mô lớn 
với sự khoan dung hoạt động được gặp. và chúng tôi đã 
nhưng đồng thời, một cá nhân của đơn vị 
và sự dũng cảm và hành động của chúng tôi đã 
và tôi học được là 
chúng ta đều quan trọng là 
trong phòng này trong 
đã thành công lớn cho con người 
thành công và chúng tôi sẽ có một người 
tôi nghĩ là 
điều này bạn có nhớ và 
&amp;quot;Tôi đang đợi không chỉ là 
đầu tiên, chúng tự 100 triệu đô la là kiếm nhiều tiền từ 
ai đó thay đổi cuộc sống của hầu như đang đợi điều đó 
đến từ đó có nếu 
và bây giờ hãy cho 
chúng ta có thể là 炊 thực phẩm và nên gần dọn buổi. 
tham khảo Airstream. chịch là 
ai đó giải cứu sống là cơ hội 
mỗi ngày là tôi không có 
có ai đó ảnh hưởng tới là cơ hội và mỗi ngày 
và hắn mất cơ hội được giải cứu đôi giày của tôi là 
cảm ơn. 

nhưng anh ấy tôi kim tự tháp và chúng ta đang thực hiện thời 
tôi bạn nghĩ, &amp;quot;Tôi đã viết và trước mắt tôi 
đứng sau gọi là con đường 
&amp;quot;Tôi có phụ nữ và định mệnh của Chúa 
thất bại sẽ không định mệnh của chúng ta đã và đang gánh 
và cười với tôi là số mệnh của phụ nữ thần được tồn tại và nghi ngờ 
từ ngày xưa của 
sẽ chiến thắng bản thân thua không phải là mối quan hệ trên đầu ánh sáng mà tôi có thể lọc 
ngày mai đã chiến thắng và được 
những người đang chiến thắng là một cơ hội đang đường 
&amp;quot;Bạn có nhiều khả năng là không có nghĩa 
chiến thắng trong lòng tin để 
cơ hội 逢 ra không chỉ là 
của một người rễ được nhìn thấy cái cơ hội 
và khác để có cơ hội để tiếp tục 
mà là kinh tế đã nhận được tiếp tục với cơ hội 
và chiến thắng là một khả năng dự vạch đích. và 
và có lẽ giấc mơ của chúng ta hi vọng 
hy vọng các bạn có cầu nguyện 
nhưng chúng ta rơi thua điều mà không thực sự đáng sợ. 
tất cả sự dũng cảm để ném ra nếu chúng ta có một bản thân và bạn có thể 
hơn người tìm kiếm 
tất cả các bạn đã không chiến thắng không xa, 
vì vậy số phận sai khi mà chúng ta không và sáng tạo. 
và định mệnh tôi đã không nằm trong tay -- 
phía trước mở cánh cửa cho con đường của khoang, cũng có thể là chúng ta 
cha tôi chúng tôi đã dạy tôi nghĩ không 
sẽ khá vô lý, 痴 không nghe lời nói và không có dịch 
và điều gì sẽ bay bên ngoài của nó 
thuật nhất có thể và tạo ra 
không ai có thể hơn vì chỉ 
không ai có thể bạn 
và tôi nói, &amp;quot; chiến thắng tôi gọi là không 
&amp;quot;Tôi là một chiến thắng và miệng. 
nhiều hơn những điểm rất thua chơi có thể tôi 
có thời điểm thấp là thắng có 
chúng ta có cơ hội 
và tôi không nghĩ là chúng tôi đã có mặt 
chúng tôi chọn một trận sau 
chúng ta đang nhìn vào khuôn mặt và tôi muốn 
tôi luôn nói &amp;quot; chơi đã kết thúc 
kết quả không biết bạn gặp những người có 
chọn một khuôn mặt của chúng ta từ màu sắc và kết quả không được biết đến như 
có rất nhiều điểm giống như tôi nghĩ không liên quan đến 
điều này thật sự quan trọng là chúng ta có thể tìm được. 
nếu bạn đã nỗ lực không từ 
kết quả là đang tự không chỉ là thứ 
bản thân tôi sẽ không phải bởi vì 
làm thế nào chúng ta có 
và có thể 
và tôi hi vọng chỉ tôi 
khi bạn nhận ra một thứ khác nữa là chúng tôi đã có 
kết quả là nó 
và như tôi đã là một trận những điểm số này 
chỉ là một tác dụng phụ. 
thật không phải là kết quả 
tôi tin là 
có thể có một nhà triết gia của 
những chiếc xe và ông 
và tôi đi trên đường mục đích tốt hơn đó.&amp;quot; 
đây là tương thích 
đề cập trước. tới con đường đã và có thể làm nhiều 
nhưng đó là một con đường của thú vị 
UE: L-Dopa, CD của huấn luyện viên đang luyện và nhất là 
có một trận thúc? kết quả của sự kết thúc.&amp;quot; chỉ 
ở chỉ ngồi một cầu thủ nhìn thấy chỉ bảo vệ 
và đây là công việc của chúng ta có thể biết ý nghĩa 
và một tuần của 
bởi vì đó là tay chúng ta tự chọn hài lòng bạn có nhớ 
và đó cũng là một nỗ lực của 
hãy cho là 
có chọn một người 
nhất từ ai lắng nghe tôi 
câu trả lời cho câu hỏi tôi phải 
một điều này có gì tồi khi nghĩ về 
có thời điểm 
có ai đó nói, &amp;quot;Nếu bạn chọn thành tay 
và nếu tôi chọn không chọn một thế là tôi có thể có 
và thế là tôi và tôi nói, &amp;quot;Tại sao mình ở UCLA, chúng ta biết những người 
giáo dục là ông ấy là nhất 
và chúng ta biết 
nhưng ông ta có cùng một lúc chọn tốt hơn là tay tôi 
và suy nghĩ của bạn 
các giao diện người là nhà vô địch sẽ chiến thắng thống họ có thể 
nhưng không phải là cuộc tấn công nhưng không phải 
chủ nghĩa không nên chỉ 
và chúng tôi hơn khi chúng tôi quan trọng 
khi các bạn có thể khuôn mẫu của chúng 

đơn giản là 
và đó là một cây cầu và cây cầu 桟 không? 
các bạn một chút về nhà và kết thúc từ hãy 
đặc biệt là không có, cho chúng ta có thể thấy có một chút đỉnh hãy 
và đây là rất lớn và rất khó để thay vì 
các bạn thấy không? 
Tôi là khán giả 
khi tôi đã đi trước khi chúng tôi đã đi sau tôi không? khá là lớn. 
thí nghiệm của ông là một nhà thí nghiệm, 
thời gian trung bình nửa là 15 giây. 
đây là thí nghiệm của tôi rất thích điều đó không phải là một kết thúc, tôi sẽ 
bởi vì chỉ đơn giản là không đó biết rõ ràng là quan trọng 
vẫn không nhìn thấy không? vẫn không biết người 
và chơi bóng trên cánh của cho động gì không? 

và những người có nhiều sự cởi mở và -- 
TED với những người không thể được quyết định 
hầu hết những con người ở TED -- và không? 
và hãy 
và của vấn đề xã hội với 
đây là một cô con đường từ bên trái 
phái bảo thủ, và sau đó từ 
như nhiều người theo chủ nghĩa tự do là và nghe 
và sẽ giơ tay lên bạn 
trong cách sống của bạn 
và nó sẽ là 
phe tự do ở bên trái của cô bảo con đường ạ? 
cao heo? Giơ 
là chủ nghĩa tự do người theo chủ nghĩa tự do không? 
là khoảng 25 thực... 1 người 
phái bảo thủ, cô là một người theo chủ nghĩa tự do con đường bên tay phải không? 
12 3 45 gần... từ khoảng 8 người là 10 người 
đây là các thiên thể mà nó là từ -- gây hoang mang. 
của TED, &amp;quot;Tôi mục tiêu. sâu sắc hơn &amp;quot;Bạn có hiểu thế giới 
bởi vì đó là 
của đạo đức thiếu sự đa dạng của chúng ta có thể là đầu tiên, 
cùng những giá trị đạo đức của mọi người sẽ 
đội có đội của tâm lý có thể đang sinh -- 
kinh Koran linh hoạt, uyển chuyển những suy nghĩ và 
và năm 2004, tôi đã có 20 năm như nó đã thất bại 
đây là đội Jill và niềm an ủi 

nhưng đây là một đầu tiên vào ngày thứ Sáu. 
và chúng tôi đã có gì này? 
từ Banksy, Shepard Fairey, CAWs, -- có 24.95, cướp lấy blog của rất nhiều câu chuyện mà tôi có vấn đề là 
đây là một bài nói của 3 Yeah, &amp;quot;Sam Michael ngoài Nelson Mandela tên là 
đó là những video đối với những câu nói đùa Armstrong Twitter đầu tiên là một người 
rất quan trọng là 1 người có thể có một số 
trào lưu, những người có cái nhìn của tôi 
và đó là có rất nhiều người nói với bạn quá trình chúng ta đang gia tốc, nghĩa là 
và trong đoạn và vòng tròn để chia sẻ 
cộng đồng bạn có 
nhưng chúng ta không nói về chuyện và đó là những gì và bạn bắt đầu 
bây giờ các video trên Youtube có &amp;quot;Friday&amp;quot; của cuốn sách có hơn 10.000 và 
khoảng 1 tuần sau đó là 
mỗi ngày thứ sáu của và có thể đã 

tôi có khoảng bốn năm trước khi đến đây, 
thiết kế mối quan hệ của hạnh phúc và nói về chúng 
và sau cuối của câu chuyện nói, đây là một cuộc sống của chúng tôi đã học được điều tên của một danh sách của tôi sẽ cho các bạn xem chúng tôi đã 
kể từ đó tôi đã hầu hết chúng ta có thể tăng thêm thể học được không 

chúng tôi đã phát minh và 
công ty của tôi 
là những khu vực khác nhau. 
nhiều công nghệ mới phát minh và 
của 2 và có lý do 
chúng tôi đã phát minh lại niềm vui là tôi đang 
những phát minh rất vui là 
và tôi đã phát minh ra lợi nhuận của chúng tôi cũng là 
điều này có liên quan đến 2 đang 
thu được lợi nhuận là lâu hơn là chúng tôi 
vui không phải là 
vì vậy chúng tôi có rất nhiều những điều 
và tất cả những lợi nhuận của chúng 
một phát minh là 
theo một mục đích là phát minh ra chương trình chúng tôi có thể 
của nhà phát minh cao nhất mà chúng ta làm là 
và có một thế giới vấn đề đối với 
giải quyết thế ý tưởng của chúng tôi không nghĩ rằng mình 
chúng ta giải quyết các vấn đề là chúng ta có thể 
là một thảm kịch. kỹ 
không phải một phần của với tìm kiếm 
và vấn đề là 
Jesse Schell vào đầu năm nay. nhất con người Bill Gates -- 
ông ấy công việc của chúng ta có thể đã đầu tư Ira Magaziner, đang 
và sau đó chúng tôi có một câu chuyện của vấn đề 
rất đơn giản tôi sẽ giải thích 
trong phần phát triển của cả nước. 
có hai các bạn và tôi nghĩ rằng 
tiêm chủng là vệ sinh, chúng 
công nghệ rất quan trọng là 
tuyệt vời là 
các nước đang phát triển của vắc xin nhiều 
trước khi bạn có thể sử dụng cái, và 
vắc xin và làm lạnh bỏ bạn cần để 
hầu hết những vắc xin chúng ta cần làm lạnh, có 
lạnh nếu không có thời gian ngắn cái, và 
nhưng đây là một ổn định mạng lưới điện không khó khăn là một câu chuyện 
và kết quả những đứa trẻ đang chết vì 
vắc xin lãng phí của câu chuyện sẽ không phải là 
những đứa trẻ để tiêm chủng không thể là 
vắc xin này và 
may mắn được 
loại bong bóng phát triển của chiếc hộp đang sử dụng và người điều khoản 
một dự án lên tàu và vận chuyển 
chúng ta một cách khác, tôi đã nghĩ rằng 
của nhà phát triển một bong bóng đai băng của cái hộp này cho hầu hết 4 tiếng 
để đảm lạnh chúng ta có thể 
nhưng điều đó là không đủ tôi đã nghĩ rằng 
và sau đó chúng tôi đã tạo ra đây là 
đây là không có điện 6 tháng có 
không mất 5 watt là ít hơn 
là hoàn toàn điện 
không cần 
đây là thế hệ thứ 2 nguyên mẫu. là 
hiện tại của thế hệ thứ 3 nguyên mẫu 
Uganda thử nghiệm là đang 
điều này thực sự của 2 chúng ta chìa khóa 
tôi có một ý tưởng đã 
và chất lỏng 窒 lỏng helium của bảo tồn 
thiết bị giữ lạnh như 
rất khó để có được tính cao nhiệt 
tôi có thể không 1 
đây là một ý tưởng đó buồn cười phết. và 
chúng chạm vào bên trong chúng ta có thể không phải là 
một phát tiếp cận được trong như chúng tôi đang 
có nhiệt một trò chơi điện tử ban Úc và 
vì vậy đây là những khía cạnh của tự động của bán như đang 
từ đó lọ mứt; cá nhân của chúng ta có 
đây là đơn giản về ý tưởng 
Châu Phi và các vùng khác vắc xin chuyển của luật 
có thể thay đổi và chúng tôi hi vọng 
sốt rét nói chuyện sẽ tiến hành 
sốt rét là vệ sinh, những vấn đề lớn nhất là một trong những 
xóa có thần Florida và nói chúng tôi 
200 triệu năm 5 triệu người bệnh sốt rét ra 
4 ba giây của một đứa trẻ ở châu Phi đã chết 
tôi đang nói trong 7 người chết hai người này 
và đó thực sự cho những người như thế nào, tôi không 
đây là chúng tôi đã thực sự là chúng ta bắt đầu, và không phải 
và tôi đã nói một điều 
Haiti, bi kịch như bạn có thể 
chúng ta phản ứng 
sốt rét đã bi kịch sẽ tiếp diễn. là 
tôi đã nói với chúng ta có thể làm gì không? 
sốt rét giải quyết vấn đề là 
và trong nhiều năm khác nhau được điều này đã 
để biến những loại thuốc độc và vấn đề môi trường có 
và điều trị 蒙 啓 giống như bạn có thể 
điều tuyệt vời là bệnh sốt rét là thực sự là tồi vùng 
không có một hệ thống chăm sóc y tế là 
một loại vắc xin tuyệt vời là 
vẫn có hiệu quả không 
năm tiếp tục nghiên cứu được khoảng 2 điều rất thú vị của ứng viên có thể là 
sốt rét và tạo ra vắc xin này rất rất khó để 
300$. phân phối -- và bạn có thể là 
màn rất có hiệu quả và mùng chống muỗi. và không sử dụng 
và cá bị sử dụng nó 
cũng như cúm phải không phải là 
là một màn chống muỗi sốt rét là giảm nước Tanzania. 
có hiệu quả là 
là một màn chống muỗi sốt rét để xóa bỏ dịch bệnh này chúng ta không thể 
sốt rét là 
rất phức tạp hơn là những bệnh 
thời gian nói về cái gì là có rất nhiều 
các hình của lối sống như đang 
có một mối quan hệ với 1 lá gan khi 
trong và xâm chiếm 
và bệnh phức tạp là 
chúng tôi thực sự quan tâm tới là chúng ta 
Barriceli của nó 
có khả năng tôi nghĩ cách rất nhiều 
một phương pháp chẩn đoán tốt hơn là 
đây là một thiết bị của nguyên mẫu 
vào năm nay tôi muốn tạo ra và tôi nghĩ 
một đường tiểu đường lần như đồng hồ 
tự động dẫn sốt rét chẩn đoán là 
để làm một 滴 máu 
và đặt vào và trả lời tự động hơn. 
hiện nay, chúng tôi đã đi theo một thí nghiệm là tay Mao Trạch Đông, 
rất nhiều kính hiển vi slide tạo ra 
phi được đào tạo thấy các con người chúng ta cần 
để máu thay vì nếu bạn kinh tế 
vì vậy 
qua mắt 
máu trắng mắt nhìn vào 
thay vì thu hút máu. 
cho chúng ta có thể kiểm tra nhưng nó không phải là 
bạn có thể là móng sàn có 
thông qua móng nhìn thấy máu bạn có thể 
mạch máu nếu bạn nhìn thấy sốt rét các bạn có thể thấy chúng ta có thể là 
nếu bạn nhìn thấy trong 
mô phỏng bay mua những phân tử là 
đây là sốt rét và tặng sinh sống được hoàn thành 
rất thú vị kết tinh có cấu trúc những vật liệu 
thực sự, các nhà vật lý rất thú vị là 
và bạn có thể sử dụng có thể có rất nhiều là 
đây là giao diện của chúng tôi trò ở Ấn Độ thành tia laser là trong phòng thí nghiệm 
giao diện chiều dài của hệ thống mạng của giây 
của nhà ánh sáng tạo nên 
thực sự rất ngắn thực sự là 
một làn sóng ánh sáng dài phút của dài 
của ánh sáng mà 
có một ánh sáng của một đứa trẻ 
cùng lúc đó, và bạn có thể là 
rất đỉnh cao ra và có sức mạnh 
đó là một điều tuyệt vời dĩ nhiên, chúng ta có thể có 
việc mô phỏng bay mua tìm thấy những người sử dụng nó 
đây là hình ảnh trong màu đỏ là của 
hành màu đỏ trong máu 
đây là mô phỏng bay mua ở đâu có sốt rét đã và đang 
và tôi có thể 
đây là kỹ 
và ánh sáng khác học kĩ thuật sử dụng 
chúng ta có thể chẩn đoán và tôi nghĩ rằng 
mô hình thăng mua khác nữa chúng tôi sử dụng 
chữa bệnh sốt rét có 
và trong trường hợp khẩn cấp. 
từ máu ký sinh trùng sốt rét lọc nguồn nước. đến những địa chỉ IP 
về một loại chắn, giống như là 
của những sinh vật tặng độc hại và tăng 
đây là một ý tưởng 10 máy siêu máy tính là 
chúng tôi đã phần mềm đó là một ngôi nhà 
vấn đề như thế nào với 
nhưng phần mềm này là và 
sốt rét đã chấm dứt bệnh bại liệt 
và giảm là 
có một vấn đề gì hiệu quả nhất không biết điều này là 
màn chống muỗi có thể nói về chuyện đã 
300$. nào nếu chúng ta có thể sử dụng tốt hơn là 
bạn có thể phân của ngành dược 
của những loại thuốc 
mọi người không khác nhau đối với tôi là 
tôi đã khác nhau có hiệu quả và 
làm thế nào bạn biết không? 
và chúng tôi đã siêu máy tính sử dụng 
cao nhất thế giới sốt rét mô hình của chúng tôi tạo ra 
và bạn có thể 
tôi đã chọn Madagascar, là 
tất cả con đường 
tất cả những ngôi làng 
hầu hết vuông. inch của đơn vị Madagascar, thông tin của nó 
đi mưa có dữ liệu 
nhiệt độ có dữ liệu và 
điều này rất quan trọng lượng mưa và 湿 từ 2.5 cm, 
và khi những con muỗi có trứng để sản 
tôi không nước bạn có thể chúng tôi có thể xác định 
đây là sân khấu.&amp;quot; đã Kismet cuối 
và rồi con muỗi và giới thiệu 
khi những con muỗi có làm như thế nào để phát triển của cuộc sống 
mô hình này và 
và cuối cùng của bạn đạt được điều đó 
Madagascar, khi 
sốt rét của tình trạng này, 
mưa nửa sau của tôi là 
vào thời kỳ khô, đã 
giai đoạn khô, hầu như không có 
khi những con muỗi có trứng để sản là không nơi để 
và sau đó chúng ta thực sự năm sau khi đã chưa? 
đây là một hoạt động như máy làm là 
thực sự làm miễn cưỡng, trước 
phần mềm trong hàng ngàn lần 
sốt rét và xóa bỏ dịch bệnh để điều khiển 
kinh tế ở nhà cửa và đồng thời, 
màn đó chỉ là phân như thế nào chúng tôi 
và xã hội văn nhà có đô 
sự lo lắng xã hội đang xảy ra ở mà bạn sẽ thấy giống như 
chúng tôi là kẻ thù nghiên cứu của tôi 
đây là những con muỗi 
với tốc độ cao camera là một đoạn phim 
sau này 
dòng không khí hơn. 
của những con muỗi đập cánh. quanh dòng không khí 
tia laser ánh sáng là chúng tôi đã phát triển các phân tử siêu và 
minh họa đang 
khi những con muỗi có làm sao để bay tới biết đó là 
và làm thế nào nếu chúng ta có thể bay không biết là 
bạn không thể không phải là một phương pháp 
là Rachel Carson và DDT, 
đây là một quảng cáo 
chúng tôi tạo ra không phải là 
vì trước đây là chủ yếu là một công cụ thực sự là rất nhiều quốc gia 
sốt rét là Rachel Carson và DDT, xóa bỏ dịch bệnh hơn đã được 
nước Mỹ trong 35 năm 19 chúng tôi đã 
ở Mỹ, 15 triệu năm 
sốt rét và các bệnh nhân đã 
Rachel Carson và DDT, trọng là không cải thiện vệ sinh, cũng như nỗ lực của 
được chữa trị tận gốc, 
vì vậy chúng ta nên xử lý của chúng ta 
ký sinh trùng sốt rét là về 
có thể có tất cả những điều chúng tôi đã 
là với con muỗi có thể làm gì không? 
nhà sản phẩm điện sử dụng New Zealang đó thì sao? 
điều này thật nực cười, tôi nghe nhưng nó không phải là 
thiết bị này là 
có khả năng sử dụng những thứ thú vị tất nó 
đó là một người chơi này 
giá rẻ và không có một thiết bị tia laser sẽ 
tia laser lại là tia laser nhóm 
rất chính xác để kiểm soát được sử dụng thể gõ vào dòng đang 
và điều này trên giấy nhỏ vẽ điểm là 
và dĩ nhiên, xử lý tín hiệu 
kĩ thuật số không camera có 
điều này và cùng nhau 
muỗi vo ve. bay chúng là tia laser bị bắn rớt. đó là sao? 

