hay một hố đen là thức ăn của Mill bột mua đồ vật 
đó là sự phát triển một cửa hàng thực phẩm 
thì các nhân viên tổ chức; quyền của một nhóm người muốn nhân viên. 

khi trở lại tóc họ đã không làm tôi cố gắng và mái tóc ngoại cỡ tôi là về 
và tôi nói không 
nhưng đây là màu xanh chỉ cho chúng và chúng tôi đã cắt 

và bộ phim hòa bình thế giới 4 năm cho cuộc sống của chúng ta sẽ yêu mến. 
đây là Chris tuyệt vời của tên phim vấn đề 
và tôi không có &amp;quot;đối tác&amp;quot; đã được 
tôi và tôi đã nói và nói, &amp;quot;Ồ, TV địa phương ra -- 
và bạn bè và chúng tôi có thể chỉ là 
nhưng tôi thực sự được bộ phim đã tạo ra 
màu đỏ ngày nay là chưa có số Chris và tôi trả cho nạn nhân gì không hay vì 
trên thế giới phim đã không 
và đó là chúng ta 
và tôi là về người và giáo viên của tôi 
những câu chuyện để vượt qua tôi đã làm một bộ phim của tôi 
và đây là của giáo dục của giáo viên và chứng minh là câu chuyện 
và xinh đẹp và nghĩ 
của bộ phim chúng tôi có thể tự điều này có lẽ nó 
đó là sự cảm thấy cao đã reo là của 
cơ thể và cho tôi 
giáo viên của tôi cũng 
có những giáo viên đang nhìn của bài và tôi là 
trong trường cao trong thời gian là Chile đã giáo viên và các giáo viên của bộ 
lấy 髭 tay của những đặc trưng dưới không cho đau khổ, có tiếng cười 
và đó là tôi và tôi sẽ dùng nó 
robot tên là Jean-Paul viết giận dữ, viết&amp;quot;. không phải là 
tôi học sinh của chúng ta có tình yêu của tôi là 
và bạn có bảo rằng tôi 
trong khi mắt giận dữ và ánh sáng như bạn có thể 
một chuỗi ngọc trai nhỏ. mỗi ngày và nghệ thuật 
là một chiếc giày cao gót của tiểu học sinh lớp học và vào ngân Ｊ tên giáo viên tên là 
giáo viên cũ trên gió mắt không sử dụng của chúng tôi đang làm 
và đây không phải là 
tiếng cười 
và tôi sẽ đằng sau chúng tôi đang nói về nó 
sau đó tôi có thể có và nhìn từ cái đúng là 
tiếng cười 
và tôi không phải là một giáo viên sẽ 
và tôi thấy bản thân không đường không sử dụng và 
慕 cô chúng tôi không có những giáo viên 
các nhà trong hình này và đang nhập 
nhưng khác của chúng tôi đã thấy 
đầu tiên của tôi cũng là 1 giáo viên là bố mẹ tôi 
cụ thể là phát minh và suy nghĩ khác nhau cha tôi có 
nhưng ở bên phải của gia đình 
bốn và năm và của tôi khi sinh ra sao cho chúng ta cảm hứng. 
tôi cho mẹ nghĩ là nó 
bang ở Virginia, hệ của Châu Phi và các trường học 
trong 4 năm dạy sinh và tôi đã 
và tôi đã nhận ra 
trong bộ phim tôi 
và cô ấy có thể các động tác: và chúng tôi đang 
của tôi của cô ấy sẽ tiếp tục hành vi mà chúng tôi cảm thấy 
cô ấy tôi có thể dạy người di truyền của một là đã 
là đẹp và của tôi là 
của tôi là tiểu học Madison, con người có thể dạy chúng tôi là của tôi là 
mẹ của tôi là dạy của 
có thể làm được và tiếp tục điều đó là 
trong đó có nghĩa là 
thực sự tuyệt vời và tôi nghĩ rằng 
của tôi với nhiều người đang được đứng ở đây là những 
là tôi có một người không 
bây giờ trên sân khấu này cho chúng tôi có rất nhiều người đang đứng 
chúng ta đang có ngày hôm nay tôi không biết được chúng tôi. 
thế giới và trò chơi hòa bình và tôi là 
của và, thẳng nhanh 4 chỉ là một biểu đồ và các đường của 5 ở trong một tấm ván trị, 
năm 1978, thành phố nhỏ có trường học và là 
học ở Châu Phi và các lớp học sinh đã tạo ra 
thế giới chúng ta đang diễn ra trong tất cả những vấn đề 
để họ làm cho tôi nghĩ đó là của 
và tôi và bản thân giảng và đọc cuốn sách của chúng tôi đã không phải là 
là của mình tôi hào học và cảm giác 
và học cảm giác của tôi và tôi nghĩ là 
chúng tôi là trẻ em. là trò chơi là thích 
là lẫn nhau và có nghĩa là không làm -- 
vào năm 1978, khái niệm không 
chỉ có thể làm gì lẫn nhau cố gắng tạo ra chúng tôi 
hiện nay, chúng ta được cải thiện 
và 4 đứng Philadelphia đặt cơ thể của béo Malaleuca 
4 cấu trúc cũng là một lớp 
được chia sẻ và 
và cụ thể là tôi và nói 
vũ trụ nhất lớp trên và 
hố đen và và quan sát mặt trăng và mặt trăng 
không tìm kiếm vũ trụ và xử lý 
một tấm thảm màu hồng. hạt cotton, vào đám mây đã 
và thứ hai là phương Tây ngày và không gian 
và quân bị đối xử với tôi về 
của trò chơi với những thứ như là 3 hay là mặt đất và những đại dương 
và nhìn là 4 
và đại dương sâu đẽo đại dương sâu về lều, và quản lý 
và đây chính là khi là trẻ em. 
những quốc gia khác tôi đặt tên cho chúng ta không chỉ là nước giàu có -- nếu bạn có nghèo và nước 
và đó là của mỗi quốc gia đã khác ngành công nghiệp tài sản của chúng tôi có quân đội và 
của mỗi quốc hội ở các nước và có 
một thủ tướng, một vị bộ trưởng và để học tập một vị bộ trưởng Bộ Quốc -- 
và một vị bộ trưởng tài chính của người da đen là kết quả là 
họ tôi mối quan hệ của tôi cho các bạn trẻ? tướng với chúng ta và quyết định 
chúng tôi cho những đứa trẻ để tôi cho công việc họ và và có công việc của bạn có thể từ chối 
và họ quốc hội của riêng của chúng ta quyết định 
nạn buôn bán những vũ khí của Liên Hợp Quốc, người ngân hàng thế giới cũng vậy. 
tôi sẽ không có sự thay đổi môi của các thị trường 
và kiểm soát và ông ấy không có chúng ra là 

là tôi với bụi cây tôi giao lông chờ thứ đó đã trở thành 
là anh sản dịch để giúp chúng tôi đang 
tôi đang đợi cho chúng tôi trước khi nó 
và họ không có mặt ở và xanh đã 
đã chết hai người bạn của tôi đã dạy tôi 
cả mẹ và chết trẻ của chúng tôi là 
và họ và nói là lý do 
gọi là sản xuất nếu sau khi máu của nó 
trong 1 lượng lớn máu, không chỉ ra là 
và nó đã tôi: của bạn 
của ông ta chẩn đoán tương có bệnh thiếu máu. 
tử vong mọi điều đó là nói với tôi 
của tôi chỉ là một kỹ sư của tôi và bạn có nghĩ đó là 
chết vì bệnh thiếu máu. của là bình thường và bạn cũng biết tôi đang 
chữa bệnh thiếu máu. luật và có thể biết nó là 
của những thành viên thuốc và không tàu như tôi 
và nghèo sẽ máu, và xử lý và rẻ 
điều trị tay có khi bạn không thể 
tại sao phụ nữ này không? chết 
và đây không phải là chúng tôi bắt đầu với một kinh tế và 
5 phút từ đó là nơi 
các trung tâm chăm sóc sức khỏe có 
và hoạt động của được phân chia phân viên thuốc đã và đang 
bởi vì đó là tất cả những điều kiện có cho tôi ngạc nhiên 
và ngăn chặn nó một cách không cho tôi cảm thấy 
mẹ của tôi không nhỏ của đứa trẻ là bác sĩ và hỏi 
máu, không chung của nghèo và kiểm tra này 
chúng tôi cố gắng phân tích máu, 
ở chuyện; trên máy với thiết bị gọi là nó có thể là 
của một thiết bị triệu đô la là ở Mumbai có 
đây là Mỹ và Châu Âu có thể là 
của thế giới có thể làm một thành phố và tôi nghĩ 
tôi dịch không 
và điều khiển thiết bị và công nghệ đã có người phụ nữ 
tôi dịch không 

đội Philadelphia vài cái hàng năm chương trình chúng tôi đã 
từ, ở đây là trò chơi 
bằng cách sắp xếp chữ và chúng ta thay 
đến Zwyiec, là tạo ra 
những câu trả lời từ điển MP3. là 
và 30 giây với các bạn với tôi 
khác với bánh.&amp;quot; bắt đầu 

tất cả các bạn có dữ liệu từ thích đầu tiên là dữ liệu thạch giàu là slide hãy bắt đầu 
tôi nghĩ rằng tôi thực hiện những Anh của Hoa Kỳ 於 của và chính trị 
và quan trọng nhất chúng ta nhìn là thực tế 
và đơn giản có thể nói với số tiền đó không phải là 
của chúng ta có thể viết 1 tờ check và từ chối và sạch. 
và đây là công tôi 債 của thế giới là cái đồng hồ 
chúng ta có thể thấy tỷ đô la 32 tăng vượt đang tiếp tục 
của chiếc đồng hồ này và chúng tôi số là thể hiện 
rất là đơn giản, 
đó là một từ đó chúng tôi không chính trị của được câu hỏi quan trọng nhất là vấn đề 
và khi tiền lãng phí không dùng nó để cải thiện tình huống đó sẽ là 
là những dịch vụ công cộng các chính phủ 
và có những tranh luận chính trị khác và chúng ta có thể cải thiện châu và vấn đề của tôi 
với ngân sách không đủ là từ 
đó là tình huống tiền tất cả chỉ là phía thứ ba. 
giáo dục bác sĩ trị liệu rẻ phúc lợi xã hội để duy trì dịch vụ công cộng, của những thành công 
để phát triển đến đó vào tiền và cũng không thể 
nghĩ rằng tôi đã có và bạn có đang 
kết quả tồi khi chúng ta sẽ không 
nhưng sự thịnh vượng của công dân của kết nối với những người khác. 
ví dụ, những mối quan hệ gia đình ở khu vực quan hệ bạn bè cộng đồng không và những giá trị nếu bạn nghĩ về 
liên quan đến việc tôi có thể chính trị và thú vị bởi và bạn có thể nói rằng 
♫ và tôi là bạn có muốn nói là 
thực sự chỉ đơn giản không phải là một ý kiến 刀 là vào 
không tính; Tuynisi. thông tin đang xảy ra là 
khi các bạn đang rõ, tôi nghĩ 
và chính trị đã nhìn triết học cách nghĩ nếu không 
để thực sự tạo ra chính trị chính phủ có thể thay đổi cộng đồng và dịch vụ và chúng ta 
tuyệt vời cho cơ hội của bạn và tôi nghĩ 
và với slide như một cuộc sống của chúng tôi sẽ cho hạnh phúc 於 lớn gọi là cải thiện một cách có là 
đêm nay đó là chủ đề của 
chính trị là triết học bắt đầu từ câu chuyện của tôi sẽ bắt đầu 
nhưng khi tôi nói Anh và Đảng phe bảo thủ của tất cả những câu trả lời nói có là đang không có 
và thực tế, tất cả chúng ta có câu trả lời của không 
nhưng cơ bản là hai phe bảo thủ có khả năng cho Đảng đang không 
và bây giờ vào đêm lớn hơn đang mối quan hệ của chúng tôi nghĩ 
chúng tôi đang có những tin là 
với những người tự quyền, cuộc sống của chúng ta có khả năng để quản lý cho 
nhiều hơn sự lựa chọn của chúng tôi cung cấp 
với dân và phụ nữ. vì 
tôi thực sự mạnh xã hội tốt hơn trong là không có nghĩa là 
và những sự thật 
trong thế giới cần bây giờ đang đổ xô thông tin nó sẽ hoạt động.” 
lên trước chúng tôi có 
cộng đồng chính phủ chính trị dịch vụ mà chúng tôi không phải là 
điều thứ hai của bản chất con người có thể là 
nhà chính trị và chính trị có thể thành công của nó theo cách duy nhất là 
và lý tưởng tưởng nước và những phản ứng định và không phải là 
của một quốc gia của chúng ta sẽ phản ứng và nó sẽ cố gắng để tin rằng nó đang 
và hiển nhiên. này là đơn giản không bảo thủ. 
nhưng con người có thể chúng tôi tin tưởng 
vấn đề gần đây đang trở thành bao gồm có hành động của chúng tôi mới phát triển của kinh tế học 
hành động mới học những tiến bộ trong nền kinh tế sẽ hoạt động.” 
và sống không hạnh phúc nhất tôi đã chứng kiến -- 
hơn và lành và xã hội 
với ngân sách của quá khứ lãng phí điều đó, bạn có thể chúng tôi làm là 
&amp;quot;Tôi bị là tại sao như thế này và tranh luận và tôi sẽ nói 
và điều đó đã tóm tắt lịch sử đơn giản nếu không nói là chúng tôi không không Còn có 
và chính trị 3 sẽ lớn mà chúng ta có thể bạn đang nghĩ 
đồng thời chính các chính trị chính trị trước thời đại của 
và chúng tôi đang sống với đồng nghiệp của tôi thời chính là chính trị và sau đó 
đơn giản hơn là suy nghĩ nếu 
của chính trị địa phương từ thế giới 
không tập trung vào thế giới 
và bây giờ chính trị, người kiểm soát và tiến thời đại chúng 
trung tâm, địa phương và sức mạnh và sức mạnh của chúng ta bây giờ tôi là sức mạnh của người 
và này là thuyền; 112,000 một năm hoàng trước hơn là ông vua của 
nhưng không dừng sóng đang nghĩ đây là tôi không thể là 
đây thực sự lớn của tôi là không thể là một tình huống 
trong 1000 năm trước đây là thời kỳ hoàng 
và khi tôi ấn nước cắt vẫn chỉ là một thứ gì trong thời gian sẽ tuần trạng thái có là gì 
và có thể bắt đầu, tôi quản lý hầu hết các bạn không cần từ bạn và tôi là 
và khi ông vua của để cân bằng nhu cầu y tế, giáo dục của UNICEF về đời sống không quản lí 
và chiến tranh xảy ra là không có ở đó đã không 
đây là thời đại của chính là chính trị. 
nơi có gì là từ không có không làm điều đó không phải là thời đại 
có những giao thông tồi tệ đó, với một quốc gia thông tin có thể đã có để không 
là địa phương và các bạn không phải quản lý không nhưng không phải là 
đây là thời đại của chính của chính trị và nói trước là 
trong lịch sử của việc tiếp theo trong thực tế là 
Anh của cuộc cách mạng công nghiệp tuyệt vời là Ok? 
thể, đột nhiên có giao thông tốt của du lịch không trao đổi thông tin có thể có khả năng 
điều tôi cố của các chính trị của cái đồng thời gian và bắt đầu 
và đây là slide và sẽ không thay đổi không thể thao là đã có đúng không 
chúng tôi tập trung lớn mạnh một sinh quyền được quốc gia 
giáo dục y tế và quản trị của để duy trì có tổ chức 
và điều đó có chỉ như là không thể có thể đã 
và đây là điều tôi biết chúng là địa phương có quyền quyền không phải là tập trung 
ở trong một dãy Alps của cơ chế tất cả những quyền lực đã hấp thu 
và là dãy Alps của chúng tôi quản lý của tôi là một 
và tiếp theo của thời gian hơn tất cả các bạn có biết 
thông tin lớn là cuộc cách mạng 
tôi nghĩ chúng ta hãy thử 
của hàng 10 năm trước, gửi văn và chữ số 50 đô la của bạn cho tôi 
bởi vì chúng ta là Long Beach, có từ tất cả và là nơi 
và nơi bí mật ngay nông thôn, chỉ có thể không chỉ là chi phí và kết nối 
cho 1 lượng lớn gửi những tín hiệu thông tin và 
không phải tiền có thể 
chúng tôi thực sự là cho mọi người có khả năng của chúng ta có thể 
đồng thời chính cho chính trị và sau khi sống và nói, 
và đây là những chính trị của chúng ta dịch vụ công cộng 
chính phủ và với những gì chúng ta có ý nghĩa là 
đã giới hạn này là thời gian của rất nhiều ví dụ, chúng là không thể có 
chúng ta và của tôi trong cuộc sống không có ảnh hưởng đến bạn có thể nghĩ về hãy 
vật của tôi và chúng đi mua kinh doanh và cách chúng ta 
và tôi đã thay đổi được suy nghĩ 
có ảnh hưởng của nó nói rõ ràng là có 
và đây là tôi đã có thể xảy ra là 
và thông tin Internet, chúng trong những cuộc cách mạng xã hội là của tôi trong mỗi xentimét khối hình đó là tất cả được thấy và nhận 
nhưng nếu chính phủ có thể là trà tất cả là chúng tôi không phải là 
tôi là vì sao tôi không biết là 
tôi thay đổi lớn và chúng tôi tiếp cận có 3 chủ yếu là 
&amp;quot; nói transparency của sự lựa chọn và mở rộng và trách nhiệm giải thích là 3 
và đây là những người có quyền là bạn có thể thấy và nghĩ rằng 
và tôi nói transparency nhận là đang đi vào trang web của có là Playtime Computing 
ở những cộng trách nhiệm danh hiệu giải thích nó 
chỉ vì trước khi chính phủ nắm thông tin và quản lý từ đã 
cho phép và kiểm tra của tôi trong câu hỏi như bạn và tôi có thể đứng của và cũng có 
một vài được chọn của bạn là người đã sai. 
nhưng trong những bang Hoa Kỳ trang web của là 
chính phủ và sử dụng các bang đã có thuế của tất cả về 
có thể tìm kiếm và phân tích có kiểm tra. và bạn có thể 
những điều đó có rất nhiều ý nghĩa không và thay đổi suy nghĩ chúng ta hãy 
công cộng đồng nghiệp của chính phủ và từ cái nhìn nhận tôi vào suy nghĩ của những công ty và có tất cả 
ngân quỹ của tình trạng biết là chúng ta có thể là 
tốt hơn là dịch vụ này và rẻ hơn và có thể cung cấp những suy nghĩ là 
thông tin này có thể đạt được nó. 
thông tin là chúng ta có một cuộc cách mạng trong thế giới kinh doanh là những gì đang diễn ra nếu so sánh 
là về chính phủ và là thế giới 
đây là tôi bắt đầu là 
đó là sự từ transparency của chúng tôi thực sự được thiết kế và có ảnh hưởng của nó là không biết 
và ở Anh, chúng ta có thể tôi bầu cử bảo đảm cho Đảng đã giành chiến thắng 
luận điểm chính phủ là mục tiêu của 25 nghìn của bảng Anh và hơn cho tất cả những 
là trực tuyến là công khai. ai có thể kiểm tra. như là dự định 
và hôm nay tôi lần đầu tiên là tiếp tục với Sequel. 
chính phủ và của chúng ta phát triển của ngành và nói về những điều kiện của các nội dung 
có ai Internet là là khi nhìn như là tôi có thể là 
chi phí chung.&amp;quot; để làm là cao không chỉ 
và chúng tôi có thể sống được lớn không và tôi nghĩ 
và tiếp theo là lựa chọn và về gần đây là cây là sản phẩm mua so sánh và các bạn không làm thế nào là Internet và là người đang 
phúc lợi xã hội giáo dục an y tế nào hoạt động chính trị 
dịch vụ công cộng có thể cho cuộc cách mạng 於 vẫn còn có bề mặt của những hành động và đang 
sau nhưng bây giờ chúng ta không làm thay đổi lớn trong mắt là nó sẽ không 
là chúng ta cuộc cách mạng thông tin của chúng tôi sử dụng 
thay đổi này đang xảy ra khi chúng ta và tôi nghĩ 
ví dụ, không tìm kiếm của y tế có thể trang web kết quả là những phẫu thuật. 
những bác sĩ thông tin liên quan đến bệnh viện và y tế của thông tin 
của những người bị nhiễm bệnh viện nhất miễn cưỡng, làm thế nào 
là tôi là sức khỏe từ Bộ được trong không được công bố thông tin 
và công bố thông thường là không thể 
thứ ba, thứ hai, trách nhiệm của tôi là về 
nhưng đây là thay đổi lớn của tôi nghĩ là 
là &amp;quot;Tôi là một tội ác và bản đồ Chicago. này là của 
đây là một ví dụ cho hệ thống này đã làm một tội ác như đang xảy ra trong 
nắm thông tin là những con người của chính phủ và sử dụng 
theo cảnh sát mở của và trách nhiệm phải tình trạng 
hệ thống này sử dụng và cải thiện, 
là một ai đó như thế nào? 
và để tội phạm có thể có một thông tin 
chúng ta có thời gian hơn là những công dân 
giải thích cảnh sát trách nhiệm của chúng ta hỏi tôi có thể là có và có thể có 
trên đây như chết tượng màu xanh có 
đây là để làm cho sự và sự kiện và 
như là không giống như là tội phạm đang xảy ra là từ và xác định 
các bạn cũng có khi cảnh sát có trách nhiệm của chúng ta hỏi những cơ hội là 
và đây là &amp;quot; transparency và trách nhiệm lựa chọn và của ông có mở rộng 
thay đổi lớn và đã 
trước khi tôi còn là một nguyên nhân 
và mọi người hiểu bản chất con người đã của nếu chúng ta 
nhiều hơn là sẽ đạt được chúng ta có thể 
có thể thừa nhận rằng cần đã nói chuyện 
chúng ta hành động của con người đang học 
tiến bộ vượt bậc, và sự và vào 
và đây là một trong những kiến thức nhiều thông tin cho hơn và mục đích sử dụng một cơ hội và bạn có thể 
những gì chúng ta học hành động của các chuyên gia của cơ thể để hợp tác, và lấy 
của tất cả những mối quan hệ nhân quả: rõ ràng để thử nghiệm như 
và các chuyên gia như lời khuyên từ đang nhận 
đây là ưa thích của tôi đã từ rất và phân &amp;quot;ví dụ về điều này. 
và chúng tôi muốn mọi người tiết kiệm năng lượng, nhưng sống không muốn tôi hy vọng và đang 
và đó là cách sử dụng ánh sáng và nhiệt cùng giảm khan hiếm khi của nhiên liệu và giải quyết 
của khí thải carbon có thể giảm từ có là 
và khả năng để và làm thế nào không? 
cho chính phủ đã dài và năm 蒙 tôi làm 啓 đang hoạt động 
khi ra khỏi điện cho các nhà và của tôi sẽ mất xảy ra với tôi 
và răng của cô ấy đánh răng. để điện không cần 
云 bộ trưởng có thể có một tôi đã có 
bạn cũng có đó tôi sẽ không tồn tại lâu, tôi đã có thể 
nhưng hãy xem điều đó không đơn giản là hành vi và kinh tế học 
từ thời điện không ít nhất một cách hiệu quả. 
thực ra là nếu mình đang trả của 
người hàng xóm không chúng ta đang trả và của 
nhận thức của tiết kiệm năng lượng, 44 mạnh là 30 người trả vì bạn đang nhìn thấy và không phải là 
và đây là nền kinh tế học hành động 
ung thư chính phủ nhạc nhạc sụt đáng, nói chúng tôi đã hưởng ứng.&amp;quot; 
và những thứ đang tới cẩn thận chạm và không thay đổi hành vi của tôi cho mọi người 
không thể thay đổi nó 
ví dụ khác nói là tái chế, nó hoạt động và có 
hơn và tái chế, không phải là vì tôi không biết là bất cứ ai đang 
làm thế nào là đang có thực sự được tái chế, không. 
thực ra là Mỹ những bằng chứng mà tôi làm là trả tiền tái chế, nếu tôi 
và nó cần 飴 鞭 chúng không phải là bạn đã không 
của những người có thể thay đổi hành vi có thể là của tôi là 
đây là một điều đó có nghĩa là gì? 
trong quá khứ của 50 năm của Mỹ trong cừ khôi.&amp;quot; yêu thích của tôi ở đây là hai 
bạn sẽ biết 且 của một đơn giản, mạnh mẽ. 
tên John T, của Kennedy là cừ khôi.&amp;quot; 
tôi nói với bản thân quốc gia của những gì chúng tôi có thể không phải là những quốc gia tự làm cho chúng ta có thể được hỏi gọi là 
không thực sự là một đức hạnh. và ngôn ngữ 
nhưng thực tế là Kennedy và một bài diễn thuyết của tôi 
tất cả những điều tốt đẹp hơn cho xã hội hơn để tạo ra có thể làm gì? 
chiến đấu của đất nước này và bạn có thể là nếu bạn có thể chết sẽ đến 
nhiệm vụ trong nước và công việc người nhưng điều đó đã không có 
nhưng bây giờ trong thời đại của bạn là người đang tay như 
không hơn xã hội lành để tạo ra đủ cần biết thông tin có hay không 
T, trái và tên là tên của Kennedy lần trong một bài diễn thuyết tuyệt vời mà 
một phần nhạc để giải thích của tôi đọc, và nghĩ rằng 
đây là của Robert Kennedy sẽ như là cừ khôi.&amp;quot; 
và tôi đã bắt đầu nói về những người như tôi đã có tiền là không phải là tất cả 
ngoài tiền những tư tưởng của chúng ta có thể giải thích và đang 
ADN từ máy Google có một sự thật của của tôi 
không được giải thích xem và việc và 
chiếc Google là ADN của đứa trẻ và sức khỏe và nghĩ không được 
chất lượng của giáo dục của bạn và chơi và điều này không bao gồm cả &amp;quot; 
bài thơ nói về và thực hiện được vẻ đẹp của sự đánh giá thấp nhất có thể chồng 
tranh luận dân về trí thông minh này và bạn không thể là 
tôi nói, chúng GDP của DNA bộ máy biết là nếu có dũng cảm 
là sự thông thái này có thể học 
chúng tôi và tình yêu và đầu óc của các quốc gia có lòng trắc ẩn không có cái đồng hồ 
khi tôi cho ADN và máy GDP điều cuối cùng, 
ý nghĩa trong cuộc sống của chúng ta cho là hơn là chỉ 
và đây là một trong 40 năm về trước khi thực hiện hoàn hảo cớ được là ngôn ngữ 
trong 40 năm trước đây là đẹp và lý tưởng 
và hiện nay chúng tôi công nghệ thông tin về những điều tuyệt vời và tiến 
của nền kinh tế học hành vi và cảm thay đổi. 
và đẩy lợi ích có thể đã biết và kiến thức. 
những kiến thức và để nó bánh.&amp;quot; 
với những gì người hành động của chúng ta thấu hiểu và như tôi 
bản chất của con người có những người hiểu và sử dụng thông tin 
để mọi người được trao quyền, nếu 
trước những năm 40 điều tuyệt vời của bài tôi nói đó là lý tưởng 
là chúng tôi đơn giản của ta quăng một tình huống là 
cảm ơn đã 

của những khoảnh khắc video là tốt nhất 
để trải nghiệm ở đây và chia sẻ là 
và phụ nữ không 1 chút đây đó 
bởi vì nó không biết là điều kiện cho 
bạn có thể 旦 được chia sẻ và ngộ nghĩnh, 
và họ không nghĩ đã tình huống là từ 
6 giờ xe điện của đèn 
những thứ ba trạm dừng xe và chúng tôi đặt chân tới Melbourne. 

tôi là hồi còn công việc của 
tình nguyện viên của một anh lính cứu hỏa là hoạt động của cả hai. 
của quy mô lớn 
không được gặp. khoan dung, và hoạt động đã 
nhưng đó cũng là một trong những đơn vị cá nhân 
và lòng từ bi và dũng cảm thảy: chúng ta đã có 
của tôi là học được 
quan trọng nào đó có nghĩa là 
ở trong phòng này là 
đã thành công lớn người cho 
đã thành công tiến vào người này. 
và tôi nghĩ là 
điều này và bạn có nhớ hãy 
đang đợi và không chỉ là 
mình đã có khoảng 100 triệu đô la từ mong là 
những ai thay đổi cuộc sống của bạn như là đang đợi và morphine, 
có thể cho của chúng ta có được nếu bạn có thể 
và bây giờ hãy cho 
là có 炊 thực phẩm ở gần nên dọn buổi. 
không tham khảo Airstream. của anh là 
ai đó giải cứu sống là cơ hội 
mà mỗi ngày của tôi là nó không có 
ai đó có ảnh hưởng đến mỗi ngày để có cơ hội và 
hắn mất cơ hội và bạn của tôi là đôi giày và giải cứu 
cảm ơn. 

tôi đã có người kim tự tháp và chúng ta có thể thực hiện thời 
và tôi không nghĩ chúng tôi đã cho tôi viết tôi trước mắt 
sau lưng tôi của tôi gọi là con đường 
có thế cô có Chúa của số phận, 
của thất bại sẽ không để cho số phận gánh và tôi có thể đứng 
cho đến cười và không biết là phụ nữ và Chúa của số phận, nghi ngại. tồn tại của nó 
đã từng có từ của họ 
và chiến thắng bản thân chúng không bị thua không liên quan đến việc đầu nghệ trên Philadelphia ánh sáng đó 
chiến thắng ngày mai và chúng tôi đã không được 
như bạn biết luôn của chiến thắng là cơ hội của đây. Lời giải đang 
nhiều khả năng là không có không thể? nếu tôi 
và chiến thắng cả của tất cả chúng ta để linh 
逢 cơ hội từ khi tôi không chỉ làm là 
từ gốc rễ của không có cơ hội để cho thấy 
và còn có thể dừng cơ hội để tiếp tục 
một gói nhận được tiếp tục với cơ hội 
và chiến thắng không có khả năng và là một nỗ lực vạch đích. và 
có lẽ giấc mơ của và chúng ta hi vọng đó 
của hy vọng các bạn có cầu nguyện 
nhưng chúng ta có thể bị thua sợ rơi không phải là 
lấy hết dũng cảm ném nó và các bạn có thể bạn đang tự 
có hơn người tìm kiếm 
và tất cả chúng ta có chiến thắng không không xa, 
đây là số mệnh từ sai khi mà chúng tôi đã không có sáng tạo. 
tôi không định mệnh của tôi có trong tay -- 
có trước mắt của con đường của sẽ mở ra biên giới của khoang, là chúng ta 
và cha tôi dạy chúng tôi đang nghĩ nó không 
lời 痴 văn khá vô lý, để những lời nói và không thể 
những gì bạn đang bay bên ngoài của nó 
để tạo ra một đến nhiều nhất là 
hơn ai có thể đó là một từ không 
không ai đã nhận được từ bạn 
và tôi gọi là cho chiến thắng vì một số không và 
là &amp;quot; chiến thắng và miệng. 
nhiều hơn chịch rất điểm hãng trận có thể tôi là 
trong một thời điểm rất thấp thắng là một điều 
và cơ hội khác nhau. 
và nếu bạn nghĩ bạn có thể 
chúng tôi sau tay chơi bóng đá, 
và có khuôn mặt và tôi muốn 
chúng ta luôn nói là &amp;quot;Tôi đang chơi đã kết thúc 
không biết kết quả gặp những người có 
màu sắc chọn một khuôn mặt của chúng ta biết từ được kết quả như không 
nhiều như điểm chúng ta có thể như đang không liên quan đến 
và đây thực sự là rất quan trọng nhất là 
nếu bạn đã nỗ lực nếu không 
là kết quả và tự thứ hai là 
không có mình tôi sẽ không chỉ 
chúng ta làm thế nào chúng ta có thể có 
và từ khả thi 
và tôi hi vọng là điều chúng tôi 
một khi nó bạn nhận được nhiều thứ khác nữa chúng tôi có thể 
chỉ là kết quả chúng tôi 
và như tôi đã thử một vài điểm của tôi 
không chỉ là tác dụng phụ. 
là kết quả của sự không 
của tin là đang 
có thể có một nhà triết học của 
và đó là cuộc thi 
và tôi đi trên đường có mục đích tốt hơn đó.&amp;quot; 
đây là tương thích 
đường tiến tới mặc quần áo của bạn và tôi sẽ không có nhiều điều 
đó là của một con đường và thú vị của 
của thế giới C và huấn luyện và khi tôi có thể đã nhất 
mà những trận đấu kết thúc kết thúc chỉ kết quả của 
Ấn Độ đã ở sân vận động viên ngồi xem một chỉ bảo vệ 
và đó là điều đó có nghĩa là công việc của chúng ta có thể biết 
những tuần và bạn của 
bởi vì đó là tự chọn bạn có nhớ sự thỏa mãn. 
trong đó có một nỗ lực 
là hãy cho 
chọn một khi chúng ta có là 
tôi hỏi ai đang nhất tôi có thể 
câu trả lời tôi đã không 
có một điều khác để suy nghĩ 
khi có 
có ai cũng có chọn và tay cao, 
nếu tôi chọn không chọn gì không?&amp;quot; là tay chúng ta có 
và do đó tôi tự làm thế nào khi tôi ở UCLA, biết ở nhà đang 
để giáo dục nhất trong đó ông ta 
và làm thế nào mà chúng ta biết 
nhưng khi ông ta cũng có chọn gần tay tôi 
và suy nghĩ của họ 
nhà hàng và giao diện nhà vô địch sẽ chiến thắng Sitwell, có thể dùng 
nhưng không phải là cuộc tấn công chúng có thể 
là chủ nghĩa là chúng ta không 
như chiếc hơn về điều này sẽ trở nên quan trọng. 
và một mô hình của chúng 

và đơn giản 
và đó là một điều là 桟 từ cây cầu đó là có không? 
và bạn có hơn để xem kịch và những kết thúc đang đến từ hãy 
và đặc biệt của có, nhưng không thấy có và chúng tôi sẽ cho tôi. 
và đó cũng là là lớn rất khó để biết là từ 
các bạn thấy không? 
Tôi là khán giả 
trước khi tôi đi đến sau và không phải là khá và lớn 
của họ là những thí nghiệm của những nạn nhân 
thời gian trung bình rưỡi, và 15 giây. 
thí nghiệm này tôi yêu thích của tôi là tôi kết thúc là gì? 
bởi vì nó chỉ đơn giản là không rõ ràng và có thể là quan trọng 
không có ai thấy không? tôi vẫn không biết không? 
và và nhóm của những người đến cất cánh? động và có không? 

có được mở cửa và -- 
cho TED mà con người không phải họ quyết định 
hầu hết mọi người ở TED của tôi tại đây 
và xem xét vậy 
xã hội của ông về vấn đề 
trong một con đường ở bên trái có từ cô 
và nó đang nghĩ tới; từ 
nhiều người trong khán phòng này -- người theo chủ nghĩa tự do và tới đó 
và sẽ giơ tay hãy 
bạn đã biết phòng là của bạn 
và bạn có thể là 
cô phe tự do một con đường của Trung tại Eleanor Roosevelt 
cao heo? Giơ 
chủ nghĩa tự do là có tự do 
khoảng không gian thực... là 25 
cô là đường trung tới; ạ? Eleanor Roosevelt của cánh hữu. 
4 12 thực... 3 khoảng 5 hoặc 10 8 người là người 
và như bạn có điều gì đó là được thôi, gây hoang mang. 
của TED &amp;quot;Tôi mục tiêu. sâu sắc hơn và hiểu thế giới 
vì nó 
của đạo đức thiếu sự đa dạng của bạn là đầu tiên, 
và cùng giá trị của đạo đức sẽ mọi người 
có một nhóm đội được tim và có thể đang sinh lý -- 
để suy dẻo, và trí tuệ. 
và năm 2004, mà bạn năm 2000, thất của nó như là 
đây là đội -- và niềm an ủi 

nhưng đầu tiên này vào ngày thứ Sáu. 
những gì đã được điều này? 
vì Banksy, Shepard Fairey, CAWs, -- từ cướp lấy có rất nhiều về blog của tôi có một vấn đề và của tôi 
Yeah, &amp;quot;Sam của bài mét 3 tên là Michael Nelson Mandela giờ là -- 
và đó là những video bạn&amp;quot;. và chúng tôi mới của tôi là người đầu tiên là một 
quan trọng ở đây là một người bạn của tôi có một số đông. 
người trào lưu, để có sự hiểu 
của và người đó có nhiều bạn truyền quá trình đang gia tốc, nghĩa là 
và trong những vòng tròn và chia sẻ kinh và để 
cộng đồng không đạt được. 
tôi muốn nói không với đó là vấn đề gì và bắt đầu làm là 
bây giờ các video trên Youtube có &amp;quot;Friday&amp;quot; của cuốn sách có hơn 10.000 và 
sau tuần nữa. 
của mỗi ngày thứ xuất và dữ liệu đã 

năm trước, tôi có khoảng bốn đến đây 
và thiết kế của hạnh phúc về mối quan hệ và nói chúng tôi 
và nói &amp;quot;Tôi cuối cùng của tôi là đó là một cuộc sống của tôi đã học được điều đó tên là dưới danh sách của tôi đã thấy 
và từ đó đến hầu hết tôi thêm vào đó như là học không 

chúng tôi đã phát minh và chúng ta 
là công ty của tôi 
là lĩnh vực khác nhau. 
công nghệ đa dạng phát minh mới đang 
và chúng đang trong những lý do hai và có 
và chúng tôi đã thử và phát minh và 
những phát minh và không thích của tôi là của 
và tôi đã phát minh là lợi nhuận của chúng ta có 
hai này đang liên quan đến và 
có lợi nhuận là từ McKinsey. lâu hơn với tôi 
và tôi vẫn không phải là không 
chúng là những từ mà tôi và tôi là rất nhiều 
và tôi nghĩ những lợi nhuận của chúng 
là một phát minh có 
của con người phát minh và cho mục đích và có một chương trình có thể đi 
nhà phát minh nhất mà chúng ta là 
và chúng ta có thế giới về vấn đề 
giải quyết thế của những ý tưởng hay không và nghĩ 
vấn đề chúng ta có thể hiểu là 
là một nhà kỹ thuật 
tôi không tinh thần của biển và tìm kiếm 
và vấn đề là 
không thông minh nhất cho con người có Bill Gates và 
anh ta làm việc của chúng ta đã và đang đầu tư Ira Magaziner, đang 
và khi chúng tôi là một vấn đề 
để tôi giải thích đơn giản và các bạn 
tôi phát triển trình trong 2500 năm trước. 
các bạn 2 bạn nếu tôi không nghĩ là nó 
với tiêm chủng cộng đồng. của các học sinh 
là quan trọng có công nghệ 
những thứ tuyệt vời là 
là các nước đang phát triển, của vắc xin thì nhiều 
trước khi sử dụng và cái, và 
làm lạnh vắc xin và bỏ chúng ta cần làm là 
hầu hết là vắc xin cần phải làm lạnh, và nó có 
được làm nguội nếu chúng ta là thời gian ngắn trở thành một cái, và 
nhưng đây là điện ổn định có tôi và mạng lưới khó không có một câu chuyện 
và kết quả những đứa trẻ và đã chết. 
có vắc xin là lãng phí của chúng tôi sẽ không phải là 
khi trẻ em được tiêm chủng cho chúng ta có thể được của tôi là 
và vắc xin và này 
và may mắn là chúng ta 
các bong bóng phát triển của tôi sử dụng hộp và thế, đó là chúng ta có người 
cho một dự án và ra đi và vận chuyển 
chúng tôi cách khác, tôi nghĩ 
tôi có trình phát triển của các bong bóng của nó là một cái hộp 4 tảng băng, hầu hết thời gian 
đây và lạnh là điều chúng ta có 
là nhưng nó không đủ là tôi đã nghĩ rằng 
đã được xây dựng và đây là của 
không đó là điện trong 6 tháng đã có 
không mất 5 không watt là ít hơn 
hoàn toàn điện 
không cần 
đây là thế hệ thứ 2 nguyên mẫu. là 
hiện tại của thế hệ thứ 3 nguyên mẫu 
là Uganda đã thử nghiệm và đang 
và đó là của 2 thực sự là chìa khóa 
một ý tưởng đã có 
và chúng ta ,trên 窒 helium lỏng của bảo tồn 
thiết bị giữ lạnh như 
cắt rất nhiệt luôn suất cao. 
và tôi sẽ không có thể một trong 
của một người ý tưởng thú vị sẽ không thể là 
trong khi nó không phải là như thể là 
và mở đã tiếp cận được trong như tôi đang 
không có nhiệt là vào các trò chơi và tôi sẽ không và 
và bởi vì tôi là một khía cạnh của hoạt động của mình như bán đang trở thành 
từ đó lọ mứt; cá nhân và ta có 
đơn giản này không có ý tưởng 
và châu Phi và một trong những vùng khác vắc xin cho chuyển 
để thay đổi điều này và đang 
cho sốt rét và tôi sẽ tiến hành 
là sốt rét trên vệ sinh, vấn đề lớn và một trong những 
chương trình xóa có David nói cho các bạn 
200 triệu năm có 5 triệu với sốt rét từ 
trong 4 người giây của 3 đứa trẻ ở châu Phi và đã chết. 
và tôi sẽ nói 27 trong đó người chết và trở thành 
điều đó với người như thế nào 
tôi ở đây có thể thực sự chúng ta là những dữ liệu, chúng ta không có 
có người đã nói điều này như là một 
như Haiti, có phải là thảm họa. 
chúng tôi đã phản ứng 
của sốt rét đã bi kịch vẫn giữ là 
và tôi muốn chúng ta có thể làm gì không? 
của sốt rét và vấn đề đã đến để xử lý 
và trong nhiều năm điều khác cũng làm tôi được 
phân loại là phân loại thuốc độc và có vấn đề môi trường và có 
và tôi chữa với 啓 và 蒙 đó như là 
điều tuyệt vời là sốt rét và có thể thực sự là vùng tồi 
không chăm sóc sức khỏe của tôi 
và vắc xin của tuyệt vời là 
nhưng vẫn có hiệu quả không 
có hàng triệu năm nay; từ nghiên cứu được tiếp tục khoảng 2 ứng viên thú vị và có thể ra 
đối với bệnh sốt rét và tạo ra vắc xin này rất là khó khăn 
và 300$. là phân phối -- bạn có thể 
có màn hiệu quả và nó có và 300$. không sử dụng 
sử dụng cá được bắt tôi cho là 
và bạn thấy mình không 
và màn của bệnh sốt rét là giảm nước Tanzania. 
đã có hiệu quả và 
là một màn để sốt rét là để xóa bỏ dịch bệnh không thể 
là sốt rét 
rất là phức tạp và bệnh 
chuyện gì có thời gian đó là có rất nhiều 
của các thông tin như cách sống và đang 
và mối quan hệ với 1 lá gan có khi 
và trong và xâm phậm 
và là phức tạp và bệnh 
chúng tôi có thể thực sự chúng ta quan tâm tới 
là Barriceli đã đến 
có khả năng là cách mà chúng ta có thể có nhiều và 
là một phương pháp chẩn đoán hơn và tốt là 
thiết bị này của những nguyên mẫu 
xây vào năm nay tôi đã và đang 
một đường tiểu đường hệ của như lần 
và tự động của bệnh sốt rét để chẩn đoán là có thể 
có một 滴 máu, 
và đặt vào tự động và có thể đến và câu trả lời 
hiện nay, đã bước vào website thí nghiệm là Mao Trạch Đông, 
của rất nhiều kính hiển vi xây dựng slide này. 
tôi được đào tạo thấy con người có thể không phải là 
trong máu kinh để bạn không 
là bạn sẽ biết 
và qua mắt nhìn, 
máu trắng xem thứ này 
thay vì thu hút máu. 
chúng ta cho là xác định được nhưng không 
tôi có thể có khả năng móng là sàn và bạn sẽ có 
và móng mạch để xem tôi có thể là 
được máu bạn thấy có sốt rét là bạn có thể là hơn 
có thể thấy trong đó chúng tôi 
và mô phỏng bay sẽ mua được một phân tử và chúng tôi 
đây là tỉ lệ bệnh sốt rét và sống được tạo 
thú vị và kết tinh có cấu trúc là tạo ra những vật liệu có 
các nhà vật lý chất rắn , tất cả những thứ thú vị là 
và đây là bạn có thể có nhiều là 
và đây là dự án chúng tôi thành của Ấn Độ ở hệ tia laser là một phòng thí nghiệm 
những giao diện dài hệ của một giây 
là ánh sáng tạo của nó 
không thực sự có thực sự là ngắn 
một làn sóng ánh sáng phút lâu dài của bạn 
là ánh sáng và hình 
có một ánh sáng của một đứa trẻ 
và cùng lúc đó, bạn có thể là chúng ta 
đang rất đỉnh cao có thể là sức mạnh 
dĩ nhiên, nó không phải là điều tuyệt vời và có thể 
mô hình bay như thế nào để mua để tìm và sử dụng 
đây là hình ảnh trong màu đỏ là của 
trong trong màu đỏ 
mua bay đâu có hình như sốt rét là một trong số những sinh từ đang 
và chiếu và có thể 
đây là kĩ thuật 
ánh sáng khác và học những kĩ thuật sử dụng 
có thể chẩn đoán và tôi nghĩ 
mô hình bay khác sử dụng để mua và 
chữa bệnh sốt rét và có cách 
và trong trường hợp khẩn cấp. 
từ máu ký sinh trùng sốt rét và lọc cho đến những địa chỉ IP 
của một như chắc chắn, nếu ông ta là 
của những sinh vật ký độc hại và chúng tôi có thể, 
đây là máy 1000 siêu của máy tính là 
chúng tôi phần mềm ở 
vấn đề nào nhưng với 
của các phần mềm này là không hiểu và 
cho sốt rét và xóa bỏ dịch bệnh 
và giảm việc đó là 
những vấn đề gì với hiệu quả nhất không biết là điều 
về 300$. có thể đã 
để phân phát màn.&amp;quot; sử dụng phải là bạn sẽ tốt như của 
là có phân phân của ngành dược 
của những loại thuốc 
và nếu chúng không khác biệt là đối với 
tôi không có hiệu quả và 
nếu bạn biết nó là gì? 
chúng ta và là một siêu máy tính sử dụng 
cao nhất thế giới sốt rét của mô hình của tôi đã tạo ra 
bạn và tôi cho các bạn có 
và tôi đã chọn Madagascar, là 
con đường của tất cả 
ngôi làng của tất cả 
mà hầu hết bình của đơn vị inch Madagascar, ở đây trong với thông tin này. 
có nguồn có mưa có dữ liệu 
dữ liệu nhiệt độ và có 
đây là rất quan trọng lượng mưa và 湿 từ 2.5 cm, 
và khi những con muỗi có thể đẻ trứng 
tôi có nước sẽ không có những quyết định 
sân khấu.&amp;quot; này đã Kismet cuối 
từ đó tôi sẽ giới thiệu một con muỗi và 
những con muỗi như thế nào, và phát triển của sinh 
có một mô hình và sử dụng 
và cuối cùng có thể này được 
Madagascar, đang mở rộng 
của sốt rét và tình huống 
là mưa và nửa sau của tôi 
nó khô, và giai tôi bước vào 
giai đoạn khô, hầu hết là không thể 
là một con muỗi nơi trứng khi chúng tôi không phải là không 
năm sau khi nó đã từ một thực 
như là hoạt động của máy và làm là 
để thực sự làm miễn cưỡng, trước 
phần mềm trong hàng ngàn lần 
của sốt rét và xóa bỏ dịch bệnh làm điều khiển 
nhà kinh tế mã và văn và đồng thời, 
và màn là bao nhiêu phân và tôi sẽ chỉ 
xã hội và không được mã cửa nhà bạn 
có một xã hội chúng ta lo lắng để bạn giống như là 
của chúng tôi là kẻ thù đang nghiên cứu và 
những con muỗi này 
camera tốc độ cao bức ảnh 
sau này 
có dòng không khí và bắt đầu 
quanh những con muỗi của lông dòng không khí 
phát triển tia laser không là siêu ánh sáng và hạt 
và chúng ta sẽ nhìn và hóa 
và khi những con muỗi có và bay như thế nào mà bạn có biết 
nếu như bạn sẽ có thể bay mà không biết là tôi muốn 
bạn có thể không phải là một phương pháp 
là Rachel Carson và DDT, 
đây là một cuốn sách và quảng cáo 
là tạo ra không có 
đây là thời Julia, phương tiện chủ yếu là nước thực sự là rất nhiều 
là sốt rét hơn Rachel Carson và DDT, xóa bỏ dịch bệnh cho tôi được 
là Mỹ 35 năm 19 đã làm 
là Mỹ 15 triệu năm 
bệnh nhân sốt rét và khi tôi có thể có được 
và Rachel Carson và DDT, không trọng cải thiện vệ sinh, cũng như nỗ lực của 
chúng tôi chữa trị tận gốc, 
và từ đó có thể xử lý của chúng ta là 
ký sinh trùng sốt rét là về 
chúng ta có thể tất cả những điều đã 
và là và cho con người có thể là gì không? 
các nhà sản phẩm điện New Zealang dùng trong việc thì sao? 
điều này thật nực cười, tôi sẽ cho bạn nghe không được 
thiết bị này là 
có thể sử dụng cũng không có thú vị khác của nó 
một cái đĩa là nghe băng, ampli. 
rẻ và không có một thiết bị tia laser nào. 
những tia laser vào 1 tia laser là chúng ta 
chính xác cực để kiểm soát được dùng có thể gõ vào dòng và đang 
và nó trên giấy điểm nhỏ và vẽ 
và dĩ nhiên, xử lý tín hiệu 
kĩ thuật số không camera và có 
điều này và cùng nhau 
muỗi vo ve. bay chúng là tia laser và là của chúng ta thì sao? 

