そ こ で 彼 ら は 農 家 は 守 れ ま す 牛 乳 を 買 い 小 麦 粉 の 赤 ち ゃ ん 
Whole Food で 食 料 品 店 を 開 発 し 
こ の 全 て の 行 き た と し て い る よ う な お 金 を Amnesty International 債 務 で す 

私 た ち の 話 の よ う に か け を 
私 の 髪 の 毛 が 自 分 が あ り ま し た 。 
で も っ と 青 い の で は あ り ま せ ん 

こ の 映 画 の 名 前 は “ 平 和 の 世 界 中 に 「 4 
彼 の 映 画 に tôi--nó 主 題 は 素 晴 ら し い の で す 
た く さ ん の 映 画 に は 
そ し て お 話 し ま し た が &amp;quot;ồ,có 映 画 さ れ ま し た と 地 方 の 
私 た ち は こ の 人 間 に わ 
し か し 映 画 の よ う な っ て し ま い ま し た 
今 は ま だ 映 画 の 状 態 に ク リ ス nợ,nhưng こ を 通 る と 彼 の 犠 牲 を 
映 画 に 出 て い ま す 
そ こ で 私 た ち の 映 画 を 
そ れ は 私 の 物 語 を よ り も 
で は あ る べ き な の で す 
こ の 話 に 相 談 し ま し た 
そ れ は 美 し い こ と で す 
そ し て い る こ と を し た 映 画 の 
私 は 奇 妙 に 感 覚 を 見 て い ま す 
私 は な い し て い る の で す 
私 が 見 た 
教 師 の 側 に は 
私 が 先 生 や 私 立 学 校 中 học.thầy Rucell 
（ 笑 ） 、 米 の 下 に は 長 に 
こ れ は 笑 顔 dùng--đó 笑 顔 で 私 は 彼 の 
私 が 目 の 輝 く 目 に 出 会 い Jan Polo. 
こ の 点 か ら の 怒 り 
も う 目 有 恋 愛 す る 愛 の 生 徒 の 彼 女 は 
時 々 は 見 た 目 は 
私 は 彼 女 は Ethel J .Banks© 
人 気 の シ ャ ツ ngọc 仕 事 を し て ヒ ー 小 学 校 に 行 く と し て 毎 日 
そ し て 、 い つ も の が 見 え る 教 師 た ち が 古 い 
知 っ て い ま す が 
（ 笑 ） 
そ し て い て い る 人 は 私 の 後 ろ に 
な ぜ な ら 私 は 目 を し た 後 で 
（ 笑 ） 
彼 女 は 知 っ て い ま す か ？ 
私 は こ れ を 見 な く 
し か し 私 が す る の で し た 
そ し て 彼 女 は Banks 一 指 ザ ー が 
そ し て し ま し た 
親 tôi,những 先 生 最 初 の 
私 の 父 親 が 家 で 創 造 的 な ア イ デ ア が 
こ れ は 彼 は Malcolm 右 側 の 
母 は 
こ の 方 は 
学 校 の 隔 Virgina で す 
そ の 人 で し た 
そ し て 実 際 に こ の よ う な 感 じ ま し た 
映 画 で し た 
私 は ス ト の よ う に こ の よ う な 
私 が 好 き だ 、 と い う の は 
私 の 一 部 で は な い の は 彼 女 の 教 育 で は 
そ し て こ れ は 素 晴 ら し い 
使 用 を 教 育 が 小 学 校 の Madeline 
そ し て そ の 母 の 
続 け て 
そ れ は 感 驚 い た の は 
デ ザ イ ン が 説 明 す る こ と で す 
そ し て 私 は こ こ か に 肩 の 多 く の 人 が 
私 は こ こ で は あ り ま せ ん 
多 く の 人 た ち の ス テ ー ジ は 
そ し て の World Peace ゲ ー ム 
た と こ の よ う に 
そ れ は 絵 は 大 き さ を 貼 4x5 一 歩 一 歩 
学 校 内 の 車 の 中 の 都 市 1978 
こ の 教 訓 は 大 学 Africa 
そ れ を 全 て の 世 界 の 問 題 で す 
そ こ で 思 っ た と い う こ と を 解 決 し て い ま す 
私 は 講 演 し た い な い か け の 本 を 読 ん だ 
私 た ち を 埋 葬 小 さ い 
そ し て ど う 感 じ る の で す 
そ し て い ま し た ら 演 奏 の ゲ ー ム の よ う に 
私 は 何 đó--Tôi な 関 係 性 に つ い て 
私 た ち は こ れ は 年 1978 
し か し 何 か を 
そ し て そ こ で 私 た ち は ゲ ー ム を 作 っ て い ま す 
そ し て 発 展 し ま し た 
4x4x4 foot 面 か ら 
ガ ラ ス plexi 構 造 を 
4 年 Plexi が あ り ま す 
ク ラ ス が 空 気 を 包 み 以 外 に 
ブ ラ ッ ク ホ ー ル と し て い る 衛 星 と 
そ の 衛 星 画 像 に な っ て い る の で す 
空 気 の 階 層 な の で す 
雲 に こ の 箱 を cotton ソ フ ト を 回 っ て い ま す 
空 気 を 空 に 訴 え 
地 上 海 面 に そ の 何 千 と い う ゲ ー ム を 
も の 下 水 の よ う に 
把 握 し て 「 海 っ て い る の で す 
国 家 の 周 り の 絵 
子 供 た ち は 名 前 を 付 け る 国 々 が 貧 困 国 で は 豊 か な 国 で 
資 産 は 商 業 化 す る も の 違 い が 
そ れ ぞ れ の 国 政 府 は 
政 府 の 首 相 の 長 所 有 の 
で も 団 長 会 計 で す 
私 の 首 相 関 係 に 基 づ い た の は 
私 が 言 の 仕 事 が で き る か に 戻 る の で す 
そ れ で 選 択 の 自 分 の 内 
銀 行 が 世 界 は フ ラ の U 国 を 
で も 彼 女 は 気 象 に つ い て 
人 口 象 は 

こ こ Abhishek っ た 
彼 は こ の 小 さ い 。 助 け Parol を 
し ば し て い る と 彼 は 現 実 に 
こ の 灰 色 tro. 彼 の よ う に 
彼 は 言 っ た 2 chết; 
両 親 は 子 ど も に 学 ぶ よ う で す 
そ の 理 由 に よ っ て い ま す 
そ れ と 合 っ た の は 
彼 は 説 明 し て い う こ と の 血 流 に な っ て 
私 が シ ョ ッ ク と 
と 言 っ て い ま し た 全 て の こ と で す 
だ か ら 心 血 管 疾 患 の 分 析 さ れ て い ま せ ん 
ど ん な 血 管 病 ま で も ジ ニ ア で す 
血 液 が す べ き で は あ り ま せ ん で す が 
そ れ は 病 気 に な る 治 療 法 を 知 っ て し ま し た 
つ ま り axit folic, で し た 
こ の 治 療 が 安 価 で い る か は 
管 理 す る 貧 血 症 の 
そ こ で は な ぜ こ の 女 性 の mạng? が あ り ま せ ん 
全 て の こ と に な り ま す 
誰 か が こ れ は ５ 分 間 で 
中 央 に あ る 医 療 
無 料 で 支 援 を 受 け ら れ た の で す 
そ の 本 質 は 完 全 に sốc. っ て い ま し た 
こ れ は 私 が 一 定 の 二 つ の で す 
母 は nhi, 科 医 が い ま し た 
彼 女 に 普 通 の 血 管 病 気 に し ま う こ と で す が 
血 管 理 で す 
そ れ を コ ン ピ ュ ー タ ー Coulter. で す 
こ ち ら 価 値 が Mumbai. $10,000 で す 
も し れ な か っ た り 
ヨ ー ロ ッ パ で ほ と ん ど の 都 市 で 
し か し な Parol. 
さ ら し い 女 性 の 動 機 械 、 工 員 
な Parol. 

こ れ は Fibonacci た 計 算 に 簡 単 で す 
そ し て 私 は ゲ ー ム も ナ の 北 Scrabble Boggle. 合 で す 
基 本 的 な も の を 
一 文 字 偶 然 一 切 Siftable, 
そ し て こ れ か ら 言 葉 の 辞 書 で す 
そ し て 3 0 秒 文 字 が 四 角 が 変 わ っ て い ま し た 
一 文 字 を 新 し い の で す が 

皆 さ ん を 好 む よ う な 統 計 的 だ か ら 始 め ま し ょ う ペ ー ジ の デ ー タ 、 統 計 
こ れ は 私 は 実 際 に 重 要 な も の を 覚 え て い る 
英 国 の 政 治 に つ い て 
そ し て い ま す 
私 た ち は D 表 予 算 を 重 度 
こ れ は 私 の 債 務 時 間 や 
そ し て ご 覧 の よ う に し た 債 務 3 2 兆 し て い ま す 
私 は こ れ は 
で は 簡 単 で す 
い い 質 問 に よ り 重 要 な の は 全 て の 疑 問 
そ う ？ 私 た ち が 良 く な っ て い る な ら tiền? 
な ぜ な ら な お 金 を 良 く 公 共 サ ー ビ ス の 
政 府 や 改 良 を 向 上 さ ん と 
政 治 的 価 値 が な い と 思 い ま す 
で す べ て に お 金 を 
あ な た の で き る の を 数 え の 公 共 サ ー ビ ス の 
こ の 医 療 サ ー ビ ス や 教 育 や 秩 序 を 安 全 な お 金 を も っ と 
ま だ と 推 測 さ れ た 消 費 す る こ と を 
そ の よ う な 見 時 間 切 nhọc. で す 
し か し で は 他 に も 関 係 性 が 繁 栄 は 幸 せ で す 
ど の 家 族 と 友 達 の コ ミ ュ ニ テ ィ 価 値 を 生 き る 
そ の 時 代 の 政 治 家 は 興 味 深 い で す 
こ の 議 論 し て 今 日 の 夜 に 
こ の 単 純 な 利 益 
組 み 合 わ せ る こ と を 考 え て い ま し た が 正 し い 
革 命 の 情 報 を 巨 大 で 何 が 起 き ま し た 
す べ て は い く よ う に な り ま し た 
そ れ が 私 の 考 え る 機 会 を 再 生 可 能 な 政 治 に な っ て い ま す 
再 び り 政 府 に 再 生 す る 公 共 サ ー ビ ス の 
そ し て い る の で は こ の ペ ー ジ の 増 加 の 幸 福 を 
こ れ は 議 論 し た い か に 今 日 の 夜 
哲 学 か ら 始 め ま し た 政 治 的 な 
し か し な い 私 は 言 い ま し た 党 Bảo Thủ な 全 て の 答 え が 
も ち ろ ん 私 た ち は あ り ま せ ん 
し か し 2 つ の こ と だ と 思 い ま し た い に ３ 哲 学 に い ま す 
こ こ に 適 し た の で す 
最 初 に 私 た ち の 人 々 は 
多 く の 支 配 権 に と っ て の 暮 ら し 
さ ら に 多 く の 選 択 を 
さ ら に 運 転 手 に 入 り 
あ な た が 社 会 よ り も 力 の 
そ れ を こ の 情 報 の 廃 棄 物 の 大 き な 
私 た ち が 今 日 の 世 界 に 
は る こ と で す 
再 生 す る 政 治 に 再 び 政 府 に 再 生 す る サ ー ビ ス コ ミ ュ ニ テ ィ を 完 全 に 
２ つ 目 は 私 た ち は 私 た ち に 従 う 性 質 な の で す 
政 治 家 や 政 治 家 で 成 功 し た 
彼 ら が 本 当 に 努 力 し て 扱 い コ ミ ュ ニ テ ィ の よ う な コ ミ ュ ニ テ ィ は 
と い う 彼 ら は コ ミ ュ ニ テ ィ が 本 当 に 
さ ら に 良 い と 考 え な い 
本 質 に 自 然 に - - 
ま る め 行 動 経 済 学 の 
私 た ち も 全 く 聞 い た 
そ し て い る こ と が で き る 幸 福 や 幸 せ で 
社 会 を 得 る よ り 強 く 
消 費 す る 必 要 は な く 多 く の で す 
今 で は な ぜ 私 は こ の 瞬 間 す る 議 論 で し ょ う ？ 
私 は âu ば 苛 省 で 学 習 し な く サ 歴 史 に つ い て 
何 が 私 た ち の 歴 史 の 中 で 
時 代 に お 金 を 拒 否 liêu, 時 代 に 
今 で は liêu. 時 代 に 
こ の 単 純 で 
私 た ち が 体 験 し た 地 方 政 府 は 
時 代 に 政 府 ương 中 
現 在 我 々 は 人 間 の 政 府 で す 
権 力 ương, 現 地 の 中 で も 今 の 力 で す 
こ れ は King Knut, 王 様 が 何 千 年 前 に 
何 が で き る と 考 え 方 風 潮 は あ り ま し た 
し て こ れ を 止 め な く 
な ぜ な ら な も の で 、 次 に 何 万 年 前 に 
そ の た め に 沿 っ て こ の 水 を 何 百 名 毎 週 
皆 さ ん の ま ま で は あ り ま し た 
ま あ 政 治 の 正 義 教 育 の 健 康 で 幸 せ で し た 
も っ と 戦 争 だ け で す 
こ れ は お 金 を liêu, 時 代 に 
時 代 で も 全 て が 地 域 的 な 
皆 さ ん な 地 方 の 管 理 し て は な り ま し た 情 報 を 伝 え し な い の で す 
た だ し が 制 限 さ れ て い て 
こ れ は お 金 を liêu. 時 代 に 
次 の 日 学 史 khan, 乾 燥 し た 
こ れ は と て も 素 晴 ら し い 写 真 の 産 業 革 命 と イ ギ リ ス 
突 然 あ ら ゆ る 交 通 手 段 と 情 報 に dĩ, 力 と 
そ れ が 新 し い 現 代 の 時 代 の 一 時 代 liêu. 」 と 呼 ば れ る と 
希 望 で 次 に く る わ 
突 然 さ ら に 大 き な 権 国 家 で す 
そ れ は &amp;#91;nhà nước&amp;#93; 組 織 化 し ま し た 
医 療 と 教 育 政 治 権 威 で す 
そ し て nước&amp;#93;, &amp;#91;nhà 言 っ た よ う に は 地 元 の パ ワ ー の た め に は 
そ し て 権 威 は 地 元 の 小 さ く し 
そ し て &amp;#91;tập lực&amp;#93; 中 で は な く 自 然 の も の で す 
一 段 階 に な る 皆 さ ん ご 存 知 の 
革 命 の 情 報 を 巨 大 な 
見 て い い で す 
1 0 0 年 前 に 1 0 文 字 の 5 0 ド ル か か っ た の で す 
こ こ で 今 こ れ は 私 た ち に 繋 が る よ う に ロ ス や 他 の 多 く の 場 所 で 
そ し て い た 地 域 だ け の 秘 密 の そ の 価 値 は 
そ の メ ッ セ ー ジ は そ の 一 部 は 巨 大 な 情 報 を 
費 用 が か か り ま せ ん で も あ り ま せ ん 
こ の よ う に 我 々 は 文 は 拒 否 &amp;#91;post-bureaucratic&amp;#93;, と 
時 代 と 権 力 が 実 際 の 市 民 可 能 で す 
ぶ つ か の 意 味 の 必 要 が あ る 政 治 や サ ー ビ ス に 
サ ー ビ ス に コ ミ ュ ニ テ ィ 政 府 で し ょ う か ？ 
絶 縁 ま り 時 間 が あ り ま せ ん よ り 多 く の 例 で あ る 特 定 の 
し か し ま し ょ う ど 人 生 が 変 わ り ま す 
こ れ は 明 ら か に す る か ら 
し て く だ さ い と 思 っ て い る か ど う す べ て み ま し た 
私 た ち は 買 い 物 が 移 動 や ビ ジ ネ ス で 
こ の こ と が 起 き 順 革 命 の 情 報 や イ ン タ ー ネ ッ ト 
実 際 に し て 広 が っ て い ま し た 通 し て 私 た ち の 社 会 的 に 道 路 
し か し こ れ を 作 り 政 府 に 影 響 を 与 え 
な ぜ こ の 
私 の 方 法 が 引 の 変 化 は 巨 大 な 
そ の 発 明 bạc, 権 の 選 択 肢 の 責 任 感 に 接 し た 
よ り đựa す 権 人 だ 」 
話 を す る な ら bạch, 例 が あ り ま す 
Missouri Accountability Portal 
日 前 ま で の 政 府 を 保 持 し て こ の 情 報 に 
そ し て 人 は む し ろ 挙 が 行 の 情 報 を 使 っ て 
そ し て 調 査 し ま す 
今 で は ウ ェ ブ サ イ ト の ア メ リ カ の 州 で は 
私 た ち を 分 析 の 検 査 で 
こ れ は ド ル の 支 出 を 
考 え て み て く だ さ い そ れ が 変 化 し ま し ょ う 
ビ ジ ネ ス な ど い 建 設 イ ン 政 府 の 
す べ て tiêu. 足 が 
全 て の 情 報 を 使 っ て な ぜ な ら 誰 で も 誰 も 
だ か ら サ ー ビ ス を 改 善 安 く 
そ ん な 政 治 家 は 始 め ま し た 
探 知 機 の 表 面 を 見 て い る 問 題 に 何 が 革 命 の 
世 界 で す 
だ か ら 創 全 さ な い の で す 
こ の 国 で あ れ ば cử, む し ろ 
す で に 25.000 の 消 費 す る 
ネ ッ ト を 発 明 bạch, な ど か っ た の で す 
今 日 皆 さ れ て い る の で し ょ う か と 
ネ ッ ト の 人 た ち が 
そ し て khỏan 条 件 で す 
活 発 に 価 値 が 大 き な お 金 を 
私 は 信 じ て い る も の 増 加 が あ る と 教 え 
選 択 肢 は あ り ま し た も の を 買 ネ ッ ト と 比 べ て 書 か れ る ネ ッ ト ワ ー ク を 
し か し た 革 命 は こ れ を 表 面 に 
サ ー ビ ス の よ う に 私 は 教 育 や 医 療 秩 序 が 安 全 保 障 を 
そ し て お こ さ tòan. を 変 え 
私 た ち は こ の 変 化 を 
一 緒 に 革 命 の 情 報 を 
医 療 の サ イ ト を 探 し ま す か ら 歌 を 成 功 さ せ ず 
医 師 が 個 人 を ど の よ う に な る 病 院 の 
誰 も sóat 感 染 が 最 も 
全 て の 情 報 が あ っ た り ベ ン 学 科 の 医 療 
提 供 さ れ る の で す 
そ し て 大 き な 変 化 は ３ つ 目 は 責 任 
思 い ま し た こ れ は 非 常 に 大 き な 変 化 を 
こ の 地 図 犯 罪 者 の 犯 罪 シ カ ゴ の 服 し た 
そ の こ と を さ ら に は 警 察 が 機 能 を 
犯 罪 に 起 き て し ま し た 
そ し て 私 た ち を 雇 い 政 府 の 
警 察 す る た め に 責 任 感 
突 然 、 化 身 に 戻 る 機 会 が あ る 大 き な 力 に 関 す る 人 や 
す る 人 々 が 犯 さ れ た こ と が 起 き る と 
ど う し た が 
そ し て 我 々 は 公 安 と は 責 任 を 
そ し て ご 覧 の よ う に こ れ も 料 理 人 乗 
し か し 実 際 こ れ は 人 間 の 青 い サ ー ビ ス を し て い ま す 
こ れ が 犯 罪 に 起 き る で し た 
そ し て る こ と が で き る か ら の 監 視 の 安 全 な 責 任 を 
そ れ で 3 人 の 責 任 を bạc, 選 択 肢 は 
ネ は 大 き な 変 化 を 
ま っ た こ と に 
今 私 た ち の こ と を 理 解 す る こ と や 
こ れ は ど の よ う な 感 じ な け れ ば そ の 本 質 に 自 然 の 
そ の 成 功 で き る 
私 た ち は 革 命 が 大 き な の で す 
な ぜ 人 の 行 動 を す る 行 動 や 
そ し て 機 を 理 解 す る こ と も に 情 報 の 使 い 
と い ま し た 
私 た ち は 考 え ら れ て い る 問 題 の 
調 査 の 問 題 で す 
お ば 簡 単 に 私 が お 気 に 入 り で す 
私 た ち が 人 間 の エ ネ ル ギ ー を 使 っ て 
な ぜ で し ょ う ？ な ぜ な ら い túng 燃 料 を 制 限 に 
そ し て 気 処 を 減 ら す 
そ こ で は ど う か ？ 
私 た ち は 素 晴 ら し い 年 前 に 
し た 人 た ち に 電 気 を 消 し 去 る 家 か ら 
も っ と 大 臣 と 政 府 が 
ま た 歯 を 暗 闇 の 中 で 
あ な た は そ の 存 在 し て い ま す 
こ れ は 詳 細 に 行 動 経 済 を 
最 良 の 方 法 は す で に お 金 を 削 減 で き な 発 電 所 の 
こ の エ ネ ル ギ ー を 見 せ て xài, 
隣 人 を 見 せ す る の で す が 続 い ほ ど 
そ し て 彼 ら の 隣 人 と 続 べ 
経 済 的 な 行 動 は 
こ の 行 動 を 変 え る 人 が 
あ る 傾 向 が あ る 
こ の quấy rầy は で き る こ と で す 
し ば 再 利 用 で す 
私 た ち は 皆 で 再 利 用 し な い 
な ぜ そ の た め に ？ 
証 拠 か ら の ア メ リ カ に は し な け れ ば お 金 を 再 利 用 さ れ た 人 が 
さ ら に 解 決 策 を &amp;apos;dỗ ngọt&amp;apos; ・ ス か ら 
す る こ と を 変 え る 行 動 す る の で す 
つ ま り を 見 せ し ま す か ？ 
こ の 2 つ の ア メ リ カ の 言 葉 は 私 の お 気 に 入 り の 5 0 年 前 で す 
も ち ろ ん 私 た ち は ジ ョ ン ・ ケ ネ デ ィ 言 非 常 に 簡 単 に 
し か し mẽ: 構 造 を 
「 国 の 質 問 を す る こ と が で き ま し ょ う か 、 わ か る こ と が で き る た め の nước,&amp;quot; や 
と い う の は 非 常 に 素 晴 ら し い 
し か し 彼 は こ の た め で 
社 会 の xựng よ り 強 力 で す 
皆 さ ん も 戦 地 水 に し ま し た 犠 牲 を 織 quốc, か ら で す 
お 分 か れ る サ ー ビ ス の 市 民 国 
で も っ と 情 報 の 知 識 や 
そ し て 能 力 を 作 る の で す 強 い 社 会 が 現 在 で す 
私 は 言 っ て も よ り も 
私 が 読 め る 層 の 皆 さ ん 
そ れ を 総 括 し た 時 に は 
と い う こ と を 信 じ て 考 え る 人 生 は お 金 の 
そ し て 政 府 の 人 生 を 読 ん だ よ り 安 金 や 
こ れ で 遊 ん 映 画 や 文 学 の ロ バ ー ト ・ ケ ネ デ ィ 
論 理 由 は 製 品 を 全 国 が あ る 意 味 で す 
そ の 健 康 な 子 ど も た ち の 
教 育 や 品 質 の も の で す 
そ れ で は な に 美 し さ や 詩 の 力 と 結 婚 
皆 の 知 的 な 議 論 し 
せ を 測 定 ユ ー モ ア ル 決 し て 私 た ち の 
測 れ な い な 心 は 相 互 に 関 し て 、 
測 れ な い 慈 悲 は 他 の 人 達 の quốc. 
測 れ る 
別 の 人 生 を だ ” 
も う 一 度 が 素 晴 ら し さ れ て い る 4 0 年 前 に 
そ し て な 夢 で の 高 さ の 約 4 0 年 前 に 
し か し 今 日 の 進 に 大 き な テ ク ノ ロ ジ ー に 情 報 を 
変 化 の 巨 大 な 経 済 的 行 動 の 
す べ て の 知 識 と い う こ と を 幸 せ を 
も し 私 た ち は 一 つ の 深 い で す 
権 力 に つ い て 話 を す る 情 報 を 使 っ て そ の た め に 
そ し て 使 っ て 一 本 質 的 に 自 然 は 人 間 の 
そ し て 同 時 に 理 解 で き な い 人 の 行 動 に よ っ て い る テ レ ビ に 行 っ た の で す 
こ の 夢 を 実 現 で き る 
簡 単 に す る こ と で も 時 間 の 美 し い 言 葉 で は 約 4 0 年 前 
あ り が と う 

私 は そ の 瞬 間 の 氷 の 
な ぜ な ら れ な 体 験 
そ れ は こ れ が 少 し 怖 い 
少 な く と も な 理 解 し て 彼 女 に と っ て 
そ れ に な っ た 経 験 を 
面 白 そ れ は 彼 女 に 似 て い ま す 
そ し て こ の 旅 を し て い ま す 
駅 ３ ン ６ で す 

そ の 職 業 Robin Hood し て い る の で す 
も う 役 割 を 果 た し の 消 防 士 囚 
私 は 実 際 の 行 動 に 織 り よ い で す 
把 握 す る 為 で は な く 
私 が い い の は 簡 単 に 個 人 的 に 
し か し と て も 高 い dũng. し て い ま す 
そ し て 知 っ て い た の で し ょ う か ？ 
全 て 重 要 で す 
そ こ で 私 は こ の 部 屋 を 
人 を す る の に し ま し た 
や っ て い る の に 
成 功 す 心 
お メ ― 
待 ち な の で す 
待 っ て い る と き に 1 0 0 万 ド ル を 初 め て 
す る こ と は 他 の 人 生 か ら で す 
な に よ る と 
そ し て 
食 べ 物 体 の キ ッ チ ン 生 地 や 空 け た の で す 
人 に 向 か っ て い ま す 
日 常 で は な く す る 機 会 が あ り ま す 
誰 か の 命 を 
し か し 毎 日 る 機 会 を 他 の 人 生 を 良 く し て い る 
そ し て い る と 自 由 に し て 
あ り が と う ご ざ 

し か し を し ま す 
時 間 を 作 ろ う と し て い る か 考 え る こ と で す 
「 道 は ど ん な が ら lưng.&amp;quot; 線 や 
2 0 分 必 要 だ と 思 い Số ắt nhe 歯 （ 笑 ） 
私 た ち が い ま す が そ れ を 掲 げ て は 
な ぜ 勝 Số trượt. 部 で し た 
声 明 古 い よ う な も の と き mãi: 
と い う こ と で 勝 敗 が あ る 人 は 車 cúp 光 の 商 品 を 
勝 ち ま せ ん が ゴ ル フ の 翌 日 
こ の 深 淵 で 、 私 は い つ も 存 在 す る 機 会 を miện. 中 を 
し か し く し た 
だ か ら な か っ た テ ス ト を 使 い 
そ ん な こ と を し て 
テ ス ト を 王 子 は 何 が あ り ま す 
テ ス ト ー っ と も 人 生 を 
た っ て は 止 ま り ま せ ん 
す る の に 必 要 な エ ラ cúp. う と 思 う 前 に タ ー ゲ ッ ト が 
を 希 望 の 夢 で 死 ん で い ま す 
祈 り を 希 望 を 離 れ る で し た 
自 負 け し か し 恐 れ ま せ ん 
も し ま し た 肝 臓 な ど な く て は 触 っ て い る の で す が 必 要 で あ る 男 性 の 脚 で す 
で は 、 彼 の 熱 の 能 力 で す 
熱 の 私 に と っ て も 他 の 栄 光 、 ど の よ う で す 
運 命 が 間 違 っ た 時 に は 予 測 を 費 や し た い の で す 
そ こ で の 運 命 を 作 り ま す 
公 開 し か し チ ウ の 前 に 道 lưng.&amp;quot; 後 も 
短 い 詩 彼 は 私 の 父 親 と の こ と を 教 え ま し た 
み ん な が ら 手 伝 っ thán. nguỵ biện. も 
ベ ー そ ん な ど 何 も 
そ れ が 全 て の 可 能 性 で す 
誰 も が そ う よ り も 
私 も 教 え る と 言 う の で す 
バ ー ト の 子 供 た ち に 知 ら れ ま せ ん で も 全 て の 話 を 聞 い て 
絶 自 分 の 話 が 勝 ち Quan 私 は 
高 い と い う 点 で は 戦 と が で き ま す 
そ し て も 負 け を 勝 
こ の 回 、 異 な る 
そ う し た 
み ん な ngẩng 高 め 
ゴ ル フ の 後 
た っ た と 言 っ た 試 合 が 終 わ り ま し た 
ゲ ー ム の 結 果 は ゴ ル フ 
彼 ら は な い と い う ゲ ー ム の 行 動 に 
予 測 の 結 果 が 高 得 点 の ゲ ー ム 敗 と 同 盟 
こ う い う こ と が 実 際 は そ れ は そ れ は 通 り 
し か 
結 果 が 合 理 的 な レ ベ ル 政 策 は あ り ま せ ん 
必 ず し も 彼 は ず で す 
し か し な 政 策 で す 
ま だ っ て い る か 
そ し て こ れ は 私 が 望 ん で い る の で す 生 が 
時 間 た ち に つ い て い る の で す 
よ り 良 い 結 果 が あ り ま す 
し か し 私 は ゴ ル フ の で す 
だ け 産 の 多 く の 
結 果 で は あ り ま せ ん で 
信 じ て い ま す 
哲 学 者 の 話 で は あ り ま せ ん し 
Cervantes. Cervantes は 言 い ま し た 
ス ピ đến.&amp;quot; &amp;quot;hành よ り も 
私 の 話 だ と 思 っ て い る の で す 
そ の 時 に 浮 き な こ と か 
し か し 、 そ こ に 動 き 回 れ る で し た 
こ の 役 割 は コ ー チ が 好 き で 上 UCLA, 会 を 旅 す る こ と で す 
そ れ は ゴ ル フ の 結 果 cục. 
会 っ た 訓 練 は 一 週 間 に 購 好 き な ん て 
室 の ボ ー ル の 上 で 
そ し て い る た め に い ま せ ん 
そ し て 重 要 な こ と で し た の で 満 足 感 を 自 分 を 
そ し て い ま し た 努 力 を 
全 て 自 分 の 能 力 を 
と い う 人 も 選 手 に す る こ と で す 
そ の チ ー ム ボ ー ル し た 。 
私 は 答 え ま せ ん が 
に つ い て 人 間 を 持 っ て い ま す 
一 人 の 質 問 で す 
&amp;quot;Giả し た が 完 璧 な 選 手 
彼 が 欲 し い で し ょ う ？ 
そ し て 私 は 「 と 私 は 知 っ て な ぜ 、 UCLA: で す 
学 ぶ Cậu 物 な の で す 
ま ず は な ぜ か ま し た 
私 は た っ た 一 人 の ボ ー ル を 良 い の で す 
私 が 知 っ て い る 
工 場 で の 公 園 を 誇 れ 彼 を 逃 し て い ま す 
私 は 人 の 人 が 攻 撃 し て い ま す 
私 は 「 利 己 的 で す 
最 初 の ラ ボ ー ル が あ る で し ょ う か も し れ ま せ ん で も 自 分 と い う こ と を 
私 は で き る の で す が う ま く 交 流 し て い ま す 

こ ん な に 簡 単 に 
こ れ は 世 界 で cảng? や 
お 見 せ ら れ る こ と も に 消 え ま し た 
お 見 せ し た い 独 đáo. 
こ れ は 非 常 に 難 し く 
見 え ま す か ？ 
（ đài: ？ 
あ と ボ ー ル を 走 り ま せ ん で し ょ う か ？ 
1 5 秒 半 の 時 平 均 的 な 
人 々 の 実 験 の 
私 は こ れ は 最 後 に 、 
そ れ だ け で は と て も 明 ら か に 重 要 な の で す 
人 は 言 え ま せ ん で し ょ う か ？ 
ど れ だ け 動 翼 の Boeing で し ょ う か ？ 

そ し て 余 地 が 誰 が 予 測 す る 自 由 さ で し ょ う 
そ し て 開 の 見 方 に TEDster, 
そ し て 予 測 で き る か ど TEDsters リ ベ ラ ル 派 で し ょ う か ？ 
見 て み ま し ょ う 
し か い 手 を 挙 げ た リ ベ ラ ル 派 で す が - - 
基 本 的 に は 問 題 に 社 会 的 な 議 論 し て い ま し た 
で も 保 守 派 な そ う い う こ と を 選 択 肢 で ３ つ 目 は 
な ぜ な ら 知 っ て い ま す が 多 く の 人 が リ ベ ラ ル 派 が 個 人 的 な の で す 
い 手 を 挙 げ て く だ さ い - - 
下 の 部 屋 に 従 っ て い ま す 
と て も 人 は こ の 子 が 
挙 手 が リ ベ ラ ル 派 の み な 
手 を 掲 げ て く だ さ い と い い で し ょ う 
し か し い 手 を 挙 げ た 個 人 的 リ ベ ラ ル 派 
o K 、 1 - 2 1 
そ れ を い れ ば よ い と 思 っ て い る の で す 
1 、 2 、 3 、 4 次 元 の 1 0 0 8 年 か ら で す 
少 し い 問 題 で す 
な ぜ な ら な ら 私 達 の 世 界 を 理 解 す る 
理 解 力 を よ り 深 く 世 界 
多 様 性 が な い の で す 。 倫 理 的 に そ れ が 難 し く 
な ぜ な ら 、 人 々 は 共 通 の 価 値 の 倫 理 、 
彼 ら に 一 đội, く 共 通 đội, 心 理 学 の 
そ れ を 考 え を 固 
こ の よ う に リ ベ ラ ル 派 が 失 敗 か ら 2 0 0 4 年 に 
そ し て 2 0 0 0 年 の 距 離 を 更 に 私 た ち は 安 ủi 自 分 を 

こ の 日 は 何 で し ょ う ？ 
自 分 の 6 日 目 で し ょ う ？ 
し か し 、 Tosh.0 か 記 事 や オ ン ラ イ ン に つ い て 書 き 始 め ま す 
マ イ ケ ル J. Nelson 科 学 か ら の 神 秘 家 
で は 最 初 の 物 語 を エ ビ デ オ の 社 会 的 ネ ッ ト で T w i t t e r 
し か し 重 要 な こ と は こ れ は 個 人 の グ ル ー プ の 流 行 が 
に お い て 
そ し て 共 有 を も っ と 多 く を 加 速 し て い ま す 
そ こ で そ の コ ミ ュ ニ テ ィ が 作 ら れ て い ま す 
人 は ジ ョ ー は 
そ し て 話 し 始 め ま し た こ と を す る こ と で す 
結 果 は よ り も １ 万 版 の 「 金 曜 日 」 は Y o u T u b e が あ り ま す 
に も ７ 初 日 は 
毎 日 の 私 を ビ デ オ に 撮 り 直 さ れ て い ま す 

私 は こ の 4 年 前 に 
と の 関 係 で 幸 せ な デ ザ イ ン や 
最 終 的 に 当 て を リ ス ト の 下 で す 
そ の ほ と ん ど 習 し な い で し た 

私 た ち は い ま す 
私 の 会 社 の 発 明 し た 
様 々 な 技 術 
多 分 野 で 
そ し て 私 た ち は 発 明 し た 理 由 は ２ つ 
一 つ の 発 明 し 
実 際 の 発 明 を 楽 し ま す 
そ し て 自 ら の 利 益 を 上 げ 
２ つ の こ れ は 夢 中 に は 
待 ち 時 間 が か か り 投 資 
も し な い も の な い と す る の で す 
だ か ら 
私 た ち の 主 要 な 
発 明 と 導 い て を 
し か し 我 々 は 、 プ ロ グ ラ ム 開 発 が 合 理 的 人 文 で す 
そ こ で 我 々 の 活 動 に よ る 最 高 の 発 明 す る の で す 
「 ？ 私 た ち は ア イ デ ア が 
問 題 を 解 決 す る 世 界 が ず っ と し て い る で し ょ う か ？ 
そ れ を 解 決 す る よ う に な っ た 問 題 を 解 決 
解 決 策 っ 只 中 で 
強 烈 だ か ら で す 
ビ ル ゲ イ ツ 者 の 一 番 賢 い 人 は 
考 え る 問 題 で す 
ま た に こ の よ う な や こ れ は 私 に 残 り の ビ ル で 
私 は 議 論 を 簡 単 に 
い く つ か の 問 題 を 抱 え て い ま し た 
そ の 問 題 で す 
私 た ち は 解 決 法 を 見 出 し ま し た 
予 防 接 種 で す 
て の 公 衆 衛 
つ ま り に 使 え る 戦 略 で す 
し か し 発 展 途 上 世 界 の ワ ク チ ン が 
乱 さ れ た phối. 前 に 
そ の ワ ク チ ン 管 寒 必 要 が あ り ま す 
ほ と ん ど 全 て の ワ ク チ ン で の 温 度 寒 ダ 
す ぐ 脅 か し 主 性 を 認 め ま す 
も し 電 気 を 安 定 脅 ワ ク チ ン の 
子 供 の 死 亡 し ま し た 
単 に ワ ク チ ン エ ネ ル ギ ー が 
子 ど も た ち が そ れ は 予 防 接 種 さ れ て い ま せ ん 
こ の 方 法 を 
つ xin. 運 び ま す 
こ れ は サ styro 案 さ れ て い る 人 間 の 力 を 
ま た に 交 尾 車 
私 た ち は 解 決 策 が 異 な っ て い ま す 
ど の ダ サ い 岩 styro 瓶 の 中 に 
4 時 間 は 続 く 
そ し て 私 が 思 う よ り 良 く な り ま す 
そ し て い ま す か ら で す 
こ れ は 6 ヶ 月 も 発 電 所 で 
電 気 を # 
だ か ら 
よ り も 半 Watt. 
こ れ は 試 作 を 二 つ 目 は 私 た ち の 
プ ロ ト タ イ プ の 世 代 の ３ つ 目 は 、 今 す ぐ に 
テ ス ト さ れ て い る 体 験 し ま し た 
私 た ち は こ れ ら の こ と で す 
2 つ の ア イ デ ア で 
そ れ と 同 じ で 凍 cryo Dewar, 
nitrogen ヘ リ ウ ム が あ る 液 込 ん で い ま す 
能 力 が あ り が と て も 素 晴 ら し い の で 
そ こ で 私 た ち が 熱 を 置 で す 
ア イ デ ア は 興 味 深 い 
あ ま り 接 案 に も 
な ぜ な ら thò 開 き ま す 
す る に は 熱 い ゲ ー ム で す 
こ の よ う に す る ー 
そ れ を 売 り ー ワ ク チ ン の 小 さ な 個 人 的 に 
単 純 な ア イ デ ア で す 
未 来 を 変 え る ワ ク チ ン の 分 布 を 
ア フ リ カ と 世 界 中 で 
我 々 み サ マ ラ リ ア の 
マ ラ リ ア の 挑 戦 で も 最 初 の 公 衆 衛 生 の 
Esther Duflo し て し ま し た 
2 5 0 0 0 万 件 の 感 染 し て 毎 年 
ま る も の 子 供 は ア フ リ カ で 死 に 
別 の 絶 滅 種 が 2 7 人 で す 
私 た ち は こ の 国 は 
理 解 で き な も の な の で す が cuộc. の 
あ の Esther の 
私 た ち の 反 応 が 
で も 起 こ ろ で は ハ イ チ で 
し か し 、 悲 惨 な も の で は 
そ こ で 我 々 は 何 が で き ま す 
人 々 は 多 く あ り ま し た 
数 年 の 解 決 策 を 探 し て マ ラ リ ア 
で も ス ト は 、 蚊 に 影 響 を 与 え ま す 
で き る 治 療 に 意 識 し ま す 
素 晴 ら し い 私 以 外 の マ ラ リ ア に 届 い て 
彼 ら を 
ワ ク チ ン と 手 段 や 
で は 食 べ な い 
人 々 は し ま す ？ そ れ が 数 オ バ マ な の で す 
マ ラ リ ア で 作 xin. つ 難 し い 
で き る 蚊 帳 を 
そ し て 蚊 帳 の 効 率 的 な 使 い 
あ ま り 、 蚊 帳 を 使 っ て は 人 ひ と も に 
普 及 し ま せ ん 
そ し て 蚊 帳 の 
病 気 の あ り ま し た 
し か し 画 で は な い よ う と 言 う と 殺 さ れ ま し た 
マ ラ リ ア 
病 気 で 複 雑 な 
理 解 す る こ と は か か っ た 時 
こ の よ う な 映 像 で す 
私 が リ ー ン に 肝 臓 な の で す 
地 下 に 練 セ 細 胞 の 中 に 住 ん で い ま す 
病 気 で 複 雑 な 
し か し の 興 味 深 い 魅 力 的 で す 
で も あ り ま す 。 電 力 を 解 決 し て 
現 在 可 能 な 解 決 策 が 
一 杯 に 診 断 は 正 し い 尽 く 
私 た ち は 希 望 は 今 年 
生 産 的 な し の 装 置 で す 
診 断 さ れ た マ ラ リ ア は 
種 の 働 き が コ ン ピ ュ ー タ を 測 り 取 り に な り ま す 
一 滴 の 血 流 量 を 
円 の そ れ は 自 動 的 に 結 果 
今 や 手 順 で 検 査 複 雑 で す 
血 液 サ ン プ ル で の 山 に 電 子 顕 微 鏡 検 査 を 通 し て 
医 者 が 良 い 職 業 で す 
他 に は 
必 要 な り ま す 
目 を 見 れ ば 
も し 動 脈 で 白 tròng 目 の 
事 実 に は 
な り ま す 
も し 皮 の 下 の 指 の 爪 を 
な ぜ な ら 、 手 を 見 回 路 が あ り ま す 
そ し て い る 血 管 血 私 た ち は 私 た ち が マ ラ リ ア 
こ の 分 子 の 症 状 で す 
hemozoin. 名 で す が 
そ の マ ラ リ ア 原 虫 が 生 ま れ ま す 
そ う な 物 で す 非 常 に 面 白 い 
植 物 理 学 者 タ で す 
見 る べ き こ と が で き る な ら な い の で す 
こ の 研 究 室 乗 -15 分 の 1 0 秒 で 
こ の 光 が 
1fs giây) 続 く 
非 常 に 選 非 常 に 短 い 
こ れ は 光 を 
だ け の 長 さ を 光 の 波 長 さ で す 
そ れ は 多 photon 
衝 突 を 尽 く し ま す 
そ れ は エ ネ ル ギ ー を 有 し 
す る こ と を し な く ho. 
特 定 し て hemozoin. 分 子 を 見 つ け 
こ れ は ピ ア で す 
現 在 は 地 図 に は 
地 位 hemozoin や マ ラ リ ア 原 虫 
細 胞 の 中 で ク と い う こ と で す 
そ し て こ の 技 術 を 使 っ て 
そ し て 光 学 技 術 で 
私 た ち は 分 析 で き ま し た 
ま た 治 療 法 が あ る と 他 hemozoin 
マ ラ リ ア に 
こ の 件 の 難 し い 
マ ラ リ ア 原 虫 を 取 り 出 し て そ こ か ら 今 週 hoàn, 系 
同 じ thẩm tách, と 
し か し イ ン を 減 ら す る の で す 
こ れ は ス ー パ コ ン ピ ュ ー タ の 兆 し ま し た 
私 た ち は 専 門 ソ フ ト を 
僕 の 問 題 
私 た ち は 解 決 す る ソ フ ト ウ ェ ア し た 
す る こ と を す る よ う な 苦 マ ラ リ ア 
そ の 問 題 で す 
知 ら な い よ い で 感 の た め に は 技 術 
ど れ ほ ど 私 た ち は 蚊 帳 に 眠 る 
消 費 を 少 し は 蚊 帳 は 作 れ ま し た 
も う muỗi. ス 
さ て で き る の で す 
こ れ は 1 0 0 ド ル が 
し か し 作 đọ 非 効 率 的 に 異 な っ て い ま す 
違 い を ど う し た 
ス ー パ ー コ ン ピ ュ ー タ を 使 っ た 
コ ン ピ ュ ー タ モ デ ル は 世 界 最 マ ラ リ ア に 
も う す ぐ に 
我 々 が 選 ん だ Madagascar. 
私 た ち は 全 て の 街 を 
こ れ が 
イ ン チ 四 Madagascar. で し た 
私 た ち は 全 て の デ ー タ ー に 
そ の 土 地 の 温 度 に 
こ れ は と て も 重 要 度 雨 量 の 湿 っ た 微 そ し て 
そ れ か ら 分 か る 状 況 で す 
環 境 は 牢 獄 の 国 の 繁 殖 đọng 蚊 取 り 
そ れ ば こ の 病 気 の 状 況 で す 
こ れ は 一 年 前 蚊 を 紹 介 さ れ 
そ の モ デ ル を 
そ し て し ま し た 
特 に そ れ か ら で す 
こ れ は マ ラ リ ア ン ス キ ャ ン し て 
Madagascar. 
こ こ が 冬 雨 の 
次 は 今 ま で 
マ ラ リ ア に 乾 燥 に 溶 け る で し ょ う 
日 常 生 殖 が あ り ま せ ん 
そ し て 次 の 年 に も ち ろ ん 、 蚊 障 障 し ま す 
こ の モ デ ル を 
私 た ち は コ ン ト ロ ー ル を 費 や マ ラ リ ア 
何 千 も の で す 
前 に は 実 際 に 
で も シ ミ ュ レ ー の バ ラ ン ス が 経 済 的 要 素 は 
ど れ く ら い 企 画 xịt? と エ ネ ル ギ ー を 
で の 要 素 を 均 衡 社 会 で す 
も し な か っ た 状 態 が 
私 達 は 研 究 の 敵 で す 
こ れ は カ メ ラ の 高 速 
muỗi. で す 
そ し て 瞬 間 を 
私 が 流 れ は い ま せ ん 
私 た ち の よ う と し て い る 写 真 空 化 の 流 れ 
光 蚊 の 羽 
ど ん な 小 さ な 粒 子 は 光 線 laser. で 
飛 行 機 を 理 解 に 蚊 取 り 
私 た ち は 期 待 し て い ま ま に 飛 ぶ 
現 在 な の で す が 
chíng DDT. マ ウ ス で す 
こ れ は 広 告 で す 
こ の 自 慢 で き ま せ ん で す 
日 前 こ れ は 基 本 的 な 技 術 で す 
事 実 に 多 く の 水 を 翻 訳 DDT. マ ラ リ ア を 
ア メ リ カ で も 同 じ で す 
年 1935, 1 5 万 ド ル マ ラ リ ア の 歌 が 毎 年 
ア メ リ カ で は 
し か し DDT 努 力 し て 、 健 康 に 大 き な コ ミ ュ ニ テ ィ は 
翻 訳 型 に 成 功 し ま し た 
だ か ら だ と 思 い ま し た 
私 た ち は 偶 然 に で も マ ラ リ ア に 
原 虫 走 り ま し た 
何 が で き る 蚊 で し ょ う か ？ 
蚊 取 っ て 電 新 し い 人 を 
絶 対 に 聞 こ え ま せ ん 
し か し い 
特 に 面 白 い こ と が で き ま す 
初 Blue-ray 映 画 を 見 て 
レ ー ザ ー が あ る い は と て も 安 く 作 れ 
印 刷 が レ イ ク を 
レ ー ザ ー の 使 い 、 と て も 正 確 に 
使 わ れ る の で 印 刷 を 紙 で す 
も ち ろ ん 、 カ メ ラ が 信 号 処 理 
そ し て ま す 
も し 全 て を 使 い 
蚊 取 引 を 分 か る ？ 

