そ れ で 彼 ら は 農 家 は 守 れ ま す 牛 乳 を す る た め に 小 麦 粉 を 買 い 赤 ち ゃ ん に す る こ と で す 
Whole Food の 一 つ で す か ら 食 料 品 店 展 開 し て い ま す 
こ れ は こ の 場 所 と し て い る 全 て の 銀 行 員 は 全 て 集 し て い る よ う な お 金 を International Amnesty 債 務 で も そ う で す 

私 た ち に つ い て 話 し し ま う で し ょ う し て い る の で は あ り ま せ ん か の よ う に 彼 ら は 髪 の 毛 を し て い る の で す よ う と し て い ま し た 
自 分 が 来 る こ と が で き る と い う の が 私 の 髪 の 毛 に 戻 し ま し ょ う 
し か し 私 が 言 っ て し ま っ た と い う も の で す 蜂 は 青 色 の 髪 の 毛 が あ り ま せ ん 

こ の 映 画 の 世 界 と い う 名 の “ 平 で あ る こ と で す そ し て そ の 効 果 が 4 つ の 「 素 晴 ら し い と い う の で す 
彼 ら は こ の 映 画 に 提 案 tôi--nó 主 題 は 素 晴 ら し い と い う こ と で す 
彼 は こ の 提 案 し て い ま し た 映 画 に し て い る の で す 
そ し て 私 が 言 っ て し ま っ た か も し れ ま せ ん で し ょ う &amp;quot;ồ,có 映 画 さ れ ま し た メ デ ィ ア の 上 に あ る の は 地 元 の 
そ し て 私 た ち は 言 っ て い る こ と が で き た こ の 人 た ち は わ か っ て い る の で す 
し か し 実 際 に は 映 画 し て い ま し た が 立 ち 上 が り が あ る ん で す 
今 で は ま だ 映 画 の 状 態 に な っ て い ま し た nợ,nhưng ク リ ス を 制 御 す る と い う こ と を さ れ て い る の か を 通 し て い る と 思 い ま す 彼 は 生 ま れ て い ま し た い と い う の で す 
映 画 を す る た め に 外 出 し て い ま し た 
そ こ で 私 た ち は 映 画 を 作 り ま し た 
そ し て そ れ が 起 こ し て い た の で す 化 す る こ と で す 物 語 に つ い て 多 く の だ と 言 っ て い ま し た よ う に な り ま す 
に つ い て 話 し て 、 教 師 で あ る と い う こ と で す 
こ れ は そ れ ら の 話 で す る と い う こ と に つ い て の 講 義 し て い ま し た 教 師 を 教 え て い る の で は な い の で す 
そ し て こ れ は と て も 美 し い こ と で す 
そ し て 、 私 は こ う い う こ と が あ る と い う 奇 妙 な 映 画 の 
私 た ち が 見 ら れ て い ま す が 奇 妙 に 感 を 感 じ る こ と が で き る と い う の で す 
私 を 見 る こ と を し て い る の で は あ り ま せ ん さ れ て い ま し た 
私 が 見 た 
教 師 で あ る こ と で す 私 の 側 に 行 わ れ て い ま し た 
私 は 先 生 が 見 え る か を 教 え て い る の か も し れ ま で の 私 の 科 学 の 学 校 で học.thầy Rucell 国 が あ り ま す 
（ 笑 ） 、 下 の 脳 に 米 ひ げ に し ま っ た の で す 
こ れ は そ れ ら の 笑 み dùng--đó す る こ と で す 私 は 彼 の 笑 み を す る こ と で す 
と い う こ と が 輝 く 目 に 出 会 い ま し た 時 に は Jan Polo. っ て い る の で す 
こ れ は そ れ ら の こ と が で き る の で は あ り ま せ ん で い る の で す 怒 り だ ら し い 目 を し て い ま す 
こ れ は そ れ ら の 目 を し て い ま す る こ と で す と い う こ と で す こ と が で き る の が 詰 ま っ て 恋 愛 す る に 恋 を し ま し た 学 生 た ち に 与 え た の は 彼 女 の 
そ し て 私 は さ れ て い ま し た い 時 も あ り ま す が 見 え る こ と が で き る の は そ れ が こ の 目 を し て い ま す 
そ し て 私 は 彼 女 は J .Banks© Ethel 見 て き て い ま す 
人 の 人 々 は シ ャ ツ に 忙 ngọc 男 の 子 の 仕 事 を し て い ま し た ヒ ー に 行 き ま し た 小 学 校 に 行 く と し て 毎 日 
そ し て は い つ も 知 ら れ て い る の を 見 て い る の は 彼 女 の 距 離 の 古 い 教 師 に な っ て い ま す 
知 っ て い る の か と い う こ と が あ り ま す 
（ 笑 ） 
そ し て 私 は 言 い ま し た と い う も の で は あ り ま せ ん で し た い と 思 い ま し て い る の に つ い て の 背 後 に あ る 人 も い ま し た 
な ぜ な ら 、 私 が 目 を 背 後 に あ る と い う こ と が あ り ま し た と し て い ま し た 
（ 笑 ） 
彼 女 は こ れ は そ れ ら の 教 え る か 知 っ て い ま す か ？ 
私 は そ れ こ そ し て い ま し た こ と が で き る の を 使 っ て い る の を 見 て い る の で は あ り ま せ ん 頻 繁 に 
し か し 、 私 は そ れ は 異 な る で し ょ う 私 の 目 の 中 で 
そ し て 彼 女 の Banks の よ う な も の 人 が い ま し た 問 題 で あ る こ と で す よ う と し て ザ ー に し て い る の は 私 に と っ て 
そ し て そ の 後 見 つ け た の で す 
両 親 は 彼 女 は tôi,những 中 の 最 初 の 
私 に と っ て い っ ぱ い で 父 親 の 人 の 人 た ち が 創 造 的 な 広 大 な 投 資 家 た ち は ア イ デ ア が 
こ れ は そ れ ら の 人 が Malcolm す る こ と で す 彼 は 右 側 の 
私 の 母 親 と し て い ま す 
私 は こ の 4 つ の 人 生 の ク ラ ス を 教 え て い る の で す 
し か っ た の で す 彼 女 は Virgina グ ラ ミ ン グ の 学 校 で の こ と で す 
こ の 緑 を 人 々 が す る こ と が で き る と い う こ と を し て い る の は 
そ し て 実 際 に こ の よ う な 感 じ ま し た 
私 は 映 画 を 見 て い る こ と が で き る と い う こ と で す 
私 は 彼 女 に 会 っ た り の よ う な も の で す が 、 脳 は こ の よ う な 
私 が 好 き な 感 じ て い ま し た い で し た が 彼 女 は 次 の と し て い る の で す 
私 の 一 部 で あ る こ と で す よ う に な っ て い る と い う こ と の な い の で す の は 彼 女 の 教 え て い ま す 
そ し て そ れ は と て も 素 晴 ら し い こ と で は な い の で あ る こ と で す 
私 の 娘 を 使 用 す る こ と を 教 え る こ と を す る た め に 私 は Madeline 小 学 校 の 
そ し て 動 す る こ と が で き る だ け で は な く し て い た の で す 私 の 母 の 
続 け る こ と を 実 際 に さ れ て い ま し た 
そ れ は と て も 驚 い た と 感 じ ま し た 
と い う こ と を す る こ と が あ り ま す が こ れ は そ れ ら の デ ザ イ ン の 説 明 さ れ て い ま し た 
そ し て 私 は こ れ が こ の よ う に す る の で す こ と が で き る 上 で の 肩 に 立 っ て 時 に は 多 く の 人 た ち は 
私 は 彼 女 は こ こ に い る の は あ り ま せ ん で し た く な り ま し た 
多 く の 人 た ち の 中 で こ の ス テ ー ジ で す の で す 
そ し て 言 っ て い ま し た か と い う こ と を す る と い う と し て い ま し た World Peace ゲ ー ム に つ い て 
ま っ て い ま す 。 こ の よ う な し 始 め ま し た 
そ れ で は そ の 絵 を 貼 っ て い る と い う 大 き さ の 木 材 4x5 一 歩 一 歩 
学 校 で の こ と で す か ら 車 内 1978 都 市 の 中 に あ る 
私 は 詩 を 作 り 出 し て い ま し た の で す 学 の 学 生 と Africa に な っ て い る の で す 
私 た ち は 全 て の 問 題 を 入 れ る と い う の は そ こ で 世 界 な の で す 
そ し て 私 は こ う 考 え て し ま い ま し た と い う こ と を 解 決 し て く だ さ い 私 た ち は し て い る の で す 
私 は し な い の で す こ と が で き ま し た い と 思 い ま し た 講 け の 本 を 読 ん だ 
私 は 私 た ち に は 小 を 埋 葬 さ れ て い た の で し た い と 思 い ま し た 
そ し て 感 じ る 方 法 を 習 を 通 し て こ と が で き る の と い う こ と に し て い る の で す 
そ こ で 私 は こ う 考 え て し ま い ま し た が 私 た ち の ゲ ー ム の ゲ ー ム の よ う な も の で は な い の で す 
私 が や っ て い る と い う こ と が で き る で し ょ う こ と が で き る の で は あ り ま せ ん đó--Tôi し て い ま し た 相 互 関 係 性 に つ い て で す 
私 た ち は こ う い う こ と が あ り ま せ ん こ れ は そ れ ら の 1978 年 に な っ て い ま す 
し か し こ れ は 相 互 関 係 が あ り ま す 
そ し て こ れ は 私 た ち は こ の ゲ ー ム を 作 り 出 し て い ま し た の で す 
そ し て こ れ は 発 展 さ れ て い ま し た 
こ の 球 foot 4x4x4 か ら で す 
構 造 を 構 築 plexi ガ ラ ス の 
そ し て こ れ は ク ラ ス の 4 つ の Plexi 成 っ て い ま す 
ク ラ ス が あ り ま し た 空 気 の 外 側 に 囲 ま れ る こ と で は あ り ま せ ん 
す る こ と に し て い ま し た そ の 衛 星 の ブ ラ ッ ク ホ ー ル す る こ と で す 
そ し て こ の 調 査 し て い ま し た そ の 衛 星 の 写 真 に 写 っ て い る の で す な ぜ で し ょ う 
そ し て そ れ で は あ り ま せ ん が あ り ま し た 空 気 の 階 層 の 脚 で は あ り ま せ ん 
雲 で あ る こ と で す こ と に し ま し た と い う こ と を し て い る の で ソ cotton 箱 を 私 た ち の 周 り に 置 い た の で す 
ま っ て い る の で は あ り ま せ ん そ し て 空 気 の 授 業 を 本 気 で は な い の で す 
地 上 海 面 の よ う に し て い る の で す 何 千 と い う ゲ ー ム の パ タ ー ン と し て い ま し た 
さ ら に の 下 の 海 水 の よ う に な っ て い ま し た 
そ し て そ の こ と に し ま し た 地 下 鉄 鉱 山 の 海 の 下 に あ る こ と で す 
4 つ の 国 が あ る の を 真 の 周 囲 の 流 れ て い ま す 
子 ど も た ち の 名 前 を 付 け る こ と で し ょ う そ れ で こ の 国 々 が 貧 し い 国 の 豊 か な 国 が あ り ま す 
私 た ち に は 資 産 が あ り ま す そ し て 軍 は 企 業 の た め の 新 し い も の 違 い が 
そ し て そ れ ぞ れ の 国 政 府 が あ り ま す 
首 相 が あ り ま し た 政 府 が 国 の 大 臣 と 部 屋 に 長 に す る こ と で す 
で も な い の か と い う 元 の 成 長 の デ ザ イ ン の 数 学 の 金 融 
私 は 首 相 を 選 択 に 基 づ い て の 関 係 し て い る の が 私 の し て い ま し た 
私 は こ の 仕 事 を 提 案 し て い ま し た こ と が で き る と い う こ と で す が 私 た ち に 戻 る の で す 
そ し て そ の 後 私 た ち に は 内 と い う こ と を 選 択 肢 を し て い ま し た い と い う の で す 
銀 行 が あ り ま す が 、 世 界 中 の 人 に 傷 に 費 や し て い ま し た 国 家 の U 合 す る こ と が で き ま し た 
女 性 が あ り ま す が 神 の 気 象 に つ い て て い る の で す 
人 の 人 々 は 気 象 は 異 な る と い う こ と で す 

そ こ で 私 は Abhishek こ れ ま し た 
彼 は こ う し て い る こ と を し て い る の で す Parol 助 け 子 供 た ち の 小 さ い 
私 は し ば ら し て い る の で す そ し て 彼 は 本 当 に 現 れ る こ と で す 
顔 の 灰 色 tro. っ て い る よ う な も の で す 
彼 は 私 が 言 っ て い ま す と い う こ と が あ る と い う こ と が で き る の は ２ つ の chết; し て い ま し た 
母 親 の 子 供 が っ て い ま し た 。 そ し て 学 ぶ よ う に な る の で す 
そ の 理 由 は 彼 は 私 の よ う に 言 っ て い ま す 
し か し そ れ で あ る こ と で す よ 」 と 呼 ば れ て い 合 い と 思 い ま す 
彼 は こ の よ う な も の を 説 明 し て い る と い う 意 味 の 血 管 の 深 刻 な 流 れ ま で い る の で す 
私 は シ ョ ッ ク と い う こ と で す 
す る こ と で す 彼 は 全 体 を す る こ と を 言 っ て い ま し た の で あ る こ と が で き る の で す 
だ か ら 血 管 の 病 気 の 分 析 さ れ て い る の が 不 足 が あ り ま せ ん 
ど ん な 血 管 の 病 気 に す る こ と で す が - - 私 は ジ ニ ア に 知 っ て い る の で し か し 、 も し ま し た が る の で す - - 
血 が 流 れ な い か も し れ な け れ ば な り の 力 に 値 す る の で は あ り ま せ ん で す よ う な こ と で す 人 も 亡 く な り ま す 
そ れ で は そ の 病 気 が あ る 治 療 す る こ と が で き な い か も し れ ま し た よ う に し て い る と い い の で す 
つ ま り 新 axit folic, 師 が - - 
ロ が あ り ま す 安 価 で の 治 療 す る こ と が で き る 事 が で き る 人 々 は 十 分 で 支 払 い が あ り ま す 
貧 血 症 の 管 理 を す る た め で す 
そ こ で は な ぜ こ の 女 性 の mạng? 損 な け れ ば な り ま し た の で す 
と い う こ と が で き る の に な っ て い る の が あ る と い う こ と に な り ま す 
こ の よ う に し て そ れ は ５ 分 間 で の 場 所 が あ り ま す 
中 央 に 関 心 を 持 っ て い る の で す 中 の 医 療 
分 か り ま し た 援 助 を 発 す る 新 減 さ れ て い ま し た の で す 
そ こ で の 本 質 は こ う い う こ と が で き る の で す か ら 完 全 に sốc. っ て い ま し た 
そ し て 知 っ て い る の で な け れ ば な り ま し た と い う こ と を 避 け て も こ こ で こ の 部 屋 の 方 法 が あ り ま す 
私 の 母 親 で あ る こ と で す nhi, 学 科 の 医 師 の 質 問 を し て い ま し た 母 親 と し て い ま す 
彼 女 は 普 通 の が 私 に 言 い 方 法 の 病 気 の 血 液 を 試 し て い ま す が 、 こ の よ う に す る こ と で す 
ウ ィ ル ス 血 液 サ ン プ ル な の で す 
そ し て 走 り ま し た コ ン ピ ュ ー タ を 通 し て い る よ う に し た と い う こ と で す 」 と 呼 ば れ る Coulter. コ ン ピ ュ ー タ と 
こ れ は コ ン ピ ュ ー タ と 車 の 価 値 が あ り ま す Mumbai. $10,000 だ け で は な く と い う こ と で す 
で き ま す と い う の は ど ん な も の で は こ こ に い る と い う こ と で す か ら 私 は そ れ が ど ん な 予 測 が 
ヨ ー ロ ッ パ で ほ と ん ど の 都 市 に よ っ て い ま し た 世 界 中 で 
し か し そ れ が Parol. で は あ り ま せ ん で い る の で す 
増 加 し て い ま し た 行 動 す る と い う 女 性 た ち は 機 械 、 工 員 
で は あ り ま せ ん Parol. が あ り ま す 

こ れ は Fibonacci す る こ と が で き ま し た 配 列 を 作 り ま し た 計 算 に と っ て 非 常 に 簡 単 で す 
そ し て こ こ で は ゲ ー ム も や 文 章 や ア ニ 畳 み ま し た 場 合 Scrabble Boggle. と の 関 係 し て い る の で す 
基 本 的 に そ れ ぞ れ の 中 に 描 か れ る こ と で す 
皆 さ ん が 文 字 が あ り ま し た こ と は 、 偶 然 に そ れ ぞ れ の Siftable, 切 っ て い る の で す 
そ し て あ な た が 作 っ て い る の で す か ら の 単 語 を 検 査 で こ れ は そ れ ら の 辞 書 の 中 で 
約 3 0 秒 後 に 文 字 が 変 わ っ て そ れ ぞ れ の 四 角 が あ っ て い る の で す 
そ し て そ れ が あ る か と い う こ と が で き ま し た 新 し い 文 字 通 り の も の よ う と し て い る も の で は な い の で す か ら 

私 は 皆 さ ん 全 員 が 知 っ て い る の が 好 き で 統 計 の よ う に し ま し た か ら 始 め ま る で し ょ う ペ ー ジ 率 と 統 計 デ ー タ を 
こ れ は こ こ で 私 は こ う い う こ と だ と 考 え て い る と い う 事 実 を 取 り 出 し を す る た め に 一 番 重 要 な こ と を 記 憶 し ま す 
主 に つ い て の イ ギ リ ス の ア メ リ カ の 政 治 家 と し て い ま す 
そ し て そ れ は 私 た ち は 全 て の 消 費 す る こ と で す お 金 を 生 み 出 し て い ま し た 
私 た ち は D 予 算 を 表 し て い る の で す こ の よ う な っ て き ま し た 
こ れ は 時 計 債 務 と し て い る の に す る こ と で し た も の で す 
そ し て ご 覧 の よ う に な っ て い ま し た の に な り ま し た 債 務 に つ い て い る の は 3 2 0 0 億 以 上 で は 上 昇 し て い る の で す 
そ し て 私 は こ う い う こ と を 引 き だ と 思 っ て い る と い う こ と で す 
な の で す が 見 え る こ と に 気 が 非 常 に 簡 単 で す 
と い う こ と が あ る と い う 質 問 を し て い る の で し た 政 治 家 の 中 で 重 要 な 質 問 を し て よ り も も っ と 違 っ て い る の で す 
そ し て そ れ を し て い ま し た い と い う こ と で す な ぜ で し ょ う ？ ど う や っ て 、 私 た ち が や っ て い る の は 全 て の こ と が で き る の に す る と い う こ と で は あ り ま せ ん よ り も 良 い 費 tiền? 増 加 し て い ま す 
な ぜ な ら な る で し ょ う が い る の で す か ら で は あ り ま せ ん よ り 多 く の お 金 を 改 善 す る た め の 公 共 サ ー ビ ス の 
政 府 を 向 上 さ せ ら れ て い ま す そ の 他 の 方 を 改 善 し て い ま す 
政 治 的 な も の の 価 値 は 言 っ て い る の か と い う と し て い ま し た 
皆 さ ん と い う こ と が で き な け れ ば と 思 っ て い た あ ら ゆ る も の に お 金 が か か り ま し た の で す 
そ れ だ け で は な く な る こ と が で き る で し ょ う が あ る の を 測 定 さ れ て い ま し た の 数 を 数 え 成 功 し て い る 公 共 サ ー ビ ス の 
医 療 サ ー ビ ス の 中 で そ し て し ま し た こ と を 教 育 を 受 け て い る と い う こ と の 秩 序 を 消 費 の 安 全 保 障 を も っ と 多 く の お 金 を 
皆 さ ん だ け で は な く な る こ と が で き る で し ょ う が あ り ま す が 計 測 す る こ と を お 金 を 稼 い 消 費 す る こ と に な り 進 ん で い き ま す 
そ の よ う な っ て い る の で す 皆 さ ん の 時 間 が か か る で し ょ う か nhọc. 切 り を す る こ と で す 
し か し な い と 思 う の か と い う こ と が あ り ま す か ら 他 の 多 く の こ と を す る と い う こ と に 関 係 が あ る 繁 栄 は 幸 せ に し て い ま し た 
こ の よ う な も の 関 係 と の 友 人 や 家 族 や コ ミ ュ ニ テ ィ で 人 生 の 価 値 で す 
時 間 と し て い る の は こ れ ら の 政 治 、 実 際 に は と て も 興 味 深 い 結 果 を す る こ と で す 
そ し て い ま し た い と い う こ と が 議 論 を し て い た い と 思 い 出 し て 今 日 の 夜 に 置 い た の で す 
単 純 な こ と で す そ し て 本 当 の 脚 で す 
組 み 合 わ せ な け れ ば そ れ は 私 た ち は 考 え て い る 哲 学 の 政 治 的 そ し て い る 理 由 は 正 し い の か 
革 命 に と っ て 大 き く な っ て い ま し た 情 報 を 大 き な こ と が 起 き ま す 
と い う こ と が 皆 さ ん に よ り も ず っ と 多 く の か 知 っ て い ま し た 
私 は ま る で し ょ う だ と 思 っ て い る 機 会 が あ る の に す る た め の 大 き な グ ラ ミ ン グ や 政 治 や 再 生 し て い た の で す 
再 生 し て い た の で す ぐ に 政 府 に 再 生 す る 公 共 サ ー ビ ス の 
そ し て 成 し 遂 げ ま し た と し て い る と い う こ と を し て い る の は こ の ペ ー ジ に 上 の 増 加 に つ い て 大 き な 幸 福 を 
こ れ は そ れ ら の 議 論 す る こ と で す 私 は こ う い う こ と を す る こ と が で き た い と 思 い ま す が 今 日 の 夜 に な っ て い ま す 
哲 学 か ら 始 め ま し た 政 治 的 な も の 
も ち ろ ん 私 が 言 っ た の で は あ り ま せ ん し か し な け れ ば な り ま す る こ と で す が Bảo Thủ 党 イ ギ リ ス の 全 て の 答 え は あ ら ゆ る も の に す る こ と で す 
も ち ろ ん 私 た ち は い る も の で は あ り ま せ ん 
し か し こ う い う こ と に 関 心 を 持 っ て ２ つ あ り ま し た な ぜ で し ょ う か と 思 い ま し た ３ つ の 哲 学 や っ て い る の に と っ て い ま す 
私 た ち は と て も 適 切 な も の だ と 思 っ て い て い る 議 論 を し て い る の で す 
最 初 に 私 た ち は こ れ ら れ る の で す る こ と で す 信 じ て い ま す の 人 々 が 
多 く の パ ワ ー の 権 利 は な い よ う に な り ま す そ し て コ ン ト ロ ー ル に と っ て 彼 ら の 人 生 の 中 で 
し て い な け れ ば 彼 ら は も っ と 多 く の 選 択 肢 に す る こ と で す 
し て い な け れ ば 彼 ら は チ を 入 れ た の に 運 転 し た 
お 分 か る で し ょ う こ と が で き る の か と い う こ と が あ る の を 作 り 出 し ま し た い こ と で す そ し て 社 会 よ り も 力 強 く し て き た の で す 
そ し て 皆 さ ん が こ う い う こ と が で き な け れ ば い 喉 と は こ の エ ネ ル ギ ー に と っ て 廃 棄 物 の 大 き な い 大 き く な る 情 報 な の で す 
私 た ち が 今 日 の 世 界 に な り ま し た 
私 は ま た 私 た ち が あ る の で は な い と 思 っ て い る こ と で し ょ う ど の よ う に し て い ま し た の は 私 は こ う 言 い ま し た 
再 生 す る 再 生 す る 政 治 的 な 政 府 に 再 生 す る コ ミ ュ ニ テ ィ ー サ ー ビ ス の 完 全 に す る こ と で す 
二 つ 目 の 私 た ち は こ う い う こ と で す る と い う こ と を 信 じ て い る の で す が 私 た ち は す る こ と で す る と い う こ と を 信 じ て い る の に 従 い ま し た 自 然 の 本 質 は 人 間 の 
政 治 的 そ し て 政 治 家 た ち が 成 功 す る だ け で は な く な る で し ょ う 
彼 ら は こ の よ う と し て い る こ と が で き る 本 当 に 扱 っ て い ま し た コ ミ ュ ニ テ ィ の 自 分 自 身 の よ う な コ ミ ュ ニ テ ィ の 
で は あ り ま せ ん が 何 を す る よ う に な っ て い た い と い う の で は な り ま せ ん が 本 の コ ミ ュ ニ テ ィ に な っ た の で す 
皆 さ ん の こ と が で き る の で な け れ ば 結 合 す る こ と を 考 え て い る こ と が で き ま す - - 単 純 な 保 守 派 と い う こ と で す 
自 然 の 本 質 に 従 い ま し た の で す が - - 人 の 人 々 が 
と い う こ と で す 科 目 の 昇 進 レ ー ス で 行 動 経 済 的 な 
私 た ち は 新 し い 話 を 聞 い た の で は あ り ま す が や っ て き ま し た さ れ て い る の か と い う こ と で す 
と い う の で は も う 一 度 だ と 思 っ て い る こ と で し ょ う こ と が で き る の は 私 た ち が 幸 福 よ り 幸 せ に す る と し て い ま す 
成 し 遂 げ ま し た 社 会 的 で 力 強 く よ う に な り ま す 
で は あ り ま せ ん 消 費 す る こ と が で き る 必 要 は な く 多 く の お 金 の 増 加 し て い ま す 
そ し て 今 、 な ぜ 私 が こ れ は 時 間 だ と 思 っ て い る と い う こ と で す る た め の 議 論 を 出 し て い る の で し ょ う か ？ 
私 は 皆 さ ん âu だ と い う こ と な る で し ょ う 言 っ て い ま し た 苛 省 で 学 ん で い ま す そ し て 良 か っ た の で は 短 い サ 歴 史 に つ い て 
に つ い て 話 し て 私 は こ う 言 い ま し た ら 成 っ て い ま す か な い の で し た い と 思 っ た ３ つ の 短 い 歴 史 に つ い て 
お 金 を liêu, 時 代 に な っ て い る 時 代 を 拒 否 し て い る の は 
そ し て 今 で は 気 liêu. 時 代 は と て も 
す る こ と に つ い て 簡 単 だ と 考 え て い る と い う の で す 
私 た ち で す よ う な 経 験 を し て い ま し た 時 代 に は 地 元 の 政 府 は 
時 代 に 政 府 ương 国 が あ り ま す 
そ し て 今 こ こ で 私 た ち が い る 時 代 の 人 が 政 府 は い っ た の で す 
権 力 ương, 現 地 の 中 か ら な い の で す る こ と で す 今 で は 人 間 は 権 力 と い っ た の で す 
そ し て こ れ は King Knut, だ が 、 国 王 は 何 千 年 前 の こ と で す 
ア イ デ ア が 自 分 け る こ と に な る と い う こ と を す る こ と が で き る 次 元 を 変 え て し ま い ま し た と い う 風 波 さ れ て い ま し た と し て い る の は で き ま せ ん 
実 際 の と な の で は な く な っ て い ま し た こ と が で き る の か を 止 め た く さ ん さ れ て い ま し た 
な ぜ な ら な け れ ば そ れ で い る の で す か ら 皆 さ ん の 王 様 も 千 年 前 に し て い ま す 
す る こ と が で き る た め に 沿 っ て い ま し た し に 行 き ま し た 全 て の 国 で は な く な り 何 百 名 を 失 っ て し ま し た 数 週 間 
皆 さ ん を 握 る と い う こ と で し ょ う こ と が で き る の で は あ り ま せ ん か ら 多 く の は 権 力 で す 
あ な た の 権 利 が あ る の で は あ り ま せ ん 行 政 治 、 健 康 公 教 育 で 幸 せ で し た 
あ な た が っ て 歩 い て い る だ け で は な く 戦 争 と い う こ と が で き る よ う な こ と で す そ し て そ こ で き る だ け で は な く と い う こ と で す 
こ れ は お 金 を liêu, 時 代 に 関 す る こ と で す 
時 代 的 な も の で も 全 て が 地 域 で は な い の で す 
皆 さ ん の 管 理 す る こ と が で き る の で す 必 要 が あ る 地 方 の 情 報 な の で は あ り ま せ ん で す 。 な ぜ な ら な い の で す か ら さ れ て い ま し た メ デ ィ ア 上 菌 さ れ て い ま し た 犯 罪 を 国 全 体 で す 
な ぜ な ら 歩 い て い る と い う こ と が 制 限 さ れ て い て い な い ん で す 
こ れ は お 金 を liêu. 時 代 に 関 す る こ と で す 
次 の 歴 史 を 持 っ て い る 朝 khan, 学 乾 燥 し た 
こ れ は と て も 素 晴 ら し い 写 真 が 好 き な 産 業 革 命 に つ い て の イ ギ リ ス 
全 て の 種 類 の 突 然 交 通 手 段 が 情 報 を し て い ま し た 連 絡 を dĩ, 能 力 に な っ た の で す 
そ し て そ し て い ま し た 時 代 に 生 ま れ ま で 新 し い と い う こ と で す 」 と 呼 ば れ て い ま し た 時 代 の 一 時 代 liêu. に 関 す る こ と で す 
希 望 の デ ザ イ ン す る こ と で し た 次 の ペ ー ジ に 上 が っ て く る で し ょ う 大 き な 発 表 す こ と が で き る と い う の で す 
突 然 で 生 ま れ る の が 見 え て い た の で す が 集 ま っ て 大 き な 国 家 の 権 利 は な い の で す 
&amp;#91;nhà nước&amp;#93; 組 織 化 し て い ま し た い で い る の で す 
医 療 法 律 や 政 治 や 教 育 を 受 け て 
そ し て こ れ は nước&amp;#93;, &amp;#91;nhà の よ う に し て い ま し た の で は あ り ま せ ん で す 私 は こ う 言 い ま し た 権 威 は 地 元 の 集 す る こ と が で き る 権 利 に な っ た の で す 
権 力 を 惹 き た い の で し た の で す か ら の 小 さ な 地 元 の 一 人 ひ と い う こ と で す 
す る よ う に な っ て し ま し た &amp;#91;tập 均 lực&amp;#93; 権 利 は な く て は な い 自 然 の 力 を 持 っ て い ま す 
ス テ ッ プ に 移 動 し て い る と い う こ と が 大 き な い 時 期 に 他 の 皆 さ ん の お 馴 染 み の と し て い ま し た 
革 命 の 巨 大 な 情 報 な の で す 
何 を 見 て い る の は 、 実 際 に 試 し て み る こ と に し て い る の で す 
1 0 0 年 前 に 行 き ま し た 文 字 が 送 ら れ た こ の よ う な 1 0 0 0 5 0 ド ル か か っ た の で す 
こ こ で こ れ は す ぐ に さ れ て い ま し た い と い う こ と で 私 た ち は ロ ス に 繋 が っ て い ま す そ し て そ の 他 の 多 く の 場 所 で 
そ し て い た る ま で 地 点 の 秘 密 と い う と し て い る こ と だ け で は な く 小 さ な も の の 価 値 は そ の お 金 を 
そ し て 私 た ち は 次 に 送 り 出 す こ と が で き る と い う こ と で す る こ と に 気 が 届 く 質 で あ る も の を 巨 大 な 情 報 な の で す 
す る こ と が で き な の で 費 用 が か か っ て い ま せ ん で も あ り ま せ ん 
こ の よ う に し て い る 時 代 と し て 私 た ち は 生 活 気 &amp;#91;post-bureaucratic&amp;#93;, 拒 否 し て い る の は 
時 代 と 権 力 と い う こ と で す 実 際 の 市 民 を 可 能 に す る の に す る こ と で す 
こ う い う こ と の 総 人 口 が あ り ま す が 、 こ れ は ど の よ う に 意 味 す る こ と に 政 治 的 な サ ー ビ ス の た め の 新 し い の に な り ま し た と し て い る の に 
サ ー ビ ス に コ ミ ュ ニ テ ィ の 政 府 に 行 っ た の で し ょ う か ？ 
絶 縁 に と っ て は な い の で す 残 り の 時 間 が か か り ま し た こ と が で き る の で は あ り ま せ ん し よ う に は 具 体 的 に 多 く の 例 を 挙 げ ま す 
し か し て み て く だ さ い を 出 し て い る の に す る た め の 方 法 の い く つ か の 人 生 の こ と が で き る の と い う こ と で す が 変 わ り ま す 
そ し て こ れ は 明 ら か に す る こ と で し た い と い う こ と が で き る の で す そ し て い る の で す か ら メ イ ン で す 。 な ぜ な ら 
皆 さ ん が 考 え て み て く だ さ い す る こ と が で き る か ど う や っ て 皆 さ ん の 違 い を し て い ま し た し に 行 き ま し た 
私 た ち は 買 い 物 を 移 動 す る こ と が で き る の か と い う ビ ジ ネ ス で 行 わ れ て い ま し た 
ま っ た と し て い ま し た の は そ れ で 何 が 起 き る よ う に 革 命 順 情 報 を イ ン タ ー ネ ッ ト と し て い ま す 
実 際 に は し て 広 が っ て い ま し た 社 会 的 通 し て 私 た ち の 多 く の 砂 糖 だ っ た の か と い う こ と で す 
し か し そ れ は あ り ま せ ん で 影 響 を 与 え る の を 作 り 政 府 も さ れ て い ま し た 
で は な ぜ こ の よ う な っ て い ま し た の で す か ？ 
私 た ち が 考 え る と い う こ と を す る た め に は ３ つ の 方 が あ る と い う こ と を し て し ま っ た 巨 大 な 変 化 し て い る 
そ の 発 明 の 選 択 肢 bạc, 権 の 責 任 感 に 接 し て い る の で す 
こ の 方 法 で は 私 た ち に đựa 戻 し ま し た 人 の 権 利 は な い か し 実 際 に は 
そ う で な け れ ば と い う こ と に つ い て 話 を し て い ま し た bạch, が あ り ま す 例 え ば こ こ に い る の か と い う こ と で す 
Missouri Accountability Portal 
前 の こ と が あ る 日 だ け で は な く 政 府 を 保 持 し て 情 報 を さ れ て い る の か と い う こ と に な っ て い る の で す 
だ け で は な く し て い ま し た 数 人 の 人 が 挙 が あ り ま す が む し ろ 新 し い こ と が で き る の を 使 っ て 情 報 を 試 し て い ま す い も の で し た と い う こ と で す 
調 査 結 果 と し て い ま す こ と が で き ま す 
今 で は ウ ェ ブ サ イ ト の ア メ リ カ の 州 で は 
私 た ち は 分 析 を 見 つ け 出 す こ と が で き る 検 査 で 
ド 消 費 す る こ と が な か っ た さ れ て い ま す な ぜ な ら 水 者 で す 
皆 さ ん が こ う い う こ と に な る で し ょ う か 考 え て み て こ れ は そ れ ら の 引 き 起 こ す の に ど の よ う に 変 え る の で す 
で も ど ん な ど の よ う な 建 設 し た か っ た の で す ビ ジ ネ ス の 競 合 す る こ と が で き ま し た 政 府 の こ と に な り ま す 
ま る で し ょ う 、 と い う こ と が で き る の で す べ て tiêu. に 費 や し 
全 て の 情 報 が あ る 使 用 さ れ て い る こ と が で き る の で す 。 な ぜ な ら 誰 で も ど ん な い と 思 う の で す 
自 分 を 提 供 す る こ と が で き る サ ー ビ ス を も っ と 良 い し い も の で 安 く て 
国 の 政 治 家 と し て い ま す 私 た ち だ け で は な く 新 し い 始 め ま し た 
観 測 装 置 の 表 面 の 人 口 問 題 は 私 た ち が 何 を し て い る の を 見 て い っ た の で す ネ ッ ト ワ ー ク の よ う に し て い る 情 報 な の で す 
貿 易 で 世 界 な の で す 
だ か ら こ れ は 全 て が 創 る こ と で し ょ う さ ま れ ま し た 他 の 大 き な い 大 き く な る と い う こ と を 知 っ て い ま す 
私 た ち は こ の 国 で あ れ ば cử, む し ろ 
私 た ち は 消 費 す る の で し ょ う か 25.000 の 上 に 流 れ て い ま す 
ネ ッ ト ワ ー ク で や っ て い ま し た の で す そ し て 私 た ち に は bạch, さ れ て い ま し た 発 明 す る こ と が で き る も の を 見 つ け ま し た が 誰 な の で す 。 な ぜ な ら 
今 日 お 話 し か し 私 た ち は 公 開 さ れ て い る の か と い う こ と を お 願 い し ま す 私 た ち を 合 成 す る で し ょ う し て い る の で す こ と に な り ま す 
ネ ッ ト の 人 々 が 見 え る の で す こ と が で き る よ う に す る の で 
そ し て khỏan さ れ る 条 件 は こ う い う こ と は 何 で あ る こ と で す 
原 を 発 す る 価 値 が 大 き な お 金 を す る の で す 
し か し 、 私 は 信 じ る こ と が で き る で し ょ う も あ り ま す と い う こ と で も あ り ま す 。 の 増 加 し て い る の と 大 き な 璧 主 義 者 頑 張 っ て い る の で す 
選 択 肢 の 違 い も の を 買 っ て い た ん で し ま し た イ ン タ ー ネ ッ ト 価 格 と 比 較 し て イ ン タ ー ネ ッ ト は 全 て の ネ ッ ト ワ ー ク を 通 し て や っ て い る の で 
し か し す る こ と が で き る と い う の で す る よ う な の で す こ れ ら の ネ ッ ト ワ ー ク だ っ た の で 、 新 し い 表 面 に 迫 っ て い る だ け で は な く 
サ ー ビ ス を し て い ま し た 教 育 し て い る の よ う な 医 療 の 安 全 保 障 秩 序 が 
そ し て い る の を 見 る と い う こ と で し ょ う か と い う こ と は tòan. さ を 変 え ま す 
私 た ち は 現 実 に す る べ き な の で 変 化 し て い る と い う こ と で す 
革 命 と 一 緒 に 情 報 を 水 の 中 で 
と に し ま し た 医 療 ウ ェ ブ サ イ ト の 検 索 要 求 を す る た め の こ と を 許 し て い る こ と が で き る の を 見 る の が 歌 っ て い ま し た く さ ん の 最 も 成 功 す る た め に 
医 師 記 録 が あ り ま す が 個 人 的 に ど の よ う に す る こ と に な り の 病 院 の 清 潔 さ れ て い る の で す 
誰 も が 最 も 感 染 sóat 
全 て の 情 報 を し て い ま し た さ れ て い る の か と い う こ と で す こ と が な か っ た ベ ン の 医 療 科 学 で は あ る こ と で す 
ま る で し ょ う も の を 提 供 さ れ て い る の は 私 た ち 全 員 に す る こ と で す 
そ し て 大 き な い と い う こ と が 変 わ り ま し た ３ つ 目 は 責 任 
私 は こ れ は こ こ で あ る と 思 っ て い る と い う こ と で す 非 常 に 大 き な 変 わ り ま し た 
こ れ は 犯 罪 者 の 地 図 に し た 犯 罪 シ カ ゴ ン グ と い う こ と で す 
そ し て い る の で す か ら そ の 代 わ り に さ か の よ う に す る こ と が で き な い の で す る こ と が で き る だ け で は あ り が あ る 警 察 さ れ て い ま し た 新 し い 情 報 な の で す 
に つ い て の 犯 罪 に な る こ と が 起 き ま す が こ こ に 越 し て い ま し た の で す 
そ し て 私 た ち を 雇 っ た の で す る こ と が で き な き ゃ い け な い 人 た ち は 政 府 の 中 で 
と い う こ と を す る た め に 警 察 の 責 任 感 動 し て い ま す 
突 然 私 達 は 彼 に 戻 る こ と が 大 き な 機 会 が あ る の は 関 連 し て い る 権 力 に な っ て 初 め て 生 ま れ て い ま す 
そ こ で 人 々 が す る こ と が で き る で し ょ う こ と が で き る の が あ る と い う こ と が で き る の で す か さ れ て い ま し た 犯 罪 に な る こ と が 起 き る と し て い ま し た 
そ し て い ま す ど こ に い ら れ て い る と い う こ と は 誰 も が 
そ し て 私 た ち は す る こ と が で き る で し ょ う と し て い る の に 気 づ き ま し た 安 責 任 を 取 り 出 し 
そ し て 皆 さ ん の よ う に す る こ と が で き る こ と が で き る よ う に 見 え ま す こ と が で き る の を 見 る の で す が こ の よ う な も の で す メ キ ッ チ ン と し て い ま し た 
し か し 実 際 に そ れ こ そ が サ ー ビ ス で は 人 間 の 青 い こ と が で き る の か っ た の で す 
皆 さ ん の 犯 罪 に な る こ と が で き る の が あ る の を 見 る こ と に な っ て い ま し た が ど こ に い る こ と が 起 き ま す 
そ し て 皆 さ ん の 可 能 性 の 力 が あ り ま し た エ ネ ル ギ ー の 安 全 保 障 の 警 察 が 皆 さ ん の 責 任 を 取 り 出 し た が っ て い ま す 
そ こ で そ う い う こ と を 知 っ て い る 3 つ の よ う に し て い る と い う bạc, 責 任 を 負 っ て い る 選 択 肢 と し て い ま す 
ま る で し ょ う が で き る の で す こ こ に は 大 き な 変 わ り ま し た 
も し ま し た が 考 え て し ま い ま し た の は も う 一 つ と い う こ と で す 
私 た ち が 考 え る と い う こ と で す 私 た ち は こ れ は そ れ ら の 注 意 を 払 っ て い た こ と を や っ て き ま し た も の で す な ぜ 一 般 の 人 々 に 理 解 で き る こ と を す る た め に さ れ て い ま し た 
そ れ が ど の よ う な っ て い た こ と を す る た め に さ れ て い ま し た と い う こ と が な け れ ば そ の 本 質 を 歩 き 回 っ て 自 然 の よ う な 人 間 の 
成 功 で き る と い う こ と が で き る の で す る こ と で し ょ う 
私 た ち が し て い る の で は な い の 大 き な ネ ッ ト ワ ー ク と い う こ と で す 
な ぜ そ う な の か 理 解 で き る こ と は 人 間 の 行 動 し て い た の で す よ う に 彼 ら の 行 動 す る こ と が で き る の か と い う 
そ し て 大 き な 機 会 で あ る と い う こ と を 理 解 で き る こ と を 知 っ て い る と い う こ と で 、 こ れ は そ れ ら の エ ネ ル ギ ー と 一 緒 に 情 報 を 使 用 し て い る よ う に 起 こ し ま す 
私 た ち の 仕 事 を し て い る 人 も い る と し て い る 人 に と っ て い た の で す と い う こ と で す 
私 た ち は こ の 問 題 を 抱 え て い っ て い る の で す な ぜ な ら さ れ て い ま し た こ の 人 々 に は 
調 査 を す る た め の 問 題 は 
私 は 皆 さ ん に す る た め に 簡 単 な 例 で す が 私 の お 気 に 入 り で す 
私 た ち が 人 々 は よ り も 効 果 の あ る と い う こ と の エ ネ ル ギ ー を 使 っ て い た の で す 
な ぜ で し ょ う か ？ と い う こ と で 、 な ぜ な ら そ れ は 貧 困 を 減 ら túng 燃 料 化 を 減 少 す る こ と が で き た く な り ま し た 
そ し て 気 エ ネ ル ギ ー 処 分 減 っ て 
そ れ で は ど う や っ て は い け ま せ ん で し ょ う か ？ 
私 た ち は 戦 争 を 翻 訳 さ れ て い る の が あ り ま し た 年 前 の こ と で す 
と い う こ と を 説 得 し よ う と し た 人 々 は こ の 電 球 を 節 約 し て い ま す そ れ ぞ れ の 家 か ら 離 れ る よ う に し て い ま す 
さ ら に 大 臣 が あ り ま し た 政 府 が 言 っ て い ま す 
歯 を 付 け る べ き な 暗 闇 の 中 で 
私 は こ う 考 え て い る 戦 争 の 翻 訳 で は あ り ま せ ん そ れ は 長 く 存 在 し て い ま す 
こ れ は 経 済 を 詳 細 の 中 の 小 さ な 行 動 面 へ の 
最 良 の 方 法 は な い こ と を す る た め の 誰 か が お 金 を 削 減 で き な の で は 彼 ら の 電 気 化 し て き ま し た 
彼 ら は エ ネ ル ギ ー を 見 る こ と に な っ て い る の で あ る こ と で す 彼 ら は 電 気 xài, し て い る と い う こ と で す 
彼 ら は 隣 人 に な っ て い る の を 見 続 す る の で す が ど れ ほ ど の 
そ し て 彼 ら は 人 を 見 る こ と に な っ て い る の で す 隣 人 続 い て い る と い う と い う こ と が 判 明 し ま し た 
あ る よ う な 行 動 経 済 は こ の よ う に 
す る こ と が で き そ の 行 動 を 変 え る 人 々 は 
傾 向 が あ り ま す よ う に す る と い う こ と が あ る と 脅 か す る こ と で は あ り ま せ ん 
ま る と い う こ と が で き る の で す か ら の 国 で は ど の よ う な quấy rầy 者 が で き る こ と で す 
例 え ば す る こ と は 他 の 再 利 用 す る こ と で す 
私 た ち は 皆 で あ る の は 知 っ て い る の で な け れ ば な り た く さ ん の 再 生 し て き た の で す 
ど う や っ て い る と い う こ と を す る た め に さ れ て い ま し た の で し ょ う か ？ 
証 拠 が あ る こ と で す か ら に は 実 際 に は ア メ リ カ を 見 る こ と に し な け れ ば お 金 を 再 利 用 さ れ た 人 た ち が 
皆 さ ん の 方 法 を 見 つ け な け れ ば そ れ を 使 っ て い る の で す か ら ・ &amp;apos;dỗ ngọt&amp;apos; 変 圧 力 
皆 さ ん の こ と が で き る で し ょ う 行 動 を 変 え た の で す 
そ し て こ れ ら は す べ て の を 見 る こ と は 何 で し ょ う ？ 
こ れ ら ２ つ の 言 葉 で は ア メ リ カ の 私 の お 気 に 入 り の 5 0 年 前 に し て い る の で す 
も ち ろ ん 私 た ち は ジ ョ ン ・ ケ ネ デ ィ の 話 が あ る の に と っ て 非 常 に 簡 単 に 言 っ て い ま し た 
し か し 、 構 造 mẽ: 強 い 力 強 い が あ り ま す 
「 国 の 質 問 が で き る こ と に 費 や し て み て く だ さ い 、 わ た し た 質 問 を し て い ま す る こ と が で き る こ と が で き る nước,&amp;quot; 費 地 す る の に す る こ と で す 
い い と い う 考 え が あ っ た の で す 非 常 に 素 晴 ら し い と い う こ と で す 
し か し 彼 は こ ん な こ と に つ い て い る こ と が で き る と 言 っ て い る の だ と い う こ と が で き る こ と を 発 し て い ま し た の で し ょ う か ？ 
建 設 す る た め の xựng 社 会 よ り も 強 力 で す か ？ そ し て い る の で す 
皆 さ ん が 戦 っ て し ま し た こ と が で き る の で す か ら 水 に な っ て い ま し た 地 す る の か と い う こ と で す る こ と が で き る の で す か ら quốc, 組 織 と し て 生 ま れ て い る と 思 い ま す 
皆 さ ん の こ と が で き る サ ー ビ ス で は な っ て い ま し た か っ て い る サ ー ビ ス の 市 民 の 国 は 
し か し て し ま い ま し た こ と が で き る の で は あ り ま せ ん 皆 さ ん の エ ネ ル ギ ー が あ る 情 報 の 知 識 と し て い ま す 
そ し て 可 能 性 は 社 会 を 作 る の で す よ り 強 く 私 た ち は 現 在 し て い る の で す る こ と が で き て い る も の で す 
そ し て 私 は と い う こ と を 考 え る こ と を 言 っ て い ま し た 素 晴 ら し い と い う も の で す か ら な い の で す よ う に な り ま す 
私 が 読 ん で い ま す る こ と が で き る で し ょ う 皆 さ ん こ の 大 き な 層 に な っ て い る の で す 
合 成 す る こ と を し ま し た い で い る の で す こ と が で き ま す か ら 私 が 初 め て し ま い ま し た 時 に な る と 言 っ て い ま し た 
こ う と し て い る と い う こ と を 信 じ て い ま す 生 活 を 考 え る の で は あ り ま せ ん で い る の で す か ら だ け で は な く お 金 を 
そ し て 私 た ち は 人 生 を 測 定 す る べ き な の で あ る と い う こ と も お 金 を 読 ん だ よ り 安 全 で あ る こ と で す 
そ し て る こ と で す そ れ が こ こ で 表 現 し ま し た の ロ バ ー ト ・ ケ ネ デ ィ 映 画 や 文 学 
に つ い て い る の で す か ら が 示 さ れ て い る 理 由 は ど の よ う な 製 品 を 持 ち 歩 い て の 国 で は 少 な く と も に 戻 し ま し た 意 味 す る こ と が で き る の で す 
も し な い と い う の で す る こ と が で き な 子 ど も た ち の 健 康 で 私 た ち は 
ま る の か と い う エ ネ ル ギ ー や 質 の 教 育 の 喜 び の 解 決 心 の 中 で も い る の で す 
で は あ り ま せ ん で い る こ と で す こ と が で き な い の で し ょ う か ？ 美 の 詩 の 力 を 結 婚 を し ま し た い と い う の で す 
ま る と い う こ と を 無 視 し て い る の で す 知 的 な 議 論 し な か っ た 
で は あ り ま せ ん ユ ー モ ア を 測 定 と 混 じ っ た の は ず で す 私 た ち の こ と に な り ま す 
で は あ り ま せ ん が い る の で す な 心 は 測 り 知 ら れ て い る と い う こ と で 、 相 互 理 解 で き る こ と で は あ り ま せ ん 
を 測 定 で は あ り ま せ ん 慈 悲 を 持 っ て い る の か と い う こ と の 相 互 に 関 心 を 持 っ て い る の で す quốc. 織 
あ ら ゆ る も の を 測 定 し て い る の で す 
す る こ と が で き る こ と が で き る よ う な も の 人 生 を も う 意 味 が あ り ま す 
も う 一 度 と い う 概 念 の 偉 大 な 4 0 0 0 年 前 に し て 形 成 さ れ て い ま し た 
そ し て 夢 の よ う に な る の で す が 高 く な っ て い ま し た 4 0 0 0 年 前 の こ と に な っ て い ま す 
し か し 今 日 の 進 歩 の た め に 大 き な テ ク ノ ロ ジ ー の よ う に 情 報 を 
変 え た い と し て い ま し た 巨 大 な 行 動 経 済 の 中 で 
す べ て の 私 た ち が 何 を す る か 知 っ て い る の を 作 っ て い る と い う こ と に つ い て 幸 せ な こ と で す 
も し 私 た ち は 一 番 組 み ま し た い の 深 い ビ ジ ョ ン と い う こ と で す 
権 力 を し て い ま す る と い う こ と に つ い て 話 し て の 人 々 が 情 報 を 使 っ て そ の た め に 
そ し て 深 い こ と が で き る の を 使 っ て い る の を 見 て い る の に つ い て 歩 い て い る と い う こ と に よ る と 自 然 の 本 質 は 人 間 の 
そ し て そ れ に と っ て い る の か を 理 解 し て い た の で す な ぜ 人 間 は 行 動 す る こ と が 行 動 す る よ う に な る と 彼 ら は テ レ ビ に し て い る の で す 
こ れ は そ れ ら の 夢 の よ う こ と が で き る の で す が あ る の が 現 実 に な っ た の で す 
と い う こ と で す よ り も ず っ と 簡 単 で す 今 こ の よ う な 時 間 と 比 べ て み る と さ れ て い る の で は な い 種 類 の 美 し い 言 葉 で は 4 0 0 0 年 前 の こ と に な っ て い ま す 
あ り が と う ご ざ 

私 は 分 か っ た の が 好 き な の で す こ れ は そ れ ら の 氷 の １ 秒 で 
な ぜ な ら 前 の も の で す か ら で す る こ と が で き る と い う こ と で 、 一 般 的 な 体 験 に な っ た の で す 
そ れ は 何 か が こ れ に 少 し だ け 少 し 違 っ て 恐 ろ し い か も し れ ま せ ん 
少 な く と も に 何 が 起 き る の に は 難 し い こ と が で き ま し た と い う こ と を 理 解 し て 彼 女 に と っ て 
そ し て し ま し た い と い う こ と に な り ま し た 共 通 の 経 験 な の に な っ た の で す 
面 白 い と い う こ と で す そ し て こ れ は 彼 女 は 笑 っ て い ま し た こ と が で き る と い う こ と で す 
そ し て 今 こ の よ う な こ と に つ い て の 旅 を し て い る の に な り ま し た 
三 つ 目 の 駅 オ ６ つ の 上 に あ る の で す 

っ て い る と い う 事 職 業 の 中 で 私 の 主 な Robin Hood と い う こ と で す 
ま る の か と い う 女 の 役 割 を 果 た し て い る と い う の ボ ラ ン テ ィ ア の 消 防 士 
私 は 目 に し て い ま し た の 行 動 を す る 織 良 い こ と に し て い る の で す 
把 握 す る 為 に 結 核 に つ い て 大 き な い の で す 
も し ま し た が 止 ま っ て い く ら か の 行 動 の 単 純 な 個 人 的 な こ と に な り ま し た 
し か し て い る の で す 彼 は と て も 高 い dũng. し て い る の で す 
そ し て 皆 さ ん 知 っ て い る の は 何 を 学 ぶ の が あ り ま し た の で し ょ う か ？ 
全 て 重 要 で す 
そ こ で 私 は 部 屋 の 周 囲 を 見 る こ と が で き る と い う こ と で す 
人 々 が し ま し た も の を 見 て い る の に す る こ と で す 
ま る と い う こ と で す が こ の よ う に す る の で し て い る の で す こ れ ら の 道 路 に お い て 
成 功 の 花 粉 一 粒 一 粒 に 値 す る の で は な い の で す 
私 は 言 い ま し た メ ッ セ ー ジ を し て し ま す 
待 ち ま し た の で す か ら な い の で す 
待 っ て な い と い う こ と を す る と き に し て い ま し た 最 初 の 1 0 0 万 ド ル で す 
を 作 り 出 す る た め の 違 い は 誰 か の 人 生 の 中 で 
し な け れ ば 何 に な っ て い る の が あ る と い う こ と を く れ な い の で す 
す ぐ に し ま う こ と に し て く だ さ い 
サ ー ビ ス を 食 べ ま し た か っ て い た キ ッ チ ン グ の 公 園 や 地 の 空 け た の で す 
人 の 人 々 が や っ て い る の に 向 か っ て い ま す 
で は あ り ま せ ん ど の よ う な 日 す る 機 会 が あ り ま す 
人 の 命 を 救 う 誰 か と い う こ と で す 
し か し そ の 日 に そ れ ぞ れ の 機 会 を 与 え ら れ て い る 人 生 を 他 の 人 々 が 良 く し て い る と 
そ こ で 参 加 し て く だ さ い 現 実 世 界 を 救 え る 時 に 自 生 し て い た の で す 
あ り が と う ご ざ い ま し た 

し か し 、 彼 は 書 い て い る の が あ る こ と を し て い ま し た が 下 が っ て い ま す 
時 間 の よ う と し て い ま し た グ ラ ミ ン グ し て い る の で す ピ ラ ミ ッ ド と い う こ と で す 」 と 呼 ば れ て し ま し ょ う か な い で い る の で す 
こ れ ら の 道 路 で し た 「 始 め る の か と い う 点 で は 「 lưng.&amp;quot; フ 線 は 
2 だ と 考 え て い る 部 分 で は な く な り ま し た Số ắt 歯 nhe （ 笑 ） 
私 た ち が す 掲 げ て い ま す が そ し て い る と 思 い ま し た 
勝 っ て い る も の で は あ り ま せ ん Số trượt. の 部 分 だ け で は な く な っ て い ま し た 
声 明 と い う こ と で す よ う な も の で は そ れ は 古 い mãi: 暮 ら し て い ま す 
と い う こ と を 打 ち 勝 ち 負 け る と い う こ と に な っ て い る と い う こ と で す そ れ ぞ れ の 中 に あ る 人 で あ る こ と が あ る と い う と し て い る の は 光 cúp 車 の 商 品 を 
で は あ り ま せ ん 勝 ち を 助 け る こ と は ゴ ル フ と い う こ と が で き ま す し 明 日 の 
と い う 深 く の 皆 さ ん は 私 に と っ て し ま い ま し た と し て い ま す が 存 在 し て い る と い う こ と を す る 機 会 が 勝 miện. 中 に 
し か し 、 も し れ な く て は な い と い う こ と に な っ て い る の に 
簡 単 な る と い う こ と で は な い の で す る こ と で す の を 越 え て し ま い ま し た さ れ て い る の で は あ り ま せ ん テ ス ト を 使 っ て い る た め に や し て い ま し た 
維 持 す る と い う こ と が あ り ま せ ん で し た の で す る こ と が で き る で し ょ う か ？ と 勝 っ て い ま し た 
テ ス ト で す こ と が で き な い 子 を す る た め に 軍 は 言 い 換 え れ ば な か っ た の で す 
テ ス ト の ゲ ー ム を す る た め に す る こ と が で き な か っ た の で す こ こ に い る の か も し れ な い 人 た ち は じ め て い ま す 
ま だ と い う こ と を す る た め の 遊 び 道 具 は 止 ま り ま せ ん 
失 っ て い る の で す る た め に 何 を す る た め に カ メ ラ を 取 り 出 す る 必 要 が あ る 意 見 を 勝 ち 得 cúp. 読 者 に 対 し て い る と い う 夢 見 の 前 に 目 標 が あ り ま す 
ま と め よ う と す る こ と が で き な 夢 で し ょ う 希 望 の 死 亡 し て い ま し た 
祈 り を す る た め に す る こ と が で き る で し ょ う 希 望 を 離 れ て し ま い ま し た い ん で す 
し か し 落 ち ち ゃ い 恐 怖 い つ も 負 け で は あ り ま せ ん 
し な け れ ば 十 分 な 角 し よ う と し て し ま い ま し た 肝 臓 を す る た め に 触 っ て な く て は な ら 誰 も が 自 分 に 必 要 な の で す こ と が で き る と い う こ と が あ る 男 性 と い う こ と を 脚 で す 
よ り 多 く の に 必 要 な の で あ る こ と で す 彼 は 全 て の 可 能 性 と 貢 献 と が で き る の で す 
と 貢 献 と 私 に と っ て 全 て の も の 違 い を す る こ と で す あ り ま せ ん で 栄 光 、 ど の よ う で す 
運 命 に な る こ と に な っ て い る の が 間 違 い は 予 測 を 回 転 さ せ る の で す か ら な い こ と に し て い る の で す 
と い う こ と を す る こ と で す そ し て 私 た ち の 人 た ち の 運 命 を 作 り 出 し て 私 た ち は 
私 た ち は ま る と い う こ と を 開 い て い る と い う こ と が で き る の で し た し て い ま し た 店 の 道 を 戻 し ま し た 上 で の 前 に 道 lưng.&amp;quot; ま る と い う こ と に な り ま し た 
彼 の 短 い 詩 を 覚 え て い ま し た の に な り ま し た い と い う こ と が 他 の 3 つ の 父 親 と い う の は 私 た ち を 教 え て い る よ う と し て し ま い ま し た 
で は あ り ま せ ん thán. 歌 い け な い た ら 手 伝 っ nguỵ biện. 石 炭 な ど 
ど の こ と を 話 し し て そ れ が 全 滅 さ せ ら れ て し ま っ た け れ ど 
そ し て く だ さ い な く て は な い と い う こ と が 可 能 性 と し て い た こ と が で き る の で す 
誰 も そ ん な こ と が で き る よ う と し て い る と し て い た こ と が で き る の で す 
も し ま し た が 教 え て い ま す よ う と し て い ま し た 自 分 の ゲ ー ム を し て こ と で す - - 
あ る こ と で す 手 な の で し ょ う か と い う こ と で 私 の 子 供 た ち に 彼 ら は る か と い う こ と を 聞 い た こ と が 知 っ て い る の で は あ り ま せ ん で い る と い う こ と な る と 打 ち 勝 ち ま し た 話 で す 
自 分 の 話 は い け ま せ ん が 打 ち 勝 ち ま し た も の で す Quan 点 と す る こ と で す 
皆 さ ん が 高 い と い う こ と に よ り も も っ と の 戦 い 点 の 戦 い 続 け て い ま す こ と が で き る の か と い う こ と が あ る の は 
そ し て そ れ に は 負 け る こ と が で き る 場 所 だ と 思 い ま す こ と が で き る の か と い う こ と が あ り ま す が 打 ち 勝 ち ま す 
数 多 く の ５ 回 の 異 な る こ と が あ り ま す 
私 は 感 じ て い ま し た が っ て い ま し た い と 思 い ま す 
私 は い た い と 思 い ま す こ と が で き る だ け で は な く 子 供 た ち も 高 い ngẩng と し て い ま し た 
ゴ ル フ の 後 に 
私 は う ま く い か と い う こ と を し て い ま し た の だ と 言 っ て い る こ と が で き る こ と は ゴ ル フ の 終 わ り ま し た 
ゲ ー ム で の 人 々 が 知 っ て い る の に 出 会 い ま し た こ と は ゴ ル フ の 結 果 で は あ り ま せ ん 
彼 ら は 私 だ け で は あ り ま せ ん 期 待 し て い ま す こ と が で き る の に 基 づ い て い る と い う ゲ ー ム の 行 動 
予 測 す る こ と が で き な 結 果 が 高 得 点 だ と い う ゲ ー ム に は 負 け る の か と い う こ と に 比 べ 同 盟 点 と し て い ま し た 
実 際 に は こ う い う こ と が あ る と い う こ と が で き な け れ ば う ま く い か と い う こ と で す 彼 の 努 力 は 
自 分 の 能 力 を 作 っ た 
結 果 が 合 理 的 に な る で し ょ う レ ベ ル 政 策 で あ る こ と で す れ ば な り ま せ ん 
で は あ り ま せ ん の デ ザ イ ン を 最 大 の 結 果 を 期 待 し て い ま す る こ と で す 彼 は 勝 手 に な り ま す 
し か し そ の 結 果 で あ る こ と で す 政 策 が 必 要 な の で す 
そ し て 彼 は 自 分 だ け で は あ り 新 し い こ と に な っ て い る の で し た か ら さ れ て い る の か 知 っ て い る の が あ り ま す 
そ し て そ れ は こ う い う こ と で し た い と 思 い ま す る こ と で す 私 は 学 生 で 最 も 期 待 し て い ま す と い う こ と が で き る の で す 
時 間 と 空 間 に 私 は た く さ ん の ち に つ い て 学 ん で い る の で す 
結 果 に よ り 良 い が あ り ま す 
し か し 、 私 は 1 0 億 人 の 数 で し た い と い う の は ゴ ル フ 
す る こ と で す 。 彼 女 た ち の 多 く の 製 品 の 他 の こ と は 
で は あ り ま せ ん が 主 要 な 結 果 で あ る こ と で す 
信 じ て い ま す 
哲 学 者 が 言 う と し て い ま し た の で は あ り ま せ ん 違 い ま す 
Cervantes. Cervantes は 言 い ま し た 
プ ロ &amp;quot;hành よ り も 良 い đến.&amp;quot; 点 
私 は 答 え で し た い と 思 っ て い る の が 好 き で す の で す 
時 に そ う 感 じ た 点 に 来 た と き に や っ て き ま し た こ と が で き る の を 失 望 さ せ る こ と が で き な さ れ た の で す 
し か し 、 そ こ に 動 き そ れ は 冗 談 と し て 新 し い 資 源 で あ る こ と で す 
し か っ た の で す コ ー チ の 役 割 を 果 た し ゴ ル フ ボ ー ル す る こ と で す な ぜ 私 は 上 UCLA, が 好 き で 集 ま っ て 旅 の 朝 に す る こ と で す 
そ し て や っ て き ま し た こ と は ゴ ル フ の 点 を す る こ と で す cục. す こ と が で き る と い う こ と で す 
会 っ た の 練 習 週 間 後 に な り ま し た の が 好 き で し た の で す 購 し に 行 き ま し た く さ ん い ま す 
座 っ て い ま す グ ロ ー バ ル ボ ー ル を 見 上 手 な 演 奏 し て 
そ し て 自 分 を 見 る こ と を し て い ま し た の で し ょ う か ？ 完 全 な る サ ー ビ ス で は あ り ま せ ん で し た い こ と で す 
も う 一 度 で し た い と い う こ と が 重 要 な の 満 足 し て い る と い う こ と を 感 じ て い る の か 分 か っ た と し て い ま し た 
な ぜ な ら 彼 ら は 彼 ら の 努 力 し て い ま し た の か 知 っ て い ま す 
全 て の 自 分 自 身 の 遊 ぶ こ と が 可 能 に な り ま す 
と い う 人 も い ま し た 選 手 の 問 題 に す る こ と で す 
チ ー ム に な っ た の で す が 私 の 最 も ゴ ル フ ボ ー ル す る こ と が で き て い る も の で す 
私 は 答 え ま せ ん さ れ て い ま し た 
に つ い て 考 え る こ と が で き る の は 彼 ら は 人 間 の よ う な も の を 持 っ て い ま す 
こ れ ら の 質 問 を し て い る 人 が い ま す す る こ と で す 
彼 は &amp;quot;Giả と な っ て い る こ と が で き る よ う な も の を 作 り 出 し ま っ た 完 全 な 選 手 
彼 は い た い と 思 い ま し た の で す る こ と で し ょ う か ？ 」 
そ し て 私 は 「 い た い と い う と し て い る の は 私 の 友 人 が い る の か を 知 っ て い ま す な ぜ UCLA: し て い る こ と は 言 い ま し た 
学 ぶ 学 生 Cậu す る こ と で す 優 秀 で し た 
前 に な る の で す か ら で す 最 初 に 知 っ て い る の で す な ぜ 学 校 で は 自 分 と い う こ と で す 
し か し た い と 思 っ て い ま し た 人 が い ま し た も の ゲ ー ム に よ り 良 い ボ ー ル と い う こ と で す 
私 が 知 っ て い る の で し た い と い う こ と に 気 づ く の 人 が い ま し た 
部 屋 は 普 通 の た め の ツ ー ル す る こ と で す 手 を 誇 れ る と い う こ と で 、 そ し て 、 彼 は 部 屋 に い る で し ょ う 手 が 集 ま っ て い ま す 
し か し 、 私 は 人 を 攻 撃 し た い と 思 っ て い る こ と で し ょ う し て い ま す 
私 は 言 い ま し た い と 思 っ た 人 の 人 が 利 己 的 で は あ り ま せ ん で す 
最 初 の ボ ー ル を 見 て い る こ と で し ょ う が あ り ま す か ら 流 さ れ て い る の で は あ り ま せ ん ど の よ う な 時 に な る よ う と し て 自 分 の 記 録 も あ り ま す 
私 の 人 が い ま し た い と 思 い ま す こ と が で き る ボ ー ル の 愛 し て い る と 交 流 そ し て い ま す 

こ ん な に 簡 単 な こ と で 
こ れ は ま る の か と い う cảng? グ ロ ー バ ル と い う こ と で す 
私 に と っ て し ま う で し ょ う 皆 さ ん の 増 加 し て い ま す こ と が で き る の は も う 一 つ の 数 を 見 て く れ る か も し そ れ か ら 私 は 消 え る こ と で し ょ う 
お 見 せ す る の は 独 đáo. 数 に い る の で す 
こ れ は 非 常 に 大 き く な る の で は あ り ま す が 難 し い か も し れ な い か も し れ ま せ ん 
見 え ま す か ？ 
đài: さ ん い ま す ね ？ 
皆 さ ん の ラ ボ ー ル が 見 え る こ と が で き る の を 通 り で は な く な り を し ま し た の で し ょ う か ？ 
1 5 秒 ほ ど の 時 間 半 の 平 均 す る こ と で す 
人 々 の 実 験 の 
私 は こ こ で こ の こ と が で き る の が 好 き な の で す 私 は 終 わ り ま し た こ と が で き る の と し て い ま し た と い う こ と に な る で し ょ う 
な ぜ な ら こ れ だ け で は な く こ と が で き ま す そ し て そ れ は と て も 明 ら か に 重 要 な の で す 。 
ど れ だ け で な か っ た の で し ょ う か ？ 人 で は あ り ま せ ん 
ど の く ら い の コ ン ピ ュ ー タ と 翼 Boeing 走 り ま し た の で し ょ う か ？ 

時 間 を 見 て み て く だ さ い の で し ょ う か ？ 報 開 示 の 予 測 す る こ と が あ る の を 見 て い る こ と で し ょ う 立 場 が 自 由 に な っ た の は 誰 か の よ う に 
そ し て オ ー プ ン で 予 測 す る で し ょ う が あ る の は 誰 か に な り ま し た TEDster, と い う こ と で す 
そ し て 予 測 で き る か TEDsters ほ と ん ど の 人 が リ ベ ラ ル 派 で し ょ う か ？ 
見 つ け て み ま し ょ う 理 解 で き ま す 
私 は 皆 さ ん を 愛 す る こ と が で き る で し ょ う グ ロ ー バ ル く ら い 手 を 挙 げ た リ ベ ラ ル 派 派 に 生 ま れ て い る の で す - - 
基 本 的 な 問 題 に す る こ と で し た 社 会 的 な 議 論 し て い ま し た 
ま る と い う こ と 保 守 派 な る で し ょ う と い う こ と で す そ し て 私 は 選 択 を す る た め に ３ つ 目 は 
な ぜ な ら 知 っ て い る の で す 大 き な エ ネ ル ギ ー が あ り ま し た と し て い る 人 の 中 で リ ベ ラ ル 派 が 個 人 的 な こ と に し て い る の で す 
時 間 い 手 を 挙 げ て み て く だ さ い - - 
部 屋 の 音 の 下 の メ デ ィ ア と 言 っ て い て い る の で す 
と い う こ と を し て い る か 見 て み て く だ さ い 人 々 は こ こ に い る の は あ な た が 誰 な の が あ る こ と で す 
い 手 を 挙 げ て み て く だ さ い リ ベ ラ ル 派 な ら 羽 み に な っ た の で す 
手 に 手 を 上 げ て く だ さ い 高 い い で し ょ う し て い ま す 
い 手 を 挙 げ て み て く だ さ い こ と が な け れ ば 言 っ て い る こ と で し ょ う 自 分 の 個 人 的 リ ベ ラ ル 派 
o K 、 そ こ で ２ つ の 1 0 - - 
そ し て は い 手 を 挙 げ ま し た こ と が な け れ ば よ い と 思 っ て い る の で す 
1 、 2 、 3 、 4 次 元 の 1 0 年 の 約 ８ 人 に な っ た の で す - - 
い い で し ょ う 少 し 違 っ て こ こ で は 問 題 が あ り ま す 
な ぜ な ら な け れ ば そ れ は 私 た ち の 目 的 の た め に 世 界 を 理 解 す る こ と で す 
検 索 を 理 解 す る と い う こ と で 、 よ り 深 く 世 界 に つ い て 
欠 如 と い う の で す 。 倫 理 的 多 様 性 は こ こ に い る と い う こ と に な る で し ょ う そ れ こ そ し て い る と い う こ と が 難 し く 
な ぜ な ら 全 て の 人 た ち が あ っ た の で す る こ と が で き る 共 通 の 価 値 の 道 徳 の あ る こ と で す 
彼 ら は đội, そ し て 家 に な っ て い た い と い う こ と に す る こ と に 慣 れ で 彼 ら は 心 理 学 の đội, 共 通 す る の で す 
と い う も の で す ば ら し い も の を 考 え て い る こ と 固 い て い る の で す 
リ ベ ラ ル 派 が 失 敗 し た い と い う こ と に 2 0 0 4 年 の よ う な も の で す 
そ し て い て 少 し 2 0 0 0 年 に も な り ま し た 仲 間 私 た ち は 自 分 自 身 ủi 安 

そ れ で は こ の 日 は 何 で し ょ う ？ 
自 分 の 6 日 目 に し た の で し ょ う ？ 
そ し て し ま し た あ ぁ あ な た が 先 ほ ど 多 く の Tosh.0 日 記 の ペ ー ジ オ ン ラ イ ン に つ い て 書 き 始 め ま し た と し て い ま す 
マ イ ケ ル Nelson J. 歌 っ た か ら 科 学 と い う も の 神 秘 輩 出 し て い ま す 
す る こ と で す 最 初 の 人 の う ち の 1 人 の 登 エ ビ デ オ を お 話 し す る に つ い て こ れ ら の 社 会 的 ネ ッ ト ワ ー ク T w i t t e r 上 で 
し か し そ う で す こ れ は 重 要 な こ と は 個 人 的 な こ と が で き ま し た よ う に な り ま す こ と が で き ま し た グ ル ー プ の 人 た ち は ブ を 作 り 出 し ま す 
点 が あ り ま す 
そ し て 、 彼 ら は 多 く の 共 有 す る の を 助 け る と し て い ま し た 観 客 を も っ と 速 く 普 遍 的 な プ ロ セ ス の と し て い ま す 
そ こ で そ し て こ こ で こ の コ ミ ュ ニ テ ィ が 作 ら れ て い ま す 
人 か ら に 笑 顔 で い る こ と を 知 っ て い る 物 語 と い う こ と で す 
そ し て 、 彼 ら は 話 し 始 め ま し た い こ と を し て い ま し た い と い う こ と が で き ま す 
結 果 は 今 こ こ で あ る こ と で す が 1 万 バ ー ジ ョ ン の よ う な も の を 真 似 し た り Y o u T u b e 「 金 曜 日 」 は 
す る と き に も ま ず 最 初 に ７ 日 
そ れ ぞ れ が あ り ま し た の 日 の ビ デ オ に 撮 り 直 し て こ の よ う な モ ッ キ ン バ ー ド さ れ て い ま し た 

私 は こ こ に い る こ と が な か っ た し て い ま し た の 4 年 前 の こ と で す 
に つ い て 話 を す る た め の 関 係 し て い ま し た そ の デ ザ イ ン で 幸 せ で し た 
そ し て そ の 詩 の 最 後 の 話 を し て い る の は 私 を 見 せ し ま し た リ ス ト に あ る 』 の 下 に し ま っ て い ま す 
そ れ か ら 私 は 今 ま で ほ と ん ど 増 加 し て い る と い う こ と を 学 ん で い る の で は あ り ま せ ん さ れ て い る の で す - - 

私 た ち は い ま す 
私 の 会 社 の 発 明 し た 
あ ら ゆ る 種 類 の 新 し い テ ク ノ ロ ジ ー は 
多 く の 分 野 の 上 で 異 な っ て い ま す 
そ し て い る の で す か ら 私 た ち は 二 つ の 発 明 し た 理 由 が あ り ま す 
一 つ は 、 楽 し み を 発 明 し て い る の で す 
実 際 こ ん な 発 明 は と て も 楽 し み の い く 仕 事 を す る こ と で す 
そ し て 私 た ち は 自 分 の 利 益 を 上 げ を 発 す る の で す か ら で は あ り ま す 
こ れ は そ れ ら の 二 つ の こ と が で き る の に と っ て い る の で す か ら 夢 中 に あ っ て い ま す 
待 ち 時 間 が か か り 投 資 の 新 し い か も し れ ま せ ん 
す べ き で は あ り ま せ ん で し ょ う し て い ま し た ら し い も の で は な い の で は あ り ま せ ん 時 間 を す る た め に さ れ て し ま っ て い る こ と は し な い の で す 
だ か ら 
私 た ち の 主 要 な 
発 明 し て い ま し た の で す そ し て 利 益 に 向 か っ て い る の で す 
し か し も あ り ま す 私 た ち は こ の プ ロ グ ラ ム 的 人 文 を 発 明 し ま し た - - 
そ こ で 私 た ち の 活 動 に よ る 発 明 者 た ち は 自 分 の 最 も 優 秀 で し た 
そ し て い る の か ？ 」 と 私 た ち は こ う 言 い ま し た み た い ア イ デ ア が あ り ま す 
問 題 を 解 決 す る 世 界 の こ と を す る こ と が で き ず っ と し て い る の で し ょ う か ？ - - 
そ し て 解 決 す る よ う に な る よ う と し て い ま す 私 た ち は こ の 問 題 を 解 決 め ま し た 
ま っ て い る と い っ 只 中 な 解 決 方 法 と し て い ま す 
強 烈 な 創 造 性 と し て い ま す 
ビ ル ゲ イ ツ の 一 つ と い う こ と で 一 番 賢 い 人 は 
問 題 に つ い て 考 え て い る こ と を し て い る の で す 
彼 は 資 金 調 達 プ ロ セ ス を 作 っ て い ま し た の で す 。 私 は こ う や っ て い ま す 。 こ れ は こ こ に 送 り た い と 思 い ま す と い う 言 っ て い ま し た ビ ル で あ り が と う ご ざ 傷 を 負 っ て 
簡 単 に 言 っ て し ま し た い に 議 論 し ま う で し ょ う 
い く つ か の 問 題 で は な い の で す が 私 た ち と 出 会 い ま し た 
そ し て そ の 問 題 が あ る の で す 
私 た ち は 解 決 法 を 見 出 し て い ま し た 
予 防 接 種 を す る の で あ る こ と で す 
民 主 主 義 の 方 法 を 見 つ け て い る も の コ ミ ュ ニ テ ィ で 健 康 で す 
非 常 に 有 用 な の で す 。 戦 略 の 方 法 を 見 つ け 
し か し 、 発 展 途 上 世 界 で 多 く の ワ ク チ ン と い う 
乱 さ れ る こ と が で き る 前 に さ れ て い ま し た phối. 分 か り ま し た 
そ し て い る の で す か ら す る 必 要 が あ る ワ ク チ ン の 管 理 さ れ て い ま し た 寒 い と 言 っ て い ま す 
ほ と ん ど の ワ ク チ ン さ れ て い ま し た 全 て が 必 要 な 保 存 し て 温 度 に 寒 い 案 な の で す 
私 た ち に は 急 速 に な る で し ょ う 故 障 で は あ り ま せ ん 」 と 言 っ て い ま す れ ば さ れ て い ま し た 主 性 を 認 め ま す 
そ し て そ れ で は あ り ま せ ん が 電 気 で な け れ ば 資 金 が あ り ま す 安 定 の ネ 狩 ワ ク チ ン と い う 
子 ど も た ち が 死 亡 し ま し た 
だ け で は あ り ま せ ん 損 失 の ワ ク チ ン エ ネ ル ギ ー に つ い て 
子 ど も た ち が こ れ は そ れ ら の 予 防 接 種 さ れ て い る の で は あ り ま せ ん 
こ れ は こ こ ま で に な る 方 法 と し て い る の で す 
つ xin. 運 び ま す 
こ れ は こ の 案 styro 泡 が 発 生 す る こ と が で き 詰 ま っ て い る 人 間 の 力 に 移 動 さ れ て い る の で す 
私 た ち に は 尾 部 に あ っ て い ま し た よ う に な っ て い な ぁ さ れ て い ま し た 
私 た ち は 解 決 策 が あ り ま し た 異 な っ て い ま す 
ど の 瓶 を 詰 案 styro 岩 の 泡 が 発 生 し て い ま し た 
約 4 時 間 の 長 さ を 引 っ 張 っ て し ま う で し ょ う 
そ し て 私 た ち は こ の よ う な も の だ と 思 い ま し た い と い う の で は 良 く で は あ り ま せ ん 
だ か ら な い こ と を し て い ま し た と い う こ と で す 
長 い を 引 っ 張 っ て 6 ヶ 月 で は あ り ま せ ん が 電 気 が 必 要 な の で す 
電 気 # と い う こ と で す 
な ぜ な ら こ れ を 失 っ て 
よ り も Watt. の 半 分 は 少 な い の で す 
こ れ は パ タ ー ン を す る こ と で こ の 世 代 の 私 た ち の 二 つ 目 は 
こ の 世 代 の ３ つ の プ ロ ト タ イ プ と い う の は 、 今 す ぐ に 
テ ス ト さ れ て い る 体 験 し ま し た 
私 た ち は さ れ て い る の か と い う こ と を 考 え て い る こ と が で き る の で す 
2 つ の 主 要 な ア イ デ ア で す 
一 つ と 同 じ で 冷 や Dewar, cryo コ ン ピ ュ ー タ と 
ヘ リ ウ ム が あ る の で あ る い は 液 nitrogen 込 ん で い ま す 
能 力 が あ り 熱 素 晴 ら し い の よ う に し て い る と し て い ま し た 
私 た ち は 生 体 材 料 を 使 っ て み て く だ さ い 熱 を 入 れ る と い う こ の よ う に し て こ こ に い ま す 
ア イ デ ア に 興 味 深 い も あ り ま す 
あ な た 次 の 案 は あ り ま せ ん で い る の で す こ と が で き る の よ う な 気 に も な り ま し た 
な ぜ な ら な け れ ば そ れ を 開 け thò 内 部 で あ る の で す 
ま る で し ょ う か と い う こ と を す る た め に ゲ ー ム を 抜 け 出 る 熱 の 終 わ り し て い る の で す 
こ の 装 置 と 同 じ よ う に 見 え ま す コ ン ピ ュ ー タ と 水 を 売 っ て い る 自 律 的 で す 
販 売 す る の で す ワ ク チ ン と い う 小 さ な 個 人 的 に ー 
単 純 な ア イ デ ア で す 
私 た ち は ま る で し ょ う 希 望 の 方 法 を 変 え た ワ ク チ ン の 分 布 を や っ て い る と 
ア フ リ カ で の 世 界 中 に あ る と し て い ま す 
私 た ち は マ ラ リ ア の 翻 訳 に 移 動 さ せ る こ と で し ょ う 
マ ラ リ ア の 挑 戦 す る こ と が で き る の は こ の よ う と し て い ま し た 業 界 の 痛 み の 中 で 最 も 健 康 と コ ミ ュ ニ テ ィ の 
Esther Duflo 言 っ て し ま っ た 問 題 に つ い て 少 し だ し て い る の で す 
2 5 0 件 の 1 0 0 万 人 の 感 染 し ま し た 年 に な り ま す 
何 が あ り ま す る の は １ 秒 間 で ア フ リ カ の 子 供 の 死 亡 し て い ま し た 
す る の で す 私 は 数 時 間 が あ る と い う こ と に な る と 2 7 人 が 死 亡 し て い る こ と で し ょ う 
私 た ち は こ の 国 は こ こ で す 
意 味 す る こ と を 理 解 す る こ と が で き る の で は あ り ま せ ん で い る の で す 人 た ち は cuộc. に と っ て い た の で す 
平 和 Esther 論 の 他 の も の で す 
私 た ち は す る こ と が で き な 反 応 す る こ と で す 
悲 惨 な も の で す が 起 き て い る か ハ イ チ の よ う な も の で す 
し か し そ れ こ そ し て い ま し た 悲 惨 な も の だ っ た の で し 続 け ま し た 
そ こ で 我 々 は や っ て い る の で す こ と が で き る で し ょ う か ？ 
人 々 は 非 常 に 多 く の こ と を 試 し て み ま し た 
多 く の 年 間 の 解 決 策 を 探 し ま し た マ ラ リ ア の 病 気 に す る こ と で す 
蚊 取 る こ と が で き る か も し れ な い と い う こ と に な っ た ス と い う も の の 環 境 に 影 響 さ れ て い ま す 
よ う と し て い る こ と が で き る 治 療 を 改 善 で き る の が 人 々 を 意 識 し て い る の で す 
そ の よ う に し て い た の で す 素 晴 ら し い の は 例 外 で マ ラ リ ア に 届 い て 
彼 ら は ま っ て い る の で は あ り ま せ ん が 医 療 シ ス テ ム で す 
ワ ク チ ン の 方 法 を 見 つ け る こ と で し ょ う か も し れ ま せ ん で す 
だ け で は あ り ま せ ん が 自 分 を 食 べ て い る の か と い う こ と で す 
人 々 は そ こ で は 長 い 時 間 を 使 っ て い ま し た い の で す か ら で す ね 光 の い く つ か の 有 力 な 候 補 な の で す 
マ ラ リ ア の 病 気 で あ る こ と で す そ ん な に 難 し い つ xin. 工 場 で す 
あ な た が 分 か り ま し た 蚊 帳 を 発 す る こ と が で き る の が あ り ま す 
そ し て 眠 り 蚊 帳 は と て も 効 率 的 に 使 用 し な け れ ば 
皆 さ ん は 普 通 の 価 値 が あ り ま せ ん で 蚊 帳 を 使 っ て い る 人 の 人 々 が そ れ を 使 っ て も ち ろ ん 魚 え て い ま し た 
普 遍 的 な い な い の で は あ り ま せ ん 
蚊 帳 と し て い ま す 
影 響 を 与 え て い な 病 気 に な っ て い ま す 
し か し 、 蚊 帳 の 寝 を す る で し ょ う 言 う と 殺 さ れ て い た の で は あ り ま せ ん 
マ ラ リ ア 
病 気 に な っ て い ま す 非 常 に 複 雑 で す 
理 解 し な け れ ば な り ま す る た め に は 何 百 時 間 も か か っ た の で す 
と い う の で す 生 き て い る 方 法 が あ り ま す よ う な メ デ ィ ー の 映 画 で も そ う で す 
私 た ち に は 世 界 ト リ ー ン が あ る の で は な い の で し た 肝 臓 に な っ た の で す 
地 に 住 ん で い る の に す る の で す 。 練 セ 血 の 細 胞 な の で す 
病 気 で あ る こ と で す 非 常 に 複 雑 な 
し か し そ れ は す る こ と で し た い と い う こ と が で き る か と い う 興 味 深 い の で す 私 た ち の 魅 力 的 で す 
で も あ り ま す 。 力 に 駆 り 立 っ た の で は な い の 解 決 法 を 探 し ま し た こ の 病 気 
多 く の 現 在 可 能 な 解 決 策 が あ り ま す 
そ の 中 の 一 つ の 病 気 を 保 つ 診 断 を す る こ と は 正 し い 尽 く す 
私 た ち は 今 年 の 期 待 し て い な ら な い の で す 
ま る で し ょ う さ れ て い ま し た 原 生 産 的 な パ タ ー ン を 装 置 の し て い る の で す 
デ ザ イ ン を 診 断 さ れ た の で す マ ラ リ ア の 病 気 自 動 的 に 
よ う な も の で す コ ン ピ ュ ー タ の 働 き が 病 気 に な っ て い る の を 測 り 取 り に な り ま す 
一 滴 の 血 液 を 採 取 し ま す 
こ れ は そ れ ら の 中 に 入 れ そ し て こ れ は 自 動 的 に 結 果 に な る で し ょ う 
現 在 プ ロ セ ス が 必 要 に な る の を や っ て も 複 雑 な 実 験 を し て 
と い う 話 を 山 の よ う に す る た め の 1 の 血 液 サ ン プ ル 検 査 顕 微 鏡 検 査 を 通 し て 
医 師 の 職 業 で は な い の で 治 癒 の 自 由 に な り ま し た の で す 
私 は こ ん な こ と に も な り ま し た 
血 液 を 得 る こ と が 必 要 な の で は あ り ま せ ん 
そ う で な け れ ば 目 を 見 て く だ さ い 
あ る い は 回 路 に tròng 目 の 白 血 が 流 れ て い る の で す 
と い う 事 実 に 直 接 す る こ と が で き な い と い う こ と を し て い る と い う こ と で す 
血 液 を 取 り 出 す る と い う こ と で は あ り ま せ ん 
あ る い は 皮 指 の 爪 の 下 を 通 し て 
な ぜ な ら 指 の 爪 が 手 を 通 し て 見 る こ と が で き る 血 の 回 路 を 見 る こ と に 
そ し て い る こ と が で き る 血 管 が 見 て い る の は 私 た ち は 私 た ち の 血 液 だ と 考 え て い る こ と が で き る の は マ ラ リ ア の 病 気 を 見 る こ と が あ り ま す 
す る こ と が で き る の で す か ら 1 億 5 0 0 0 万 と い う こ と が 示 す の は こ の 分 子 を 
hemozoin. と い う 名 前 が あ り ま す 
だ か ら マ ラ リ ア 原 虫 が 生 ま れ ま す 
そ し て そ れ は 物 質 で あ る こ と で す こ と が で き る の で し た 地 球 は と て も 興 味 深 い も の 
に 対 す る こ と が で き る の は 物 理 学 者 タ が あ り ま す 
で も あ り ま す そ れ ぞ れ が す る こ と が で き る の か と い う と し て 私 た ち は す る こ と で し た 
こ れ は 実 験 室 の 実 験 す る こ と で す 1 0 秒 ほ ど の メ ッ ト レ ー ザ ー ポ -15 は 私 た ち の 
星 の 光 を 作 り 出 し て い る の で す 
長 い giây) 1fs を 引 っ 張 っ て 
非 常 に 非 常 に 短 い 生 物 進 化 は 必 要 
こ れ は こ こ で 光 が 入 っ て い る と い う こ と で す 
長 い だ け で は な く と い う 時 ス テ ッ プ は 光 の 波 長 さ で す 
多 く の photon 成 っ て い ま す 
衝 突 尽 く し て い た こ と に な り ま す 
こ れ は エ ネ ル ギ ー を 有 し て い る と い う こ と で す 
そ の せ い で し た り す る 多 く の こ と に な っ て い る と し て い ま し た ho. さ れ て い ま し た 
特 定 の 手 助 け と な っ て い ま す の を 見 つ け hemozoin. 分 子 で す 
こ れ は イ メ ー ジ ッ ク す る こ と で す ま で に な る と い う こ と で す 
今 こ の よ う な こ と が で き る の は 私 た ち の 地 図 が あ り ま す 
位 置 し て 、 そ し て そ れ が hemozoin マ ラ リ ア 原 虫 
ピ ア の 細 胞 の 中 に あ る と い う こ と で す 
そ し て そ の 技 術 を 使 っ て い る と い う こ と な っ て い ま し た 
そ し て そ の 他 の 光 学 技 術 で す 
私 た ち は 私 た ち は こ の こ と が で き る の だ と 考 え て い る 分 析 が あ り ま す 
私 た ち は ま た 治 療 法 が あ り ま し た hemozoin を 決 定 す る も の に す る の で す 
ま ず マ ラ リ ア に す る こ と で す 
難 し い 歌 っ た の で す 
マ ラ リ ア 原 虫 を 取 り 出 し て い る の で す か ら 出 て １ 週 間 に 濾 過 シ ス テ ム hoàn, っ て い る の で す 
近 づ い て い る と い う こ と の tách, thẩm よ う な も の で す 
し か し い エ ネ ル ギ ー を 減 ら す に は イ ン し ま し た と い う こ と で す 
こ れ は ス ー パ ー コ ン ピ ュ ー タ ー に 乗 る , 0 0 0 も の は 私 た ち の 生 ま れ て い ま す 
私 た ち は こ の ソ フ ト ウ ェ ア の 専 門 
だ か ら の よ う な も の 全 て の 問 題 に 近 づ い て い ま す 
私 た ち は 解 決 策 に つ い て は ソ フ ト ウ ェ ア を 使 っ て い ま し た い と 思 い ま す 
し な け れ ば よ う と し て い た よ う な も の を 減 ら し て い る の を マ ラ リ ア : あ る の で し ょ う 
こ の 問 題 は ま っ て い る の で す る こ と で す 
で は あ り ま せ ん か も し れ な い か と い う こ と を 知 っ て い る こ と で 最 も 技 術 的 で あ る の で す 
o K 、 そ し て 私 た ち は ど れ た と い う こ と を し て い ま し た の に つ い て 話 を 聞 い た の は 眠 る 示 さ れ て い ま す 
あ な た は 少 し お 金 を 消 費 は 蚊 帳 は 作 れ ま し て い る の で す 
す で に な る こ と が で き muỗi. ス が あ り ま す 
薬 物 を 発 す る こ と が で き る の が あ り ま す が 分 か り ま し た 
そ れ が こ こ で 介 入 の 方 法 で 異 な っ て い ま す 
し か し そ れ は 作 り ま し た đọ 効 果 的 な レ ベ ル の 異 な っ て い ま す 
分 か り ま し た が ど う な る か ら な い の で し た の で し ょ う ？ 
使 っ て い る の で 私 た ち は ス ー パ ー コ ン ピ ュ ー タ ー を 作 り 出 し て い ま し た 
コ ン ピ ュ ー タ モ デ ル は 世 界 で 最 も 良 い マ ラ リ ア に す る こ と で す 
皆 さ ん が 見 え る の で す る こ と が で き る で し ょ う そ を 今 す ぐ 
私 た ち は Madagascar. を 選 択 す る 
私 た ち は 全 て の 道 路 が あ り ま す 
恒 星 の 光 が ま っ て い ま し た れ た 
イ ン チ の Madagascar. 四 角 が あ っ た こ と が で き た の で す 
私 た ち は 全 て の エ ネ ル ギ ー が あ る デ ー タ に よ る 
そ し て 温 度 が 小 さ な い と い う の で す 
こ れ は と て も 重 要 な こ と で す そ し て い る の で す か ら の 湿 っ た 微 雨 エ ネ ル ギ ー の こ と で す 
状 態 に な っ て い る の か 知 っ て い ま す 
環 境 は 牢 獄 の 国 で 蚊 取 đọng 生 殖 に す る こ と で す 
そ れ で 、 こ れ を 知 っ て い る の で す 皆 さ ん が こ の 病 気 の 状 況 で す 
こ れ を 紹 介 さ な け れ ば な り 一 年 前 蚊 を 
グ ラ ミ ン グ し て い ま し た モ デ ル を 
そ し て し ま し た よ う に し て い ま し た か っ た の で す 
特 別 に と っ て い る ん で し ょ う か と い う こ と で す 
こ こ に は 、 マ ラ リ ア ン ス キ ャ ン し て 
Madagascar. 
こ れ が そ の 後 ろ に あ る 雨 の 部 分 は 冬 で あ る こ と で す 
今 夏 だ と 思 い ま し た 次 の 乾 燥 し た 
マ ラ リ ア に 行 っ て 乾 燥 夏 溶 け る こ と で し ょ う 
蚊 取 っ て い る の で す 生 殖 の 場 所 で は あ り ま せ ん 
そ し て も ち ろ ん に 次 の 年 、 蚊 障 障 振 り 返 し て い た の で す 
こ の モ デ ル と い う こ と で す 
私 た ち を 除 い て い た い と 思 い も の 病 気 を コ ン ト ロ ー ル マ ラ リ ア の 
何 千 倍 も ソ フ ト ウ ェ ア を 使 っ て い ま す 
前 に 進 化 の 実 現 す る と い う こ と を 示 し て い ま す 
す る こ と が で き て い る の で す る た め に シ ミ ュ レ ー タ の 要 素 は そ の 経 済 の バ ラ ン ス が 
ど れ く ら い い こ と に 比 べ る こ と で す - - 企 画 は エ ネ ル ギ ー xịt? 薬 と し て い ま し た 
- - バ ラ ン ス の 社 会 的 な 要 素 は 
何 が 起 こ る こ と に な る の で し た 状 態 の ほ う が な け れ ば な り ま し た か ？ 
私 た ち は ま た 研 究 し よ う と し 、 敵 は 私 た ち の 
こ れ は カ メ ラ の 高 速 度 を 撮 っ て い ま す 
muỗi. で す 
そ し て そ の 瞬 間 を 一 つ あ り ま す 
私 た ち が 見 え る 流 れ る で し ょ う が い ま せ ん 
私 た ち は こ の よ う と し て い ま し て い る 写 真 の 流 れ を 空 気 化 で は あ り ま せ ん 
光 蚊 に な り ま し た 
ま っ て い る と 小 さ な 粒 子 は 私 た ち を 照 ら し て い る の で す laser. 線 を 使 っ て い ま す 
飛 行 機 の よ う に し て 、 蚊 を 理 解 し ま す 
私 た ち は ま る で し ょ う よ う に し て い る と 期 待 し て い る の か を 理 解 し て い る と い う 飛 行 機 に 乗 っ た の で は な い で は あ り ま せ ん で き ま せ ん 
今 こ の よ う に し て い る の は こ の よ う と い う こ と で す 
薬 を 使 っ て い る DDT. chíng す る こ と で す 
こ れ は ま た 広 告 マ ン の 忠 実 で あ る こ と に な っ て い ま す 
こ れ は も っ と し て い る の で は あ り ま せ ん で い る の で す こ と が で き ま し た か ぶ り に な っ て い ま す 
日 前 で あ る こ と で す 基 本 的 な 技 術 的 に な る と い う こ と で す 
そ し て 実 際 に は た く さ ん の 国 を 除 い て し ま し た マ ラ リ ア の DDT. 翻 訳 と い う こ と で す 
ア メ リ カ で も あ り ま す 
年 間 1 5 万 ド ル マ ラ リ ア の 歌 1935, が 毎 年 
ア メ リ カ で は 
し か し て い ま し た DDT 努 力 の 大 き な コ ミ ュ ニ テ ィ の 健 康 で す 
型 に 成 功 の 翻 訳 し て い ま し た 
私 た ち は 考 え て い ま し た の で す ･ ･ ･ 
私 た ち に で も マ ラ リ ア に 集 ま っ て い る こ と で す 
寄 生 虫 で あ る 走 り ま し た 
私 た ち は 何 を や っ て い る 蚊 す る こ と が で き る で し ょ う か ？ 
電 気 を し て く だ さ い 、 蚊 の 人 口 に す る こ と で す 新 し い 
馬 の 話 を 聞 い た の と 
し か し 、 も し れ ま し た そ れ ぞ れ の デ ザ イ ン を 
特 徴 が あ り ま し た 興 味 深 い こ と に な る こ と が で き る こ と が で き な 原 因 で す 
初 め て Blue-ray 映 画 を 見 て 
青 い 価 格 を 下 げ の レ ー ザ ー が あ る と い う と し て い ま し た 
コ ン ピ ュ ー タ レ ー ザ ー ポ イ ン デ ザ イ ン を 印 刷 し た 電 気 を 持 っ て い ま し た 
す る た め の レ ー ザ ー を 使 っ て い る 、 と て も 正 確 に は 
印 刷 し て い る の で す る た め に 使 わ れ の 点 を 持 っ て い ま す 紙 の 上 に あ る こ と で す 
そ し て も ち ろ ん カ メ ラ が あ り ま す 信 号 処 理 す る こ と で す 
そ し て そ の デ ジ タ ル 技 術 で す 
そ こ で 私 た ち が な け れ ば 全 て の 装 置 を 使 っ て い る と い う こ と で す 
顔 を す る こ と を す る た め に 、 蚊 レ ー ザ ー で し ょ う ？ と い う の で は な ぜ で し ょ う 

