そ し て こ こ で 彼 ら は 農 家 は 守 れ ま す 牛 乳 を す る た め に 小 麦 粉 を 買 い 赤 ち ゃ ん に 
Whole Food で 店 の 入 り の 進 化 し ま し た 
こ れ は 全 て が 収 集 員 の よ う な も の お 金 を International Amnesty 債 務 し て い る の で す 

私 た ち は こ の よ う に な り ま せ ん で す よ う と し て 彼 ら は 髪 を し た 
自 分 の 髪 の 毛 が し ま し た 
し か し 私 が 言 っ て し ま っ た の は 青 い 色 の 髪 の 毛 が あ り ま せ ん 

こ の 映 画 の 名 前 で す そ し て “ 平 的 世 界 中 の 「 4 
彼 は 映 画 に tôi--nó の 主 題 は 素 晴 ら し い の で す 
彼 は 映 画 に 出 し ま し た 
そ し て お 話 し し ま し た &amp;quot;ồ,có 映 画 さ れ た 地 元 の メ デ ィ ア を 
そ し て い る こ と が で き る こ と が わ か る と い う の で す 
し か し 実 際 に は 映 画 の 立 場 が あ り ま し た 
今 は ま だ 映 画 の 状 態 に し ま し た nợ,nhưng ク リ ス を 通 し て こ の 生 き る と 思 い ま し た 
映 画 に 出 て い ま す 
そ こ で 私 た ち の 映 画 を 
そ し て そ れ は 物 語 を 話 す こ と で す よ り 多 く は 
で 、 教 師 に つ い て 話 す こ と で す 
こ れ は 物 語 を 話 し い 教 育 に つ い て の 教 師 で す 
そ し て こ れ は 美 し い こ と で す 
そ し て も 奇 妙 な こ と を し た 映 画 の 
私 が 奇 妙 に 感 覚 を 見 て い ま す 
そ れ は 私 が 見 え ま せ ん で し た 
私 が 見 た 
教 師 の 側 に し ま し た 
私 は こ の 先 生 は 私 の 教 科 学 の 学 校 中 học.thầy Rucell 
（ 笑 ） 、 米 の 下 に に ひ な の で す 
そ こ で 私 は 笑 顔 dùng--đó 彼 の 笑 顔 で す 
私 は こ の 脚 Jan Polo. 輝 く 目 に 出 会 い 
そ こ で は な い の で す か ら の 怒 り を 
そ れ を 有 す る こ と で す が 恋 愛 愛 す る に は 彼 女 の 学 生 が 
そ し て そ の 時 私 は そ れ こ そ が 目 さ れ て い ま し た 
そ し て 私 は 彼 女 は J .Banks© Ethel が 
シ ャ ツ の 仕 事 が 忙 し ngọc ヒ ー に 小 学 校 は 毎 日 
そ し て は い つ も 、 彼 女 を 見 て の 古 い 教 師 
知 っ て い ま す が 
（ 笑 ） 
そ し て い ま せ ん で し た と 言 っ て い る の は 私 の 背 後 に 誰 か に つ い て 
な ぜ な ら 私 た ち の 目 が あ り ま し た 後 で 
（ 笑 ） 
そ れ は 彼 女 は 知 っ て い ま す か ？ 
私 は こ れ を 使 っ て い ま せ ん で し た り を 見 て い ま し た 
し か し 私 が す る の で し た の で す 
そ し て 彼 女 は 一 人 の よ う な も の で す Banks ザ ー と い う 問 題 は 私 に と っ て 
そ し て し ま し た 
両 親 tôi,những 先 生 の 最 初 の 
私 の 父 親 の 一 人 の 創 造 的 な ア イ デ ア が 大 き な 投 資 家 で す 
そ れ が こ こ で 彼 は Malcolm 右 側 の 
そ し て 私 の 母 親 は 
人 々 が 教 え て い ま し た の で す 
彼 女 の 学 校 の Virgina グ ラ ミ ン グ で す 
人 々 が す る の で し た 
そ し て 実 際 に こ の よ う な 感 じ ま し た 
映 画 を 見 て い ま し た 
私 は ス ト の よ う に で も こ の よ う な 
私 が 好 き な い と 感 じ ま し た い の で す が 、 彼 女 は 
私 の 一 部 で は な い の は 彼 女 の 教 育 で は 
そ し て そ れ は と て も 素 晴 ら し い こ と で す 
私 は 教 育 を 使 っ て 私 の 娘 Madeline 小 学 校 の 
そ し て い る の で す 私 の 母 親 は 
続 け て し ま い ま し た 
こ れ は と て も 驚 い た 感 じ で す 
デ ザ イ ン の 説 明 さ れ て い る こ と が あ り ま す 
そ し て い る こ と が で き る で し た 時 の 肩 に 立 っ て こ れ は 多 く の 人 が 
私 は 彼 女 は こ こ で は な く な り ま せ ん 
多 く の 人 が こ の ス テ ー ジ の 
そ し て World に Peace ゲ ー ム に つ い て 
そ し て い ま し た こ の よ う な り 始 め ま し た 
そ れ で 絵 を 大 き さ の 木 材 4x5 一 歩 一 歩 で も 貼 り 付 け 
学 校 の 都 市 内 1978 車 の 中 で 
私 が 作 っ て し ま し た 科 学 の 学 生 に Africa で す 
私 た ち は 全 て を 世 界 の 問 題 な の で す 
そ し て し ま し た い と 考 え て み て く だ さ い そ れ を 解 決 し ま し た 
し か し な い の で し た い と 思 い ま し た 講 演 の 本 を 読 ん で す 
私 た ち は 小 さ れ て い た い と 思 い を 埋 葬 し ま し た 
そ し て 学 び を 感 じ の 通 り の こ と が で き る の で す 
そ こ で 私 た ち は 遊 ぶ こ と だ と 考 え ま し た よ う な ゲ ー ム の 
私 は 何 を し て い ま し た の で し ょ う đó--Tôi 関 係 性 に つ い て で は あ り ま せ ん 
私 た ち は こ う い う こ と が あ り ま せ ん 1978 の 年 に 
し か し そ れ は 影 響 が あ り ま す 
そ し て こ れ は 私 た ち は ゲ ー ム を 作 り 出 し ま し た 
そ し て 発 展 さ れ ま し た 
foot 4x4x4 面 か ら 
構 造 plexi ガ ラ ス の 
4 つ の 層 Plexi ま す 
ク ラ ス の 外 気 を 包 み は あ り ま せ ん 
そ の 衛 星 の ブ ラ ッ ク ホ ー ル を 
そ し て こ の 衛 星 の 調 査 結 果 油 絵 な の で す 
空 気 が あ り ま せ ん の 階 層 の 脚 で は あ り ま せ ん で す 
そ の 雲 の 箱 で cotton ソ を 私 た ち の 周 り を 
空 気 は あ り ま せ ん が 、 そ し て 大 気 の な い 
そ し て 海 地 面 に 何 千 と い う ゲ ー ム の パ タ ー ン に と っ て 
右 下 の 階 の も の 海 水 の 
そ し て こ の 地 下 鉄 鉱 山 の 海 の 下 に 
4 つ の 国 が 絵 の 周 り の 
子 ど も た ち の 名 前 を 付 け る で し ょ う そ れ で こ の 国 々 が 貧 し い 国 の 豊 か な 国 が あ り ま す 
私 は 企 業 が 資 産 業 空 軍 な 違 い を し て い ま す 
そ し て そ れ ぞ れ の 国 の 政 府 が 
政 府 が 長 首 相 は 国 防 大 臣 
で も 団 長 の デ ザ イ ン ズ で す 
私 は 選 択 の 首 相 関 係 に 基 づ い た の は 私 に と っ て 
私 た ち は 仕 事 を で き ま し た 
そ れ で 自 分 の 内 の 選 択 肢 は 
世 界 銀 行 が フ ラ の U 合 す る の で す 
で も 彼 女 は 気 象 に つ い て 
人 間 と い う こ と で す - - 

そ こ で 私 は Abhishek ま し た 
彼 は Parol 助 け を し て い る 子 供 た ち の 小 さ い 
し ば ら し て い る の で す 実 現 す る こ と が で き ま し た 
彼 は tro. 面 の 灰 色 の よ う に 
彼 は 言 い ま し た chết; が ２ つ あ り ま す 
母 親 は 子 供 が 全 て で す 
彼 は そ の 理 由 が 私 に 言 う よ う に 
そ れ と 合 い で す よ 
彼 は 説 明 で き る こ と の 深 刻 な 流 血 が 流 す る こ と で す 
私 は シ ョ ッ ク と い う こ と で す 
す る こ と で す が 全 体 と 言 っ て い ま し た の で す 
そ の 血 管 の 病 気 の 分 析 さ れ て い ま せ ん が 
ど ん な 血 管 の 病 気 に す る こ と で す が - - 私 は ジ ニ ア に も か も し 私 が 知 っ て い る の で す 
血 管 が す べ き で は あ り ま せ ん で 亡 く な り ま す 
そ れ で も あ る 病 気 の 治 療 法 を 知 っ て し ま し た 
つ ま り folic, axit 員 で す 
こ の 治 療 が あ り が と て も 安 い も の 人 は 答 え は 
貧 血 症 の 管 理 を す る た め に 
な ぜ な ら そ こ の 女 性 の mạng? 損 な っ て い ま し た 
全 て の こ と が で き る の が あ り ま す 
そ の 方 が こ れ は ５ 分 間 で 
あ の 医 療 の 中 心 に 
生 物 発 援 助 は 減 さ れ て い る の で す 
こ の 本 質 な の は こ れ は 完 全 に sốc. さ せ ま し た 
そ し て 私 が 知 っ て い る 一 定 の 部 屋 を 避 け な い 方 法 が あ り ま す 
私 の 母 親 で nhi, 学 科 の 医 師 の 質 問 を し て い ま し た 
彼 女 が 私 に 言 い 方 法 を 試 し て 普 通 の 血 管 の 病 気 に す る こ と で す が 、 こ の よ う に 
血 管 理 で す 
そ し て そ れ を コ ン ピ ュ ー タ を Coulter. コ ン ピ ュ ー タ と 呼 ん で い た の で す 
こ れ は こ こ で コ ン ピ ュ ー タ と 価 値 が あ る Mumbai. $10,000 だ け で す 
こ れ が ど ん な も の で は こ こ に い る か ど う 予 測 し た 
ヨ ー ロ ッ パ そ し て ほ と ん ど の 都 市 の 世 界 中 で 
し か し こ れ は あ り ま せ ん Parol. が あ り ま す 
さ ら し い 女 性 の 動 機 械 、 工 員 
Parol. が あ り ま せ ん で す 

こ れ が 私 に と っ て Fibonacci で 計 算 を 簡 単 で す 
そ し て こ こ で は あ り ま し た 場 合 の ゲ ー ム の ナ Boggle. Scrabble そ し て 
毎 回 の 基 本 的 に は 
文 字 が 一 切 Siftable, ラ ン ダ ム に 
そ し て テ ス ト を 作 っ た の で す か ら こ の 単 語 を 辞 書 の 中 で 
約 3 0 秒 後 に そ れ ぞ れ が 文 字 の 四 角 の 変 化 で す 
そ し て 新 し い 文 字 が で き る よ う と し て い る の か ら で す 

私 が 知 っ て い る の が 好 き な 統 計 の よ う な る で し ょ う か ら 始 め ま し た ペ ー ジ の 統 計 デ ー タ を 
こ れ は こ こ で 私 は こ う い う こ と だ と 考 え て い る 最 も 重 要 な 事 実 を 覚 え て い る 
イ ギ リ ス の ア メ リ カ の 政 治 的 そ し て 
そ し て そ れ は 私 た ち は お 金 の 消 費 し ま し た 
私 た ち は D 予 算 を 表 し て い る よ う な 
こ れ は こ こ で 私 は 時 計 の 債 務 社 で す 
そ し て ご 覧 の よ う に し ば し て い ま し た の は 3 2 0 0 億 以 上 に は 上 昇 し て い る の で す 
そ し て い る と 思 い ま す こ れ は 
と て も 簡 単 で す が 
こ の 質 問 を し て い る も の 全 て の 政 治 家 よ り 重 要 な 質 問 す る の で す 
そ し て こ れ は 私 た ち は ？ ど う や っ て る と い う こ と が で き る こ と に な り ま せ ん よ り も 良 い tiền? 増 加 し て い ま す 
な ぜ な ら な る で し ょ う が あ り ま せ ん で お 金 を 改 善 す る た め の 公 共 サ ー ビ ス の 
政 府 や 改 良 い こ と も 改 善 す る の で す 
政 治 的 価 値 が な い と 思 い ま す 
あ れ ば と 思 っ て い る 全 て に お 金 を 
だ け で は 皆 さ ん の 数 を 数 え る こ と が で き る の を 測 定 さ れ て い る 公 共 サ ー ビ ス の 
医 療 サ ー ビ ス の 教 育 は 、 そ の 秩 序 を 維 持 費 の 安 全 保 障 を も っ と 多 く の お 金 を 
ま だ 進 歩 を 測 定 す る こ と が で き る 消 費 さ れ た お 金 を 
そ の よ う な る で し ょ う か な り の 時 間 が 切 nhọc. す る こ と で す 
し か し な け れ ば と 思 っ て い る 他 の 多 く の こ と は 関 係 が あ り ま す 幸 せ に 繁 栄 し て い ま す 
こ の よ う な も の 家 族 や 友 人 関 係 と コ ミ ュ ニ テ ィ で 人 生 の 価 値 で す 
こ の 時 に は 政 治 家 は と て も 興 味 深 い も の で す 
そ し て い た い と 思 い ま し た い と い う こ と が 議 論 を し て 今 日 の 夜 に 
こ の 脚 で 実 に 単 純 で す 
も し 私 た ち と 一 哲 学 の 政 治 的 そ し て 正 し い 
革 命 の 大 き な 情 報 が 起 こ し ま し た 
す べ て を 知 っ て い る 多 く の よ う に な り ま し た 
そ れ が 私 の と 考 え る 大 き な 機 会 が あ る 政 治 を 再 生 を 
再 生 す ぐ に 再 生 す る 政 府 が 公 共 サ ー ビ ス の 
そ し て い る か を し て い る こ の ペ ー ジ で 大 き な 増 加 に つ い て 幸 福 を 
こ れ は こ の 議 論 を し て い た い と い う 問 い に 私 が 今 日 の 夜 に 
哲 学 か ら 始 め ま し た 政 治 的 な 
し か し 私 が 言 っ た の で は あ り ま せ ん で す イ ギ リ ス が Thủ Bảo 党 全 て の 全 て の 答 え は 
も ち ろ ん 私 た ち は あ り ま せ ん で す 
し か し こ の 2 つ の 理 由 が あ る と 思 い ま し た ３ つ の 哲 学 に と っ て い ま す 
私 に と て も 適 切 な も の だ と 思 っ て い る 議 論 し て い ま す 
私 た ち は 最 初 の 人 々 は 信 じ て い ま す 
多 く の 権 力 そ し て コ ン ト ロ ー ル よ り も 彼 ら の 人 生 に と っ て 
さ ら に 多 く の 選 択 を 
さ ら に 運 転 手 に 入 り 
あ な た の を 作 り 出 す こ と が で き る よ り 良 い 社 会 的 強 力 で す 
そ し て い な け れ ば こ の エ ネ ル ギ ー を 廃 棄 物 の 大 き な 情 報 を 
私 た ち が 今 日 の 世 界 で す 
私 た ち は ま る で し ょ う か と 思 い ま し た よ う に し ま し た ら 、 私 は こ う 言 い ま し た 
再 生 す る 政 治 に 再 び 政 府 に 再 生 す る サ ー ビ ス コ ミ ュ ニ テ ィ を 完 全 に す る こ と で す 
２ つ 目 は 私 た ち は 私 た ち を 信 じ て い る と い う こ と を 信 じ て 自 然 の 本 質 は 人 間 の 
政 治 家 や 政 治 家 だ け で 成 功 す る で し ょ う 
彼 ら が 本 当 に し よ う と し て 自 分 自 身 を コ ミ ュ ニ テ ィ の コ ミ ュ ニ テ ィ の よ う に 
で は あ り ま せ ん が 何 を す る よ う に な り た い の 本 の コ ミ ュ ニ テ ィ に な っ た の で す 
組 み 合 わ せ れ ば い い と 考 え る こ の 単 純 な - - 
本 質 的 に 自 然 の - - 
ま る め 行 動 経 済 学 の 
私 た ち も ま た 新 し い こ と を 聞 い た と 言 い ま す 
私 は も う 一 度 だ と 思 っ て い る こ と が で き る よ り 幸 せ に 幸 福 と し て い ま す 
社 会 を 得 ら れ る よ り 強 く 
消 費 す る 必 要 は な く あ り ま せ ん よ り 多 く の で す 
そ し て は な ぜ 私 は こ の 時 点 で 議 論 を ま と め た の で し ょ う か ？ 
私 は 皆 さ ん は âu 仲 良 く な る 短 さ で 学 積 歴 史 に つ い て で す 
「 何 で し た い の ３ つ の 歴 史 に つ い て の 話 で す 
時 代 に お 金 を 拒 否 liêu, 時 代 に 
そ し て 今 liêu. 気 な 時 代 を 
一 方 で 簡 単 に つ い て 考 え ま す 
私 た ち の 体 験 し て い ま し た の で す 間 の 地 方 政 府 は 
政 府 に ương 中 間 の 
そ し て い る の は 今 こ こ で 私 た ち は 人 間 の 政 府 で す 
権 力 ương, 現 地 の 中 で も 今 は 権 力 者 で す 
そ し て こ れ は こ こ で Knut, King 王 様 が 何 千 年 前 に 
ア イ デ ア が 何 を 変 え る こ と に し ま し た さ れ て い る の は 風 の 波 長 で き ま せ ん 
実 際 に は し ま し た こ と が で き る の は 何 な の で は 多 く の を 止 め さ れ て い ま す 
な ぜ な ら な け れ ば 次 の よ う に す る こ と で す 何 万 年 前 に 
時 間 を 国 中 を 回 っ て し ま し た 百 名 も 何 週 間 か か り ま す 
と い う こ と が で き な い か ら 多 く の 権 力 を 
で は あ り ま せ ん が 政 治 権 の 正 義 を 教 育 の 健 康 で 幸 せ で し た 
歩 く こ と が で き る だ け で は 戦 争 だ け で す か ら で す 
こ れ は こ こ で 重 liêu, 時 代 に お 金 を 
時 代 で も 全 て が 地 域 的 な 
皆 さ ん の 管 理 な 地 方 の た っ た の で す な ぜ な ら 情 報 を 伝 え ら れ て い ま せ ん で い さ れ た 国 全 体 で す 
と て も ら っ て い る と い う こ と を 制 限 さ れ た の で す 
こ れ は こ こ で 重 liêu. 時 代 に お 金 を 
次 の 日 学 の 歴 史 khan, 乾 燥 し た 
こ れ は と て も 愛 ら し い 写 真 の 産 業 革 命 に つ い て の イ ギ リ ス 
突 然 全 て の 種 類 の 交 通 手 段 と し て 情 報 を 連 絡 を dĩ, 能 力 に な り ま す 
そ し て 新 し い 時 代 の 学 生 の 時 代 の 一 時 代 liêu. 」 と 呼 ば れ る と 
希 望 す る こ と で し た 次 の わ く す る こ と で す 
突 然 か ら の 国 家 の 権 利 を 大 き な の で す 
こ れ は 組 織 &amp;#91;nhà nước&amp;#93; し ま し た 
教 育 や 医 療 法 律 や 政 治 や 
そ し て nước&amp;#93;, &amp;#91;nhà 言 っ た よ う に な る 権 力 で 地 元 の 権 利 に な り ま し た 
こ れ は 権 力 し ま し た 小 さ な 地 元 の 一 人 ひ と か ら 
そ れ が ど の よ う に し ま し た 中 で &amp;#91;tập lực&amp;#93; 権 力 の あ る 自 然 の も の で す 
大 き な い 時 期 に ス テ ッ プ に 移 動 し て い る 皆 さ ん ご 存 知 の 
革 命 の 情 報 を 巨 大 な 
現 実 を 見 て も 試 し て い る の で す 
1 0 0 年 前 に こ の よ う な 文 字 に 1 0 0 0 5 0 ド ル か か っ た の で す 
今 こ こ で 私 た ち は こ れ は こ こ に 繋 が り ま し た ロ ス の 他 の 多 く の 場 所 で す 
そ し て い た 地 域 だ け の 秘 密 の 小 さ な お 金 を そ の 価 値 は 
そ し て 私 た ち に 送 り 出 す こ と が で き る の は 、 巨 大 な 情 報 酬 が 
費 用 が か か り ま せ ん で す あ り ま せ ん 
私 た ち は こ の よ う な 生 き て い る と 拒 否 &amp;#91;post-bureaucratic&amp;#93;, 気 代 で す 
権 力 の 時 代 の 市 民 に は 実 際 に 可 能 に す る こ と で す 
そ う い う こ と が あ る の か 、 ど の よ う に 意 味 す る こ と に サ ー ビ ス 業 や 政 治 に 
サ ー ビ ス に 政 府 の コ ミ ュ ニ テ ィ で し ょ う か ？ 
絶 縁 は 残 り の 時 間 と い う こ と が で き る の で は あ り ま せ ん が 特 定 の 多 く の 例 え ば 
し か し ま し ょ う か な い 人 生 が 変 わ り で き る の で す 
そ の こ と で す か ら 明 ら か に そ の メ イ か ら で す 
考 え て い る か ど う す べ て が 違 っ て し ま し た 
私 た ち は 買 い 物 を 移 動 す る と ビ ジ ネ ス と さ れ て い る の で す 
こ の こ と が 起 こ し ま し た 順 革 命 の 情 報 を イ ン タ ー ネ ッ ト で す 
事 実 が 広 が っ て し ま し た 社 会 的 通 し て 私 た ち の 多 く の 道 路 を 
し か し そ れ を 作 り ま せ ん 政 府 に 影 響 さ れ て い ま す 
こ の よ う に な ぜ か ？ 
私 は こ の ３ つ の 考 え 方 を す る た め に 大 き な 変 化 を 
そ の 発 明 bạc, 権 の 選 択 肢 の 責 任 感 に 接 し て い ま す 
đựa を 私 た ち の 市 民 権 を 実 際 に は 
こ れ に つ い て 話 を し て い ま し た が bạch, 例 え ば こ こ で す 
Missouri Accountability Portal 
政 府 が あ る 日 前 だ け の 情 報 を 保 持 さ れ て い る と い う こ と 
そ し て 人 は む し ろ 挙 を 試 し て 新 し い こ と が で き る の は こ の 情 報 を 使 っ て 
そ し て 調 査 し ま す 
今 で は ウ ェ ブ サ イ ト の ア メ リ カ の 州 で は 
私 た ち を 見 つ け 出 す こ と が で き る 分 析 検 査 で 
こ れ ら の 消 費 者 の ド ル で 
考 え て み て く だ さ い と い う こ と を 変 え る よ う に な り ま す 
ど ん な ビ ジ ネ ス が 建 設 競 い 合 の 政 府 が 
見 る こ と が で き る 全 て tiêu. 費 の 
全 て の 情 報 を 使 用 さ れ て い る こ と が で き る で 誰 か と 思 っ て い る か ら で す 
自 分 を 提 供 す る こ と が で き る サ ー ビ ス よ り 良 い の で 安 く 
国 の 政 治 家 と し て 私 た ち は 新 し い だ け 始 め ま し た 
探 知 機 の 表 面 の 問 題 を 見 て 何 を し て い る 人 た ち は 革 命 の 情 報 を 
世 界 で す 
そ こ で 創 る さ 全 て の 大 き な の か 知 っ て い ま す 
私 た ち は こ の 国 で あ れ ば cử, む し ろ 
私 た ち を 25.000 期 の 消 費 す る 上 で 
ネ ッ ト を 発 明 さ れ た こ と が で き る の を 見 つ け bạch, が ど ん な が ら 
今 日 私 た ち は こ れ は 私 た ち と い う と し て い る の で す 
ネ ッ ト が 人 々 が で き る の で す 
条 件 khỏan こ う い う こ と で す 
価 格 原 発 を 大 き な お 金 を 
し か し そ う す る と 信 じ て い ま し た も の 増 加 の 大 き な 教 え る と 
選 択 肢 の 違 い も の を 買 っ て し ま し た イ ン タ ー ネ ッ ト は 比 較 し て イ ン タ ー ネ ッ ト は 全 て の ネ ッ ト ワ ー ク を 
し か し ま し た こ の 革 命 を 新 し い 点 だ け で は 表 面 に 
私 の よ う な サ ー ビ ス の 教 育 や 医 療 秩 序 が 安 全 保 障 を 
そ し て こ れ は ま る で し ょ う が tòan. さ を 変 え ま す 
私 た ち は 実 際 に こ の 変 化 を 
ネ ッ ト ワ ー ク に 情 報 を 水 の 中 で 
ウ ェ ブ サ イ ト 医 療 の 検 索 を す る こ と が で き る の か を 見 て み た く さ ん の 最 も 成 功 し た 
医 師 が 個 人 を ど の よ う に 病 院 の 清 潔 な の で す 
誰 も が 最 も 感 染 sóat 
す べ て し ま し た さ れ た 情 報 の ベ ン 学 科 の 医 療 
提 供 さ れ る で し ょ う 私 た ち 全 員 に 
そ し て 大 き な 変 化 は ３ つ 目 は 責 任 
思 い ま し た こ れ は 非 常 に 大 き な 変 化 を 
こ れ は こ の 地 図 犯 罪 者 の 犯 罪 シ カ ゴ の フ し た 
そ の 代 わ り に さ ま で で き る だ け で は あ り 警 警 察 の 新 し い 情 報 を 伝 え ら れ て い ま す 
に つ い て の 犯 罪 者 が ど こ で 起 こ し ま し た 
そ し て 私 た ち を 雇 い 人 た ち は 政 府 の 
警 察 か ら 始 ま る 責 任 感 を 
突 然 私 達 は 彼 に 戻 る 機 会 が あ る 大 き な 人 権 力 関 係 や 
こ の 人 々 が 見 ら れ る こ と が で き る の で 何 が 起 こ っ た 犯 罪 し ま し た 
な ぜ な ら ど う し て い ま す が 
そ し て い る こ と が で き る ま で 公 安 と 責 任 を 
そ し て ご 覧 の よ う に こ れ は メ キ ッ チ ン の よ う に 見 え る の は 
し か し 実 際 こ れ は 人 間 の 青 い サ ー ビ ス を し て い ま す 
こ れ が 犯 罪 に 起 こ し て い ま し た の で す 
そ し て 皆 さ ん の 可 能 性 が あ り ま し た 安 全 保 障 警 察 力 の お 気 づ き 責 任 を 
そ こ で こ の 3 つ の 方 を 選 択 肢 bạc, 責 任 な の で す 
ま た 大 き な 変 化 を 
私 は ま た こ と に し ま し た 
私 た ち が 注 意 を そ れ を 理 解 す る こ と や 
こ れ は ど う す れ ば い い と い う こ と が あ っ て 自 然 の 本 質 は 人 間 の 
成 功 す る の で す 
私 た ち は ネ ッ ト ワ ー ク を し て い る と 大 き な の で す 
な ぜ 人 を 理 解 し よ う に 行 動 や 行 動 で す 
そ し て い る 機 会 を 大 き な こ と を 知 っ て い る こ と も に エ ネ ル ギ ー 使 用 に 情 報 を 
私 た ち の 仕 事 を し て い る 人 に と っ て い る の で す 
私 た ち は 考 え ら れ て い る 人 は こ の 問 題 な の で す 
問 題 の 調 査 を す る た め に 
私 は 皆 さ ん を 例 に 簡 単 に 私 は と て も い ま す 
私 た ち が 人 々 は よ り も 効 果 の エ ネ ル ギ ー を 使 っ て い た の で す 
な ぜ で し ょ う か ？ 貧 困 を 減 ら す か ら で す が 減 túng 燃 料 な の に 
そ し て 処 気 エ ネ ル ギ ー を 
そ こ で は な ぜ な の で し ょ う か ？ 
私 た ち が あ り ま し た ら し い 年 前 に こ れ は 
説 得 し よ う と す る 人 々 は そ れ ぞ れ が 電 気 を 消 し 去 家 か ら 
さ ら に し ま し た 大 臣 と 政 府 が あ り が と う 
ま た 歯 を 暗 闇 の 中 で 
戦 っ て い る と 思 い ま し た 訳 で は あ り ま せ ん そ れ は 存 在 し て い ま す 
こ れ は 詳 細 な 小 さ な 行 動 経 済 の 中 で 
最 高 の 方 法 を 減 ら そ れ は 誰 で も 彼 ら の 電 子 化 に お 金 を 
エ ネ ル ギ ー を 見 せ す る こ と で す 彼 ら は 電 気 xài, し て い る の で す 
彼 ら に 続 隣 人 を 見 て い る の で す 
そ し て 彼 ら に 近 隣 の 人 々 が 続 い て い ま す 
行 動 経 済 の よ う な 
で き る こ と の 行 動 を 変 え る 人 が 
あ る 傾 向 が あ る と 脅 か す る こ と は あ り ま せ ん 
ど こ か ら quấy rầy 国 家 で き る こ と で す 
例 え ば 他 の 再 利 用 す る こ と で す 
私 た ち は 皆 知 っ て い る 再 生 す る こ と で は な い 
ど の よ う な こ と で し ょ う か ？ 
ア メ リ カ の 証 拠 か ら は 実 際 に お 金 を 払 え ば リ サ イ ク ル の 人 々 が 
さ ら に 手 段 を 使 用 ・ &amp;apos;dỗ ngọt&amp;apos; か ら 
皆 さ ん の こ と が で き る で し ょ う 行 動 を 変 え た の で す 
そ こ で こ れ ら は す べ て を 見 る の で し ょ う 
こ れ は ア メ リ カ の 2 つ の 言 葉 は 私 の お 気 に 入 り の 5 0 年 前 で す 
も ち ろ ん 私 た ち が ジ ョ ン ・ ケ ネ デ ィ に と っ て 非 常 に 簡 単 な 言 語 で す 
し か し mẽ: 構 造 を 
「 国 の 質 問 が あ る こ と を や め る 質 問 を し て い る こ と が で き る nước,&amp;quot; 費 の た め の 
で は 非 常 に 素 晴 ら し い 
し か し 彼 は 彼 の 言 葉 に で き ま し た 
社 会 を 作 る xựng よ り も 強 力 で す 
皆 さ ん が 戦 っ て し ま し た こ と が で き る か ら 水 に は 希 望 す る こ と が で き ま し た 生 quốc, 織 か ら で す 
皆 さ ん を す る こ と が で き ま し た サ ー ビ ス の 市 民 の 国 で す 
し か し 皆 さ ん の エ ネ ル ギ ー が あ り ま せ ん で い ま し た 情 報 や 知 識 を 
そ し て 可 能 性 の 社 会 を 作 る の で す よ り 強 く な っ て い る の は 現 在 私 た ち で す 
そ し て い る と 思 い ま す 言 葉 の 素 晴 ら し い も よ り も 
私 が 大 き な 層 を 読 ん で し ょ う 皆 さ ん に 
こ れ は 統 合 し た 時 の 初 期 に 話 し ま し た 
信 じ て い る と い う こ と に つ い て 考 え な い こ と は 人 生 の お 金 だ け で は あ り ま せ ん 
そ し て 私 た ち は 人 生 を 測 定 す る の で す よ り 安 も お 金 を 読 ん で す 
そ し て そ れ で 表 現 し ま し た 映 画 や 文 学 の ロ バ ー ト ・ ケ ネ デ ィ 
に つ い て の 理 由 は 製 品 を 全 国 的 な 意 味 す る こ と で す 
そ れ に 健 康 な 子 ど も た ち の 
教 育 の 質 や 喜 び の も の で す 
そ れ で は あ り ま せ ん が こ の 美 し い 詩 の 強 力 な 結 婚 し た 
皆 の 知 的 な 議 論 し 
そ れ を 測 定 ユ ー モ ア で は あ り ま せ ん 相 互 い に 私 た ち の 健 気 な 
そ れ で は あ り ま せ ん な 心 は 相 互 い を 測 定 や 理 解 す る こ と は あ り ま せ ん 
こ れ は 慈 悲 を 測 り ま せ ん の 心 に 相 互 の 織 quốc. に と っ て 
全 て を 測 定 す る の で す 
別 の 人 生 を も う 意 味 が あ り ま す 
も う 一 度 が 偉 大 な 4 0 0 0 年 前 に さ れ て い る 
そ し て も 高 い 夢 で 4 0 0 0 年 前 に 
し か し 今 日 の 大 き な 進 歩 の 情 報 技 術 で す 
変 化 の 巨 大 な 行 動 経 済 の 中 で 
全 て の 私 た ち は 何 か を 知 っ て い る と い う こ と を 幸 せ に つ い て 
も し 私 た ち は 一 つ の 深 い で す 
権 力 に つ い て 話 を し て い る 人 々 は そ の 情 報 を 使 っ て そ の た め に 
そ し て そ れ を 使 っ て 深 く 見 る と い う こ と に つ い て の 自 然 の 本 質 的 に 人 間 の 
そ し て 同 時 に 理 解 し な い 人 の 行 動 に よ っ て い る テ レ ビ に い た の で す 
こ れ は 夢 の 実 現 で き る の で す 
で も 今 は 簡 単 で す よ り も さ れ て い る 時 代 に 種 の 美 し い 言 葉 で は 4 0 0 0 年 前 に 
あ り が と う 

私 が 好 き な 氷 の 瞬 間 で す 
な ぜ な ら 以 前 に 、 一 般 的 な 体 験 に な り ま す 
そ こ で 少 し 怖 い か も し れ ま せ ん 
少 な く と も 理 解 し て こ れ は 難 し い 彼 女 に と っ て 
そ し て き ま し た 共 同 体 験 に な り ま す 
そ れ で 面 白 い こ と が で き る と 彼 女 は 笑 っ て い ま し た 
そ し て 今 こ こ で 旅 を し て い る 間 に 
三 つ 目 の 駅 ン ６ で す 

そ の 職 業 Hood Robin し て い る の で す 
も う 役 割 を 果 た し の ボ ラ ン テ ィ ア 消 防 士 
私 を 見 ま し た 組 織 の 行 動 に 良 い も の で す 
結 核 に つ い て 把 握 す る 為 に 大 き な の で す 
い く と も 単 純 な 活 動 の 個 人 的 に な り ま し た 
し か し 彼 は と て も 高 い dũng. そ し て 
そ し て こ れ は 私 が 知 っ て い る の で し ょ う か ？ 
全 て 重 要 で す 
そ こ で 私 は こ の 部 屋 の 周 り を 見 て い ま し た 
人 を 見 て み ま し た も の に す る こ と で す 
や っ て い る の に で す 
心 の 成 功 し た 
私 は メ を し て い ま す 
待 ち な の で す 
を 待 っ て い る と き に 最 初 の 1 0 0 0 万 ド ル で す 
違 い を 作 る の に 誰 か の 人 生 の 中 で 
何 を す れ ば な く 
す ぐ に し て み て く だ さ い 
食 べ 物 体 の キ ッ チ ン 生 地 や 空 け た の で す 
人 に 向 か っ て い ま す 
日 常 で は な く す る 機 会 が あ り ま す 
誰 か の 命 を 
し か し 毎 日 か さ れ る 機 会 を 他 の 人 生 を 良 く し て い る 人 は 
そ こ で 参 加 し て く だ さ い 時 に 自 生 命 を 救 う の で 
あ り が と う ご ざ い ま す 

し か し 彼 は 何 を 書 い て い ま し た り 
時 間 を 作 ろ う と し て い る か な ピ ラ ミ ッ ド 」 と 呼 ば れ ま す 
「 道 か ら 始 め た ― lưng.&amp;quot; 線 は 
2 0 分 で は な い と 思 い ま し た 歯 nhe Số ắt （ 笑 ） 
そ れ が 私 た ち に は 、 そ し て 掲 げ て 
な ぜ 勝 trượt. Số 分 だ け で は な く し ま し た 
声 明 す る よ う な も の は 古 い mãi: 生 活 し 
こ こ で 勝 敗 が あ る 人 は 車 cúp 光 の 商 品 を 
で は あ り ま せ ん 勝 ち を 翌 日 の 試 合 が 
そ し て 深 く の 皆 さ ん は 私 に と っ て は い つ も 存 在 す る 機 会 を 勝 ち miện. 中 に 
し か し に く っ て い る の に 
簡 単 で は あ り ま せ ん で し ま し た テ ス ト を 使 用 さ れ て い る の で す 
何 を す る こ と が で き ま せ ん 勝 っ て い ま し た 
テ ス ト を す る た め に 何 か が 軍 子 で す 
テ ス ト の ゲ ー ム を ま と め た の が 
す る ま で は 止 ま り ま せ ん 
何 を す る 必 要 が あ る の を 取 り 出 す と い う 夢 見 cúp. 車 の 前 に 目 標 が あ り ま す 
希 望 が あ る た め の 夢 は 死 ん で し た 
希 望 を 祈 り を し て い ま し た の で す が 
自 負 け し か し 恐 れ ま せ ん 
も し ま し た 肝 臓 を 十 分 に 触 っ て い く よ う と し て い る 人 な ど 必 要 が あ る 男 性 の 脚 で す 
よ り も 必 要 で す 彼 は 熱 く 自 分 の 能 力 を 
と 貢 献 と 私 に と っ て 全 て の 栄 光 、 で も な く 
運 命 が 間 違 っ た 時 に こ れ を 動 き 回 っ て も 
そ し て 私 た ち 自 身 の 人 々 の 運 命 を 作 り 出 す の は 私 た ち の 
そ し て 私 た ち を 開 け る 道 を 戻 し ま し た 店 で も そ の 前 に 道 lưng.&amp;quot; 
彼 の 短 い 詩 を 覚 え て い ま し た ３ つ の 父 親 と し て い ま し た こ と を 教 え よ う と し て 私 た ち は 
あ り ま せ ん で い た ら 手 伝 っ thán. 歌 nguỵ biện. 石 炭 な ど 
も っ と ベ は 何 を し て も 
そ し て く だ さ い と い う こ と が 可 能 に な っ て い る の で す 
誰 か が で き る よ り ま せ ん で す 
私 は 自 分 の ゲ ー ム を 教 え よ う と し て い ま し た こ と で す - - 
私 の 手 に す る で し ょ う か を 知 っ て い る の で は あ り ま せ ん 彼 ら は 子 供 た ち は 勝 ち 話 を 聞 い て 
自 分 の 話 か ら な い の は 私 の Quan 勝 利 で す 
よ り も 高 い 点 が あ る の で は 戦 と が で き ま す 
そ し て あ な た は ま だ 負 け る こ と が で き る 場 所 が 勝 ち 
こ の 回 、 異 な る 
私 は そ う 感 じ ま し た 
私 は 子 供 た ち も い た い と い う こ と が で き る だ け ngẩng 高 め 
ゴ ル フ の 後 に 
私 は 言 い ま し た の は ゴ ル フ が 終 わ り ま し た 
ゲ ー ム を 知 っ て い る 人 は ゴ ル フ の 結 果 が あ り ま せ ん 
彼 ら は 私 だ け で は あ り ま せ ん で み る と い う ゲ ー ム の 行 動 に 基 づ い て 
ゲ ー ム の 高 い 結 果 を 予 測 す る 点 と 点 と 比 べ て 同 盟 負 け 
こ れ は 実 際 に は う ま く い っ た の 努 力 す れ ば 
自 分 の 能 力 を 作 っ た 
結 果 が 合 理 的 な 政 策 な レ ベ ル で す 
結 果 が あ り ま せ ん で も 彼 は ず で す 
し か し 政 策 の 結 果 な の で す 
そ し て 彼 は 自 分 の 新 し い だ け で は あ り が あ る の か を 知 っ て い ま す 
そ し て こ れ は 私 の 学 生 で 最 も 望 ん で い る の で す 
時 間 た ち に つ い て 学 ん で い る の で す 
よ り 良 い 結 果 が あ り ま す 
し か し 私 は ゴ ル フ の 1 0 億 人 で す 
女 の 作 品 で す だ け 多 く の 
結 果 で は あ り ま せ ん で い ま す 
私 は 信 じ て い ま す 
哲 学 者 が 言 う と し て い ま し た の で は あ り ま せ ん 違 い ま す 
Cervantes. Cervantes は 言 い ま し た 
プ ロ &amp;quot;hành đến.&amp;quot; 点 よ り も 
私 の 話 が 好 き だ と 思 っ て い る の で す 
そ れ と も に 点 を 失 望 さ せ る こ と が で き る さ れ た の で す 
し か し 、 そ こ に 行 っ て 楽 し そ れ は 新 し い の で す 
の 役 割 を 果 た す 上 で ボ ー ル の コ ー チ が 好 き で し た 集 会 UCLA, 旅 す る こ と で す 
そ し て そ の 点 で は ゴ ル フ を cục. な の で す 
1 週 間 の 訓 練 の 朝 に は 購 場 が 好 き な の で す 
ボ ー ル に 座 っ て 見 上 の ゲ ー ム の 
そ し て い る と 自 問 し ま い ま せ ん 
何 度 も 重 要 な こ と で し た の で 満 足 感 を 自 分 を 
な ぜ な ら 彼 ら は 知 っ て い る 努 力 し て い ま し た 
自 分 の 能 力 の ゲ ー ム の 
と い う 人 も い 質 問 を し て い ま し た 選 手 が 誰 な の で す 
チ ー ム ボ ー ル か ら で し た 
私 は 答 え さ れ ま せ ん 
彼 ら は と 考 え る よ う な 人 に つ い て い る の で す 
一 人 の 質 問 で す 
彼 は &amp;quot;Giả 使 う こ と が で き る 選 手 を 完 璧 な の で す 
彼 は ま る で し ょ う ？ 」 と し た い の で す 
そ し て し ま し た い と 知 っ て い る 人 は 「 な ぜ 彼 ら に UCLA: で す 
Cậu を 学 ぶ 学 生 た ち の な の で す 
な ぜ な ら 最 初 の 学 校 を 知 っ て い る の で す 
し か し ま し た い と 思 い ま し た 人 の ボ ー ル を 良 い の で す 
私 が 知 っ て い ま し た い 人 は 
部 屋 の ツ ー ル で 手 を 誇 れ て い ま す そ し て 彼 は こ の 部 屋 に 集 ま る で し ょ う 手 も あ り ま す 。 
し か し た い と 思 い ま し た も の 人 が 攻 撃 す る で し ょ う 
彼 は 私 た ち の 人 々 が 利 己 的 で は あ り ま せ ん 
最 初 の ラ ボ ー ル が あ る で し ょ う か で は あ り ま せ ん か の よ う と し て 自 分 の 記 録 も あ り ま す 
私 は 人 の ボ ー ル が う ま く 交 流 そ し て い ま す 

簡 単 な の で す 
こ れ は 世 界 の cảng? と い う こ と で す 
お 見 せ ら れ る こ と で し ょ う か も し そ れ か ら 消 え ま し た 
私 が お 見 せ し た い 独 đáo. 数 の 
し か し こ れ は 非 常 に 難 し い 大 き な く 
皆 さ ん が 見 え る で し ょ う か ？ 
（ đài: ね ？ 
見 ら れ な ボ ー ル を 通 り を し ま し た の で し ょ う か ？ 
1 5 秒 半 の 時 間 の 平 均 す る こ と で す 
人 々 の 実 験 の 
私 は こ こ で 私 は こ の 終 わ り に な る で し ょ う 
な ぜ な ら こ れ だ け で は と て も 明 ら か に 重 要 な の で す 
人 は ま だ あ り ま せ ん で し ょ う か ？ 
あ の コ ン ピ ュ ー タ の 車 を 走 り Boeing で し ょ う か ？ 

今 見 て み ま し ょ う か と い う 予 測 を 開 き さ に 誰 も が 自 由 に な る で し ょ う 
そ し て オ ー プ ン で も 誰 も が 予 測 す る で し ょ う TEDster, に な り ま す 
そ し て 予 測 で き る か ど TEDsters リ ベ ラ ル 派 で し ょ う か ？ 
理 解 し て 見 て み ま し ょ う 
し か い 手 を 挙 げ た リ ベ ラ ル 派 で す が - - 
基 本 的 な 問 題 に 対 す る こ と で す 社 会 の 議 論 し て い ま し た 
保 守 派 な 、 そ し て 私 は ３ つ 目 の 選 択 を す る た め に 
な ぜ な ら 私 は 知 っ て い る の が 大 き な エ ネ ル ギ ー が リ ベ ラ ル 派 が 個 人 的 な の で す 
い 手 を 挙 げ て く だ さ い - - 
若 い メ デ ィ ア の 下 の 部 屋 も 
人 々 を 見 て み て く だ さ い こ れ が こ れ が 誰 な の で す 
も し な い 手 を 挙 げ て み て く だ さ い リ ベ ラ ル 派 の み な 
挙 手 し て く だ さ い 高 い 
し て く だ さ い し い 手 を 挙 げ ら れ れ ば 自 分 の 個 人 的 リ ベ ラ ル 派 
o K 、 そ の ２ つ の 1 0 - - 
そ し て い ま し い 手 を 挙 げ ら れ れ ば よ い と 思 っ て い る の で す 
1 、 2 、 3 、 4 次 元 の 1 0 0 8 年 か か っ た の で す 
ち ょ っ と 良 い こ こ で は 問 題 が あ り ま す 
な ぜ な ら な け れ ば 私 た ち の 目 的 は 世 界 を 理 解 す る こ と で す 
見 つ け る よ り 深 く 理 解 し て 世 界 に つ い て 
多 様 性 の 欠 如 が 倫 理 的 に は こ こ を さ せ る こ と が 難 し く 
な ぜ な ら 人 々 は 共 通 の 道 徳 価 値 を 
彼 ら に な り ま す そ し て い る đội, く đội, 心 理 学 の 共 通 で す 
そ れ を 考 え て い る こ と を 固 い の で す 
リ ベ ラ ル 派 が 失 敗 が 2 0 0 4 年 の よ う に 
2 0 0 0 年 の 仲 間 と し て 私 た ち は も う 少 し 安 ủi 自 分 自 身 を 

こ の 日 は 何 で し ょ う か ？ 
自 分 の 6 日 目 で し ょ う か ？ 
そ し て い ま し た の か 、 Tosh.0 日 記 の ペ ー ジ の 多 く の オ ン ラ イ ン に つ い て 書 き 始 め ま し た い の で す 
マ イ ケ ル ト J. Nelson 科 学 か ら 神 秘 を 
で は 最 初 の 人 々 の 物 語 を 象 に つ い て こ の ビ デ オ の 社 会 的 ネ ッ ト ワ ー ク で T w i t t e r 上 で 
し か し い と い う こ と が 重 要 な の で も そ れ は 個 人 の グ ル ー プ の 人 が ブ を 作 り 出 し ま す 
点 が あ り ま す 
そ し て 彼 ら は 共 有 を も っ と 多 く の 観 客 の プ ロ セ ス を 加 速 し ま す 
そ し て そ の 後 に こ の コ ミ ュ ニ テ ィ で 作 ら れ て い ま す 
人 か ら こ の 笑 い に 話 を 知 っ て い ま す 
そ し て 彼 ら は 話 し 始 め ま し た こ と を し て い ま す 
結 果 が あ る の で す よ り も 今 は 1 万 版 の 「 金 曜 日 」 は Y o u T u b e が あ り ま す 
で も 最 初 の 7 日 
毎 日 の モ ッ キ ン バ ー ド が あ り ま し た ビ デ オ に 撮 り 直 さ れ て い ま す 

私 は こ こ 4 年 前 に 
関 係 に つ い て 話 を す る た め に デ ザ イ ン の 間 の 幸 せ で す 
そ し て 最 後 の 話 で 話 を お 見 せ し ま し た 』 そ の 下 に リ ス ト は 
そ れ か ら 私 は 今 ま で ほ と ん ど の よ う に な り ま せ ん が こ れ か ら 学 - - 

私 た ち は い ま す 
私 の 会 社 の 発 明 し た 
新 し い 技 術 を 
多 く の 分 野 に 異 な っ て い ま す 
そ し て 私 た ち は 発 明 は 2 つ の 理 由 か ら で す 
楽 し み を 発 明 で は 
実 際 の 仕 事 を 発 明 す る こ と で す 楽 し ま す 
そ し て 私 た ち は 自 分 の 利 益 を 上 げ ま し た か ら で す 
こ の 2 つ の こ と に 夢 中 か ら で す 
新 し い 長 い 間 待 ち 我 々 が 
も し く な り ま せ ん 楽 し い の で は あ り ま せ ん で い る 時 間 を 
だ か ら 
私 た ち の 主 要 な 
開 発 に 利 益 が 決 し て い ま す 
し か し 私 た ち が プ ロ グ ラ ム 的 人 文 を 発 明 す る の で す 
そ こ で 私 た ち の 活 動 に よ る 者 は 自 分 の 最 高 の 発 明 し た 
そ し て 私 た ち は こ う 言 う の ？ 」 「 ア イ デ ア が あ り ま す 
問 題 を 解 決 す る 世 界 が ず っ と し て い る の で し ょ う か ？ 
そ し て そ れ を 解 決 す る よ う に な る よ う と し て 私 た ち は こ の 問 題 を 解 決 
解 決 策 を ひ っ て い ま す 
劇 的 な 創 造 し て い ま し た 
ビ ル ゲ イ ツ で 一 番 賢 い 人 の 
問 題 に つ い て 考 え て い る こ と で す 
彼 は 資 金 を 作 っ て い ま し た い と 思 い や こ れ は こ こ で 私 は 実 際 に ビ ル で 
私 は 議 論 を 簡 単 な る で し ょ う 
い く つ か の 問 題 を 抱 え て い ま し た 
そ し て 問 題 な の で す 
私 た ち は 解 決 法 を 見 出 し ま し た 
予 防 接 種 を す る の で す 
主 要 な 手 段 が 健 康 の コ ミ ュ ニ テ ィ の 
と て も 有 益 戦 略 の 一 つ 
し か し 、 発 展 途 上 世 界 で 多 く の ワ ク チ ン の 
乱 さ れ る 前 に phối. 化 さ れ て い ま す 
そ し て そ の ワ ク チ ン が 必 要 な の で す か ら 管 寒 さ れ て い ま し た 
ほ と ん ど 全 て の ワ ク チ ン を 守 る 必 要 が あ る 寒 い 案 の 温 度 に 
す ぐ 脅 さ れ て い ま せ ん が 保 主 性 を 認 め ま す 
そ し て い ま せ ん が 電 気 が 安 定 の ネ 狩 ワ ク チ ン の 
子 供 の 死 亡 し ま し た 
損 失 だ け で は な い ワ ク チ ン の エ ネ ル ギ ー に つ い て 
子 ど も た ち が そ れ は 予 防 接 種 さ れ て い ま せ ん 
こ れ は こ の 方 法 で す 
つ xin. 運 び ま す 
こ れ は ダ サ styro 泡 が 発 生 さ れ た 人 間 の 力 を 運 び ま す 
私 は 車 に も 交 尾 に 導 入 さ れ て い ま す 
私 た ち は 解 決 策 が 異 な っ て い ま す 
案 の 瓶 に 詰 め 石 styro 泡 が 発 生 す る の で す 
約 4 時 間 は 続 く 
そ し て 私 た ち は こ う 考 え る よ う な も の は 良 く あ り ま せ ん 
そ れ を し ま し た 
こ れ は 6 ヶ 月 の 電 気 が 必 要 は あ り ま せ ん 
電 気 を # 
そ れ か ら 
半 分 Watt. よ り 少 な い も の で す 
こ れ は こ こ で ２ つ の 世 代 の パ タ ー ン は 私 た ち の 
３ つ の 世 代 の パ タ ー ン は 今 す ぐ に 
テ ス ト さ れ て い る 体 験 し ま し た 
私 た ち は こ の 考 え 出 さ れ て い る の で す 
２ つ の 主 な ア イ デ ア で す 
一 つ と 同 じ で Dewar, cryo 冷 や コ ン ピ ュ ー タ と 
ヘ リ ウ ム が あ る 液 nitrogen 込 ん で い ま す 
能 力 が あ り が と て も 素 晴 ら し い の で 
そ し て く だ さ い 素 材 を 私 た ち は こ こ で 熱 を 
ア イ デ ア は 興 味 深 い 
で き ま せ ん で も 次 の 案 を 
な ぜ な ら ば thò 開 き ま す 
熱 を 放 出 さ な ゲ ー ム の 終 わ り で す 
こ の よ う に 見 え る で 自 動 コ ン ピ ュ ー タ を 売 り ま す 
こ れ は ワ ク チ ン を 売 り 小 さ な 個 人 的 に ー 
単 純 な ア イ デ ア で す 
私 た ち は 希 望 の 方 法 を 変 え る ワ ク チ ン の 分 布 を 
ア フ リ カ で 世 界 中 で す 
私 た ち は サ マ ラ リ ア に あ る で し ょ う 
マ ラ リ ア で 挑 戦 の 最 初 の 痛 み の コ ミ ュ ニ テ ィ の 健 康 で す 
少 し お 話 し て い ま し た Esther Duflo こ の 問 題 に つ い て 
2 5 0 0 0 0 万 件 の 感 染 し て 毎 年 
１ 秒 あ ん ま 子 供 の 死 亡 し て ア フ リ カ で す 
こ の 時 間 の 数 は 2 7 人 の 人 が 死 ん で す 
私 た ち は こ の 国 は こ こ で す 
理 解 で き な 意 味 す る の で す cuộc. に い る の は 
他 の 平 Esther 論 で す 
私 た ち の 反 応 す る こ と で す が 
悲 惨 な も の が ハ イ チ の よ う に 起 こ る の で す 
そ し て い ま し た 悲 惨 な も の で し か し 続 け ま し た 
そ こ で 私 た ち に で き る で し ょ う か ？ 
多 く の 人 が い ま し た も の を 試 し て い ま す 
多 く の 解 決 策 を 探 し ま し た 年 で マ ラ リ ア に 
蚊 取 る こ と が で き る か も し ス と な り の 環 境 の 影 響 を 与 え ま す 
こ と が で き る よ う と し て の 人 に 治 療 の 意 識 し ま す 
素 晴 ら し い の は 例 外 で 、 マ ラ リ ア の 領 域 に 届 い て 
彼 ら は あ り ま せ ん が 医 療 シ ス テ ム で す 
ワ ク チ ン の 方 法 を 見 つ け る で し ょ う か で す 
食 べ た だ け で は あ り ま せ ん で す 
人 々 を 使 っ て し ま し た い の で す か ？ そ れ は 長 い 時 間 を い く つ か の 有 力 な 候 補 な の は 光 で す 
マ ラ リ ア で は と て も 難 し い 病 気 が つ xin. 
で き る 蚊 帳 を 
そ し て 、 蚊 帳 は と て も 効 果 の 使 用 し な け れ ば 
蚊 帳 を 使 っ て い な い 人 は 常 に ひ そ れ を 使 っ て 
普 遍 的 で は あ り ま せ ん 
蚊 帳 と し て い ま す 
病 気 の あ り ま し た 
し か し そ れ を 示 し ま う と 言 う と 殺 さ れ て い た の で は あ り ま せ ん 
マ ラ リ ア 
病 気 で 非 常 に 複 雑 で す 
理 解 す る こ と は 何 百 時 間 か か っ た の で す 
そ れ を 映 画 の よ う な 人 生 が メ デ ィ ア で す 
私 た ち が 世 界 に 肝 臓 リ ー ン な の で す 
練 セ 地 に 細 胞 の 中 に 住 ん で い ま す 
病 気 で 複 雑 な 
し か し そ れ は こ う い う こ と で す が 私 た ち が 興 味 深 い 魅 力 的 で す 
で も あ り ま す 力 そ の 解 決 法 を 見 つ け ま し た こ の 病 気 
現 在 可 能 な 解 決 策 が あ り ま し た 
そ こ で の 診 断 は 正 し い 病 気 を 保 つ 尽 
私 た ち は 今 年 の 期 待 し て い た の で す 
生 産 さ れ て い る で し ょ う 本 の 装 置 で す 
診 断 さ れ た マ ラ リ ア は 
こ の よ う な 働 き が コ ン ピ ュ ー タ を 測 り 脈 に 病 気 に な り ま す 
一 滴 の 血 流 量 を 
そ れ を 自 動 そ の 結 果 に な る で し ょ う 
現 在 が 必 要 が あ る 複 雑 な プ ロ セ ス を 
山 の 血 液 サ ン プ ル が あ る 電 子 顕 微 鏡 検 査 を 通 し て 
そ の 職 業 で は 医 者 な の で す 
他 に は 
血 を 必 要 は あ り ま せ ん 
目 を 見 れ ば 
も の に tròng 白 血 管 が 目 の 
実 際 に 直 接 す る こ と が で き る こ と で す 
血 液 を 取 っ た の は あ り ま せ ん 
で も 皮 の 下 の 指 の 爪 を 
な ぜ な ら 手 、 指 の 爪 を 見 て 回 路 が 見 え る こ と が で き ま す 
そ し て い る と 考 え た 回 路 の 血 液 が 私 た ち は マ ラ リ ア と い う こ と が で き る の で す 
症 状 を 見 る こ と が で き る か ら こ の 分 子 で す 
hemozoin. と い う 名 前 が あ り ま す 
そ の マ ラ リ ア 原 虫 が 生 ま れ ま す 
そ し て こ れ は 物 質 は と て も 興 味 深 い こ と が で き る の は 
物 理 学 者 に と っ て タ で す 
そ れ ぞ れ が 私 た ち は 多 く の こ と が で き る こ と で す 
こ れ は こ の 研 究 所 の レ ー ザ ー ポ -15 乗 の 1 0 秒 で 私 た ち の 
星 の 光 を 作 り 出 す の で す 
giây) 1fs 続 く 
非 常 に 選 非 常 に 短 い 
こ れ が こ の 星 の 光 で す 
長 さ だ け で は な く 歩 光 の 波 長 さ で す 
多 photon で す 
時 に 衝 突 尽 く し て い ま す 
こ れ は エ ネ ル ギ ー を 有 し て い る 
そ れ か ら 多 く の こ と な っ て ho. や 
特 に こ れ を hemozoin. 分 子 を 見 つ け ま し た 
こ れ は ク メ ー ジ で す 
今 こ こ で 私 た ち の 地 図 で き る の で す 
hemozoin 位 置 す る マ ラ リ ア 原 虫 が 
こ の 細 胞 の 中 で ク と い う こ と で す 
そ し て こ の 技 術 を 使 っ て 
そ し て そ の 他 の 光 学 技 術 で す 
私 た ち は 考 え を 分 析 す る こ と が で き ま し た 
私 た ち は 治 療 法 が あ り ま し た hemozoin を 定 義 す る の で す 
マ ラ リ ア に 
難 し い 歌 っ た の で す 
マ ラ リ ア 原 虫 を 取 り 出 し て そ れ は ム hoàn, 週 間 か ら 出 て 
最 近 thẩm tách, の よ う と 
し か し い エ ネ ル ギ ー を 記 減 す る こ と で す 
こ れ は こ こ で 何 万 人 の ス ー パ ー コ ン ピ ュ ー タ ー は 私 た ち の 
私 た ち の 家 の ソ フ ト ウ ェ ア に つ い て 
そ の 全 て の 問 題 の よ う に 
私 た ち は 解 決 す る ソ フ ト ウ ェ ア し た い の で す 
も し れ な い と い う こ と を し て い る マ ラ リ ア 州 か ら で す 
そ の 問 題 で す 
知 っ て い る の で は あ り ま せ ん で 最 も 有 益 的 な 技 術 を す る た め に 
私 た ち は 、 ほ ど に つ い て 聞 い た 画 眠 る 
消 費 が 少 し お 金 は 蚊 帳 は 作 れ ま す 
muỗi. ス す る と 
薬 物 を 発 見 で き る の で す 
こ れ は 介 入 の 方 法 で 異 な っ て い ま す 
し か し 私 の レ ベ ル を 作 り đọ 効 率 的 に 異 な っ て い ま す 
ど う 違 い で し ょ う か ？ 
ス ー パ ー コ ン ピ ュ ー タ を 使 っ て 私 た ち が 作 っ て し ま し た 
コ ン ピ ュ ー タ モ デ ル は 世 界 で 最 も 良 い マ ラ リ ア に 
皆 さ ん が 今 す ぐ に 見 え る で し ょ う 
私 た ち は Madagascar. 選 択 を 
私 た ち は 全 て の 道 路 が あ り ま す 
こ れ が 
イ ン チ 四 角 Madagascar. っ た こ と で す 
私 た ち は 全 て の デ ー タ が あ る エ ネ ル ギ ー に 
そ し て そ の 土 地 の 温 度 に 
こ れ は と て も 重 要 な の で す か ら の 湿 っ た 微 度 雨 量 で す 
状 況 を 知 っ て い ま す 
環 境 は 牢 獄 の 国 、 蚊 đọng 生 殖 に 
そ れ に こ の 病 気 の 状 況 を 知 っ て い ま す 
こ れ を 紹 介 さ せ て 一 年 前 蚊 を 
そ し て そ の モ デ ル を 
そ し て し ま し た 
特 に 何 か で す 
こ こ に は 、 マ ラ リ ア ン ス キ ャ ン し て 
Madagascar. 
こ こ が 冬 雨 の 後 で す 
次 の 夏 は 乾 燥 し た い の で す 
マ ラ リ ア に 乾 燥 に 溶 け る で し ょ う 
生 殖 の 場 所 に 蚊 取 り ま せ ん 
そ し て 次 の 年 に も ち ろ ん 、 蚊 障 障 し ま し た 
こ の モ デ ル を 
私 た ち を 殺 さ れ た マ ラ リ ア コ ン ト ロ ー ル や 
何 千 倍 も ソ フ ト ウ ェ ア を 
現 実 行 す る 前 に 
シ ミ ュ レ ー タ を す る と い う こ と が で き る バ ラ ン ス の 経 済 的 要 素 は 
ど れ く ら い 企 画 xịt? 薬 の エ ネ ル ギ ー と 
で も バ ラ ン ス の 社 会 的 な 要 素 は 
何 が 起 き た ら ど ん な 状 態 で し た が 
私 た ち の 研 究 し よ う と し ま し た ち の 敵 
こ れ は こ の 写 真 を カ メ ラ の 速 度 が 高 く 
muỗi. で す 
そ し て そ の 瞬 間 を 
私 た ち が 流 れ る で し ょ う が い ま せ ん 
私 た ち の よ う と し て い る 写 真 空 化 の 流 れ ま せ ん 
蚊 星 の 光 で す 
で も 私 た ち は 小 さ な 粒 子 は 光 を 当 て る laser. 線 で 
飛 行 機 は 、 蚊 を 理 解 す る こ と で す 
私 た ち は 希 望 を 理 解 す る で し ょ う 飛 行 機 で は あ り ま せ ん 
現 在 の 方 法 で す 
薬 chíng DDT. 使 用 す る こ と で す 
こ れ は 広 告 で す 
こ れ は こ こ で こ の 脚 色 の こ と が で き る の で は あ り ま せ ん 
日 前 に は こ れ は 基 本 的 な 技 術 で す 
そ し て 実 際 に は 多 く の 国 で は 翻 訳 し ま し た DDT. マ ラ リ ア で す 
ア メ リ カ で も 同 じ で す 
年 間 1 5 万 ド ル マ ラ リ ア の 歌 1935, が 毎 年 
ア メ リ カ で は 
し か し DDT 努 力 し て 大 き な コ ミ ュ ニ テ ィ の 健 康 で す 
翻 訳 型 に 成 功 し ま し た 
私 た ち は 考 え て ･ ･ ･ 
私 た ち に 集 中 し て い ま し た こ と で も マ ラ リ ア に 
原 虫 が い ま す 
私 た ち は 何 が で き る 蚊 で し ょ う か ？ 
電 気 を し て く だ さ い 、 蚊 を 新 し い 人 が 
馬 と 聞 い て 
し か し そ れ ぞ れ の 装 置 で す 
興 味 深 い 特 徴 が あ り ま す こ と が で き ま す 
初 Blue-ray 映 画 を 見 て 
青 い 価 格 を 下 げ て レ ー ザ ー が あ り ま す 
電 気 が あ る と い う レ プ リ ン タ ー の デ ザ イ ン を 
レ ー ザ ー を 使 っ て い る と て も 正 確 に 
そ れ を 使 っ て い る 点 で 印 刷 を 紙 で す 
そ し て も ち ろ ん も 信 号 処 理 カ メ ラ を 
そ し て デ ジ タ ル 技 術 で す 
そ こ で 使 わ な け れ ば 私 た ち は 全 て の 装 置 で す 
蚊 取 引 を す る た め の レ ー ザ ー で は な ぜ で し ょ う ？ 

