shard_size = 0 shard_count = 0
Seeding random numbers with system clock 
name: case value: true
Data::m_score_type BLEU
Data::Scorer type from Scorer: BLEU
Loading Data from: run1.scores.dat and run1.features.dat
loading feature data from run1.features.dat
loading score data from run1.scores.dat
Loading Data from: run2.scores.dat and run2.features.dat
loading feature data from run2.features.dat
loading score data from run2.scores.dat
Loading Data from: run3.scores.dat and run3.features.dat
loading feature data from run3.features.dat
loading score data from run3.scores.dat
Loading Data from: run4.scores.dat and run4.features.dat
loading feature data from run4.features.dat
loading score data from run4.scores.dat
Data loaded : [Wall 1.90389 CPU 1.904] seconds.
Creating a pool of 1 threads
Best point: -0.0525084 0.0129865 0.071736 0.129382 -0.0431145 0.14141 0.000657822 0.0640098 -0.285589 -0.00147312 0.00340131 0.0731594 0.0634925 0.0570802  => 0.106006
Stopping... : [Wall 129.69 CPU 129.592] seconds.
