shard_size = 0 shard_count = 0
Seeding random numbers with system clock 
name: case value: true
Data::m_score_type BLEU
Data::Scorer type from Scorer: BLEU
Loading Data from: run1.scores.dat and run1.features.dat
loading feature data from run1.features.dat
loading score data from run1.scores.dat
Loading Data from: run2.scores.dat and run2.features.dat
loading feature data from run2.features.dat
loading score data from run2.scores.dat
Loading Data from: run3.scores.dat and run3.features.dat
loading feature data from run3.features.dat
loading score data from run3.scores.dat
Loading Data from: run4.scores.dat and run4.features.dat
loading feature data from run4.features.dat
loading score data from run4.scores.dat
Loading Data from: run5.scores.dat and run5.features.dat
loading feature data from run5.features.dat
loading score data from run5.scores.dat
Data loaded : [Wall 2.41174 CPU 2.412] seconds.
Creating a pool of 1 threads
Best point: 0.0598259 -0.0694587 0.0813204 0.0176667 0.044797 0.000690065 0.0358932 0.0977169 -0.34783 0.0565198 0.00967048 0.044198 0.0778095 0.0566032  => 0.1068
Stopping... : [Wall 187.929 CPU 187.764] seconds.
