そ れ で 彼 ら は 農 家 は 守 れ ま す 牛 乳 を 買 い 赤 ち ゃ ん に 小 麦 粉 
Whole Food で 食 料 品 店 の 発 展 さ せ る の か 
こ の 場 所 全 て が 収 集 員 お 金 を International Amnesty 債 務 し て い る よ う な る の で す 

私 た ち の 話 で は あ り ま せ ん で し ょ う 彼 ら の よ う に し た 
私 の 髪 の 毛 が 自 分 に 戻 し ま し ょ う 
し か し ま し た 髪 の 毛 色 の と は 言 い ま せ ん 青 い 

こ の 映 画 の 名 前 は “ 平 和 の 世 界 の 「 4 効 司 令 官 
彼 は 映 画 に 提 tôi--nó 素 晴 ら し い 主 題 で す 
彼 は 映 画 に 出 し ま し た 
そ し て お 話 し ま し た &amp;quot;ồ,có さ れ る で し ょ う 映 画 の 地 元 の メ デ ィ ア を 
そ し て い る こ と が で き る の は い わ の 友 人 で 
し か し 実 際 に 映 画 の 立 場 が あ り ま し た 
今 は ま だ 映 画 nợ,nhưng 状 態 に し ま し た ク リ ス を 通 し て こ れ を 制 御 し て い る と 彼 の 生 徒 の 思 い ま す 
外 映 画 を 
そ こ で 私 た ち は 映 画 を 作 り ま し た 
そ し て そ れ は 私 の 物 語 を よ り 多 く 
で 、 教 師 の 話 を 
そ こ で 話 し い 教 育 に つ い て 教 師 た ち が 
そ れ は 美 し い こ と で す 
そ し て も 奇 妙 な こ と を し た 映 画 の 
私 は 奇 妙 に 感 じ な の で す が 
私 は そ れ で は あ り ま せ ん 
私 が 見 た 
私 の 教 師 で し た こ と に 
先 生 が 私 の 科 学 を 教 え て い ま し た の học.thầy Rucell 中 学 校 で 
（ 笑 ） 、 米 の 下 に 長 い こ と に 
そ こ で 私 は 笑 顔 で dùng--đó 彼 の 笑 顔 で す 
輝 く 目 に 出 会 い ま し た Jan Polo. の 
光 で は あ り ま せ ん そ れ ら の 怒 り を 
そ れ で 目 を 示 唆 に 恋 愛 愛 す る に は 彼 女 の 学 生 が 
そ し て 光 を 見 た 時 に は 目 を し て い ま す 
そ し て 私 は J Ethel .Banks© 彼 女 が 
忙 人 シ ャ ツ の 仕 事 を 歩 き ま し た 男 の 子 ngọc ヒ 靴 毎 日 小 学 校 に 行 く と 
そ し て 彼 女 は 、 い つ も の を 見 て 古 い 教 師 
知 っ て い ま す が 
（ 笑 ） 
そ し て 私 は 言 い ま せ ん で い ま し た 後 ろ に あ る 人 も い ま す 
目 が な ぜ な ら な か っ た 後 で 
（ 笑 ） 
こ れ は 彼 女 は 知 っ て い ま す か ？ 
私 は そ れ を 使 っ て い ま せ ん で し た り 
し か し 私 が し ま し た の で す 
そ し て 彼 女 は 人 で す よ う な Banks ザ ー に 問 題 と 私 に と っ て 
そ し て 見 ま し た 
親 tôi,những 先 生 の 最 初 の 
私 の 父 親 の 創 造 的 で 人 が 大 き な ア イ デ ア が 家 
彼 は 人 で Malcolm 右 側 の 
母 は 言 い ま し た 
人 を 教 え て い る の で し た 
彼 女 は 学 校 の Virgina ぐ の で す 
こ の 人 々 が し た の で し ょ う 
そ し て 実 際 に こ の よ う な 感 じ ま し た 
映 画 を 見 ま し た 
私 は ス が こ の よ う な 女 性 の よ う な も の で す 
私 は 好 感 を 感 じ ま し た の で す が 彼 女 の 
私 の 行 動 の 一 部 な の は 彼 女 の 教 育 で は 
そ れ は 素 晴 ら し い こ と で す 
私 は 教 育 を 使 っ て 私 の 娘 Madeline 小 学 校 の 
そ し て 動 す る こ と が で き ま し た の で す 
続 け て し ま い ま し た 
で す 驚 い た と 感 じ ま し た 
デ ザ イ ン の 説 明 す る こ と が あ り ま す 
そ し て こ れ は 立 っ て い ま し た 時 の 肩 に 多 く の 人 が 
私 は こ れ だ け で は あ り ま せ ん 
多 く の 人 が こ の ス テ ー ジ の 
話 を し て World Peace ゲ ー ム に つ い て 
そ し て こ の よ う な 始 め ま し た 
そ れ で 絵 を 大 き さ を 貼 木 4x5 一 歩 一 歩 
学 校 の 車 内 1978 都 市 の 中 で 
私 の 教 訓 を 作 り 出 し ま し た の で す 生 Africa 
す べ て を 私 た ち は 世 界 の 問 題 で す 
そ し て い ま し た 解 決 す る た め で す 
講 演 し た い な い し ま し た も の 本 を 読 ん だ 
た と 思 い ま し た 小 を 埋 葬 さ れ ま し た 
そ し て 感 じ る 方 法 を 習 の 体 を 通 し て で す 
そ こ で 私 は た だ と 考 え て い ま し た 奏 の ゲ ー ム の よ う に 
私 は 何 を し ま し た đó--Tôi 関 係 性 に つ い て で は あ り ま せ ん 
私 た ち は こ れ は あ り ま せ ん 1978 年 に 
し か し を す る こ と が あ る で し ょ う 
そ し て こ れ は 私 た ち は ゲ ー ム を 作 り ま し た 
そ し て 発 展 さ れ ま し た 
foot 4x4x4 面 か ら 
構 造 plexi ガ ラ ス の 
Plexi 層 の 4 つ の が あ り ま す 
ク ラ ス の 外 を 包 み 気 は あ り ま せ ん 
そ し て ブ ラ ッ ク ホ ー ル の 衛 星 の 
そ し て 調 査 の 衛 星 の ど の 鉱 山 で す 
で は あ り ま せ ん の 階 層 そ し て 気 が 足 り ま せ ん 
と に し ま し た の で す 雲 を ソ cotton 箱 の 周 り を し ま し た 
空 気 の 空 約 を ク ラ ス の 本 気 で す 
そ し て 地 上 の 階 の 海 面 の パ タ ー ン の 何 千 と い う ゲ ー ム 
も の 海 水 の 階 の 下 に 
地 下 鉄 の 海 の 下 の 鉱 山 で す 
4 つ の 国 が 絵 の 周 り に 
子 供 た ち は 名 前 を 付 け る で し ょ う そ れ で こ の 国 の 豊 か な 国 が 貧 困 国 が あ り ま す 
資 産 が あ り ま し た 商 軍 事 業 の 異 な る 
そ れ ぞ れ 国 政 府 が あ り ま す 
政 府 首 相 が 長 脳 の 部 屋 の 大 臣 
で も 長 会 計 金 融 団 
首 相 を 選 ん で し た の 関 係 に 基 づ い た し た 
私 の 提 案 の 仕 事 に 戻 る こ と が で き 
そ の 内 の 選 択 を し た の で す 
世 界 銀 行 が フ ラ ン 人 の 合 U で す 
神 の 女 性 が 気 象 に つ い て 
人 気 象 は 異 な る と い う こ と で す 

そ こ Abhishek を 始 め ま し た 
こ っ て い る の を 助 け Parol 小 さ い 子 供 た ち 
す ば ら し て い ま す 私 は 彼 が 実 現 し ま し た 
彼 の 顔 tro. 灰 色 の よ う に 
彼 は 言 chết; 2 つ の が あ り ま し た 
そ し て 母 親 は 全 て の 子 供 が 生 ま れ て 
そ の 理 由 に 彼 の よ う に 
そ れ と 呼 ん で い い 気 取 り 出 し 
彼 は こ う い う こ と を 説 明 し て 深 刻 な の 血 流 れ ま す 
こ の シ ョ ッ ク し た 
す る と 言 っ て い ま し た こ と 全 体 で す 
そ の 血 液 が 病 気 の 分 析 さ れ て い ま せ ん 
ど ん な が 病 気 で 血 管 に し か し ジ ニ ア で 知 っ て い ま し た 
血 管 が す べ き で は あ り ま せ ん で 死 ぬ こ と で す 
そ れ は 病 気 を 治 療 す る か も し れ ま せ ん で し た 
こ の 新 生 folic, axit - - 
治 療 ク の が あ り ま す 安 価 で 人 々 が 支 払 い 条 件 が あ り ま す 
貧 血 症 を 抑 え る た め に 
そ こ で は な ぜ こ の 女 性 の mạng? 損 な っ て い ま し た 
人 は 予 防 で き る と 
こ の 場 を ５ 分 間 で 
中 央 が 医 療 中 心 に 
生 分 の 減 少 支 援 を 受 け さ れ て い る の で す 
こ の 本 質 な の は こ れ は 完 全 に sốc. っ て い ま し た 
そ し て 私 が 知 っ て い る な と こ の 二 つ の 方 法 が あ り ま す 
私 の 母 親 で す nhi, 科 医 の 母 親 に 尋 ね ま し た 
彼 女 は 普 通 に 欠 病 血 管 の 方 法 を 試 し て こ の よ う に す る こ と で す 
ウ の 血 液 サ ン プ ル で す 
そ し て そ れ を コ ン ピ ュ ー タ を Coulter. コ ン ピ ュ ー タ と 呼 ば れ 
こ れ は コ ン ピ ュ ー タ で 治 Mumbai. $10,000 だ け 価 値 が あ り ま す 
で も ど ん な 場 所 で も こ れ は ど う 予 測 し た 
そ し て ほ と ん ど ヨ ー ロ ッ パ で 世 界 中 の 都 市 が 
Parol. で あ る か も し れ ま せ ん 
さ ら し い 機 械 を 動 か す 女 性 は 、 工 員 
Parol. で あ り ま せ ん 

こ れ は 私 が Fibonacci 計 算 を 簡 単 で す 
私 は こ れ は ナ に ゲ ー ム も す Scrabble Boggle. の 場 合 
そ れ ぞ れ の 間 は 基 本 的 に 
文 字 が ラ ン ダ ム Siftable, 土 毎 に 
そ し て そ れ は 単 語 を 検 査 辞 書 の そ れ か ら 
そ し て 3 0 秒 四 角 が そ れ ぞ れ の 文 字 が 変 わ り 
そ し て も 新 し い 文 字 を 集 め る よ う と し て い る も の で す か ら 

私 が 好 き で 皆 さ ん 知 っ て い る よ う な 統 計 を 始 め ま し ょ う ペ ー ジ の 統 計 デ ー タ を 
こ こ で 私 は 考 え ま し た 最 も 重 要 な 事 実 を 覚 え て い る た め に 
イ ギ リ ス 政 治 の ア メ リ カ で す 
そ こ で 私 た ち は お 金 の 消 費 し ま し た 
私 た ち に 予 算 表 還 し て い る の で す 
こ れ は 私 の 債 務 業 時 間 の 
そ し て ご 覧 の よ う に し ま し た 債 務 3 2 兆 し に し て い ま す 
そ し て 私 は こ れ は と 思 い ま す 
と て も 簡 単 で す が 
現 在 、 こ の 問 題 に つ い て よ り 重 要 な の は 政 治 的 な 質 問 で す 
そ し て 私 た ち な ど と い う こ と が で き る こ と に な り ま せ ん で す よ り 良 い tiền? 増 加 し て い ま す 
多 く あ り ま せ ん で し ょ う か ら お 金 を 改 善 す る た め の 公 共 サ ー ビ ス で す 
政 府 を 向 上 さ な 改 善 や 他 の こ と は 
政 治 家 が あ る も の の 価 値 は 
け れ ば と 思 っ て い る 全 て に お 金 を 
す る で し ょ う 皆 さ ん の 数 を 測 定 で 成 功 さ れ て い る 公 共 サ ー ビ ス の 
医 療 サ ー ビ ス の 教 育 す る 安 全 保 障 秩 序 を 消 費 を も っ と 多 く の お 金 を 
ま だ 進 が 計 測 す る こ と が で き る 金 消 費 を 
そ の よ う な る で し ょ う か な 時 間 が nhọc. 切 で す 
し か し な け れ ば と 思 っ て い る も の に 関 す る 多 く の 繁 栄 に 幸 せ で す 
こ の よ う な コ ミ ュ ニ テ ィ の 友 人 や 家 族 が 人 生 の 価 値 が 
こ の 時 点 で は 実 際 に 政 治 の 興 味 深 い で す 
そ し て 議 論 す る こ と を し た い と 思 い ま す 今 日 の 夜 に 
単 純 な こ と で す 本 当 の 脚 で す 
組 み 合 わ せ れ ば と 考 え て い る 政 治 の 哲 学 そ し て 正 し い 
革 命 の 大 き な 情 報 を 起 こ し ま し た 
皆 さ ん が 知 っ て い ま し た よ り も ず っ と 多 く の に 
す る で し ょ う か と 思 い ま し た 大 き な 機 会 が あ る 政 治 を 再 生 す る の で す 
再 生 す ぐ に 再 政 府 が 公 共 サ ー ビ ス の 
そ の た め に こ の ペ ー ジ し て い る か の 増 加 の 大 き な 幸 福 を 
こ れ は 議 論 を し た い と 思 い ま す 今 日 の 夜 に 
哲 学 か ら 始 め ま し た 政 治 的 な 
し か し 私 が 言 っ た の で は あ り ま せ ん で す が イ ギ リ ス Thủ Bảo 党 全 て の 全 て の 答 え は 
も ち ろ ん 私 た ち で は あ り ま せ ん 
し か し 2 つ の こ と に な ぜ や っ て い る と 思 い ま し た 保 守 派 な 哲 学 に 
と て も と 思 い ま し た 議 論 に 適 し て い ま す 
私 た ち は 最 初 の 人 々 に も 信 じ て い ま す 
多 く の 支 配 す る 力 に よ り も 彼 ら の 生 活 に 
け れ ば 彼 ら に 多 く の 選 択 
彼 ら は さ ら に 運 転 し た り 
あ な た の を 作 る こ と で す よ り 良 い 社 会 よ り 強 力 で 
そ し て こ れ を 皆 さ ん の エ ネ ル ギ ー の 大 き な 廃 棄 物 情 報 を 
私 た ち が 今 日 世 界 が あ り ま す 
す る だ ろ う と 思 い ま し た が 言 っ た よ う に は 
政 治 再 政 府 が 再 生 す る サ ー ビ ス を 再 生 す る コ ミ ュ ニ テ ィ を 完 全 に 
私 た ち は ２ つ の こ と を 信 じ て い る と い う こ と を 信 じ て い ま し た の で す よ う に 自 然 の 本 質 は 人 間 の 
政 治 家 や 政 治 家 の 成 功 だ け で し ょ う 
彼 ら が 本 当 に 扱 っ て い ま す よ う と し て 自 分 自 身 の よ う な コ ミ ュ ニ テ ィ コ ミ ュ ニ テ ィ の 
で は あ り ま せ ん か の よ う に な る コ ミ ュ ニ テ ィ 彼 ら は 本 当 に な っ た の で す 
組 み 合 わ せ れ ば 保 守 派 の 考 え て い る こ と で こ の 単 純 な 
自 然 の 本 質 に 従 い ま し た 人 の - - 
ま る め 行 動 経 済 学 の 
私 た ち が く 聞 い り ま し た 
で は も う 一 度 だ と 思 っ て い る こ と が で き る よ り 幸 せ そ し て 幸 福 
社 会 を 得 る よ り 強 く 
で は あ り ま せ ん が 最 も お 金 の 多 く の に 必 要 は な く 
す な ぜ 私 は こ れ は と 思 っ て い る 時 間 で 議 論 を ま と め た の で し ょ う ？ 
私 は は âu 苛 ま で 積 さ れ ま し た 短 学 省 歴 史 に つ い て 
に つ い て 言 い ま し た 歴 史 に つ い て ３ つ の 話 で す 
時 代 に お 金 を 拒 否 liêu, な 時 代 に 
そ し て 今 liêu. 時 代 に は 
そ れ に つ い て 考 え る 単 純 な 
私 た ち は 経 験 し ま し た 地 元 の 政 府 の 時 代 に 
政 府 の 時 代 に ương 中 
し か し 今 私 た ち が い る 時 代 の 政 府 で す 
現 地 の 力 は ương, 中 の 力 で す 今 で は 人 権 威 で す 
そ し て こ の 王 様 Knut, King 何 千 年 前 に 
ア イ デ ア が ど れ を 変 え る こ と に し ま し た と し て い る の は 風 波 次 元 で は あ り ま せ ん 
実 際 に は し ま し た こ れ を 止 め な く 
な ぜ な ら 皆 さ ん の 王 様 で す 何 万 年 前 に 
全 て の 旅 を し ま し た 国 毎 週 名 が か り ま し た 
で は あ り ま せ ん で し ょ う 皆 さ ん の 権 力 の 多 く の を 
あ り ま せ ん 正 義 政 治 の 健 康 教 育 で 幸 せ で し た 
だ け で 戦 争 と い う こ と で す か ら で す 
こ れ は liêu, 時 代 に お 金 を 
全 て が 時 代 が 地 域 的 な 
皆 さ ん を 管 理 す る な ら な ぜ な ら 地 方 の 情 報 を 伝 え ら れ て い ま せ ん し ま し た い に さ れ て い ま し た 国 全 体 で す 
だ か ら で す が 制 限 さ れ て い て し ま す 
こ れ は liêu. 時 代 に お 金 を 
次 の 歴 史 学 朝 khan, 乾 燥 し た 
こ れ は 素 晴 ら し い 写 真 が 好 き な 産 業 革 命 に つ い て イ ギ リ ス 
突 然 あ ら ゆ る 交 通 手 段 連 絡 を と 情 報 dĩ, 能 に な り ま す 
そ し て 新 し い 時 代 で し た 時 代 の 一 liêu. な 時 代 と 呼 ば れ 
次 の デ ザ イ ン ペ ー ジ で す 希 望 し て い る わ く す る こ と で す 
突 然 者 が 発 見 の 大 き な 権 を 集 め る の で す 
こ れ は 組 織 &amp;#91;nhà nước&amp;#93; し ま し た 
医 療 法 律 や 政 治 や 教 育 
私 の よ う な nước&amp;#93;, &amp;#91;nhà そ し て い ま し た 権 威 で は あ り ま せ ん で し た 地 元 の 権 利 に な り ま し た 
権 力 を 惹 き 付 け ま し た の で す か ら 一 人 ひ 小 さ な 地 元 の 
こ の よ う に し た 権 中 &amp;#91;tập lực&amp;#93; で 自 然 な く 
大 き な 段 階 に 入 る と 皆 さ ん お 馴 染 み の 
革 命 巨 大 な 情 報 を 
実 に 見 て い な い の で す 
1 0 0 年 前 に こ の よ う な 文 字 1 0 5 0 ド ル か か っ た の で す 
こ れ は 今 こ こ で 繋 が り ま し た 私 た ち は ロ ス に 他 の 多 く の 場 所 で す 
そ し て い た 場 所 の 秘 密 の 小 さ な 部 分 だ け の お 金 の 価 値 は 
そ し て 私 た ち は 次 に 送 る こ と が で き る の は 巨 大 な 情 報 収 が 
費 用 が か か っ た の で は あ り ま せ ん が あ り ま せ ん 
私 た ち は こ の よ う な 生 き て い る と 気 &amp;#91;post-bureaucratic&amp;#93;, 拒 否 の 時 代 で す 
権 力 の 時 代 の 市 民 に 本 当 に 可 能 で す 
こ れ は 、 か な 意 味 が あ る 政 治 業 な ど 社 サ ー ビ ス に 
サ ー ビ ス に コ ミ ュ ニ テ ィ の 政 府 で し ょ う か ？ 
絶 縁 す 残 り の 時 間 と い う こ と が で き る の で は あ り ま せ ん が 特 定 の 例 は 多 く の 
し か し て い た こ と が で き る 人 生 が 変 わ り ま す 
そ し て こ こ か ら 明 ら か に な ぜ な ら そ の メ イ 
な ど を 考 え て み て く だ さ い 皆 さ ん た に 違 い ま し た 
私 た ち は 買 い 物 も 移 動 の ビ ジ ネ ス す る の で 
そ し て る こ と が 起 こ し ま し た 革 命 順 情 報 や イ ン タ ー ネ ッ ト 
実 際 に し て 広 が っ て い ま し た 社 会 を 通 し て 私 た ち の 道 路 を 
作 り ま せ ん で し か し そ れ は 政 府 に 影 響 さ れ て い ま す 
な ぜ で し ょ う か ？ 
思 い ま し た の ３ つ の 引 す 巨 大 な 変 化 に 
そ の 発 明 し ま し た 選 択 権 bạc, の 生 徒 の 責 任 感 
す る 人 は 私 た ち に し ま し た đựa だ 権 
け れ ば 知 る に つ い て 話 し ま し た bạch, こ こ に 例 が あ り ま す 
Missouri Accountability Portal 
日 前 政 府 が あ る だ け の 情 報 を 保 持 さ れ て い る と い う こ と で す 
そ し て 新 し い 動 む し ろ 数 人 の 人 が 試 す こ と が で き る の を 使 っ て そ の 情 報 を 
そ し て 調 査 で 
今 で は ウ ェ ブ サ イ ト の ア メ リ カ の 州 で は 
私 た ち は 分 析 を 見 つ け 出 す こ と が で き る テ ス ト 
こ れ ら の 消 費 者 の ド ル で す 
考 え て み て く だ さ い そ れ が ど の よ う に 変 え 
ど ん な ビ ジ ネ ス が 建 設 競 い 合 政 府 の 
見 る で し ょ う tiêu. 費 の 全 て 
全 て の 情 報 を 使 用 さ れ て い る こ と が で き る で 誰 か ら だ と 思 い ま す 
自 分 を 提 供 す る こ と が で き る サ ー ビ ス は 安 く も っ と 良 い 
そ し て 国 家 だ 私 た ち は 政 治 し 始 め ま し た 
探 知 機 の 表 面 の 問 題 と し て い る 人 を 見 て 何 か に 革 命 の 情 報 を 
世 界 貿 易 で す 
そ こ で 全 さ 創 る 大 き な 違 っ て い な の で す 
こ の 国 で あ れ ば cử, む し ろ 私 た ち は 
私 た ち の 消 費 す る の で し ょ う 25.000 流 れ て い ま す 
ネ ッ ト を 発 明 さ れ て い る こ と が で き る bạch, ど ん な が ら を 見 つ け ま し た 
私 た ち は 今 日 は 公 開 さ れ て い る 私 た ち は 共 同 し て い る の で す 
人 々 を ネ ッ ト が で き る の で す 
そ し て の 条 件 khỏan で す 
価 値 を 原 を 大 き な お 金 を 
し か し そ う す る と 信 じ て い ま し た も の 増 加 の 大 き な 教 と 
選 択 肢 は あ り ま し た イ ン タ ー ネ ッ ト を 買 っ て い ま し た 価 値 と 比 較 を イ ン タ ー ネ ッ ト ネ ッ ト ワ ー ク を 全 て の 
し か し こ こ の 革 命 が ま だ 新 し い 表 面 に 迫 っ て い れ て い ま す 
サ ー ビ ス の よ う に 私 は 医 療 と 教 育 の 安 全 保 障 秩 序 が 
そ し て い る の を 見 る こ と も tòan. さ を 変 え 
私 た ち は こ の 変 化 を 実 際 に 
革 命 と 一 緒 に 水 の 情 報 を 
医 療 ウ ェ ブ サ イ ト の 検 索 を 見 る こ と が で き る の か を 歌 最 も 多 く の 成 功 し た 
医 師 が 個 人 的 に 記 録 が ど の よ う に 病 院 の 清 潔 な 
誰 も が 最 も 感 染 sóat 
全 て の 情 報 の ベ ン さ れ て い ま し た 医 療 科 学 で は 
提 供 さ れ る で し ょ う 私 た ち 全 員 に 
そ し て ３ つ 目 は 大 き な 変 化 は 責 任 
思 い ま し た こ れ は 非 常 に 大 き な 変 化 を 
こ れ は 犯 罪 者 の 地 図 シ カ ゴ の 犯 罪 地 し た 
だ か ら で す か ら で す が 警 さ の 警 察 が 新 し い 情 報 が 得 ら れ ま し た 
犯 罪 の ど こ で 起 こ し ま し た 
そ し て 人 を 雇 っ て い る の は 私 た ち は 政 府 の 
警 察 を 始 め よ う と し て い る 責 任 感 を 
突 然 私 達 は 彼 に 戻 る 機 会 が あ る 大 き な 人 権 力 関 係 や 
そ し て い る の で す こ と が で き る で し ょ う 人 が 犯 さ れ る こ と が 起 き る と し ま し た 
ど こ か ら で す か ら 
そ し て 私 た ち は ま る で し ょ う が 安 業 責 任 を 
そ し て ご 覧 の よ う に こ の 料 理 人 乗 の よ う に 見 え る の で す 
し か し 実 際 に サ ー ビ ス で す し 緑 色 の 人 が 
見 る こ と が で き ま し た 犯 罪 で 起 き ま し た 
そ し て 可 能 性 が あ り ま し た 安 全 保 障 警 察 力 の 責 任 を 認 識 で き ま す 
そ こ で こ の 3 つ の 方 を 選 択 肢 bạc, 責 任 を 負 っ て い ま し た 
与 え る で し ょ う 大 き な 変 化 を 
私 は ま た こ と に し ま し た 
私 た ち は だ と 思 い ま す こ と を 注 意 を 理 解 す る こ と や 
こ れ は ど う や っ て 感 じ な け れ ば そ の 自 然 の 本 質 に 人 間 の 
成 功 で き る で し ょ う か ？ 
私 た ち が し て い る 革 命 の 大 き な 
な ぜ 人 間 は 理 解 し よ う に 行 動 や 行 動 で す 
そ し て 大 き な 機 会 を 与 え る と い う こ と を 理 解 す る と 一 緒 に 情 報 を エ ネ ル ギ ー 使 用 に も 
私 た ち と 働 い て い る で し た 人 の 
私 た ち は 問 題 を 抱 え て い れ て い る 人 た ち が こ こ か ら で す 
問 題 の 調 査 結 果 を 
皆 さ ん の た め に シ ン プ ル な 例 で す 私 は と て も い ま す 
私 た ち が 人 々 よ り も 効 果 の エ ネ ル ギ ー を 使 っ て 
な ぜ で し ょ う か ？ こ れ ま す か ら 貧 困 を 減 燃 料 túng 単 化 し ま し た 
処 気 エ ネ ル ギ ー で す 
な ぜ な の で し ょ う か ？ 
私 た ち の キ ャ ン ペ ー ン が あ り ま し た 年 前 の こ と で す 
説 得 よ う と し て い る 人 が そ れ ぞ れ の 電 気 を 消 し 家 か ら 離 れ 
さ ら に 大 臣 が あ り ま し た 政 府 が 言 っ て い ま す 
歯 を だ 暗 闇 の 中 で 
戦 っ て い る と 思 い ま せ ん で し た 訳 で 長 く 存 在 し て い ま す 
こ れ は 詳 細 で 行 動 経 済 の 中 の 小 さ な 
最 良 の 方 法 は 誰 か を 単 化 を 削 減 で 彼 ら の 電 気 の お 金 を 
で す 電 気 エ ネ ル ギ ー を 見 せ て xài, し て い ま す 
彼 ら に 自 分 の 隣 人 を ど れ ほ ど 続 
そ し て 彼 ら が 近 隣 の 人 々 と 続 い て ま す 
行 動 経 済 の よ う に こ の よ う に 
で き る 人 の 行 動 を 変 え る 人 
傾 向 が あ る と 脅 か す る こ と が あ り ま せ ん 
こ の 国 家 の rầy quấy で き る こ と で す 
例 え ば も 再 利 用 で す 
私 た ち が 知 っ て い る の で す よ り 多 く の 再 生 で は な い の で す 
な ぜ で し ょ う か ？ そ の た め に 
ア メ リ カ か ら の 証 拠 を 見 れ ば 実 際 に お 金 を 再 利 用 さ れ た 人 が 
手 段 を 使 っ て い な け れ ば 変 ngọt&amp;apos; &amp;apos;dỗ ・ 用 で き る か ら で す 
皆 さ ん の こ と が で き る で し ょ う 行 動 を 変 え た の で す 
そ の 全 て を 見 る こ と で し ょ う か ？ 
こ の 2 つ の 言 葉 は 私 の 好 き な ア メ リ カ の 5 0 年 前 の 
も ち ろ ん 言 ケ ネ デ ィ ジ ョ ン が 非 常 に 単 純 な 
し か し mẽ: 強 く 構 造 が あ り ま す 
「 国 の 質 問 を す る こ と が で き ま し ょ う 、 わ た し の 質 問 を し て い る こ と が で き る nước,&amp;quot; 地 に 費 や し 
で は 非 常 に 素 晴 ら し い と 考 え 
し か し 彼 は 言 い ま し た 彼 の 上 に 何 が で き る 
社 会 xựng す る の で す よ り も 強 力 で す か ？ 
皆 さ ん は 戦 す る こ と が で き ま し た 水 に は 犠 牲 を す る こ と が で き ま し た quốc, 織 か ら で す 
皆 さ ん を す る こ と が で き ま し た サ ー ビ ス の 国 の 人 が 
し か し 皆 さ ん の エ ネ ル ギ ー が あ り ま せ ん で し た 知 識 そ し て 情 報 を 
そ し て 可 能 性 は 社 会 を 建 設 し ま す よ り 強 く し て い る の で す 私 た ち は 今 日 で す 
そ し て 私 は 言 っ て い る と 思 い 素 晴 ら し い も よ り も 
私 が 大 き な 層 を 読 ん で し ょ う 皆 さ ん に 
そ れ に 結 合 の 最 初 の 時 に 話 し ま し た 
に つ い て 考 え を 信 じ て い る 人 生 は お 金 だ け で は あ り ま せ ん 
そ し て 私 た ち は 人 生 の 測 に よ り も お 金 安 を 読 ん で す 
そ こ で 表 現 し ま し た の で す 映 画 や 文 学 の ロ バ ー ト ・ ケ ネ デ ィ 
に つ い て 合 理 由 は し ま し た 国 製 品 を 意 味 な の で す 
健 康 に も こ れ は 子 ど も た ち の 
教 育 の 質 な も の の 喜 び で す 
で は あ り ま せ ん で す 美 し さ に 強 力 な 詩 結 婚 し た の で す 
ジ ョ ン の 知 的 な 議 論 し 
で は あ り ま せ ん 相 互 ユ ー モ ア 測 保 っ て 私 た ち の 
で は あ り ま せ ん で は あ り ま せ ん を 測 定 や 理 解 の 相 互 な 心 は 
で は あ り ま せ ん 慈 悲 を 測 る 相 互 の 心 に quốc. 組 織 に と っ て 
全 て を 測 定 で す 
外 の 生 活 を し て い る の は も う 意 味 が あ り ま す 
も う 一 度 が さ れ て い る 偉 大 な 4 0 年 前 に 
そ し て も 高 い 夢 で 4 0 年 前 に 
し か し 今 日 の 大 き な 進 歩 に 情 報 技 術 の 
変 化 の 巨 大 な 行 動 経 済 の 中 で 
全 て の こ と に つ い て 知 っ て 私 た ち は 幸 せ を 
も し 私 た ち の 一 深 い ビ ジ ョ ン で す 
権 力 を 与 え る と い う こ と に つ い て の 人 々 に 情 報 を 使 っ て そ の た め に 
を 使 っ て 深 く 見 る と い う こ と に つ い て 自 然 の 本 質 に 人 間 の 
同 時 に そ れ を 理 解 し な ぜ 人 間 は 行 動 す る よ う に テ レ ビ に 行 っ て い る の で す 
そ こ で の 夢 を 実 現 で き る の で す 
で も 今 は 簡 単 に さ れ て い る 時 代 に 比 べ て の 種 類 の 美 し い 言 葉 で は 4 0 年 前 に 
あ り が と う ご ざ 

そ の 瞬 間 が 好 き で し た 氷 の 
な ぜ な ら 以 前 に 、 一 般 的 な 体 験 に な り ま す 
そ こ で 少 し す ぎ て 恐 ろ し い か も し れ ま せ ん 
少 な く と も 理 解 し て こ れ は 難 し い 彼 女 に と っ て 
そ し て し ま し た が 共 通 の 経 験 に な り ま す 
そ し て 面 白 い こ れ は す で も 彼 女 は 笑 っ て い ま し た 
今 は そ の 旅 を し て い ま す 
駅 ３ ６ オ で す 

そ の 職 業 の Robin Hood し て い る の で す 
女 と な っ て の 役 割 を 果 た し の ボ ラ ン テ ィ ア 消 防 士 
私 を 見 ま し た 組 織 に 行 動 の 良 い こ と で す 
結 核 に つ い て 大 き さ を 把 握 す る 為 に 
ま た こ と を 証 明 さ れ て 行 動 の 単 純 な 個 人 的 に な り ま し た 
し か し 彼 は と て も 高 dũng. に な り ま す 
そ し て 学 び ま し た が 知 っ て い る の で し ょ う か ？ 
全 て 重 要 で す 
そ こ で 私 は こ の 部 屋 の 周 り を 見 て い ま し た 
見 る 人 に し ま し た の で す 
や っ て い る の に す る の で す 
心 の 成 功 す る の で す 
私 は メ を し て い ま す 
待 ち な の で す 
待 っ て な い と い う こ と を す る と き に 最 初 の 百 万 ド ル で す 
違 い を 作 る 誰 か の 人 生 の 中 で 
さ ら に 何 も な く 
す ぐ に し て く だ さ い 
食 べ 物 を 空 け た キ ッ チ ン の 地 公 園 や 
人 に 向 か っ て い ま す 
で は あ り ま せ ん か 日 す る 機 会 が あ り ま す 
そ の 人 の 命 を 
し か し そ れ を 毎 日 の 機 会 を 他 の 人 生 を 良 く し て い る と 
そ し て の 学 生 に 参 加 し て 自 由 に な り ま す 
あ り が と う ご ざ い ま す 

し か し 、 彼 は 何 を 書 き ま し た 
時 間 を 作 ろ う と し て い る で ピ ラ ミ ッ ド 」 と 呼 ん で い る か 
「 い 点 が 線 lưng.&amp;quot; フ 線 は ― 
2 ắt な い と 思 い ま す 部 Số nhe 歯 （ 笑 ） 
私 た ち が そ れ に は 掲 げ て 
な ぜ だ 勝 trượt. Số 部 し ま し た 
声 明 が こ の よ う な も の 古 い mãi: 暮 ら し て い ま す 
こ こ で 勝 敗 で そ れ ぞ れ の 中 に あ る の で す 車 し て い る の は 光 cúp 商 品 を 
で は あ り ま せ ん 勝 ち を 翌 日 の 試 合 が 
そ し て 皆 さ ん の 深 淵 で の 私 に と っ て い る 機 会 が 存 在 を 勝 ち miện. 中 に 
し か し く や る こ と で す 
簡 単 で は あ り ま せ ん し ま し た の で さ え ー を テ ス ト で す 
何 を す る こ と が で き ま せ ん 勝 利 を 
テ ス ト が 子 軍 す る こ と が で き る で し ょ う か 
テ ス ト に や っ て も 人 生 を 
っ て は 止 ま り ま せ ん で す 
す る 必 要 な も の を 夢 見 う cúp. 車 を 前 に は 目 標 が あ り ま す 
希 望 を 夢 が 亡 く な り ま し た 
希 望 に 祈 り を 出 し ま し た ん で す 
自 負 け し か し 恐 れ ま せ ん 
角 肝 臓 十 分 に し ま し た ら す ぐ 自 身 の こ と が で き る 人 な ど 必 要 は あ る 男 性 で す 
彼 は 必 要 で す よ と 貢 献 と 自 分 の 可 能 性 が 
と 貢 献 と も 私 に と っ て 全 て の 栄 光 、 他 の せ い で す 
運 命 が 間 違 っ た 時 に 回 転 す 予 測 で き ま す 
そ し て 私 は 自 分 を 作 り ま し た 人 は 私 た ち の 運 命 は 
私 た ち の よ う な 開 店 を 閉 じ ま し た も の も の 前 に 道 lưng.&amp;quot; 後 道 
彼 の 詩 で す 私 の 父 親 と ３ つ の こ と は 私 た ち を 教 え よ う と し て い ま し た 
歌 は あ り ま せ ん thán. nguỵ biện. 石 炭 な ど も た ら 手 伝 っ 
そ の ベ ー な も の は 何 を し て も 
そ れ を し て く だ さ い 自 分 の 可 能 性 が 
誰 も そ ん な こ と が で き る の で す よ り も 
私 は 自 分 の ゲ ー ム を 教 え よ う と し て い ま し た こ と で す - - 
私 の 手 に し ま し た の で し ょ う か 子 供 た ち に 聞 こ え ら れ ま せ ん 勝 話 に 私 は 言 い ま し た 
自 分 の 話 の 絶 Quan 勝 利 し ま し た の で す 
よ り 高 い と い う 点 で の 戦 い は と が で き ま す 
そ の 場 所 に 負 け る 勝 利 と が で き ま す 
で は 回 が 異 な る 、 
そ う 感 じ ま し た 
私 が 子 ど も た だ け 高 ngẩng 初 め て 
ゴ ル フ の 後 に 
こ う 言 う こ と は し ま し た 私 は ゴ ル フ が 終 わ り ま し た 
ゲ ー ム で は あ り ま せ ん 人 は ゴ ル フ の 結 果 を 知 っ て い ま す 
で は あ り ま せ ん 彼 ら は 期 待 し て い た だ ゲ ー ム の 行 動 に 基 づ い て 
高 い ゲ ー ム の 結 果 を 予 測 す る 点 と 点 と 比 べ て 負 け 
こ れ が 実 際 は 彼 ら の 努 力 頻 繁 に 
自 分 の 能 力 を 作 っ た 
結 果 が 合 理 的 で し ょ う 政 策 な レ ベ ル で す 
で も あ り ま せ ん で し た 結 果 を 期 待 し て い ま す 
し か し 政 策 な 結 果 で す 
新 し い た だ け で は あ り ま し た が 知 っ て い る の か を 
そ し て こ れ は 私 の 学 生 で 最 も 望 ん で い る の で す 
時 間 た ち の 多 く の に つ い て 学 ん で 
よ り 良 い 結 果 が あ り ま す 
1 0 億 し か し 私 は ゴ ル フ の 
女 の 作 品 で す だ け 多 く の で す 
で は あ り ま せ ん が 主 要 な 結 果 で す 
信 じ て い ま す 
哲 学 者 と し ま し た の で は あ り ま せ ん で い ま す 
Cervantes. Cervantes は 言 い ま し た 
プ &amp;quot;hành đến.&amp;quot; 点 よ り も 
私 は 答 え が 好 き だ と 思 っ て い る の で す 
時 に そ う 感 じ た 点 に さ れ て い る こ と が で き る こ と を 失 望 さ せ 
そ し て 旅 し か し そ れ は 新 し い 楽 し み の 源 で す 
役 割 を 果 た し の ボ ー ル の コ ー チ で す な ぜ 上 集 会 は 私 の 好 UCLA, 旅 で す 
そ し て 到 着 で ゴ ル フ cục. な の で す 
1 週 間 の 訓 練 会 に 購 場 が 好 き で す 
ボ ー ル 選 手 を 見 に 座 っ て 遊 上 
そ し て 成 し ま し た と し て い る 責 任 は あ り ま せ ん 
も う 一 度 重 要 な の で 満 足 感 を 自 分 を 
な ぜ な ら 彼 ら は 知 っ て い る 努 力 し ま し た 
自 分 の 能 力 の ゲ ー ム を 
と い う 人 も い ま し た 質 問 を し て 選 手 す る こ と で す 
ボ ー ル チ ー ム か ら で し た 
私 は さ れ た 答 え ま せ ん 
彼 ら に つ い て 考 え る 人 の よ う な る の で す 
人 の 質 問 で す 
で き る よ う に な っ て &amp;quot;Giả を 完 璧 な 選 手 
彼 が 欲 し い で し ょ う か ？ 」 
そ し て 私 は 「 と 知 っ て い る の で す 「 な ぜ UCLA: 
Cậu を 学 ぶ 上 の 学 生 で す 
な ぜ 知 ら な い な ら 最 初 の 学 校 で 自 分 の 
し か し ま し た い ボ ー ル の 人 が た い の で す 
知 っ て い る 人 が あ り ま し た い こ と に 気 づ き 
部 屋 の た め の ツ ー ル で 手 を 勝 ち そ し て 、 彼 は 誇 れ る で し ょ う ど 手 室 に 集 ま っ て 
し か し 私 は 人 で 攻 撃 す る で し ょ う 
彼 は た い と 思 い ま し た 利 己 的 な 人 で す 
最 初 の ラ ボ ー ル が あ る の で し ょ う か で は あ り ま せ ん 自 分 の 記 録 し ま し た 時 
私 は 人 布 す る こ と が で き ま す バ ラ に な り ま す 

簡 単 に で す 
こ れ は cảng? や 世 界 と い う こ と で す 
お 見 せ し ま う こ と も 幾 つ か 消 え ま し た 
私 は 数 を お 見 せ đáo. 毒 な の で す 
こ れ は 難 し い か も し か し 大 き な 
見 え ま す か ？ 
đài: ？ な ん て 
ボ ー ル と 見 を し ま し た 通 り で し ょ う か ？ 
1 5 秒 間 で 平 均 時 間 半 で す 
人 々 の 実 験 の 
好 き で し ょ う 私 は こ こ に 終 わ り ま し た 
で も で す か ら で す そ し て 明 ら か に 重 要 な の で す 。 
人 々 が ど れ だ け ま せ ん で し ょ う か ？ 
ど の く ら い の コ ン ピ ュ ー タ の 翼 走 Boeing で し ょ う か ？ 

は る か を 見 て み て く だ さ い 開 放 的 な 予 測 を 自 由 立 す る で し ょ う か 
そ し て 開 放 的 な 予 測 TEDster, に な り ま し ょ う 
そ し て る こ と が で き る 多 く の 予 測 TEDsters リ ベ ラ ル 派 で し ょ う か ？ 
理 解 し て 見 て み ま し ょ う 
し か い 手 を 挙 げ 、 リ ベ ラ ル 派 で す - - 
基 本 的 に は 社 会 問 題 の 議 論 し て い ま す 
保 守 派 な よ う な る で し ょ う そ し て 私 は ３ つ 目 は 選 択 肢 で す 
な ぜ な ら 私 は 大 き な エ ネ ル ギ ー が 知 っ て い る 人 の 個 人 的 に 自 由 さ で す 
- - い 手 を 挙 げ て み ま し ょ う 
で も 音 メ デ ィ ア の 部 屋 の 下 に 
さ て こ の 人 が 誰 な の で す が 
し な け れ ば い 手 を 挙 げ て み て く だ さ い リ ベ ラ ル 派 か み で す 
手 を 掲 げ て く だ さ い い ま す 
い 手 を 挙 げ て み て く だ さ い で し ょ う け れ ば 自 分 の 個 人 的 リ ベ ラ ル 派 
1 2 ま で 、 
そ し て は い 手 を 挙 げ た い と 思 っ て い れ ば よ い で す 
1 、 2 、 3 、 4 次 元 も 8 0 年 1 0 で す 
少 し 良 い こ こ に は 問 題 が あ り ま す 
な ぜ な ら な け れ ば 私 た ち の 目 的 世 界 を 理 解 す る こ と で す 
探 索 す る よ り 深 く 理 解 し て 世 界 に つ い て 
多 様 性 の 欠 如 が 倫 理 的 な の で す る こ と が 難 し く 
な ぜ な ら 人 々 は 共 通 道 徳 の 価 値 を 
彼 ら に 彼 ら が đội, す る こ と に 慣 れ đội, 共 通 の 心 理 学 の 
そ れ を 固 を 考 え る こ と で す 
リ ベ ラ ル 派 が が 2 0 0 4 年 の よ う な 失 敗 し た 
2 0 0 0 年 に も う 少 し 仲 間 と し て 私 た ち は 自 分 の ủi 安 

こ の 日 は 何 で し ょ う ？ 
自 分 で し ょ う か ？ 6 日 目 に し て 
多 く の し か し ま し た Tosh.0 雑 誌 の 記 事 や オ ン ラ イ ン に つ い て 書 き 始 め ま す 
マ イ ケ ル J. Nelson か ら 神 秘 科 学 者 を 輩 出 し て い ま す 
で す 最 初 の 人 々 の 物 語 を こ の ビ デ オ の ジ に T w i t t e r 社 会 的 ネ ッ ト ワ ー ク 
し か し こ れ は 重 要 な こ と も 個 人 の グ ル ー プ ブ を 作 り 出 し ま す 
点 が あ り ま す 
多 く の 共 有 し て い ま し た 観 客 を も っ と 早 く 押 し 普 遍 的 な プ ロ セ ス の 
そ し て そ の 後 こ の コ ミ ュ ニ テ ィ で 作 ら れ て い ま す 
人 か ら こ の 笑 い 物 語 を 知 ら れ て い ま す 
そ し て 彼 ら は 話 し 始 め ま し た こ と を し て い ま す 
結 果 が 今 の バ ー ジ ョ ン を 1 万 よ り も Y o u T u b e 「 金 曜 日 」 が あ り ま す 
で も 最 初 の 日 7 
そ れ ぞ れ の モ ッ キ ン バ ー ド の ビ デ オ が あ り ま し た 日 に 撮 り 直 さ れ て い ま す 

こ れ は し ま し た 4 年 前 に 
関 係 に つ い て 話 そ し て 幸 福 デ ザ イ ン の 間 に 
そ し て 最 後 は 話 を し ま し た 話 を 以 下 の リ ス ト で す 』 で す 
そ れ か ら 私 は 今 ま で ほ と ん ど の よ う な こ と を 学 で は あ り ま せ ん で し た 

私 た ち は い ま す 
私 の 会 社 の 発 明 し た 
新 し い 技 術 を 
多 く の 分 野 に 異 な っ て い ま す 
そ し て 私 た ち は 2 つ の 理 由 は 発 明 し た 
楽 し み を 発 明 で は 
実 際 発 明 し て 仕 事 で す 
そ し て 私 た ち は 自 分 を 利 益 を 上 げ ま し た 
2 つ の で す か ら で す お 互 い に 夢 中 に 
長 い 間 待 ち 我 々 が 新 し い 
も し ま せ ん で し ょ う か は 楽 し い 時 間 を あ り ま せ ん で す 
だ か ら 
私 た ち の 主 要 な 
決 し よ う な 発 明 を し て い ま し た 
し か し も 私 た ち は プ ロ グ ラ ム 文 的 な 発 明 で す 
私 た ち は こ の 活 動 に よ る 発 明 者 た ち は 自 分 の 最 も 優 秀 で し た 
「 私 た ち は み な ア イ デ ア が あ り ま す 
問 題 を 解 決 す る 世 界 が ず っ と し て い る の で し ょ う か ？ 
そ れ を 解 決 し よ う と し ま し た よ う と い う 問 題 を 解 決 
解 決 策 を っ 只 中 
強 烈 な 創 造 し て い ま す 
ビ ル ゲ イ ツ で 一 番 賢 い 人 の 
問 題 に つ い て 考 え ま し た 
資 金 し ま し た の で し た い と 思 い や こ こ に あ り が と う ご ざ メ ビ 傷 を 負 っ て 
短 く 議 論 し ま し ょ う 
数 問 題 を 抱 え て い ま し た 
問 題 な の で す 
私 た ち は 解 決 法 を 見 出 し ま し た 
予 防 接 種 で す 
主 要 な 解 決 策 の 健 康 の コ ミ ュ ニ テ ィ 
戦 略 の 非 常 に 有 用 方 法 を 見 つ け な の で す 
し か し 多 く の 発 展 途 上 世 界 の ワ ク チ ン 
乱 さ れ る 前 に phối. 分 さ れ て い ま す 
そ の ワ ク チ ン 寒 い 保 存 し て 必 要 が あ り ま す 
ほ と ん ど 全 て の ワ ク チ ン を 守 る 必 要 が あ る 寒 い 案 温 度 の 
で も 脅 す ぐ に 守 ら れ て い ま せ ん 主 性 を 認 め ま す 
そ し て 電 気 が な け れ ば 安 定 ネ 狩 ワ ク チ ン 
死 亡 し て 子 供 た ち が し ま し た 
損 失 で は あ り ま せ ん ワ ク チ ン エ ネ ル ギ ー に つ い て 
子 ど も た ち が そ れ は 予 防 接 種 さ れ て い ま せ ん 
こ の 方 法 で す 
xin. つ 運 び ま す 
こ れ は サ 案 さ れ た 泡 が 発 生 styro 人 力 を 運 び ま す 
ま た さ れ て い な ぁ 尾 に 
私 た ち は 解 決 策 が 異 な っ て い ま す 
案 の 岩 詰 泡 が 発 生 styro 詰 ま で で き ま す 
約 4 時 間 は 続 く 
こ の よ う な も の だ と 思 い ま す そ し て 私 た ち は 良 く で は あ り ま せ ん 
こ れ を し ま し た り 
6 ヶ 月 の 長 さ を 引 っ 張 っ て 電 気 が 必 要 な の で は あ り ま せ ん で す 
電 気 # っ て い ま す 
な ぜ な ら こ れ か ら 
Watt. の 半 分 以 上 の 
こ の 世 代 の パ タ ー ン で 私 た ち の 二 つ 目 は 
３ つ の 世 代 の パ タ ー ン 原 今 す ぐ に は 
体 験 し ま し た 実 験 を 試 さ れ て い ま す 
私 た ち は こ れ ら の 考 え て い る の で す 
２ つ の 主 な ア イ デ ア で す 
コ ン ピ ュ ー タ と 同 じ で す 1 cryo Dewar, 冷 や 
あ る nitrogen 液 ヘ リ ウ ム 込 ん で い ま す 
熱 を 可 能 性 が 素 晴 ら し い 
私 た ち は 熱 を 素 材 を し て く だ さ い ま す 
ア イ デ ア に 興 味 深 い も あ り ま す 
で は あ り ま せ ん で も ダ の 目 に は 
な ぜ な ら thò 内 部 を 開 け て 
で し ょ う 逃 げ る 熱 を 終 わ り ゲ ー ム で す 
こ の 装 置 の 売 り コ ン ピ ュ ー タ と 同 じ に 見 え る も の で す 
そ れ を 売 り 小 さ な 個 人 的 ワ ク チ ン の ー 
単 純 な ア イ デ ア で す 
私 た ち で し ょ う 希 望 の 方 法 を 変 え る ワ ク チ ン の 分 布 を 
ア フ リ カ で 世 界 中 で す 
私 た ち は マ ラ リ ア ン に な る で し ょ う 
マ ラ リ ア で 挑 戦 の 最 初 の 痛 み の コ ミ ュ ニ テ ィ の 健 康 で す 
少 し 話 し し ま し た Duflo Esther こ の 問 題 に つ い て 
2 5 0 0 0 万 人 の 歌 で 感 染 し ま し た 
何 が 秒 ま で ア フ リ カ の 子 供 の 死 亡 
私 は 時 間 の 数 が 死 ぬ ま で 2 7 人 
私 た ち は こ の 国 は こ こ で す 
意 味 を 理 解 で き ま せ ん で い る の で す cuộc. の 人 に と っ て 
Esther 論 的 な の で す 
私 た ち に 反 応 す る こ と で す 
悲 惨 な も の が ハ イ チ の よ う に 起 き て い ま す 
そ し て い ま し た 悲 惨 な も の で す し か し 続 け ま し た 
そ こ で 我 々 は 何 が で き る の で 
人 々 は 多 く あ り ま し た 
多 く の 解 決 策 を 探 し ま し た 年 で マ ラ リ ア に 
し か し 、 蚊 ス で き る と い う こ と に な る 環 境 の 影 響 を 与 え ま す 
よ う と し て い る こ と が で き る 人 に 治 療 の 意 識 し ま す 
外 に は 素 晴 ら し い マ ラ リ ア の 領 域 に 届 い て 
あ り ま せ ん が 医 療 シ ス テ ム で す 
ワ ク チ ン で も 解 決 策 で し ょ う 
で は 食 べ 物 は あ り ま せ ん で す 
そ し て し ま し た が っ て い ま す か ら 数 ？ 創 有 力 な 候 補 な の で す 
マ ラ リ ア で 難 し い 病 気 xin. つ が 
が 蚊 帳 を で き る の で す 
そ し て 効 率 的 蚊 帳 の 使 用 し な け れ ば 
蚊 帳 を 使 っ て は な い 人 は 魚 に 使 わ れ 
そ の 普 遍 的 で は あ り ま せ ん 
蚊 帳 の で す 
病 気 の 影 響 し 
蚊 帳 を し ま す と 言 う と 殺 さ れ て い た の で は あ り ま せ ん 
マ ラ リ ア 
病 気 で 非 常 に 複 雑 で す 
理 解 す る 時 間 が か か せ な け れ ば な り ま す 
映 画 の よ う な 生 き 方 法 が あ り ま す メ デ ィ ア で す 
世 界 が シ ー た ち は 皆 さ ん の 肝 臓 に 
練 セ 住 に 地 の 血 幹 細 胞 が 
病 気 で 複 雑 な 
し か し 面 白 い こ と で 私 た ち の 魅 力 的 で す 
そ の 力 で も 私 た ち は 病 気 の 解 決 法 を 見 つ け ま し た 
現 在 可 能 な 解 決 策 が あ り ま し た 
そ の 患 者 を 診 断 で 尽 杯 は 正 し い 
私 た ち は 今 年 の 希 望 
生 産 さ れ て い る の に こ の 装 置 
診 断 す る 装 置 自 動 マ ラ リ ア 
同 コ ン ピ ュ ー タ の 働 き が 病 気 を 取 り 線 を 測 定 に な り ま す 
一 滴 の 血 流 量 を 
そ こ に 結 果 自 動 で し ょ う 
現 在 が 必 要 な 検 査 プ ロ セ ス や 複 雑 な 
血 液 サ ン プ ル で の 山 に 電 子 顕 微 鏡 検 査 を 
そ れ は ｢ 健 医 者 で あ り ま す 
他 に は 
血 を 必 要 が あ る の で は あ り ま せ ん 
目 を 見 れ ば 
回 路 に も tròng 白 血 が 流 れ の 目 の 
事 実 は こ れ を 直 接 す る こ と で す 
血 液 を 取 り は あ り ま せ ん 
で も 皮 を 指 の 爪 の 下 に 
な ぜ な ら 手 、 指 の 爪 を 見 る と 見 る こ と が で き る 血 の 回 路 
そ し て 私 た ち は 血 回 路 を 見 る と 思 い ま す マ ラ リ ア が で き る の で す 
症 状 が で き る の で す こ れ ら の 分 子 か ら で す 
hemozoin. の 名 前 が あ り ま す 
そ の マ ラ リ ア 原 虫 が 生 ま れ ま す 
物 質 で す そ れ は 興 味 深 い こ と が で き る の が 
物 理 学 者 に と っ て タ で す 
多 く の そ れ ぞ れ て い る こ と が で き ま し た の で す 
こ れ は 1 0 分 の 研 究 室 乗 -15 秒 で 私 た ち の 
光 で す 
giây) 1fs 続 く 
非 常 に 選 非 常 に 短 い 
こ れ は 光 る の で す 
で も 長 い 次 元 の 長 さ が 光 波 を 
photon 多 で す 
尽 同 衝 突 し ま す 
こ れ は 有 し て い る エ ネ ル ギ ー を 作 り 出 し ま す 
そ れ か ら 多 く の こ と を さ せ て ho. や 
特 定 を す hemozoin. 分 子 を 見 つ け 
こ の 写 真 で ピ ア で す 
私 た ち は 今 こ の 地 図 が あ り ま す 
位 置 す hemozoin マ ラ リ ア 原 虫 を 
ク 細 胞 の 中 で 
そ し て こ の 技 術 を 使 っ て 
そ し て 他 の 光 学 を 技 術 で す 
私 た ち は 分 析 す る こ と が で き ま し た 
私 た ち は こ の 治 療 法 で も 他 の hemozoin を 決 定 す る 
マ ラ リ ア に 
難 し い 歌 っ た の で す 
マ ラ リ ア 原 虫 を 取 り 出 し て hoàn, 週 間 シ ス テ ム か ら で す 
最 近 thẩm tách, る よ う な も の で す 
し か し い 記 を 減 ら す の で す 
こ れ は ス ー パ ー コ ン ピ ュ ー タ で 千 人 の 私 た ち の 
私 た ち は ソ フ ト ウ ェ ア の 専 門 
そ の 問 題 の よ う に 近 づ い て い ま す 
私 た ち は ソ フ ト ウ ェ ア を 解 決 し た い の で す 
滅 し て い ま す れ ば な マ ラ リ ア 州 か ら で す 
で は 問 題 で す 
知 っ て い る の で は あ り ま せ ん で す る 技 術 を 最 も 効 果 的 に 
私 た ち は 、 ほ ど 眠 る 画 に つ い て 聞 い た 
消 費 が 少 し お 金 は 蚊 帳 は 作 れ ま す 
muỗi. ス す る こ と が で き る 
さ て で き る の で す 
こ れ は 様 々 な 介 入 の 方 法 で 
し か し を đọ 効 果 的 な レ ベ ル の 異 な っ て い ま す 
ど う 違 い で し ょ う か ？ 
ス ー パ ー コ ン ピ ュ ー タ を 使 っ て 作 っ て し ま し た 私 た ち は 
コ ン ピ ュ ー タ モ デ ル を 世 界 で 最 も 良 い マ ラ リ ア 
皆 さ ん が 今 す ぐ に 見 え ま す 
私 た ち は Madagascar. 選 択 を 
私 た ち は 道 路 す べ て 
こ れ が 
イ ン チ 四 角 Madagascar. で し た 
私 た ち は デ ー タ の 全 て 雨 エ ネ ル ギ ー 
土 地 の 温 度 で す 
こ れ は と て も 重 要 な の か ら の 湿 っ た 微 度 雨 量 で す 
状 況 を 知 っ て い る の に 
環 境 に đọng 囚 人 の 生 殖 に 蚊 取 り 
そ れ に こ の 病 気 の 状 況 を 知 っ て い ま す 
こ れ が 一 年 前 蚊 を 紹 介 し ま せ ん 
モ デ ル を し て い ま す 
そ し て し ま し た か っ た の で す 
特 に こ こ に あ る の で す 
こ の ス キ ャ ン マ ラ リ ア ン を 
Madagascar. 
こ れ が そ の 後 の 一 部 で 雨 夏 の 
今 夏 次 い 乾 燥 し た 
マ ラ リ ア 乾 燥 夏 に 溶 け る で し ょ う 
生 殖 場 所 に 蚊 取 り ま せ ん 
そ し て 次 の 年 に も ち ろ ん 、 蚊 障 障 し ま っ て い ま す 
こ の モ デ ル を 
私 た ち を 殺 さ れ た マ ラ リ ア コ ン ト ロ ー ル や 
何 千 も の ソ フ ト ウ ェ ア を 
実 際 に 行 う 前 に 
で き る 要 素 の シ ミ ュ レ ー 経 済 の バ ラ ン ス が 
ど れ く ら い 企 画 xịt? 薬 エ ネ ル ギ ー と 比 較 す る と 
で の 均 衡 社 会 的 要 素 は 
何 が 起 き た ら ど ん な 状 態 で し た 
私 た ち の 研 究 し よ う と し ま す 私 た ち の 敵 
こ れ は 高 速 カ メ ラ の 写 真 を 
muỗi. で す 
そ し て 瞬 間 を 
私 た ち が 流 れ ま で は あ り ま せ ん 
私 た ち の よ う と し て い る 気 流 化 写 真 で 
光 る 蚊 を 
で す 私 た ち は 小 さ な 粒 子 は 光 を 当 て る laser. 線 で 
飛 行 、 蚊 を 理 解 
私 た ち を 理 解 す る で し ょ う 希 望 を 飛 行 機 は あ り ま せ ん で す 
現 在 で は こ の 方 法 で 
DDT. chíng 薬 を 使 っ て い る の で す 
こ れ は 実 際 の 広 告 で す 
こ れ は こ の 脚 色 で は あ り ま せ ん で す 
こ れ は 日 前 基 本 的 な 技 術 で す 
実 際 に そ の 翻 訳 を し ま し た 多 く の 国 DDT. マ ラ リ ア で す 
ア メ リ カ で も あ り ま す 
年 間 1 5 万 ド ル マ ラ リ ア の 歌 1935, が 毎 年 
ア メ リ カ で は 
し か し DDT 努 力 し て 大 き な コ ミ ュ ニ テ ィ の 健 康 で す 
成 功 の 翻 訳 型 に し ま し た 
持 っ て い ま し た い と 思 い ま し た 
私 た ち は マ ラ リ ア 根 絶 は 偶 然 に 集 中 し て 
関 連 寄 生 虫 で あ る 
私 た ち は 蚊 何 が で き る で し ょ う か ？ 
し て く だ さ い 新 し い 人 電 、 蚊 を 
と て も 馬 を 聞 い て 
し か し そ れ ぞ れ の 装 置 で す 
興 味 深 い 特 徴 が あ り ま し た こ と が で き る の が あ り ま す 
初 Blue-ray 映 画 を 見 て 
価 格 を 下 げ て グ レ ー ザ ー が あ り ま す 
コ ン ピ ュ ー タ レ ー ザ ー ポ 印 刷 を デ ザ イ ン の 電 気 が あ り ま す 
レ ー ザ ー を 使 い 正 確 に は と て も 
そ れ を 印 刷 を 使 っ て い ま す 紙 上 の 点 を 
カ メ ラ が あ り ま す そ し て も ち ろ ん 信 号 処 理 
デ ジ タ ル 技 術 で す 
私 た ち は こ の 装 置 を 使 っ て で す 
蚊 取 引 を レ ー ザ ー で は な い で し ょ う ？ 

