そ し て 彼 ら は 農 家 は 守 れ ま す 牛 乳 を 買 い 赤 ち ゃ ん の 小 麦 粉 
Whole Food で 食 料 品 店 を 開 発 し て い ま す 
全 て が 生 ま れ て い る こ と を し て い る よ う な も の お 金 を Amnesty International 債 務 で す 

私 た ち の よ う に つ い て お 話 を し よ う と し て い ま し た 
自 分 の 髪 の 毛 が し ま す 
し か し 私 が 言 っ て し ま っ た と い う 青 い の で は あ り ま せ ん 

こ の 映 画 の 名 前 は “ 平 世 界 中 の 「 4 に 
彼 ら の 映 画 に tôi--nó 素 晴 ら し い の で す 
彼 は 映 画 に 出 し ま し た 
そ し て 言 い ま し た &amp;quot;ồ,có 映 画 か さ れ ま し た 地 元 の メ デ ィ ア で す 
そ し て 私 た ち は で き る こ と に こ わ っ て い る の で す 
し か し 実 際 に 映 画 の 立 場 が あ り ま し た 
今 は ま だ 映 画 の 状 態 nợ,nhưng に ク リ ス を 通 し て こ の 生 き る と 思 い ま し た 
映 画 に 出 て い ま す 
そ こ で 私 た ち の 映 画 を 
そ し て そ れ は 私 の 物 語 を よ り も 
で は 、 教 師 が あ り ま す 
こ の 話 を し ま し い 教 育 に つ い て 話 し ま し た 
そ れ は 美 し い こ と で す 
そ し て 奇 妙 な こ と を し た 映 画 の 
私 は 奇 妙 に 感 じ な の で す が 
私 は そ れ で は あ り ま せ ん 
私 が 見 た 
私 の 教 師 と し て い ま し た 
私 は こ の 先 生 や 学 校 の 幾 何 学 Rucell học.thầy 中 
（ 笑 ） 、 米 の 下 に 長 に 
こ れ は 笑 顔 dùng--đó 私 は 彼 の 笑 顔 で す 
ま た Jan Polo. の 輝 く 目 に 出 会 い 
で は あ り ま せ ん か ら の 怒 り を 
そ れ を や っ て い る こ と が で き る の で す が 詰 ま っ て 恋 愛 愛 す る の は 彼 女 の 学 生 が 
そ し て し ま し た と し て い る こ と が で き る と い う こ と を 
私 は J .Banks© Ethel 彼 女 は 
人 気 の 仕 事 を し ま し た ngọc ヒ ー に 小 学 校 に 行 く と し て 毎 日 
そ し て 、 彼 女 を 見 て い る 教 師 た ち が あ り ま せ ん 
知 っ て い ま す が 
（ 笑 ） 
そ し て し ま せ ん で し た と 言 っ て い る の に つ い て 後 ろ に あ る 人 も い ま し た 
な ぜ な ら 私 は 目 を し た 後 で 
（ 笑 ） 
そ れ は 彼 女 は 知 っ て い る の で し ょ う か ？ 
私 が 見 え な か っ た り で す 
し か し 私 が す る の で し た 
そ し て 彼 女 は Banks す る の で す よ う に な り ま し た ザ ー が 私 に と っ て 
そ し て し ま し た 
両 親 は tôi,những 先 生 の 最 初 の 
私 の 父 親 の 家 で 創 造 的 な ア イ デ ア が 
彼 は こ れ は Malcolm 右 側 の 
母 は 言 い ま し た 
私 に 教 え て く れ た の で す 
こ の 学 校 に 対 し て 彼 女 は Virgina で す 
と い う こ と が で し た の で す 
そ し て 実 際 に こ の よ う な 感 じ ま し た 
映 画 を 見 て い ま し た 
私 は ス ト の よ う に こ の よ う な 
私 が 好 き な い と 感 じ ま し た こ と が で き ま し た の で す 
私 の 一 部 で は な い の は 彼 女 の 教 え る と い う こ と で す 
そ れ は 素 晴 ら し い こ と で す 
私 は 教 育 を 使 っ て 娘 Madeline 小 学 校 の 
そ し て 動 す る こ と が で き た の で す 
続 け て し ま い ま し た 
そ れ は 驚 い た と 感 じ ま し た 
デ ザ イ ン の 説 明 を し て い ま し た の で す 
そ し て 私 は こ こ に で き る こ と に 多 く の 人 々 の 肩 に な り ま す 
私 は こ こ で は あ り ま せ ん 
多 く の 人 た ち の ス テ ー ジ と い う こ と で す 
そ し て 言 っ て Peace World ゲ ー ム に つ い て 
そ し て こ の よ う な り 始 め ま し た 
そ れ で は 大 き さ を 表 し ま し た 一 歩 一 歩 4x5 貼 り 付 け 
学 校 の 内 1978 都 市 の 中 で す 
私 が 作 っ て し ま し た の 生 徒 Africa で す 
私 た ち は す べ て を 世 界 の 問 題 で す 
そ し て し ま し た い と 考 え て み て く だ さ い 解 決 す る た め で す 
で は あ り ま し た い と 思 い ま し た 講 演 の 本 を 読 ん で す 
と 思 い ま し た 小 を 埋 葬 さ れ て い ま し た 
そ し て 学 を 通 し て い る の で す 
な ぜ な ら な い と 考 え ま し た の よ う な も の を 演 奏 の ゲ ー ム 
私 は 何 đó--Tôi 性 に つ い て い ま せ ん で し た と い う こ と で す 
私 た ち は こ う い う こ と が あ り ま せ ん 1978 年 間 に 
し か し 何 か と い う こ と で す 
そ し て そ こ で 私 た ち は ゲ ー ム を 作 っ て い ま す 
そ し て 発 展 し ま し た 
foot 4x4x4 面 か ら で す 
plexi ガ ラ ス の 構 造 を 
4 Plexi ク が あ り ま す 
ク ラ ス の 外 に 囲 ま れ る こ と が あ り ま せ ん 
ブ ラ ッ ク ホ ー ル の 衛 星 で す 
そ し て こ の 衛 星 の 調 査 か ら れ て い る の で す 
階 が あ り ま せ ん で す よ う に な り ま せ ん 
雲 の 箱 は ソ cotton を 私 た ち の 周 り を 
現 実 の 空 気 の な い と し て い ま す 
地 上 海 の よ う に す る と 何 千 と い う ゲ ー ム を 
も の 下 水 の よ う に 
地 下 鉄 の 海 に 下 っ て い る の で す 
国 の 絵 の 周 り に 
子 ど も た ち の 名 前 を 付 け る 国 々 が そ れ は 貧 し い 国 の 豊 か な 国 が あ り ま す 
資 産 を 持 っ て い る こ と に 軍 事 が 
そ れ ぞ れ の 国 政 府 が あ り ま す 
で も 、 政 府 の 成 長 し て い る の で す 
数 学 の デ ザ イ ン で も 団 長 で す 
私 の 首 相 関 係 に 基 づ い て い ま し た の で す 
― 私 は 仕 事 に す る こ と が で き ま し た 
そ れ で 選 択 を し て い ま し た の で す 。 
世 界 銀 行 の フ ラ の U 国 と し て い ま す 
で も 彼 女 は 気 象 に つ い て 
気 象 は 異 な る と 

そ こ で Abhishek こ っ た 
と い う こ と を 知 っ て い ま し た 子 供 た ち の Parol 小 さ い 
し ば ら し て い る の で す が 実 現 す る こ と が で き ま し た 
彼 は こ の 灰 色 tro. よ う な も の で す 
彼 は 言 chết; 2 が あ り ま し た 
親 に 赤 ち ゃ ん と し て い る の で す 
そ の 理 由 は 彼 の よ う な も の に 
そ れ を よ り 合 っ て い る の で す 
彼 は 説 明 で き る 血 が 流 れ て い う こ と に な っ て い た の で す 
こ の シ ョ ッ ク を 与 え て い ま し た 
す る と 言 っ て い ま し た 全 て の も の で す 
血 管 の 病 気 と い う こ と が 分 析 さ れ て い ま せ ん 
血 管 病 が ど ん な で ン ジ ニ ア に し か し 私 が 知 っ て い ま す 
血 管 が す べ き で は あ り ま せ ん で 死 ん だ こ と で す 
こ れ は 病 気 の 治 療 を 知 っ て い る か も し れ ま せ ん 
つ ま り axit folic, 新 た な の で す 
こ の 治 療 が 安 価 で す が 答 え は 
貧 血 症 の 管 理 す る の で す 
そ こ で は な ぜ こ の 女 性 の mạng? が あ り ま せ ん 
全 て の こ と が で き る と い う こ と に な り ま す 
そ の 方 が こ れ は ５ 分 間 で 
中 心 部 分 も 医 療 
生 分 の 支 援 を 受 け さ れ て い る の で す が 
こ の 本 質 な の は こ れ は 完 全 に sốc. っ て い ま し た 
そ し て 私 は 知 っ て い る の は こ の 二 つ の 方 法 が あ り ま す 
母 は nhi, 科 医 者 に 尋 ね ま し た そ し て し ま す 
彼 女 は 私 を 普 通 の 血 管 の 病 気 に し ま う こ と で す が 
ウ ィ ル ス 血 液 サ ン プ ル で す 
そ し て そ れ を コ ン ピ ュ ー タ を Coulter. コ ン ピ ュ ー タ と 呼 ば れ 
こ れ は コ ン ピ ュ ー タ ー ド で $10,000 Mumbai. が あ り ま す 
で も こ れ は こ の 場 に あ た り で し ょ う 
ヨ ー ロ ッ パ そ し て ほ と ん ど の 都 市 が 世 界 中 で 
し か し そ れ で は あ り ま せ ん Parol. が あ り ま す 
さ ら し い ロ ボ ッ ト の 行 動 す る 女 性 は 、 工 員 
Parol. で は あ り ま せ ん 

こ れ は 私 が Fibonacci 計 算 を 簡 単 で す 
そ し て 私 は ゲ ー ム も ナ ス の 場 合 Scrabble Boggle. そ し て 
基 本 的 な の で し ょ う か 
文 字 が ラ ン ダ ム Siftable, 切 り ま し た 
そ し て の 単 語 を 作 っ た の で す か ら テ ス ト の 低 下 し て い る か ら で す 
そ し て 3 0 秒 文 字 が そ れ ぞ れ の 四 角 の 変 化 で す 
そ し て 新 し い 文 字 を 集 め る よ う と し て い る も の で す か ら で す 

皆 さ ん を 好 む よ う な 統 計 を 始 め ま し ょ う ペ ー ジ の 統 計 デ ー タ を 
こ れ は と 思 い ま し た こ と で す 実 際 に は 一 番 重 要 な こ と を 覚 え て い る 
イ ギ リ ス 政 治 家 の ア メ リ カ で す 
そ れ は 私 た ち は お 金 の 消 費 し ま し た 
私 た ち は 一 度 予 算 を 表 し て い る の で す 
こ れ は 私 の お か げ し て い る 時 は 
そ し て ご 覧 の よ う に し ま し た お か げ た の は 3 2 兆 し て い ま す 
そ し て い る と い う こ と だ と 思 い ま し た 
簡 単 な る の で す 
現 在 、 こ の 質 問 に よ り 重 要 な 疑 問 に な っ て い ま す 
そ れ は ど う す る こ と が で き る よ り 良 い こ と に な り ま せ ん で し た tiền? 増 加 し て い ま す 
な ぜ な ら な お 金 を 多 く の 方 を 改 善 す る 公 共 サ ー ビ ス を 
政 府 を 向 上 さ を 向 上 さ と し て い ま す 
政 治 的 価 値 が な い と 思 い ま す 
で も 全 て に お 金 を 
あ な た の で き る の は 数 え を 成 功 の 公 共 サ ー ビ ス で す 
医 療 サ ー ビ ス の 教 育 す る 安 全 保 障 秩 序 を も っ と お 金 を 多 く の に 
皆 さ ん の こ と が で き る だ け を 測 る 消 費 す る こ と を 
こ の よ う な も の が あ り ま す 時 間 nhọc. 切 で す 
し か し な い と 思 う の か と い う こ と が 多 く の 関 係 に 繁 栄 は 幸 せ で す 
こ の よ う な も の 家 族 と 友 達 の コ ミ ュ ニ テ ィ 人 生 の 価 値 で す 
こ れ は 政 治 家 の 中 で 実 際 に 興 味 深 い で す 
そ し て 議 論 を し て い た い と 思 い を し て 今 日 の 夜 に な り ま す 
こ の 単 純 な 利 益 で す 
組 み 合 わ せ る こ と を 考 え て い ま し た 政 治 的 に 正 し い 
革 命 の 大 き な 情 報 を 起 こ し ま し た 
す べ て を 知 っ て い る よ り も ず っ と 多 く の は 
私 は ま だ と 思 っ て い る 機 会 が あ る 大 き な 政 治 を 再 生 可 能 で す 
再 生 可 能 性 を 再 生 す る 政 府 の 公 共 サ ー ビ ス で す 
そ し て い る と い う こ と を し て い る か ら こ の ペ ー ジ の 増 加 に つ い て 大 き な 幸 福 を 
こ れ は 議 論 を し て い ま し た い の で す が 今 日 の 夜 に 
哲 学 か ら 始 め ま し た 政 治 的 な 
し か し 私 が 言 っ た の で は あ り ま せ ん で す が イ ギ リ ス Thủ Bảo 党 全 て の 答 え は あ ら ゆ る も の に 
も ち ろ ん 私 た ち は あ り ま せ ん 
し か し 2 つ の こ と に な る で し た と 思 い ま し た 哲 学 に や っ て い ま す 
と 思 い ま し た に 適 し て い る 議 論 し て い る の で す 
私 た ち は 最 初 の 人 々 は 信 じ て い ま す 
多 く の 支 配 し て い る 人 生 に と っ て い た の で す 
さ ら に 多 く の 選 択 を 
さ ら に 彼 ら を 運 転 し た り 
あ な た を 生 み 出 す こ と が で き る よ り 良 い 社 会 よ り 強 力 で す 
そ れ を こ の 情 報 の 大 き な 廃 棄 物 
私 た ち が 今 日 の 世 界 で す 
そ れ は 私 た ち は 可 能 で し た よ う に 言 い ま し た 
再 生 す る 政 治 再 生 す る 政 府 に 再 生 す る サ ー ビ ス コ ミ ュ ニ テ ィ を 完 全 に す る こ と で す 
２ つ 目 に す る こ と を 信 じ て い る と い う こ と を 信 じ て い ま し た と し て 自 然 界 の 人 間 の 
政 治 家 や 政 治 家 が 成 功 す る の で 
彼 ら が 本 当 に 重 要 な 努 力 し て コ ミ ュ ニ テ ィ コ ミ ュ ニ テ ィ の よ う な 
と い う こ と で は あ り ま せ ん 彼 ら が 本 当 に コ ミ ュ ニ テ ィ で は な い の で す 
組 み 合 わ せ な け れ ば い い と 考 え る こ の シ ン プ ル な も の で す 
本 質 に 自 然 の - - 
ま る め 行 動 経 済 学 の 
私 た ち は 全 く 聞 い り ま し た 
そ れ は も う 一 度 だ と 思 っ て い る こ と が で き る よ り 幸 せ そ し て 幸 福 
社 会 を 得 る よ り 強 く 
必 要 は な く す る こ と が で き る よ り 多 く の で す 
そ し て 今 、 な ぜ 私 は こ の 時 点 で 議 論 を ま と め た の で し ょ う か ？ 
私 は 皆 さ ん は âu 被 害 を 受 け て い る の を 見 な さ そ し て 短 い 歴 史 に つ い て 
に つ い て い ま し た が こ う 言 い ま し た ３ つ の 歴 史 に つ い て で す 
時 代 に お 金 を 拒 否 liêu, 時 代 は と て も 
今 で は そ の 時 代 liêu. と は 
こ れ に つ い て 考 え る 単 純 な 
私 た ち が し ま し た 地 元 の 政 府 が あ り ま し た 
時 代 に 政 府 ương 中 
し か し 今 私 た ち が い る 人 は 政 府 が あ り ま し た の で す 
現 地 の 権 力 ương, 中 で は 今 で は 人 権 力 で す 
こ れ は King Knut, 王 様 が 何 千 年 前 に 
ア イ デ ア が い る こ と に し て い る の は 風 の 波 長 さ を 変 え ま せ ん で し た こ と が で き ま す 
本 当 に 阻 止 し ま し た こ と が で き る の は た く さ ん で い ま し た 
な ぜ な ら 次 の よ う な も の で 、 何 万 年 前 に 
全 て の 旅 を し て 数 週 間 名 も か か り ま す 
皆 さ ん あ り ま せ ん で る 権 力 に な っ た の で す 
あ り ま せ ん の 政 治 、 公 教 育 の 健 康 で 幸 せ で し た 
も っ て い る 戦 争 と い う こ と で す か ら で す 
こ れ は 時 代 に お 金 を liêu, 
全 て が 時 代 的 な 地 域 で は な い の で す 
皆 さ ん の 管 理 な 地 方 の 情 報 を な ぜ な ら さ れ て い ま せ ん で し た さ れ る の に つ い て で す 
な ぜ な ら な か っ た り に 制 限 さ れ て い ま し た 
こ れ は 時 代 に お 金 を liêu. 
次 の 科 学 の 歴 史 khan, 乾 燥 し た 
こ れ は 素 晴 ら し い 写 真 が 好 き な 産 業 革 命 の イ ギ リ ス 
突 然 あ ら ゆ る 交 通 手 段 と 情 報 と dĩ, 力 に な り ま し た 
そ の 時 代 で 新 し い 時 代 の 一 時 代 liêu. と 呼 ば れ て い ま す 
希 望 で 次 に わ く す る こ と で す 
突 然 、 あ な た が 発 見 は 大 き な 力 を 集 め る の で す 
こ れ は &amp;#91;nhà nước&amp;#93; 組 織 化 し ま し た 
教 育 や 医 療 法 律 や 政 治 や 
そ し て nước&amp;#93;, &amp;#91;nhà の よ う に 言 い ま し た 権 威 で は あ り ま せ ん で し た 地 元 の 権 利 に な り ま し た 
そ し て い る か ら の 権 力 は 地 元 の 小 さ な し 
こ の よ う な っ て し ま し た &amp;#91;tập lực&amp;#93; 権 の 中 で な く て は 自 然 の も の で す 
大 き な 段 階 に 入 る 皆 さ ん ご 存 知 の 
ネ ッ ト ワ ー ク を 巨 大 な 情 報 を 
見 て い な も の で す 
1 0 0 年 前 に こ の よ う な 言 葉 の 1 0 5 0 ド ル か か っ た の で す 
こ こ で 今 こ れ は 私 た ち は 繋 が り ま し た ロ ス に 他 の 多 く の 場 所 で す 
そ し て い た 場 所 の 秘 密 の 小 さ な も の で す が そ の 価 値 は 
そ し て 私 た ち に 送 り 出 す こ と が で き る と そ の 情 報 収 巨 大 な 
費 用 が か か り ま せ ん で も あ り ま せ ん 
私 た ち は こ の よ う な 生 き て い る 時 代 は &amp;#91;post-bureaucratic&amp;#93;, 拒 否 し 
時 代 と 権 力 が 実 際 の 市 民 を 可 能 に す る の で す 
と い う こ と か 、 ど の よ う に 意 味 が あ る 必 要 が あ る 政 治 や サ ー ビ ス に 
サ ー ビ ス に コ ミ ュ ニ テ ィ の 政 府 で し ょ う か ？ 
絶 縁 は 残 り の 時 間 と い う こ と が で き る の で は あ り ま せ ん が 特 定 の 多 く の 例 を 挙 げ ま す 
し か し ま し ょ う こ と が で き る 人 生 が 変 わ り ま す 
そ し て こ れ は 明 ら か に そ の メ イ ン か ら で す 
し て く だ さ い と 思 っ て い る か ど う す べ て み ま し た 
私 た ち は 買 い 物 を 移 動 す る こ と が で き る と い う ビ ジ ネ ス で 
そ し て る こ と が 起 き る よ う に 革 命 順 情 報 を イ ン タ ー ネ ッ ト で す 
実 際 に し て 広 が っ て い ま し た 社 会 的 通 し て 私 た ち の 道 路 を 
し か し を し て い ま せ ん そ れ は 政 府 の 影 響 さ れ て い ま す 
な ぜ で し ょ う か ？ 
考 え て い ま し た の で す よ う に 大 き な 変 わ り ま し た 
そ の 発 明 bạc, 権 の 選 択 肢 の 責 任 感 に 接 し て い ま す 
đựa に よ っ て い る と い う こ と は 人 だ 」 
話 を す る か も し く bạch, 私 が こ こ に 例 え ば 
Missouri Accountability Portal 
日 前 政 府 が さ れ て い る の は こ の 情 報 を 保 持 し て 
そ し て 人 は む し ろ 新 し い 世 界 を 試 し て い ま す こ と が で き る の を 使 っ て そ の 情 報 を 
そ し て 調 査 し て い ま す 
今 で は ウ ェ ブ サ イ ト の ア メ リ カ の 州 で は 
私 た ち は 分 析 を テ ス ト を 見 つ け 出 し て 
消 費 さ れ た ド ル で は な ぜ な ら 
考 え て み て く だ さ い と い う こ と を 変 え る よ う に な り ま す 
ビ ジ ネ ス な ど い 建 設 す た め の 政 府 で 
す る こ と が で き る で し ょ う が tiêu. 下 し て い る の で す 
全 て の 情 報 が あ る 使 用 さ れ て い る こ と が で き る の が な ぜ な ら だ と 思 い ま し た 
で き る サ ー ビ ス を も っ と 良 い も の で 安 く 
政 治 家 が あ る の で す 我 々 は ま だ 始 め ま し た 
探 知 機 の 表 面 の 問 題 と し て い る 人 を ど の よ う な 革 命 の 情 報 を 
世 界 で す 
そ こ で 創 さ な 光 景 を 知 っ て い る の で す 
こ の 国 で あ れ ば cử, む し ろ 私 た ち は 
私 た ち は 消 費 す る の で し ょ う か 25.000 に 流 れ て い ま す 
ネ ッ ト を bạch, を す る こ と が で き る も の か を 見 つ け ま し た 
今 日 私 た ち は さ れ て い ま す と い う こ と を し て い る の で す 
ネ ッ ト の 人 た ち が 見 ら れ ま す 
条 件 khỏan そ し て で す 
活 発 に 大 き な お 金 の 価 値 が あ り ま す 
し か し そ う す る と 信 じ て い ま し た も の 増 加 の 大 き な 教 と 
選 択 肢 は あ り ま し た イ ン タ ー ネ ッ ト を 買 っ て い ま し た 価 値 を 比 較 し て イ ン タ ー ネ ッ ト の ネ ッ ト ワ ー ク を し て い ま す 
革 命 の し か し こ れ は 新 し い 表 面 に 迫 っ て い れ て い ま す 
サ ー ビ ス の よ う に 私 は 教 育 や 医 療 秩 序 が 安 全 保 障 を 
そ し て こ の よ う な こ と が tòan. さ を 変 え ま す 
私 た ち は 現 実 を 変 え る と い う こ と で す 
革 命 の 情 報 を 水 で す 
ウ ェ ブ サ イ ト の 医 療 検 索 を す る こ と が で き る か ら 歌 を 成 功 す る た め に 最 も 多 く の か 
医 師 が 個 人 を ど の よ う に な る 病 院 の 
誰 も が 最 も 感 染 sóat 
全 て の 情 報 が あ っ た り ベ 医 療 科 学 で す 
提 供 さ れ て い る の で す 
そ し て 大 き な 変 化 は ３ つ 目 は 責 任 
思 い ま し た こ れ は 非 常 に 大 き な 変 化 を 
こ れ は 犯 罪 者 の 地 図 の 犯 罪 シ カ ゴ の フ し た 
そ の 代 わ り に さ か の よ う に す る こ と が で き る だ け で 警 察 が 新 し い 情 報 を 伝 え ら れ て い ま す 
犯 罪 の ど こ で 何 が 起 き ま し た 
そ し て し ま し た 政 府 の 人 を 雇 っ た の で す 
と い う こ と を 警 察 の 責 任 感 動 し て い ま す 
突 然 、 化 身 に 戻 る 機 会 が あ る 大 き な 関 連 し て い る 人 権 力 や 
そ の 人 々 が 犯 さ れ て し ま し た こ と が 起 き る と 
ど こ か ら で す が 
そ し て 私 た ち は ま る で し ょ う が 安 全 の 責 任 を 
そ し て ご 覧 の よ う に こ れ は こ の よ う に 見 え る メ キ ッ チ ン と し て い ま し た 
し か し 実 際 こ れ は 人 間 の 青 い の サ ー ビ ス を し て い ま す 
こ れ が 犯 罪 で 起 こ し ま し た 
そ し て 可 能 性 が あ り ま し た エ ネ ル ギ ー の 警 察 の 安 全 保 障 を 責 任 を 
そ こ で ３ つ の こ と を bạc, 責 任 と い う 選 択 肢 で す 
ネ に 大 き な 変 化 を 
ま た こ と に し ま し た 
私 た ち は こ の こ と を 理 解 す る こ と や 
こ れ は ど の よ う な 感 じ な け れ ば そ の 本 質 に 自 然 の 
成 功 で き る と い う こ と で す 
私 た ち は し て い る の で は な い の 大 き な ネ ッ ト ワ ー ク と い う こ と で す 
な ぜ 人 々 の 行 動 し て い る 方 法 は 行 動 や 
そ し て 大 き な 機 会 を 与 え る と い う こ と を 理 解 す る と 一 緒 に 情 報 を エ ネ ル ギ ー 使 用 に も 
私 た ち は 仕 事 を し て い る と い っ た の で す 
私 た ち は さ れ て い ま す か ら 問 題 を 抱 え て い る の で す 
問 題 の 調 査 を し て い ま し た 
皆 さ ん の た め に 簡 単 な 例 と し て い ま す 
私 た ち が 人 々 は よ り も 効 果 的 な エ ネ ル ギ ー を 使 っ て い た の で す 
な ぜ で し ょ う か ？ な ぜ な ら そ れ は 貧 し い と い う こ と を túng 燃 料 の 下 に な り ま し た 
そ し て 処 気 エ ネ ル ギ ー を 
そ れ で は な ぜ な の で し ょ う か ？ 
私 た ち が あ り ま し た ら し い 年 前 の こ と で す 
よ う と し て い る 人 た ち が そ れ ぞ れ の 電 気 を 消 し て 家 か ら 
さ ら に 大 臣 が あ り ま し た 政 府 が 言 っ て い ま す 
ま た 歯 を 暗 闇 の 中 で 
私 は キ ャ ン ペ ー ン の な い と 思 い ま し た こ と が で き る の で す 
こ れ は 詳 細 の 中 の 小 さ な 行 動 経 済 
最 良 の 方 法 は 人 を 減 ら そ れ は 単 に 彼 ら の 電 気 の お 金 を 
電 気 エ ネ ル ギ ー を 見 せ す る xài, し て い る の で す 
彼 ら は 隣 人 を ど の く ら い 続 す る の で す 
そ し て 彼 ら に 近 隣 の 人 々 が 続 い て い ま す 
行 動 経 済 の よ う な 
で き る こ と が 行 動 を 変 え る の で す 
す る 傾 向 が あ り ま せ ん 脅 迫 っ て い ま し た 
こ の quấy rầy は で き る こ と で す 
例 え ば リ サ イ ク ル と い う こ と で す 
私 た ち が 知 っ て い る の で す よ り 多 く の 再 生 さ せ る の で す 
ど の よ う に な っ て い る と い う こ と で し ょ う か ？ 
ア メ リ カ の 証 拠 が あ る こ と が で き れ ば 実 際 に は お 金 を 再 利 用 さ れ た 人 々 は 
手 段 を 使 っ て い な け れ ば &amp;apos;dỗ ngọt&amp;apos; ・ ス だ と 思 い ま す 
す る こ と が で き る で し ょ う 行 動 を 変 え た の で す 
そ こ で こ れ ら は す べ て を 示 し て い る の で し ょ う か ？ 
こ の 2 つ の ア メ リ カ の 言 葉 は 私 の お 気 に 入 り の 5 0 年 前 で す 
も ち ろ ん 言 ケ ネ デ ィ ジ ョ ン が 非 常 に 簡 単 に 
し か し mẽ: 構 造 を 
「 国 の 質 問 を す る こ と が で き ま し ょ う 、 わ た し の 質 問 を し て い る こ と が で き る た め の 費 nước,&amp;quot; 
非 常 に 難 し い の は 素 晴 ら し い と い う こ と で す 
し か し 彼 は こ の た め の 何 が で き る 
社 会 を 作 り 上 げ た xựng よ り 強 力 で す 
皆 さ ん が あ り ま し た こ と が で き る の は 戦 水 に す る こ と が で き ま し た 犠 牲 を quốc, 組 織 か ら で す 
あ る こ と が で き る の が あ り ま し た サ ー ビ ス の 市 民 国 
し か し 皆 さ ん の エ ネ ル ギ ー が あ り ま せ ん で し た 情 報 の 知 識 と い う こ と で す 
そ し て 可 能 性 は 社 会 を 作 る の で す よ り 強 く す る こ と が で き ま し た こ と で す 
そ し て い る と 思 い ま す と い う こ と で も 素 晴 ら し い よ う に な り ま す 
私 は 大 き な 層 を 読 ん で し ょ う 皆 さ ん に 
そ れ を 総 括 し て い た 最 初 に し ま し た 
信 じ て い る と い う こ と に つ い て 考 え る 人 生 に お 金 だ け で は あ り ま せ ん 
そ し て 私 た ち は 政 府 の 人 生 で す よ り 安 も お 金 を 読 ん で す 
そ し て 表 現 す る こ と で す 映 画 や 文 学 の ロ バ ー ト ・ ケ ネ デ ィ 
理 由 は 全 て の 製 品 の 国 で は な い と い う こ と で す 
健 康 に も こ れ は 子 ど も た ち の 
教 育 の 質 の も の な の で す 
で は あ り ま せ ん そ れ は 美 し さ に 強 力 な 詩 の 結 婚 し た 
知 的 な 議 論 し て い る の で す 
で は あ り ま せ ん そ れ を 測 定 ユ ー モ ア と 混 じ っ た 私 た ち の 多 く の に な り ま す 
で は あ り ま せ ん で は あ り ま せ ん な 心 は 相 互 作 用 を 測 定 や 理 解 す る こ と で す 
こ れ は 慈 悲 を 測 定 で は あ り ま せ ん が 他 の 心 に quốc. や っ て い る の で す 
そ れ を 測 定 し て い る の で す 
こ れ が 人 生 を も う 意 味 が あ り ま す 
も う 一 度 と い う 概 念 の 偉 大 な さ れ て い る 4 0 年 前 に 
そ し て も 高 い 夢 で 約 4 0 年 前 に 
し か し 今 で は 進 に 大 き な テ ク ノ ロ ジ ー の よ う に 情 報 を 
変 化 の 巨 大 な 行 動 経 済 の 
す べ て の 私 た ち が 知 っ て い る と い う こ と に つ い て 幸 せ を 作 っ て い ま す 
も し 私 た ち は 一 つ の 深 い と い う こ と で す 
権 力 を 与 え る と い う こ と に つ い て の 人 々 が 情 報 を 使 っ て そ の た め に 
そ し て 使 っ て い る と い う こ と に つ い て 深 く 見 ら れ て い ま す 自 然 界 の 人 間 の 
そ し て 同 時 に 理 解 で き な い 人 の 行 動 し て い る 方 法 は テ レ ビ に 行 っ て い る の で す 
こ れ は 夢 を 実 現 で き る の で す 
簡 単 に す る こ と も さ れ て い る 時 間 の 美 し い 言 葉 で は 4 0 年 前 に 
あ り が と う 

私 は こ の 瞬 間 が 好 き な 氷 で す 
な ぜ な ら 以 前 に 、 一 般 的 な 体 験 に な り ま す 
こ れ は そ れ は 恐 ろ し い で し ょ う か も し れ ま せ ん 
少 な く と も 理 解 で き な い こ れ は 彼 女 に と っ て 
そ し て に 共 通 の 経 験 に な り ま す 
こ れ は 面 白 い と い う こ と で す そ し て そ れ は 彼 女 た ち は 笑 っ て い ま す 
そ し て こ の 旅 を し て い ま す 
三 つ 目 の 駅 ン ６ で す 

そ の 職 業 Hood Robin し て い る の で す 
も う 役 割 を 果 た し の ボ ラ ン テ ィ ア 消 防 士 
私 は 実 際 の 行 動 し ま し た 組 織 に 良 い こ と で す 
把 握 す る 為 に な っ て い ま し た 
私 が い ま し た い の で 簡 単 に 個 人 的 に な り ま し た 
し か し と て も 高 dũng. っ て い る よ う に な り ま す 
そ し て 知 っ て い ま し た の で し ょ う か ？ 
全 て 重 要 で す 
そ こ で 私 は こ の 部 屋 の 周 り を 見 て い ま し た 
人 を す る の に し ま し た 
そ し て い る の に す る の で す 
同 じ よ う に 成 功 す る 
私 は メ に し ま す 
待 ち な の で す 
も っ て い な い と い う こ と を 見 る と き に 最 初 の 1 0 0 万 ド ル で す 
す る こ と は 人 生 の 異 な る か ら で す 
も し あ な た の で す が 
そ し て み ま し た 
食 べ 物 体 の キ ッ チ ン 生 地 や 空 け た の で す 
人 に 向 か っ て い ま す 
日 常 で は あ り ま せ ん す る 機 会 が あ り ま す 
誰 か の 命 を 
し か し 毎 日 を す る 機 会 を 他 の 人 生 を 良 く し て い る と 
そ し て 参 加 し て い る の で し た の は 自 由 に な り ま す 
あ り が と う ご ざ い ま し た 

し か し ま し た り に 書 い て い る の で す 
時 間 を 作 ろ う と し て い る か こ の ピ ラ ミ ッ ド 」 と 呼 ば れ て い る の で す 
「 ど ん な が り lưng.&amp;quot; フ 線 は 
2 0 分 で は な い と 思 い ま し た Số ắt nhe 歯 （ 笑 ） 
私 た ち が そ れ に 掲 げ て る と 思 い ま し た 
で は あ り ま せ ん で 勝 Số 部 trượt. し ま し た 
声 明 と い う よ う な も の 古 い mãi: 暮 ら し て い ま す 
こ こ で 勝 敗 が あ る 人 は 「 cúp 光 の 商 品 を 
で は あ り ま せ ん 勝 ち を 翌 日 の 試 合 が 
深 く の 皆 さ ん 私 た ち が 存 在 し て い る 機 会 を 得 る こ と が で き な miện. を 
し か し く な っ て い る の に 
だ か ら 始 ま り ま し た さ れ て い る の を テ ス ト ー で す 
何 を す る こ と が で き ま せ ん 勝 利 と い う こ と で す 
テ ス ト を 思 い ま し た 軍 隊 が 言 い 換 え れ ば な か っ た の で す 
テ ス ト で す が こ の ゲ ー ム を し ま し た 
っ て は 止 ま り ま せ ん で す 
す る 必 要 が あ る の を 取 り 出 す cúp. 車 の 前 に こ う な も の を 目 標 が あ り ま す 
希 望 を す る こ と が で き な 夢 に も 亡 く な り ま し た 
期 待 し て い る と い う こ と を 祈 り を し て い ま し た の で す 
自 負 け し か し 恐 れ ま せ ん 
も し ま し た 肝 臓 な ど の よ う と し て す ぐ 自 身 が 必 要 で あ る 男 性 と い う こ と を 
で も 必 要 と 貢 献 と 彼 は 自 分 の 可 能 性 が 
皆 さ ん と 貢 献 と 私 に と っ て あ り ま せ ん で も 他 の 栄 光 、 ど の よ う で す 
運 命 に な る こ と が 間 違 っ た も の を 費 や し た い の で す 
そ し て 私 た ち の 人 の 運 命 を 作 り 出 し て い ま し た 
私 た ち の よ う な も の を 閉 じ ま し た ド ウ の 前 に 道 路 や lưng.&amp;quot; し ま し た 
彼 の 詩 で す が 私 の 父 親 と の こ と は 私 た ち に 教 え よ う と し て い ま し た 
歌 は あ り ま せ ん が も た ら 手 伝 っ thán. biện. nguỵ も な く 
ベ ー な し て い な か っ た の で す 
み な さ ん こ れ は 自 分 の 可 能 に な り ま す 
誰 も が で き る こ と が で き る の で す よ 
ゲ ー ム を 教 え よ う と し て い ま し た の で す 
私 の 手 に す る こ と で し ょ う か 知 っ て い る 子 供 た ち に は ま り ま せ ん で い て 話 を し ま し ょ う 
自 分 の 話 は い け ま せ ん Quan が 勝 ち ま し た の で す 
よ り も 高 い と い う 点 で の 戦 い は と が で き ま す 
そ し て 負 け る こ と が で き る 場 所 に 勝 利 と が で き ま す 
数 多 く の 回 、 異 な る こ と が あ り ま す 
感 じ ま し た い と 思 い ま す 
子 ど も た せ て く だ さ い 高 ngẩng す る こ と が で き ま し た 
ゴ ル フ に な り ま し た 
私 は こ う 言 う こ と は し ま し た ゴ ル フ が 終 わ り ま し た 
ゲ ー ム を 知 っ て い る 人 は ゴ ル フ の 結 果 で は あ り ま せ ん 
彼 ら は な い と い う ゲ ー ム の 行 動 に 基 づ い て 
結 果 を 予 測 す る と い う ゲ ー ム の 負 け な い の か と い う こ と に な り ま し た 
こ う い う こ と は 実 際 に は う ま く い っ た の 努 力 す れ ば 
可 能 性 を 作 っ た の で す 
結 果 が 合 理 的 に な る で し ょ う レ ベ ル 政 策 は あ り ま せ ん 
最 も あ り ま せ ん で し た 結 果 を 期 待 し て い ま す 
し か し 政 策 な 結 果 で す 
そ し て 新 し い た だ け で は あ り が あ る の か を 知 っ て い ま す 
そ し て こ れ は 望 ん で い る の は 自 分 の 生 徒 で す 
時 間 た ち に つ い て い る の で す 
よ り 良 い 結 果 が あ り ま す 
し か し 私 は ゴ ル フ の の 
彼 女 た ち の 作 品 で す だ け 多 く の で す 
結 果 で は あ り ま せ ん で 
私 は 信 じ て い ま す 
哲 学 者 が 言 い ま し た の で は あ り ま せ ん で い ま す 
Cervantes. Cervantes は 言 い ま し た 
プ ロ &amp;quot;hành đến.&amp;quot; 点 よ り も 
私 は 答 え が 好 き だ と 思 っ て い る の で す 
時 に そ の こ と が で き る こ と を 期 待 を 裏 切 れ て い ま し た 
し か し 、 そ こ に 動 き で 楽 し み で す 
役 割 を 果 た し の 練 習 で ボ ー ル の 上 UCLA, 集 会 が 大 好 き で 旅 す る こ と で す 
そ し て 私 は ゴ ル フ cục. で や っ て き ま し た 
会 っ た 訓 練 の 週 間 後 に 購 場 が 好 き で す 
座 っ て い る の を 見 上 の ゲ ー ム が 
そ し て い る と い う こ と を し ま し た サ ー ビ ス で は あ り ま せ ん で い る の で す 
そ し て 重 要 な こ と で し た の で 満 足 し て い る と い う こ と で す 
そ し て い ま し た 努 力 を 
可 能 性 が や っ て い る の で す 
と い う 人 も い 選 手 に す る こ と で す 
そ れ が チ ー ム と し て い る も の で す 
私 は 答 え ま せ ん さ れ て い ま す 
に つ い て 考 え る 人 間 を 持 っ て い ま す 
人 々 の 質 問 で す 
&amp;quot;Giả の よ う な っ た も の を 完 璧 な 選 手 で す 
彼 は た く な り ま す か ？ 」 
そ し て 私 は 「 と 知 っ て 「 な ぜ UCLA: で す 
Cậu 学 を 学 ん で す 
な ぜ な の か 知 っ て い ま し た 
私 は た っ た 一 人 の ボ ー ル を し て い ま す 
私 の 人 を 知 っ て い ま す 
部 屋 の た め の ツ ー ル で 手 を 誇 れ る の を や め て 手 に し て い ま す 
し か し 私 は 攻 撃 す る と い う こ と で す 
私 は 言 い ま し た 利 己 的 で は あ り ま せ ん で す 
最 初 の ラ ボ ー ル が あ る で し ょ う か も し れ ま せ ん で も 自 分 の 記 録 し 
私 は で き る の で す が う ま く 交 流 し て い ま す 

こ ん な に 簡 単 な こ と で 
こ れ は 世 界 の cảng? と い う こ と で す 
お 見 せ ら れ る こ と も 消 え る で し ょ う か も し れ ま し た 
お 見 せ す る の は 数 đáo. 毒 な の で す 
こ れ は 非 常 に 難 し い 大 き な か っ て い ま し た 
見 え ま す か ？ 
đài: な ん で す ね 
あ り が と っ て い る こ と を し ま し た で し ょ う か ？ 
1 5 秒 半 の 平 均 時 間 と い う こ と で す 
実 験 を 
私 は こ こ で 私 は こ の 最 後 に 
そ れ だ け で は と て も 明 ら か に 重 要 な の で す 
人 々 が ど れ だ け で は あ り ま せ ん で し ょ う か ？ 
ど れ だ け で 走 り コ ン ピ ュ ー タ の Boeing で し ょ う か ？ 

見 て く だ さ い 開 放 的 な の で し ょ う か ？ 誰 が 予 想 さ に 自 由 に な る で し ょ う 
そ し て 開 放 的 な 予 測 TEDster, に な り ま し ょ う 
そ し て 予 測 で き る か ほ と ん ど TEDsters リ ベ ラ ル 派 で し ょ う か ？ 
理 解 し て 見 て み ま し ょ う 
し か い 手 を 挙 げ た リ ベ ラ ル 派 で す こ と が で き ま す 
基 本 的 に は 社 会 問 題 の 議 論 し て い ま す 
で も 保 守 派 な い と 思 い ま す そ し て ３ つ 目 の 選 択 肢 が あ り ま す 
な ぜ な ら 私 は 大 き な エ ネ ル ギ ー が あ る 人 が リ ベ ラ ル 派 が 個 人 的 な の で す 
い 手 を 挙 げ て く だ さ い - - 
こ の メ デ ィ ア に 下 っ て い ま し た 
見 て く だ さ い の 人 が 誰 な の で す 
い 手 を 挙 げ て み ま し ょ う か も し リ ベ ラ ル 派 の み で し ょ う か ？ 
手 を 掲 げ て く だ さ い で い い で し ょ う 
い 手 を 挙 げ て み て く だ さ い で し ょ う か ら な け れ ば 自 分 の 個 人 的 リ ベ ラ ル 派 
そ の 1 2 - - 
そ し て い ま し た い 手 を 挙 げ な け れ ば よ い と 思 っ て い る の で す 
1 、 2 、 3 、 4 次 元 の 1 0 0 8 年 か ら で す 
ち ょ っ と 良 い こ こ で は 問 題 が あ り ま す 
な ぜ な ら な ら 私 た ち の 世 界 を 理 解 す る こ と で す 
と い う こ と を 理 解 す る 世 界 に つ い て も 
多 様 性 が な い の で す 。 倫 理 的 で す る こ と が 難 し く な い こ と で す 
人 々 は な ぜ な ら な 道 徳 の 価 値 を 
彼 ら は đội, に な り ま し た が 彼 ら は 心 理 学 の 共 通 す る こ と に 慣 れ đội, で す 
そ れ を 固 を 考 え る こ と で す 
失 敗 し た が リ ベ ラ ル 派 が 2 0 0 4 年 の よ う な も の で す 
仲 間 そ し て も う 少 し 2 0 0 0 年 間 私 た ち は 自 分 の ủi 安 

こ の 日 は 何 で し ょ う ？ 
6 日 目 に し て 自 分 で し ょ う か ？ 
し か し 、 Tosh.0 日 記 の ペ ー ジ オ ン ラ イ ン に つ い て 書 き 始 め ま し た 
マ イ ケ ル ト か ら J. Nelson 科 学 の 隠 れ た 
こ の 最 初 の 物 語 を エ ビ デ オ に つ い て こ の T w i t t e r 社 会 的 ネ ッ ト ワ ー ク で す 
し か し 重 要 な こ と で す そ れ は 個 人 の グ ル ー プ の 人 が ブ を 作 っ て い ま す 
点 が あ り ま す 
そ し て 共 有 力 を も っ と 多 く の プ ロ セ ス に な っ て い ま す 
そ こ で こ の コ ミ ュ ニ テ ィ で 作 ら れ て い ま す 
人 々 が 物 語 に 知 っ て い る と い う こ と で す （ 笑 ） 
そ し て 話 し 始 め ま し た こ と を し て い ま す 
結 果 は 今 の バ ー ジ ョ ン を 1 万 以 上 の Y o u T u b e 「 金 曜 日 」 が あ り ま す 
で も 最 初 の 7 日 
毎 日 の モ ッ キ ン バ ー ド が あ り ま し た ビ デ オ に 撮 り 直 さ れ て い ま す 

こ こ で 私 は 4 年 前 に 
関 係 に つ い て 話 を デ ザ イ ン の 幸 せ で す 
そ し て 最 後 は ト ー ク を お 見 せ し ま し た リ ス ト の 下 で す 
そ れ か ら 私 は 今 ま で ほ と ん ど 増 加 し て い ま せ ん で き る こ と で す 

私 た ち は い ま す 
私 の 会 社 の 発 明 し た 
新 し い テ ク ノ ロ ジ ー を 
多 く の 分 野 で 異 な っ て い ま す 
そ し て 私 た ち は 2 つ の 理 由 な 発 明 し た 
楽 し み を 発 明 で は 
発 明 は す ご く 面 白 い も の で す 
そ し て 私 た ち は 自 分 の 利 益 を 上 げ ま し た か ら で す 
こ れ は 2 つ の に 夢 中 か ら で す 
長 い 間 待 ち 我 々 が 
も し れ な い か も し な い と し て い る こ と で す 
だ か ら 
私 た ち は 主 要 な 
発 明 す る こ と に し て い ま し た 方 が 優 れ て い る の で す 
し か し 私 た ち は プ ロ グ ラ ム も 合 理 的 人 文 を 発 明 し て い ま す 
そ こ で 我 々 の 活 動 に よ る 最 高 の 発 明 し た の で す 
こ う 言 う の で す か ？ 」 と 私 た ち は ア イ デ ア が あ り ま す 
問 題 を 解 決 す る 世 界 で ず っ と し て い る の で し ょ う か ？ 
そ し て そ れ を 解 決 す る よ う に な る よ う と し て 私 た ち の 問 題 を 解 決 
真 っ 只 中 を 解 決 す る と い う こ と で す 
強 烈 な 創 造 し て い る の で す 
ビ ル ゲ イ ツ の 一 つ で 一 番 賢 い 人 は 
問 題 に つ い て 考 え ま し た 
資 金 さ れ て い ま し た の で し た い と 思 い や こ こ に ビ 傷 を 負 っ て 
簡 単 に 話 し ま し ょ う 
い く つ か の 問 題 を 抱 え て い ま し た 
そ し て 問 題 な の で す 
私 た ち は 解 決 策 を 見 つ け ま し た 
予 防 接 種 で す 
つ ま り の 主 要 な コ ミ ュ ニ テ ィ の 健 康 で す 
非 常 に 有 用 戦 略 の 手 段 で す 
し か し 発 展 途 上 世 界 の ワ ク チ ン が 
乱 さ れ る 前 に phối. 分 さ れ て い ま す 
そ し て ワ ク チ ン は 寒 い を 必 要 が あ り ま す 
ほ と ん ど の ワ ク チ ン が 必 要 が あ り ま す べ て の た め に 寒 い 案 で 
す ぐ 脅 し な け れ ば 主 性 を 認 め ま す 
そ し て 電 気 が な け れ ば 安 定 脅 ワ ク チ ン を 
子 供 の 死 亡 し ま し た 
で は あ り ま せ ん が ワ ク チ ン エ ネ ル ギ ー に つ い て 
子 ど も た ち が そ れ は 予 防 接 種 さ れ て い ま せ ん 
こ の 方 法 で す 
xin. つ 運 び ま す 
こ れ は ダ サ い styro 運 送 さ れ て い ま し た 人 間 が あ り ま す 
ま た よ う に な っ て い な ぁ 尾 部 に 
私 た ち は 解 決 策 が 異 な っ て い ま す 
ど の styro サ ダ サ い 岩 の こ と で す 
4 時 間 は 続 く 
そ し て 私 た ち は そ の よ う な 考 え で は あ り ま せ ん 
そ し て い ま し た 
そ れ は 6 ヶ 月 の 電 気 が 必 要 が あ り ま せ ん で す 
電 気 # っ て い ま す 
そ し て い ま す 
Watt. 半 分 に な り ま す 
こ れ は パ タ ー ン で も そ れ は 私 た ち の 2 つ あ り ま す 
３ つ の 世 代 の プ ロ ト タ イ プ を 今 す ぐ に は 
テ ス ト さ れ て い る 体 験 し ま し た 
私 た ち は こ れ ら の 考 え て い る の で す 
2 つ の 主 な ア イ デ ア で す 
そ れ と 同 じ で コ ン ピ ュ ー タ Dewar, cryo 冷 た い と い う こ と で す 
ヘ リ ウ ム nitrogen が あ る 液 込 ん で い ま す 
能 力 が あ り 素 晴 ら し い で す 
そ し て く だ さ い 素 材 を 私 た ち は こ こ に い る の で す 
ア イ デ ア は 興 味 深 い 
で も ダ の 目 に は 
な ぜ な ら thò を 開 き ま す 
逃 げ る こ と を す る ゲ ー ム で す 
こ の よ う に 見 え る コ ン ピ ュ ー タ が 売 れ る も の で す 
こ れ は ワ ク チ ン ジ ャ ー を 売 り 小 さ な 個 人 的 に 
単 純 な ア イ デ ア で す 
私 た ち を 変 え る と 期 待 し て い る ワ ク チ ン の 分 布 を 
ア フ リ カ の 世 界 で す 
私 た ち は マ ラ リ ア ン に あ る で し ょ う 
マ ラ リ ア の 難 問 で す 最 初 の 痛 み の コ ミ ュ ニ テ ィ の 健 康 で す 
Esther Duflo 少 し ま し た こ の 問 題 に つ い て 
2 5 0 0 0 万 人 の 歌 で 感 染 し ま し た 
ま さ に 子 供 が ア フ リ カ で 表 し て い ま す 
時 間 の 私 は 2 7 人 の 数 が あ り ま せ ん で し ょ う 
こ こ で 私 た ち は こ の 国 で す 
理 解 で き な も の な の で す が cuộc. な の で す 
Esther の 違 い の で す 
私 た ち に 反 応 す る こ と で す 
悲 惨 な も の が ハ イ チ の よ う に 起 き て い ま す 
そ し て い ま し た 悲 惨 な も の で す し か し 続 け ま し た 
そ こ で 我 々 は 何 が で き ま す 
人 々 は 多 く あ り ま し た 
多 く の 解 決 策 を 探 し ま し た 年 で マ ラ リ ア に 
蚊 取 る こ と が で き る で し か し ス と い う こ と に 環 境 の 影 響 で す 
よ う と し て い る こ と が で き る 治 療 を 受 け る 人 々 は 意 識 し ま す 
素 晴 ら し い の は 例 外 で は マ ラ リ ア に 届 い て 
彼 ら は あ り ま せ ん が 医 療 シ ス テ ム で す 
ワ ク チ ン す る 方 法 を 見 つ け る で し ょ う 
で は 食 べ て い る の で は あ り ま せ ん 
そ し て い ま し た 人 々 を 使 っ て い ま す か ？ は い く つ か の 有 力 な 候 補 な の で す 
マ ラ リ ア は 難 し い も の で す xin. つ が 
で き る の が 蚊 帳 を 
そ し て 蚊 帳 は と て も 効 率 的 に 使 わ な け れ ば 
蚊 帳 を 使 っ て は な い 人 は そ れ を 使 っ て ひ っ て い ま す 
で は あ り ま せ ん 
蚊 帳 と し て い ま す 
病 気 が あ り ま し た 
し か し 、 蚊 帳 を す る と 言 う と 殺 さ れ て い た の で は あ り ま せ ん 
マ ラ リ ア 
病 気 で 非 常 に 複 雑 で す 
理 解 す る 時 間 が か か せ な け れ ば な り ま す 
方 法 が あ り ま す よ う な メ デ ィ ー の 映 画 で す 
世 界 が あ り ま し た 肝 臓 リ ー ン に い る の で す 
地 練 に 細 胞 の セ に 住 ん で い ま す 
病 気 で 複 雑 な 
し か し て い る こ と に 興 味 深 い 魅 力 的 で す 
始 ま り ま す 私 た ち は 解 決 法 を 探 っ て い ま す 
現 在 可 能 な 解 決 策 が あ り ま し た 
一 杯 に 診 断 は 正 し い 尽 く す 
私 た ち は 今 年 の 期 待 し て 
生 産 さ れ て い る の で し ょ う 自 分 の 装 置 で す 
診 断 さ れ た マ ラ リ ア は 
と い う こ と の 働 き が コ ン ピ ュ ー タ を 取 り 線 に さ れ て い ま す 
一 滴 の 血 液 を 採 取 し ま す 
そ の よ う に な っ て い ま す そ し て 結 果 を 
今 や 手 順 で 検 査 複 雑 で す 
血 液 サ ン プ ル で の 山 に 電 子 顕 微 鏡 検 査 を 通 し て 
そ の 医 師 で 職 業 な の で す 
他 に は 
血 を 必 要 が あ る の で は あ り ま せ ん 
目 を 見 て み る と 
と い う も の の 白 血 管 が tròng 目 
と い う 事 実 に 直 接 す る こ と が で き る こ と に 
血 液 を 取 っ た の は あ り ま せ ん 
あ る 指 の 爪 の 皮 を 
な ぜ な ら 手 を 見 る こ と が で き る 回 路 が 見 え ま す 
そ し て 私 た ち の 血 液 回 路 を 見 る と 思 い ま す マ ラ リ ア と い う こ と が で き る の で す 
症 状 が こ の 分 子 で す 
hemozoin. と 呼 ん で い ま す 
マ ラ リ ア 原 虫 が 発 生 し て い ま す 
そ し て し ま す こ れ は 非 常 に 面 白 い こ と が で き る の は 
物 理 学 者 に と っ て タ で す 
で も あ り ま す そ れ ぞ れ な い こ と が で き る の で す 
こ れ は 1 0 分 の 研 究 室 乗 -15 私 た ち の １ 秒 で 
光 で す 
giây) 1fs は 
非 常 に 非 常 に 短 い 選 
こ れ は 光 に な り ま す 
長 さ で 歩 光 の 波 長 さ で す 
photon が あ っ た の で す 
衝 突 尽 く す の で す 
こ れ は エ ネ ル ギ ー を 有 し て い る 
あ な た の で す か ら 多 く の こ と を ho. と 
特 定 し て hemozoin. 分 子 を 見 つ け 
こ の 写 真 で す ク と い う こ と で す 
我 々 は 地 図 が あ り ま す 
位 置 hemozoin そ し て マ ラ リ ア 原 虫 が 
細 胞 の 中 で ク と い う こ と で す 
そ し て こ の 技 術 を 使 っ て 
そ し て 他 の 技 術 を 発 見 し た 
私 た ち は 分 析 す る こ と が で き ま し た 
で も 私 た ち は こ の 治 療 法 hemozoin 確 認 す る の で す 
マ ラ リ ア に 
難 し い 歌 っ た の で す 
マ ラ リ ア 原 虫 を 取 り 出 し て シ ス テ ム hoàn, 週 間 か ら で す 
同 じ tách, thẩm と い う こ と で す 
し か し い イ ン を 減 ら す の で す 
こ れ は ス ー パ コ ン ピ ュ ー タ の 兆 し ま し た 
専 門 の ソ フ ト ウ ェ ア し ま し た 
僕 の 問 題 の よ う な も の で す 
私 た ち は ソ フ ト ウ ェ ア を 解 決 し て い た の で す 
も し れ な い を し て い ま す か ら マ ラ リ ア が 
で は 問 題 で す 
で は あ り ま せ ん よ く 知 っ て い る こ と で も い ま す 
私 た ち は 、 ど れ ほ ど に つ い て 聞 い た 眠 る 示 さ れ て い ま す 
消 費 を 少 し は 蚊 帳 は 作 れ ま し た 
も う muỗi. ス 
さ て で き る の で す 
こ れ は 介 入 の 方 法 で 異 な っ て い ま す 
し か し そ れ で 効 果 的 な レ ベ ル đọ 異 な っ て い ま す 
ど う 違 い で し ょ う か ？ 
ス ー パ ー コ ン ピ ュ ー タ を 使 っ て 私 た ち が 作 っ て し ま し た 
コ ン ピ ュ ー タ モ デ ル が 世 界 で 最 も 良 い マ ラ リ ア に 
皆 さ ん が 今 す ぐ に 見 え ま す 
私 た ち は Madagascar. 選 ん だ 
私 た ち は 道 路 に な っ て い ま す 
こ れ が 
イ ン チ 四 方 の Madagascar. で し た 
私 た ち は 全 て の エ ネ ル ギ ー の デ ー タ に 
小 さ な の で す 
こ れ は と て も 重 要 な こ と で す か ら の 湿 っ た 微 に エ ネ ル ギ ー と い う こ と で す 
状 況 を 知 っ て い る の で す 
環 境 đọng 囚 人 の 生 殖 に 蚊 取 っ て い ま す 
そ れ に こ の 病 気 の 状 況 を 知 っ て い ま す 
こ れ は 一 年 前 蚊 を 紹 介 す る こ と で す 
モ デ ル を 作 っ て い ま す 
そ し て し ま し た 
特 に そ れ か ら で す 
こ れ は マ ラ リ ア ン ス キ ャ ン し て 
Madagascar. 
こ こ が 冬 雨 の し て い ま す 
次 の 時 間 は 乾 燥 し た い の で す 
マ ラ リ ア に 乾 燥 に 溶 け る で し ょ う 
日 常 生 殖 が あ り ま せ ん 
そ し て 次 の 年 後 に は も ち ろ ん 、 蚊 障 障 し て し ま す 
こ の モ デ ル と い う こ と で す 
私 た ち は コ ン ト ロ ー ル と い う よ う な も の を マ ラ リ ア 
何 千 倍 も ソ フ ト ウ ェ ア を 
現 実 行 す る 前 に 
で き る よ う に な っ て い ま し た シ ミ ュ レ ー タ の 要 素 を 経 済 の バ ラ ン ス が 
ど れ く ら い 企 画 xịt? 薬 エ ネ ル ギ ー に な り ま し た 
で バ ラ ン ス の 要 素 を 社 会 的 な 
何 が 起 こ る 状 態 も 難 し い の で し ょ う 
私 た ち は こ の よ う と し て い ま し た 研 究 の 敵 で す 
こ れ は 高 速 カ メ ラ を 撮 っ て い ま す 
muỗi. で す 
そ し て 瞬 間 を 
私 た ち が 流 れ ま で は あ り ま せ ん 
私 た ち は こ の よ う と し て い る 写 真 は 文 化 が あ り ま せ ん 
蚊 を 発 見 で き ま す 
小 さ な 粒 子 が あ る で し た 光 を 当 て る laser. 線 で す 
飛 行 機 を 理 解 に 蚊 取 り 
私 た ち は 希 望 を 理 解 す る で し ょ う か も し れ ま せ ん で い ま す 飛 行 機 は あ り ま せ ん 
現 在 で は あ る の で す 
chíng DDT. 薬 を 使 っ て い る と い う こ と で す 
こ れ は 広 告 で す 
こ れ は こ れ ら の 自 慢 で き ま せ ん で す 
日 前 こ れ は 基 本 的 な 技 術 で す 
そ し て 実 際 に は 多 く の 翻 訳 を し ま し た マ ラ リ ア DDT. っ て い ま す 
ア メ リ カ で も 同 じ で す 
1935, 年 間 1 5 万 ド ル マ ラ リ ア の 歌 が 毎 年 
ア メ リ カ で は 
し か し DDT 努 力 し て 大 き な コ ミ ュ ニ テ ィ の 健 康 で す 
翻 訳 型 に 成 功 し ま し た 
そ こ で し た い と 思 い ま す 
私 た ち に で も マ ラ リ ア に 集 ま っ て い る こ と で す 
寄 生 虫 で あ っ て い ま す が 
私 た ち は 何 が で き る 蚊 で し ょ う か ？ 
蚊 取 り を し て く だ さ い 電 新 し い 人 が 
絶 対 に 聞 こ え ま せ ん 
し か し こ う い っ た 
興 味 深 い 点 が あ り ま し た こ と が で き ま す 
Blue-ray 映 画 を 見 ま し た 
青 い 価 格 を 下 げ と レ ー ザ ー が あ り ま す 
レ プ リ ン タ ー を デ ザ イ ン の 電 気 が あ り ま す 
レ ー ザ ー を 使 っ て い る と い う こ と で す 
印 刷 す る た め に 使 わ れ の 点 を 持 っ て い ま す 紙 で す 
そ し て も ち ろ ん カ メ ラ が あ る の で す 信 号 処 理 
デ ジ タ ル で す 
私 た ち は こ の 装 置 を 使 っ て い る と い う こ と で す 
蚊 取 引 を レ ー ザ ー で は な ぜ で し ょ う ？ 

