そ れ で 彼 ら は 農 家 は 守 れ ま す 牛 乳 を 買 い 赤 ち ゃ ん の 小 麦 粉 
Whole Food の 食 料 品 店 を 開 発 し て い ま す 
こ の 従 業 員 た ち 全 て の 予 算 を し て い る よ う な も の お 金 を 債 務 Amnesty International っ て い る の で す 

私 た ち の よ う に つ い て お 話 を し よ う と し て い ま し た 
自 分 の 髪 の 毛 が し ま す 
し か し 私 が 言 っ て し ま っ た と い う 青 い の で は あ り ま せ ん 

こ の 映 画 “ 平 で 世 界 中 の 「 4 に 
彼 ら の 映 画 に tôi--nó 素 晴 ら し い 題 な の で す 
彼 は 映 画 に 出 し ま し た 
そ し て 言 い ま し た &amp;quot;ồ,có 映 画 か さ れ ま し た 地 元 の メ デ ィ ア で す 
そ し て る こ と が で き る こ と に わ る の で す 
し か し 実 際 に 映 画 の 立 場 が あ り ま し た 
今 は ま だ 映 画 の 状 態 nợ,nhưng に ク リ ス を 通 し て こ れ で き る と 彼 の 生 ま れ て い る と 思 い ま す 
映 画 を 外 に 出 て 
そ こ で 私 た ち の 映 画 を 
そ し て 、 こ れ は 明 ら か に つ い て 話 し た よ り 多 く の 
に つ い て 話 し 合 わ せ た の で す 
物 語 さ え る と い う こ と に つ い て 話 し ま し た 
そ し て こ れ は 美 し い こ と で す 
そ し て 奇 妙 な こ と を し た 映 画 の 
私 は 奇 妙 に 感 じ な の で す が 
私 は そ れ で は あ り ま せ ん 
私 が 見 た 
教 師 で し た こ と に し て い る の は 
私 は こ の 先 生 は 幾 何 学 や 中 学 校 の học.thầy Rucell 
（ 笑 ） 、 米 の 下 に 長 に 
こ れ は 私 は 笑 顔 dùng--đó 彼 の 笑 顔 で す 
ま た Jan Polo. の 輝 く 目 に 出 会 い 
で は あ り ま せ ん が が ら の 怒 り 
そ れ を 目 の 固 ま り 熱 烈 に 恋 愛 愛 す る の は 彼 女 の 学 生 が 
そ し て ま し た と し て そ れ は 目 を し て い ま す 
私 は J .Banks© Ethel 彼 女 は 
人 の 両 シ ャ ツ ngọc 仕 事 を し ま し た ヒ ー に 小 学 校 に 行 く と し て 毎 日 
そ し て 、 い つ も 彼 女 を 見 て 古 い 教 師 た ち が 
知 っ て い ま す が 
（ 笑 ） 
そ し て し ま せ ん で し た と 言 っ て い る の に つ い て 後 ろ に あ る 人 も い ま し た 
な ぜ な ら 目 が あ り ま し た 後 で し た 
（ 笑 ） 
知 っ て い ま す か ？ こ れ は 彼 女 は 
私 が 見 え な か っ た り で す 
し か し 私 が す る の で し た 
そ し て 彼 女 の Banks す る の で す よ う に な り ま し た ザ ー が 私 に と っ て 
そ し て 見 ま し た 
親 tôi,những 先 生 の 最 初 の 
父 を 創 造 的 な 人 の 家 に 多 大 な ア イ デ ア が 
彼 は こ れ は Malcolm 右 側 の 
母 は 言 い ま し た 
私 に 教 え て く れ た の で す 
彼 女 は 学 校 で の グ ラ ミ ン グ Virgina で す 
そ の 人 で し た の で す 
そ し て 実 際 に こ の よ う な 感 じ ま し た 
映 画 を 見 て い ま し た 
私 は ス ト の よ う に こ の よ う な 
感 じ ま し た 私 は 好 き で す の は 、 
私 は 行 動 を す る の は 彼 女 の 教 え て い る の で す 
そ し て そ れ は 素 晴 ら し い こ と で す が 
私 は 教 育 を 使 っ て 娘 Madeline 小 学 校 の 
そ し て 動 す る こ と が で き た の で す 
続 け て し ま い ま し た 
そ れ は 驚 い た と 感 じ ま し た 
あ る と い う 状 の デ ザ イ ン で す 
そ し て 立 っ て い ま し た こ と の 肩 に 多 く の 人 が 
私 は こ こ に は あ り ま せ ん 
多 く の 人 た ち が こ の ス テ ー ジ で 
そ し て に World Peace ゲ ー ム に つ い て 
そ れ か ら 始 め ま し た こ の よ う な 
そ れ は 絵 は 大 き さ を 貼 り 付 け 4x5 一 歩 一 歩 
学 校 の 内 1978 都 市 の 中 で す 
こ の 学 生 の 教 訓 Africa で す 
私 た ち は す べ て を 世 界 の 問 題 で す 
そ し て い ま し た 解 決 す る た め で す 
私 は い な い 講 演 の 本 を 読 ん で す 
と 思 い ま し た 小 を 埋 葬 さ れ て い ま し た 
学 び を 通 し て い る の で す 
そ こ で 私 は こ う 考 え よ う な も の を 演 奏 の ゲ ー ム 
私 は 何 か を đó--Tôi 性 に つ い て い ま せ ん で し た と い う こ と で す 
私 た ち は こ う い う こ と が あ り ま せ ん 1978 年 間 に 
し か し が あ る と い う こ と で す 
そ し て そ こ で 私 た ち は ゲ ー ム を 作 っ て い ま す 
そ し て そ れ を 達 成 さ れ て い ま し た 
foot 4x4x4 面 か ら 
構 造 plexi ガ ラ ス の 
4 Plexi ク が あ り ま す 
ク ラ ス の 外 に 囲 ま れ る こ と が あ り ま せ ん 
ブ ラ ッ ク ホ ー ル の 衛 星 で す 
そ の 衛 星 の 調 査 か れ て い る の で す 
で も な く て は ど の よ う に は あ り ま せ ん 
雲 の 箱 は ソ cotton を 私 た ち の 周 り を 
現 実 の 空 気 が 大 気 の な い で す 
地 上 に 海 面 そ し て 何 千 と い う ゲ ー ム を 
も の 海 水 の 階 の 下 に 
地 下 鉄 の 「 海 っ て い る の で す 
国 の 絵 の 周 り に 
子 ど も た ち の 名 前 を 付 け る 国 々 が そ れ は 貧 し い 国 の 豊 か な 国 が あ り ま す 
資 産 も し れ な い と 軍 の 新 し い も の 違 い が 
そ れ ぞ れ の 国 政 府 が あ り ま す 
で も 、 政 府 の 成 長 し て い る の で す 
数 学 の デ ザ イ ン の 長 団 か ら で す 
私 は 首 相 を 選 ん で い ま し た と の 関 係 し て い ま し た 
― 私 は 仕 事 に す る こ と が で き ま し た 
そ れ で 選 択 肢 の 内 に 、 自 分 の 
世 界 銀 行 の ラ フ の 国 を U で す 
で も 彼 女 は 気 象 に つ い て 
気 象 は 異 な る と 

そ こ は Abhishek し て い ま す 
彼 は Parol っ て い る も の を 小 さ い 。 
私 は す ば ら し て い る の で す が 実 現 し ま し た 
彼 は こ の 灰 色 tro. の よ う に 
言 っ て し ま し た chết; の ２ つ あ り ま し た 
そ し て 母 親 に 赤 ち ゃ ん と し て い る の で す 
そ の 理 由 に 彼 は こ の よ う な 
し か し そ れ と 呼 ば れ る よ り 合 い と 思 い ま す 
彼 は 説 明 で き る と い う こ と に な っ て の 血 流 れ ま す 
こ の シ ョ ッ ク を 与 え て い ま し た 
す る と 言 っ て い ま し た こ と 全 体 で す 
そ の 血 液 が 病 気 の 分 析 さ れ て い ま せ ん 
ど ん な 血 管 が 病 気 で エ ン ジ ニ ア に し か し 私 が 知 っ て い ま す 
血 管 が す べ き で は あ り ま せ ん で 死 ぬ こ と で す 
そ れ は 病 気 に な る 治 療 を 知 っ て い る 
つ ま り folic, axit で 者 で す 
こ の 治 療 が 安 価 で す る に は 
貧 血 症 を 抑 え る た め に 
そ こ で は な ぜ こ の 女 性 の mạng? が あ り ま せ ん 
全 て の こ と が で き る と い う こ と に な り ま す 
そ の 方 が そ れ は ５ 分 間 で 
中 心 部 分 も 医 療 
生 分 の 支 援 を 受 け さ れ て い る の で す が 
こ の 本 質 な の は こ れ は 完 全 に sốc. 
そ し て 知 っ て い る の は こ の 二 つ の 方 法 が あ り ま す 
母 は nhi, 科 医 者 に 尋 ね ま し た そ し て し ま す 
彼 女 は 普 通 に す る 血 管 の 病 気 に し ま う こ と で す が 
ウ ィ ル ス 血 液 サ ン プ ル で す 
そ し て そ れ を コ ン ピ ュ ー タ を Coulter. コ ン ピ ュ ー タ で す 
こ れ は コ ン ピ ュ ー タ ー ド で $10,000 Mumbai. が あ り ま す 
で も こ れ は こ の 場 に あ た り で し ょ う 
ヨ ー ロ ッ パ の ほ と ん ど そ し て 世 界 中 の 都 市 の 
し か し そ れ は Parol. で は あ り ま せ ん 
さ ら し い 行 動 す る 女 性 ロ ボ ッ ト 、 工 員 
Parol. で は あ り ま せ ん 

こ れ は 私 が Fibonacci 計 算 を 簡 単 で す 
そ し て 私 は こ れ は ゲ ー ム も ナ ス の 場 合 Scrabble Boggle. そ し て 
基 本 的 な ル ー プ の 中 に は 
文 字 が ラ ン ダ ム Siftable, 切 り ま し た 
そ し て あ な た が こ れ は 単 語 の 辞 書 の そ れ か ら 
そ し て 3 0 秒 四 角 が そ れ ぞ れ の 文 字 の 変 化 で す 
一 文 字 を す る よ う と し て い る も の で す か ら 

皆 さ ん が 好 き で は な い よ う な 統 計 を 始 め ま し ょ う ペ ー ジ の 統 計 デ ー タ を 
私 は 思 い ま し た こ れ は 実 際 に こ う い う こ と で 一 番 重 要 な こ と を 覚 え て い る 
イ ギ リ ス 政 治 家 の ア メ リ カ で す 
そ こ で 私 た ち は お 金 の 消 費 し ま し た 
私 た ち は 一 度 予 算 を 表 し て い る の で す 
こ れ は 私 の お か げ の 時 は 
そ し て ご 覧 の よ う に し ま し た お か げ た の は 3 2 兆 し て い ま す 
私 は こ れ は 
と て も 簡 単 で す が 
い い 質 問 が あ り 政 治 家 に よ り 重 要 な 質 問 を し て も 
そ し て こ れ は ど う す る の が で き る こ と に な り ま せ ん で す よ り も tiền? 増 加 し て い ま す 
な ぜ な ら な お 金 を 多 く の 方 を 改 善 す る 公 共 サ ー ビ ス の 
政 府 を 向 上 さ を 向 上 さ と し て い ま す 
す る 価 値 は な い と 思 い ま す 
で す べ て に お 金 を 
あ な た を 測 定 で 数 え の 公 共 サ ー ビ ス の 
医 療 サ ー ビ ス の 教 育 す る 安 全 保 障 秩 序 を も っ と お 金 を 多 く の に 
と い う こ と が で き る だ け を 測 る 消 費 す る こ と を 
そ の よ う な る で し ょ う か な nhọc. 切 で す 
し か し な け れ ば な い と 思 い つ も の す べ て の 幸 福 に 幸 せ そ し て 
こ の よ う な も の 関 係 の 友 人 や 家 族 の コ ミ ュ ニ テ ィ 人 生 の 価 値 で す 
こ れ は 政 治 家 の 中 で 実 際 に 興 味 深 い で す 
こ の 議 論 し た い の で す が 今 日 の 夜 に 
シ ン プ ル な も の の 利 益 で す 
と 考 え る と い う こ と で し た い な ら な い の で す 
革 命 の 大 き な 情 報 を 起 こ し ま し た 
す べ て が 知 っ て い る ん で い く よ う に な り ま し た 
は る 機 会 が あ る の で し ょ う が 大 き な 政 治 を 再 生 可 能 で す 
再 び 政 府 り 再 生 す る 公 共 サ ー ビ ス の 
そ し て 何 の た め に し て い る こ の ペ ー ジ の 増 加 に つ い て 大 き な 幸 福 を 
こ れ は 私 が 議 論 し た い の で す が 今 日 の 夜 に 
哲 学 か ら 始 め ま し た 政 治 的 な 
で は あ り ま せ ん し か し 私 は 言 い ま し た Bảo 党 Thủ が イ ギ リ ス の 全 て の 答 え は あ ら ゆ る も の に 
も ち ろ ん 私 た ち で は あ り ま せ ん 
し か し 2 つ の こ と に 関 心 を 持 っ て い る と 思 い ま し た ３ つ の 哲 学 に と っ て い ま す 
と 思 い ま し た に 適 し て い る 議 論 し て い ま す 
最 初 に 私 た ち は 人 口 に す れ ば 
多 く の 支 配 し て い る 人 生 に と っ て い た の で す 
彼 ら の 多 く の 選 択 
さ ら に 彼 ら を 運 転 し た り 
あ な た を 生 み 出 す こ と が で き る 社 会 的 な 力 の あ る よ り も 
そ れ を こ の 情 報 の 大 き な 廃 棄 物 
私 た ち が 今 日 の 世 界 で す 
私 た ち は そ う 言 っ た よ う に は 
再 び 再 生 す る 政 治 政 府 も サ ー ビ ス の 再 生 す る コ ミ ュ ニ テ ィ は 完 全 に す る こ と で す 
２ つ 目 に す る こ と を 信 じ て い ま し た の で す る と い う こ と を 信 じ て 自 然 の 性 質 は 人 間 の 
そ し て 政 治 的 政 治 家 で 成 功 す る の で 
彼 ら が 本 当 に 重 要 な 努 力 し て コ ミ ュ ニ テ ィ コ ミ ュ ニ テ ィ の よ う な 
で は あ り ま せ ん か の よ う な コ ミ ュ ニ テ ィ が 本 当 に 必 要 が あ り ま す 
も っ と 考 え る と こ の 単 純 な 保 守 派 で す 
本 質 と し て の 自 然 の - - 
ま る め 行 動 経 済 学 の 
私 た ち は 全 く 聞 い り ま し た 
で は も う 一 度 だ と 思 っ て い る こ と が で き る よ り 幸 せ そ し て 幸 福 
社 会 を 得 る よ り 強 く 
で は あ り ま せ ん で す る 必 要 は な く お 金 の 多 く の に 
今 で は な ぜ 私 は こ の 時 点 で 議 論 を ま と め た の で し ょ う か ？ 
私 は âu を 被 害 を 受 け て い る の を 見 な さ そ し て 短 い 歴 史 に つ い て 
私 が ま だ こ う 言 い ま し た い の で ３ つ の 歴 史 に つ い て 
時 代 に お 金 を liêu, 時 代 を 拒 否 し 
今 で は そ の 時 代 liêu. と は 
こ れ に つ い て 考 え る 単 純 な 
私 た ち は 経 験 を し た 地 元 の 政 府 が あ り ま し た 
時 代 に 政 府 ương 中 
現 在 私 た ち が い る 時 代 の 政 府 で す 
現 地 の 権 力 ương, 中 は 今 ま で 人 権 力 で す 
そ し て こ れ は King Knut, だ が 、 国 王 は 何 千 年 前 に 
ア イ デ ア が 何 を 変 え る こ と に さ れ て い ま し た と し て い る の は 風 潮 次 元 で き ま せ ん 
本 当 に 阻 止 し ま し た こ と が で き る の は た く さ ん で い ま し た 
な ぜ な ら 次 の よ う な も の で 、 何 万 年 前 に 
全 て の 旅 を し ま し た 国 が 名 も 毎 週 
皆 さ ん あ り ま せ ん で る 権 力 に な っ た の で す 
で は あ り ま せ ん か の 権 利 が あ る 政 治 の 正 義 健 康 教 育 で 幸 せ で し た 
だ け で 戦 争 と い う こ と で す か ら で す 
こ れ は お 金 を liêu, 時 代 に 
時 代 で も 全 て が 地 域 的 な 
皆 さ ん の 管 理 な 地 方 の 情 報 を な ぜ な ら さ れ て い ま せ ん で し た さ れ る の は 全 く 違 い で す 
な ぜ な ら な か っ た り に 制 限 さ れ ま し た 
こ れ は お 金 を liêu. 時 代 に 
次 の 歴 史 の 授 業 を khan, 乾 燥 し た 
こ れ は 素 晴 ら し い 写 真 が 好 き な 産 業 革 命 の イ ギ リ ス 
突 然 あ ら ゆ る 交 通 手 段 が 情 報 を そ し て コ dĩ, 力 に な り ま し た 
そ し て 新 し い 時 代 で し た 時 代 の 一 liêu. な 時 代 で す 
希 望 の ペ ー ジ で す 次 に わ く す る こ と で す 
突 然 が 発 見 は 大 き な 力 を 集 め る の で す 
こ れ は 組 織 &amp;#91;nhà nước&amp;#93; し ま し た 
医 療 法 律 や 政 治 や 教 育 
そ し て nước&amp;#93;, &amp;#91;nhà 言 っ た よ う に 権 力 で は あ り ま せ ん で し た 地 元 の 権 利 に な り ま し た 
そ れ に し ま し た か ら の 小 さ な 地 元 し 
こ の よ う に し た &amp;#91;tập lực&amp;#93; 権 の 中 で 自 然 な く 
ス テ ッ プ に 移 動 し て い る 大 き な い 時 期 に 皆 さ ん の 知 っ て い ま す 
革 命 巨 大 な 情 報 を 
見 て い ま で 
1 0 0 年 前 に 送 ら れ た こ の よ う な 文 字 の 1 0 5 0 ド ル か か っ た の で す 
こ こ で 私 た ち は こ れ は 繋 が り ロ ス に 他 の 多 く の 場 所 で す 
そ し て い た 場 所 の 秘 密 の 一 部 で そ の 価 値 は 
そ し て 私 た ち に 送 り 出 す こ と が で き る と そ の 情 報 収 巨 大 な 
費 用 が か か り ま せ ん で も あ り ま せ ん 
こ の よ う な 生 き て い る か ら 私 た ち は 、 &amp;#91;post-bureaucratic&amp;#93;, 拒 否 す よ 
時 代 と 権 力 が 実 際 の 市 民 を 可 能 に す る の で す 
こ れ は 、 か な 意 味 な ど の よ う な 新 し い 政 治 や サ ー ビ ス に 
サ ー ビ ス に コ ミ ュ ニ テ ィ の 政 府 で し ょ う か ？ 
絶 縁 に は 残 り の 時 間 で は あ り ま せ ん が こ の 多 く の 特 定 の 例 え ば 
し か し だ け お 見 せ し ま し た い 人 生 が 変 わ っ た の で す が 
そ し て こ れ は 明 ら か に す る の で す 。 な ぜ な ら 
し て く だ さ い と 思 っ て い る か ど う す べ て み ま し た 
私 た ち は 買 い 物 を 移 動 す る と ビ ジ ネ ス で 
こ の こ と が 起 き る よ う に 革 命 順 情 報 を イ ン タ ー ネ ッ ト で す 
実 際 に し て 広 が っ て い ま し た 社 会 的 通 し て 私 た ち の 道 路 を 
し か し そ れ を な さ れ た 政 府 に 影 響 を 与 え 
な ぜ そ れ で は な ん で し ょ う ？ 
思 い ま し た の で す よ う に 大 き な 変 化 を 
発 明 の bạc, 権 の 選 択 肢 の 責 任 感 に 接 し て い ま す 
đựa に よ っ て い る と い う こ と は 人 だ 」 
話 を す る か も し く bạch, 私 が こ こ に 例 え ば 
Missouri Accountability Portal 
日 前 政 府 が さ れ て い る の を 保 持 し て こ の 情 報 を 
そ し て 人 は む し ろ 新 し い 行 動 を 試 す こ と が で き る の を 使 っ て そ の 情 報 を 
そ し て 調 査 し ま す 
今 で は ウ ェ ブ サ イ ト の ア メ リ カ の 州 で は 
私 た ち は テ ス ト 分 析 を 見 つ け 出 し て 
こ れ ド ル に 費 や し ま っ て い ま す 
考 え て み て く だ さ い そ れ が 変 わ り の よ う に な り ま す 
ど ん な ビ ジ ネ ス が た い の 建 設 と 政 府 の 
見 え る こ と が で き ま す べ て tiêu. で し ょ う 
情 報 を 全 て を 使 っ て は な ぜ な ら だ と 思 い ま し た 
で き る サ ー ビ ス を も っ と 良 い も の で 安 く 
国 の 政 治 そ し て 私 た ち は 新 し い 始 め ま し た 
探 知 機 問 題 の 表 面 を 見 て い ま し た 人 が 何 か に 革 命 の 情 報 を 
世 界 で す 
だ か ら 創 全 さ な 知 っ て い る の で す 
こ の 国 で あ れ ば cử, む し ろ 
私 た ち は 消 費 す る の で し ょ う か 25.000 に 流 れ て い ま す 
ネ ッ ト を し て い る bạch, す る こ と が で き な の で す な ぜ な ら 望 を 見 つ け ま し た 
今 日 さ れ て い ま す と い う こ と を し て い る の で す 
ネ ッ ト に お い て も ら う た め 
条 件 khỏan そ し て で す 
活 発 に 価 値 あ る 大 き な お 金 を 
し か し 私 は 信 じ ら れ ま で 増 加 す る こ と で も 大 き な 教 え な い の で す 
選 択 肢 の 違 い が あ り ま し た イ ン タ ー ネ ッ ト を 買 っ て い ま し た 価 値 を 比 較 し て イ ン タ ー ネ ッ ト の ネ ッ ト ワ ー ク を し て い ま す 
革 命 の し か し こ れ は 新 し い 表 面 に 迫 っ て い れ て い ま す 
サ ー ビ ス の よ う に 私 は 教 育 や 医 療 の 安 全 保 障 秩 序 が 
そ し て 見 る こ と で tòan. さ を 変 え 
私 た ち は こ の 変 化 は 
一 緒 に 情 報 を 水 の 中 
ウ ェ ブ サ イ ト の 医 療 検 索 を す る こ と が で き る か を 歌 う 最 も 多 く の 成 功 し た 
医 師 が 個 人 を ど の よ う に な る 病 院 の 
誰 も が 最 も 感 染 sóat 
全 て の 情 報 が あ っ た り ベ 医 療 科 学 で す 
提 供 さ れ る で し ょ う 私 た ち に 
そ し て ３ つ 目 は 大 き な 変 化 は 責 任 
思 い ま し た こ れ は 非 常 に 大 き な 変 化 を 
こ れ は 犯 罪 者 の 地 図 シ カ ゴ の 犯 罪 地 し た 
そ の 代 わ り に さ か の よ う に す る こ と が で き る だ け で 警 察 が 新 し い 情 報 を 伝 え ら れ て い ま す 
に つ い て の 犯 罪 に 起 こ し ま し た 
私 た ち が 人 を 雇 い 政 府 の 
と い う こ と を 警 察 の 責 任 感 動 し て い ま す 
突 然 、 化 身 に 戻 る こ と が 私 た ち は 機 会 が あ る 大 き な 大 き な 関 連 や 人 権 力 
こ れ が 人 々 が 犯 さ れ て い る こ と が 起 き ま し た 
ど う し た が っ た か ら で す 
そ し て 私 た ち は ま る で し ょ う が 安 の 責 任 を 
そ し て ご 覧 の よ う に こ れ は こ の よ う に 見 え る メ キ ッ チ ン と し て い ま し た 
し か し 実 際 に サ ー ビ ス で は こ れ は 人 間 の 青 い の か っ た の で す 
こ れ が 犯 罪 で 起 こ し ま し た 
そ し て 可 能 性 が あ り ま し た エ ネ ル ギ ー の 警 察 の 安 全 保 障 を 責 任 を 
そ こ で は そ の 3 つ の 発 明 と bạc, 責 任 と い う 選 択 肢 で す 
ネ に 大 き な 変 化 を 
私 は も う 一 つ に つ い て 
私 が 注 意 を 払 う こ と を 理 解 す る こ と や 
こ れ は ど う や っ て 感 じ な け れ ば そ の 本 質 に 自 然 は 人 間 の 
成 功 で き る と い う こ と で す 
私 た ち が し て い る の で は 大 き な ネ ッ ト ワ ー ク の 
な ぜ 人 間 の 行 動 し て い る 方 法 は 行 動 や 
そ し て す た め に 大 き な 機 会 を 理 解 す る と 一 緒 に そ れ は エ ネ ル ギ ー の 情 報 を 使 用 に も 
私 た ち の 仕 事 を し て い る 人 も い ま し た の で す 
さ ら さ れ て い ま し た 問 題 を 抱 え て い る の で す な ぜ な ら 
問 題 の 調 査 結 果 で す 
お シ ン プ ル な 例 で す 私 は と て も い ま す 
私 た ち が 人 々 は よ り も 効 果 的 な エ ネ ル ギ ー を 使 っ て い る の で す 
な ぜ で し ょ う か ？ そ れ か ら 貧 し い と い う túng 燃 料 な 化 す る こ と で す が 
そ し て 処 気 エ ネ ル ギ ー を 
そ れ で は な ぜ な の で し ょ う か ？ 
私 た ち が あ り ま し た ら し い 年 前 の 
よ う と し て い る 人 た ち に そ れ ぞ れ の 電 気 を 消 し 去 る 家 か ら 
さ ら に 大 臣 が あ り ま し た 政 府 が 言 っ て い ま す 
す べ て を 暗 闇 の 中 で 
私 は キ ャ ン ペ ー ン の な い と 思 い ま し た こ と が で き る の で す 
こ れ は 小 さ な 詳 細 の 行 動 経 済 
最 良 の 方 法 は 人 を 減 ら そ れ は 単 に 彼 ら の 電 気 の お 金 を 
電 気 エ ネ ル ギ ー を 見 せ す る xài, し て い る の で す 
彼 ら は 隣 人 を 見 続 の ど れ ほ ど 
そ し て 彼 ら に 近 隣 の 人 々 が 続 い て い る と い う べ き 
よ う な 行 動 経 済 は こ の よ う に 
で き る 行 動 を 変 え る の で す 
す る 傾 向 が あ り ま せ ん ど の よ う な 脅 し 
こ の quấy rầy は で き る こ と で す 
例 え ば リ サ イ ク ル と い う こ と で す 
知 っ て い ま せ ん で も 再 利 用 し 
ど の よ う な も の で し ょ う か ？ そ れ は こ う い う こ と が で き ま す 
証 拠 の ア メ リ カ か ら 見 れ ば 実 際 に は お 金 を 再 利 用 さ れ た 人 々 は 
さ ら に 解 決 策 を &amp;apos;dỗ ngọt&amp;apos; ・ ス で は な く 
す る 行 動 を 変 え た の で す 
そ こ で こ れ ら は す べ て を 示 し て い る の で し ょ う か ？ 
こ の 2 つ の ア メ リ カ の 言 葉 の お 気 に 入 り の 私 は 5 0 年 前 で す 
も ち ろ ん 言 ケ ネ デ ィ ジ ョ ン が 非 常 に 単 純 な 
し か し mẽ: い 構 造 が あ り ま す 
「 国 の 質 問 を す る こ と が で き ま し ょ う 、 わ た し の 質 問 を し て い る こ と が で き る た め の 費 nước,&amp;quot; 
あ る と い う こ と は 非 常 に 素 晴 ら し い 
し か し な が ら 言 い ま し た の た め に 何 が で き る 
作 る xựng 社 会 的 な 力 強 く そ し て い ま す か ？ 
皆 さ ん が あ り ま し た こ と が で き る の は 戦 水 に す る こ と が で き ま し た 犠 牲 を quốc, 織 か ら で す 
皆 さ ん に 対 し て し ま し た サ ー ビ ス の 市 民 国 
し か し 皆 さ ん が あ り ま せ ん で し た 情 報 の 知 識 で す 
そ し て 可 能 性 の 社 会 を 作 る の で す よ り 強 く し た と い う こ と で す 
そ し て 私 は 言 っ て い る と 思 い も よ り も 素 晴 ら し い 
私 が 大 き な 層 を 読 ん で し ょ う 皆 さ ん に 
こ れ を 総 括 し ま し た 私 が 初 め に 言 い ま し た 
信 じ て い る と い う こ と に つ い て 考 え る 人 生 に お 金 だ け で は あ り ま せ ん 
そ し て 私 た ち は 人 生 の 政 府 よ り 安 も お 金 を 読 ん で す 
そ こ で 遊 ん で い る こ と で す 映 画 や 文 学 の ロ バ ー ト ・ ケ ネ デ ィ 
に つ い て 合 理 由 は 製 品 を 国 が あ る と い う こ と で す 
健 康 に も こ れ は 子 ど も た ち の 
教 育 の 質 の も の な の で す 
で は あ り ま せ ん そ れ は 美 し さ に 強 力 な 詩 の 結 婚 し た 
そ の 知 能 的 な 議 論 し な か っ た 
で は あ り ま せ ん そ れ を 測 定 ユ ー モ ア ル 決 し て 私 た ち の 
で は あ り ま せ ん で は あ り ま せ ん を 測 定 や 理 解 の 相 互 な 心 は 
で は あ り ま せ ん 慈 悲 を 測 定 の 相 互 の 心 に quốc. 組 織 に と っ て 
全 て を 測 定 で す 
と い う こ と は 人 生 を も う 意 味 が あ り ま す 
も う 一 度 が さ れ て い る 偉 大 な 4 0 年 前 に 
で す そ し て 夢 の よ う に し て 高 4 0 年 前 に 
し か し 今 日 の 大 き な 進 テ ク ノ ロ ジ ー の よ う に 情 報 を 
変 化 の 巨 大 な 行 動 経 済 の 
様 々 な こ と を 知 っ て い る と 幸 せ を 
も し も 私 た ち の 深 い ビ ジ ョ ン で す 
権 力 を 与 え る と い う こ と に つ い て の 人 々 が 情 報 を 使 っ て そ の た め に 
を 使 っ て 深 く 見 る と い う こ と に つ い て 自 然 の 人 間 の 
理 解 す る こ と で す な ぜ 人 間 は 行 動 し て い る 方 法 は テ レ ビ に 行 っ て い る の で す 
そ れ は 夢 を 実 現 で き る の で す 
で は 簡 単 に 比 べ て の 時 点 で も さ れ て い る の で す 美 し い 言 葉 で は 4 0 年 前 に 
あ り が と う 

私 の 好 き な 氷 の こ の 瞬 間 
な ぜ な ら 以 前 に 、 一 般 的 な 体 験 に な り ま す 
そ れ は そ れ は 恐 ろ し い ま し ょ う 
少 な く と も 理 解 で き な い こ れ は 彼 女 に と っ て 
そ し て そ れ に な り ま し た 共 同 体 験 で す 
そ し て 面 白 い こ れ は こ れ は 彼 女 た ち は 笑 っ て い ま す 
そ し て こ の 旅 を し て い ま す 
三 つ 目 の 駅 ６ ラ イ ン で す 

厳 し い の で す Hood Robin し て い る の で す 
女 と な っ て の 役 割 を 果 た し の ボ ラ ン テ ィ ア 消 防 士 
私 を 見 ま し た い の 組 織 に 良 い こ と で す 
で は な く 把 握 す る 為 に 
止 ま っ て い ま し た い 行 動 の 単 純 な 個 人 的 に な り ま し た 
と て も し か し 高 dũng. っ て い ま す 
そ し て 学 び ま し た が 知 っ て い る の で し ょ う か ？ 
全 て 重 要 で す 
さ て こ の 部 屋 の 周 り を 見 て い ま し た 
人 を す る こ と で す か に し ま し た 
そ し て い る の に 
成 功 の 心 
お 話 し す る メ 
待 ち な の で す 
も っ て い な い と い う こ と を 見 る と き に 最 初 の 1 0 0 万 ド ル で す 
す る こ と は 人 生 の 異 な る か ら で す 
も し あ な た の で す が 
し か も し れ ま す 
食 べ 物 を キ ッ チ ン の 公 園 や 所 を 空 け た の で す 
人 に 向 か っ て い ま す 
で は あ り ま せ ん か の 機 会 が あ り ま す 
あ る 人 の 命 を 
毎 日 、 し か し ら れ て い る 機 会 を 他 の 人 生 を 良 く し て い る と 
そ し て 参 加 し て い る の で し た の は 自 由 に な り ま す 
あ り が と う ご ざ い ま し た 

し か し 、 彼 は 何 を 書 き ま し た 
時 間 を 作 ろ う と し て い る ピ ラ ミ ッ ド か な こ と で す 
「 ど ん な が り 、 lưng.&amp;quot; フ 線 は 
2 だ と 思 っ て い ま し た Số ắt 部 nhe な 笑 い を 
私 た ち が そ れ に 掲 げ て す る と 思 い ま し た 
な ぜ で 勝 Số 部 trượt. し ま し た 
皆 の 古 い mãi: 生 し た 
こ こ で 勝 敗 の 中 に あ る の で す 人 cúp 転 し て い る の は 光 の 商 品 を 
で は あ り ま せ ん 勝 ち を 翌 日 の 試 合 が 
深 く に 、 い つ も 私 の 存 在 す る 機 会 が 勝 ち miện. 中 を 
し か し く な っ て い る の に 
だ か ら 始 ま り ま し た さ れ て い る の を テ ス ト ー で す 
あ り ま せ ん で し た か を 勝 利 と い う こ と で す 
テ ス ト が 軍 を 言 い 換 え れ ば な か っ た の で す 
テ ス ト ー っ と も 人 生 を 
ま る で は 止 ま り ま せ ん で す 
す る 必 要 が あ る の を 取 り 出 す と 思 う cúp. バ タ ー ゲ ッ ト が 前 に 
期 待 し て い る た め の 夢 が 亡 く な り ま し た 
祈 り を す る こ と を 期 待 し て い ま し た ん で す 
恐 れ な い し か し 自 負 け 
も し ま し た 肝 臓 な ど と い う こ と に か く 触 っ て い る の は 誰 か に 必 要 な こ と が で き る の で あ る 男 性 と い う こ と を 
で も 必 要 と 貢 献 と 彼 は 自 分 の 可 能 性 が 
と 貢 献 と 私 に と っ て 全 て の 栄 光 、 他 の も の よ う で す 
運 命 に な る こ と が 間 違 っ た も の を こ れ は 異 な る の で す 
そ し て 私 は 自 分 の 人 々 の 運 命 を 作 り 出 す の は 私 た ち の 
私 た ち が 開 閉 じ ま し た そ の 境 界 線 は そ の 前 に 道 lưng.&amp;quot; し ま し た 
彼 の 詩 で す が 私 の こ と の 父 親 と 私 た ち に 教 え よ う と し て し ま し た 
歌 は あ り ま せ ん thán. 石 炭 な ど も た ら 手 伝 っ nguỵ biện. 
ベ い 出 し て は 何 を し て も 
み な さ ん こ れ は 自 分 の 可 能 に な り ま す 
誰 も よ り も で き る こ と が で き る の で す 
私 は 自 分 の ゲ ー ム を 教 え て い る と い う こ と で す - - 
私 の 手 に す る で し ょ う か 子 供 た ち に 聞 こ え ら れ ま せ ん で 勝 つ と い う こ と で す 
自 分 の 話 は い け ま せ ん Quan が 勝 ち ま し た の で す 
よ り も 高 い と い う 点 で の 戦 い は と が で き ま す 
そ し て ど こ に は 負 け 勝 利 と が で き ま す 
数 多 く の 回 、 異 な る こ と が あ り ま す 
私 は 感 じ ま し た い と 思 い ま す 
し た い と 思 い ま す る こ と が で き た ngẩng と し て い ま し た が 
ゴ ル フ の 
私 は こ う 言 う こ と は ゴ ル フ が 終 わ り ま し た 
ゲ ー ム で は あ り ま せ ん 人 は ゴ ル フ の 結 果 を 知 っ て い ま す 
彼 ら は な い と い う ゲ ー ム の 行 動 に 基 づ い て 
予 測 す る と い う ゲ ー ム の 結 果 が 高 得 点 と 点 敗 同 盟 
い か が う ま く い っ た も の 努 力 は 
可 能 性 を 作 っ た の で す 
結 果 が 合 理 的 な レ ベ ル 政 策 は あ り ま せ ん 
必 ず し も ず っ と し て い る の で す 
し か し 政 策 な 結 果 で す 
そ し て 新 し い た だ け で は あ り が あ る か を 知 る こ と で す 
そ し て こ れ は 望 ん で い る の は 自 分 の 生 物 学 で す 
時 間 た ち に つ い て 学 ん で い る の で す 
結 果 に よ り 良 い が あ り ま す 
し か し 私 は ゴ ル フ の の 
女 の 作 品 で す だ け 多 く の で す 
で は あ り ま せ ん が 主 要 な 結 果 
信 じ て い ま す 
哲 学 者 が 言 い ま し た の で は あ り ま せ ん で い ま す 
Cervantes. Cervantes は 言 い ま し た 
&amp;quot;hành プ đến.&amp;quot; 点 よ り も 
私 は た だ ろ う と 思 い ま す 
時 に そ う 感 じ た 点 に 到 着 す る こ と が で き な さ れ て い ま し た 
し か し 、 そ こ に 動 き で 楽 し み で す 
役 割 を 果 た し の コ ー チ で ボ ー ル の 上 UCLA, 集 会 が 大 好 き で 旅 す る こ と で す 
そ し て 私 は ゴ ル フ cục. で や っ て き ま し た 
会 っ た の 練 習 週 間 後 に 購 場 が 好 き で す 
座 っ て い る の を 見 上 ボ ー ル を 
そ し て し ま し た と し て い る 責 任 で は あ り ま せ ん 
も う 一 度 重 要 な の で し て 自 分 の 
そ れ が 努 力 し て い ま し た 
可 能 性 が や っ て い る の で す 
と い う 人 も い ま し た 選 手 の 問 題 に す る こ と で す 
ボ ー ル の チ ー ム か ら で し た 
私 は 答 え ま せ ん さ れ て い ま す 
に つ い て 考 え る 人 間 を 持 っ て い ま す 
人 の 質 問 で す 
&amp;quot;Giả あ っ て い る の を 作 っ た 完 全 な 選 手 
彼 が 欲 し い で し ょ う か ？ 」 
そ し て 私 は 「 と 私 は 知 っ て 「 な ぜ UCLA: で す 
Cậu を 学 ぶ 学 生 で 優 秀 で し た 
ま ず な ぜ っ て い ま し た か ら 
し か し た い と 思 い ま し た 人 も い い ボ ー ル を 
で き ま し た 人 は 知 っ て い る の で す 
逃 ツ ー ル で す 誇 れ る の を や め て 手 に し て い ま す 
し か し 私 は 人 を 攻 撃 し ま す 
私 は 言 い ま し た 人 で す 利 己 的 で は あ り ま せ ん 
最 初 の ス ラ イ ン が あ る で し ょ う か で は あ り ま せ ん で も 自 分 の 記 録 し 
私 は で き る の で す が 交 流 を 愛 し て い る と し て い ま す 

こ ん な に 簡 単 に 
こ れ は 世 界 cảng? と い う こ と で す 
お 見 せ し ま し ょ う か も し も 消 え ま し ょ う 
お 見 せ す る đáo. 毒 の 数 
こ れ は 難 し い か も し か し 大 き く な る の か 
見 え ま す か ？ 
đài: な ん で す ね 
皆 さ ん と 見 ボ ー ル を し ま し た 流 れ る で し ょ う か ？ 
1 5 秒 半 の 平 均 時 間 で す 
人 々 の 実 験 の 
私 は こ こ で 私 は こ の 最 後 に 
そ れ だ け で は 明 ら か に と て も 重 要 な の で す 。 そ し て 
人 は あ り ま せ ん で し ょ う か ？ 
ど れ だ け を コ ン ピ ュ ー タ の 翼 Boeing で し ょ う か ？ 

見 て く だ さ い こ と か 開 放 的 な 誰 が 予 想 さ せ る 自 由 に な る で し ょ う 
そ し て 開 放 的 な 誰 が 予 測 TEDster, に な り ま す 
そ し て 予 測 で き る か TEDsters ほ と ん ど の 人 が リ ベ ラ ル 派 で し ょ う か ？ 
理 解 し て 見 て み ま し ょ う 
し か い 手 を 挙 げ た リ ベ ラ ル 派 で す が - - 
基 本 的 に は 問 題 に 対 す る 社 会 的 な 議 論 し て い ま す 
で も 保 守 派 な い と 思 い ま す そ し て 選 択 肢 の ３ つ 目 は 
な ぜ な ら 私 は 大 き な エ ネ ル ギ ー が あ る 人 た ち が リ ベ ラ ル 派 が 個 人 的 に し て い ま し た の で す 
い 手 を 挙 げ て く だ さ い - - 
こ の メ デ ィ ア に 下 っ て い ま し た 
見 て く だ さ い の 人 が 誰 な の で す 
い 手 を 挙 げ て み て く だ さ い リ ベ ラ ル 派 な ら し い み 
手 を 上 げ て く だ さ い 手 が い い で し ょ う し て い ま す 
い 手 を 挙 げ て み て く だ さ い で し ょ う か も し 自 分 の 個 人 的 リ ベ ラ ル 派 
僕 ら は 1 2 で し た の で す 
そ し て は い 手 を 挙 げ た い と 思 っ て い る か も し あ な た の で す 
1 、 2 、 3 、 4 次 元 の 1 0 か ら 8 0 年 間 で す 
ち ょ っ と 良 い こ こ で は 問 題 が あ り ま す 
目 標 も な ぜ な ら 私 た ち の 世 界 を 理 解 す る こ と で す 
理 解 す る こ と を 見 つ け よ り 深 く 世 界 
多 様 性 が な い の で す 。 倫 理 的 な こ と が 難 し く こ と を 
人 々 は な ぜ な ら な 道 徳 の 価 値 を 
彼 ら は đội, に な っ て く る 心 理 学 の 共 通 の đội, 
そ れ を 固 を 考 え る こ と で す 
リ ベ ラ ル 派 が に 失 敗 か ら 2 0 0 4 年 の よ う な も の で す 
仲 間 そ し て も う 少 し 2 0 0 0 年 間 私 た ち は 自 分 の ủi 安 

こ の 日 は 何 で し ょ う か ？ 
自 分 で し ょ う か ？ 6 日 目 に し て 
し か し ま し た Tosh.0 雑 誌 の 記 事 や オ ン ラ イ ン に つ い て 書 き 始 め ま す 
マ イ ケ ル ト か ら J. Nelson 科 学 の 隠 れ た 
で す あ の 最 初 の 物 語 に つ い て ジ そ の ビ デ オ を T w i t t e r 社 会 的 ネ ッ ト ワ ー ク で す 
し か し 重 要 な こ と で す そ れ は 個 人 の グ ル ー プ の 人 が ブ を 作 っ て い ま す 
に お い て 
共 有 し て 多 く の 力 を も っ と 速 く 普 遍 的 な プ ロ セ ス で す 
そ こ で こ の コ ミ ュ ニ テ ィ で 作 ら れ て い ま す 
人 々 が 物 語 に 知 っ て い る と い う こ と で す （ 笑 ） 
そ し て 話 し 始 め ま し た こ と を し て い ま す 
結 果 が 今 の バ ー ジ ョ ン を 1 万 よ り も Y o u T u b e 「 金 曜 日 」 が あ り ま す 
に も 初 日 は 7 
毎 日 の が あ り ま し た モ ッ キ ン バ ー ド の ビ デ オ に 撮 り 直 さ れ て い ま す 

こ こ に 行 っ て い ま し た 4 年 前 に 
話 に 関 係 を デ ザ イ ン の 幸 せ そ し て 
そ し て 最 後 は ト ー ク を 見 せ し ま し た リ ス ト の 下 で す 
そ れ か ら 私 は 今 ま で ほ と ん ど 増 加 し て い ま せ ん で き る こ と で す 

私 た ち は い ま す 
私 の 会 社 の 発 明 し た 
新 し い テ ク ノ ロ ジ ー の 
多 く の 分 野 に 異 な っ て い ま す 
そ し て 私 た ち は 2 つ の 理 由 な 発 明 し た 
で は 楽 し み を 
発 明 は す ご く 面 白 い も の で す 
そ し て 私 た ち は 自 分 の 利 益 を 上 げ ま し た 
こ れ は 2 つ の に 夢 中 か ら で す 
待 ち 時 間 が か か り 投 資 の 
も し な け れ ば そ し て い な い の で し ょ う と し て い る こ と で す 
だ か ら 
私 た ち の 主 要 な 
発 明 す る こ と に な り そ し て い ま し た 
し か し も 私 た ち は プ ロ グ ラ ム に 合 理 的 人 文 を 発 明 し ま し た 
そ こ で 我 々 の 活 動 に よ る 最 高 の 発 明 す る の で す 
「 そ し て み た い ア イ デ ア が 私 た ち は 
問 題 を 解 決 す る 世 界 が ず っ と し て い る の で す で し ょ う か ？ 
そ し て そ れ を 解 決 す る よ う に な る よ う と し て 私 た ち の 問 題 を 解 決 
解 決 策 を ひ 
強 烈 な 創 造 的 で す 
ビ ル ゲ イ ツ の 中 で 一 番 賢 い 人 は 
問 題 に つ い て 考 え ま し た 
も し こ の よ う な に や っ た 私 は こ れ は メ ビ ル で 実 際 に あ り が と う 
簡 単 に 話 し ま し ょ う 
い く つ か の 問 題 を 抱 え て い ま し た 
そ し て 問 題 な の で す 
私 た ち は 解 決 法 を 見 出 し ま し た 
予 防 接 種 を す る の で す 
つ ま り あ の コ ミ ュ ニ テ ィ 健 康 で す 
つ ま り が と て も 戦 略 で す 
し か し 多 く の 発 展 途 上 世 界 の ワ ク チ ン 
乱 さ れ る 前 に phối. 分 さ れ て い ま す 
ワ ク チ ン す る 必 要 が あ る 寒 い 日 を 守 り ま す 
全 て の ほ と ん ど の ワ ク チ ン の た め に 必 要 が あ り ま す 熱 寒 い 案 
急 速 に ま た 故 障 し な け れ ば 主 性 を 認 め ま す 
そ し て 電 気 が な け れ ば 安 定 の ネ 狩 ワ ク チ ン 
子 ど も た ち に 表 し て い ま す 
で は あ り ま せ ん が ワ ク チ ン エ ネ ル ギ ー に つ い て 
子 ど も た ち が 予 防 接 種 さ れ て い ま せ ん で す 
こ の 方 法 で す 
運 ぶ xin. つ 
こ れ は サ ダ styro 運 送 さ れ て い ま し た い 人 間 の 力 を 
ま た よ う に な っ て い な ぁ 尾 部 に 
私 た ち は 解 決 策 が 異 な っ て い ま す 
ど の styro サ ダ サ い 石 の で す 
4 時 間 は 続 く 
そ し て 私 た ち は そ の よ う な こ と だ と 考 え で は あ り ま せ ん 
そ し て い ま し た 
す る 6 ヶ 月 の 電 気 が 必 要 が あ り ま せ ん 
電 気 # っ て い ま す 
そ し て い ま す 
Watt. 半 分 に な り ま す 
こ れ は パ タ ー ン で も そ れ は 私 た ち の 2 つ の 
３ つ の 世 代 の プ ロ ト タ イ プ を 今 す ぐ に は 
テ ス ト さ れ て い る 体 験 し ま し た 
私 た ち は こ れ ら の 考 え て い る こ と で 
2 つ の 主 な ア イ デ ア で す 
一 つ と 同 じ で 冷 や コ ン ピ ュ ー タ cryo Dewar, 
あ る 液 ヘ リ ウ ム nitrogen 込 ん で い ま す 
能 力 が あ り 素 晴 ら し い 熱 を 
そ し て く だ さ い 私 た ち は 生 体 材 料 を こ こ で 熱 を 
ア イ デ ア に も 興 味 深 い 
で も ダ の 目 に は 
な ぜ な ら thò を 開 き ま す 
す る に は 熱 い ゲ ー ム そ し て い た い で す 
こ の よ う に 見 え る コ ン ピ ュ ー タ の 売 れ る も の で す 
売 り ま す ー の ワ ク チ ン の 小 さ な 個 人 的 に 
単 純 な ア イ デ ア で す 
私 た ち を 変 え る と 期 待 し て い る ワ ク チ ン の 分 布 を 
ア フ リ カ で 世 界 中 で す 
私 た ち は マ ラ リ ア ン に あ る で し ょ う 
マ ラ リ ア の 難 問 で す 痛 み の 最 初 の コ ミ ュ ニ テ ィ の 健 康 で す 
Esther Duflo 言 っ て し ま っ た こ の 問 題 に つ い て 少 し 
2 5 0 0 0 万 人 の 歌 で 感 染 し ま し た 
何 が 秒 ま 子 ど も が ア フ リ カ で 表 し て い ま す 
時 間 の 絶 滅 種 、 2 7 人 が 死 亡 し て い る で し ょ う 
こ こ で 私 た ち は こ の 国 で す 
理 解 で き な も の な の で す が cuộc. な の で す 
他 の Esther の あ る の で す 
私 た ち に 反 応 す る こ と で す 
悲 惨 な も の が ハ イ チ の よ う に 起 き て い ま す 
悲 惨 な も の で す し か し 続 け ま し た っ て い る の で す 
そ こ で 我 々 は 何 が で き ま す 
人 々 は 多 く あ り ま し た 
多 く の 年 の 解 決 策 を 探 し ま し た マ ラ リ ア 
で き る で し か し 、 蚊 ス と い う こ と に 環 境 の 影 響 を 与 え ま す 
す る こ と が で き な 治 療 に 意 識 し ま す 
素 晴 ら し い の は 例 外 で は マ ラ リ ア に 届 い て 
彼 ら は シ ス テ ム が あ り ま せ ん が 医 療 
ワ ク チ ン す る 方 法 を 見 つ け る で し ょ う 
で は 食 べ る の で は あ り ま せ ん 
人 々 は そ こ で は 使 い ま す か ？ は い く つ か の 有 力 な 候 補 な の で す 
マ ラ リ ア は 難 し い も の で す xin. つ が 
で き る の で 蚊 帳 を 
そ し て 効 率 的 蚊 帳 の 使 用 し な け れ ば 
蚊 帳 を 使 っ て は な い 人 は そ れ を 使 っ て ひ っ て い ま す 
で は あ り ま せ ん 
蚊 帳 の そ し て 
病 気 の あ り ま し た 
し か し 、 蚊 帳 を す る と 言 う と 殺 さ れ て い た の で は あ り ま せ ん 
マ ラ リ ア 
病 気 で 非 常 に 複 雑 で す 
こ れ を 理 解 す る こ と は 時 間 か か っ た の で す 
方 法 が あ り ま す よ う な メ デ ィ ー の 映 画 で す 
男 が 私 た ち の 肝 臓 に ー 
校 に 通 路 細 胞 の セ に 住 ん で い ま す 
病 気 で 複 雑 な 
し か し こ の 興 味 深 い の で す 私 た ち の 魅 力 的 で す 
ま す 私 た ち は そ の 解 決 法 を 探 っ て い ま す 
現 在 可 能 な 解 決 策 が あ り ま し た 
一 つ は 患 者 を 診 断 は 正 し い 尽 く 保 つ 
私 た ち は 今 年 の 期 待 し て 
生 産 的 で し ょ う れ し い の で す 
診 断 さ れ た マ ラ リ ア は 
と い う コ ン ピ ュ ー タ の 働 き が 取 り を 測 り に な り ま す 
一 滴 の 血 液 を 採 取 し ま す 
中 に 入 れ ま す そ し て そ の 結 果 を 
今 や プ ロ セ ス で 複 雑 な こ と を 
全 て の 山 で 血 液 サ ン プ ル 検 査 を す る と い う 顕 微 鏡 検 査 を 
そ の 医 師 で 職 業 な の で す 
私 は こ ん な こ と も 
血 を 必 要 が あ る の で は あ り ま せ ん 
目 を 見 て み る と 
回 路 に も 、 血 tròng 目 の 白 い の で す 
と い う 事 実 に 直 接 す る こ と が で き る こ と に 
血 液 を 取 っ た の は あ り ま せ ん 
で も 皮 を 指 の 爪 の 下 に 
な ぜ な ら 手 を 見 る こ と が で き る 回 路 が 見 え ま す 
そ し て 私 た ち の 血 液 回 路 を 見 る と 思 い ま す マ ラ リ ア と い う こ と が で き る の で す 
症 状 が こ の 分 子 で す 
hemozoin. と 呼 ん で い ま す 
マ ラ リ ア 原 虫 が 発 生 し て い ま す 
そ し て し ま す こ れ は 非 常 に 面 白 い こ と が で き る の は 
物 理 学 者 に と っ て タ で す 
で も あ り ま す そ れ ぞ れ な い こ と が で き る の で す 
こ れ は 実 験 室 に レ ー ザ ー ポ -15 乗 の 1 0 秒 で 私 た ち の 
光 で す 
giây) 1fs は 
非 常 に 非 常 に 短 い 選 
こ れ は 光 に な り ま す 
長 さ で 歩 光 の 波 長 さ で す 
「 photon 多 く の 
衝 突 尽 く す の で す 
こ れ は エ ネ ル ギ ー を 有 し て い る 
な の で す か ら 多 く の こ と も と て も ho. 
特 定 の 手 助 け を し て こ れ は hemozoin. 分 子 を 見 つ け ま し た 
こ れ は ア メ リ カ ク で す 
我 々 は 地 図 が あ り ま す 
そ し て hemozoin マ ラ リ ア 原 虫 
細 胞 の 中 で ク と い う こ と で す 
そ し て こ の 技 術 を 使 っ て 
そ し て 他 の 発 光 技 術 で す 
私 た ち は 分 析 す る こ と が で き ま し た 
で も 私 た ち は こ の 治 療 法 hemozoin を 定 義 す る の で す 
マ ラ リ ア に 
難 し い 歌 っ た の で す 
マ ラ リ ア 原 虫 を 取 り 出 し て hoàn, 週 間 を 取 り 出 し て い ま す 
同 じ tách, thẩm と い う こ と で す 
し か し い イ ン を 減 ら す の で す 
こ れ は ス ー パ ー コ ン ピ ュ ー タ の 兆 し ま し た 
私 は た ソ フ ト ウ ェ ア に つ い て 
僕 の 問 題 の よ う な も の で す 
私 た ち は ソ フ ト ウ ェ ア を 解 決 し た い の で す 
も し れ な い を し て い ま す マ ラ リ ア 州 か ら 
で は 問 題 で す 
で は あ り ま せ ん か を 知 っ て い る こ と で 最 も 効 果 の 次 に 
ど う 、 私 た ち は 眠 る 画 に つ い て 
消 費 を 少 し は 蚊 帳 は 作 れ ま し た 
も う muỗi. ス 
さ て で き る の で す 
こ れ は 介 入 の 方 法 で 異 な っ て い ま す 
し か し 作 đọ 非 効 率 的 に 異 な っ て い ま す 
ど う し た も の を 
ス ー パ ー コ ン ピ ュ ー タ を 使 っ て 私 た ち は 
コ ン ピ ュ ー タ モ デ ル が 世 界 最 マ ラ リ ア に 
皆 さ ん が 今 ま で 
私 た ち は Madagascar. 選 ん だ 
私 た ち は 道 路 っ て い ま す 
こ れ が 
イ ン チ 四 角 Madagascar. で し た 
私 た ち は 全 て が デ ー タ に よ る エ ネ ル ギ ー 
小 さ な の で す 
こ れ は と て も 重 要 な の で す か ら の 湿 っ た 微 雨 エ ネ ル ギ ー そ し て 
状 況 を 知 っ て い る の で す 
環 境 は 牢 獄 の đọng 、 蚊 に 生 殖 に 
そ れ に こ の 病 気 の 状 況 を 知 っ て い ま す 
こ れ を 紹 介 さ せ て 一 年 前 蚊 を 
モ デ ル を 作 っ て い ま す 
そ し て し ま し た 
特 に こ こ に あ る の で す 
こ れ は マ ラ リ ア ン ス キ ャ ン し て 
Madagascar. 
こ こ が 雨 に な り ま し た 
次 の 時 間 に し ま し た 
マ ラ リ ア に 乾 燥 に 溶 け る で し ょ う 
日 常 生 殖 が あ り ま せ ん 
そ し て 次 の 年 後 に は も ち ろ ん 、 蚊 障 障 し て し ま す 
こ の モ デ ル を 
私 た ち は 外 を マ ラ リ ア コ ン ト ロ ー ル も 
何 千 も の ソ フ ト ウ ェ ア し た 
現 実 行 す る 前 に 
で き る よ う に な っ て い ま し た シ ミ ュ レ ー タ の 要 素 を 経 済 の バ ラ ン ス が 
ど れ く ら い 企 画 xịt? 薬 エ ネ ル ギ ー に な り ま し た 
で バ ラ ン ス の 要 素 を 社 会 的 
何 が 起 こ る 状 況 で も な い の で し た 
私 た ち は ま た 研 究 の 敵 で す 
こ れ は 高 速 カ メ ラ を 撮 っ て い ま す 
muỗi. で す 
そ し て 瞬 間 を 
し か し こ の 流 れ ま で は あ り ま せ ん 
私 た ち の よ う と し て い る 写 真 の 流 れ に 気 が あ り ま せ ん 
蚊 を 発 見 で き ま す 
と い う こ と で す 私 た ち は 小 さ な 粒 子 は 光 を 当 て る laser. 線 で す 
理 解 し て 、 蚊 を 飛 行 機 は 
私 た ち を 理 解 す る で し ょ う 希 望 は 飛 行 機 で は あ り ま せ ん で す 
現 在 で は あ る の で す 
chíng DDT. マ ウ ス で す 
こ れ は 広 告 で あ り ま す 
こ れ は こ の 自 慢 で き ま せ ん で す 
日 前 で す こ れ は 基 本 的 な 技 術 で す 
実 際 に そ し て 多 く の 翻 訳 を し ま し た マ ラ リ ア DDT. っ て い ま す 
ア メ リ カ で も あ り ま す 
年 間 1 5 万 ド ル マ ラ リ ア の 歌 1935, が 毎 年 
ア メ リ カ で は 
し か し DDT 努 力 し て 、 健 康 に 大 き な コ ミ ュ ニ テ ィ の 
翻 訳 型 に 成 功 し ま し た 
私 た ち は た い と 思 い ま す 
私 た ち に で も マ ラ リ ア に 集 ま っ て い る こ と で す 
寄 生 虫 で あ っ て い ま す が 
私 た ち は 蚊 何 が で き る で し ょ う か ？ 
蚊 取 り を し て く だ さ い 電 新 し い 人 が 
聞 い て と れ ま せ ん 
そ れ ぞ れ し か し こ う い っ た 
特 徴 が 興 味 深 い こ と が で き る の が あ り ま す 
初 め て Blue-ray 映 画 を 見 て 
青 い 価 格 を 下 げ と レ ー ザ ー が あ り ま す 
と い う レ プ リ ン タ ー を デ ザ イ ン の 電 気 が あ り ま す 
レ ー ザ ー を 使 い 正 確 に は と て も 
そ れ を 印 刷 を 使 っ て い ま す 紙 の 点 を 
そ し て も ち ろ ん カ メ ラ が あ る の で す 信 号 処 理 
デ ジ タ ル で す 
こ の 全 て を 私 た ち は こ う い っ た 
蚊 取 引 を レ ー ザ ー を ど う す る こ と で し ょ う ？ 

