だ か ら 研 究 者 cứu-người 話 を す る こ と に し て 今 日 私 た ち に つ い て 話 を 拡 大 し て 感 じ ま し た そ の 話 の 塊 で す 私 の 研 究 の 基 本 的 に 広 が り を 感 じ て い ま す 自 分 自 身 の 本 当 に 変 わ っ て い ま し た 方 法 が あ り ま し た こ と も 母 親 の 仕 事 を 
そ れ は 私 の 物 語 が 始 ま り ま す 
私 は 研 究 者 が 研 究 に 若 年 生 ま れ た 最 初 の 教 授 が 導 い て 研 究 し た と 言 い ま し た 
こ れ は 重 要 な の で き な け れ ば 計 測 す る こ と で す そ れ 故 に あ り ま せ ん 
そ し て 考 え て み ま し た 彼 は た だ ブ ー と 私 は 
「 だ け で す そ し て 彼 ら の 答 え は 全 く &amp;quot;hoàn ぜ 
で も 知 り ま し た 大 学 を 卒 業 に 社 会 学 の 専 門 家 で す thạc 社 会 学 っ て い ま し た 準 備 す る 社 会 学 者 だ か ら 全 て の 道 学 の 問 題 に 取 り 囲 ま れ て な 人 だ と 信 じ る 現 実 に 導 き 受 け 入 れ る で し ょ う 
私 は 生 活 に は 混 乱 gột 洗 い そ し て 組 み 込 み そ の ボ cơm 
す る こ と を 発 見 し た 自 分 の 道 を 職 場 に い た の は 大 き な い 社 会 的 学 lỏi に レ ン と い う 問 題 を 解 決 す る の で す 
私 の よ う に な っ た の は 難 し い の で す そ れ に し て a は そ こ で 私 の 方 程 式 
そ れ で 私 は と て も 楽 し い 
そ し て 思 う の で す こ れ は 私 の 職 業 か ら で す が 好 き な の は こ の 問 題 で す 
し か し ま し た い の は 問 題 を 解 決 で す 
そ れ を 理 解 し ま し た 
私 に は こ の こ と 
こ れ は 重 要 で す こ れ を 人 に 。 
し 始 め ま し た 私 が こ れ は 人 々 が 繋 が り に 
な ぜ な ら あ な た は 社 会 学 者 は 1 0 年 前 こ こ で す で す だ か ら で す 
こ れ を 目 標 に 意 味 は 我 々 の 人 生 で す 
な ん と 話 し て い る 人 に 社 会 で 健 康 や ぬ 精 神 を 彼 ら は 私 た ち が こ の 国 際 情 勢 力 を 感 じ ら れ る 結 論 は - - 神 経 つ と い う の は 私 た ち に と っ て は ま だ か ら で す 
そ し て い ま し た 「 に 人 々 が 繋 が り 始 め ま し た 
も の を 知 っ て い る 計 算 と 評 価 は 彼 女 は 自 ら の 女 性 だ っ た 3 7 も の と こ こ で も で き る 機 会 で し ょ う 

あ り が と う 
そ し て 壁 を 探 し ま し た こ れ を 始 め ま し た こ の 写 真 を 見 つ け た と 思 う で し た こ の 写 真 を 変 え る こ と を 少 し email.&amp;quot; 
私 た ち を 探 し て い る 時 代 で し ょ う 場 合 計 算 を し て 現 実 世 界 に 
そ し て 表 面 が あ り ま せ ん で し ょ う こ と が で き ま す 手 を 使 っ て い ま す 
私 に 電 話 を す る の な の で す 
カ メ ラ を 理 解 す る だ け で な く 動 作 の 手 が 興 味 を 理 解 で き る の で す 物 が 手 に し て い る の で す 
そ し て 私 た ち で す 例 え ば こ の 場 合 本 の 表 紙 結 果 nghìn, も 何 百 万 本 の ネ ッ ト し て い る の か 確 認 す る 本 で す が 
そ の 情 報 が あ る の で す 見 本 意 見 も 批 評 や 新 聞 の ニ ュ ー ヨ ー ク が あ り ま し た 本 の 話 を 聞 こ え る こ と が で き る の で 本 物 を 批 判 す よ 
こ こ に は 乗 週 間 前 オ バ マ 大 統 領 の m 

こ れ は 当 hiểm họa khỏe 関 係 を よ く 見 ら れ ま し た nhẹ-- だ ま さ に そ れ を 聴 く こ と に な る の は 我 々 の ràng 、 そ れ が 活 性 化 す る 反 射 の 攻 撃 や シ 
彼 ら の 反 射 tiếng を 攻 撃 や シ で 何 が 起 こ っ た の で す 
と こ tháng, 年 で 起 こ っ た hiểm họa, hiểm họa 啓 蒙 さ れ る 心 
tổ 医 学 界 が 如 し 集 め て 今 年 の 大 き く な り 
こ れ を 集 め て の ヨ ー ロ ッ パ で す 
彼 ら は エ ネ ル ギ ー と し て 夢 1,6 億 年 で 配 ら ず 年 khỏe へ の ヨ ー ロ ッ パ の 窓 が nhiễm tiếng ồn. 
彼 ら は そ れ ら を 当 hại. 
的 で す ね 
も っ と ひ の 脳 の た め の 
当 yếu thức. え な い 。 
ゲ ー リ ー ダ ー だ っ て い る の か も し ま し た 。 
彼 ら が 憲 法 体 を 書 い て い ま し た 外 に 出 会 い ま す 今 sỏi を 取 る ” 
だ か ら も し れ ま せ ん 。 kỹ thuật khử tiếng ồn, 排 水 は で き ま せ ん で い る の で す か ら 存 在 tại. は 恋 人 nước, 思 い ま す こ れ に よ っ て い る の で す 
私 は ル bịt 耳 を 聴 く 耳 に し て し ま し た thiện 言 で は あ り ま し た な đợi. 
そ し て ２ つ の 問 題 も あ な た を 残 す こ の 問 題 に つ い て い る の で は な い の で す ら tedmed 喜 び よ う に す べ て の khỏe に あ っ た の で す 。 悟 っ た こ れ は 結 カ ー が 私 た ち が 楽 し い 文 字 を 吹 き 込 み 
そ れ は 一 例 を 。 biết: 
実 際 phẩm. 
イ ン タ ー 、 食 べ 物 に と っ て い る の を 枚 giỏi ど 私 た ち は 
何 か を 見 つ け る こ と な ど cùng. 枚 あ り ま す 
し か し 私 が 考 え を kỹ thuật い の か を し に 食 べ 物 に お い て 意 か ら 
ví dụ, で す 
私 た ち を 地 図 が 好 き に giòn, が 食 べ た が 
そ う い っ た こ と に 生 hợp 、 私 の 公 nấu tôi-- に 食 べ 物 を ダ メ で す あ の 子 の 傾 向 は 
そ の よ う に す る こ と が で き ず phỉnh で 私 は 自 分 と い う こ と だ doritos を 食 べ て い る の で す 

あ り が た く さ ん huýt 問 で す 
血 を 探 し て 手 で 英 語 と 
男 性 の 髪 の 毛 に trịa, xoăn オ ラ ン ダ で は な ぜ こ れ が 彼 は huýt sáo? し た 
私 が 吹 か 4 歳 、 4 0 歳 で す 
父 は 私 だ っ た こ と も 風 」 世 界 中 の ツ ngỡ 私 は こ の コ ミ ュ ニ ケ ー 家 族 の 
そ こ で 私 は 彼 と 一 緒 に 吹 い て 
さ ら に 3 4 歳 の と て も quấy rầy そ っ と い う huýt sáo の 
な ぜ な ら ば す る こ と が で き る 吹 い て は 私 の 害 悪 い 
吹 い て い ま し た 」 と 風 の 吹 い て い ま し た 時 に 自 転 車 の 乗 り 吹 い て し ま し た 
そ し て 吹 い て パ ー テ ィ ク に 情 報 は 私 の 家 族 で し た 
そ し て 彼 ら は ト ー ク な 音 で す 
そ し て 私 が 音 楽 が 好 き な し に や っ て い ま す 
詩 の 一 週 間 を 生 み 出 し た 「 赤 文 rudolph&amp;quot; か ら で す ね ？ 

私 た ち が ほ と ん ど が あ る 毒 性 が 精 神 や 肉 体 の 毒 物 の 社 会 的 で す 
し か し 思 慮 深 い の で す 。 慈 悲 が 金 免 疫 と な の で す 
あ れ ば 慈 悲 と い う の に 我 々 の 質 問 が あ り ま す 
な ぜ 私 た ち は 子 供 の 教 育 に つ い て 、 ẩn? 

母 は 私 に は 神 ai-len ほ し い 敬 虔 で 1 1 歳 の 時 に は あ り ま せ ん で い 日 曜 日 だ 式 が 照 鳥 に ３ つ の で 
こ れ が 私 に 話 は ダ ー シ ャ ル ル 
私 は 偉 大 な ヒ ー ロ ー で す 
そ し て あ ら ゆ る 生 命 の 表 現 在 地 球 全 体 の 進 化 の 
シ カ ゴ 大 学 で 学 生 物 学 業 界 
私 の 目 標 は 、 私 が 可 能 性 が で き る ま で 博 行 業 界 を 創 設 者 エ ズ ラ ・ 
そ し て シ カ ゴ の 新 聞 を 配 る に つ い て 本 を 生 き で は 物 理 学 の 偉 大 な schrodinger. 
も ち ろ ん こ そ が い い と 思 い つ い て 
ご 存 じ の よ う に ダ ー ウ ィ ン の 生 命 の 後 説 明 し ま し た い だ し か し 生 命 の 本 質 は 何 で し ょ う ？ 
schrodinger 本 質 的 に は そ の 情 報 の 染 色 体 は 私 た ち の 情 報 を 記 録 さ れ る こ と は 分 子 を 運 ん で 分 子 で す 
ご 存 知 の 染 色 体 を う ま で は 分 子 は ど う や っ て こ の 情 報 を で き る よ う な も の で 
そ し て 大 き な 問 題 は そ の 情 報 を コ ピ ー は ど う や る こ と で す こ の 本 を い か と 思 い ま し た そ れ に な り ま す 遺 伝 học... ま た 遺 伝 子 を 理 解 し て そ れ を 理 解 す る 生 き て 
イ ス ラ ム が 象 で し た 神 の ヒ ー ロ ー を 後 に 
あ り ま せ ん が ボ ー ル 選 手 chày, 真 pauling. 
だ か ら 出 願 し ま し た い の に 、 私 が 指 摘 し た 

こ れ が 私 の パ ー 

そ し て い ま し た 時 に こ れ ま せ ん 
そ れ か ら mary robinson 言 っ て い る の で し た 時 の ア イ デ ア に ９ muồi. nên.&amp;quot; を 生 み 出 さ れ て い ま す 
コ anna は 言 い ま す そ の あ る の は 軍 隊 だ 
組 織 、 ア フ リ カ の 統 一 時 的 な 公 salim, samlim 話 に 「 私 は ア フ リ カ の 国 々 慈 善 活 動 
ま た oscar arias, 彰 ノ ー ベ ル 賞 を 平 和 で 大 統 領 rica, 「 や っ て い る の が thể&amp;quot; 
そ こ に amr moussa ご ア ラ ブ 首 長 国 連 邦 út. 
マ ン デ ラ 氏 に 会 い ま し た 時 平 和 の 話 ア 
や り ま す 私 が 考 え て い る の か を 示 す こ の ア イ デ ア で は 実 際 に は 意 味 が あ り ま す 
そ し て そ こ で 私 た ち に 耳 を 傾 け 私 た ち に 人 々 の 記 録 に 至 る 所 で 
行 き ま し た 水 の 中 で 7 6 1 2 年 前 
そ し て い ま し た 女 性 や 女 の 子 の 話 し ま し た 
気 が し ま し た 44.000 で 
を 使 い ま し た 9 0 0 時 間 の 間 に つ い て 考 え た の で す 
私 は 本 当 に 理 解 と 若 い 人 は ど う 思 考 す る と 彼 ら は こ の ア イ デ ア を 始 め ま し た 時 に 世 界 平 和 を ン よ り 芸 術 と 文 学 の ス ポ ー ツ の 音 楽 の 人 が 可 能 で す 
そ し て み ま し た 
こ れ は 信 じ 難 し い 仕 事 に 国 連 の 政 府 組 織 と し て こ の 問 題 に な る 
感 じ ま し た が た く 問 題 は コ ミ ュ ニ テ ィ の よ う に 世 界 を 作 り 出 し て こ の 日 
そ し て そ れ を 強 い 特 に 良 い 機 会 が こ の 日 を 作 り 上 げ 
và,rồi は こ れ は こ こ か ら 始 め ま し た と 考 え ま し た 。 誰 も 何 が 起 こ そ が 思 い ま せ ん 
そ れ で は あ り ま せ ん が 考 え な け れ ば 平 和 の 日 を 作 る の で す 
実 際 の と す れ ば そ れ が 起 こ り ま せ ん そ れ で も 言 わ れ る 世 界 で は な い と い う の か を 見 た こ の 子 供 が 、 
彼 女 は 小 さ な 義 足 に 感 染 が 大 き な 抗 は 息 子 は 子 ど も 兵 士 は 彼 に は 子 供 た ち を 殺 し た 人 間 の 1 2 歳 で こ の こ と に 気 づ き あ り ま せ ん そ れ は 映 画 が 止 ま り ま す 
そ し て 実 現 す る と て も 奇 妙 な こ と が 起 こ っ て い ま し た 強 力 ” と い う も あ り 
も し そ れ が 唯 一 の 映 画 で し た 
私 は 続 け に と っ て ど の よ う な こ と に thực.&amp;quot; 
な ぜ な ら 私 た ち を 必 要 が あ り ま す こ と を 私 た ち が 団 結 し て い ま し た 政 治 宗 教 で も 少 し 困 惑 は 子 供 た ち で す 
か わ か り ま せ ん ど は プ ロ セ ス に 参 加 す る の で す 
そ し て 7 日 の 9 月 に ニ ュ ー ヨ ー ク さ れ ま し た 
で は 政 府 は 政 府 を 議 会 に 国 連 の ５ ４ 時 に ス ポ ン サ の ア イ デ ア に あ る 日 &amp;quot;ngừng 戦 力 の よ う な lực&amp;quot; 日 史 を 2 1 ヶ 月 9 日 よ り そ れ を 受 け 入 れ ら の 手 の 世 界 

そ し て 、 nokia も 
見 て い る 私 た ち は 小 さ な い 小 さ な 物 を 実 現 す る こ と で す 奥 さ ん が 再 生 し ま す 
し か し 用 い ま す 光 の 画 面 の た め に 
そ の 想 像 で き る か ど こ に で き る も の の 上 で も 
で き る こ と が で き る の に 皆 さ ん の テ ー 
毎 回 に も 皆 さ ん に も xách, 袋 で 活 動 の ポ ケ ッ ト ラ 
で は あ り ま せ ん 心 配 を し て く れ る な ん て 電 の よ う な も の で す 
そ し て み ま し ょ う こ こ に あ る で し ょ う 
だ か ら だ と 思 い ま し た 最 後 に ど れ を 視 永 久 の 新 聞 や 雑 誌 t y yorker magazine, 考 え て み ま し た 私 は 理 論 に な り ま す 
そ し て 人 に 読 み 取 り ま せ ん で す 「 こ れ は こ の よ う に は 技 術 dây.&amp;quot; ま せ ん 
り が と う ご ざ い 

こ こ で は あ な た は こ れ は と い う こ と で す 
問 題 を 始 め ま し た 考 え た 時 の 議 論 も 価 値 に し 、 な ぜ 
例 え ば sáo. に つ い て 
私 た ち が 木 sáo. 布 し て い ま す 
誰 か の よ う な 植 物 で す 
見 て く だ さ い て 
何 て 言 う で し ょ う 
も し な け れ ば 良 い 者 か ? 
大 き く な っ て い ま す 

完 全 に 合 理 的 な も の 
し か し 三 杖 vèo 通 さ れ る こ と を す る 必 要 が あ り 、 協 力 し ま し た 彼 ら は 資 金 で も 行 っ て 院 braille 方 を 学 ぶ た め に 真 剣 な い の で あ る 犬 の 方 向 を 変 え ま し た 動 物 が 私 の 人 生 
そ し て で き ま し た 大 学 に 戻 っ て 高 齢 者 に 投 資 し て い ま し た 私 の 犬 の 方 向 も 同 じ よ う に 技 術 が で き ま し た 1 0 年 後 に し ま し た 光 で す 
あ り ま せ ん で 奇 妙 で す 
参 加 し た ３ つ の 手 術 を 受 け て そ れ は ま だ 実 験 段 階 に あ り ま す 
そ れ ら は 小 声 で 祈 り ロ ボ ッ ト を 使 っ て い ま す 
彼 ら は 血 流 量 を 集 め た の で す 私 の 目 か ら 
大 き な 変 化 し ま し た 世 界 で 進 歩 が あ り ま し た 創 造 性 の も の で す 新 し い 携 帯 電 話 で パ ソ コ ン ピ ュ ー タ を こ れ ら を 見 る こ と が あ り ま せ ん 
そ し て 記 憶 は 周 囲 の 写 真 を 失 っ て そ の 代 わ り ま す 感 を 感 じ て そ の 周 り の 音 や 匂 い の で す 
そ こ で あ る 日 私 が 自 分 の 部 屋 に 見 て い ま し た こ の 部 屋 に 座 っ て い ま し た も の を 考 え て み ま し た そ れ は 怪 物 の 
そ こ で 私 は 歩 き 回 っ て い ま す 
そ し て い ま し た と い う nó”. に 触 れ た 
そ し て し ま し た “ôi に で き る と そ れ は 私 の 上 の 服 を 着 た ” 
全 て と て も 違 い が 見 え る か ら で す こ れ が 当 然 の こ と 
し か し 、 盲 目 さ れ た だ 記 憶 に 残 す べ て の 感 覚 で す 
大 き な 変 化 に は ２ つ を 自 分 の 手 を 見 た 人 生 の 1 0 年 
私 は そ の 間 に つ い て い る か ら そ の 理 由 と し て 家 族 や 友 人 
し か し た が 浮 気 づ き ま し た 時 間 を 漂 っ て い ま し た 全 て に し ま し た 私 は 急 に 必 要 が あ り 続 け ま す 
私 た ち は あ り ま せ ん よ う に 言 葉 を サ ク ラ ウ ド ソ ー や 協 力 を 提 供 す る と 事 故 。 
し か し い 概 念 は 正 し い こ と を し て 以 来 回 復 の た め に 私 が 教 え る 
立 っ て い る こ と が 今 日 は お し な け れ ば 共 同 作 業 が 非 常 に リ ア の 
あ り が と う ご く 
今 日 お 話 し す る 議 論 が な ん て 狂 っ た メ デ ィ ア 社 会 が 終 焉 性 の 
説 明 し ま し ょ う 
今 日 の 議 論 の メ デ ィ ア の 応 用 す る こ と が 知 っ て い ま す 。 そ し て や る 好 き 嫌 い ま す こ れ に 貢 献 し て い る 支 援 を 私 た ち の 社 会 に 基 づ い た の は 私 た ち が 性 だ と 思 い ま し た メ デ ィ ア は 社 会 を 我 々 の 印 象 を giỡ な ん と 動 が 『 吸 い 物 に や っ て い る 私 た ち は 各 メ デ ィ ア の 広 告 し て い な け れ ば お 傾 向 の メ デ ィ ア を 歪 写 真 の 人 生 に つ い て 私 た ち は 性 に つ い て 
私 は 変 わ り ま す 
今 で は ほ と ん ど の 企 業 の メ デ ィ ア の 電 波 長 新 chơi... ゲ ー ム で 
使 い 方 法 だ と 分 市 場 を 理 解 す る に は 観 客 の た め で す 大 学 の 立 場 か ら 
ブ ラ ン ド を 作 っ て 非 常 に 制 限 す る た め に 私 た ち を 形 成 す る こ と は 馬 鹿 げ た メ デ ィ ア 企 業 が 信 じ ら れ て い ま す 人 類 の 特 に そ れ ら れ て い ま す 予 測 で き る か を さ れ て い ま す gu と い う も の が 好 き な も の も の で す そ こ に 興 味 深 い と い う こ と は ほ と ん ど の 文 化 の 人 は 実 に 基 づ い て 多 く の 人 口 統 計 に つ い て 
す べ て の 資 料 に つ い て 
年 を 取 り か か っ た 1 8 4 9 例 が あ り ま す 大 き な 成 果 を 作 る 情 報 の 大 国 か ら 1 9 6 0 年 代 の 時 に 動 か し 世 界 大 戦 時 記 号 だ け ど 
今 は ま っ た 資 料 で も こ れ は 会 社 の み な さ ん に nielson, 聴 衆 の ビ デ オ の ５ ４ 歳 の 間 に 
環 境 の 情 報 を 私 た ち は あ り ま せ ん 
見 れ ば &amp;quot;mad 版 の よ う に こ れ は 映 画 の ア メ リ カ で 好 き 
博 faye 彼 は 何 か を 研 究 と 呼 ば れ る 社 会 が 初 1 9 6 0 年 代 に な る で し ょ う デ ー タ の 心 理 学 の 複 雑 な ユ ー ザ ー 
し か し 社 会 の 研 究 で は あ り ま せ ん が 影 響 力 の ビ ジ ネ ス に メ デ ィ ア 
で す 実 際 に は 研 究 cưu 料 sở. 公 
私 の 中 心 に ノ lear 大 学 usc. そ し て し ま し た 研 究 か ら 、 ７ 、 ８ 年 だ っ た 一 人 の 食 料 hính す 影 響 を 及 ぼ し ま し た メ デ ィ ア と い う の は こ の 国 も 外 国 に 
そ し て 3 年 前 私 た ち は 特 に メ デ ィ ア を 社 会 を 変 え ま し た こ と が で き ま し た 人 は 本 当 に 面 白 い こ と 全 て の 人 が 参 加 し ま し た メ デ ィ ア 社 会 的 ネ ッ ト ワ ー ク で あ る 種 の 大 い に よ っ て い る 会 社 や 広 告 メ デ ィ ア を 使 っ た の か 理 解 す る た め の し か し 今 日 こ こ が よ り も 意 味 で 
な ぜ な ら 技 術 の メ デ ィ ア を オ ン ラ イ ン を 与 え ま す 簡 単 に 私 た ち か ら 抜 け 出 す 数 箱 料 の 
私 た ち を 繋 げ る も の よ う に 自 由 で 自 分 の 性 格 は 我 々 の オ ン ラ イ ン の よ う と 嘘 を つ に ネ ッ ト に 簡 単 に 
で も あ る よ う に な る 人 が 同 好 き な 会 社 を 私 達 を 助 け る こ と 
そ こ で 会 社 の メ デ ィ ア の 伝 統 も 考 え て い る コ ミ ュ ニ テ ィ ス の 交 流 の ネ ッ ト を 知 っ て い ま す こ れ は 観 客 は 大 量 の 未 来 で す 
彼 ら が 独 自 の 解 決 策 を 探 す こ れ は 難 し い こ と に な っ て い た よ う と し て い る 使 用 料 を 理 解 す る に は 彼 ら は そ れ は 幼 児 死 亡 率 の 広 告 に 決 定 さ れ ま す ど の よ う に 
彼 ら が エ ネ ル ギ ー の 監 視 用 の 皆 さ ん の こ と 
彼 ら を 通 し て い ま す 本 当 に 難 し い 発 見 の 性 別 収 入 の 
彼 ら は と て も 教 育 予 測 さ れ て い ま す 
し か し 彼 ら は よ り 多 く の 情 報 の 活 動 の ネ オ が 好 き で す そ し て も 魅 力 的 で す こ れ を 見 つ け よ り を す る も の を 使 っ て 自 分 が あ り ま す こ の 場 で gu 管 殺 さ れ て い て 自 然 の gu 尊 敬 さ れ て い る 前 に は い な か っ た 
以 前 さ れ た の か そ れ が オ ン ラ イ ン の 人 々 の 個 人 個 人 的 な 世 界 の 年 齢 の 収 入 っ て い た の が 好 き 
し か し な い と い う こ と は 関 係 の 人 々 に xẻ, に 統 合 よ り 強 く 思 う に な り ま せ ん が 人 口 統 計 の 方 法 で す 
私 は 知 り た い の が 好 き な &amp;quot;&amp;quot;buffy vampire slayer&amp;quot; 』 で は ど れ だ け で す そ れ を 知 っ て い ま し た こ と に つ い て 話 し bạn.. 
も う ひ と つ は 私 た ち が 発 見 し た メ デ ィ ア の 社 会 っ た こ と は と て も 驚 く べ き で す 
実 際 に は 女 性 は 実 際 命 令 通 信 革 命 で す 社 会 場 を 見 て の 統 計 し た 世 界 の 年 齢 の 女 性 は 男 性 よ り 多 く の を 見 る 情 報 技 術 を 使 っ て 社 会 で す 
も の を 見 て 時 間 を 費 や し て mạ の ウ ェ ブ サ イ ト を す る 空 間 情 報 技 術 を し て い ま し た 社 会 を 変 化 に 大 き な メ デ ィ ア は 昔 
こ の 問 題 に 影 響 を 与 え る よ う に 私 た ち の 文 化 の 影 響 を 与 え る こ と で し ょ う か ご 託 な 状 況 に も メ デ ィ ア は 社 会 を 支 配 し て い る メ デ ィ ア の 宣 伝 や 古 い 女 性 は ス テ ク ノ ロ ジ ー 社 会 的 メ デ ィ ア で は な ら な い ん で す が 女 性 に 管 理 、 技 術 が 全 く cầu? メ デ ィ ア 
も ち ろ ん で し ょ う が よ り 多 く の 人 物 の 映 画 の 中 の ゲ ー ム や も tập? 
デ ン 爆 弾 の 映 画 が 次 女 chính? 役 を 演 
そ し て い る と い う 風 景 は 突 然 メ デ ィ ア の よ う に な り 、 風 景 は 女 性 で し ょ う か ？ 
私 は 思 い ま す 何 が 起 き る こ と で す 
こ と に し ま し た メ デ ィ ア 企 業 を す る よ り も 女 性 が 多 い か ら で す が こ の ビ ジ ネ ス に は 重 要 で す 
私 は 思 い ま し た 女 性 は 続 け て い る の は メ デ ィ ア を 社 会 で す 
し か し ま し た 女 性 に よ る 非 常 に trớ trêu, 責 任 を 提 供 す る 問 題 解 決 す る た め に 世 界 最 悪 の よ う に 映 画 が 女 優 の す べ て 分 類 し て 世 界 の 他 者 の デ ザ イ ン グ ル ー プ が 大 好 き な も の 人 が 金 星 の 大 好 き な 子 ど も の と こ れ は 日 本 人 も い ま す 簡 単 で す 
こ の メ デ ィ ア と エ 我 々 が 将 来 的 に 基 づ い て い ま す 多 く の 時 に 基 づ い て い る 情 報 を 確 認 で き る か ら コ ミ ュ ニ テ ィ ブ に 行 っ て い ま す が 女 性 と 行 動 を 制 御 し て い ま す 
も う 自 問 し が 必 要 な こ と を 知 っ て い る 人 や khiển? 
な ぜ か わ か る で し ょ う か ？ も ち ろ ん 企 業 の メ デ ィ ア の 技 術 者 の 昔 の こ と を 知 っ て 
し か し た の は 世 界 を 理 解 し て こ れ が そ こ で 理 解 す る こ と 情 熱 を 持 っ て 笑 み を も た ら 自 rảnh こ れ は 非 常 に 重 要 な こ と を 知 っ て 人 
ま と め ま し た 多 く の 時 間 を 実 験 の 光 を 見 つ け る 技 術 的 な メ デ ィ ア そ し て 私 た ち の 生 活 に ど う 影 響 を 受 け 
私 の 研 究 で は な か 面 白 い も の で す こ れ は と て も 良 い か ら で す 私 た ち の 研 究 を 続 け て そ ん な 影 響 が 大 き な 生 活 に は 私 た ち の よ う な 信 念 に 政 治 、 ビ ジ ネ ス に も 健 康 に つ い て 
そ し て も っ と 理 解 の 地 球 に つ い て く だ さ い を 他 の 人 が ど の よ う に 僕 ら は 始 ま り 良 い も の で す 
想 像 し て 空 気 が メ デ ィ ア の 影 響 を 受 け ど 代 パ タ ー ン 性 や 特 大 違 い ま す 
想 像 で き る か な ？ 
私 を 見 せ る の で す 
あ り が と う 

そ し て き ま す 掃 除 し た い 向 か っ た こ れ は と て も 良 い 例 を 挙 げ pollock 例 え ば 
そ れ だ け で は こ れ は 実 際 に は 
し か し で も 時 間 を こ の 決 断 を し て い る 塗 料 に 入 っ て 

女 性 : あ り ま し た 人 の ダ イ ヤ を 使 っ て い る の か ？ 

レ ー ! olof palme, 尋 ね ま し た 
ス ウ ェ ー デ ン 」 「 そ う 信 じ が た い で し た 人 は 豊 か な ？ 」 
olof palme 答 え ま し た 「 除 nghèo.&amp;quot; 人 
私 た ち の 責 任 を 全 員 が 全 部 分 の 能 力 を 
信 じ て い る 感 覚 を 持 っ て グ ロ ー バ ル 倫 理 と 呼 ば れ る に つ い て 宗 教 が す べ て 宗 教 と は あ り ま せ ん 
し か し こ れ は 今 新 し い 人 間 を 取 り 国 境 地 球 を 常 に 
私 た ち は 能 力 を 持 つ の 間 に 共 通 す る 人 に は イ ン タ ー ネ ッ ト に し て 全 て の 近 代 的 メ デ ィ ア の 
私 た ち は 可 能 性 が あ る 組 織 の 集 団 行 動 に 対 処 す る た め に こ の 問 題 な の で す 私 た ち に 稀 で 私 は 信 じ て い ま す こ れ を 一 時 類 の 歴 史 で す そ れ は 始 ま り 」 と 呼 ぶ の グ ロ ー バ ル 社 会 
2 0 0 人 の 前 に 戻 る 奴 隷 売 買 に を 倒 wilberforce や そ の 反 対 
彼 ら は 反 対 &amp;#91;buôn カ lệ&amp;#93; 売 上 は 英 国 、 
彼 ら は 支 持 さ れ ア マ チ ュ ア か ら 議 は 長 い 間 
し か し の な ら 2 4 年 に 勝 つ た め に 役 立 ち 
そ こ で 彼 ら は 何 が で き る 写 真 を 送 る た め に 他 の 人 々 が 彼 ら の メ デ ィ ア の 大 っ た 
例 え ば な ら jebb, eglantyne 女 性 の 創 save 組 織 は 『 ド 9 0 年 前 に 
彼 女 の 息 を 呑 ん 実 際 に 起 き て い る 国 を 二 次 世 界 大 戦 後 の こ と に 起 こ っ た の は 、 子 供 の 家 族 が ハ さ 尽 く し て の イ ギ リ ス で 彼 女 は 何 か を し た 
彼 女 に な っ た の で す ね 彼 を 動 か す る た め に 人 々 に 参 加 し た そ し て ア mít-tinh royal hall, save ・ ド か ら 生 ま れ ま し た 
『 ド save 記 録 は 国 際 組 織 の 大 き な り ま す そ し て 世 界 に は 
し か し eglantyne jebb り 方 を す る こ と が で き れ ば そ れ ら の メ デ ィ ア の 現 代 の 説 得 し て い た の が 必 要 な tức? 解 決 す る こ と で し た 
見 ま し た 1 0 年 前 に philippines 年 大 統 領 と estrada 1 0 0 万 人 が 送 っ て い ま す lũng 政 府 の 大 統 領 の 下 で す 
そ し て 最 後 に 政 権 の 崩 壊 し &amp;quot;coup ・ text&amp;quot; と 呼 ば れ ま す 
な ぜ zimbabwe, や 選 挙 の 下 で 最 初 の 首 相 ロ mugabe 昨 年 
人 々 の 写 真 を 撮 る こ と が で き る 携 帯 電 話 は こ の 選 挙 の 投 票 所 が あ り ま せ ん 首 相 、 こ の 結 果 に 投 票 が 必 要 な の で 
マ ン が 電 気 の 誰 も が っ て 何 が 起 こ っ た の に 内 部 の 者 の ブ ロ グ を 書 い た い に つ い て 話 を 知 っ て 世 界 を 抑 圧 を 殺 し ま し た 人 の 弾 圧 他 の 人 々 が こ の サ ン シ ア ン ス の 囚 人 の 心 の 有 名 な 世 界 に 耳 を 傾 け ら れ ま し た 
学 校 に 来 て い る の は イ ラ ン の 人 が 毎 日 追 跡 が 起 き て い る の に し て い る neda, 努 力 エ ネ ル ギ ー の ア イ ラ ン の 人 が イ ラ ン に な っ て い る 殆 ど の 情 報 を 伝 え る だ け 変 身 地 の tehran, イ に そ れ に 苦 し エ ネ ル ギ ー の 安 全 面 の 
現 代 技 術 が 今 日 を 作 る 能 力 の 感 覚 の テ ィ の 力 と 繋 が る メ デ ィ ア の 可 能 性 は 私 た ち の 国 際 組 織 と し ま し た こ れ は 私 た ち の 機 会 を 初 め は コ ミ ュ ニ テ ィ の 基 本 的 に 世 界 を 変 え る 
政 策 を 外 で 常 に 変 わ り で す コ ン ト ロ ー ル 人 権 力 が あ る か 
必 要 が あ る と さ ら さ れ て い る 人 の 聴 衆 の 中 に い る 人 の ブ ロ グ を 書 い て お 互 い に 世 界 で 2 0 0 年 前 に 問 題 解 決 策 が 必 要 な の は 隷 1 5 0 年 前 に 問 題 の よ う な 国 の 国 は ど う や っ て 若 い 人 の 子 供 が 学 習 さ れ た 1 0 0 年 前 の ほ と ん ど の 国 、 ヨ ー ロ ッ パ を 押 さ に 投 票 権 を 5 0 年 前 に 安 全 保 障 や 社 会 福 祉 
50-60 年 以 内 に 戻 っ て 私 た ち が 目 撃 な ど を 人 種 差 別 apartheid, 分 ご と に つ い て 娘 視 界 の 全 て の 問 題 も 同 じ ぐ ら dịch, を 戦 争 の 世 界 を 変 え る 
会 い ま し た ネ マ ン デ ラ 氏 は 一 年 前 ロ 
私 は 講 演 奏 日 や 誕 生 日 で す 資 金 団 体 が 成 し た 
と て も 光 栄 に 思 っ て 座 っ て ネ コ が 手 winehouse ス テ ー ジ と し て ネ マ ン デ ラ 氏 然 見 か け 彼 女 の 手 で す 
時 に 説 明 し て い ま し た 彼 女 は 誰 ？ 
妹 winehouse &amp;quot;nelson マ ン デ ラ 氏 が 言 い ま し た 大 き な 違 い が 、 私 の 夫 も ま た 刑 務 所 の 時 間 dài.&amp;quot; 

1949, 年 に な っ た か ら の 発 国 を 中 国 に な り ま し た 世 界 を 驚 か な 
そ し て 何 が 起 き た こ と が 起 き た か 後 に こ れ ら の 国 立 lập? さ れ て い ま す 
ご 覧 く だ さ い 健 康 の 改 善 さ れ 始 め ま し た 
子 供 た ち に 学 校 で し た 
ア リ サ ー ビ ス を 提 供 さ れ て い ま す こ れ は 、 現 代 中 国 は 非 常 に 現 実 化 石 が イ ン は 
中 国 は 回 復 し ま し た そ れ を 言 っ て い ま す 「 小 さ な ngẩn.&amp;quot; ル 中 心 で す 
し か し 中 国 ま し た が そ の 後 の イ ン ド の よ う に 
イ ン ド は 本 当 に 追 い つ い て い ま し た 
そ し て 2 つ の 健 康 に 良 い 人 で は 経 済 は 低 い 
私 た ち は 5 0 年 や 石 1978, 毛 東 裸 し ま し た そ の 男 が 左 側 か ら 
そ れ は 東 小 平 が 現 れ る こ と 
そ し て 彼 ら と 重 要 な 猫 は 白 黒 だ け で す ら で す 
だ か ら 始 め る こ と で す が 2 つ の 猫 で す 
そ し て こ れ か ら こ の 猫 
中 国 や イ ン ド し て い る の で す が マ ウ ス で す 
そ し て 開 発 を 決 め ま せ ん が 医 療 と 教 育 が 経 済 成 長 し 始 め ま し た 
そ し て 市 改 革 が 成 功 し た 
1 9 9 2 年 に イ ン ド と 同 じ 改 革 が 市 場 
し か し 一 緒 に 近 づ く こ と で す イ ン ド や 中 国 が 点 く よ り 大 き な 違 い の で す 
そ し て こ れ を 歩 tiến. そ ん な に 追 い つ い で し ょ う ？ こ れ は 大 き な 課 題 で す 今 日 、 イ ン ド と 中 国 の 位 置 に 入 っ て い る こ と で す 今 日 
今 で は こ れ は - - 
平 均 で す こ れ は 中 国 の 平 均 」 
私 が 中 国 を 見 て み ま し ょ う か 
上 海 抜 い て い ま し た 
上 海 に い ま し た ね 
そ し て 海 は 人 間 の 健 康 に 良 い ア メ リ カ 
で も も う 一 つ ず 皆 さ ん の 目 の 上 で 最 も 貧 し い 大 陸 が 中 国 は 現 在 に な っ て い ま す 
も し 私 が お 分 か る 地 域 、 二 つ の 都 市 の こ の 地 域 で 走 り 田 舎 の 州 の 下 で す 
見 る と 大 中 国 の 開 発 の 急 速 に 経 済 の 
も し 私 が イ ン ド を お 持 ち の イ ン ド で 
違 っ て 重 要 な 場 所 に 行 き ま せ ん で す 
こ こ で 一 番 大 き な pradesh, 州 の 州 で は 貧 し い 州 が よ り 健 康 な 人 が 他 の イ ン ド で す 。 
kerala は 飛 行 機 を 見 出 し て 表 面 で ア メ リ カ の 健 康 や 医 学 的 な 経 済 的 で す 
こ こ に maharashtra, mumbai, 前 進 し て い ま す 
今 は イ ン ド で は あ な た は 主 に 中 心 部 の 州 で 
そ れ で は な く 本 質 的 に は あ り ま せ ん 
さ ら に 多 く の で す 彼 に つ い て 地 理 的 な 引 き 起 こ る こ と が で き な い よ り 遠 く 未 来 の 処 理 に 対 す る こ と に な れ ば こ の 地 域 が あ り ま す 発 展 し て も 近 い 貧 し い 人 が 住 む 
「 あ ん な こ と で す ア メ リ カ 合 異 国 で す 
ア メ リ カ だ け を し ま し た が 私 の 水 と 
ワ シ ン ト ン が 起 こ し ま し た が 、 d.c. 
皆 さ ん あ る 私 の gapminder を 紹 介 し ま し た 私 は こ の な か っ て い ま す 新 し い リ ー ダ ー に は と て も 心 配 な 医 療 シ ス テ ム の 健 康 で 
そ し て 理 解 で き る の は 彼 ら d.c. ワ 裕 福 で あ り ま せ ん し か し 彼 ら が 人 々 の 健 康 kerala. 
で す が 興 味 深 い じ ゃ な い ん で し ょ う 

信 じ て い ま し た ら ど ん な 私 た ち は 誰 も が 同 じ で す 
ク リ ス や 組 織 物 乞 い を し た 
そ し て 私 に は 実 際 に は 何 度 、 何 を し て 作 ら れ て い ま す 
し か し gọt 新 皮 質 の 表 現 し ま す 
ど ん な 構 造 の 悪 い 写 真 を 撮 っ て い ま し た 
私 は ロ ス が こ れ に デ ザ イ ン で し た 
デ ザ イ ナ ー 内 部 か ら で す 
し か し な く 、 写 真 で す 
外 が 買 う 人 々 を 自 然 に も っ と 実 が 大 好 き で す 
周 り に し て い ま し た lóng ngóng quẩn 所 lót っ て 女 性 の 店 に は 素 晴 ら し 根 を 含 む か ら 
私 が 農 直 面 し ま す こ れ は パ タ し ま し た 死 に 興 味 深 い こ と に 足 を 見 て み ま す が 最 も あ り ま せ ん 
そ れ で ブ タ の お も し れ ま し た 大 き く な る で 死 亡 く な り ま し た 私 が 撮 影 し た こ れ を 少 し 放 射 物 で す 

ジ ざ と ら え ま し た 科 学 者 に で す 
す べ て 念 こ れ は 私 の 名 誉 に 思 い ま す 
皆 さ ん あ り が と う 

考 え て く だ さ い そ う で し ょ う ？ 
石 が 巨 大 な 空 中 間 地 球 に 衝 突 し 準 備 を し て 私 た ち の 準 備 却 し て 私 た ち は 発 見 し ま し た 方 法 が あ り ま し た phó, る 全 て の た め に 必 要 と い う こ と で す 。 
私 た ち は 行 に 望 遠 鏡 で 見 張 っ て い ま す 賢 く 賢 明 に 注 目 し て こ の 問 題 を 解 決 方 法 が あ り ま す テ ク ノ ロ ジ ー を 行 い ま す 
そ の 衛 星 が 使 え な い 化 学 
ロ ケ ッ ト が あ り ま す 化 学 力 だ け が 必 要 な の で 飛 行 を す る こ と 
私 た ち が 開 発 し ま し た の は こ れ は ion, 動 を も っ て も 低 い 
す る 暴 力 に 紙 置 手 は 非 常 に 軽 い の で す が 実 毎 年 毎 月 を 提 供 す る 力 が と て も 軽 い の で す 
も と い う こ と で す が 彼 ら の star trek, い 船 が 地 球 外 生 命 体 と し て い ま し た 「 ion, spock 技 術 が 複 雑 で す 
私 た ち を 前 に 数 百 年 エ 」 
次 は 私 た ち が 動 ion. 
私 た ち が enterprise, し か し 現 在 ion. 動 機 が あ り ま し た 

そ し て 自 分 の 考 え ま す 
ゲ ー ム で す こ の よ う に 楽 に 僕 は 簡 単 で し た い の で す 。 少 し で よ り 深 く 新 し い モ デ ル は ゲ ー ム が あ り ま す こ の 展 全 く 新 し い 世 界 を 創 造 的 な 脳 は ど こ に い く で き る よ う た め 挑 戦 し か し 、 脳 は こ こ で ted? な の で す 
皆 さ ん あ り が と う 
ク リ ス ： perry. デ イ ビ ッ ド で す ！ 感 知 で き ま す る 単 純 な 方 法 を 始 め ま し た t e d に 費 や し て い る の で す こ れ が ウ ェ ブ サ イ ト か ら こ ち で 起 こ る こ と が あ り ま せ ん が ど ん な 困 難 で す 
人 工 知 能 を 世 界 を 見 て い る も の で す 複 雑 な rắm, そ chỏ ワ ト ソ ン が 小 さ な の で す 単 純 な 単 純 で 理 解 す る か も し れ ま せ ん 

想 像 で き れ ば 生 bạn... 記 録 し て い る こ と で す べ て 「 準 備 は い つ も 記 憶 を 完 璧 な 上 に 行 き そ の 瞬 間 を 忘 れ に と っ と 時 間 を 自 発 見 し て あ る パ タ ー ン の 人 生 で し た こ と を 発 明 さ れ て い ま せ ん 
そ れ は 私 の 家 族 が 旅 を 始 め ま し た 5 年 半 前 で す が そ れ が 私 の rupal. 
そ し て こ の 日 の 時 点 で し た 家 に 子 供 や 私 た ち の 子 た ち は 私 た ち の 素 晴 ら し い 
そ し て 私 た ち に 家 シ ス テ ム を 特 に 男 性 よ り 
こ の 方 roy: 瞬 間 で 何 千 と い う 瞬 間 違 っ て 特 に 私 た ち の め さ れ ま し た 私 の 家 の そ れ ぞ れ の 部 屋 を 見 て く だ さ っ と micro. 見 を 眺 め が あ り ま す い 部 屋 の こ れ は 私 た ち の 寝 室 の 廊 下 に 赤 の 部 屋 は そ の あ り が と う 
そ し て そ れ ら 全 て の デ ン で デ ザ イ ン を 続 け る 
viì ậy っ て い た 日 に 私 た ち は 私 た ち が 早 か 午 tà 最 後 に 電 灯 を 眠 り 
3 年 私 た ち の 記 録 し ま し た 8 1 0 時 間 毎 日 に 約 緊 急 時 に 蓄 積 す る の で し た 
そ し て い る の で す あ る こ と は 今 ま で 集 め 最 大 の 映 画 家 族 を ま れ て い た 

驚 く こ と で す 
ピ ー タ ー の よ う な 話 で は あ り ま せ ん 子 ど も た ち の 最 も 高 い 建 造 物 は 構 造 の 一 番 面 白 い こ と で す 
そ こ で 質 問 が 望 む の は 
な ぜ で し ょ う か も し な か っ た の か ？ 
そ し て ピ ー タ ー が 好 き だ と 答 え が な か っ て 子 供 が な い の パ inc.&amp;quot; 違 い ま す 
あ り ま せ ん 時 間 を 費 や し て 権 力 を 
も し な い 理 由 は 他 の 学 生 は ビ ジ ネ ス の 学 校 の 教 育 を 受 け が あ っ た 唯 一 正 し く 計 画 を 実 現 す る 計 画 で す 
そ し て 何 が 起 こ っ た の は マ シ ュ マ ロ を し て 彼 ら は 全 て の 時 間 と い う こ と で し ょ う か ？ そ れ は 危 機 
知 っ て い る で し ょ う か ？ 
こ の 子 ど も た ち は 完 全 に 育 っ た の で す か ら 始 め ま し た マ シ ュ マ ロ を 建 て ま す ね 図 な ど の よ う な も の を 果 た す ら 同 時 に は 時 間 割 な 玄 関 で す 
デ ザ イ ナ ー と 協 力 な の で す こ の 本 質 y プ ロ セ ス で す 
子 供 に 反 応 は そ れ ぞ れ の 右 上 の バ ー ジ ョ ン は 何 が 正 し く は あ り ま せ ん 
だ か ら 力 を 作 る こ と で は な く 必 要 な の で し ょ う 結 果 の 集 団 の 異 な っ て い ま す 
高 さ の 平 均 の 構 造 の ほ と ん ど の 人 に は 2 0 inches 、 学 校 で 、 ビ ジ ネ ス を 1/2 高 の 弁 護 士 が 少 し か な り ま せ ん 子 供 た ち の 高 い よ り は 大 き な 大 人 
誰 も い い で し ょ う 
幸 運 に も thay! す こ れ ら の 建 築 家 技 術 
3 9 inches 構 造 上 最 も 高 い で し た 
そ の 理 由 は 理 解 し て 三 角 形 や モ デ ル が 力 を し ま し た の で す お お よ そ の 構 造 を 構 築 持 続 可 能 な 
c e o は 家 と 比 べ る と 中 
し か し 興 味 深 い 
も し 管 理 人 グ の 方 が い い で し ょ う 

私 は 現 代 芸 術 家 に 生 ま れ な く 
あ り ま せ ん で す 美 術 館 か ら ず 年 2 0 歳 で す 
私 が 育 っ た 場 所 で の 間 の 無 danh, 道 土 地 方 部 に ア ー 映 画 は 、 最 も 一 時 間 が か か り ま し た 
そ し て そ れ は 素 晴 ら し い 場 所 に 芸 術 家 を 泳 ぐ な 人 や 僕 は 彼 ら は 奇 妙 な も の を 作 り 手 で あ り 
そ の 頃 の 私 よ り ま し た の は 皆 さ ん も よ く 知 識 や ユ ー 
例 え ば 妹 と 私 は 、 私 た ち は 日 常 競 争 し 子 ど も を 食 べ ら れ る 脳 の 多 く の 世 で 最 も 

こ の シ ー ク の ビ ー ル 
点 が あ り ま す こ こ に は 生 の 授 業 を 個 sần sùi. 
購 入 す sần 辛 い ど こ で 、 こ れ は 確 か に す ご か っ た 
そ れ を 作 っ た ら nhiêù ト イ レ に し て も う と し て い る の で す が sần. 
そ の 口 は ま ず 学 ビ ー ル 

私 は 思 い ま せ ん 
我 々 が ス テ ム を 変 え る こ と を 言 葉 が 普 通 の 人 が 可 能 は 可 能 性 と し て も よ り 危 険 な 放 力 の 子 供 を 招 く こ と を 可 能 性 の 貴 重 な 貢 献 し て コ ミ ュ ニ テ ィ に 
人 類 学 者 た ち を こ の 人 間 な の で す が 必 要 な も の コ ミ ュ ニ テ ィ の 可 能 性 が あ り ま し た 
証 拠 が あ り が neanderthal, 化 年 前 ま で 高 齢 者 が 重 傷 が 経 験 か ら の 生 存 率 と い う こ と に コ ミ ュ ニ テ ィ の 価 値 を 見 ま せ ん こ の 人 た ち は 誰 も が 無 dụng; や 彼 ら は 価 値 あ る 
数 年 前 の 市 街 地 の 地 区 は 赤 vúng 手 北 東 っ て い ま し た ジ ャ ガ イ モ リ giạ は 夏 着 short し ま し た 
音 が 聞 こ え ま し た 「 男 が 裏 か ら ず 彼 女 は エ mullins nhỉ&amp;quot; ま せ ん 
「 こ れ は 男 性 が で き ま し た 私 は 彼 を 知 る こ と で す 
「 慌 訳 か 私 た ち に 会 い ま せ ん 覚 え て い ま せ ん で し た 」 と 言 い 補 習 教 材 を 覚 え て い ま せ ん ど 彼 女 は 私 た ち が 互 い を し て い ま し た 彼 女 の 母 親 が い か ら 
ô, 人 の 男 性 で す 
も ち ろ ん 覚 え て い ま す 
そ し て こ の 男 性 は 医 者 kean, 男 だ っ た の は そ の 日 か ら で す も ち ろ ん 期 遅 ２ 週 間 で 生 ま れ ま し た 
そ し て 医 学 生 が す べ て の 私 の 母 は 行 mát, は 男 性 は パ 生 ぬ 人 に は 私 の 両 親 は 
そ し て 生 ま れ た 骨 脚 管 が あ り ま せ ん 
足 に 組 織 と し て い く つ か の 足 を つ け ま し た 人 に 力 を 信 じ る の で す 彼 は 私 に は 、 「 誤 診 断 に な っ た 両 親 と な れ ま し た で し ょ う そ れ よ う に 走 る 他 の 子 供 や 自 立 し な か っ た 彼 は 嘘 を つ い て い る 間 に nay.&amp;quot; 

b g : そ し て 協 力 し て い る と そ れ は ロ altos,™ 始 ま る で し ょ う ？ 
そ の 通 り ロ 有 と い う こ と で す が ね 
さ を 待 っ て い ま せ ん で し ょ う 学 校 で 使 わ れ て い ま す 
あ る 人 か ら 彼 ら の 議 会 に 「 彼 は 何 を す る か も し 自 由 は こ の 教 授 が 好 き ま せ ん 
そ し て い ま す そ れ ぞ れ の あ る 学 生 の よ う に 進 ん で し た 上 の 子 供 た ち が こ れ は 私 た ち を 作 れ khiển.&amp;quot; と い う こ と で す 
彼 ら は 「 あ な た が こ こ ま で 進 歩 が 必 要 と 考 え đã.&amp;quot; 
私 は 他 の 目 の 「 考 え ま せ ん や り た い 」 と い う こ と で す 
し か し 今 で も 今 日 の 後 彼 ら は 始 め ま し た 「 あ な た の ２ 週 間 か 

か ら 始 め ま 例 で す こ れ は オ ン ス ト の 一 nhện. 
私 た ち を 生 産 6 種 類 の 異 な る だ ろ う そ し て se に sợi, 種 類 の 違 う 繊 維 持 続 可 能 な も の を 作 り ま し た 
最 近 の 作 っ た 繊 維 aramit. で す 
そ れ は こ の 種 類 の 違 う 繊 維 が 温 大 気 圧 下 に し て 非 常 に 多 く の 廃 棄 物 汚 染 の 
し か し 蜘 蛛 温 を 弾 圧 し 普 通 の 材 料 の ハ エ は 死 に 水 を お 見 せ す る 必 要 が あ る 学 ん で 下 さ い 
虫 を 発 見 で き る と そ の 8 0 キ ロ メ ー ト 火 事 で す 
約 １ 万 倍 も 遠 い 範 囲 を cháy. 集 団 の 
そ し て も 必 要 が あ り ま せ ん ひ と つ 電 気 で エ ネ ル ギ ー が 化 石 化 
2 つ の 例 を 示 し て イ ン で き な い こ と 
で き れ ば そ れ に よ っ て 作 る 方 法 で 私 た ち は 自 然 動 節 約 で き る 1 0 倍 の 1 0 0 回 も 回 っ て も 1 0 0 0 倍 の エ ネ ル ギ ー 資 源 の 使 用 さ れ て い ま す 
そ し て い た 進 歩 を 長 期 的 な 革 命 だ と 思 い ま す が 必 要 な ３ つ の 大 き な 変 化 で す 
一 つ 目 は 基 本 的 な 効 果 が 資 源 を 使 っ て い ま す 
二 つ 目 は 使 い 方 を 変 え る か ら 資 源 の 残 留 廃 棄 物 を そ れ を 汚 染 に 自 進 の モ デ ル 
そ し て ３ つ の 変 化 で は 経 済 エ ネ ル ギ ー の 化 石 燃 料 に 太 陽 
そ し て こ の ３ つ の 変 化 だ と 思 い ま す バ ー に 私 た ち は 多 く の 解 決 策 が 必 要 な 
で き る 自 然 の よ う な も の を 紹 介 す る 本 を 商 品 や 製 品 で し た か ら 恩 恵 を 受 け ま す 研 究 と し て 3,8 億 年 も 続 き ま し た 
そ し て そ の レ ベ ル の 投 資 を 使 え る 製 品 は そ れ は と て も 意 味 が あ り ま す 
そ こ で 話 し ま し ょ う プ ロ ジ ェ ク ト を 掘 り こ の ア イ デ ア で す 
ま ず は 増 加 す る の は 基 本 的 な 効 果 的 資 源 を 使 っ て い ま す 
私 た ち が 参 加 す る プ ロ ジ ェ ク ト に な っ た り 宗 者 に は 大 き な 望 遠 鏡 の 場 所 だ け で な く な い 量 は 持 続 的 な 変 化 し て い ま す そ れ で 不 本 当 に す れ ば い い 例 で す 生 物 を し た 
例 え ば 水 を 風 船 に 私 た ち の ア イ デ ア を 建 物 の 上 に 
研 究 し て 花 粉 を ガ 海 の 生 物 学 の 分 子 cac-bon を 発 明 す る 方 法 に 最 も 効 率 的 な 構 造 を 使 っ て 食 角 形 で 
次 は 私 た ち は 最 大 の 角 形 の こ と を す る 必 要 が あ り ガ ラ ス に 非 常 に 大 き さ は と て も 小 さ い 
そ し て 自 然 に 多 く の 例 に と て も 効 果 的 構 造 に 基 づ い て 膜 áp. す と い う こ と で す 
そ れ で 我 々 を 見 た り 素 材 etfe と 呼 ん で す 
こ れ は polime 持 続 可 能 性 で す 
の 3 年 に は こ の 素 材 に ダ ウ ン の ま ま で 素 晴 ら し い こ と が で き ま す 約 ２ 倍 の 1 7 
そ し て 重 要 な の で す 1 ％ に 2 つ の グ ル を 節 約 1 0 0 倍 で す 
そ れ は 私 た ち は 参 加 し ま し た い に こ れ を 開 発 を 別 の こ と 
そ の 大 き な の だ そ う だ け で す 使 用 を よ り 少 な く 
少 な く 太 陽 光 を 見 る よ り 多 く は あ り ま せ ん つ ま り 、 冬 よ り 多 く の 機 械 を 使 っ た の で す 
そ の 重 量 よ り も 軽 量 構 造 上 の 階 が あ り ま す 一 móng. 経 節 約 で き ま す 
そ し て 最 後 に プ ロ ジ ェ ク ト を 発 見 の 重 さ は 上 下 構 造 的 軽 い 重 量 の 空 気 の 建 物 の 中 で 
そ こ で 私 の プ ロ ジ ェ ク ト は か な 国 の 例 は い い ア イ デ ア で 生 物 学 を 使 っ て 基 本 的 な 効 果 的 資 源 に つ い て も 同 じ よ う に 機 能 し か し 少 な 資 源 入 力 で す 
実 際 に は 多 く の 例 は 自 然 を 探 す る こ と が で き る 方 法 は 同 じ で す 
例 え ば 構 造 の 屋 根 を 超 効 果 が ア メ リ カ の 眼 科 に 基 づ い て 他 の 巨 大 な ア マ ゾ ン の 建 物 全 体 の ア ー の 超 軽 量 の 細 胞 が 植 物 か ら 
世 界 の 美 し さ や 効 果 が 待 っ て い る 我 々 の ツ ー ル を デ ザ イ ン に 自 然 の も の で す 
言 っ た ア イ デ ア プ ロ セ ス に 変 え る プ ロ セ ス キ 進 ん で す 
私 た ち の 資 源 を 使 っ て こ れ は 短 く bòn を 持 つ 製 品 は 短 命 そ れ ら を 排 出 し 
自 然 に は 違 う 
生 態 系 の 排 出 物 に な り 有 機 的 に 栄 養 の さ 
そ し て い る プ ロ ジ ェ ク ト を 模 倣 し て い る 生 態 系 
あ る プ ロ ジ ェ ク ト の 好 き な プ ロ ジ ェ ク ト を ‘bìa các-tông 魚 卵 の wiles. muối’ ・ 
彼 ら の 多 く の 店 そ し て も 排 出 物 は 食 料 と し て そ の 表 紙 寿 し 彼 ら に 地 面 に 板 表 紙 を 取 り 除 く 本 当 に 賢 く 
そ し て こ の 動 画 像 を し ま し た 
彼 ら は お 金 を 集 め て ゴ ミ レ ス ト ラ ン か ら 
そ し て 表 紙 を 小 さ な い そ れ を 売 り に 馬 を レ ベ ッ ド ngựa. に 
と こ れ ら の 束 汚 れ た お 金 を 集 め ま す 
彼 ら に と っ て シ ス テ ム か ら 多 分 bón, 生 giun 使 っ て 、 そ れ か ら siberia, 魚 と 魚 卵 塩 に 売 上 で 
こ の よ う な プ ロ セ ス に 変 え ら れ ま し た モ デ ル と キ kín, を さ ら に こ の プ ロ セ ス 
・ wiles 続 い て の 要 素 が 増 加 に 変 え る こ と で す こ の プ ロ セ ス の 排 出 物 で 生 ま れ た 価 値 シ ス テ ム で す 
こ の よ う に 自 然 の 増 加 傾 向 が あ り ま す 多 様 性 と 持 久 時 間 で す プ ロ ジ ェ ク ト の 意 味 す る こ と は 可 能 性 は 上 昇 を 続 け ま す 
私 は こ れ は 例 え ば co, 回 し か し 意 思 い ま し た の で す レ ベ ル の 時 か ら で す 私 た ち が で き る と い う 問 題 の 大 き な 問 題 に つ い て 汚 染 物 質 機 会 な の で す 
そ し て 特 に 都 市 や 私 た ち に 変 化 を 全 て の 都 市 の か も し れ ま す 
こ れ は 実 際 に プ ロ ジ ェ ク ト に つ い て 次 に mobius, プ ロ ジ ェ ク ト で き る よ う と し て 組 織 の 行 動 を 同 時 に 同 じ 建 物 か ら 新 し い こ れ ら の ゴ ミ に な る と 栄 養 の 活 動 し ま し た 
そ れ を お 話 し て い る 、 ま ず は レ ス ト の 中 で の 温 室 産 識 ・ kas amsterdam. と で す 
そ こ で 私 た ち が nồi 料 理 本 気 処 理 が 可 能 に し て 汚 れ rữa こ こ に 使 え ま し た エ ネ ル ギ ー の 温 度 に 換 気 に 電 子 機 器 
私 た ち が 水 を 処 理 シ ス テ ム を 変 え る ヒ ト の 水 を 作 り 出 し て エ ネ ル ギ ー の 物 質 か ら rắn, 使 っ て や り 微 生 物 
私 た ち が あ り 魚 を 食 べ て の 排 出 物 は 植 物 か ら そ れ か ら 廊 下 giun 肥 料 を 供 給 し 、 逆 に 戻 り ま す 
私 た ち が コ ー ヒ ー 店 の 種 に で も 使 え る 教 育 や 、 キ ノ コ を 
そ こ で 私 た ち が 作 っ て い る 一 回 り エ ネ ル ギ ー の 食 料 の 建 物 
そ し て 私 た ち を 前 提 案 を 使 っ て こ の こ と に 、 流 行 し て い る の は 下 水 の 中 心 に ち 
皆 さ ん あ る こ と が で き ま す 
そ し て 必 要 な 計 画 は 少 し 変 え る 空 間 を 自 分 を 空 に 人 々 に 繋 が り ま し た 人 々 に 食 料 廃 棄 物 体 の キ ャ プ ロ セ ス は 進 ん で 
プ ロ ジ ェ ク ト の 話 を し ま す ジ ェ ク ト で す サ 林 の 現 実 行 し て い ま し た 
人 々 が 驚 く べ き こ と が あ る 地 域 で は 現 在 砂 漠 で す 大 き な い と い う こ と で す 。 
例 え ば julius caesar 北 ア フ リ カ に 地 、 北 ア フ リ カ で 広 ま っ た の は ダ ー と 共 に 政 府 の よ う に 
そ し て 進 化 に 生 命 の 地 球 の 気 候 変 動 物 を 作 り 出 し づ 和 今 日 ど 土 に し ま し た 
そ し て 逆 の こ と が 起 き ま し た 
多 く の 問 題 の 木 は そ の 気 候 変 動 を し て ほ し い 砂 漠 化 に 限 っ た の で す 
そ し て こ の 形 状 に 光 合 成 活 動 を 起 こ る も の 
そ れ は 砂 漠 の 境 界 の 翻 訳 な 
そ し て 問 い か 侵 入 す る こ と を 引 き 止 む か ら ま た 左 に 砂 漠 化 」 で す 
そ れ を 見 て い る 生 物 進 化 に 砂 漠 に 暮 ら し い 例 で 素 晴 ら し い 適 応 に 希 少 な い 状 態 で 固 た る 羽 namibia, 進 化 を 見 つ け る コ ー ラ 砂 漠 を 外 に 夜 中 に 牛 の 砂 山 頂 に ま で に 新 皮 質 量 が 熱 xỉn, 筒 に 外 に 出 て き ま し た り 周 り を よ り も 
だ か ら で す が 風 湿 か ら の 小 さ な 入 水 の し る し 皮 質 の な の で す 
前 日 を 外 観 す れ ば よ か っ て 水 は ほ ん の 中 に 
そ し て 水 を 飲 ん だ 事 で す そ の 夜 に 一 日 中 
意 志 で そ の よ う な こ と も よ り 
な ぜ な ら を 見 に 近 く の bọ, が た く さ ん の 小 さ な く あ り ま す 
そ し て く る こ と が で き る nước: 水 を 吸 っ て い ま す 
す ご く そ れ は 新 皮 質 な 水 を 吸 い 
そ し て 作 用 す る の は 水 を 形 成 し 始 め ま し た 上 で 求 め ま す が そ の 涙 の 形 式 を 理 解 で き る の で す ね 勘 違 い な の も の の ウ も 
そ こ で も あ り ま せ ん 湿 エ ネ ル ギ ー の 空 気 中 の 小 さ な い も の 効 果 を 口 に し て い ま す こ れ は 例 の 素 晴 ら し い 適 応 す る 環 境 に 非 常 に 限 定 権 力 と 意 味 で す そ れ に 関 す る 挑 戦 し て 数 年 か ら 数 十 年 後 に 
私 た ち の 仕 事 を 発 明 し た こ れ は 水 温 室 効 果 の デ ザ イ ン 地 沿 岸 乾 燥 地 電 動 か す の は 周 囲 の 壁 を 成 し て 飛 行 機 器 を 取 り 付 け る の で し た 風 や う る 湿 度 を 増 や し て そ の 間 で 作 ら れ て い ま す 
だ か ら で す そ の 中 を ẩm, あ な た は ず の 作 っ た の で す 
そ し て 家 に 戻 っ た り 湿 ガ イ コ ー ラ の よ う に 全 く 同 じ よ う に な る の で す 
私 の 温 室 の 最 初 の 建 設 す る こ と を 発 見 さ れ る コ ー ラ と 比 べ る と の 需 要 の 畑 中 
だ か ら 始 め た の 拡 大 し た こ の モ デ ル の 周 り に あ る 地 域 で す 
そ の 結 果 と し ま し た 湿 え と し て イ ン ド の 小 さ な も の で す 
こ の 写 真 を 撮 影 日 完 成 し 一 年 後 に 見 え ま す 
イ ン に よ っ て い る の は 緑 に 広 が っ て 建 物 か ら 変 乾 燥 地 は ひ な 地 域 は 脂 肪 の 生 物 学 に つ い て そ の 意 味 し ま し た こ れ は デ ザ イ ン 保 護 の 目 標 を 達 成 す る 目 的 に 再 生 さ れ て い ま す 
そ こ で 私 た ち を 拡 大 規 模 の 利 用 さ れ る ア イ デ ア ク タ ー を 最 も 
そ し て 自 然 に よ く 考 え て い る 競 争 力 
し か し 実 際 は 生 態 系 に 機 能 で し ょ う か の 例 で す る 関 係 」 
そ れ で 原 生 重 要 で す イ ン を 同 時 に も 応 用 す る 技 術 の 集 団 の 共 生 的 
そ の 理 想 的 な 技 術 を 使 っ て 家 に は 、 海 水 に 集 中 太 陽 エ ネ ル ギ ー を 使 う エ ネ ル ギ ー を 収 集 中 太 陽 熱 の 電 気 を 作 る の で す 
そ し て 提 供 す る た め に ア イ デ ア の 可 能 性 と csp, 私 た ち は エ ネ ル ギ ー が 集 ま り １ 万 倍 も 太 陽 か ら 毎 年 後 に エ ネ ル ギ ー の 形 に つ い て 何 万 倍 で す 
そ の エ ネ ル ギ ー 問 題 あ り ま せ ん こ れ は 難 し い 課 題 に 対 し て の 源 で す 
そ し て 協 力 が よ く 言 っ て い る 、 ま ず は 技 術 が い る の が 合 い 砂 漠 
csp な 水 の 供 給 が 最 も あ り ま せ ん こ れ が 正 し 温 水 し て い ま す 
csp 排 出 量 は た く さ ん 熱 度 
全 て を 活 用 す る こ と が で き る 熱 量 を 更 に 多 く の 海 水 を 差 し 上 げ る 利 点 は 回 復 し ま す 
最 後 の ボ ー ル の 物 の gương, を 育 て る こ と が で き ま す べ て 植 物 は 垂 直 接 太 陽 光 の 下 さ れ て い ま す 
シ ス テ ム の よ う な も の で こ の ア イ デ ア は 壁 を 長 者 の 望 遠 鏡 の 風 向 
私 た ち に 集 中 太 陽 エ ネ ル ギ ー の 工 場 の 真 ん 中 道 で す 
皆 さ ん が 沸 い 何 を す る の に 、 塩 な も の で す 
そ の ナ ー が 資 源 の 使 用 さ れ て い ま せ ん あ り 得 な い と 考 え る 俺 を ど う や っ て し ま し た こ と に な る 俺 đi?”, 考 え る こ と が で き る シ ス テ ム に な り 価 trị?” 
そ し て こ と は 違 う 場 の 段 階 に 異 な っ て い ま す 
海 水 が 生 ま ず つ 炭 酸 カ ル シ ウ ム で す 
そ れ で コ ン ピ ュ ー タ 業 を 行 っ た よ う に 左 右 の 写 真 家 を 徐 々 に 収 ま り 炭 酸 カ ル シ ウ ム 
だ か ら し が で き る の で す そ れ を 取 り 利 用 で き ま す 素 材 を 作 り 軽 く 
そ し て ば cac-bon が そ の こ と が で き ま す 空 気 を 減 ら す 海 に そ れ ら の 製 品 を 作 っ た の で す 
次 は natri clorua. 
圧 縮 さ せ る こ と で す よ う な 建 物 や っ て い ま す こ こ の ホ テ ル ボ で す 
そ し て す べ て の 種 類 の 化 合 物 そ し て い る こ と が で き る よ う に 割 xuất, phốt 地 が 必 要 が あ っ て bón 地 に 砂 漠 
そ れ で は 問 題 に つ い て い る も の 全 海 水 の 
そ こ で 、 我 々 は が ら の 要 素 も 価 値 が あ る 電 池 に 使 え る よ う な liti 電 効 率 の 高 い 
そ の 中 で 湾 で の ア ラ ブ 塩 水 を 高 め る こ と は あ り ま せ ん が 流 塩 水 の 排 出 量 の 工 菌 を 塩 そ れ は 生 態 系 に 近 づ く の 崩 壊 の 
私 た ち が で き る よ う に す べ て 塩 水 で い ま す 
私 た ち の こ と が で き ま す 蒸 気 が 増 加 す る た め に 利 益 を 変 え 、 そ し て 塩 水 問 題 の 排 出 物 は 緊 急 事 態 に な る 機 会 な の で す 
実 際 の サ プ ロ ジ ェ ク ト は 模 型 を 作 り 方 な い 食 べ 物 を cacbon, 然 再 生 可 能 エ ネ ル ギ ー の 問 題 に 深 刻 な 国 で 最 も よ い 砂 漠 化 さ れ て い ま す 
そ う に な っ て い る 挑 戦 す る こ と が で き ま し た バ ー ド が 有 効 な 資 源 の 円 の 経 済 太 陽 エ ネ ル ギ ー 
可 能 だ け で は と て も 重 要 で す 
そ し て い る 研 究 は 自 然 の 問 題 を 解 決 法 と し ま す 
し か し 、 こ の 考 え 方 を と 言 っ て 実 際 に 持 続 可 能 な デ ザ イ ン 
多 く の で す 環 境 に つ い て 話 を 使 っ て い く の 否 定 的 な 言 葉 
し か し こ れ は ど う し て こ れ は 豊 か な 最 適 化 し た 
こ れ は あ り ま す 重 要 な の で す 
antoine ・ saint-exupery し ま し た 「 “nếu を 作 り た い と チ ー ム で 電 車 な ど 座 っ て 仕 事 を し て そ れ に つ い て 
「 イ グ ル ー プ が 必 要 な 心 の 人 が い な い で す 火 し ま し た 探 検 す る と い う こ と を xa.” 
そ し て い る 必 要 が あ り そ し て み て く だ さ い や っ て く だ さ い 革 命 に 興 味 深 い 時 間 に 非 常 に 
あ り が と う 
二 人 の 人 達 で す 
h i v を 広 め tràn&amp;quot; そ こ で 話 題 の 新 聞 で す 
保 護 が 最 近 
私 の 好 奇 心 --giơ 手 が 同 意 し て い る で し ょ う か ？ 言 か 二 dũng 心 な こ と で す か ら 医 師 が 疫 学 活 動 し ま し た こ の 分 野 の 1 5 年 ４ つ の ア フ リ カ 大 陸 で 働 い て い ま す こ れ は 彼 女 を 見 て 
そ し て 今 か ら 始 め ま し た 反 対 意 見 が 正 し い こ と は 半 分 だ け で す 
だ か ら で す が h i v と 彼 が 当 時 や 
し か し 大 だ や っ て い る 愚 か な い 理 由 を 完 璧 で し た 
現 時 trí&amp;quot; 翌 日 目 に は 力 を 公 衆 衛 生 
そ し て 眼 鏡 を 公 衆 衛 っ て い る の が な け れ ば 私 た ち を 提 供 す る 人 々 に 情 報 を 必 要 が あ る か を し た が 彼 ら を 提 供 す る サ ー ビ ス を 提 供 す れ ば 彼 ら は サ ー ビ ス し 報 奨 に 人 々 が 翌 日 目 の 決 断 trí&amp;quot; 人 生 が 私 た ち は 健 康 
こ れ は 素 晴 ら し い 問 題 に な っ た の で し た か ら h i v と 私 は 知 っ て い ま す h i v で 苦 し み が 不 公 平 性 で あ れ ば 参 加 す る の で す ヒ ted&amp;apos;07, 価 -fê; 実 h i v 薬 は セ ク シ ー が 好 き 
そ し て こ の 2 つ の 存 在 が 人 を 少 し 不 合 理 な 状 態 で す ダ &amp;#91;tiếng cười&amp;#93; 中 毒 で す 
だ か ら 始 め ま が 合 理 的 に 中 
私 の 友 人 と 話 す イ ン ド ネ シ ア の frankie. 
私 た ち は 昼 食 の 彼 の 話 を し て い た 時 彼 は 囚 人 の バ リ で す こ れ は 予 防 接 種 chích. 誕 生 日 だ か ら 少 し tuồn hê-rô-in 場 に giam, 彼 は 親 切 に 共 有 し て 友 達 
そ こ で 全 員 が 全 て の パ レ ス ア ン と の 誕 生 日 や っ て い ま し た ラ に 予 防 接 種 の 人 々 を 始 め ま し た 
予 防 接 種 ま ず っ と そ れ か ら 拭 き 取 っ た タ イ ヤ の 予 防 接 種 に そ の 次 
そ し て 世 界 で は 「 &amp;quot;tớ 第 2 2 に 友 人 や が て tớ, 貫 降 ろ し い 血 管 の 割 合 
ど ん な xuẩn, で す 
そ し て い ま す 小 さ な 友 人 と し た 
こ れ は ghiếc す れ ば 
本 当 に 危 険 で 
本 当 に 危 険 性 も あ り が と う &amp;apos;làm く 薬 は 少 し 時 に 友 人 で す 
を 少 し 
そ し て 話 す こ の 話 で す 
「 世 界 と 刺 激 な 薬 を ngốc.&amp;quot; 
そ れ は 責 任 で 芸 彼 は 正 確 に し か し 実 際 に 世 界 は 中 毒 に heroin, そ し て か ら 
だ か ら の 選 択 肢 は な く て は 受 け 入 れ る 金 属 の 汚 れ た こ れ は 胸 状 態 
そ し て こ の 場 所 が イ ン し た い こ と が で き ま せ ん か ら 
し か し 私 は 科 学 者 
そ し て 私 を デ ー タ を 見 て み ま し ょ う 。 そ の デ ー タ で 
私 た ち は 1 0 0 0 ア ３ 市 イ ン ド ネ シ ア で 私 た ち は 「 h i v か ど う か ？ 」 「 え え る 金 属 tiêm.&amp;quot; 共 用 を し よ う に 1 0 0 % で 共 通 の 注 射 を 
そ し て 知 っ て い ま し た 「 で き る 金 属 を 取 る 清 潔 に 伝 え る で し ょ う か ？ 」 「 そ う で し た 「 biết&amp;quot;. 1 0 0 ％ は 私 た ち ア nặng; て sạch.&amp;quot; 「 金 を も っ と 金 属 し て い ま す か ？ 」 と 
私 た ち 人 々 で 場 所 に 集 ま る chích. 「 予 防 接 種 を 持 っ て 浄 金 の か ？ 」 
最 大 の 4 つ 
そ こ で は あ り ま せ ん が 驚 く べ き な 注 入 用 を 受 け chích 週 間 前 の 1 0 ～ 9 の 共 通 し て い る こ と で す 
そ し て い る の で す が 大 き な く な り ま す 
誰 も が 知 っ て い ま す 
彼 ら は 金 属 tiêm, 共 用 を 彼 ら は h i v 感 染 し て 共 用 を な く 
こ れ は 何 な の で す イ ン を 共 有 す る の が い い で し ょ う ？ 
私 た ち は 質 問 の 答 え る か ら で す か ？ 
だ か ら よ り 共 通 の 注 で 共 有 用 な 人 で 眠 り ま す 
問 題 が あ っ て い ま す 
そ し て い ま す 共 用 を 注 い で す 私 た ち に こ れ は イ ン ド tù.&amp;quot; 現 れ ま す 注 射 さ れ た tóm, 警 察 に 膨 ら ま る で し ょ う 
そ の 方 程 式 が 変 化 し ま す い い ？ 
な ぜ な ら の 選 択 肢 が あ り ま せ ん 私 は 注 射 を 使 う の も の を 使 い ま し た 私 は 共 通 し て 病 射 す る こ と が で き る で し た 1 0 年 後 で 使 う こ と が で き 自 分 で 注 刑 務 所 に 明 日 が こ の 子 だ と 考 え る よ う 
そ れ は 意 見 聞 き ま し た 彼 ら は h i v と 不 幸 に 捕 虜 と 年 以 内 に 座 っ て 
彼 ら が 状 況 の 世 界 に 突 然 こ れ は h i v に 感 染 を 論 理 的 な 金 属 
今 見 て み る こ と の 観 点 か ら 者 の グ ラ フ は 単 純 な 問 題 で す 
突 然 、 大 学 の 一 列 動 で す 
あ る こ と に な り ま す 公 衆 衛 生 
思 う 人 が 、 そ の 人 が 注 射 ク ル を 使 い た い と 
こ れ ら の も の は こ の 問 題 を 簡 単 に 注 が す べ て に し て 人 間 を 削 除 さ れ ま し た 
初 め て 気 づ き ま し た こ と で す が 国 レ ベ ル で 拡 大 し て 有 名 で す 
thatcher ー そ し て い ま し た コ 換 プ ロ グ ラ ム 注 国 が 世 界 で 初 め て そ の 他 の 国 の 克 服 し ま し た そ の オ オ ラ ン ダ は そ の 他 の 国 の 国 が あ り ま せ ん こ の 4 % は h i v は 人 口 が 注 射 器 具 の 働 き ま せ ん で 、 例 え ば ニ ュ ー ヨ ー ク 
mát-xcơ-va, jakarta, は 最 高 の ツ ー ル の 予 防 接 種 の 感 染 の 流 行 が 亡 く な り ま す 
thatcher ー を す る か ら で す が 大 き な 愛 の 人 に 依 存 症 
彼 女 に あ る か ら で す こ の 国 が 持 つ 国 医 療 サ ー ビ ス 
だ か ら な け れ ば 投 資 す る 方 法 は 部 屋 の 結 果 は 彼 女 に 治 療 費 の 後 も ち ろ ん 、 そ の 大 金 に よ り も 高 い 
そ し て い ま し た 決 断 を 合 わ せ て 政 治 的 な 
も し 私 が 眼 鏡 を 公 衆 衛 こ と に そ の よ う に 見 え る こ と が わ か り で す 脳 は あ り ま せ ん 
し か し こ の 国 政 府 の 場 所 は 明 ら か さ を 感 じ ま せ ん が 医 療 を 人 々 の 健 康 に し ま し た 選 択 肢 の 道 の り で す 
し か し ア メ リ カ の デ ー タ は み な デ ー タ を 見 て 
そ こ で 本 の 数 百 の 研 究 者 か ら の 重 要 な 寺 院 の 科 学 的 ア メ リ カ は こ の 研 究 に よ る 多 く の プ ロ グ ラ ム を 注 効 率 的 で 
こ の こ と は こ の プ ロ グ ラ ム を 注 効 果 が あ り ま せ ん だ の ス ラ イ ド の こ と を し ま し た こ と に な っ た の で す そ し て は な ん だ ス ラ イ ド で す 

beatjazz 
beatjazz は live looping 即 興 ジ ャ ズ で し た 
デ ザ イ ン 動 音 で す 
そ れ ぞ れ の 手 を 加 速 度 計 感 情 の 手 を 
表 の ラ イ ト の 音 を 持 っ て い ま し た 
例 え ば 赤 い う わ 
青 い う ベ ー ス 
緑 和 音 う 
音 に う っ て 
英 語 tía う ー 
他 の 背 景 の 一 番 い ボ タ ン は 2 個 ghi-ta 説 が 多 く の ゼ 熱 を 
画 面 で 携 帯 の 賢 い シ ス テ ム の 表 情 
な ぜ な 原 子 化 に 音 楽 文 化 で す 
で も 全 体 が 過 去 か ら 現 在 未 来 に し て で き れ ば 研 究 抽 象 化 は 直 接 
そ し て “ beatjazz&amp;quot; 音 楽 の 人 気 に d.j 
し か し 建 築 は 未 来 は よ り ず っ と 待 っ て い ま す 

想 像 し て い け ば ど ん ど の 道 路 ア メ リ カ や 日 本 人 が 近 づ け し 近 行 為 と い う 名 前 で 何 者 で す 
そ し て 「 繰 り 返 し 実 際 に こ れ は oak, 道 路 で す こ れ は 数 elm. 線 26, 27”. で 
彼 は 言 い ま し た 行 為 で す ね し か し そ の 名 前 は 何 者 で す 
答 え は “dãy さ せ た の で す 
道 路 は tên; 行 為 だ け で は な い の で は あ り ま せ ん の 名 前 の đường.” 
彼 は 少 な く 困 惑 し て 失 望 さ せ 
今 で は あ る 人 が ど ん な そ の 日 に 友 人 や 近 隣 人 の 名 前 は 何 を 道 の り で す 
彼 ら は 答 え は 1 7 “đó 者 数 は こ れ は 数 学 者 で す — “ 1 6 
そ し て 「 “vâng, 名 が 何 な の で す 
彼 ら の 答 え ま せ ん で す ね 
数 直 線 に 新 し い 家 で す 
こ の よ う に こ の 地 図 と g o o g l e は 14,15,16,17,18,19. 者 数 で す 
全 て の 家 で す 
で は 道 路 の 名 前 の よ う に な り 
そ し て 尋 ね そ れ で は ど う か bạn?” 者 で す 
彼 は 答 え た の で す こ れ は 8 地 区 “dễ も 
な ぜ 者 の 数 列 者 một.” 7 
し か し あ な た は 「 “vâng. 歩 い て 隣 接 し て い ま せ ん で く る ん だ よ tự.&amp;quot; 
彼 は 「 者 で も さ れ て い ま す か ら 建 築 さ れ て い ま す 
最 初 の 家 を 建 て た 行 為 に こ の 家 で す 
二 つ 目 は 建 築 と 呼 び 方 数 で す 
３ つ 目 は 建 築 家 は ３ つ 簡 単 で す 「 わ か ら 
そ こ で 私 の 好 き に す る 必 要 が あ っ て い ま す が こ の 世 界 の 半 分 を 得 る 仮 定 を す る こ と が で き ま せ ん が そ の 反 対 す る と い う の も ま た 正 し い 
例 え ば 中 国 の 医 師 と 信 じ て い る の を 保 健 康 で す 
な の で す か 月 の 健 康 は 金 を か け る 必 要 が な け れ ば お 金 を 払 わ な い か ら で す 彼 ら は 責 任 感 豊 か に 不 健 康 に な り ま せ ん ご が 痛 く 

