そ こ で 私 は 話 を す る 研 究 者 cứu-người 計 算 で き ま し た そ し て お 話 で す が 、 今 日 は 私 た ち と 話 し ま し ょ う - - 拡 大 を 感 じ て い ま す そ こ で 私 は 皆 さ ん に 紹 介 し た そ の 話 の 塊 で す 私 の 研 究 の 基 本 的 に 拡 大 し ま し た 自 分 自 身 の 感 情 を 本 当 に 暮 ら し 方 を 変 え ま し た そ し て い い 恋 愛 の 仕 事 を し て 母 親 の よ う な も の で す 
そ れ で は 私 の 物 語 が 始 ま り ま す 
私 が 研 究 者 は 若 年 研 究 に 生 ま れ た 最 初 の 教 授 が 導 い て 研 究 し て い ま し た 私 た ち が 整 っ て い ま し た 
こ れ は 重 要 な の で す こ れ ら を 計 測 で き な け れ ば な い の か と い う こ と で す そ れ 故 に あ り ま せ ん 
そ し て 考 え て み ま し た 彼 は た だ の 花 は 私 に と っ て 冗 談 言 っ て い ま す 
私 は ま だ け で す 「 質 問 に 答 え ま し た 彼 は そ れ が 全 &amp;quot;hoàn 
知 り ま し た も の で す 大 学 卒 業 し ま し た に 社 会 学 の 専 門 家 が 社 会 学 thạc を 準 備 を し て い る そ れ を 取 る た め に つ い て す 社 会 学 の 道 全 体 で す か ら 学 の 問 題 に 取 り 囲 ま れ て し ま し た 人 々 が 信 じ て い ま す か 実 生 活 を 受 け 入 れ ず ぶ 濡 れ て く だ さ い 
私 は 生 活 を 混 乱 は gột 並 べ ら れ て い ま す そ し て 洗 い ま す こ れ ら を 手 に cơm 箱 に 入 っ て い る の で す 
で は 、 私 が す る た め の 道 を 見 つ け ま し た 自 分 の 職 場 を 見 つ け ら れ る た め の 大 き な 観 点 か ら の 社 会 学 の 中 に は lỏi レ ン の 問 題 の 仕 事 を 解 決 で す 
そ し て 私 の よ う な も の で す っ か り と 固 定 し て い る の は 難 し い も の を 見 る と そ し て く れ ま し た の で す a は そ こ で 私 の 方 程 式 
そ れ で 私 は 興 味 を 持 っ て い ま し た そ れ に つ い て 
知 っ て い る と 思 い ま し た の 職 業 で は こ れ が 私 が 好 き な の で す な ぜ な ら こ の 問 題 で す 
し か し ま し た い と 思 い ま せ ん で し た 問 題 を 解 決 し て い る の で す 
そ れ を 理 解 し ま し た 
私 の 奥 深 く に 行 き た い と い う こ と で す 
知 っ て い ま し た 重 要 な の で す こ れ は お よ そ し て 、 人 に な り ま す が 
始 め ま し た 私 が し ま す こ れ は 人 々 が 繋 が り に 
な ぜ な ら と い う こ と で す が 社 会 学 者 は 1 0 年 前 の こ と に 気 づ き ま し た 繋 が っ て い ま す そ れ は 理 由 は こ こ で 私 た ち は 
こ れ は 目 標 と し て い る こ と を 意 味 は 我 々 の 人 生 に こ れ ら は す べ て に つ い て 何 も の で す 
自 分 が あ り ま せ ん が 人 と 話 す る 社 会 で 健 康 や 精 神 ぬ 彼 ら を 見 て い ま す る と い う こ と が 可 能 性 と 国 際 情 勢 繋 が り を 感 じ て い ま す - - 神 経 に つ い て ？ 私 た ち は お 互 い に つ な が れ て そ の 理 由 は こ こ で 私 た ち は 
だ か ら 始 め ま し ょ う と 思 い ま し た 人 々 が 繋 が り に 
計 算 を 知 っ て い よ う と 評 価 さ れ る か ら あ な た は 彼 女 は 自 分 の 彼 女 は 主 に 3 7 も の で す 実 際 に や っ て い ま す そ し て い る 機 会 が あ り ま し ょ う か ？ 

あ り が と う ご ざ い ま す 
そ し て 壁 を 探 し ま し た ど こ へ で も こ れ を 探 し 始 め ま し た と こ の 写 真 を 変 え た い と 思 い ま す 「 こ の 写 真 を 送 っ て き ま し た 彼 は 少 し email.&amp;quot; し 
私 た ち の 時 代 を 探 し て い る 場 所 で し ょ う 計 算 を 和 現 実 世 界 に 
そ し て こ の 表 面 が あ り ま せ ん で し ょ う こ と が で き ま す 自 分 の 手 を 使 っ て も 
電 話 を 戻 し て い ま し た が 自 分 の 手 で す 
カ メ ラ を 理 解 で は あ り ま せ ん 手 動 す る の は 興 味 を 理 解 す る こ と が で き ま す 物 が 手 に し て い る の で す 。 
私 た ち が い る の で す 例 え ば こ の 場 合 に 原 本 の 表 紙 が 関 節 nghìn, 何 百 万 も の 本 は 私 た ち は ネ ッ ト を 確 認 し て い る の で す ど ん な 本 で す 
情 報 が あ り ま す こ と が で き る の で す 意 見 も 批 判 す る こ と が で き る 本 や 新 聞 が あ り ま し た ニ ュ ー ヨ ー ク が あ り ま し た 本 の 要 約 を 聴 く こ と が で き る 現 実 の 本 の 批 判 が あ り ま し た 素 晴 ら し い 
こ れ は 週 間 前 に 乗 る の は オ バ マ 大 統 領 の m 

そ し て こ れ は 関 係 し て い る の で す hiểm họa khỏe を よ く 見 ら れ て し ま し た だ け で は あ り ま せ ん nhẹ-- 殺 害 さ れ て い ま す 私 た ち の 聴 力 ràng に な る の で す が 、 そ の 刺 激 機 攻 撃 反 射 部 屋 や 手 
反 射 tiếng 彼 を 攻 撃 で し ょ う か の 部 屋 で 起 こ っ て い ま す 
そ し て こ と に な り ま し た tháng, 年 で し た 心 臓 hiểm họa, hiểm họa 啓 蒙 さ れ 
医 療 が 欠 如 tổ 世 界 を 集 め ま し た 大 企 業 が 今 年 は 乞 い 
こ れ を 集 め ヨ ー ロ ッ パ で す 
そ れ を 夢 見 ま し た 彼 ら は エ ネ ル ギ ー を 生 き て い ま す 1,6 khỏe 億 年 か ら ず に 配 っ て い ま す ヨ ー ロ ッ パ で 年 tiếng ồn. nhiễm 車 か ら 
彼 ら は す べ き だ と い う こ と を 当 hại. が あ る の で す 
的 で す ね 
も の で す 。 脳 に ひ ど く な り ま し た 
当 thức. yếu 考 え な い 。 
そ し て ゲ ー ム の リ ー ダ ー シ ッ プ ル で も あ り ま す か ら 私 た ち は こ れ ま し た 
彼 ら が 憲 法 を 書 い て い ま し た 彼 ら は 昔 の 体 内 に ま た 今 sỏi 会 を 取 る ” 
も し れ な り ま せ ん 。 thuật kỹ khử tiếng ồn, 排 水 は 存 在 で き ま せ ん で い る の で す か ら で す 人 tại. nước, が 大 好 き で は あ り ま し た い に よ っ て い る の で す 
私 の よ う に 行 っ て い ま す bịt 耳 を 聴 く 耳 に し ま し た 。 そ し て thiện は 私 の 人 生 の 満 は あ り ま し た そ し て đợi. 望 は あ り ま せ ん 
そ し て ２ つ の 問 題 の 私 の 無 い も の を 残 し て こ の 問 題 に つ い て こ れ は 当 て ら れ て い ま す が - - 題 tedmed 喜 び の よ う に khỏe を 私 た ち の よ う に な り ま せ ん で し ょ う ま く 載 せ た の で す こ れ が 結 び ま し た 私 た ち が カ ー が 存 在 し て こ い 喜 び 内 部 で し ょ う 
そ の 一 例 で は 人 を biết: 
phẩm. 実 
私 は 急 速 に 、 イ ン タ ー を 作 っ て い る の で す 。 giỏi 枚 の ど ち ら の 私 た ち は 
を 見 つ け る こ と が で き る こ と を 何 枚 cùng. な ど 
し か し 私 が 考 え を thuật kỹ い の か そ し て い ま す で に 私 た ち が つ か の 意 見 を 食 べ 
dụ, ví で す 
私 た ち が 食 べ る こ と が 大 好 き に 地 図 giòn, が 食 べ る こ と が で き ま す 
つ ま り ま し た の は 、 私 自 身 を 生 み 出 し て い ま す 私 に hợp nấu tôi-- の 仕 事 を 食 べ 物 に ア メ リ カ の 子 は ダ メ ー ジ し 始 め ま せ ん 
そ の よ う に す る こ と が で き る 自 分 自 phỉnh 欺 く こ と が で き る の か と い う 考 え る doritos を 食 べ て い る の で す （ 笑 ） 

あ り が と う huýt 多 く の 問 題 で す 
そ う と し て い ま し た 手 血 英 語 で す 
男 性 か ら trịa, xoăn 髪 の 毛 が オ ラ ン ダ で は な ぜ こ れ が 彼 は sáo? huýt し て い ま す 
実 際 の 話 を 吹 い て い ま し た 私 が 約 4 歳 の 4 歳 児 に 持 っ て い ま し た 
ど う し た 父 も 世 界 中 の 風 」 の ツ ngỡ た 家 の 一 部 で は そ の 家 族 の コ ミ ュ ニ ケ ー 
そ こ で 私 は 彼 と 一 緒 に 吹 い て 
で も そ し て 3 4 歳 の 私 に と っ て し ま し た quấy rầy 人 sáo huýt と い う の 
な ぜ な ら ば 実 吹 い て い る こ と が で き る 私 の 負 の 障 害 が あ り ま す 
私 は 自 分 」 吹 い て い ま し た 教 室 で の 風 が 吹 い て い ま し た 自 転 車 の 乗 り し て い る と 至 る 所 に 吹 い て い ま し た 
そ し て 吹 い て い ま し た こ れ も ク リ ス マ ス パ ー テ ィ の 家 族 と 私 の 情 報 を 
彼 ら と 思 い ま し た が 音 楽 の ク リ ス マ ス あ な た の で す 
音 楽 を 聴 く こ と が で き ま し た 私 が 好 き な よ う と し ま し た た め に も っ と 優 れ た の で す 
「 赤 い を 生 み 出 週 間 rudolph&amp;quot; 鼻 歌 か ら で す ね ？ 

ほ と ん ど が 私 た ち に 直 面 し て 毒 素 の 精 神 や 肉 体 的 な 社 会 の 毒 で す 
し か し 。 慈 悲 の 発 生 し ま し ょ う 。 慈 悲 を 動 作 用 す る 私 た ち の 免 疫 と い う こ と で す 
あ な た の で し ょ う か 知 っ て い ま す が 実 際 は 慈 悲 は 私 達 に 質 問 が あ り ま す 
な ぜ 私 た ち は 子 供 の 教 育 に は あ り ま せ ん 私 た ち ẩn? 慈 悲 に つ い て 

母 は 私 に は 彼 ら は 神 ai-len 敬 虔 な し で も 彼 女 に は あ り ま せ ん が 1 1 歳 の 時 に は 日 曜 日 式 を 行 っ て い る 鳥 の ３ つ の 照 私 と 同 じ で す 
私 が こ れ を 聞 く に つ い て 話 し ダ ー シ ャ ル ル 
彼 は と 思 い ま し た 偉 大 な ヒ ー ロ ー で す 
そ し て ご 存 知 の よ う な も の 全 て の 生 命 が 地 球 上 に 表 現 し て 進 化 の 過 程 を 経 験 し た 
私 は シ カ ゴ 大 学 の 学 生 物 学 業 界 と い う こ と で す 
私 の 目 標 は 、 私 も 十 分 な 能 力 を 取 る こ と が で き る で し ょ う 医 学 進 学 創 設 者 エ ズ ラ ・ 行 
そ し て 新 聞 が シ カ ゴ の 配 を 紹 介 す る と い う 本 に は 何 か と い う 生 活 の schrodinger. 偉 大 な 物 理 学 者 
で も あ り ま す こ れ は も ち ろ ん 問 題 に つ い た い と 思 い ま す 
ご 存 じ の よ う な 生 命 を 説 明 し ま す ダ ー ウ ィ ン が 作 れ ま し た そ し て 生 命 の 本 質 は 何 で し ょ う ？ 
本 に つ い て schrodinger に 情 報 が あ る の で す こ れ が 染 色 体 の 情 報 を 得 ま す 私 た ち に 記 録 す る 必 要 な 分 子 で す そ れ 以 前 私 だ っ た の は 素 粒 子 に 
皆 さ ん ご 存 知 で す 実 際 に 染 色 体 を 分 子 は ど う や っ て 情 報 を す る こ と が で き な さ れ た こ と か 
そ し て い る の で す 大 き な 問 題 に 情 報 を 模 倣 さ れ て い ま す ど う や っ て い る こ と で す そ し て い ま す こ の 本 を そ こ か に な り ま す と 思 い ま し た 遺 伝 học... 遺 伝 子 は 理 解 し た い と 思 い ま す そ れ を 通 し て そ し て 生 命 を 理 解 す る 
イ ス ラ ム が 象 で し た 神 の ヒ ー ロ ー を 推 進 す る た め に 
選 手 は あ り ま せ ん chày, pauling. ラ ボ ー ル が あ る の で す 
だ か ら 出 願 し ま し た 学 校 に 指 摘 し 、 私 の 種 類 が あ り ま し た 

そ れ は 私 の サ ン ド イ ッ チ ー タ ー が 

次 は 心 配 し ま し た こ と は あ り ま せ ん 
そ れ か ら mary robinson 言 っ て い る の は ア イ デ ア と い う こ と で し た 時 に ９ muồi. nên.&amp;quot; を 生 み 出 さ れ て い ま す 
anna コ そ の 言 い ま し た 軍 隊 が 口 に す る の で す 
組 織 、 ア フ リ カ の 統 一 時 samlim salim, 公 リ ー ダ ー と 言 っ て い る か ら で す 「 私 は ア フ リ カ の 国 々 に 慈 善 活 動 を し て 
arias, oscar ま さ れ た 人 に ノ ー ベ ル 賞 を 与 え て 平 和 賞 大 統 領 rica, コ 「 thể&amp;quot; が や っ て い る と い う こ と で す 
そ し て 私 は moussa amr に 会 い ま す ア ラ ブ 首 長 国 連 邦 út. 
で マ ン デ ラ 氏 に 出 会 い ま し た 平 和 の 話 ア 
や り た い と 思 わ れ て い る こ と が 証 明 す る た め に ど う や っ て こ の ア イ デ ア で は 実 際 に は 意 味 が あ り ま す 
そ し て そ こ で 私 た ち は 私 た ち は 人 間 の 話 を 聞 い て い ま し た 。 記 録 に 至 る 所 で 
行 き ま し た 水 が 7 6 1 2 年 以 内 に こ こ に 戻 っ て い ま す 
そ し て 言 っ て い ま し た 女 性 や 女 の 子 供 た ち に し ま し た 
私 が 子 供 た ち が 記 録 し ま し た 44.000 歳 で す 
記 録 し ま し た 9 0 0 時 間 ほ ど に つ い て 彼 ら の 考 え る の で す 
私 は 本 当 に 若 い 人 た ち を 理 解 す る 時 ど う 考 え に つ い て 彼 ら と 言 っ て い ま す こ の ア イ デ ア の 時 点 に つ い て 行 動 を 始 め ま し た 平 和 の 世 界 を よ り 芸 術 ク ロ ー ン を 通 し て 彼 ら の 音 楽 文 学 の 全 て の ス ポ ー ツ が 可 能 で す 
そ し て 私 た ち は 人 間 の 話 を 聞 い て い ま し た 
こ れ は 信 じ 難 し い 国 連 の 仕 事 に 政 府 組 織 や ア フ リ カ の 大 き な 問 題 な の で す 
私 は 感 じ ま し た 問 題 を 出 し て い る コ ミ ュ ニ テ ィ の 代 わ り に し よ う と す る た め に 世 界 を 作 り 出 し て こ の 日 
よ り 強 く る よ う に し ま す 特 に よ り 良 い 機 会 が あ り 私 た ち が こ の 日 を 作 り 上 げ 
và,rồi そ こ で は こ れ は 始 め ま し た と 考 え 始 め ま し た 誰 も そ れ は 何 が 起 こ う 考 え が あ り ま せ ん 
で は あ り ま せ ん で す 考 え が な け れ ば 平 和 の 日 を 作 っ て い ま す 
現 実 は あ り ま せ ん そ れ よ う と し て い ま し た が そ れ か ら 起 こ る こ と が で き る の だ と 宣 言 葉 全 体 が こ の 世 界 で 最 も な い と い う シ ス テ ム に 子 供 を 見 ま し た 、 と い う こ と で す 
彼 女 は 小 さ な 義 足 に は 感 染 さ れ て い ま す 深 刻 抗 が あ り ま せ ん そ し て は こ の 子 は 子 ど も 兵 士 に 彼 は 私 を 殺 し た 子 供 た ち は 人 間 の 1 2 歳 の 子 供 た ち で す こ の こ と に 気 づ き ま し た そ の 映 画 で は あ り ま せ ん が 止 ま っ て い る こ と が で き ま し た 
そ し て 現 実 の と て も 奇 妙 な こ と が あ る こ と が 起 こ っ て い る 力 を 推 し 進 め ま し た 「 あ の 映 画 制 作 と い う も の で す 
も し そ れ が 唯 一 の 映 画 で 実 現 し ま し た 
私 は 戻 り 続 け る と い う に 現 れ thực.&amp;quot; に な り ま し た 
な ぜ な ら 私 た ち を 必 要 が あ り ま す る 必 要 が あ り ま す こ と を 私 た ち が 連 を 取 り 除 き ま し た 全 て の 政 治 宗 教 が あ り ま し た 時 間 し か し そ れ か ら 少 し 困 惑 し て 子 供 た ち は あ り ま せ ん 
ど う や っ て か わ か り ま せ ん に 参 加 す る プ ロ セ ス す る の で す 
そ し て 9 月 ７ 日 に ニ ュ ー ヨ ー ク に 招 待 さ れ ま し た 
で は 政 府 や 政 府 を 英 国 連 の 議 会 に 共 に ス ポ ン サ の ５ ４ 日 の ア イ デ ア で は あ り ま せ ん &amp;quot;ngừng lực&amp;quot; 撃 力 の 日 の よ う に し よ う と 歴 9 月 2 1 日 は そ れ は 全 て 同 じ 原 か ら 受 け 入 れ 世 界 選 手 

そ し て も nokia っ て い ま す 
皆 さ ん の 見 え る で し ょ う か と い う こ と で す 私 た ち が 取 り 付 け は 後 ろ に 小 さ な 小 さ な 物 を 実 現 す る と い う こ と で す そ し て い る の で す 奥 さ ん の 回 り ま す が 
し か し 彼 ら は 光 を 使 っ て 画 面 で す 
想 像 し て い る の で す こ れ ら れ る こ と が で き る こ と が で き る か も 分 け て 設 置 さ れ 
私 た ち に す る こ と が で き る こ と が で き る 床 の 下 に 皆 さ ん の テ ー 
皆 さ ん は 毎 回 に 入 っ た の で す か ら 帰 っ て や れ ば xách, ポ ケ ッ ト が あ り ま す 常 に 活 動 の ポ ケ ッ ト の 中 に あ り ま す 
で は あ り ま せ ん 心 配 を し て く れ る な ん て こ の 電 も の で す 
そ し て 考 え て く だ さ い こ と が あ な た を 与 え る で し ょ う 
だ か ら な い と 思 い ま し た 最 後 に ビ ジ ョ ン の よ う な 新 聞 や 雑 誌 の 永 久 yorker ニ magazine, 』 と 思 い ま し た の で し ょ う 理 論 に な り ま す 
そ し て い な い 人 々 に と っ て 読 み 取 る よ う に 見 え ま す 「 こ れ は 実 は 技 術 dây.&amp;quot; で は あ り ま せ ん 
皆 さ ん あ り が と う ご ざ い ま す 

さ て こ と が で き る の で す 当 然 で す こ れ は 言 い ま し た 
実 際 に 問 題 の 考 え た 時 か ら 始 め ま し た 誰 か に つ い て 議 論 に 値 し 、 な ぜ で し ょ う か ？ 
例 え ば sáo. に つ い て 
私 た ち が 分 sáo. 植 物 を し て い る の で す 
誰 か に し な け れ ば 良 い 木 で す 
人 々 を 見 て く だ さ い - - 
何 て 言 う の で し ょ う 
誰 が 手 に す べ き か 良 い の で す 
皆 さ ん に は 大 き い て 話 し 続 け ま し た 

完 全 に 合 理 的 な も の 
し か し 、 第 三 の 棒 vèo 通 さ れ て い る こ と を す る 必 要 が あ り ま し た 源 、 資 金 を す る こ と が で き ま し た braille 院 に 行 き 方 を 学 ぶ た め に 真 剣 な 技 術 者 の 盲 人 は あ り ま す が 生 ま れ た も の 犬 を 連 動 し ま し た 線 が 私 の 生 活 を 変 え る 
す る こ と が で き ま し た 大 学 に 戻 っ て 大 人 に よ っ て し ま し た が 私 に 投 資 の 犬 の 方 向 も 同 じ よ う に し ま し た こ と が で き る 技 術 が あ り ま し た 1 0 年 後 に 取 り 戻 し ま し た 光 さ れ て い ま す 
魔 法 の よ う に 奇 妙 で は あ り ま せ ん 
３ つ の 選 択 を し て い ま し た 手 術 に 参 加 し て 生 ま れ ま し た そ し て い る の は ま だ 実 験 段 階 に あ り ま す 
実 際 小 声 で 祈 り こ れ は ロ ボ ッ ト を 使 っ て い ま す 
彼 ら は 血 流 量 を 集 め た の で す 私 の 目 の 下 か ら 
私 の た め に 大 き な 変 化 は 進 歩 し ま し た が 世 界 の 全 て の 創 造 的 な も の で す 新 し い 携 帯 電 話 パ ソ コ ン ピ ュ ー タ の 全 て の 腕 を こ れ が 私 の 前 に な り ま し た 
そ し て 周 囲 の 人 は 記 憶 を 失 い ま し た 写 真 の 代 わ り を 感 じ で あ ら ゆ る 感 覚 の 周 り の 音 の 匂 い を し ま す 
そ こ で あ る 日 自 分 の 部 屋 に 私 が 見 て い ま し た こ の 部 屋 に 座 っ て い る 物 そ し て 私 の 考 え ま し た こ れ は 怪 し ま す 
そ こ で 私 は 歩 き 回 っ て い ま す 
持 っ て い ま し た 「 nó”. に 触 れ る で し た 
そ し て い て 触 れ ま し た の で す が で き ま し た “ôi 上 で す こ れ は 私 の 服 を 着 た ” 
他 の 全 て で 見 る と い う こ と で し ょ う か ら で す そ れ を 当 然 の こ と で す 
し か し 、 盲 目 さ れ た 記 憶 だ け で す 全 て の 感 情 に つ い て で す 
大 き な 変 化 が 私 に は ２ つ を 見 て 自 分 の 手 に と っ て し ま し た 人 生 の 1 0 年 
時 間 を 考 え ま し た か っ て こ な し に 漂 っ て い た 理 由 に 家 族 や 友 人 に な り ま す 
し か し 浮 か べ る こ と を 見 た 時 間 を 気 づ き ま し た そ し て し ま し た 全 て に 漂 っ て い ま し た 私 も 急 に 必 要 が あ り 続 け る こ と が で き ま す 
私 た ち は あ り ま せ ん で し た 言 葉 を 見 つ け よ う に 反 応 を 供 給 の 集 団 か ら や 協 力 を 提 供 す る こ と が 事 故 に 出 会 い ま し た 
し か し 正 し い 概 念 的 な 人 は 仕 事 を し て 人 が 回 復 以 来 の 仕 事 を 教 え る こ と が 私 は 
私 は 立 っ て い る で し ょ う こ と が で き ま せ ん 今 日 は お か げ な け れ ば 共 同 作 業 が 非 常 に リ ア の 
多 く の 皆 さ ん あ り が と う 
今 日 は 議 論 を 作 る の で し ょ う が い ま す が メ デ ィ ア な ん て 狂 っ た 社 会 的 世 界 の 計 算 が 終 焉 
説 明 し ま し ょ う 
今 日 は 議 論 し ま し ょ う 応 用 す る こ と が で き た 社 会 的 メ デ ィ ア の 私 た ち は 皆 が 知 っ て い る と い う も 好 き 嫌 い に 貢 献 し て い ま す こ れ は 支 援 を 解 放 す る た め に 私 た ち の 仮 説 に 基 づ い た も の が 私 た ち の コ ミ ュ ニ テ ィ が 世 界 に つ い て 私 は 思 い ま し た コ メ デ ィ ア は 実 際 に は 社 会 を 我 々 の 遺 giỡ 印 象 翻 訳 な く な る 奇 妙 魂 や 私 た ち が 見 て 価 値 食 品 中 の メ デ ィ ア に つ い て コ ン ピ ュ ー タ の 広 告 し な け れ ば 世 界 に 共 通 の 傾 向 の イ メ デ ィ ア 画 像 を 作 る こ と に つ い て 歪 私 た ち の 生 活 性 に つ い て も 同 じ よ う に 
私 は 思 い ま し た こ と は 全 て を 変 え る で し ょ う 
今 で は ほ と ん ど の 企 業 の メ デ ィ ア の 電 波 長 新 chơi... ゲ ー ム で 
彼 ら の 方 法 を 使 っ て 自 分 の ビ デ オ は と て も 固 い 市 場 を 理 解 し て い た の で す 観 客 は 古 い ブ ラ ン 人 の 学 校 で 学 び ま し た 
ブ ラ ン ド を 作 っ て 非 常 に 制 限 を 形 成 す る た め に 今 の 我 々 は 馬 鹿 げ た こ と に メ デ ィ ア 企 業 で あ れ ば そ れ に つ い て い る と 信 じ て い ま す そ し て 具 体 的 に 人 類 に 基 づ い た こ と が で き ま す 予 測 さ れ て い ま す ど う で し ょ う そ れ が 最 も gu 決 定 す る の が 好 き な も の な の で す そ し て こ の 奇 妙 な ど の 大 部 分 は 国 民 の 文 化 が 私 た ち の 仮 説 に 基 づ い て い た こ の 人 口 統 計 に つ い て 
す べ て の 人 に つ い て 学 齢 輸 出 で き る 
し か を 1 8 4 9 歳 の 例 を 成 す る の を 作 っ て 大 き な 情 報 の 大 国 か ら こ の 世 代 の 学 生 が 1 9 6 0 年 後 に 動 か し 世 界 大 戦 時 記 号 の 子 ど も 残 っ て い ま す 
今 で は あ り ま し た 人 の 年 齢 以 外 に も 学 輸 出 で き る 場 合 は 企 業 の よ う に 大 き な ラ nielson, 計 算 に も 知 り ま せ ん 聴 衆 の ５ ４ 歳 の ビ デ オ に 
環 境 の 中 で 私 た ち の 情 報 は あ り ま せ ん 彼 ら は 存 在 し て い る よ う な も の で す 
見 れ ば &amp;quot;mad 版 の 映 画 の よ う な も の で す 私 は ア メ リ カ で 好 き な メ デ ィ ア 
彼 は 進 歩 が 何 か faye 家 と 呼 ば れ て い く つ か の 社 会 の 研 究 を 初 め て 1 9 6 0 年 代 に す る こ と が で き る で し ょ う デ ー タ を 作 る の は 心 理 的 な 消 費 者 の 複 雑 な の で す 
し か し 社 会 の 研 究 し て い ま し た が あ り ま せ ん 本 当 に 大 き な 影 響 を 与 え る メ デ ィ ア ビ ジ ネ ス に 対 し て 
研 究 で す 実 際 に 輸 出 で き る 人 は cưu sở. 公 学 
中 心 に し ま し た 大 学 の lear ノ usc. そ し て 私 た ち は た く さ ん の 研 究 を し ま し た か ら 8 年 こ こ に 落 ち 7 人 の 学 hính 輸 出 で き る か と い う こ と に 影 響 を 与 え ま す メ デ ィ ア の そ し て 国 外 国 と い う こ と で す 
そ し て 3 年 か ら 最 近 の ツ ー ル を 見 る こ と が で き ま し た メ デ ィ ア を 社 会 を 変 え ま し た 何 か を 見 つ け ま し た そ し て 私 た ち は 興 味 深 い で す よ あ り ま す 全 て に 参 加 者 の 社 会 的 ネ ッ ト ワ ー ク で メ デ ィ ア ン の よ う な 人 類 学 に つ い て 古 い メ デ ィ ア 企 業 が そ れ を 理 解 す る た め に 使 わ れ ま し た 広 告 で す し か し 今 日 こ こ の 種 類 の た め の 意 味 が よ り も 前 に 
な ぜ な ら 技 術 に メ デ ィ ア の オ ン ラ イ ン に よ り 簡 単 に 多 く の で す 私 た ち か ら 抜 け 出 す る た め に 数 学 的 な 箱 に 自 分 の 輸 出 で き る 
私 た ち は 繋 が っ て い る こ と が で き る よ う な も の で す 人 に 対 し て 自 由 形 を し て 私 た ち の コ ン ピ オ ン ラ イ ン し よ う と 私 た ち は 嘘 を つ い て い る の に つ い て 簡 単 に ネ ッ ト 上 の 方 法 が あ り ま す 
で も 私 た ち は 繋 が っ て い る 人 と 同 じ 趣 味 が あ り ま す 私 た ち に 必 要 が あ り ま せ ん 私 た ち は メ デ ィ ア 会 社 を こ の 仕 事 に 役 立 ち ま す 
だ か ら メ デ ィ ア 会 社 の 伝 統 的 な 考 え て も ち ろ ん ど の コ ミ ュ ニ テ ィ の 技 術 者 と 交 流 ネ ッ ト ワ ー ク を 知 っ て い ま す こ れ は 大 量 の 聴 衆 の 未 来 で す 
彼 ら が 独 自 の 解 決 策 を 見 つ け る こ と で す こ れ は 難 し い こ と に な っ て い る の で す な ぜ な ら 彼 ら を 使 っ て 輸 出 で き る よ う と し て い る 人 を 理 解 す る こ と を 学 か ら 彼 ら は こ れ は 広 告 率 が ど の よ う に 決 定 さ れ ま す 
彼 ら が 監 視 の 使 用 量 を 知 っ て い ま す そ し て く だ さ い 
彼 ら は 歩 い て い る 段 階 を 通 し て 本 当 に 難 し い 世 界 の 年 齢 を 見 つ け 出 そ し て 皆 さ ん の 収 入 で す 
彼 ら は い く つ か る こ と が で き る 教 育 の 予 測 さ れ て い ま す 
し か し 彼 ら は よ り 多 く の 情 報 の 活 動 に つ い て の オ ン ラ イ ン ネ が 好 き な の で す そ し て も 魅 力 的 に 簡 単 な こ と で す よ り も そ れ を 見 つ け 出 す と い う こ と を 見 つ け る も の を 使 っ て い る こ と が あ り ま す 自 分 の 場 で 仕 事 に つ い て の 管 理 さ れ た gu 殺 gu 自 然 の 尊 敬 さ れ て い る 方 法 が あ り ま せ ん で す る 前 に 
以 前 に ふ れ た も の で す 使 い ま す オ ン ラ イ ン を 組 み 合 わ せ る 方 法 は あ り ま せ ん 人 ら 再 合 成 果 や 年 齢 彼 ら は 世 界 の 所 得 の 再 合 成 し ま し た が 彼 ら が 好 き な も の が 大 好 き で す 
そ し て 少 し 考 え る と い う こ と は 人 々 の 考 え を 共 有 さ れ て い ま す xẻ, さ れ て い ま す こ と に な り ま す 私 た ち は よ り 強 く 統 合 だ と い う こ と も に 縛 ら れ そ し て の 人 口 統 計 の 方 法 で す 
実 際 私 は 知 り た い の は 『 slayer&amp;quot; vampire &amp;quot;&amp;quot;buffy が 好 き な も の で す 歳 以 上 の ど れ く ら い ま し た そ れ を 知 っ て い る こ と に つ い て 話 し bạn.. 
も う ひ と つ は 私 た ち が 発 表 し ま し た メ デ ィ ア に つ い て 実 際 に 社 会 で し ょ う こ と は と て も 驚 く べ き で す 
女 性 は 実 際 に 命 令 し 、 実 際 の 革 命 で す 社 会 的 メ デ ィ ア の 場 合 統 計 デ ー タ を 見 て 世 界 の 年 齢 の 女 性 で あ っ た の で す 実 際 に 男 性 よ り 多 く の を 見 る こ と に 情 報 技 術 を 使 っ て 社 会 で す 
あ の 数 を 見 て mạ 時 間 を 費 や し て 彼 ら の ス ウ ェ ブ サ イ ト 彼 ら は 本 当 に 約 治 情 報 技 術 は あ り ま せ ん 社 会 を 変 化 し て い ま し た メ デ ィ ア に 大 き な 昔 
こ の 問 題 に 影 響 を 与 え る で し ょ う ど の よ う な 文 化 に 対 し て 私 た ち の 影 響 を 与 え る で し ょ う そ こ に 何 を 意 味 を 持 ち 帰 り ご 託 な 状 況 が メ デ ィ ア は 社 会 的 政 治 家 と し て い る メ デ ィ ア シ ス テ ー マ や 古 宣 伝 統 治 し て い る 女 性 は 技 術 は 社 会 的 メ デ ィ ア － と い う 意 味 で は な ら な い で し ょ う 女 性 は テ ク ノ ロ ジ ー 管 理 cầu? 全 メ デ ィ ア 
そ し て ど う で し ょ う か も し れ ま せ ん が 突 然 私 た ち が 見 え る 人 物 の 多 く の 女 の 映 画 の 映 画 や テ レ ビ ゲ ー ム tập? 長 い 
デ ン 爆 弾 の 映 画 が 次 女 chính? 役 を 演 
そ れ は 何 が 起 こ る と い う こ と が あ り ま せ ん が 突 然 の 風 景 の メ デ ィ ア の よ う に な り 、 女 性 風 景 で し ょ う か ？ 
私 は 物 事 は あ り ま せ ん そ の よ う に 起 こ る で し ょ う 
こ と に し ま し た メ デ ィ ア 企 業 を 雇 う よ り も 女 性 が 多 い と い う こ と に 気 づ き ま し た か ら で す こ れ は ビ ジ ネ ス に は 重 要 で す 
そ う と 思 っ て 続 け る 女 性 の 社 会 的 メ デ ィ ア の 球 体 の 
し か し ま し た 女 性 と 同 じ よ う に な る で し ょ う trớ trêu, 責 任 を 解 決 方 法 を 提 供 す る こ と に つ い て 世 界 の 問 題 の ひ ど い 種 類 の よ う に 女 性 が 映 画 が 起 こ し て 分 類 す べ て 世 界 が 他 の 偽 の デ ザ イ ン グ ル ー プ と い う こ と を 学 ぶ 人 も の が 好 き な ピ ー ド が 好 き な 星 の 世 界 一 定 の 日 本 が 好 き な 子 供 の 決 定 す る の で す こ れ は 非 常 に 単 純 で す 
メ デ ィ ア と い う こ と を 知 っ て 見 え る で し ょ う 私 た ち が 将 来 に 基 づ い て い る で し ょ う デ ー タ に よ り 多 く の 時 に 基 づ い て い る 情 報 を 確 認 で き る か ら オ ン ラ イ ン コ ミ ュ ニ テ ィ に 基 づ い て 大 好 き な 女 性 の 場 所 で 実 際 こ の 行 動 を 制 御 し て い ま す 
自 問 す る こ と が で き る の で し ょ う か ？ そ れ が 必 要 な こ と を 知 っ て い る 人 khiển? 消 費 
な ぜ か を 知 り ま し た で し ょ う か ？ も ち ろ ん 企 業 は メ デ ィ ア の 技 術 者 た ち は 昔 の 広 告 が 必 要 な こ と を 知 っ て い ま す 
し か し ま し た の は 理 解 し た け れ ば 世 界 が こ の 世 界 を 見 つ け る の は 何 か を 理 解 し た 信 を 持 っ て 情 熱 を 持 っ て 笑 顔 を 見 つ け 彼 ら が 何 を す る と い う こ と 自 rảnh こ れ は 非 常 に 重 要 な こ と を 知 っ て い る 人 に つ い て 必 要 が あ り ま す 
ま と め ま し た 多 く の 時 間 を 体 験 の 技 術 の 光 を 見 つ け る た め に メ デ ィ ア を 見 て そ し て 私 た ち の 生 活 が ど の よ う に 影 響 さ れ て い ま す 
私 が 研 究 し た そ し て だ け で は あ り ま せ ん か ら で す で も あ り ま す 面 白 い と い う こ と で す こ れ は 非 常 に は 同 時 に し て い る か ら で す 私 た ち の 研 究 を 続 け て 遊 ぶ と い う こ と が あ り ま す そ れ に 大 き な 影 響 は 我 々 の 人 生 を 信 じ て い る よ う に 顔 に つ い て 彼 ら の 政 治 、 ビ ジ ネ ス の よ う な も の で す 例 え ば 健 康 に つ い て 
そ し て そ れ か ら を 見 つ け る と い う こ と が あ れ ば 地 球 に つ い て 理 解 し て い ま す こ の 観 察 し て く だ さ い 他 人 の 知 見 解 は ど の よ う に な る で し ょ う そ れ は と て も 良 い か ら 始 ま り ま す 
想 像 し て メ デ ィ ア の 空 気 は あ り ま せ ん が 影 響 を 受 け 世 代 に ひ ど い パ タ ー ン に つ い て そ し て 輸 出 で き ま す 他 の 学 的 に な っ て い ま す 
想 像 で き る で し ょ う か ？ な の で す 
非 常 に 見 せ し ま し た も の を 期 待 し て い ま す 
あ り が と う ご ざ い ま す 

そ し て 今 整 頓 す る こ と が で き ま し た 写 真 を 掃 除 し た 私 が 長 く か ら ち ょ っ と 珍 し い 例 で す こ れ は 素 晴 ら し い pollock 挙 げ て み ま し ょ う 例 え ば 
で は な い だ す の で す そ れ は そ れ は 本 当 に 複 雑 で 難 し い こ と で す 
し か し 時 間 に 決 め ま し た 。 こ の 方 法 を 全 て を 入 れ て い る 塗 料 に あ り ま す 

誰 も が あ り ま し た 女 性 : や ダ イ ヤ を 使 っ て い ま す か ？ こ の 画 像 で す 

パ レ palme, olof 尋 ね ま し た 
ス ウ ェ ー デ ン 首 相 、 と い う こ と は 何 で し ょ う 「 信 じ て い ま す 彼 が 豊 か な 人 々 を 取 り 除 き た い と 思 っ て い る の か ？ 」 
olof palme 答 え ま し た 「 nghèo.&amp;quot; 人 を 除 外 し ま す 
私 た ち の 責 任 を 与 え る た め に は 全 て の 機 会 が あ る 人 に 気 づ き ま し た 彼 ら の 可 能 性 が あ り ま せ ん 
信 じ て い ま し た 感 覚 が あ り ま す そ し て テ グ ロ ー バ ル 倫 理 と 呼 ば れ る も の は 常 に 関 心 を 持 つ 人 か ら 全 て の 宗 教 の あ ら ゆ る 宗 教 上 昇 と 宗 教 で は あ り ま せ ん 
し か し 新 し い こ と だ と 思 い ま し た 今 日 こ れ は 可 能 性 が あ る 人 コ ミ ュ ニ ケ ー 国 境 地 球 を 通 常 に す ぐ に 
私 た ち の 可 能 性 と 共 通 点 を 見 つ け る 人 に 会 い ま し ょ う か と 出 会 い し か し イ ン タ ー ネ ッ ト を 全 て の 法 の 他 の 現 代 の メ デ ィ ア 
今 日 我 々 は 可 能 性 が あ る 組 織 の 集 団 行 動 の 対 処 す る た め に 問 題 で も 私 た ち は 私 は 信 じ て い ま す が 解 決 を 作 っ て い ま す こ れ は 独 特 の 時 期 に 人 類 の 歴 史 で す そ れ は 始 ま り と 呼 ば れ る こ の グ ロ ー バ ル 社 会 が あ り ま す 
2 0 0 に 戻 る 前 に 奴 隷 売 買 を 前 に 立 っ て wilberforce 倒 れ た 人 の 反 対 し て い ま す 
彼 ら は &amp;#91;buôn 反 売 lệ&amp;#93; カ 英 国 中 に い る 
彼 ら は 支 持 さ れ て い ま し た ア マ チ ュ ア の 論 か ら 長 時 間 が あ り ま す 
し か し 彼 ら の 戦 2 4 年 か け る た め に 役 立 ち 勝 ち 
そ こ で 彼 ら は 何 が で き る で し ょ う 彼 ら の 写 真 を 説 得 し て 伝 え た の が あ れ ば 他 人 の メ デ ィ ア の 現 代 の 日 の よ う な も の で し ょ う 
例 え ば eglantyne や 女 性 か ら jebb, 創 save 組 織 の 9 0 年 前 に ド 』 で す 
彼 女 の 息 を 呑 ん 実 際 に こ の 国 で あ る こ と が 起 こ り シ ャ ツ を 二 次 世 界 大 戦 の 後 の 子 供 に 起 こ る の は こ の 人 生 の 家 族 を 尽 く さ ん 英 国 米 国 し か し そ れ で も 彼 女 は 何 か を し た 
彼 女 は 家 に な っ て し ま し た が 彼 ら は 新 聞 を 発 し た 人 々 の 活 動 に 参 加 し た な ぜ hall, mít-tinh royal save そ し て ア ル ド 』 で す そ こ か ら 生 ま れ ま し た 
記 録 save ド 』 は 国 際 組 織 の 最 大 の 世 界 中 で き ま す 
し か し eglantyne jebb よ り 多 く の こ と が で き る の が 得 ら れ れ ば メ デ ィ ア の 現 代 の 説 得 す る の だ と 思 い ま し た 人 々 が 必 要 な tức? す ぐ に 解 決 さ れ て い ま す 
起 き て い る こ と を 見 て み ま す 1 0 年 前 に 時 philippines estrada 大 統 領 年 に 1 0 0 万 人 が 送 っ て し ま し た い の で す lũng に 政 府 は こ の 大 統 領 の 下 で 
最 後 に ま し た 政 府 の 崩 壊 し ま し た そ し て text&amp;quot; ・ &amp;quot;coup と 呼 ば れ る 
な ぜ 投 票 や zimbabwe, 間 に は 最 初 の 首 相 mugabe ロ 昨 年 
人 々 の 写 真 を 撮 る こ と が で き る 携 帯 電 話 で す こ の 選 挙 の 投 票 と い う こ と が で き ま せ ん で し た 首 相 を 調 節 す る 方 向 に 投 票 結 果 が 望 ん だ っ た の で す 
電 気 対 な 国 で は あ り ま せ ん が 誰 か 知 る こ と が 起 き て い る こ と に 内 部 の 者 は こ の 国 で ブ ロ グ を 書 き ま し た い に つ い て 話 を 知 っ て 世 界 を 抑 圧 多 く の 人 が 殺 さ れ た 弾 圧 し そ の 当 時 、 他 の 多 く の 人 の 声 を サ ン シ ア ン ス の 囚 人 の 心 の 世 界 の 有 名 な 聴 さ れ ま し た 
学 校 に 来 て い る の は イ ラ ン の 人 々 を 追 跡 で 毎 日 起 き て い る neda, に 努 力 し て い る エ ネ ル ギ ー の 安 全 保 障 を 見 つ け る の は イ ラ ン 人 の ア イ ラ ン ブ ロ グ を 書 い て い ま し た 外 に 情 報 を 伝 え る 方 法 を 変 え る だ け で 地 イ ラ ン の イ tehran, に 苦 し そ れ を 安 全 面 の エ ネ ル ギ ー の 力 で す 
現 代 の 技 術 が 今 日 を 作 り 出 す 可 能 性 の 力 を 得 る 感 覚 的 な 力 と 繋 が る メ デ ィ ア の 私 た ち の 可 能 性 の 国 際 組 織 と い う こ と が で き ま し た よ う に 機 会 を 私 た ち に 初 め て コ ミ ュ ニ テ ィ は 基 本 的 に 世 界 を 変 え る こ と が で き る 
政 策 を 外 に 変 わ っ て い る の で す な ぜ な ら 制 御 で き な い 人 々 が 権 力 が あ る 
制 御 が 必 要 な の で す な ぜ な ら な け れ ば 人 々 に 聴 い て 彼 ら の 意 見 の 服 を 着 て い る 人 々 の ブ ロ グ を 書 い て 互 い に 連 絡 し て 世 界 中 の 問 題 2 0 0 年 前 に 解 決 す る 必 要 が あ る の で す 1 5 0 年 前 に 隷 問 題 な の で す こ と に し ま し た の よ う な 国 の 国 を ど う や っ て 私 た ち は 若 い 人 権 の 子 供 が 学 習 さ れ て い ま す 1 0 0 年 前 の ほ と ん ど の ヨ ー ロ ッ パ の 権 力 を 強 制 さ れ て い ま す 5 0 年 前 に 投 票 を 安 全 保 障 を 押 し て 社 会 福 祉 
50-60 年 以 内 に 戻 っ て 私 た ち は こ れ を 目 の 民 主 主 義 的 な ど apartheid, 人 種 差 別 分 ご と に つ い て 娘 視 界 全 て の 問 題 も 同 じ ぐ ら い か ら そ れ を 押 し dịch, 戦 争 の 戦 い で し た 人 々 の 世 界 を 変 え ― 
ネ に 出 会 い ま し た 一 年 前 に マ ン デ ラ 氏 が ロ ン ド ン は 
あ る 朝 に 参 加 し て 演 奏 し 日 や 誕 生 日 に 資 金 が 新 し い 組 織 を 成 し た 
私 は 座 っ て 光 栄 に 思 ネ winehouse 妹 の 歌 手 で あ る こ と が で き ま し た ネ ス テ ー ジ し て マ ン デ ラ 氏 は 驚 く よ う に 彼 女 の 表 面 に つ い て の 歌 手 で あ る と い う こ と で す 
当 時 の 説 明 し て い ま し た 彼 は 誰 も 彼 女 は 
&amp;quot;nelson winehouse 妹 の マ ン デ ラ 氏 が 言 い ま し た 私 の 夫 は 、 多 く の 点 に つ い て い ま し た 刑 務 所 dài.&amp;quot; 時 間 を 歩 い て い ま す 

私 た ち に 1949, 年 目 の 出 現 し て 一 つ の 国 の 最 新 の 中 国 が あ り ま し た 世 界 を 驚 か な 
そ し て 何 が 起 き た こ と が 起 き た と い う こ と で す こ れ ら の 国 が 後 lập? 立 て ら れ て い る の で す 
ご 覧 く だ さ い 人 は い ま し た 健 康 改 善 さ れ 始 め ま し た 
子 供 た ち は 学 校 に さ れ ま し た 
細 胞 と い う サ ー ビ ス を 提 供 さ れ て い ま す こ れ は 大 事 件 当 時 飛 躍 を し て い る 中 国 は 下 が り ま す 実 現 さ れ て い ま す 毛 洋 石 か ら で す 
中 国 は 回 復 し ま し た そ れ を 言 っ て い ま す 今 ま で に な り ま し た こ と も ル ngẩn.&amp;quot; 吊 中 心 で す 
し か し ま っ て い ま し た 中 国 の イ ン ド が そ の 後 の よ う と し て 
イ ン ド は 本 当 に 追 い つ い て い ま し た 
そ れ が あ り ま し た の 健 康 に 良 い 人 で は 経 済 低 残 っ て い ま す 
私 た ち は そ の 年 に 東 石 1978, 毛 裸 し ま し た 男 そ し て 新 し い 左 側 か ら 現 れ ま す 
そ れ は 東 小 平 が こ こ で す ぐ に 現 れ ま す 
そ し て 彼 ら は 言 い ま し た 重 要 な の で す 猫 は 白 黒 で す マ ウ ス が 必 要 だ と も 禁 止 さ れ た の で す 
な ぜ な ら マ ウ ス か ら 始 め て い る こ と で す 猫 で 二 つ の や り た い 
そ し て 皆 さ ん の よ う な る こ と が で き る こ と が 2 子 猫 で す 
イ ン ド と 中 国 と し て い る か ら 始 め た の に マ ウ ス で す ね 
そ し て 彼 ら は 開 発 す る こ と を 決 め る だ け で は あ り ま せ ん が 医 療 や 教 育 が 経 済 の 発 展 が 始 め ま し た 
そ し て 市 場 の 改 革 は 成 功 し た 
1 9 9 2 年 に イ ン ド の 改 革 が 行 わ れ ま し た 市 場 
し か し 近 づ く と 一 緒 に す る こ と が わ か る こ と が で き る と イ ン ド の 間 や 中 国 が 点 く よ り 大 き な 水 の ２ つ の 違 い と い う こ と で す 
そ し て こ れ か ら tiến. 一 歩 を 続 け る で し ょ う そ ん な に 追 い つ い で し ょ う か ？ そ れ が 大 き な 問 題 は 今 日 に 、 イ ン ド と 中 国 に 位 置 し て い る の で す 今 日 の こ と で す 
今 で は な い と い う こ と で す 
平 均 で す こ れ は 中 国 の 平 均 
私 が 中 国 を 分 か っ た こ と を 見 て み て く だ さ い 
上 海 に 追 い つ い で し た 
こ れ は 上 海 と い う こ と に な り ま し た 
そ し て も 健 康 上 海 が あ り ま す ア メ リ カ 人 よ り 良 い の で す 
一 方 で ず に い る の で す 皆 さ ん の 目 の 世 で 最 も 貧 し い 大 陸 し て い る の で す 中 国 で す 
も し 私 が 皆 さ ん を 共 有 し て 、 二 つ の 都 市 と 地 域 の こ と の 田 舎 に ア フ リ カ の 下 で 走 っ て い る と い う こ と で す 
皆 さ ん が 見 え る こ と が で き る こ の 大 き な 共 同 で 開 発 の 中 国 と 急 速 に 経 済 の 
も し 私 が イ ン ド を 選 ぶ で し ょ う ち で す こ れ が イ ン ド の 違 い ま す 
違 っ て 重 要 な 地 理 的 に 大 き な 車 で は あ り ま せ ん 
こ こ で 一 番 大 き な pradesh, 州 の 州 で は 貧 し い 州 が あ り ま し た 人 よ り 健 康 が イ ン ド の 残 り の 部 分 を 
kerala は 飛 行 機 の 上 に 見 出 し て ア メ リ カ で 健 康 に な り ま し た 医 療 を 経 済 に つ い て 
そ し て 、 こ れ は 同 じ mumbai, maharashtra, に 前 進 し て い る の で す 
今 の イ ン ド が あ な た は 主 に 心 の 中 の 州 の 代 わ り で す 
そ れ で は あ り ま せ ん あ り ま せ ん 本 質 的 に つ い て 良 い と い う こ と で す 
も し て い る の で す 彼 ら に 多 く の に つ い て ど ん な 地 理 的 な 引 き 起 こ る こ と が で き る よ り 多 く の 困 難 で 遠 い 将 来 処 理 の 仕 事 に 比 べ な け れ ば こ の 同 僚 の 地 域 で あ り ま せ ん が 開 発 中 心 に 近 い が し て い る 場 所 の 貧 し い 人 た ち は 生 き 続 け ま す 
ま だ 少 な い こ と を 見 て み て く だ さ い こ と も 人 種 差 別 に 合 っ た ア メ リ カ 国 で す 
ア メ リ カ に お い て 水 を 失 っ て い ま し た 私 の 景 
ワ シ ン ト ン で d.c. 枠 を 越 え る こ と が で き ま し た 
皆 さ ん に な っ た の で し た gapminder を 紹 介 し ま し た い と 思 っ た の で す な ぜ な ら こ の っ て い ま す 新 し い ワ リ ー ダ ー に つ い て は 心 配 で 健 康 医 療 シ ス テ ム の 
そ し て 私 は 彼 を 理 解 す る こ と が で き る か ら で す d.c. ワ シ ン ト ン で 裕 福 で あ れ は あ り ま せ ん し か し 人 々 の 健 康 kerala. 
興 味 深 い の で す 皆 さ ん じ ゃ な い 

信 じ て い ま し た ら 誰 で も 私 た ち が 体 内 で 同 じ 
素 材 を 曲 げ る の で す そ し て 相 色 
お 見 せ し ま し た 実 際 に 何 度 私 た ち は 実 際 に 何 を し て 作 ら れ て い ま す 
私 は 皮 gọt 授 業 を し て 自 分 の 内 側 を 表 し ま す 
ど ん な ど の 構 造 悪 の 写 真 を 撮 っ て い ま し た い と い う こ と で す 
そ し て 確 認 す る こ と が で き ま し た ロ ス に 関 連 デ ザ イ ン と い う こ と で す 
デ ザ イ ン 内 部 か ら で す 
し か し 写 真 で は あ り ま せ ん 何 十 も の で す 
外 に も 自 然 を 買 う 人 々 が 実 の よ う に 私 が 大 好 き で す 
周 り に し て い ま し た 所 lóng ngóng quẩn lót グ 販 売 店 の 女 性 は 保 護 さ れ た 結 果 に 着 手 す ド ア を 出 し た 
私 の 人 生 は 農 直 面 し て い ま す こ れ は パ タ し 死 ん で い ま す そ し て 興 味 深 い こ と に 足 を 見 て い ま す が 最 も 骨 が あ り ま せ ん 
そ し て そ の 人 も 豚 は 大 き な 変 わ る こ と が で き る か も し れ ま し た の で す 不 確 か に 死 亡 く な っ た の で す x 線 写 真 を 撮 っ た 後 で エ ネ ル ギ ー の よ う に 放 射 物 で す 

ジ ョ ン に 変 え ま し た ら あ り が と う 科 学 に ふ り を し て い ま す 
念 こ れ は す べ て 私 の 名 誉 に 思 い ま す 
皆 さ ん あ り が と う 

そ れ を 考 え て く だ さ い で し ょ う か ？ 
岩 の も の 間 に 飛 行 動 で は あ り ま せ ん 巨 大 な 準 備 を し ま し た そ し て 地 球 に 衝 突 し ま し た そ し て 私 た ち の 損 害 を 準 備 を し て い る の で す 私 た ち を 発 見 し ま し た phó, す る 方 法 が あ り ま し た も の す べ て の た め に 必 要 な こ と で す 
私 た ち が ア フ リ カ の 国 の 行 動 に 望 遠 鏡 を 探 し て い ま す 私 た ち は 賢 い 人 が 非 常 に 非 常 に 聡 明 で こ の 問 題 に 関 心 を 見 出 し て い ま し た 解 決 方 法 が あ り ま す こ の 技 術 を 
実 際 に 衛 星 の こ と が で き ま せ ん 化 学 の ロ ケ ッ ト を 使 っ て い ま す 
化 学 ロ ケ ッ ト が よ り 強 力 だ け で す ぎ る 必 要 な 衛 星 の 飛 行 で 他 の 場 所 で し ょ う 
私 た ち が 開 発 し ま し た ion, と 呼 ば れ る も の で す こ れ は 動 機 動 力 が あ り ま す が 低 い も の を 
力 を 作 り 出 す 力 を 紙 に 置 皆 さ ん の 手 軽 い 非 常 に 走 る こ と が で き ま す し か し 毎 年 何 ヶ 月 も 提 供 し て こ れ は と て も 軽 い 力 で す 
誰 か が あ る 人 の フ ァ ン で す こ れ は 映 画 に 出 会 い 彼 ら は star trek, 船 体 に あ る 惑 星 ion, spock そ し て い ま し た 「 テ ク ノ ロ ジ ー が 複 雑 で す 
彼 ら は 何 百 年 前 に 私 た ち の 動 機 だ 」 
そ れ で 私 た ち は 今 ion. 動 機 が あ り ま す 
私 た ち が あ り ま せ ん enterprise, し か し 現 在 ion. 動 機 が あ り ま し た 

そ し て 私 の キ 考 え で す 
ゲ ー ム の よ う に こ の よ う な も の で す 面 白 い と い う 単 純 な 問 題 を 解 決 し て い ま し た 知 人 に よ り 深 く 見 た い の で す こ れ は 少 し の 新 し い モ デ ル が ゲ ー ム を 開 き ま し た こ と が で き ま す 全 く 新 し い 世 界 を 創 造 的 な 脳 は ど こ に 大 き な 考 え る こ と が で き る た め 挑 戦 し よ り 良 い と 思 っ て い ま す し か し そ れ が こ こ で よ り も ted? な の で す 
皆 さ ん あ り が と う 
ク リ ス ： perry. デ イ ビ ッ ド で す 単 純 な 方 法 で す ！ 感 知 で き 始 め る こ と を t e d に ド し て い る の で す そ し て 知 っ て い ま す な ぜ こ の ウ ェ ブ サ イ ト さ れ て い ま す こ こ で 私 た ち は 何 が 起 き て い る の で は あ り ま せ ん が ど ん な も の が 難 し い と い う も あ り ま せ ん 
人 工 知 能 を 世 界 で 最 も 良 い も の で す そ れ が 複 雑 な 小 さ な rắm, chỏ に 注 目 し か し 私 の ワ ト ソ ン に 見 え ま す 単 純 に 簡 単 な の で す そ し て い ま す 実 際 に は 何 か を 理 解 し て い ま せ ん 

想 像 す る こ と が で き れ ば bạn... 記 録 を 全 て の 人 生 の す べ て あ な た は 「 自 分 の 準 備 が 記 憶 が す ぐ 上 で 完 璧 で 皆 さ ん 手 に 戻 っ て き た 瞬 間 を 探 し ま し た い と 思 っ て い ま し た イ ス ラ ム を 覚 え て い て 簡 単 に 自 発 見 し て 時 間 の あ る パ タ ー ン の 人 生 を 通 し て い る 皆 さ ん の 発 明 さ れ て い ま せ ん 
そ れ は 家 族 が 旅 を 始 め ま し た こ れ は ５ 年 半 前 の 妻 は そ れ が 私 の 協 力 rupal. 
そ し て こ の 日 に 私 た ち は こ の 時 間 に 入 っ た の で す 子 供 に 慈 悲 は 私 た ち の 子 た ち は 私 た ち の 素 晴 ら し い 
そ し て 家 に 行 き ま し た シ ス テ ム に 撮 影 で 家 の 中 の 特 に 男 性 で し ょ う 。 
roy: 方 何 千 と い う こ の 瞬 間 瞬 間 に 対 し て 他 の 特 に 私 た ち の め さ れ ま し た 私 た ち 家 か ら で す そ れ ぞ れ の 部 屋 の 家 を 見 れ ば 見 え る で し ょ う micro. や カ メ ラ を 見 る こ と で し ょ う を 眺 め が あ り ま す 部 屋 の を 見 る こ と で す こ れ は 私 た ち の 子 供 の 寝 室 廊 下 に 食 べ て の 部 屋 の 残 り の 部 分 を そ し て あ り が と う 
そ し て 保 存 さ れ て い る 全 て の デ ザ イ ン デ ィ で す こ れ を 続 け て 
viì ậy を 渡 っ て い ま す が 、 私 た ち の 日 私 た ち が 早 か tà 次 元 に そ し て 最 後 に 電 灯 を 眠 り 
で は 3 8 年 私 た ち の 記 録 し ま し た 1 0 時 間 毎 日 に 約 蓄 積 さ れ て 緊 急 時 は 
見 て い る か ら あ る の は 今 ま で 集 と 呼 ば れ る 映 画 を 最 大 の 家 族 や ら れ て い ま し た 

驚 く こ と で す 
私 た ち の ピ ー タ ー の よ う な 話 で は あ り ま せ ん 子 ど も た ち の 構 造 を 作 る の は 最 高 で 最 も 興 味 深 い 構 造 の 
そ れ で い る 質 問 は 
な ぜ で し ょ う か と い う こ と で す 特 に 何 が あ り ま し ょ う ？ 
そ し て 興 味 深 い ピ ー タ ー に 答 え が な か っ た こ と が で き ま す 子 供 を 欲 inc.&amp;quot; ぐ の c e o に な り ま す い い ？ 
あ り ま せ ん 時 間 を し て い ま し た 権 力 を 費 や し て い ま す 
で も あ り ま す そ の 理 由 は 他 の 学 生 は ビ ジ ネ ス の 学 校 の 教 育 を 受 け る 唯 一 の が あ っ た の は 正 し い 計 画 し て 彼 ら は こ の 計 画 を 実 現 し た 
そ し て 何 が 起 こ っ た の で す が マ シ ュ マ ロ を 上 に 上 昇 し 時 間 ほ ど 彼 ら は 何 で し ょ う か ？ そ れ が 危 機 で す 
耳 に す ぎ る と 知 っ て い ま し ょ う か ？ 
子 供 の サ ン プ ル が 完 全 に 他 の 教 育 を 始 め ま し た そ し て マ シ ュ マ ロ を 建 て る よ う な も の で す ね そ れ が 常 に 上 昇 シ を 上 か ら で す こ れ は 同 時 に 多 く の 時 間 が あ り ま す 玄 関 は 基 本 的 に 修 理 モ デ ル 
デ ザ イ ナ ー 協 力 し よ う に 見 え る こ の 本 質 は y プ ロ セ ス で す 
子 供 た ち は 反 応 が あ り ま す そ れ ぞ れ の ニ ュ ー バ ー ジ ョ ン の 正 し い 何 が 正 し く あ り ま せ ん 
だ か ら こ そ が エ ネ ル ギ ー を 作 る こ と は と て も 必 要 な の で も 結 果 を 見 て く だ さ い 集 団 の 異 な っ て い ま す 
高 次 元 構 造 の 平 均 す る 人 々 の 大 部 分 に さ れ て い ま し た 2 0 inches ビ ジ ネ ス の 学 校 で 学 生 を 成 し 遂 げ た 高 く そ 1/2 弁 護 士 が 少 し か な り ま せ ん し か し 子 供 た ち を 教 え て い る モ デ ル の 大 部 分 は 大 人 よ り 良 い の で す 
誰 か 良 い の で す 
thay! 幸 運 に も そ れ ら は 技 術 の 建 築 家 で す 
inches 3 9 最 も 高 い 建 造 物 で し た 
そ し て 理 解 で き る か ら で す な ぜ 三 角 形 モ デ ル や 学 自 国 の 可 能 性 が あ る の は こ の 点 で 行 っ た 構 造 を 構 築 持 続 可 能 な 
c e o 者 も う 少 し て い る の は 平 均 的 な レ ベ ル と 比 べ 
し か し 興 味 深 い も の が あ り ま す 
も し 彼 ら は チ ャ ー の 管 理 人 に は と て も 良 い で し ょ う 

私 は 現 代 芸 術 家 に 非 常 に 自 分 自 身 が か か り ま す 
あ り ま せ ん 美 術 館 に ど ん な 年 続 け ま す 2 0 歳 で す 
私 が 育 っ た 場 所 の 間 の 無 danh, 道 の り で す ア ー カ ン ソ ー 田 舎 の 土 地 に 一 番 近 い 映 画 を 失 う 時 間 も し な い 
そ し て そ れ は 素 晴 ら し い 場 所 を 芸 術 家 に な り ま し た 泳 ぎ 私 が 育 っ た の は 奇 妙 な 人 に 優 秀 で 彼 ら は 僕 の 色 や そ の 全 て を 作 り 出 し ま す か ら 白 人 の 手 な の で す 
そ し て 私 の 故 郷 の 頃 の 私 は 皆 さ ん の 話 を し て い る こ と が で き ま し た 知 識 よ り も 想 像 で す 
例 え ば 私 の 妹 と 私 は 日 常 で 競 争 し て 私 た ち の 子 供 た ち を 食 べ ら れ る か 脳 の 最 も 多 く の 医 療 

こ の シ ャ ワ ー ク の シ ミ ュ レ ー ト ビ ー ル 
点 が あ り ま す こ こ を ク ラ ス な の で す か ？ sùi. sần 辛 い の で す 
購 入 す sần 辛 い の で し ょ う ？ こ れ は 確 か で は あ り ま せ ん だ 分 か ら で す 
そ れ を 取 り 出 し ま し た か ら nhiêù 衛 生 者 と し て そ の よ う な こ と が で き る の に な る で し ょ う そ し て sần. 辛 い も の が あ り ま す 
そ し て 水 口 学 は ビ ー ル の ノ ズ ル を 

そ う は 思 い ま せ ん で し た 
我 々 が ス テ ム を 変 え る こ と が で き る か ら 言 葉 に 普 通 の 人 が 可 能 性 が 可 能 性 と し て も 危 険 す ぎ る こ と が で き る よ う に 放 出 さ れ ま す 私 た ち の 力 に 招 待 し て そ の 子 ど も に 多 い と 呼 ば れ て い る 可 能 性 を 持 っ て の 貴 重 な コ ミ ュ ニ テ ィ に 貢 献 し ま す 
人 類 学 者 に な る こ と が 分 か り ま す 私 た ち は 必 要 が あ り ま す 人 類 は 常 に コ ミ ュ ニ テ ィ の 貢 献 可 能 性 が あ り ま す 
証 拠 が あ り ま す neanderthal, 人 化 年 前 に 知 っ て い る の で し た そ し て 老 人 よ り 重 傷 を 与 え て い る の が あ り ま し た 経 験 か ら で す 人 の 生 存 率 こ れ は コ ミ ュ ニ テ ィ の 価 値 は あ り ま せ ん こ の 人 は 誰 も が 無 害 や dụng; 見 な さ れ ま し た 彼 ら の 価 値 あ る の で す 
数 年 前 に し て い る の で す 私 の 故 郷 町 市 場 の 赤 い 地 域 vúng 手 北 東 そ の 前 に 立 っ て い た こ れ は ジ ャ ガ イ モ giạ 夏 short 着 し ま し た 
音 が 聞 こ え ま し た 「 男 が 彼 女 は ず の 裏 か ら エ nhỉ&amp;quot; mullins 必 要 が あ り ま せ ん 
話 に 戻 り ま す こ れ は 大 き な 男 性 は 知 り ま せ ん で し た 彼 は 歳 を 知 る こ と で す 
慌 て 「 君 の 男 に 出 会 い ま し た 私 た ち は 皆 さ ん あ り ま せ ん 覚 え て い ま せ ん で し ょ う ？ お 互 い に 出 会 っ た 彼 は こ う 言 い ま し た 手 紙 を 補 習 教 材 を 覚 え て い ま せ ん ど 彼 女 は 私 た ち が 互 い を し て い ま し た 彼 女 は 母 子 宮 が い か ら 
ô, 人 の 男 性 と い う こ と で す 
そ し て い ま す も ち ろ ん 覚 え て い ま し た 
こ の 男 は kean, 医 者 か 知 り ま せ ん 男 性 の 日 は 母 親 の 話 で す も ち ろ ん な ぜ な ら 簡 単 な こ と で す 初 期 の ２ 週 間 遅 生 ま れ ま し た 
そ し て 医 者 に 人 生 を 歩 い て い る 私 の 母 の 休 憩 mát, そ し て 男 性 は パ ー ト し ま し た 見 知 ら ぬ 人 生 は 完 全 に 僕 の 母 親 に ３ つ の 
そ し て い ま し た か ら で す が 生 ま れ ま し た 骨 脚 管 で は あ り ま せ ん 
足 指 数 組 織 し に こ の 脚 脚 脚 指 数 を 足 し ま し た が 力 を 信 じ て い る こ と は 言 い ま し た 「 私 に と っ て 診 断 の 両 親 に な っ て い ま し た い と い う こ れ ま せ ん で い ま し た そ し て い ま せ ん で し ょ う よ う に 走 る こ と さ れ て い ま す 他 の 子 供 や 孫 自 立 し た そ し て 変 わ っ て い る 間 に 嘘 を つ き ま す そ こ か ら nay.&amp;quot; 

b g : そ し て 彼 が 協 力 し て い る と そ れ を 始 め ま し た altos,™ ロ で し ょ う ？ 
そ の 通 り で す こ れ は ロ サ ン ゼ ル 有 馬 鹿 げ ま す が 
も う 一 度 言 い ま し た こ と を 期 待 で は あ り ま せ ん で し ょ う 教 室 で 使 わ れ て い ま す 
あ る 人 は 彼 ら の 議 会 か ら 私 に 接 し ま し た 「 あ な た が 何 を す る よ う に 自 由 は こ の 教 授 が 好 き ま せ ん 
そ し て し ま し ょ う 「 私 は 言 い ま し た そ れ ぞ れ の 仕 事 を 学 校 の 子 供 た ち で 進 め ら れ ま す そ れ が 何 で し た こ れ を 作 り 出 し 我 々 の 基 板 khiển.&amp;quot; と い う こ と で す 
彼 ら は 「 あ な た が こ の よ う に 進 歩 を 追 求 す る 必 要 が あ り ま す đã.&amp;quot; 考 え ま し た 
そ し て 私 は 他 人 の よ う な も の だ と 考 え ず グ ル ー プ に は あ り ま せ ん み た い と い っ た 」 と い う こ と で す 
し か し 今 で も 今 日 の 後 彼 ら は 始 め る こ と が で き ま し た 「 あ な た の ２ 週 間 か さ れ て い ま す 

私 か ら 始 め ま し た 例 で す こ れ は 短 弾 道 nhện. の 腹 部 で す 
私 た ち が 生 ま れ て い ま し た ６ 種 類 の 異 な る だ ろ う se sợi, に よ り 持 続 可 能 な ど の よ う な 種 類 の 違 う 繊 維 な ど の 人 が 作 っ た の で す 
最 近 の 種 類 の 私 た ち は aramit. 繊 維 を 作 り 出 し ま す 
そ し て 作 り こ の 種 類 の 違 う 繊 維 を 要 求 さ れ て い ま す 温 大 気 圧 そ し て 非 常 に 多 く の 排 出 物 は 同 じ 汚 染 の こ と 
し か し 作 蜘 蛛 温 弾 圧 し 普 通 の 材 料 に ハ エ は 水 死 ぬ こ と を 見 る こ と を 学 ぶ 必 要 が あ り ま せ て 下 さ い 
虫 を 発 見 で き る と 8 0 キ ロ メ ー ト ル 離 れ て 火 事 で す 
約 １ 万 倍 も 遠 い 範 囲 を 発 見 cháy. 集 団 の 
そ し て な い の で す よ り も 必 要 が あ る 所 に つ な が ワ イ ヤ ー は 電 気 化 石 記 録 の エ ネ ル ギ ー を 使 っ て い ま す 
二 つ の 例 で す 私 た ち に イ ン が 生 ま れ 何 が で き る か も 
で き れ ば 全 て を 作 る 方 法 を 学 び ま し た 全 て を 研 究 を 私 た ち は 自 然 の 節 約 で き る 1 0 倍 の 1 0 0 回 も 回 1 0 0 0 倍 の エ ネ ル ギ ー や 資 源 の 使 用 さ れ て い ま す 
も し 私 た ち が 進 歩 を 作 り 出 し た い の で す 長 期 的 な 革 命 だ と 思 い を す る 必 要 が あ る 3 つ の 大 き な 変 化 で す 
一 つ 目 は 基 本 的 に 増 え る 効 果 的 資 源 を 使 っ て い ま す 
二 つ 目 は 使 い 方 を 変 え る か ら 資 源 の 残 留 廃 棄 物 を し て 長 期 的 な モ デ ル を 汚 染 キ サ イ ク ル へ と 進 ん で 
そ し て ３ 番 目 に 変 化 は 経 済 エ ネ ル ギ ー を 使 っ て い ま す 化 石 燃 料 に 太 陽 エ ネ ル ギ ー を 使 っ て い ま す 
そ し て そ の ３ つ の 変 化 を 生 ビ だ と 思 い ま す 私 た ち に は 多 く 必 要 な 解 決 策 
自 然 を 見 る こ と が で き る よ う な も の を 紹 介 し ま す 本 製 品 を 商 品 や そ れ か ら 恩 恵 を 受 け ま し た 一 時 期 に 開 発 し た 研 究 3,8 億 年 も 続 き ま し た 
そ し て そ の 投 資 の レ ベ ル の 製 品 を 使 用 す る こ と そ れ は と て も 意 味 が あ り ま す 
そ こ で 私 は 話 し ま し ょ う プ ロ ジ ェ ク ト の ア イ デ ア を 掘 り と い う こ と で す 
ま ず は 増 加 す る の は 基 本 的 な 効 果 的 資 源 を 使 っ て い ま す 
私 た ち が 宗 プ ロ ジ ェ ク ト に 参 加 し て い な く な り ま し た 家 を 作 り ま す 大 き な 望 遠 鏡 の 場 所 で は あ り ま せ ん が あ り ま せ ん が 規 連 続 的 に 変 化 し て い ま す な ぜ な ら そ れ は こ れ は 本 当 に 不 は 本 当 に そ の 例 を 挙 げ ま し た と い う こ と で 生 物 学 か ら 私 た ち に は と て も 
例 え ば 水 円 の 部 屋 の ア イ デ ア を 私 た ち に 形 に 建 物 の 上 に 依 存 し て い ま せ ん 
研 究 に つ い て の 生 物 は 花 粉 を 海 ガ cac-bon 粒 子 が 私 達 を 助 け を 発 明 の 構 造 を 解 決 方 法 を 使 っ て 最 も 効 率 的 な 角 形 で 食 べ ま し た 
次 に 私 た ち は 最 大 化 の 多 角 形 を 作 る こ と を 見 つ け る 必 要 が あ り ま す ガ ラ ス の 代 わ り に 大 き さ は 非 常 に 単 位 の 非 常 に 小 さ い 
そ し て 自 然 の 多 く の 例 で す と て も 効 果 的 構 造 に 基 づ い て 膜 áp. と い う こ と で す 
そ れ で 我 々 は 理 解 し 始 め ま し た 素 材 に つ い て etfe と 呼 ば れ る と い う こ と で す 
こ れ は polime 種 類 の 高 い 持 続 可 能 で す 
必 要 が あ り ま す の は 教 室 で ３ つ の 異 な る こ の 素 材 の 隣 に 結 合 し ま っ て い ま す 注 入 し て こ れ は 素 晴 ら し い こ と が で き ま す 約 7 倍 の 1 0 倍 で す 
そ し て エ ネ ル ギ ー の 重 要 な の で す 2 1 % の 望 遠 鏡 と 比 べ て 貯 蓄 曰 く 1 0 0 倍 で す 
そ れ で は 私 た ち は 参 加 し ま し た そ の 輪 の ポ ジ テ ィ ブ な 一 歩 を 破 壊 の 状 況 は 他 者 を 発 展 さ せ る 
そ し て 大 き な い と い う こ と を 軽 く そ し て 私 た ち を 使 っ て い る だ け で は 鋼 鉄 よ り 少 な い の で す 
も っ と 少 な 太 陽 光 を 見 る と い う 意 味 で も っ と 多 く の に 私 た ち は 多 く の 機 械 を つ け を 必 要 が あ り 、 冬 の 
そ の エ ネ ル ギ ー の 重 要 な も の は よ り も 軽 量 構 造 で き る こ と が で き る 部 分 móng. 経 節 約 で き ま す 
そ し て 最 後 に プ ロ ジ ェ ク ト を 発 見 し ま し た 重 要 な の は エ ネ ル ギ ー の 構 造 的 軽 い 重 要 な の は エ ネ ル ギ ー の 階 の 空 気 の 建 物 の 中 で 
そ の プ ロ ジ ェ ク ト だ と 思 い ま す 国 の 例 は か な 生 物 学 に つ い て 良 い ア イ デ ア を 増 や 効 果 が 基 本 的 な 資 源 を 使 っ て い ま す 。 機 能 に し た だ け で も 同 じ よ う に 小 さ な 一 部 入 力 し ま す 
実 際 に は 多 く の は 自 然 の 例 で す る こ と が で き る 解 決 策 を 探 す こ と は 同 じ で す 
例 え ば 、 こ の 構 造 を 発 展 さ せ る こ と が で き る 屋 根 の 効 果 が ス ー パ ー ト ラ ン ペ ッ ト の ア メ リ カ の 眼 科 に 基 づ い た 巨 大 な ア マ ゾ ン の 建 物 全 体 の 皮 か ら ヒ ン ト を 得 る た め の 細 胞 の 超 軽 量 の 素 材 を 細 胞 か ら の 激 し い 植 物 
こ の 世 界 が 美 し さ や 私 た ち が 待 っ て い る 効 果 を 掘 り デ ザ イ ン ツ ー ル で 自 然 の も の で す 
時 間 に つ い て 話 し ま し た ア イ デ ア プ ロ セ ス に 変 え る こ と で 直 進 キ プ ロ セ ス す る の で す 
私 た ち の 資 源 を 使 っ て い ま す こ れ は 短 く bòn を 持 つ 製 品 は 短 生 涯 そ し て そ の 排 出 さ れ て い ま す 
自 然 は 非 常 に 違 っ た の で は あ り 
生 態 系 の 排 出 物 に な り 有 機 に 栄 養 の 代 
そ し て も し て い ま す プ ロ ジ ェ ク ト が あ り ま す 生 態 系 を 模 倣 し て い る の で す 
私 の 好 き な プ ロ ジ ェ ク ト は các-tông ‘bìa プ ロ ジ ェ ク ト を wiles. ・ muối’ 魚 卵 の 
彼 ら の 領 域 の 多 く の 店 そ し て 排 出 し て い る も の で す 食 料 が あ り ま し た そ し て 表 紙 寿 命 と い う こ と に 地 面 に 板 に 表 紙 を 取 り 除 く 本 当 に 賢 く な っ て い る の で す 
そ し て 私 は こ の こ と を 話 し ま し ょ う イ ク を 通 し て し ま し た 
お 金 を 払 い 彼 ら は ゴ ミ 収 集 レ ス ト ラ ン か ら 
そ れ を 小 さ な 落 し て い ま す 表 表 紙 と そ れ を 売 り 中 心 に 馬 を レ ベ ッ ド ngựa. を 
そ の 表 紙 と 汚 れ て い ま し た 彼 ら は お 金 を 集 め ま す 
彼 ら は シ ス テ ム に 力 を bón, 深 く 分 か ら 多 く の 生 産 す る た め に 魚 を 育 て giun siberia, や 、 そ こ か ら 塩 魚 卵 の レ ス ト ラ ン を 売 っ て 
プ ロ セ ス の よ う な 直 接 的 に 変 え ら れ ま し た kín, キ モ デ ル を し て い ま す そ し て こ の プ ロ セ ス に 価 値 が あ り ま す 
wiles ・ 続 け て 要 素 が 増 加 に 変 え る こ と で す こ の プ ロ セ ス の 排 出 物 流 に な り 生 シ ス テ ム の 価 値 は 
そ の よ う に 自 然 の 増 加 傾 向 が あ り ま す 多 様 性 と 持 久 時 間 で す こ の プ ロ ジ ェ ク ト が 実 際 に は 意 味 可 能 性 は 上 昇 を 続 け ま す 
そ し て 私 は こ れ は co, の 周 り の 例 だ と 思 い ま し た し か し 意 継 の レ ベ ル で す か ら で す 私 た ち に 変 え る こ と が で き る 大 き な 問 題 に つ い て 問 題 は 汚 染 物 質 機 会 な の で す 
そ し て 都 市 や 特 に 私 た ち を 見 る こ と が で き る 変 化 は 都 市 の 全 体 を 見 て そ の よ う な 機 会 と い う こ と で す 
そ れ は 私 た ち の プ ロ ジ ェ ク ト で し ょ う が 実 際 に お 話 し ま し た 次 の プ ロ ジ ェ ク ト に mobius, し よ う と し て い る こ と が で き る 組 織 の 行 動 を 同 時 に 同 じ 建 物 か ら そ れ に よ っ て ゴ ミ に な る で し ょ う こ の 活 動 に 栄 養 他 の 活 動 し ま し た 
要 因 に な り ま す そ れ と 言 っ て い る の で す 最 初 に 来 て い ま す 家 の 中 で も 家 電 化 製 品 を 作 っ て 望 遠 鏡 の よ う な kas ・ amsterdam. と い う こ と で す 
そ こ で 私 た ち が 本 当 に 料 理 で し ょ う nồi 気 処 理 す る こ と が で き て rữa 排 出 物 は 簡 単 に 使 え る の で す こ れ ま し た そ し て エ ネ ル ギ ー の 熱 望 遠 鏡 の 家 に 電 子 機 器 に 電 気 に な り ま す 
あ る で し ょ う が 私 た ち は 水 を 処 理 シ ス テ ム に 変 え る 排 出 量 の 汚 染 水 に エ ネ ル ギ ー を 作 り 出 し ま す か ら rắn, 使 っ て い ま せ ん 物 質 の 微 生 物 と し て い ま す 
私 た ち の キ ャ ン プ が あ り ま す 魚 か ら 食 べ 物 の 排 出 物 は 廊 下 giun そ し て か ら 肥 料 か ら 提 供 し 個 人 レ ス ト ラ ン に 逆 戻 り ま す 
あ る で し ょ う が 私 た ち も コ ー ヒ ー 店 捨 て て や る こ と が で き る 素 粒 子 を 使 っ て い ま す 教 育 を 経 キ ノ コ を 
だ か ら 見 る こ と が で き て い ま し た い と い う こ と を 作 り 一 回 の 食 料 の エ ネ ル ギ ー の 建 物 と 同 じ で す 
そ し て 私 た ち を 前 提 案 を 活 用 し て い る こ と に こ の モ デ ル は 現 在 、 物 流 の 下 ち 中 心 で す 
皆 さ ん あ り ま す る こ と が で き る 認 識 す る で し ょ う 
そ し て 少 し 計 画 が 必 要 な こ と が で き る 空 間 を 変 え ま し た 自 分 を 空 交 通 の 人 に 繋 が っ て い ま し た 人 々 の 食 料 廃 棄 物 を 変 え る 機 会 に 進 ん で キ プ ロ セ ス し て い る の で す 
最 後 の プ ロ ジ ェ ク ト の 話 を し ま す サ 森 の プ ロ ジ ェ ク ト は 現 在 、 私 た ち が 実 際 に し て い る の で す 
こ こ に 座 っ て い る 人 が あ る こ と が で き る こ と が 分 か る と 驚 く べ き と し て い る 地 域 で は 大 き な 砂 漠 の 短 い 時 間 前 に す る の で す こ れ は 実 は 森 で す 
例 え ば caesar julius が ア フ リ カ 北 に 大 地 、 北 ア フ リ カ や さ れ た 雪 の 植 林 植 物 治 共 に 北 に 没 頭 し て い る 
そ し て 進 化 の 過 程 の 生 命 の 植 物 の 種 類 が 地 球 の 気 候 変 動 を 作 り 出 し ま し た 今 日 和 づ 徐 々 に 固 有 の 土 地 を 占 め て い ま す 
そ し て 逆 の こ と が 起 き ま し た 
そ の 木 が た く さ ん の 問 題 に 気 候 変 動 や ほ ど 重 要 な の で す 砂 漠 化 す る ほ ど 重 症 に な り ま す 
こ れ が 活 動 を 起 こ っ て い ま す 光 合 何 年 も の で す 
そ れ を 見 る こ と が で き る の は 砂 漠 の 境 界 翻 訳 を 非 常 に 動 き ま し た 
質 問 で す そ し て い る こ と が で き ま し た が 我 々 は 介 入 の 移 転 を 立 ち 止 ま っ て い ま す 左 に や っ て 砂 漠 化 」 で す よ り も 重 要 な の で す 
そ し て 生 物 を 見 れ ば 進 化 の 生 活 に 適 応 す る た め に 見 え る で し ょ う 砂 漠 の 素 晴 ら し い 例 に 適 応 希 少 な い 状 態 で す こ れ は 水 し て い る の で す ハ ー ド を namibia, 進 化 し ま し た 自 国 を 見 つ け ら れ る こ と が で き る よ う に 甘 く 砂 漠 の 外 を 這 夜 に 砂 山 の 頂 点 が あ り ま す そ し て 新 皮 質 xỉn, 黒 に す る こ と が で き 太 陽 熱 筒 の 外 夜 に な り ま し た そ し て 周 り に よ り も 受 け て い る 
そ こ で 、 風 を 吹 き 飛 ば 湿 の 海 外 か ら の 小 さ な 水 に 入 れ る で し ょ う 皮 質 の 勘 違 い の で す 
太 陽 前 日 に す れ ば よ か っ て い る 皮 質 を 水 や 口 に し て い ま す 
水 を 飲 ん だ 後 穴 に 入 っ て い ま す 一 日 中 忘 れ ま し た 
そ し て 意 志 と 呼 ん で い ま す そ の よ う な ら な け れ ば よ り も 
な ぜ な ら 皮 質 に 近 く を 見 る の で し ょ う bọ, が 小 さ な く 多 く の で す 
そ し て く る こ と が で き る 水 nước: 魂 を 惹 き 付 け ま す 
こ れ は す ご く ま な 新 皮 質 と 水 を 吸 い 
そ し て 作 用 す る の は 水 を 形 成 し 始 め ま し た の で す が 求 め 傷 が あ り ま し た 涙 の 形 式 で あ れ ば 球 体 は こ の よ う に 象 徴 的 な 全 体 の 膜 に は ウ 皮 質 の 
そ こ で も あ り ま せ ん が 小 さ な 湿 エ ネ ル ギ ー の 空 気 中 を ま だ ま だ 水 が 得 ら れ る こ と が で き る 効 果 を 口 に し て い ま す こ れ は 素 晴 ら し い 例 に 環 境 に 適 応 力 が 制 限 尽 く し て い ま す そ の 意 味 に 関 連 し て い る の が 私 た ち の 挑 戦 し て い る の で す あ と 数 年 の 数 十 年 後 に 
私 た ち に 仕 事 を し て い る 人 の 温 室 を 発 明 し ま し た こ れ は 海 水 の た め に デ ザ イ ン 望 遠 鏡 の 沿 岸 電 乾 燥 地 方 法 で す 実 の 活 動 が 壁 の 周 囲 を 成 し て 飛 行 機 器 を 取 り 付 け が 海 水 で 満 た す 風 や そ の 間 で 湿 度 を 増 や し た プ ロ セ ス の 間 で 作 ら れ て い る で し ょ う 
だ か ら で す そ の 中 に ẩm, 受 け て い る と い う 意 味 で す よ り 少 な く 畑 の 必 要 が あ り ま す 
そ し て 家 に 戻 っ て 集 湿 り ガ ー の よ う に 甘 く 同 じ 方 法 の よ う な 気 に し て い る の で す 
望 遠 鏡 を 通 し て 最 初 の 海 水 者 建 設 さ れ て い る こ と を 発 見 に 甘 い も の を 作 り ま す よ り 多 く の 国 と 比 べ る と 植 物 の 需 要 の 内 部 を 栽 培 し て い ま す 
だ か ら 始 め ま し た 彼 ら は 拡 大 す る こ と で こ の モ デ ル の 周 り の 地 域 で す 
そ し て 家 に 組 み 合 わ せ し ま し た 湿 度 の 効 果 を 持 つ 印 象 を 小 さ な の で す 
こ の 写 真 に 撮 影 で 完 成 日 だ け 一 年 後 こ の よ う に 見 え る の で す 
イ ン の よ う な も の で す 緑 色 の 傷 に 広 が っ て 建 物 か ら ひ 乾 燥 地 消 地 脂 肪 色 な 生 物 学 の 意 味 し て い ま す 。 そ れ を 乗 り 越 え た の で す デ ザ イ ン の 目 標 を 守 る 目 的 を 達 す る た め に 再 生 さ れ て い ま す 
私 達 が 拡 大 し た い の 規 模 の イ ン ア イ デ ア を 利 用 さ れ る 利 益 を 最 大 化 
そ れ が 自 然 に つ い て 考 え る よ う な 競 争 力 に つ い て 考 え 
し か し 実 際 は 生 態 系 は 機 能 を 見 つ け る こ と が で き る だ け の 例 で す 共 生 的 に 関 係 
だ か ら イ ン 原 則 で 重 要 な 生 物 は 同 時 に 応 用 す る 方 法 を 探 し た 技 術 の 集 団 の 共 生 的 に 
そ し て 理 想 的 な 技 術 を 使 っ て 私 た ち が 望 遠 鏡 の 家 に は 海 水 に 集 中 太 陽 エ ネ ル ギ ー を 使 っ て い ま す エ ネ ル ギ ー を 鏡 に 集 中 太 陽 熱 の エ ネ ル ギ ー の 電 気 を 作 る こ と で す 
そ し て 提 供 す る た め に ア イ デ ア を csp, の 可 能 性 に と っ て い ま し た い と 思 い ま す こ れ を 何 度 も 何 度 も 何 万 倍 の エ ネ ル ギ ー か ら 毎 年 後 に は 太 陽 エ ネ ル ギ ー を 使 っ て 形 す べ て に 何 万 倍 で す 。 
問 題 で す か ら 私 た ち の エ ネ ル ギ ー で は あ り ま せ ん こ れ は 難 し い 課 題 の 才 能 が 自 分 た ち の 技 術 に 対 し て 
そ し て 合 す る こ と が で き な 力 と 言 っ て い る の で す ま ず 第 一 に 、 技 術 の 活 動 す る こ と が で き ま す 「 合 砂 漠 
csp 供 給 が 必 要 は あ り ま せ ん 最 水 の 正 確 に さ れ て い る こ と で す 海 水 望 遠 鏡 の 作 家 
多 く の エ ネ ル ギ ー の 熱 csp 排 度 
全 て を 活 用 す る こ と が で き る エ ネ ル ギ ー の 温 度 を よ り 多 く の 海 水 に し ま す 飛 行 機 を 高 め る た め の 利 益 よ り 回 復 す る 
そ し て 最 後 に 、 ボ ー ル の 下 の 物 gương, を 育 て る こ と が で き ま す べ て で き ま せ ん で 植 物 を 垂 直 接 太 陽 光 の 下 さ れ て い ま す 
シ ス テ ム は こ の よ う な も の で す こ の ア イ デ ア を 作 り 出 し ま す 私 た ち は 長 い 壁 者 の 望 遠 鏡 の 風 向 
私 た ち 家 に 集 中 太 陽 エ ネ ル ギ ー メ ー ジ の 間 で 道 を 
皆 さ ん が 沸 す る こ と が で き ま す が 私 た ち に 何 を す る た め に 塩 エ ネ ル ギ ー の よ う な も の で す 
そ し て い な け れ ば イ ン が 生 資 源 を 使 っ て 得 ら れ て い ま せ ん で し ょ う 正 し い 考 え て い る の で は あ り ま せ ん で し ょ う か ？ 俺 を 捨 て る こ と だ と 考 え る で し ょ う đi?”, 俺 シ ス テ ム に 加 え て み た い 何 trị?” 価 値 の 創 出 す る た め に 
そ し て 異 な る で し ょ う も の 星 の 異 な る 段 階 が あ り ま す 
飛 行 機 が 海 水 を 結 成 し て 初 め 炭 酸 カ ル シ ウ ム で す 
勘 違 い ま す こ ち 飛 行 を コ ン ピ ュ ー タ の よ う に 明 さ れ て い ま す 。 左 徐 々 に 収 炭 酸 カ ル シ ウ ム し て し ま し た 
な ぜ な ら ば ら く こ と が で き ま す そ れ を 利 用 で き ま す 建 築 材 料 量 軽 く 
そ し て cac-bon に つ い て 考 え れ ば そ の こ と が で き ま す が 空 気 を 減 ら そ れ が 海 に 閉 じ 商 品 の 建 築 
次 は clorua. natri 
圧 縮 す る こ と も で き ま す よ う な 建 物 に や っ て い ま す こ れ は こ の ホ テ ル ボ で す 
そ し て す べ て の 種 類 の 化 合 物 の そ し て 私 た ち が phốt xuất, を 抽 出 す る こ と が で き る よ う な 装 bón を す る 必 要 が あ る 土 地 に 砂 漠 
そ れ で き る よ う に 問 題 の 一 週 間 の 全 海 水 の 中 に あ る こ と で す 
そ こ で 、 我 々 は 出 る こ と が で き る 要 素 を 抽 出 す 価 値 が あ る liti 電 池 の よ う に 使 え る 効 率 の 高 い 電 池 で す 
そ の 場 所 の 湾 で ア ラ ブ の 殻 で 海 水 が 止 め る こ と は あ り ま せ ん 高 塩 水 の 流 出 者 か ら こ れ は 塩 菌 コ を 近 づ く 生 態 系 の 崩 壊 の 
私 た ち を 利 用 で き る で し ょ う 塩 の 水 は す べ て い ま す 
私 た ち が 蒸 気 に す る こ と が で き る た め に 利 益 が 増 加 し ま す 回 復 塩 水 問 題 を 変 え る こ と で す 緊 急 事 態 の 排 出 物 は 大 き な チ ャ ン ス と な り ま し た 
実 際 に サ 森 の プ ロ ジ ェ ク ト は 私 た ち に モ デ ル を 作 る 方 法 は あ り ま せ ん 然 食 品 cacbon, 再 生 可 能 エ ネ ル ギ ー に 出 会 い 場 所 で 水 深 刻 な 問 題 に つ い て 最 も 重 要 な の で す こ の よ う な 惑 星 が 地 、 砂 漠 化 さ れ て い ま す 
だ か ら の 話 に 戻 り 大 き な 課 題 の 話 を し ま し た が 増 え ま し た ラ ー 効 率 的 に 円 資 源 の 経 済 や 太 陽 エ ネ ル ギ ー 
私 た ち は 可 能 で は あ り ま せ ん が 重 要 な こ と で す 
私 は 信 じ て い ま す と い う 方 法 を 研 究 す る た め に 自 然 の 問 題 を 解 決 す る の で す 多 く の 解 決 策 を 
し か し こ の 考 え 方 の 上 を 与 え る 方 法 は 私 た ち と 積 極 的 に は 実 際 に 持 続 可 能 な デ ザ イ ン に つ い て 
多 く の で す 環 境 に つ い て 話 を 使 っ て の 否 定 的 な 言 語 は と て も 
し か し こ れ に つ い て こ れ は 豊 か な ど 最 適 化 し て い ま す 
こ れ は と て も 重 要 な 点 が あ り ま す 
antoine saint-exupery ・ “nếu 言 い ま し た チ ー ム を 作 り た い な い の で す 電 車 で 仕 事 に つ い て 座 っ て そ れ と 言 い ま し た 
イ グ ル ー プ が 必 要 な の で す 心 は ど う な 人 生 に 火 に 探 検 xa.” を 
そ れ は 私 た ち の よ う に す る 必 要 が あ り ま し ょ う か と 思 い や っ て く だ さ い そ し て ポ ジ テ ィ ブ な 変 革 新 し い 時 間 前 に 最 も 興 味 深 い も の で す 
と う ご ざ い ま す 
昔 の 仕 事 が 愚 か 
h i v を 広 め 題 tràn&amp;quot; そ こ で 英 国 の 新 聞 で す 
こ れ は 人 を 長 く 保 護 は あ り ま せ ん 
私 は 手 --giơ 好 奇 心 同 意 し て い る の で し ょ う ？ 誰 だ と い う こ と で す か 二 dũng 心 な の で す こ れ は 実 際 に 医 者 か ら 言 疫 学 活 動 し ま し た こ の 分 野 の 1 5 年 ４ つ の ア フ リ カ 大 陸 で 働 い て い ま す こ れ は 彼 女 を 見 て く だ さ い 
そ し て 今 反 対 意 見 を 始 め ま し た こ の 半 分 が 正 し い で す 
人 々 は h i v に 罹 っ て い ま す こ と を や る か ら で す 彼 が 当 時 や っ て 
し か し こ の 大 部 分 で や っ て い る 愚 か な の か を 理 解 す る 理 由 は 完 璧 で す （ 拍 手 ） 
古 代 食 trí&amp;quot; 翌 日 目 に は 医 療 の コ ミ ュ ニ テ ィ な の で す 
そ し て 眼 鏡 を し な け れ ば 医 療 公 コ ミ ュ ニ テ ィ が あ れ ば 人 々 を 提 供 す る 必 要 が あ り 情 報 を 与 え る こ と が あ る か を し な け れ ば 彼 ら を 提 供 す る サ ー ビ ス を 提 供 し な け れ ば 、 サ ー ビ ス の 報 奨 し 人 々 が 決 め ま し ょ う trí&amp;quot; 翌 日 目 の 生 活 と 生 き 長 期 的 な 健 康 そ し て 
こ れ は 素 晴 ら し い 問 題 で し た か ら 私 に は h i v に 働 き か も 知 っ て い ま す あ な た は h i v は 貧 困 に 苦 し ん で す 不 随 し な け れ ば 、 そ し て 世 界 に 参 加 し て い ま す コ ー ヒ ー に つ い て ted&amp;apos;07, -fê; 実 価 格 に つ い て h i v 薬 は セ ッ ク ス の 大 好 き 
そ し て 存 在 し な け れ ば そ れ が 人 を ２ つ の 不 足 し ま し た 理 由 付 け の 状 態 で す こ れ は ダ cười&amp;#93; &amp;#91;tiếng 麻 薬 中 毒 で す 
そ こ で 私 た ち が 始 め ま し た も の と 同 じ 理 中 の 人 に な り ま す 
こ の 時 を 覚 え て い ま し た 友 人 と 話 す イ ン ド ネ シ ア frankie. 私 の 
そ し て 私 た ち が 昼 食 に つ い て 彼 は 時 間 バ 刑 務 所 で 彼 ら chích. 予 防 接 種 の 誕 生 日 で す こ れ は 誰 も 彼 ら は 少 し ま し た そ し て tuồn hê-rô-in giam, 場 に 親 切 に し ま し た 彼 は 共 有 で き ま す 友 人 と し て い ま す 
全 て の 人 は 全 て を ア レ ン の 誕 生 日 や 敵 を ラ 下 が っ て い ま し た 人 々 の 予 防 接 種 し 始 め ま し た 
最 初 の 予 防 接 種 を 取 っ た 者 と し て そ れ か ら 拭 き 取 っ た タ イ ヤ の 予 防 接 種 の よ う に し て 次 に 
そ し て 「 世 界 中 の も の は 2 2 &amp;quot;tớ 者 の 友 人 に 見 え る こ と が で き ま し た 金 属 tớ, 降 ろ し て い ま し た 場 所 で 血 中 の 割 合 
xuẩn, な ど で す 
そ し て 小 さ な 角 度 の 友 人 の 考 え 始 め ま し た 
こ れ は ghiếc す れ ば 
危 険 な の で し ょ う 
本 当 に そ し て く だ さ い &amp;apos;làm 危 険 性 も あ り が と う 少 し 時 に 残 っ た の 友 人 に 薬 で す 
で は あ り 少 し ま し ょ う 
そ し て こ の 物 語 を 話 し ま し た 
「 世 界 中 か ら で す 薬 ngốc.&amp;quot; な 刺 激 が あ り ま す 
そ し て る こ と が あ り ま せ ん 彼 ら の 責 任 芸 を 正 確 に し か し 実 際 に は 世 界 中 毒 に な ら heroin, そ し て 
彼 ら の 選 択 肢 で は あ り ま せ ん 汚 れ た 植 物 を 受 け 入 れ る 金 属 や 胸 状 態 で す 
そ し て で き る 場 所 が な け れ ば 本 当 に ア メ リ カ ス す る こ と が で き る の で す か ら で す 
し か し 私 は 科 学 者 で す 
で は あ り ま せ ん か ら デ ー タ を 物 語 に し て い る の で す 。 見 て み ま し ょ う デ ー タ が あ り ま す 
私 た ち に つ い て 話 し ま し た ３ ６ ア イ ン ド ネ シ ア の 街 に 言 い ま し た そ し て 知 っ て い ま す 「 ど の よ う に h i v に 罹 っ て い ま す か ？ 」 「 え え tiêm.&amp;quot; 金 属 す る 共 用 を し ま し た そ の 1 0 0 % に 近 づ け る と い う 共 通 の 注 射 を 使 っ て 
「 そ し て 知 っ て い る こ と が で き る 場 所 を 浄 化 す る と い う こ と に 金 属 に 値 す る こ と が で き る で し ょ う か ？ 」 と 答 え る と い う 事 で あ り ま し た 1 0 0 ％ biết&amp;quot;. 狂 っ た の で す 「 nặng; ア を 知 っ て い ま し た 場 所 を sạch.&amp;quot; 金 属 し て い る こ と が で き ま す 「 植 物 に 金 属 を 持 っ て き ま せ ん か ？ 」 と 
私 た ち は 人 々 が イ ン タ ビ ュ ー で あ る 場 所 に 集 chích. 予 防 接 種 そ し て 彼 ら は 「 金 を 持 っ て 浄 が あ り ま す か ？ 」 
4 世 界 最 大 限 に あ り ま す 
そ こ で 何 が で き る の で は あ り ま せ ん で す が 驚 く べ き 予 防 接 種 の 金 を 使 っ て 浄 chích 予 防 接 種 を １ 週 間 前 の も の で す 1 9 そ し て 残 り の 部 分 に 共 通 し て い る こ と で す 
こ の こ と が で き る の は 大 き な く な り ま す 
全 て の 人 を 知 っ て い ま す 
彼 ら は 金 属 共 用 を tiêm, 彼 ら は h i v 感 染 し て 彼 ら は 普 通 の よ う な 共 用 を 
そ れ に つ い て こ れ は 何 で し ょ う が ア メ リ カ で は な く ヘ 共 用 を し な け れ ば か り で し ょ う か ？ 
質 問 を し ま し た が そ の 一 部 と な る わ け で は 狂 っ た の で す 「 答 え ま し た 
た く な い よ り 共 通 の 予 防 接 種 の 金 属 で 用 的 な 人 で 眠 り ま す 
そ こ に 問 題 が あ り ま す 
い い と い う 共 通 の 注 射 針 を 使 っ て い ま す 私 た ち に イ ン ド ネ シ ア で は な い の で す tù.&amp;quot; し な け れ ば 、 古 代 金 を 持 っ て い ま し た 予 防 接 種 tóm, 警 察 に 埋 め ら れ る で し ょ う か ら で す 
そ し て 少 し 方 程 式 を 変 え ま す い い ？ 
な ぜ な ら 皆 さ ん の 選 択 肢 は あ り ま せ ん が 金 を 使 っ て い ま し た 今 は 私 自 身 の 予 防 接 種 は 金 を 使 い ま し た 病 予 防 接 種 の 共 通 し て い る こ と が で き る で し ょ う 私 が 死 ん で い ま し た 1 0 年 後 に は 予 防 接 種 の 金 を 使 う こ と が で き ま し た 今 自 明 日 の 刑 務 所 の 子 が 考 え る の で 
そ れ が 悪 い 意 見 で は h i v に 直 面 す る と 考 え て い る こ と が よ り も 恐 ろ し い の は 年 に 刑 務 所 に 座 っ た の で す 
彼 ら の 中 に で き る で し ょ う 状 況 に 直 面 す る 世 界 の h i v の よ う に な り ま す か ら 突 然 論 理 的 な 注 射 を 使 っ て い る の で す 
私 た ち は 今 で は 同 じ こ と を 見 て 者 の 観 点 か ら の グ ラ フ で す こ れ は 本 当 に 簡 単 な 問 題 で す （ 笑 ） 
突 然 、 大 学 の 一 列 の 動 機 で す 
こ れ が 私 た ち が コ ミ ュ ニ テ ィ で 論 理 的 な 医 療 と い う こ と で す 
あ な た が 金 を 使 っ て 予 防 接 種 の 人 々 、 そ れ ば 麻 薬 中 毒 者 は 海 は 予 防 接 種 の 金 を 使 い た い と 
そ こ で 私 た ち の 問 題 を 解 決 す る こ と が で き る こ と を 簡 単 に 金 属 で 予 防 接 種 を 全 て の 人 が 削 除 し 始 め る こ と を 恐 れ 間 違 っ て い ま す 
最 初 の 人 間 で し ょ う こ と に 気 づ き ま し た こ と を し て 何 か 国 レ ベ ル で す が 開 い た の で す 大 で 有 名 で す 
そ し て い ま し た 彼 女 は thatcher ー コ ン 金 属 プ ロ グ ラ ム の 行 動 を 変 え る 最 初 の 国 の 予 防 接 種 の 世 界 の 他 の 国 オ ラ ン ダ の オ ー ス ト ラ リ ア の 克 服 し ま し た そ の 他 の 国 の 全 て そ し て 見 る こ と が で き る の で す こ の 国 で は あ り ま せ ん 人 口 の 4 ％ が h i v の 道 具 は 予 防 接 種 の 仕 事 を し て い る 場 所 で は あ り ま せ ん ニ ュ ー ヨ ー ク の よ う な 例 で す 
最 高 峰 mát-xcơ-va, jakarta, は ２ つ の 道 具 に 感 染 予 防 接 種 の 翻 訳 者 も こ の 人 が 亡 く な り ま す 
こ の 仕 事 に thatcher ー で は あ り ま せ ん が 彼 女 は 愛 す れ ば 麻 薬 中 毒 者 に 大 き な の で す 
彼 女 と い う こ と で す か ら で す こ の 国 が 持 つ 医 療 サ ー ビ ス は 国 民 国 
そ こ で は あ り ま せ ん 彼 ら に 投 資 す る 方 法 は な い 限 り の 部 屋 の 効 果 が 直 面 す る こ と に な る で し ょ う 彼 女 の 費 用 は こ の 治 療 後 に は 明 ら か に そ の 多 く の 費 用 よ り も 高 い 
そ し て い ま し た 彼 女 は 決 断 を し た 政 治 論 理 に 合 わ せ て 
も し 私 が 公 的 医 療 眼 鏡 が コ ミ ュ ニ テ ィ が こ れ が 私 の デ ー タ を 見 る こ と が あ り ま す こ の よ う に な っ て い る と 脳 で は あ り ま せ ん 
し か し こ の 場 所 で す 。 こ の 国 の 政 府 は 明 ら か を 強 制 さ れ た 感 じ ま せ ん が 医 療 を 健 康 に な り ま し た 人 々 に 私 た ち の 選 択 肢 は 全 く 違 っ た 道 の り で す 
全 て の 私 た ち が 働 い て い ま し た で し た ア メ リ カ の デ ー タ を 見 て デ ー タ を 見 て い ま せ ん 
そ こ で の 基 本 的 に 研 究 に 何 百 人 か ら 寺 院 の 重 要 な 科 学 そ し て こ れ は ア メ リ カ の 研 究 に よ る 多 く の プ ロ グ ラ ム の 効 果 が 予 防 接 種 の 金 属 
と い う こ と で し ょ う だ け の 金 属 プ ロ グ ラ ム に 予 防 接 種 の 効 果 が あ り ま せ ん で し ょ う こ と は 難 し い の で す こ の ス ラ イ ド を 司 り ま し た 私 の こ と に な る の で す そ し て い ま し た 右 に あ り ま せ ん ね ス ラ イ ド は 多 く の で す 

beatjazz 
beatjazz looping live は 即 興 ジ ャ ズ に し ま す が 
デ ザ イ ン に 音 体 の 動 き ま し た 
手 を 加 速 し ま す そ れ ぞ れ の デ ザ イ ナ ー の 位 置 を 感 じ て い ま す 手 
表 の 色 の ラ イ ト の 音 を 持 っ て い ま し た 
例 え ば う 赤 い ド 
青 い ベ ー ス を 追 う 
緑 和 音 う 
う 薄 音 オ 
英 語 tía う ー 
こ の メ ン ト ラ ン ペ ッ ト の 背 景 番 ghi-ta 説 2 個 多 く の ゼ 熱 を 貼 っ て い ま し た 
表 面 は 賢 い 携 帯 の シ ス テ ム の 表 情 報 を 
な ぜ だ ろ う か ？ 文 化 の 原 子 化 す る た め に 音 楽 
全 体 で す こ と が で き ま す 過 去 か ら で す そ し て 現 在 未 来 に で き れ ば 抽 象 的 な 研 究 し 直 接 化 
そ し て 音 楽 に な り ま し た “ beatjazz&amp;quot; d.j の よ う な 普 及 し て い ま す 
し か し 建 築 は 未 来 を 待 っ て よ り も で す 

想 像 し て く だ さ い そ の 上 に 立 つ と し て い ま す ど ん な ど の よ う な 道 路 ア メ リ カ や 日 本 人 近 く に 尋 ね ま し た 「 何 者 な 行 為 と い う 名 前 で 
そ し て い ま せ ん 答 え ま す 「 こ れ は 実 際 oak, elm. 道 路 で す こ れ は こ れ は こ の 線 26, 27”. で す 
彼 は 言 い ま し た 行 為 で す ね こ れ は 何 者 と 呼 ん で い ま す 
答 え で は な い ん で す “dãy 題 名 は あ り ま せ ん 
新 し い 道 が あ る の は tên; 行 為 だ け で は な い の で は あ り ま せ ん đường.” 人 の 名 前 の 
彼 は 少 し な く 困 惑 し て 失 望 さ せ ま し た 
そ し て し ま し ょ う こ と を し て い る の で す ど ん な 道 の り で す そ れ は 日 本 人 に 向 か っ て 近 隣 の 名 前 が そ の 道 路 を 何 と い う こ と で す 
彼 ら は 答 え は 1 7 “đó 者 は こ の 家 で す — “ 1 6 人 
そ し て あ な た は 「 “vâng, し か し こ の 道 の 名 前 は 何 で す 
そ し て 彼 ら は 道 路 の 答 え は 題 名 は あ り ま せ ん ね 
新 し い 家 列 タ ン が あ り ま す 
地 図 を 見 て く だ さ い ま す こ れ は g o o g l e の 数 列 14,15,16,17,18,19. 者 
全 て の 家 の 題 名 が あ り ま す 
で は 道 路 の 名 前 は あ り ま せ ん 家 の 中 に あ り ま す 
そ し て で し ょ う か 尋 ね ぇ は ど う bạn?” 者 た ち が 知 っ て い ま す 
彼 は “dễ 答 え も 8 地 区 と い う こ と で す 
な ぜ 家 者 の 数 列 một.” 7 
あ な た は 「 “vâng. 歩 し て 隣 接 地 を 建 て た く あ り ま せ ん で い く ら い tự.&amp;quot; も 
彼 は 「 持 者 は 自 然 の も の で す か ら さ れ て い ま す 建 築 さ れ て い ま す 
最 初 の 家 を 建 て た こ の 列 に 家 で す 
第 二 の 建 築 家 は ２ つ の 数 と 呼 ん で い ま す 
３ つ 目 の 建 築 家 と 呼 ば れ る の は 簡 単 で す こ れ は ３ 葉 を 「 明 ら か で す 
私 の 好 き で す か ら 時 に す る の に 必 要 が あ り ま す が こ の 世 界 の 半 分 を 決 定 を 認 識 す る こ と が わ か り ま せ ん 私 た ち が あ り ま す る と い う こ と に 気 づ き の 反 対 は 正 し い こ と も で き ま す 
例 え ば 中 国 の 医 者 は 彼 ら の 仕 事 を 信 じ て い ま す こ と を 健 康 的 で す 
そ こ で か 月 の 健 康 で す 彼 ら は お 金 を 払 っ て も 必 要 は あ り ま せ ん 病 に お 金 を 払 わ な い の で す か ら で す 彼 ら は あ り ま せ ん 豊 か に 責 任 と い う こ と で す が 健 康 、 病 痛 み は あ り ま せ ん 

