shard_size = 0 shard_count = 0
Seeding random numbers with system clock 
name: case value: true
Data::m_score_type BLEU
Data::Scorer type from Scorer: BLEU
Loading Data from: run1.scores.dat and run1.features.dat
loading feature data from run1.features.dat
loading score data from run1.scores.dat
Loading Data from: run2.scores.dat and run2.features.dat
loading feature data from run2.features.dat
loading score data from run2.scores.dat
Loading Data from: run3.scores.dat and run3.features.dat
loading feature data from run3.features.dat
loading score data from run3.scores.dat
Loading Data from: run4.scores.dat and run4.features.dat
loading feature data from run4.features.dat
loading score data from run4.scores.dat
Data loaded : [Wall 1.54918 CPU 1.548] seconds.
Creating a pool of 1 threads
Best point: 0.0327722 -0.0175486 0.362445 0.102766 0.044279 0.0192199 0.00847126 0.0629933 -0.180211 0.0120407 0.00572031 0.0612129 0.0627602 0.0275593  => 0.14952
Stopping... : [Wall 82.2147 CPU 82.144] seconds.
