shard_size = 0 shard_count = 0
Seeding random numbers with system clock 
name: case value: true
Data::m_score_type BLEU
Data::Scorer type from Scorer: BLEU
Loading Data from: run1.scores.dat and run1.features.dat
loading feature data from run1.features.dat
loading score data from run1.scores.dat
Loading Data from: run2.scores.dat and run2.features.dat
loading feature data from run2.features.dat
loading score data from run2.scores.dat
Loading Data from: run3.scores.dat and run3.features.dat
loading feature data from run3.features.dat
loading score data from run3.scores.dat
Loading Data from: run4.scores.dat and run4.features.dat
loading feature data from run4.features.dat
loading score data from run4.scores.dat
Loading Data from: run5.scores.dat and run5.features.dat
loading feature data from run5.features.dat
loading score data from run5.scores.dat
Data loaded : [Wall 1.8593 CPU 1.86] seconds.
Creating a pool of 1 threads
Best point: 0.0280465 -0.0176968 0.365505 0.103634 0.0446529 0.0193822 0.00854279 0.0635252 -0.181733 0.0123458 0.00576861 0.0617298 0.0632901 0.024148  => 0.148579
Stopping... : [Wall 160.359 CPU 160.24] seconds.
