そ こ で 私 は 語 り cứu-người 研 究 者 と い う こ と に つ い て 話 し て 今 日 私 た ち に つ い て 話 を 感 じ 拡 大 し て い る の で す そ こ で 私 は 皆 さ ん に 紹 介 し ま し た 話 の 塊 で す 私 の 研 究 の 基 本 的 に 拡 大 し ま し た 自 分 自 身 の 感 情 を 変 え ま し た 本 当 に 私 を 愛 し ま し た 母 親 と 同 じ よ う に 仕 事 を 
そ れ は 私 の 物 語 が 始 ま り ま す 
私 が 研 究 者 は 研 究 で 子 ど も た 最 初 の 年 に 生 教 授 が 研 究 に 導 い て 話 し ま し た が 整 っ て い ま し た 
こ れ は で き な け れ ば 重 要 な も の を 計 測 と い う こ と で す そ れ 故 に あ り ま せ ん 
そ し て 考 え て み ま し た 彼 は 私 に と っ て 笑 花 だ け 
「 だ け で す 「 &amp;quot;hoàn 答 え ま し た が そ れ が 新 し い 
で も 知 り ま し た 大 学 卒 業 し ま し た 社 会 学 線 に あ る 社 会 学 家 thạc を 準 備 を し て い る そ れ を 取 る た め に す ら 社 会 学 学 の 道 全 て の 私 の 人 達 に 囲 ま れ て 信 じ て い ま す か 実 生 活 を 受 け 入 れ ず ぶ 濡 れ て く だ さ い 
私 は 生 活 に は gột 洗 い 混 乱 し て く れ ま し た 組 み 込 み そ cơm 瓶 箱 に 入 っ て い る の で す 
で は 、 私 が す る た め の 道 を 見 つ け ま し た 自 分 の 職 場 を 探 す た め の 大 き な 観 点 か ら 社 会 学 の 中 に lỏi レ ン は こ の 問 題 を 解 決 す る の で す 
そ し て 私 は こ の よ う に な っ た の で す そ し て そ の 困 難 で す 見 て く れ ま し た a は そ こ で 私 の 方 程 式 
そ れ で 私 は 興 味 を 持 っ て い ま し た そ れ に つ い て 
そ し て 私 は 思 い ま し た か ら 私 の 職 業 で す こ れ は 好 き で す な ぜ な ら こ の 問 題 で す 
し か し ま し た い と 思 い ま せ ん で し た 問 題 を 解 決 し て い る の で す 
そ れ を 理 解 し ま し た 
私 は 深 い こ と に な り た い と い う こ と で す 
こ れ は 重 要 で す よ う と し 蓋 人 に な り ま す が 
し 始 め ま し た 私 が こ れ は 人 々 が 繋 が り に 
な ぜ な ら で す が こ の 社 会 学 者 は 1 0 年 前 に 気 づ き ま し た こ と で す こ れ は 繋 が っ て い る 理 由 は こ こ で 私 た ち は 
こ れ は 目 標 と し て い る こ と を 意 味 は 我 々 の 人 生 に こ れ ら は す べ て に 関 し て い る の で す 
で は あ り ま せ ん が 自 分 の 人 と 話 す る 社 会 で 健 康 や 精 神 を ぬ 彼 ら は 私 た ち が 国 際 情 勢 に 繋 が る こ と が わ か る 可 能 性 が 繋 が り を 感 じ て い ま す - - 神 経 に つ い て ？ 私 た ち は お 互 い に つ な が っ て そ の 理 由 は こ こ で 私 た ち は 
そ こ で 私 は 思 い ま し た 始 め ま し ょ う 人 々 が 繋 が り に 
計 算 を 知 っ て い よ う と 評 価 す る か ら 自 分 の 彼 女 に は 彼 女 は 3 7 も 実 際 に や っ て い ま す そ し て い る 機 会 が あ り ま し ょ う か ？ 

あ り が と う 
そ し て 壁 を 探 し ま し た ど こ へ で も こ れ を 探 し 始 め ま し た と こ の 写 真 を 変 え た い と 思 い ま す 「 こ の 写 真 を 送 っ て 少 し email.&amp;quot; を 通 し て 彼 は 
私 た ち の 時 代 を 探 し て い る の で し ょ う 計 算 す る 場 所 を 和 現 実 世 界 に 
そ し て こ の 表 面 が あ り ま せ ん で し ょ う こ と が で き ま す 自 分 の 手 を 使 っ て も 
電 話 を 戻 し て い ま し た が 自 分 の 手 で す 
カ メ ラ を 理 解 で は あ り ま せ ん 皆 さ ん の 手 の 動 作 す る こ と が 興 味 を 理 解 で き る の で す 物 が 手 に し て い る の で す 
私 た ち が い る の で す 例 え ば こ の 場 合 に 照 ら 本 の 表 紙 nghìn, 何 百 万 本 も 我 々 の ネ ッ ト を 確 認 し て い る の で す が 本 で す 
あ り ま す こ と が で き る の で す 情 報 を 見 つ け る 本 も 批 判 し な い と い う 考 え る こ と が で き る 新 聞 が あ り ま し た ニ ュ ー ヨ ー ク が あ り ま し た 本 の 要 約 を 聴 く こ と が で き る 現 実 の 本 の 批 判 が あ り ま し た 素 晴 ら し い 
こ れ は 先 週 に 乗 る の は オ バ マ 大 統 領 の m i t と い う こ と で す 

そ し て こ れ は 本 当 に họa khỏe hiểm 関 係 を よ く 見 ら れ て し ま し た そ れ が な い わ け で は な く nhẹ-- 殺 害 し ま す 私 た ち の 聴 力 ràng に な る と き は 本 当 に そ の 刺 激 を 攻 撃 反 射 シ や 
tiếng 彼 を 攻 撃 の 反 射 さ れ る の で し ょ う か の 部 屋 で 起 こ っ て い ま す 
そ し て tháng, 年 こ の こ と を し て い る の で す る こ と が で き た họa, hiểm hiểm họa 啓 蒙 さ れ る 心 
tổ が 世 界 の 医 療 集 し て 今 年 の 大 き く な り 
こ れ を 集 め ヨ ー ロ ッ パ で す 
そ し て エ ネ ル ギ ー を 夢 見 ま し た 彼 ら は 1,6 億 年 と khỏe で 配 っ て い ま す か ら ヨ ー ロ ッ パ で 年 ず nhiễm 車 tiếng ồn. 
だ か ら 彼 ら は 本 当 に そ れ を hại. 
的 で す ね 
も っ た の 脳 に ひ ど く な り ま し た 
当 yếu thức. な 考 え て い る 。 
そ し て い ま す 私 た ち の リ ー ダ ー だ っ た も の で す こ と を 知 っ て い ま す 
彼 ら が 憲 法 を 書 い て い ま し た 彼 ら は 体 内 に 出 会 sỏi た 今 ま で 彼 ら を 醸 し 
だ か ら も し れ ま せ ん 。 thuật kỹ khử tiếng ồn, 排 水 は 存 在 で き ま せ ん で い る の で す そ れ ら は tại. nước, 恋 人 と 思 い ま す そ れ に よ っ て い る の で す 
私 は bịt ネ ル ギ ー を 耳 に し て 聴 く 耳 に し ま し た 。 thiện は 私 の 人 生 の 満 は あ り ま せ ん đợi. 期 待 し ま し た 
そ し て ２ つ あ る 問 題 を す る 私 の 無 残 し て こ の 問 題 に つ い て こ れ は 当 て ら れ て い ま す が - - 題 tedmed 喜 び の よ う に khỏe を 私 た ち の よ う に な り ま せ ん で し ょ う ま く 載 せ た の で す こ れ が カ ー 結 か ら 私 た ち の こ と が あ る の で す 。 喜 び 内 部 存 字 い 
そ の 一 例 で は 人 を biết: 
phẩm. 実 
社 、 イ ン タ ー に 食 べ 物 の giỏi っ て い る の で す 私 た ち は 枚 ど 。 
を 見 つ け る こ と を 何 枚 cùng. な ど っ て い る の で す 
し か し 私 が 考 え を thuật kỹ に 関 す る の か そ し て い ま す で に 私 た ち が 食 べ 物 を か 意 見 を 
dụ, ví で す 
私 た ち が 食 べ る こ と が 大 好 き に 地 図 giòn, が 食 べ る こ と が で き ま す 
そ う 考 え ま し た こ と に hợp を 生 み 出 し て い ま す 私 の 仕 事 を 食 べ nấu tôi-- ダ の ア メ リ カ の 子 に は 見 ら れ ま せ ん 
そ し て る こ と が で き る よ う な も の で す phỉnh 騙 さ れ 私 は 自 分 を 食 べ て い る の か と い う 考 え る doritos （ 拍 手 ） 

こ れ は た く さ ん あ り が と う huýt 手 
手 脈 を 探 し て 英 語 で す 
男 性 trịa, xoăn 髪 の 毛 が オ ラ ン ダ か ら で す な ぜ か と い う こ と で す 彼 は sáo? huýt し て い ま す 
私 が 吹 い て い た か ら 1 4 歳 の 4 歳 児 に 持 っ て い ま し た 
父 親 は で き ま し た 世 界 中 の 風 」 の ツ ngỡ 私 は そ の 方 法 の 一 部 な の で す 私 の 家 族 コ ミ ュ ニ ケ ー 
そ こ で 私 は 彼 と 一 緒 に 吹 い て 
で も そ し て 3 4 歳 の 私 に と っ て し ま し た quấy rầy 人 sáo huýt と い う の 
な ぜ な ら ば す 吹 い て い た こ と が で き る 私 の 負 の 障 害 が あ り ま す 
私 は 自 分 吹 い て い ま し た 教 室 で の 風 」 私 が 吹 い て 自 転 車 の 乗 り し て い る と 至 る 所 に 吹 い て い ま し た 
そ し て 吹 い て パ ー テ ィ ス ク リ ス マ ス の 家 族 と も 私 の 情 報 を 
彼 ら と 思 い ま し た が 音 楽 の ク リ ス マ ス あ な た の で す 
そ し て 私 が 好 き で は あ り ま せ ん が 音 楽 を 聴 く た め に 私 は も っ と 優 れ た と い う こ と で す 
「 教 rudolph&amp;quot; 赤 い を 生 み 出 週 間 で す か ？ そ れ を 知 っ て い ま す 

ほ と ん ど が 私 た ち に 直 面 し た と き に 毒 素 の 精 神 や 肉 体 的 な 社 会 の 毒 で す 
し か し 。 慈 悲 の 発 生 し ま し ょ う 。 慈 悲 を 動 作 用 す る 私 た ち の 免 疫 と い う こ と で す 
あ な た の で し ょ う か 知 っ て い ま す が 実 際 は 慈 悲 は 私 達 に 質 問 が あ り ま す 
な ぜ 私 た ち は 子 供 の 教 育 ẩn? 慈 悲 に つ い て 

母 に 私 は 神 ai-len ほ ど で も 彼 女 は 敬 虔 な し で は あ り ま せ ん が 1 1 歳 の 時 は 日 曜 日 の 式 を 行 っ て い る 私 の ３ つ の 鳥 照 
私 が こ の 話 さ れ ま す ダ ー シ ャ ル ル 
彼 は と 思 い ま し た 偉 大 な ヒ ー ロ ー で す 
ご 覧 の 通 り そ れ か ら 、 全 て の 生 命 が 地 球 上 に 直 面 し て 進 化 の 過 程 を 経 験 し た 
シ カ ゴ 大 学 で 学 校 の 生 物 学 を 学 び ま し た 
私 の 目 標 は 、 私 も 十 分 な 能 力 を 取 る こ と が で き る で し ょ う 進 行 業 界 医 学 創 設 者 エ ズ ラ ・ 
そ し て 新 聞 が シ カ ゴ の 配 を 紹 介 す る と い う 本 に は 何 か と い う 生 活 の schrodinger. 偉 大 な 物 理 学 者 
も ち ろ ん 問 な の で す そ れ に つ い た い と 思 い ま す 
ご 存 じ の よ う な 生 命 を 説 明 し ま す ダ ー ウ ィ ン の 後 も 作 れ ま し た 生 命 の 本 質 は 何 で し ょ う ？ 
schrodinger に こ れ は 本 に 情 報 の 染 色 体 の 情 報 を 得 ま す 私 た ち に 記 録 さ れ て い な 分 子 で は あ り ま せ ん そ れ 以 前 に 分 子 に つ い て 考 え ま し た 
皆 さ ん ご 存 知 の 染 色 体 を し て い ま す 実 際 に 世 界 は 分 子 は ど う や っ て 情 報 を す る こ と が で き な 調 整 さ れ た と い う こ と で す か 
そ し て い る の で す 大 き な 問 題 に 情 報 を 模 倣 さ れ て い ま す こ れ は ど こ で こ の 本 を そ こ か に な り ま す と 思 い ま し た học... 遺 伝 の 遺 伝 子 を 理 解 し た い と 思 い ま す そ れ を 通 し て そ し て 生 命 を 理 解 で き る 
神 経 が あ る で し た イ ス ラ ム の ヒ ー ロ ー 象 推 進 す る た め に 
ボ ー ル 選 手 は あ り ま せ ん chày, pauling. ラ が あ る の で す 
だ か ら 出 願 し ま し た 学 校 に 指 摘 し 、 私 の 種 類 が あ り ま し た 

こ れ が 私 の サ ン ド イ ッ チ ー 

次 は 心 配 し ま せ ん で し た こ と 
そ れ か ら mary robinson 言 っ て い る の は ア イ デ ア で す そ し て い ま す ９ 時 muồi. nên.&amp;quot; を 生 み 出 さ れ て い ま す 
コ anna 言 い ま し た が そ の 軍 事 費 だ 
組 織 、 ア フ リ カ の 統 一 時 か ら リ ー ダ ー シ ッ プ と samlim salim, 公 に 「 私 は ア フ リ カ の 国 々 慈 善 活 動 を し て 
「 arias, oscar ノ ー ベ ル 賞 賞 を 受 け ら れ ま し た が 平 和 で 大 統 領 rica, 「 thể&amp;quot; も の が や っ て い る で し ょ う 
そ し て 私 は moussa amr に 会 い ま す ア ラ ブ 首 長 国 連 邦 út. 
な ぜ マ ン デ ラ 氏 に 出 会 い ま し た 平 和 と な っ て 会 話 を ア 
や り た い と 思 わ れ て い る こ と が 証 明 す る た め に ど う や っ て こ の ア イ デ ア で は 実 際 に は 意 味 が あ り ま す 
そ し て そ こ で 私 た ち は 私 た ち は 人 間 の 話 を 聞 い て い ま し た 。 記 録 に 至 る 所 で 
行 き ま し た の も 7 6 1 2 年 間 こ こ に 戻 っ て い ま す 
そ し て 言 っ て い ま し た 女 性 や 女 の 子 供 た ち に し ま し た 
44.000 を 記 録 し ま し た 子 供 の 歳 で す が 
記 録 し ま し た 約 9 0 0 時 間 の 思 考 に つ い て 
私 は 本 当 に 理 解 し て 若 い 人 た ち が ど う 考 え に つ い て 彼 ら と 言 っ て い ま す こ の ア イ デ ア に 行 動 を 始 め ま し た 時 、 世 界 平 和 を 芸 術 ン よ り 彼 ら の 文 学 や 音 楽 の 全 て の ス ポ ー ツ が 可 能 で す 
そ し て 私 た ち は 人 間 の 話 を 聞 い て い ま し た 
そ れ は 素 晴 ら し い こ と を 信 じ る 国 連 の 政 府 組 織 と し て こ の 問 題 に な っ て い ま す 
私 は 感 じ ま し た 問 題 を 出 し て い る コ ミ ュ ニ テ ィ の い く つ か の よ う と し て 世 界 は こ の 日 を 作 り 出 し ま す 
そ し て そ れ を 強 い 特 に よ り 良 い 機 会 が あ り ま す 私 た ち が こ の 日 を 作 り 上 げ 
và,rồi そ こ で は こ れ は 始 め ま し た と 考 え 始 め ま し た 誰 も こ れ は 何 が 起 こ う 考 え が あ り ま せ ん 
で は あ り ま せ ん で す が 考 え な け れ ば 平 和 の 日 を 作 っ て い ま す 
現 実 は あ り ま せ ん そ の よ う と し て い ま し た が そ れ か ら 起 こ る こ と が で き る と 言 っ た こ の 世 界 全 体 で は あ り ま せ ん 一 番 と い う 欲 求 に 子 供 を 見 た と い う 、 と い う こ と で す 
彼 女 は 小 さ な 残 さ れ た 義 足 に 深 刻 感 染 し は 抗 が あ り ま せ ん こ の 子 は 彼 の 子 ど も 兵 士 に 人 を 殺 し た 子 供 た ち は 子 供 た ち の 約 1 2 歳 の こ と に 気 づ き ま し た そ の 映 画 で は あ り ま せ ん が 立 ち 止 ま る こ と が で き ま す 
そ し て そ の 時 実 の と て も 奇 妙 な こ と が 起 こ っ て い る 人 の 強 さ を 推 し 進 め ま し た 「 あ の 映 画 制 作 と い う も の で す 
も し そ れ が 唯 一 の 映 画 で し た の で す 
私 は 戻 り 続 け る と い う こ れ は ど ん な に thực.&amp;quot; 現 在 に な り ま し た 
な ぜ な ら 私 た ち を 必 要 が あ り ま す 必 要 が あ り ま す こ と を 私 た ち が 連 を 取 り 除 き ま す あ ら ゆ る 宗 教 的 政 治 時 代 で も そ の 少 し 困 惑 し て い ま し た ら 子 供 た ち は あ り ま せ ん 
か わ か り ま せ ん で し ょ う ？ プ ロ セ ス に 参 加 し た 
そ し て 9 月 ７ 日 に 招 待 さ れ ま し た ニ ュ ー ヨ ー ク に な り ま し た 
政 府 や 政 府 は コ を 英 国 連 の 議 会 に と ス ポ ン サ の ５ ４ 日 の ア イ デ ア で は あ り ま せ ん &amp;quot;ngừng 撃 lực&amp;quot; 力 の 日 の よ う に し よ う と 歴 9 月 2 1 日 は そ れ か ら 受 け 入 れ ま し た 同 時 に 全 世 界 選 手 に 従 っ て い ま す 

そ し て も nokia っ て い ま す 
見 て い る も の は 私 た ち が 取 り 付 け は 後 ろ に 小 さ な 小 さ な 物 を 実 現 す る と い う こ と で す そ し て い る の で す 奥 さ ん の 再 生 し ま す 
し か し 用 い ま す 画 面 に 光 を し て い ま す 
想 像 し て そ の ま れ て い る こ と が で き る こ と が で き る 場 も 分 け て 設 置 さ れ 
私 た ち に す る こ と が で き る こ と が で き る 床 に 皆 さ ん の テ ー 
毎 回 に 皆 さ ん 家 や xách, ポ ケ ッ ト も 活 動 に な る で し ょ う 自 分 の バ ッ グ 販 売 し て い る の で す 
で は あ り ま せ ん 心 配 を し て く れ る な ん て こ れ ら の 電 源 で す 
そ し て 考 え て く だ さ い こ と が あ な た を 与 え る で し ょ う 
だ か ら 最 後 に あ る と 思 い ま す ビ ジ ョ ン の よ う な 新 聞 や 雑 誌 の 永 久 yorker magazine, ニ ュ ー ス を 考 え ま し た も 理 論 で す 
そ し て 人 に 対 す る と 言 い ま し た 読 み 取 り ま せ ん 「 本 当 の よ う に テ ク ノ ロ ジ ー は dây.&amp;quot; で は あ り ま せ ん 
り が と う ご ざ い 

さ て あ な た は こ れ を 当 然 の こ と で し た 
実 際 に 問 題 を 考 え が 始 ま る 価 値 が 誰 か に つ い て 議 論 し 、 な ぜ か と い う こ と で す 
例 え ば sáo. に つ い て 
私 た ち が sáo. 木 を 配 っ て い ま す 
誰 か の 良 い の で す 
ご 覧 に な っ て 
何 て 言 う の で し ょ う 
誰 か 良 い 者 で す 
皆 さ ん に は 大 き い て 話 し 続 け ま し た 

完 全 に 合 理 的 な も の 
し か し 、 第 三 の 棒 vèo 通 さ れ て い る こ と を す る 必 要 が あ り ま し た 源 、 資 金 を す る こ と が で き ま し た braille 院 に 真 剣 な 方 法 を 学 ぶ た め に ご 盲 人 の 技 術 も 犬 が 線 を 引 き ま し た の で す が 私 の 生 活 を 変 え る 
す る こ と が で き ま し た 大 学 に 戻 っ て 大 人 に よ っ て い ま し た の は 私 に 投 資 す る 犬 の 方 向 も 同 じ よ う に な り ま し た 技 術 の 1 0 年 後 に 光 を 再 建 し て い ま し た 
見 知 ら ぬ と い う こ と で は あ り ま せ ん 
参 加 し た ３ つ の 手 術 を 生 み 出 し た そ し て い ま だ 実 験 段 階 に あ り ま す 
そ れ ら は 小 声 で 祈 っ て い る の で す ロ ボ ッ ト を 使 っ て い ま す 
彼 ら は 血 流 量 を 集 め た の で す 私 の 目 か ら 
大 き な 変 化 な の で す が 進 歩 し て い ま し た 世 界 の 全 て の 創 造 的 な も の で す 新 し い 携 帯 電 話 パ ソ コ ン ピ ュ ー タ の 全 て の 腕 を こ こ に あ り ま せ ん 
そ の 周 囲 の 人 々 は 記 憶 を 失 い ま し た 写 真 の 代 わ り を 感 じ 感 覚 で 周 囲 の 全 て の 音 の 匂 い を し 
そ こ で あ る 日 自 分 の 部 屋 に 私 が 見 て い ま し た こ の 部 屋 に 座 っ て い ま し た そ し て 私 の 怪 物 の で す 
そ こ で 私 は 歩 き 回 っ て い ま す 
そ し て い ま し た 「 nó”. に 触 れ た こ と で し た 
そ し て そ れ に 触 れ ま し た “ôi し た こ れ は で き る と 私 の 服 休 ” 
全 て が も 違 っ て い ま す そ れ が 見 え る か ら で す こ れ が 当 然 の こ と で す 
し か し 、 盲 目 さ れ た 記 憶 し て く だ さ い 感 覚 す る こ と で す 
大 き な 変 化 は 二 つ の 下 に 自 分 の 手 を 見 た 人 生 の 1 0 年 
考 え ま し た そ の 間 に つ い て い る か ら で す そ の 理 由 に 対 し て い ま し た 家 族 や 友 人 
し か し た が 浮 か べ る こ と に 気 づ き ま し た そ の 時 間 を 漂 っ て し ま し た 全 て に し ま し た も の を 急 必 要 が あ り 続 け る こ と が で き ま す 
私 た ち は あ り ま せ ん で し た よ う に 言 葉 を 集 団 か ら 反 応 を 供 給 や 協 力 を 提 供 す る 事 故 に 出 会 い ま し た 
し か し は 概 念 が 正 し い 仕 事 を し て 回 復 す る た め に 人 と 一 緒 に 働 く 人 以 来 が 私 に 教 え る た め に 
立 っ て い る こ と は あ り ま せ ん が 今 日 は お か げ な け れ ば 共 同 作 業 が 非 常 に リ ア の 
多 く の 皆 さ ん あ り が と う 
今 日 は 議 論 を 作 る よ う に な っ て い ま す が メ デ ィ ア な ん て 狂 っ た 社 会 的 世 界 の 終 わ り で す 
説 明 し ま し ょ う 
今 日 お 話 し す る と い う 議 論 の メ デ ィ ア の 応 用 す る こ と が 私 た ち が 社 会 は 知 っ て も 好 き と し て い ま す こ れ は 嫌 い 支 援 に 貢 献 し て い る か ら 解 放 す る た め に 私 た ち が 無 に 基 づ い た の が 私 た ち の コ ミ ュ ニ テ ィ が 世 界 に つ い て 私 は 思 い ま し た コ メ デ ィ ア が 実 社 会 を 我 々 の 遺 伝 giỡ 印 象 翻 訳 な ど が 奇 妙 に や っ て い る 価 値 食 品 魂 が 見 え ま す メ デ ィ ア 中 に 広 告 し な け れ ば コ ン ピ ュ ー タ の 世 界 的 な 傾 向 は イ タ リ ア に メ デ ィ ア の 写 真 を 歪 私 た ち の 生 活 性 の よ う な も の で す 
私 は 思 い ま し た こ と は 全 て を 変 え る で し ょ う 
今 で は ほ と ん ど の 企 業 の メ デ ィ ア の 新 電 長 chơi... ゲ ー ム で 
彼 ら は 自 分 の 方 法 を 使 う と 市 場 ビ デ オ を 理 解 す る に は 観 客 の た め で す 古 い ブ ラ ン 人 の 学 校 で 学 び ま し た 
ブ ラ ン ド を 生 み 出 し ま す 彼 ら は 非 常 に 制 限 す る た め に 今 の 我 々 を 形 成 す る こ と は 馬 鹿 げ た メ デ ィ ア 企 業 と 信 じ て い ま す れ ば 人 類 の 種 類 し て い ま し た 特 に 基 づ い た こ と が で き そ れ を 予 測 さ れ て い ま す gu が あ り ま す が 好 き な も の な の で す そ し て 特 定 の 興 味 深 い の で す こ れ は 大 き な 部 分 が 市 民 の 文 化 は 実 の と こ ろ 私 た ち の 決 定 に 基 づ い て こ の 人 口 統 計 に つ い て 
す べ て の 資 料 で 年 齢 に つ い て 
し か を 1 8 4 9 歳 の 例 を 取 り 組 み が あ り ま す 大 き な 情 報 を 作 る の は こ の 国 の 大 の 世 代 が 1 9 6 0 年 間 に 世 界 大 戦 後 記 号 若 い 続 け て い ま す 
今 で は あ り ま し た 人 の 年 齢 以 外 に も 学 輸 出 で き る 場 合 は 企 業 の よ う に 大 き な ラ nielson, も 知 り ま せ ん 聴 衆 に ５ ４ 歳 の ビ デ オ に 
環 境 の 中 で 私 た ち の 情 報 も 存 在 し て い ま せ ん で し た よ う な も の で す 
&amp;quot;mad を 見 る と 私 の よ う な 版 の 映 画 で す ア メ リ カ で 好 き な メ デ ィ ア 
博 faye 彼 は 何 か を 研 究 と 呼 ば れ る 社 会 が 初 1 9 6 0 年 代 に よ る 創 造 す る 心 理 学 の デ ー タ が 消 費 者 の 複 雑 な の で す 
し か し 社 会 の 研 究 が あ り ま せ ん で い ま し た 大 き な 影 響 を 与 え る メ デ ィ ア ビ ジ ネ ス に 対 し て 
で す 実 際 に 研 究 は cưu 料 sở. 公 
私 の 中 心 に lear ノ usc. 大 学 を 作 り ま し た そ し て た く さ ん の 研 究 し た 7 か 8 年 に こ の 料 hính が 影 響 を 与 え ま す し メ デ ィ ア は こ の 国 の 外 国 に し て 
そ し て 3 年 か ら 私 た ち は 最 近 の ツ ー ル メ デ ィ ア を 見 る た め に 社 会 を 変 え ま し た 何 を 見 つ け ま し た そ し て 私 た ち は 興 味 深 い で す よ あ り ま す 全 て の 人 が ネ ッ ト ワ ー ク に 参 加 し て 社 会 的 メ デ ィ ア ン は 人 類 よ 学 古 い メ デ ィ ア 会 社 の 広 告 し て 彼 ら を 理 解 す る た め に 使 わ れ ま し た こ れ で も 今 は こ の 種 類 の た め の 高 さ に よ り も 意 味 で す 
な ぜ な ら 技 術 に オ ン ラ イ ン メ デ ィ ア で す よ り も 簡 単 に 私 た ち か ら 抜 け 出 す 人 数 の 箱 が 自 分 の 輸 出 で き る 
私 た ち は 繋 が っ て い る こ と が で き る よ う な も の で す 人 に 自 由 に 対 し て 自 体 を そ し て 私 た ち の 性 格 オ ン ラ イ ン し よ う と 私 た ち は 嘘 を つ に な に 簡 単 に イ ン タ ー ネ ッ ト 
で も 私 た ち は 繋 が っ て い る 人 と 同 じ 趣 味 で は あ り ま せ ん 私 た ち に 必 要 な メ デ ィ ア 企 業 を こ の 仕 事 に 役 立 ち ま す 
だ か ら メ デ ィ ア 会 社 の 伝 統 的 な と 考 え て も ち ろ ん ど ジ 交 流 の コ ミ ュ ニ テ ィ ネ ッ ト ワ ー ク を 知 っ て い ま す こ れ は 大 き な 聴 衆 の 量 が 将 来 
彼 ら が 独 自 の 解 決 策 を 見 つ け る こ と で す こ れ は 難 し い こ と に な っ て い る の で す 彼 ら を 使 っ て い る よ う と し て い る 人 を 理 解 す る こ と を 学 輸 出 で す か ら 広 告 率 が ど の よ う に 決 定 さ れ ま す 
彼 ら が 使 用 量 を 監 視 で き る の で す そ れ を 知 っ て い ま し た 
彼 ら の 段 階 を 通 し て い て い る よ う に 本 当 に 難 し い 世 界 の 発 見 で き ま す そ し て 自 分 の 収 入 で す 
彼 ら は い く つ か る こ と が で き る 教 育 の 予 測 さ れ て い ま す 
し か し 彼 ら は よ り 多 く の 情 報 の 活 動 に つ い て の オ ネ の 魅 力 的 に も あ り ま す 簡 単 な こ と で す こ れ を 見 つ け よ り も 多 く の を 見 つ け る 誰 で も 使 っ て い る は ず で す こ れ は 自 分 に 優 し く な る の で す こ の 管 理 さ れ た gu 部 gu 自 然 の 尊 敬 さ れ て い る 方 法 が あ り ま せ ん で す る 前 に 
以 前 か ら れ た も の で す が そ れ で オ ン ラ イ ン の 人 々 の 再 合 成 し ま し た り 返 し 組 み 合 わ せ ま せ ん で し た 世 界 の 年 齢 と 彼 ら の 収 入 の 再 合 成 し ま し た が 自 ら が 大 好 き で す 
そ し て 少 し 考 え る と い う こ と は 全 て の 概 念 xẻ, を 共 有 さ れ た 人 に な り ま す 私 た ち は よ り 強 く 統 合 す る と い う こ と も さ ら に は 人 口 統 計 の 方 法 で す 
本 当 に 知 り た い の が 好 き な slayer&amp;quot; &amp;quot;&amp;quot;buffy vampire 』 で は ど れ く ら い の で す そ れ を bạn.. に つ い て 話 し し て い ま し た こ と で す 
も う ひ と つ は 私 た ち が 発 表 し ま し た 社 会 的 メ デ ィ ア に つ い て い る こ と は 実 際 と て も 驚 く べ き で す 
女 性 は 実 際 に 命 令 し て い る メ デ ィ ア 革 命 を 適 用 社 会 的 な 統 計 デ ー タ に 世 界 の 女 性 の な か っ た の で す 実 際 に 男 性 よ り 多 く の を 見 る こ と に 情 報 技 術 を 使 っ て 社 会 で す 
も の を 見 て mạ 時 間 を 費 や し て 彼 ら の ウ ェ ブ サ イ ト を す る こ と な っ て い る 情 報 技 術 を し て い ま し た 社 会 に 大 き な 変 化 は 昔 の メ デ ィ ア の 
こ の 問 題 に 影 響 を 与 え る で し ょ う ど の よ う に 私 た ち の 文 化 に 影 響 を 与 え る と い う こ と を 意 味 を 持 ち 帰 る こ と に な っ た か ら ご 託 な 状 況 に メ デ ィ ア は 社 会 的 政 治 家 と し て い る メ デ ィ ア シ ス テ ー マ や 古 宣 伝 統 治 し て い る 女 性 は テ ク ノ ロ ジ ー は 社 会 的 メ デ ィ ア － と い う 意 味 で は な ら な い で し ょ う 女 性 は テ ク ノ ロ ジ ー 管 cầu? 全 メ デ ィ ア 
も し か し 我 々 は 多 く の を 見 て 突 然 人 物 の 映 画 女 の 映 画 や テ レ ビ ゲ ー ム tập? 長 い 
デ ン 爆 弾 の 映 画 が 次 女 優 chính? 役 を 
そ れ で は あ り ま せ ん が 起 こ る こ と が で き る と い う こ と の 景 色 が 突 然 メ デ ィ ア の よ う に な り 、 女 性 風 景 で し ょ う か ？ 
私 は 物 事 は あ り ま せ ん そ の よ う に 起 こ る で し ょ う 
こ と に し ま し た メ デ ィ ア 企 業 を よ り も 女 性 が 多 い で し ょ う か ら で す こ れ は 気 づ い た の で す ビ ジ ネ ス に は 重 要 で す 
私 は 思 い ま し た シ ス テ ム を 続 け て い る 女 性 の 社 会 的 メ デ ィ ア の 球 体 の 
し か し ま し た 女 性 と 同 じ よ う に な る で し ょ う trớ trêu, を 見 つ け る 責 任 の 解 決 策 を 提 供 す る 世 界 の 問 題 に つ い て よ う に ひ ど い 映 画 が こ の 女 性 が あ ら ゆ る 分 類 し て 世 界 の 他 者 の デ ザ イ ン グ ル ー プ に と っ て も 大 好 き な も の が 好 き な 地 球 に 1 人 の 子 供 た ち の 世 界 一 定 の 日 本 の 中 に 入 る と い う 感 じ る こ と で す こ れ は 簡 単 で す 
メ デ ィ ア と い う こ と を 知 る こ と で し ょ う 私 た ち が 未 来 の デ ー タ に 基 づ い て い る 時 よ り 多 く の で し ょ う 情 報 に 基 づ い て い る か を 決 定 す る コ ミ ュ ニ テ ィ に 基 づ い て オ ン ラ イ ン を し て い る 女 性 の 場 所 で す が 実 際 に こ の 行 動 を 制 御 し て い ま す 
自 問 す る こ と が で き る で し ょ う か ？ が 必 要 な こ と を 知 っ て い る 人 が khiển? 
な ぜ か と い う こ と を 知 り ま し た の で し ょ う か ？ も ち ろ ん テ ク ノ ロ ジ ー 企 業 の メ デ ィ ア の 広 告 者 が 必 要 と し て 昔 の こ と を 知 っ て い ま す 
し か し ま し た の は こ の 世 界 を 理 解 し た い の で は な い こ と を 理 解 す べ き だ と い う と し て 情 熱 を 持 っ て 笑 顔 を 見 つ け 彼 ら が 何 を す る と い う こ と で す こ れ は 自 rảnh 非 常 に 重 要 な こ と を 知 っ て い る 人 々 に 必 要 が あ り ま す 
ま と め ま し た 多 く の 時 間 を 体 験 の テ ク ノ ロ ジ ー の 光 を 見 つ け る メ デ ィ ア そ し て 私 た ち の 人 生 を ど の よ う に 影 響 さ れ て い ま す 
私 が 研 究 し た そ れ だ け で は あ り ま せ ん で も あ り ま す 面 白 い と い う こ と で す こ れ は 非 常 に は 同 時 に し て い る か ら で す 私 た ち の 研 究 を 続 け て 遊 ぶ そ れ が 大 き な 影 響 を 与 え 私 た ち の 生 活 に ど の よ う に 彼 ら の 信 念 に 例 え ば 政 治 、 ビ ジ ネ ス の 健 康 的 で も 同 じ で す 
そ し て そ れ か ら あ な た を 見 つ け る と い う こ と で こ の 地 球 に つ い て 理 解 し て く だ さ い 他 人 を ど の よ う に エ こ れ は 良 い か ら 始 ま り ま す 
想 像 し て メ デ ィ ア の 空 気 は あ り ま せ ん が 影 響 を 受 け て 代 わ り に ひ ど い パ タ ー ン の 世 界 的 な 特 性 そ し て 他 の 学 校 に 輸 出 で き る 
想 像 で き る で し ょ う か ？ な の で す 
私 は 見 せ を 期 待 し て い る の で す 
あ り が と う 

そ し て 今 私 は こ の 写 真 に 整 頓 す る こ と が で き る か 掃 除 し た い と 思 い ま す こ れ は ち ょ っ と 珍 し い 素 晴 ら し い 例 を 挙 げ て く だ さ い pollock 例 え ば 
だ か ら で す そ れ は そ れ は こ こ で 難 し い で す 
し か し で も 時 間 を 決 め ま し た 。 こ の 方 法 を 塗 料 は す べ て 牛 乳 瓶 に あ り ま す 

女 性 : あ り ま し た ヤ 写 真 を 使 っ て い る 誰 か ？ と い う こ と で す 

レ ー ! palme, olof 尋 ね ま し た 
ス ウ ェ ー デ ン 首 相 の こ と で し ょ う 「 何 を 信 じ て い た い と 思 っ て い ま し た 豊 か な 人 々 を 除 外 し ま す か ？ 」 
olof palme 答 え ま し た 「 nghèo.&amp;quot; 人 を 除 外 し ま す 
私 た ち の 責 任 の た め で す あ ら ゆ る 機 会 が あ る 人 に 気 づ き ま し た 彼 ら の 可 能 性 が あ り ま せ ん 
信 じ て い る の は テ 感 覚 が あ り ま す そ し て は い つ も グ ロ ー バ ル 倫 理 と 呼 ば れ る か に 関 心 を 持 つ 人 全 て の 宗 教 の あ ら ゆ る 宗 教 上 昇 と 宗 教 で は あ り ま せ ん 
し か し 新 し い こ と だ と 思 い ま す こ れ は 今 可 能 性 が あ る 人 を コ ミ ュ ニ ケ ー 国 境 地 球 を 常 に す ぐ に 
可 能 と の 間 に 共 通 点 を 見 つ け る 人 に 会 い ま し た 全 て の イ ン タ ー ネ ッ ト を 考 え は 他 の 現 代 の メ デ ィ ア 
今 日 我 々 は 可 能 性 が あ る 組 織 の 集 団 行 動 に 対 処 す る た め の 問 題 で も 私 た ち が 解 決 し た い と 信 じ て い ま し た こ れ を 作 っ て い ま す 独 特 の 時 期 に 人 類 の 歴 史 で す そ れ は 始 ま り と 呼 ば れ る こ の グ ロ ー バ ル 社 会 が あ り ま す 
2 0 0 に 戻 る 前 に 奴 隷 売 買 を 前 に 立 っ て wilberforce ウ の 反 対 し て い る の は 
彼 ら は 売 &amp;#91;buôn 反 lệ&amp;#93; カ 英 国 中 に い る 
彼 ら は 支 持 さ れ て い ま し た ア マ チ ュ ア か ら 長 期 間 論 
し か し 彼 ら の 戦 2 4 年 に は 喜 ば 勝 利 を 勝 ち 取 る 
そ こ で 彼 ら は 何 が で き る で し ょ う 彼 ら の 写 真 を 伝 え た 他 の 人 々 を 説 得 す る の が あ れ ば 現 代 の メ デ ィ ア の 日 の よ う な も の で し ょ う 
や jebb, eglantyne か ら 例 え ば 女 性 組 織 の 創 save ド 』 で す 9 0 年 前 の も の で す 
彼 女 の 息 を 呑 ん 実 際 に 起 こ っ て い ま す こ の 世 界 大 戦 後 の シ ャ ツ を 二 次 世 界 に 起 き て い る こ と の 一 員 で あ り 子 供 た ち が 家 族 を さ 尽 く し か し そ れ で も 彼 女 は イ ギ リ ス 国 内 に い る 仕 事 を し た 
彼 女 の 家 に な っ た 学 校 を 運 動 す る た め に 彼 ら の 人 々 に 参 加 し た な ぜ hall, mít-tinh royal save そ し て ア ル ド 』 で す そ こ か ら 生 ま れ ま し た 
save ド 』 の 記 録 の 最 大 の 国 際 組 織 の 世 界 と い う こ と で す 
し か し eglantyne jebb よ り 多 く の こ と が で き る の が 得 ら れ れ ば メ デ ィ ア の 現 代 の 説 得 す る こ と が で き た 人 が 必 要 な tức? す ぐ に 解 決 さ れ て い ま す 
見 起 き て い る こ と に 1 0 年 前 philippines estrada 大 統 領 と 年 1 0 0 万 人 が お 互 い を 送 っ て い ま し た lũng に つ い て の 政 府 は こ の 大 統 領 の 下 で 
最 後 に で き ま し た 政 権 の 崩 壊 し ま し た そ し て text&amp;quot; ・ &amp;quot;coup と 呼 ば れ ま す 
な ぜ や zimbabwe, 最 初 の 選 挙 の 時 代 に ロ 首 相 mugabe 昨 年 
人 々 の 写 真 を 撮 る こ と が で き る 携 帯 電 話 で す こ の 選 挙 の 投 票 と い う こ と が で き ま せ ん で し た 首 相 、 と い う 方 向 に 投 票 結 果 が 望 ん だ 
電 気 対 な 国 で は あ り ま せ ん が 誰 か 知 る こ と が 起 き て い る こ と に 内 部 の 者 は こ の 国 で 言 い ま し た ブ ロ グ を 書 き ま し た 世 界 を 抑 圧 的 に つ い て 知 っ て 多 く の 人 が 殺 さ れ た 弾 圧 し そ れ が 、 他 の 多 く の 人 の 声 を サ ン ス シ ア の 囚 人 の 心 は 世 界 の 有 名 な 聴 さ れ ま し た 
学 校 に 来 て い る の は イ ラ ン の 人 が 毎 日 追 neda, に 何 が 起 き て い る よ う に 努 力 し て い る エ ネ ル ギ ー の イ ラ ン の 安 全 保 障 を 見 つ け る 人 の ア イ ラ ン ブ ロ グ を 書 い て い ま し た 情 報 を 伝 え よ う に 地 イ ラ ン で 変 tehran, へ の イ ラ ン そ れ に 苦 し 安 全 面 の エ ネ ル ギ ー 
現 代 の 技 術 の 可 能 性 が 今 日 の 力 を 得 る 感 覚 的 に 関 連 し て い ま す メ デ ィ ア の 力 を 私 た ち の 能 力 を 持 っ て い る の で す こ れ は 国 際 組 織 に 私 た ち に し ま し た 機 会 を 初 め て コ ミ ュ ニ テ ィ は 基 本 的 に は 世 界 を 変 え る こ と が で き る 
政 策 を 外 に 変 わ り た い で す か ら 制 御 で き な い 人 々 が 権 力 が あ る 
制 御 が 必 要 な の で す 人 か ら 聴 い て 彼 ら に 大 衆 の 意 見 の ブ ロ グ を 書 い て い る 人 々 と 連 絡 し て 世 界 の 問 題 2 0 0 年 前 に 解 決 す る 必 要 が あ る の で す 1 5 0 年 前 に 隷 問 題 な の で す こ と に し ま し た の よ う な 国 の 国 を ど う や っ て 私 た ち は 若 い 人 権 の 子 供 が 学 習 障 害 さ れ て い ま す 1 0 0 年 前 の こ と の ほ と ん ど が ヨ ー ロ ッ パ の 権 利 を 強 制 さ れ て い ま す 5 0 年 前 の 投 票 を 押 し 安 全 保 障 を 社 会 福 祉 
50-60 年 以 内 に 戻 っ て 私 た ち が 目 撃 な ど を apartheid, 人 種 差 別 分 な 娘 す べ て の 市 場 全 て の 問 題 を も 同 じ ぐ ら い そ れ か ら dịch, 戦 争 を 適 切 な 人 々 の 世 界 を 変 え 
ネ に 出 会 い ま し た 彼 は 一 年 前 に マ ン デ ラ 氏 は ロ ン ド ン と い う こ と で す 
に 参 加 し て い た 講 演 奏 し 日 や 誕 生 日 に 資 金 が 新 し い 組 織 を 成 し た 
私 は 座 っ て 光 栄 に 思 ネ winehouse 妹 の 歌 手 で あ る こ と が で き ま し た マ ン デ ラ 氏 ネ ス テ ー ジ に 驚 く べ き な よ う に 彼 女 の 表 面 的 な も の の 歌 手 で あ る と い う こ と で す 
時 に 説 明 し て い ま し た 彼 は 誰 も 彼 女 は 
winehouse &amp;quot;nelson マ ン デ ラ 氏 は 「 自 分 が あ り ま し た 私 の 夫 、 大 き な 違 い が あ っ て い ま し た 刑 務 所 dài.&amp;quot; 時 間 が あ り ま す 

1949, 年 に な っ た か ら で す が 中 国 の 国 の よ う に な り 新 た な 世 界 を 驚 い て い ま し た 
そ し て 何 が 起 き た こ と が 起 き た と い う こ と で す こ れ ら の 国 が 後 lập? 立 て ら れ て い る の で す 
ご 覧 く だ さ い ま し た 健 康 改 善 さ れ 始 め ま し た 
子 供 た ち は 学 校 に さ れ ま し た 
細 胞 と い う サ ー ビ ス を 提 供 さ れ て い ま す こ れ は 大 事 件 当 時 飛 躍 は 下 が り ま す 中 国 で 実 現 さ れ て い ま す イ 石 毛 か ら で す 
中 国 は 回 復 し ま し た そ れ を 言 っ て い ま す 今 ま で に な り ま し た こ と も ル ngẩn.&amp;quot; 吊 中 心 で す 
し か し ま し た 中 国 の イ ン ド が そ の 後 の よ う と し て 
イ ン ド は 本 物 の 追 い つ い て い ま し た 
そ れ が あ り ま し た の 健 康 に よ り 良 い 人 で は 経 済 低 残 っ て い ま す 
私 た ち は 年 に 東 石 毛 1978, そ し て い ま し た 男 そ し て 裸 か ら 新 し い 左 側 か ら 現 れ ま す 
そ れ は 東 小 平 が こ こ で す ぐ に 現 れ ま す 
そ し て 彼 ら と 重 要 な の で す 猫 は 白 黒 で す 必 要 が あ り ま す “ ラ さ れ て い ま す 
な ぜ な ら 二 つ の マ ウ ス か ら 始 め て い る こ と で す 猫 で す 
こ う い う こ と が で き ま す こ の 猫 が 2 
中 国 や イ ン ド し て い る の で す が マ ウ ス で す ね 
開 発 す る こ と を 決 め ま し た 医 療 業 界 で は あ り ま せ ん が 教 育 し て 経 済 の 発 展 が 始 め ま し た 
そ し て 市 改 革 が 成 功 し た 
1 9 9 2 年 に イ ン ド の 改 革 が 行 わ れ ま し た 市 場 
し か し 近 づ く と 一 緒 に す る こ と が わ か る こ と が で き る と イ ン ド と 中 国 よ り 大 き な 点 で 違 い で す こ の 2 
そ し て こ れ か ら tiến. 歩 き 続 け る こ と で し ょ う そ ん な に 追 い つ い で し ょ う か ？ そ れ が 大 き な 問 題 で あ る 日 、 イ ン ド と 中 国 の 位 置 し て い る の で す 今 日 
今 で は な い と い う こ と で す 
平 均 し て い ま す こ れ は 中 国 の 平 均 
私 が 中 国 を そ こ を 見 て み て く だ さ い 
上 海 う 追 い つ い て い ま し た 
上 海 で い ま し た 
そ し て 健 康 上 海 が あ り ま す ア メ リ カ よ り 良 い 人 
で も も う 一 つ ず に い る の で す 皆 さ ん の 目 の 大 陸 上 で 最 も 貧 し い と し て い る の で す 中 国 で す 
も し 私 が 皆 さ ん を 共 有 し て 、 二 つ の 都 市 と 地 域 の こ と も ア フ リ カ の 田 舎 の 下 で 走 っ て い る と い う こ と で す 
ご 覧 く だ さ い 大 る 中 国 の 開 発 の 経 済 の 急 速 に 
も し 私 が イ ン ド の 選 択 を し て い る の で す こ れ が ち イ ン ド の 違 い ま す 
違 っ て バ ー に つ い て 大 き な 地 理 的 で は あ り ま せ ん 
こ の 最 大 の 州 pradesh, 州 で は 貧 し い 州 が よ り 人 間 の 健 康 が イ ン ド の 残 り の 部 分 を 
kerala し て い ま す 飛 行 機 の 上 に 見 出 し て ア メ リ カ の 医 療 や 健 康 で は あ り ま せ ん し か し 経 済 に つ い て で す 
そ し て 、 こ れ は mumbai, maharashtra, に 前 進 し て い る の で す 
今 の イ ン ド が あ な た は 主 に 心 の 中 の 州 の 代 わ り で す 
そ れ で は な く 本 質 的 に は あ り ま せ ん 
さ ら に 彼 ら が ど の よ う な 地 理 的 に つ い て る こ と が で き る よ り 多 く の 困 難 を 引 き 起 こ し 将 来 処 理 す る の か と 比 べ る も の で こ ん な 同 じ 地 域 で あ り ま せ ん が 開 発 中 心 に 近 い 貧 し い 人 が あ る 場 所 で 生 き て い っ て い ま す 
で は な い と 見 て み て く だ さ い ま す こ こ ア メ リ カ 国 の 人 種 差 別 合 
ア メ リ カ だ け を し て 私 の 景 色 を 失 っ て 水 を 
d.c. ワ シ ン ト ン に 乗 っ て い ま し た こ と で し た 
皆 さ ん に な っ た の で す gapminder し ま し た こ の 事 を 紹 介 し ま し た か ら で す が か か っ て い ま す 新 し い ワ リ ー ダ ー シ ッ プ に は 心 配 で 健 康 医 療 シ ス テ ム の 
そ し て 彼 は 理 解 で き ま す ワ シ ン ト ン か ら で す d.c. 裕 福 で あ れ は あ り ま せ ん し か し 人 々 の 健 康 kerala. 
興 味 深 い の で す 皆 さ ん じ ゃ な い 

信 じ て い ま し た ら 誰 で も 私 た ち が 体 内 で 同 じ 
こ の 曲 げ る の で す 物 乞 色 し て い ま す 
そ し て 実 際 に 見 て も 何 度 は 実 際 に 何 を し て 作 ら れ て い ま す 
私 は 皮 gọt 授 業 の 内 側 そ し て い ま す 表 現 し て い る で し ょ う 
ど ん な 構 造 の 良 い 悪 い 写 真 を 撮 っ て い ま し た 
私 は ロ ス が デ ザ イ ン に は そ ん な こ と 
デ ザ イ ナ ー 内 部 か ら で す 
し か し 、 写 真 で は あ り ま せ ん で す 
外 に も 自 然 を 買 う 人 々 が 実 際 私 を 見 が 大 好 き で す 
周 り に し て い ま し た ngóng lóng quẩn lót っ て い ま す こ の 女 性 は 店 根 保 護 さ れ て い ま し た 結 果 に ド ア を 出 し た 
私 の 人 生 は 農 で 直 面 し ま す こ れ は ブ タ は 死 ん で し た パ し 興 味 深 い こ と に 足 を 見 る と 骨 が 見 え て い ま す 最 も あ り ま せ ん 
そ し て そ の 子 ブ タ か ら な る こ と が で き る か も し れ ま し た と 確 信 し て い ま す 死 亡 く な っ た か ら で す x 線 写 真 を 撮 っ た 後 で エ ネ ル ギ ー の よ う に 放 射 物 で す 

ジ ョ ン に 変 え ま し た ら あ り が と う 科 学 に ふ り を し て い ま す 
す べ て 念 こ れ は 私 の 名 誉 に 思 い ま す 
皆 さ ん あ り が と う 

そ れ を 考 え て く だ さ い で し ょ う ？ 
巨 大 な 岩 の 空 間 に 飛 行 準 備 を し ま し た そ し て 私 た ち に 衝 突 し ま し た 準 備 を し ま し た そ し て 私 た ち の 損 害 を 起 こ し て い る の を 発 見 し ま し た phó, す る 方 法 が あ り ま し た そ し て る 全 て の た め に 必 要 な こ と で す 
私 た ち が ア フ リ カ 人 を 探 し て い る の は 望 遠 鏡 で す 私 た ち は 非 常 に 優 秀 な 人 が 非 常 に 聡 明 で こ の 問 題 に 関 心 を 見 出 し て い ま し た 解 決 方 法 が あ り ま す こ の 技 術 を 
そ の 衛 星 と い う こ と が で き ま せ ん 化 学 の ロ ケ ッ ト を 使 っ て い ま す 
化 学 ロ ケ ッ ト す る 力 が 強 く 、 衛 星 と い う こ と が 必 要 で す 他 の 場 に 飛 行 し ま し ょ う 
私 た ち が 開 発 し ま し た ion, 動 機 と 呼 ば れ る も の で す が 動 機 が 低 い も の を 
力 を 生 み 出 し ま す 紙 の 力 に な る の を 皆 さ ん の 手 の 上 に 非 常 に 軽 走 る こ と が で き ま す し か し 毎 年 毎 月 何 を 提 供 す る と て も 軽 い 力 で す 
誰 も が こ れ は 映 画 の フ ァ ン star trek, 船 に 彼 ら は 地 球 外 生 命 体 が ion, spock そ し て い ま し た 「 複 雑 な 技 術 が あ り ま す 
彼 ら は 私 た ち に 何 百 年 の 動 機 だ 」 
そ れ で 私 た ち は 今 ion. 動 機 が あ り ま す 
私 た ち が あ り ま せ ん enterprise, し か し 現 在 ion. 動 機 が あ り ま し た 

そ し て 私 の キ 考 え で す 
ゲ ー ム だ け の よ う に こ の よ う な も の で 簡 単 な エ 楽 し い 人 に よ り 深 く ま で 少 し の 新 し い モ デ ル が ゲ ー ム を 開 き ま し た こ と が で き ま す 全 く 新 し い 世 界 を 創 造 的 な 脳 の ど こ に 大 き な 考 え る こ と が で き る た め 挑 戦 よ り 良 い と 思 っ て い ま す し か し こ こ に は ted? な の で す 
皆 さ ん あ り が と う 
ク リ ス ： perry. デ イ ビ ッ ド で す ！ 感 知 で き な の で す か ら 始 め ま す る 単 純 な 方 法 を ド t e d に こ の ウ ェ ブ サ イ ト し て い る の で す そ し て 知 ら れ て い た な ぜ 私 た ち は こ こ で 何 が 起 き て い る と い う も あ り ま せ ん が ど ん な 困 難 は あ り ま せ ん 
人 工 知 能 を 世 界 で 最 も 良 い も の で す が 複 雑 な 小 さ な chỏ rắm, そ の ワ ト ソ ン に 見 え ま す 簡 単 な の か 理 解 し て い ま す 実 際 に は 何 も わ か り ま せ ん 

想 像 す る こ と が で き れ ば bạn... 全 て の 生 き 残 る こ と で す べ て あ な た は 「 自 分 が 準 備 は 完 璧 で 記 憶 の 手 を 上 に 皆 さ ん に 戻 っ て き た 瞬 間 を 探 し ま し た い と 思 っ て い ま し た イ ス ラ ム を 覚 え て い て 簡 単 に 自 発 見 し 時 間 に あ る パ タ ー ン の 人 生 を 通 し て い る 皆 さ ん の 発 明 さ れ て い ま せ ん 
そ れ は 家 族 が 旅 を 始 め ま し た こ れ は ５ 年 半 前 は 妻 が 私 の 協 力 rupal. 
そ し て こ の 日 に こ の 時 に 私 た ち は 子 供 に 私 た ち の 地 域 の 子 た ち は 私 た ち の 素 晴 ら し い 
そ し て 家 に 行 き ま し た シ ス テ ム に は 特 に 写 真 家 の 中 の 男 性 で し ょ う 。 
こ の 瞬 間 roy: 方 何 千 と い う 瞬 間 違 い ま す 特 に 私 た ち に と っ て し ま し た 私 た ち の 家 を す る の で す そ れ ぞ れ の 部 屋 を 見 て 見 る こ と で し ょ う micro. や カ メ ラ を 見 る と そ れ を 眺 め が あ り ま す 部 屋 の を 見 る こ と で す こ れ は 私 た ち の 寝 室 の 部 屋 廊 下 に 赤 ち ゃ ん は 残 り の や り が と う 
そ し て そ れ ら 全 て の デ ザ イ ン デ ィ で す こ れ を 続 け て 
viì ậy を 渡 っ て い ま す 私 た ち の 日 私 た ち が 早 か tà 午 電 灯 を 最 後 に 眠 り 
で は 3 8 年 私 た ち の 記 録 し ま し た 1 0 時 間 毎 日 硬 約 蓄 積 さ れ ま し た 写 真 で す 
で す か ら の 形 を 見 て い る の は 今 映 画 の 集 と 呼 ば れ る 最 大 の 家 族 や ら れ て い ま し た 

驚 く こ と で す 
ピ ー タ ー の よ う な 話 で は あ り ま せ ん 子 ど も た ち の 構 造 を 作 る の は 最 高 で 最 も 興 味 深 い 構 造 を し て い る の で す 
そ こ で 疑 問 は た い こ と が あ り ま す 
な ぜ で し ょ う ？ 何 が 特 に し ま し ょ う ？ 
そ の 答 え は 興 味 深 い ピ ー タ ー だ と い う こ と が な か っ た こ と が で き ま す 子 供 を 欲 inc.&amp;quot; ぐ の c e o に な り ま す い い ？ 
あ り ま せ ん 時 間 を 費 や し て い ま す 権 力 を し て い ま し た 
で も あ り ま す そ の 理 由 は 学 生 は ビ ジ ネ ス の 学 校 の 教 育 を 受 け る 唯 一 の が あ っ た の で 正 し い 計 画 し て 彼 ら は こ の 計 画 を 実 現 し た 
そ れ が 起 き て い ま す マ シ ュ マ ロ を し て い た の で す が 時 間 が あ り ま せ ん で し ょ う か ？ 何 が 危 機 で す 
耳 に す ぎ る と 知 っ て い ま す か ？ 
こ の 子 供 を 育 完 全 に 他 の マ シ ュ マ ロ か ら 始 め ま し た ね 本 を 建 て ま し た も の よ う に 見 つ け た の で す が こ の シ ー が 同 時 に そ れ よ り 多 く の 時 間 が あ り ま す 玄 関 の サ ン プ ル な 解 決 す る た め に 
デ ザ イ ナ ー 協 力 し よ う に 見 え る こ の プ ロ セ ス の 本 質 は y 
子 供 達 が 反 応 は ニ ュ ー バ ー ジ ョ ン 毎 に 正 し い の は あ り ま せ ん 
だ か ら こ そ が エ ネ ル ギ ー を 作 る こ と は と て も 必 要 な の で も 結 果 を 見 て く だ さ い 集 団 の 異 な っ て い ま す 
高 次 元 構 造 の 平 均 し て い る 人 々 の 大 部 分 に さ れ て い ま し た 2 0 inches ビ ジ ネ ス の 学 校 で 学 生 を 成 し 遂 げ た 1/2 く 高 く 弁 護 士 そ し て 少 し 子 供 た ち は あ り ま せ ん 先 の 大 部 分 が 良 い 大 人 
誰 か 良 い の で す 
thay! 幸 運 に も こ れ は 建 築 家 技 術 と い う こ と で す 
3 9 inches 最 も 高 い 建 造 物 で し た 
そ し て か ら で す な ぜ 三 角 形 を 理 解 し て い る 可 能 性 が パ タ ー ン は 自 国 の 点 で 行 っ た こ の 構 造 を 構 築 持 続 可 能 な 
c e o 者 た ち は も う 少 し て い る の は 平 均 的 な レ ベ ル と 比 べ 
し か し 興 味 深 い こ と が あ り ま す 
も し グ 管 理 人 に は と て も 良 い で し ょ う 

私 は 現 代 芸 術 家 に な り 生 ま れ ま す 
あ り ま せ ん 美 術 館 に 行 き ま し た 年 続 け ま す か ら 2 0 歳 で す 
私 が 育 っ た 場 所 の 間 の 無 danh, 道 の り で す ア ー カ ン ソ ー 田 舎 の 土 地 に 一 番 近 い 映 画 を 失 う 時 間 も し な い 
そ し て そ れ は 素 晴 ら し い 場 所 を 芸 術 家 に な り ま し た 泳 ぎ 私 が 育 っ た の は 奇 妙 な 人 に 優 秀 で 彼 ら は 僕 の 色 や そ の 全 て を 作 り 出 し ま す か ら 白 手 な の で す 
そ し て 私 の 子 供 の 頃 は 冬 故 郷 の 話 を し て い る こ と が で き ま し た 皆 さ ん 知 識 も 想 像 し て い る の で す よ 
例 え ば 私 の 妹 と 私 は 日 常 を 競 争 し て い ま し た 子 ど も た く さ ん 食 べ ら れ る か 脳 の 一 番 療 

こ の シ ャ ワ ー ク の シ ミ ュ レ ー ト ビ ー ル 
点 が あ り ま す こ こ を ク ラ ス な の で す か ？ sùi. sần 辛 い の で す 
購 入 す sần 辛 い の で し ょ う ？ こ れ は 確 か お 分 か ら な い の で す 
そ れ を 取 り 出 し ま し た か ら nhiêù ト イ レ と し て そ の よ う な こ と が で き る の に し て sần. 辛 い の で す 
そ の 口 ま ず は ビ ー ル 学 

そ う は 思 い ま せ ん で し た 
我 々 が ス テ ム を 変 え る こ と が で き る か ら 言 葉 に 普 通 の 人 に な る 可 能 性 が 可 能 性 と し て も よ り 危 険 な こ と が で き ま す 多 く の 力 を 解 放 し 子 供 に 招 待 し て お り と 呼 ば れ て い る 可 能 性 を 持 っ て 私 た ち の 貴 重 な コ ミ ュ ニ テ ィ に 貢 献 し 
人 類 学 者 に な る こ と が 分 か り ま す 私 た ち は 人 類 は 常 に 必 要 が あ り ま す コ ミ ュ ニ テ ィ の 貢 献 可 能 性 が あ り ま す 
証 拠 が あ り ま す neanderthal, 人 化 し て い る の で し た 年 前 に し て 老 人 が 重 傷 を 経 験 か ら 生 存 率 こ の 人 の コ ミ ュ ニ テ ィ の 価 値 を 見 ま せ ん が こ の 人 た ち は 誰 に も 見 ら れ て い る dụng; 価 値 あ る の で す 
数 年 前 私 は 市 場 の 中 に 住 む 町 の 故 郷 vúng 赤 い 地 域 で 北 東 手 立 っ て い ま し た ジ ャ ガ イ モ giạ 前 に こ れ は 夏 short 着 し ま し た 
音 が 聞 こ え ま し た 「 男 が 彼 女 は ず の 裏 か ら mullins エ nhỉ&amp;quot; で は あ り ま せ ん 
話 に 戻 り ま す こ れ は 大 き な 男 性 が 私 の 知 る こ と で す 彼 は 知 り ま せ ん 
「 彼 訳 慌 て 会 っ て 私 た ち は あ り ま せ ん 覚 え て い ま せ ん で し ょ う ？ 」 と 言 い ま し た 彼 女 は 補 習 教 材 を 覚 え て い ま せ ん ど 私 た ち が 互 い を し て い ま し た 彼 女 は い 母 子 宮 が 分 か り ま す 
ô, 人 の 男 性 と い う こ と で す 
も ち ろ ん そ し て い ま す こ と を 覚 え て い ま し た 
こ の 男 は kean, 医 者 か 知 り ま せ ん 男 性 の 初 日 は 母 親 の 話 も ち ろ ん な ぜ な ら 簡 単 に 推 測 す ２ 週 間 遅 生 ま れ ま し た 
そ し て 医 者 に 人 生 を 歩 い て い る 私 の 母 の mát, 休 み は 男 の 人 生 を 見 知 ら ぬ 人 は 完 全 に 私 の 両 親 が 
そ し て い ま し た 生 ま れ ま し た か ら で す 骨 脚 チ も あ り ま せ ん 
足 指 数 と し て 組 織 し 脚 脚 脚 脚 指 数 と い う こ と を し ま し た が 力 を 信 じ て い る こ と は 言 い ま し た 「 私 に と っ て は 両 親 に 診 断 さ れ て い た い と い う こ れ ま せ ん で い ま し た そ れ を 見 せ る よ う に 走 る 他 の 子 供 や 自 己 を 変 え た の で し ょ う 彼 は 嘘 を つ い て い る 間 nay.&amp;quot; に 

b g : そ し て 協 調 に や っ て い る の は 彼 が altos,™ ロ か ら 始 め ま し た こ と で し ょ う ？ 
そ の 通 り で す こ と で 有 ロ 馬 鹿 げ ま す が 
も う 一 度 言 い ま し た こ と を 期 待 で は あ り ま せ ん で し ょ う 教 室 で 使 わ れ て い ま す 
あ る 人 は 彼 ら の 議 会 か ら 私 に 何 を し ま し た 「 あ な た が 自 由 は こ の 教 授 が 好 き ま せ ん 
そ し て し ま し ょ う 「 私 は 言 い ま し た そ れ ぞ れ の た め に 学 生 の 進 化 の よ う に し た の は 子 供 た ち が 何 か こ れ を 作 り 出 し ま し ょ う khiển.&amp;quot; パ ネ ル が あ り ま す 
彼 ら は 「 あ な た が こ の よ う に 進 歩 を 追 求 す る 必 要 が あ り ま し た đã.&amp;quot; 考 え 
そ し て 私 の よ う な グ ル ー プ の 他 の 人 々 が 「 目 だ と 思 い や り た い こ と は あ り ま せ ん 」 と い う こ と で す 
し か し 今 で も 今 日 後 彼 ら は 始 め る こ と が で き ま し た 「 あ な た の で す か ら 2 週 間 

始 め ま し た 例 で す こ れ は 短 い だ ろ う か オ nhện. の 内 部 で す 
私 た ち が 生 ま れ て い ま し た ６ 種 類 の 異 な る だ ろ う se sợi, に よ り 持 続 可 能 な ど の よ う な 種 類 の 違 う 繊 維 な ど の 人 々 が 作 っ た の で す 
最 近 の 作 り aramit. 繊 維 で す 
そ こ の 種 類 の 違 う 繊 維 を 求 め ま し た 温 大 気 圧 下 に 非 常 に 多 く の 廃 棄 物 汚 染 の こ と 
し か し 作 蜘 蛛 弾 圧 し 温 に 普 通 の 材 料 水 死 の ハ エ は こ の こ と を 学 ぶ 必 要 が あ り ま せ て 下 さ い 
虫 を 発 見 で き る と 8 0 キ ロ メ ー ト で 火 事 で す 
約 １ 万 倍 も 遠 い 範 囲 cháy. 集 団 を 発 見 の 
そ し て さ ら に は あ り ま せ ん ワ イ ヤ ー が 必 要 で す 電 源 に つ な が 化 石 記 録 の エ ネ ル ギ ー を 使 っ て い ま す 
二 つ の 例 で 生 き る の で す イ ン が 私 た ち は 何 が で き る か も 
で き れ ば 全 て を 作 る 方 法 を 学 ぶ こ と を 全 て 自 然 の よ う に 私 た ち の 研 究 の 節 約 で き る 1 0 倍 の 1 0 0 回 も 回 1 0 0 0 倍 の エ ネ ル ギ ー や 資 源 の 使 用 さ れ て い ま す 
も し 私 た ち が 作 り た い で 進 歩 を 長 期 的 な 革 命 が 必 要 だ と 思 い ま し た ３ つ の 大 き な 変 化 し た 
一 つ 目 は 基 本 的 な 増 効 率 的 資 源 を 使 っ て い ま す 
二 つ 目 は 使 い 方 か ら 変 わ る 資 源 の 残 留 廃 棄 物 を 汚 染 の 連 続 や 自 モ デ ル へ と 進 ん で 
そ し て ３ 番 目 に 変 化 で は 経 済 の エ ネ ル ギ ー を 使 っ て い ま す 化 石 燃 料 に 太 陽 エ ネ ル ギ ー を 使 っ て い ま す 
そ し て そ の ３ つ の 変 化 を 生 イ だ と 思 い ま す 私 た ち に 必 要 な 解 決 策 を た く さ ん 
自 然 を 見 る こ と が で き る よ う な 製 品 を 紹 介 し ま す 本 製 品 は そ れ か ら 恩 恵 を 受 け ら れ ま し た 研 究 は 一 時 期 に 開 発 し 3,8 億 年 も 続 き ま す 
そ し て そ の 投 資 の レ ベ ル の 製 品 を 使 っ て そ れ は と て も 意 味 が あ り ま す 
そ こ で 私 は 話 し ま し ょ う プ ロ ジ ェ ク ト は こ の ア イ デ ア を 掘 り 
ま ず は 増 加 す る の は 基 本 的 な 効 果 的 資 源 を 使 っ て い ま す 
私 た ち が 宗 プ ロ ジ ェ ク ト に 参 加 を 必 要 が あ り ま す 大 き な 望 遠 鏡 の 家 に あ る 場 所 だ け で な く パ タ ー が あ り ま せ ん が 連 続 的 な も の で す か ら 突 然 変 異 を 利 用 さ れ て い る の で す こ れ は 本 当 に 不 が 本 当 に そ の 例 を 挙 げ ま し た と い う こ と で 生 物 学 か ら 私 た ち に は と て も 
例 え ば 防 水 泡 を 形 と い う ア イ デ ア は 建 物 の 上 に 依 存 し て い ま せ ん 
研 究 に つ い て の 生 物 は 花 粉 を 海 ガ cac-bon 粒 子 を 解 決 策 を 発 明 に 最 も 効 率 的 な 構 造 を 使 っ て い ま す 食 角 形 
次 に 私 た ち は 最 大 化 多 角 形 の こ と を す る 必 要 が あ り ま す と ガ ラ ス の 代 わ り に 単 位 の 大 き さ は 非 常 に 小 さ い 
そ し て 自 然 の 多 く の 例 に と て も 効 果 的 構 造 に 基 づ い て áp. と 膜 が あ り ま す 
そ れ で 我 々 に 理 解 し 始 め ま し た 材 料 etfe と 呼 ば れ る と い う こ と で す 
こ れ は polime 種 類 の 高 い 持 続 可 能 で す 
の ３ 層 は こ の 素 材 の 隣 に 結 合 す る と 一 緒 に 注 入 し ま す こ れ は 素 晴 ら し い こ と が で き ま す 約 倍 の 1 7 倍 で す 
そ し て の 重 量 と 比 べ 1 % だ け で す こ れ は 二 つ の グ ル を 節 約 1 0 0 倍 で す 
そ れ で は 私 た ち は 参 加 し ま し た ポ ジ テ ィ ブ の 輪 を こ れ は 成 長 を 他 の こ と が で き ま す 
そ し て い ま し た そ の よ う に 大 き な を 苦 し め て い る だ け で す 少 な く も っ と 鋼 鉄 を 使 っ て い ま す 
も っ と 鋼 鉄 よ り 少 な 太 陽 光 に よ り 多 く の で し ょ う 私 た ち は コ ン を 必 要 が あ り ま せ ん つ ま り 、 冬 の 多 く の を 
そ し て も 重 量 に よ り も 軽 量 構 造 で き ま す 上 の こ と が で き る móng. 文 の 節 約 で き ま す 
そ し て 最 後 に プ ロ ジ ェ ク ト を 発 見 の エ ネ ル ギ ー の 重 要 な の は 、 海 の 構 造 的 軽 い 重 量 の 空 気 の 建 物 の 中 で 
そ の プ ロ ジ ェ ク ト だ と 思 い ま す 国 の 例 で は な か な か 良 く ア イ デ ア を 増 や 生 物 学 を 使 っ て 効 率 的 で 基 本 的 な 資 源 に つ い て 機 能 に し た だ け で も 同 じ よ う な も の 入 力 し て い ま す 
実 際 に は 多 く の は 自 然 の 例 で す る こ と が で き る 解 決 策 を 探 す こ と は 同 じ で す 
例 え ば 、 こ の 構 造 を 発 展 さ せ る こ と が で き る 屋 根 に 基 づ い て 効 率 的 な ス ー パ ー ト ラ ン ペ ッ ト 糊 付 け ア メ リ カ の 巨 大 な ア マ ゾ ン の 建 物 全 体 か ら の 激 し い ア ー の 激 し い 超 軽 量 植 物 の 細 胞 か ら 
こ の 世 界 が 美 し さ や 効 果 が 待 っ て い る の で す 我 々 は 自 然 の デ ザ イ ン ツ ー ル で す 
と 言 っ た と え ア イ デ ア を 検 討 直 進 キ プ ロ セ ス す る の で す 
私 た ち の 資 源 を 使 っ て い ま す こ れ は ま た bòn ウ イ ル ス 製 品 寿 命 が 短 排 出 し ま す 
自 然 は 非 常 に 違 っ た の で は あ り 
生 態 系 の 排 出 物 に な り 有 機 的 に 栄 養 の 代 
そ し て も し て い ま す プ ロ ジ ェ ク ト が あ り ま す 生 態 系 を 模 倣 し て い る の で す 
私 の プ ロ ジ ェ ク ト の プ ロ ジ ェ ク ト で す ‘bìa các-tông muối’ 魚 卵 を wiles. ・ の 
彼 ら の 領 域 の 多 く の 店 も の で す そ し て 排 出 し て 表 紙 の 食 料 に し ま し た そ の 寿 命 と い う こ と に 地 面 に 板 表 紙 を 取 り 除 く 本 当 に 賢 く な っ て い る の で す 
そ し て 私 は こ れ に つ い て 話 し し ま し た 動 ア ニ メ ー 
彼 ら は ゴ ミ を 集 め て お 金 を 払 レ ス ト ラ ン か ら 
そ し て い ま す 表 表 紙 の 小 さ な 落 し て 販 売 を 中 心 に 馬 を レ ベ ッ ド ngựa. 
そ の 表 紙 と 汚 れ た お 金 を 払 い を 集 め て 
彼 ら は シ ス テ ム に 力 を 分 か ら 多 く の 生 産 bón, giun siberia, 、 魚 を 使 っ て そ れ か ら 売 塩 魚 卵 の レ ス ト ラ ン に 
こ の よ う に す る プ ロ セ ス に 変 え ら れ ま し た kín, キ モ デ ル を し て い ま す そ し て こ の プ ロ セ ス に 価 値 が あ り ま す 
wiles ・ 続 し て い る 要 素 を 増 や す こ の プ ロ セ ス に 廃 棄 物 の 流 れ を 変 え る こ と に な る 価 値 が 生 ま れ た シ ス テ ム で す 
そ の よ う に 自 然 の 増 加 傾 向 が あ り ま す 多 様 性 に 持 久 時 間 が 実 際 に こ の プ ロ ジ ェ ク ト は 意 味 可 能 性 は 上 昇 を 続 け ま す 
そ し て 私 は こ れ は co, の 周 り の 例 だ と 思 い ま し た し か し 意 の な い の で す か ら の 時 の 私 た ち の 問 題 が で き る と い う 問 題 の 大 き な 機 会 に 汚 染 物 質 に つ い て 
そ し て 都 市 で 特 別 な こ と が で き る 変 化 を 見 て 都 市 の 全 体 と い う こ と を お 見 せ よ う な 機 会 が あ り ま す 
そ れ は 実 際 に 私 た ち は 言 い ま し た プ ロ ジ ェ ク ト に 次 mobius, プ ロ ジ ェ ク ト の よ う な こ と が で き る 組 織 の 行 動 を 同 時 に 同 じ 建 物 を 新 し い か ら こ の 活 動 に 栄 養 の よ う に な り 、 他 の 活 動 し ま し た 
そ れ と 言 っ て い る 要 因 は 最 初 に 来 て い ま す レ ス の 温 室 の 中 で 電 化 製 品 を amsterdam. kas ・ と で す 
そ こ で 私 た ち に な る で し ょ う 料 理 本 nồi 気 処 理 が 可 能 に す べ て の 排 出 物 rữa 使 え る の で す こ れ ま し た エ ネ ル ギ ー の 熱 し て 家 に 電 子 機 器 に 電 気 に な り ま す 
私 た ち が あ り ま す 汚 染 水 を 処 理 シ ス テ ム に 変 え る こ と に な っ て い る の は 水 を 作 り 出 し rắn, 物 質 か ら エ ネ ル ギ ー を 使 っ て い ま せ ん だ り 微 生 物 や 
我 々 は 個 人 の キ ャ ン プ が あ り ま す か ら 食 べ 物 の 排 出 物 giun そ し て 廊 下 か ら 肥 料 か ら 提 供 し に 個 人 レ ス ト ラ ン に 戻 り ま す 
私 た ち が コ ー ヒ ー 店 に 原 子 力 そ し て 使 わ れ て い る こ と が で き る ス キ ノ コ を 経 っ て い ま す 
だ か ら 見 る こ と が で き る と い う こ と を 生 み 出 し て い ま し た り に 一 回 の 食 料 の エ ネ ル ギ ー の 建 物 と 同 じ で す 
そ し て も 面 白 に 提 案 し ま し た こ の モ デ ル を 使 っ て る こ と に し て い る 軍 流 の 下 は ロ ン ド 中 心 で す 
皆 さ ん の 認 識 す る こ と が で き ま す 
そ し て 少 し 計 画 が 必 要 な こ と が で き る 空 間 を 変 え ま し た 自 分 を 空 交 通 の 人 に 繋 が っ て い ま し た 人 々 の 食 料 廃 棄 物 を 変 え る 機 会 に 進 ん で キ プ ロ セ ス し て い る の で す 
最 後 の プ ロ ジ ェ ク ト の 話 を し ま す サ 森 の プ ロ ジ ェ ク ト が 現 在 、 私 た ち が 現 実 に な っ て い ま す 
こ こ に 座 っ て い る 人 が あ る こ と が で き る こ と が 分 か る と 驚 く べ き と し て い る 地 域 で は 大 き な 砂 漠 で 短 い 期 間 に は こ れ は 実 は 。 
例 え ば caesar julius 北 ア フ リ カ に 巨 大 な 地 域 で あ れ 、 北 ア フ リ カ 北 雪 植 林 植 物 は 政 府 に 没 頭 し て 共 に 
そ の 進 化 の 過 程 地 球 上 の 生 命 の 種 類 の 植 物 づ 気 候 変 動 を 作 り 出 し ま す 今 日 の 和 土 地 に 有 し ま し た 
そ し て 逆 の こ と が 起 き ま し た 
多 く の 問 題 の 死 の 木 は 気 候 変 動 を し て い ま し た ど る ほ ど 砂 漠 化 に よ り 重 要 な の で す 
こ の 画 像 で 活 性 化 し て 活 動 を 起 こ っ て い ま す 光 合 成 を 何 年 も の で す 
そ れ を 見 る こ と が で き る で 砂 漠 の 境 界 翻 訳 を 非 常 に 動 き ま し た 
そ れ と い う 質 問 が 我 々 は 侵 入 す る こ の 移 転 を 立 ち 止 ま っ て い ま す 左 や に や っ て い る 砂 漠 化 」 で す 
そ し て 生 物 を 見 て 進 化 の 生 活 に 適 応 す る た め に 見 え る で し ょ う 砂 漠 の 素 晴 ら し い 例 に 適 応 希 少 な い 状 態 で す こ れ は 水 namibia, ハ ー ド し て い る す る こ と が で き る よ う に 進 化 し ま し た 自 分 の コ ー ラ を 見 つ け ら れ る よ う に 砂 漠 に 牛 夜 に 砂 山 の 頂 が あ り ま す そ し て 黒 に 新 皮 質 と い う こ と が で き る と 気 筒 xỉn, 外 に な り ま し た 周 り に よ り も 受 け て い る 
そ こ で 、 そ の 言 葉 を 吹 き 飛 ば 湿 風 の 海 に 入 れ る 小 さ な 水 の 皮 質 の 勘 違 い の で す 
前 日 太 陽 を 外 観 れ ば よ か っ て い ま す 水 や 口 に し ま し ょ う 
水 を 飲 ん だ 後 穴 に 入 っ て い ま す 一 日 中 忘 れ ま し た 
意 志 と 呼 ん で し ょ う か ら な け れ ば よ り も 
な ぜ な ら を 見 る の に 近 い bọ, が 小 さ な く 多 く の で す 
そ し て く る こ と が で き る nước: 魂 水 を 惹 き つ け ま す 
た く あ り ま す こ れ は 新 皮 質 と 水 を 吸 い な 
そ し て い ま す の は 水 を 形 成 し 始 め ま し た の で す が 求 め 傷 が あ り ま し た 形 で あ れ ば 世 界 の 入 り の 勘 違 い は 全 体 の 中 で 人 間 の 外 観 ウ 
だ か ら さ れ て い る の が 小 さ な 湿 エ ネ ル ギ ー の あ り ま せ ん で す 空 気 中 国 が 得 ら れ る こ と が で き る 効 果 が 口 に し て い ま す こ れ は 素 晴 ら し い 例 に 環 境 に 適 応 と 権 力 が 制 限 し て い ま す そ の 意 味 に 関 連 し て い る の で 私 た ち が 挑 戦 し て い る の で す 数 年 か ら 数 十 年 後 に 
私 た ち が 仕 事 を 発 明 し ま し た こ れ は 水 温 室 効 果 ガ ス の デ ザ イ ン 電 乾 燥 沿 岸 地 方 法 で す 実 の 活 動 が 壁 の 周 囲 を 成 し て 飛 行 機 器 を 取 り 付 け ま す 上 海 水 に 落 ち て 風 や そ れ は 過 去 に 湿 度 を 増 や し て そ の 間 で 作 ら れ て い る で し ょ う 
だ か ら で す 内 側 ẩm, そ し て 受 け て い る と い う 意 味 す る 必 要 が あ る 物 植 物 の 少 な か っ た の で す 
そ し て 家 に 戻 り 集 湿 ぎ ガ の よ う に 全 く 同 じ よ う に 甘 さ せ る の で す 
温 室 を 通 し て 最 初 の 海 水 を 建 設 す る こ と を 発 見 を 含 む 多 く の 国 と 比 べ る と の 需 要 の 内 部 畑 
だ か ら 拡 張 し 始 め ま し た こ の モ デ ル の 周 り の 土 地 で す 
そ し て 組 み 合 わ せ し て 湿 者 を 与 え ま し た 印 象 的 な 効 果 が 小 さ な の で す 
こ の 写 真 で 完 成 日 に 撮 影 し た だ け 一 年 後 こ の よ う に 見 え ま す 
傷 の よ う な も の で す イ カ は 緑 に 広 が っ て 変 わ っ て い る 建 物 か ら ひ 乾 燥 地 の 地 域 に 脂 肪 に つ い て い る 生 物 学 に そ の 意 味 を 乗 り 越 え た の で す デ ザ イ ナ ー の 目 標 を 達 成 す る 保 護 は 再 生 可 能 な 目 標 を 達 成 さ れ て い ま す 
私 達 が 拡 大 し た い の 規 模 の イ ン ア イ デ ア を 利 用 さ れ る 利 益 を 最 大 化 
そ れ が 自 然 に つ い て 考 え る よ う な 競 争 力 に つ い て 考 え 
し か し 実 際 は 生 態 系 は 機 能 を 見 つ け る こ と が で き る だ け の 例 で す が コ ミ ュ ニ テ ィ と の 関 係 を 
そ れ で イ ン 原 則 で 重 要 な 生 き る 方 法 を 探 し 同 時 に も 応 用 す る 技 術 共 生 的 に 集 団 の 中 で 
そ し て 理 想 的 な 技 術 を 使 っ て 私 た ち が 家 に は 海 水 を 望 遠 鏡 に 集 中 太 陽 エ ネ ル ギ ー を 使 っ て い る エ ネ ル ギ ー を エ ネ ル ギ ー の 熱 に 集 中 太 陽 の 電 気 を 作 る こ と で す 
そ し て 提 供 す る た め に ア イ デ ア を csp, の 可 能 性 に と っ て い ま し た い と 思 い ま す こ れ を 何 万 倍 の エ ネ ル ギ ー も 太 陽 か ら 毎 年 後 に エ ネ ル ギ ー を 使 っ て 形 す べ て に つ い て 何 万 倍 で す 
だ か ら エ ネ ル ギ ー 問 題 は あ り ま せ ん 私 た ち の 困 難 に 挑 戦 す る の で す こ れ は 自 分 た ち の テ ク ノ ロ ジ ー の 才 能 に な り ま す 
そ し て る み た い な と 言 っ て い る の は ま ず 第 一 に 、 テ ク ノ ロ ジ ー の 活 動 す る こ と が で き ま す 「 合 砂 漠 
csp 水 供 給 が 必 要 な の で す 最 終 的 で は あ り ま せ ん こ れ が 正 し て 海 水 望 遠 鏡 の 作 家 
多 く の エ ネ ル ギ ー の 熱 csp 排 度 
全 て を 活 用 す る こ と が で き る エ ネ ル ギ ー の 温 度 を よ り 多 く の 海 水 し 飛 行 機 や 高 利 益 よ り 回 復 す る 
最 後 の 物 の ボ ー ル に gương, 板 を 育 て る こ と が で き ま す べ て の 植 物 を 垂 直 接 的 な 太 陽 光 の 下 さ れ て い ま す 
シ ス テ ム の よ う な も の で こ の ア イ デ ア を 作 り 出 し ま す 私 た ち は 長 い 壁 者 の 風 向 望 遠 鏡 の 
私 た ち に 集 中 太 陽 エ ネ ル ギ ー の 工 場 の 真 ん 中 道 で す 
皆 さ ん の こ と が で き る と い う 疑 問 に 何 を す る の か 認 塩 エ ネ ル ギ ー の よ う な も の で す 
そ し て ナ ー と 資 源 が 正 し い 時 に 使 わ れ ま せ ん で し ょ う か と 考 え ま せ ん で し ょ う か ？ 俺 を 捨 て る こ と で し ょ う đi?”, 俺 の シ ス テ ム に 加 え て み た い 何 trị?” 価 値 の 創 出 す る た め に 
そ し て 異 な る の で し ょ う 惑 星 が 様 々 な 段 階 が あ り ま す 
を 成 し て 行 い ま す 海 水 が 初 め 炭 酸 カ ル シ ウ ム で す 
勘 違 い ま す こ ち 飛 行 を コ ン ピ ュ ー タ の よ う に ― 左 明 さ れ て 徐 々 に 炭 酸 カ ル シ ウ ム に 収 し ま し た 
そ こ で 私 た ち が し ま す る こ と が で き る よ う に 使 わ れ ま す 建 築 材 料 が 軽 く 
そ し て cac-bon に つ い て 考 え れ ば そ の 中 に あ る こ と が で き ま す 空 気 を 減 ら す 海 に 閉 じ そ し て 建 築 製 品 を 作 っ た の で す 
次 は clorua. natri 
皆 さ ん に さ れ て い る こ と が で き る よ う な 建 物 を し ま し た こ れ は 兼 ホ テ ル の ボ リ ビ ア で す 
そ し て す べ て の 種 類 の 化 合 物 の そ し て 私 た ち が phốt xuất, を 抽 出 す る こ と が で き る よ う な 装 bón を す る 必 要 が あ る 土 地 に 砂 漠 
そ れ で き る よ う に で き て い る 問 題 に つ い て の 全 海 水 の 中 に あ る こ と で す 
そ こ で 、 我 々 は 出 を 抽 出 る こ と が で き る 要 素 liti 電 池 の よ う な 価 値 が あ る の を 使 っ て 効 率 の 電 池 に 高 い 
そ し て あ る の で す ア ラ ブ の 湾 岸 地 域 で あ る 場 所 で は あ り ま せ ん 海 水 の 殻 を 高 め る こ と が 出 て 塩 水 の 流 れ か ら 塩 菌 の 工 場 で は こ れ は 生 態 系 を 崩 壊 の 近 づ く 
私 た ち が で き る よ う に す べ て の 水 を 使 っ て い ま す 塩 
私 た ち が 蒸 気 で き る の で す が 増 加 す る た め に 利 益 を 回 復 す る 問 題 に 変 え 塩 緊 急 事 態 の 排 出 物 は 大 き な チ ャ ン ス と な り ま し た 
実 際 に サ 森 の プ ロ ジ ェ ク ト は 私 た ち に モ デ ル を 作 る 方 法 は あ り ま せ ん 食 cacbon, 然 再 生 可 能 エ ネ ル ギ ー に 出 会 い 場 所 の 問 題 に つ い て 地 球 で 最 も 重 要 な の で し た こ の よ う な も の で す 地 、 砂 漠 化 さ れ て い ま す 
だ か ら 戻 っ て 大 き な 課 題 に 取 り 上 げ ま し た 私 が 増 え ま し た ラ ー 効 率 の 資 源 の 円 の 経 済 太 陽 エ ネ ル ギ ー 
で は あ り ま せ ん が 金 魚 鉢 を 叩 き 非 常 に 重 要 な の で す 
私 は 信 じ て い ま す と い う 方 法 を 研 究 す る た め に 自 然 の 問 題 を 解 決 す る の で す 多 く の 解 決 策 を 
し か し こ の 考 え 方 の 上 を 本 当 に 言 い ポ ジ テ ィ ブ な 持 続 可 能 な デ ザ イ ン に つ い て 
多 く の で す 環 境 に つ い て 話 し 言 語 を 使 っ て い く の 否 定 的 な 
し か し こ れ に つ い て こ れ は 皆 豊 か な そ し て 最 適 化 
こ れ は と て も 重 要 な 点 が あ り ま す 
antoine saint-exupery ・ “nếu 言 い ま し た チ ー ム を 作 り た い な い の で す 電 車 で 仕 事 に つ い て 話 し ま し た そ し て 座 っ て そ れ に 
グ ル ー プ イ が 必 要 な の か 心 の あ る よ う な 人 生 に 火 に 探 索 xa.” を 
そ れ は 私 た ち の よ う に す る 必 要 が あ り そ こ で ポ ジ テ ィ ブ に つ い て 考 え る で し ょ う ？ に な っ て い ま し た 新 し い 時 間 に 以 前 か ら 最 も 興 味 深 い も の で す 
と う ご ざ い ま す 
「 愚 か す る こ と で す が 
h i v を 広 め 題 tràn&amp;quot; そ こ で 英 国 の 新 聞 で す 
保 護 が 時 も あ り ま せ ん 。 
私 は 手 --giơ 好 奇 心 が 同 意 し て い る で し ょ う か ？ 言 か 二 dũng 心 な の で す こ れ か ら 言 医 師 が 疫 学 活 動 し ま し た こ の 分 野 の 1 5 年 ４ つ の ア フ リ カ 大 陸 で 働 い て い ま す こ れ は 彼 女 を 見 て く だ さ い 
そ し て 今 か ら 始 め ま し た こ の 反 対 意 見 が 半 分 が 正 し い と い う こ と で す 
人 々 は h i v に 罹 っ て い ま す か ら で す 彼 が 当 時 や っ て こ う い う こ と 
し か し 大 馬 鹿 げ た だ や っ て い る の か を 理 解 す る 理 由 は 完 璧 で す （ 拍 手 ） 
古 代 食 trí&amp;quot; 翌 日 目 に は コ ミ ュ ニ テ ィ の 医 療 の な の で す 
そ し て 公 眼 鏡 を コ ミ ュ ニ テ ィ の 医 療 と 見 な け れ ば 人 々 を 提 供 す る 必 要 が あ り 情 報 を 得 る こ と を し な け れ ば 彼 ら を 提 供 す る サ ー ビ ス を 提 供 し な け れ ば 、 サ ー ビ ス の し か っ て い る 人 は 報 奨 の trí&amp;quot; 翌 日 目 を 決 め る 長 期 的 な 人 生 が 健 康 そ し て 
こ れ は 素 晴 ら し い の か を 問 題 に 私 の 仕 事 で し ょ う 私 は h i v は h i v は 知 っ て い ま す 貧 困 に 苦 し ん で 不 全 世 界 に 参 加 す れ ば ted&amp;apos;07, -fê; コ ー ヒ ー の 価 値 に つ い て い ま す h i v は 実 際 に 薬 を 話 し て 大 好 き 
そ し て 存 在 し な け れ ば ２ つ が 人 を 少 し 不 合 理 状 態 で す こ れ は ダ cười&amp;#93; &amp;#91;tiếng 麻 薬 中 毒 で す 
そ こ で 私 た ち を 始 め ま し た も の と 同 じ 理 中 の 人 に な り ま す 
こ の 時 を 覚 え て い ま し た 友 人 と 話 frankie. 私 の イ ン ド ネ シ ア 
私 た ち が 昼 食 に 彼 は そ の 時 間 を バ 刑 務 所 で 彼 ら chích. 予 防 接 種 の 誕 生 日 で す こ れ は 誰 か が あ り ま し た 少 tuồn hê-rô-in giam, 場 に 親 切 に し ま し た 彼 は 共 有 で き ま す 友 人 と し て い ま す 
全 て の 人 間 は す べ て を ア レ ン の 誕 生 日 だ っ て い ま し た ラ を 下 し た 人 々 の 予 防 接 種 し 始 め ま し た 
彼 と 予 防 接 種 の 最 初 の 金 属 拭 き 取 っ た そ し て タ に 次 の 予 防 接 種 し た 
そ し て &amp;quot;tớ 「 世 界 で は あ り ま し た 2 2 つ の 友 人 に 見 え る こ と が で き る 金 属 tớ, 降 ろ し て い る 血 管 の 割 合 い ま し た 
xuẩn, な ど で す 
そ の 中 の 小 さ な 角 度 と 友 人 を 始 め ま し た 
こ れ は ghiếc ば で す 
危 険 な の で し ょ う 
本 当 に そ し て く だ さ い &amp;apos;làm 危 険 と 少 し 時 に 残 っ た の 友 人 に 薬 で す 
で は あ り 少 し ま し ょ う 
そ し て こ の 物 語 を 話 し ま し た 
世 界 中 の 薬 に と っ て 「 刺 激 ngốc.&amp;quot; か ら で す 
そ し て る こ と が あ り ま せ ん で し た 彼 は 責 任 芸 を 正 確 に し か し 実 際 に は 世 界 中 の heroin, 中 毒 に な ら そ し て 
そ の 選 択 肢 は 受 け 入 れ で は あ り ま せ ん そ の 汚 れ た 金 属 の 植 物 や 胸 状 態 で す 
そ し て こ の 場 所 が ア メ リ カ ス し た い と い う こ と で す そ れ か ら な い の で す 
し か し 私 は 科 学 者 で す 
そ し て デ ー タ を 気 に 入 り ま せ ん か ら で す 。 物 語 に 見 て み ま し ょ う デ ー タ が あ り ま す 
私 た ち に つ い て 話 し ま し た ３ ６ ア イ ン ド ネ シ ア の 街 に 「 私 た ち は 知 っ て ど の よ う に h i v に 罹 っ て い ま す か ？ 」 「 え え tiêm.&amp;quot; 金 属 の 水 を 共 有 す る と い う 1 0 0 % 近 く ま で 注 射 共 用 を 
「 そ し て 知 っ て い る こ と が で き る 場 所 に 入 金 属 に 値 す る た め に 払 う こ と が で き ま す か ？ 」 「 そ れ を 回 避 biết&amp;quot;. し ま し た 「 私 は 1 0 0 ％ nặng; ア の 場 所 が わ か っ て い ま す 「 sạch.&amp;quot; 金 を 持 っ て い る の に 金 の か ？ 」 と 
私 た ち は 人 々 が イ ン タ ビ ュ ー 場 所 で 彼 ら が chích. 予 防 接 種 を 集 め ま し た 「 ク 金 を 持 っ て ？ 」 
最 大 4 で す 
そ こ で は あ り ま せ ん が 驚 く べ き 予 防 接 種 の 金 を 使 っ て 予 防 接 種 を 除 け chích 週 間 前 の １ ～ 9 残 り の 部 分 に 共 通 し て い る こ と で す 
こ の こ と が で き る の で す こ の 大 き な く な り ま す 
全 て の 人 を 知 っ て い ま す 
tiêm, 金 属 の 水 を 共 有 し て 彼 ら は h i v 感 染 し て 彼 ら は 普 通 の よ う な 共 用 を 
こ れ は 世 界 に は 何 で し ょ う が よ り も ア メ リ カ ン や 水 を 共 有 で あ れ ば そ れ は 何 で し ょ う ？ 
質 問 を し ま し た が そ の 一 部 と な る わ け で は な い も の で す 「 答 え ま し た 
た く な い よ り 共 通 の 注 射 器 用 を 共 有 で き な 人 で 眠 り ま す 
そ こ に 問 題 が あ り ま す 
「 共 通 点 を 使 っ て い ま す か ら 注 tù.&amp;quot; に た く あ り ま せ ん こ れ は 現 在 の イ ン ド ネ シ ア 金 持 ち 歩 い て い れ ば さ れ た 予 防 接 種 tóm, 警 察 に 埋 め ら れ る で し ょ う か ら 
そ し て 少 し 方 程 式 を 変 え ま す い い ？ 
な ぜ な ら 皆 さ ん の 選 択 肢 は あ り ま せ ん が 金 を 使 っ て い ま し た 今 は 私 自 身 の 予 防 接 種 を 使 い ま し た か も し れ な い と い う 共 通 し て 病 予 防 接 種 の 金 属 す る こ と が で き ま し た が 死 ん で し ょ う 1 0 年 後 で 金 を 使 う こ と が で き ま し た 今 で は 自 分 の 予 防 接 種 の 刑 務 所 が あ り ま す 明 日 の 考 え る の で 
そ れ が 悪 い 意 見 で は h i v に 直 面 す る と 考 え て い る こ と が よ り も 恐 ろ し い の は 年 に 刑 務 所 に 座 っ た の で す 
彼 ら の こ と が で き る よ う な 状 況 に 直 面 す る 世 界 の h i v に な り ま す か ら 突 然 論 理 的 な 注 射 の 水 を 共 有 し て い る の で す 
今 見 て い る こ と に 者 の 観 点 か ら フ ラ は こ れ は 本 当 に 簡 単 な 問 題 で す （ 笑 ） 
突 然 、 大 学 の 一 列 の 動 作 し ま す 
私 た ち に な っ て い る こ と が あ り ま す コ ミ ュ ニ テ ィ の 医 療 
あ な た 注 射 針 を 使 っ て い る 人 々 は 、 そ れ ば 麻 薬 中 毒 者 は 海 は 予 防 接 種 の 金 を 使 い た い と 
こ れ ら の 問 題 を 解 決 す る こ と が で き る こ と を 簡 単 に 金 属 で 予 防 接 種 を 全 て の 人 が 削 除 し 始 め る こ と を 恐 れ 失 っ て い ま す 
最 初 の 人 間 で し ょ う こ と に 気 づ き ま し た こ と を し て 何 か 国 レ ベ ル で す が 開 大 で 有 名 で す 
thatcher ー し ま し た そ し て 彼 女 の プ ロ グ ラ ム コ 注 射 針 を 変 え る 最 初 の 国 が 世 界 の 他 の 国 オ ラ ン ダ オ ー ス ト ラ リ ア の 克 服 し ま し た そ の 他 の 全 て の そ し て 見 る こ と が で き る の で す こ の 国 で は あ り ま せ ん 人 口 の 4 ％ が h i v け な い 場 所 で 予 防 接 種 の 道 具 で は あ り ま せ ん 今 働 い て ニ ュ ー ヨ ー ク の よ う な 例 で す 
mát-xcơ-va, jakarta, 最 高 峰 の 道 具 で 感 染 予 防 接 種 の 翻 訳 者 も こ の 人 が 亡 く な り ま す 
thatcher ー か ら こ の 仕 事 は あ り ま せ ん が 彼 女 は 愛 す る こ と に な れ ば 麻 薬 中 毒 者 
彼 女 か ら で す こ の 国 が 持 つ こ と で す 医 療 サ ー ビ ス は 国 民 国 
だ か ら せ れ ば 投 資 の 部 屋 に い る 方 法 は 効 果 が 直 面 す る こ と に な る で し ょ う 彼 女 の 費 用 後 治 療 の 明 ら か に し て そ の 費 用 よ り も 高 い 
そ し て い ま し た 決 断 を し た 政 治 論 理 に 合 わ せ て 
も し 私 が 公 眼 鏡 を 医 療 の コ ミ ュ ニ テ ィ を 見 る こ と が で き ま す こ の デ ー タ の よ う に 脳 が あ り ま せ ん で い る と わ か り で す 
し か し こ の 国 政 府 の 場 所 は 明 ら か を 強 制 さ れ た 感 じ ま せ ん が 医 療 を 人 々 に 健 康 の 選 択 肢 は 私 た ち は 全 く 違 っ た 道 の り で す 
の 全 て の 私 た ち は ア メ リ カ で 働 い て い ま し た デ ー タ を 見 る と デ ー タ を 見 て 終 わ り ま せ ん 
で す こ れ ら の 数 百 の 研 究 者 か ら 寺 院 の 重 要 な 科 学 は こ の ア メ リ カ の 研 究 に よ る 多 く の プ ロ グ ラ ム の 効 果 が 予 防 接 種 の 金 属 
さ あ る と い う こ と の 予 防 接 種 の 金 属 プ ロ グ ラ ム を 効 果 が あ り ま せ ん こ れ は こ の ス ラ イ ド と い う こ と を し ま し た 私 の こ と に な る で し ょ う そ し て い ま し た 実 は 右 は あ り ま せ ん ね ス ラ イ ド が あ り ま せ ん 

beatjazz 
beatjazz looping live は 即 興 ジ ャ ズ で し た 
デ ザ イ ン に 音 体 に 動 き ま し た 
そ れ ぞ れ の デ ザ イ ン に 加 速 し ま す 手 の 位 置 を 感 じ て い ま す 手 
ラ イ ト の 色 の 表 現 す る 音 を 持 っ て い ま し た 
例 え ば 何 も う 赤 い 
青 い う ベ ー ス 
緑 和 音 う 
オ く 音 楽 と う 
英 語 tía う ー 
車 の 背 景 と 他 の 2 番 ボ ghi-ta 説 個 多 く の ゼ ラ チ ン が 熱 を 貼 っ て い ま し た 
表 面 は 賢 い 携 帯 の シ ス テ ム の 表 情 
な ぜ な 原 子 化 に 音 楽 文 化 で す 
で も 全 体 に 過 去 か ら は 未 来 そ し て 現 在 で き れ ば 抽 象 的 な 研 究 し 直 接 化 
そ し て “ beatjazz&amp;quot; 演 奏 d.j 人 気 に な り ま し た 
し か し 未 来 を 構 築 で 待 つ こ と で す 

想 像 し て く だ さ い そ の 上 に 立 つ と し て い ま す ど ん な ど の よ う な 道 路 ア メ リ カ や 日 本 人 近 く に 家 列 近 し 何 と い う 名 前 で 
そ し て い ま せ ん 「 答 え ま す こ れ は 実 際 oak, 線 道 路 で す こ れ は こ の 線 は elm. 26, 27”. で 
彼 は 言 い ま し た ね そ の 家 列 し 何 と 呼 ん で い ま す 
皆 さ ん “dãy 答 え は ス タ ン は あ り ま せ ん 
道 路 は tên; 行 為 だ け で は な い と い う の で は あ り ま せ ん đường.” の 真 ん 中 に あ り ま す 
彼 は 少 な く 困 惑 し て 失 望 さ せ ま し た 
そ し て み ま し ょ う 今 し て い る の で す ど ん な 道 の り で す 日 か 隣 人 に 向 か っ て し ま す 近 道 路 の 名 前 は 何 と い う こ と で す 
彼 ら は “đó 答 え は 1 7 の 数 学 者 は こ の 家 で す — “ 1 6 
そ し て あ な た は 「 “vâng, し か し こ の 道 の 名 前 は 何 で す 
そ し て 彼 ら は 道 路 ね 答 え は ス タ ン は あ り ま せ ん 
新 し い 家 行 為 で す 
g o o g l e の 地 図 を 見 て く だ さ い こ の 家 は 14,15,16,17,18,19. 
全 て の 家 の ス タ ン が あ り ま す 
で は 道 路 の 名 前 は あ り ま せ ん 家 の 中 に あ り ま す 
そ し て で し ょ う か 尋 ね ぇ は ど う bạn?” 者 た ち が 知 っ て い ま す 
彼 は 答 え ま す こ れ は 8 地 区 “dễ も 
な ぜ 家 列 một.” の 家 の 7 人 
あ な た は 「 “vâng. 地 歩 し て 隣 接 し て い ま す こ れ は と て も よ く あ り ま せ ん か ん tự.&amp;quot; も 
彼 は 「 自 分 で は 何 者 な の で す か ら さ れ て い ま す 建 築 さ れ て い ま す 
最 初 の 家 を 建 て た こ の 列 に 家 で す 
第 二 の 建 築 は ２ つ の 家 と 呼 ん で い ま す 
建 築 家 と 呼 ば れ る に は ３ つ 目 の 話 で す こ れ は 驚 く ほ ど 簡 単 に ３ 「 明 ら か で す 
だ か ら 私 の 好 き に す る の に 必 要 が あ り ま す が こ の 世 界 の 半 分 を 決 定 を 認 識 す る こ と が わ か り ま せ ん 私 た ち は 私 た ち が あ る と い う こ と に 気 づ き の 反 対 し て い る こ と も で き ま す 
例 え ば 中 国 の 医 者 は 彼 ら の 仕 事 を 信 じ て い ま す こ と を 健 康 的 で す 
そ こ で か 月 の 健 康 に お 金 を 払 い で し ょ う 彼 ら は 病 気 が 必 要 は あ り ま せ ん に お 金 を 払 わ な い か ら で す 彼 ら に 責 任 と い う こ と で す 裕 福 で 健 康 で 、 病 痛 み が あ り ま せ ん 

