だ か ら 私 は 研 究 者 cứu-người 話 を す る と い う こ と に つ い て 話 し て 今 日 私 た ち に つ い て 話 を 拡 大 し て 感 じ る か ら 、 そ う し た 皆 さ ん に 話 を し て そ れ に つ い て の 塊 で す 私 の 研 究 の 基 本 的 に 拡 大 し ま し た 自 分 自 身 の 感 情 を 本 当 に 変 わ り ま し た 生 活 を し ま し た こ と も 母 親 の 仕 事 を し て い ま す 
そ れ で は 私 の 物 語 が 始 ま り ま す 
私 が 研 究 者 は 若 年 に 生 研 究 が あ り ま し た 最 初 に 導 い て 教 授 の 研 究 し て い ま し た 人 が 整 い ま し た 
こ れ は 重 要 な こ と を 計 測 で き な け れ ば な い の か と い う こ と で す そ れ 故 に あ り ま せ ん 
そ し て 私 は 考 え て い ま し た 彼 は た だ ブ が 私 に 冗 談 言 っ て い ま す 
私 は 「 ま だ そ こ で 彼 は 全 く &amp;quot;hoàn 答 え が 
で も 知 り ま し た 大 学 を 卒 業 し ま し た 線 に 社 会 学 で thạc 家 が 社 会 学 っ て い ま し た を 準 備 す る た め に 社 会 学 者 で す か ら の 道 全 学 の 問 題 に 取 り 囲 ま れ て し ま し た な 人 だ と 信 じ ず ぶ 濡 現 実 を 受 け 入 れ て く だ さ い の で す 
私 は 生 活 に は 混 乱 gột 洗 い そ し て み ま す 箱 の 中 に 入 手 cơm 
で は 、 私 が す る た め の 道 を 見 つ け ま し た 自 分 の 職 場 を 見 つ け ら れ る た め の 大 き な 観 点 か ら の 社 会 的 に は lỏi レ ン の 問 題 を 解 決 す る の で す 
そ し て 私 の よ う に な っ た の は 難 し い の は そ れ を 見 る と そ し て く れ ま す a は そ こ で 私 の 方 程 式 
そ れ で 私 は 興 味 深 い の に つ い て し ま し た こ と で す 
そ し て 私 は 思 い ま し た の で す こ れ は 私 の 職 業 か ら で す が 好 き な の は こ の 問 題 で す 
し か し ま し た い と 思 い ま せ ん で 問 題 を 解 決 し ま す 
そ れ を 理 解 し ま し た 
た い と 思 い ま し た こ と に 
こ れ は 重 要 で す よ う と し ま す そ れ を 人 に 見 え る 
そ し て 始 め ま し た 私 が あ る の で す こ れ は 人 々 が 繋 が り に 
な ぜ な ら と い う こ と で す が 社 会 学 者 は 1 0 年 前 の こ と は 理 由 で す で す な ぜ 私 た ち は こ こ に い ま す 
た と い う こ と で す 目 標 を 意 味 は 我 々 の 人 生 に こ れ ら は す べ て に つ い て 何 も の で す 
あ り ま せ ん が 自 分 の 人 に 言 っ て い る 社 会 で 健 康 や 精 神 ぬ 彼 ら を 見 て い ま す る と い う こ と が 可 能 性 と 国 際 情 勢 繋 が り を 感 じ で す 正 し い 神 経 に つ い て は 私 た ち は お 互 い に つ な が れ て そ れ は 私 た ち の 理 由 で す 
だ か ら 始 め ま し ょ う と 思 い ま し た 人 々 が 繋 が り に 
計 算 を 知 っ て い よ う と 評 価 す る か ら 彼 女 は 自 分 の 彼 女 は 3 7 も の だ と い う こ と で し ょ う か ？ 良 い 機 会 に 

あ り が と う 
そ し て 壁 を 探 し ま し た こ れ は ど こ へ で も 始 め ま し た こ の 写 真 を 見 つ け 方 を 変 え ま し た 「 こ の 写 真 を 送 っ て 少 し は email.&amp;quot; を 通 し て 
私 た ち の 時 代 を 探 し て い る 場 所 で し ょ う 和 計 算 を 現 実 世 界 に 
そ し て こ の 表 面 が あ り ま せ ん で し ょ う こ と が で き ま す 自 分 の 手 を 使 っ て も 
電 話 を し て い ま し た が っ て い る の で す 
カ メ ラ を 理 解 す る だ け で な く 動 こ の 興 味 を 理 解 で き る の で す 物 が 手 に し て い る の で す 
そ し て 私 た ち で す 例 え ば こ の 場 合 本 の 表 紙 に 結 nghìn, 何 百 万 も の 本 は 私 た ち は ネ ッ ト を 確 認 し て い る の で す が ど の 本 で す 
そ れ が で き る の で す 情 報 を 見 つ け る と い う 本 を 批 判 す る こ と が で き る 新 聞 が あ り ま し た ニ ュ ー ヨ ー ク が あ り ま し た 本 の 要 約 を 聴 く こ と が で き る で 現 実 の 本 で 素 晴 ら し い 批 判 し 
こ れ は 週 間 前 に 乗 る の は オ バ マ 大 統 領 の m 

こ れ は 関 係 し て い る の で す hiểm họa khỏe を よ く 見 ら れ ま し た で は あ り ま せ ん で い た だ nhẹ-- 殺 害 し ま す 私 た ち の 聴 力 ràng に な る の で す が 、 そ れ を 活 性 化 す る と 反 射 の 攻 撃 シ や 
tiếng 反 射 す る で し ょ う 彼 を 攻 撃 の 部 屋 や 何 が 起 こ っ て い ま す 
そ し て そ の こ と で す tháng, 年 で し た 心 臓 hiểm họa, hiểm họa 啓 蒙 さ れ 
tổ が 世 界 の 医 療 集 し て 今 年 の 大 き く な り 
こ れ で 集 ヨ ー ロ ッ パ で す 
そ れ を 夢 で し た 彼 ら は エ ネ ル ギ ー と 億 年 1,6 khỏe で 配 っ て い た ず ら ヨ ー ロ ッ パ で 年 nhiễm tiếng ồn. ま す 
そ こ で 彼 ら は そ れ を 本 当 に hại. 
的 で す ね 
も の 脳 の ひ と つ に し て い る の で す 
そ し て い る の で す 考 え る thức. yếu 
ゲ ー リ ー ダ ー だ っ て い る の か も こ れ ま し た 
彼 ら が 憲 法 を 書 い て い ま し た 彼 ら は 体 内 に 出 た sỏi 会 を 彼 ら は 今 ま で を 醸 し 
も し れ な り ま せ ん 。 kỹ thuật khử tiếng ồn, 排 水 は 存 在 で き ま せ ん で い る の で す か ら で す 人 tại. nước, が 大 好 き で は あ り ま し た い に よ っ て い る の で す 
私 は ル bịt 耳 を 聴 く 耳 に し て し ま し た thiện 言 で は あ り ま し た そ し て い た đợi. で は あ り ま せ ん 
そ し て ２ つ の 問 題 が な か っ た 問 題 は 残 っ て い る の で す 。 そ れ は 私 の 喜 び tedmed 題 で す よ う に khỏe を の っ て い ま し ょ う ま く 載 せ た の で す こ れ は 結 カ か ら 私 た ち が 楽 し み が 存 在 し て こ い 中 
そ の 一 例 で は 人 を biết: 
実 際 phẩm. 
社 、 イ ン タ ー に 食 べ 物 と し て giỏi 枚 の ど 私 た ち は 
を 見 つ け る こ と が で き る こ と を 何 枚 cùng. な ど 
し か し 私 が 考 え を kỹ thuật い の か を し て い ま す が 私 に 食 べ て に 意 か ら 
ví dụ, で す 
私 た ち を 食 べ る こ と が 大 好 き に 地 図 が giòn, が 食 べ る 
そ う し て し ま し た こ と に hợp 生 、 私 の 仕 事 を 食 べ nấu tôi-- に ま で に ア メ リ カ ス ダ 傾 向 は 
そ の よ う に す る こ と が で き る phỉnh 騙 さ れ 私 は 自 分 だ と doritos を 食 べ て い る の で す 

た く さ ん あ り が と う huýt 手 で す 
そ う と し て い ま し た 手 血 英 語 で す 
人 の 男 性 の 髪 の 毛 か ら trịa, xoăn オ ラ ン ダ で は な ぜ こ れ が 彼 は huýt sáo? し て い ま す 
実 際 吹 い て い ま し た か ら 1 4 歳 、 4 歳 で す 
も し ま し た 父 も 世 界 中 の 風 力 」 の ツ ngỡ 私 は こ の 家 族 の コ ミ ュ ニ ケ ー 
そ こ で 私 は 彼 と 一 緒 に 吹 い て 
で も そ し て 3 4 歳 の 時 に と っ て し ま し た quấy rầy 人 と い う sáo huýt の 
な ぜ な ら ば 実 の 吹 い て い る こ と が で き る な ど は 私 の 悪 い 
私 は 自 分 」 吹 い て い ま し た 教 室 で の 風 が 吹 い て い ま し た し て い る と 自 転 車 の 乗 至 る 所 に 吹 い て い ま し た 
そ し て 吹 い て い ま し た こ れ も ク リ ス マ ス パ ー テ ィ の 家 族 と 私 の 情 報 を 
彼 ら と 思 い ま し た が 音 楽 の ク リ ス マ ス な の で す 
そ し て 私 が 私 が 好 き で は あ り ま せ ん 音 楽 を 聴 く よ う と し ま し た た め に も っ と 優 れ た の で す 
「 週 間 を 生 み 出 rudolph&amp;quot; 赤 い 鼻 歌 か ら で す ね ？ 

私 た ち が ほ と ん ど が 毒 素 に 精 神 や 肉 体 的 な 社 会 の 毒 素 で す 
し か し 思 慮 深 い の で す 。 慈 悲 を 動 し ま す が 私 た ち の 免 疫 す る こ と で す 
さ ら な け れ ば 慈 悲 と い う の が 私 達 に 質 問 が あ り ま す 
な ぜ 私 た ち は 子 供 の 教 育 に つ い て ẩn? 思 い ま す 

私 は 母 に は 彼 ら は 神 ai-len し か し 彼 女 は 敬 虔 な に も い ま せ ん で 1 1 歳 の 時 に は あ り ま せ ん 式 は 日 曜 日 が 照 っ て ３ つ の 鳥 が 
私 が こ れ を 聞 く に つ い て 話 し ダ ー シ ャ ル ル 
彼 は と 思 い ま し た 偉 大 な ヒ ー ロ ー で す 
そ し て い ま す 全 て の 生 命 は 地 球 上 で フ は 進 化 の 過 程 を 経 験 し た 
私 は シ カ ゴ 大 学 の 学 生 物 学 業 界 
私 の 目 標 は 、 私 が 十 分 に 可 能 性 を 取 る こ と が で き る で し ょ う 医 学 創 設 者 エ ズ ラ ・ 行 業 界 で す 
そ し て シ カ ゴ の 新 聞 配 が 世 界 に つ い て 本 を 生 き で は 何 か ？ 」 と 物 理 学 者 の 偉 大 な schrodinger. 
も ち ろ ん で も あ り ま す こ れ は 問 題 に つ い た い と 思 い ま す 
ご 存 じ の よ う に ダ ー ウ ィ ン 生 命 を 説 明 し ま し た 後 だ し か し 生 命 の 本 質 は 何 で し ょ う ？ 
schrodinger に 本 に つ い て い る の で す こ の 情 報 が あ る 染 色 体 の 私 た ち の 情 報 を 保 存 す る 必 要 な 分 子 で す そ れ 以 前 私 だ っ た の は 分 子 に 
皆 さ ん ご 存 知 の 染 色 体 を 実 際 に す る こ と は 分 子 は ど う や っ て 情 報 を す る こ と が で き な さ れ た こ と か 
そ し て い る の で す 大 き な 問 題 に 情 報 を コ ピ ー で す こ れ は ど う や っ て い る こ と で す こ の 本 を そ し て い ま す そ れ に な り ま す と 思 い ま し た 遺 伝 học... 理 解 し た い と 思 い ま す そ れ を 通 し て 遺 伝 子 を 理 解 し て 生 き て 
イ ス ラ ム が 象 で し た 神 の ヒ ー ロ ー で 推 進 す る た め に 
選 手 は あ り ま せ ん chày, pauling. ラ ボ ー ル で す 
だ か ら 出 願 し ま し た 学 校 に 指 摘 し 、 彼 ら は 私 の 

こ れ が 私 の サ ン ド イ ッ チ ー 

次 は 心 配 し ま せ ん で し た と い う こ と で す 
そ れ か ら mary robinson 言 っ て い る の で し た 時 間 の ア イ デ ア に ９ muồi. nên.&amp;quot; を 作 り 出 さ れ て い ま す 
anna コ と 言 っ て い る で し ょ う 「 あ の 軍 隊 だ 
組 織 、 ア フ リ カ の 統 一 時 か ら 公 salim, samlim リ ー ダ ー と 言 い ま し た 「 私 は ア フ リ カ の 国 々 に 慈 善 活 動 を し て 
oscar arias, ま さ れ た 人 に ノ ー ベ ル 賞 彰 平 和 で 大 統 領 rica, 「 thể&amp;quot; が や っ て い る と い う こ と で す 
そ し て 私 は amr moussa に 会 い ま す ア ラ ブ 首 長 国 連 邦 út. 
マ ン デ ラ 氏 に 出 会 い ま し た ま た 平 和 の 話 ア 
い や 私 が 考 え て い る の か ど う や っ て 証 明 す る た め に こ の ア イ デ ア で は 実 際 に は 意 味 が あ り ま す 
そ し て そ こ で 私 た ち は 人 間 の 話 を 聞 く こ と を 記 録 さ れ ま し た 世 界 中 の 
行 き ま し た 水 の 中 で 7 6 1 2 年 前 
そ し て 言 い ま し た 女 性 や 女 の 子 の 話 し ま し た 
記 録 し ま し た 人 と し ま し た 44.000 で 
記 録 し ま し た 9 0 0 時 間 の 間 に つ い て 考 え た の で す 
私 は 本 当 に 理 解 し 若 い 人 は ど う 考 え に つ い て 彼 ら と す る と こ の ア イ デ ア の 時 点 に つ い て 行 動 を 始 め ま し た 、 世 界 平 和 ン よ り 芸 術 と 文 学 を 通 し て 彼 ら の 音 楽 の ス ポ ー ツ は 全 て の 可 能 で あ る の で す 
そ し て 私 た ち は 人 間 の 話 を 聞 い て い ま し た 
こ れ は 信 じ 難 し い 仕 事 に 国 連 の 政 府 組 織 と し て こ の 問 題 に な る 
私 は 感 じ ま し た し て い る 問 題 を 代 世 界 の コ ミ ュ ニ テ ィ し よ う と し て こ の 日 を 作 り 出 し ま す 
そ し て よ り 強 く た め で す 特 に よ り 良 い 機 会 が あ り ま す こ の 日 を 作 り 上 げ 
và,rồi こ れ は そ こ で は 始 め ま し た い と 思 い 始 め ま し た ど ん な に 何 が 起 こ そ う い う こ と を 考 え が あ り ま せ ん か 
で は あ り ま せ ん で す が 考 え な け れ ば 平 和 の 日 を 作 っ て い ま す 
現 実 は こ れ が そ れ よ う と し て い ま せ ん で し た が そ れ か ら 起 こ る こ と が で き る と 言 わ な い こ の 世 界 に い る と い う の を 見 ま し た こ の 子 供 が 、 
彼 女 は 小 さ な も の に 感 染 さ れ た 義 足 じ そ し て 抗 が あ り ま せ ん は 息 子 の 兵 士 は 子 ど も た ち に は 子 供 た ち は 私 を 殺 し た 人 間 の 1 2 歳 の 子 供 た ち で す こ の こ と に 気 づ き ま し た そ の 映 画 で は あ り ま せ ん が 立 ち 止 ま る こ と が で き ま し た 
そ し て 現 実 の と て も 奇 妙 な こ と が あ る こ と が 起 こ っ て い ま し た が 最 も 力 を 「 映 画 制 作 と い う も の で す 
も し そ れ が 唯 一 の 映 画 で し た の で す 
続 け ま し た が っ て こ れ は 現 在 thực.&amp;quot; に な り ま し た 
な ぜ な ら 私 た ち を 必 要 が あ り ま す る 必 要 が あ り ま す こ と を 私 た ち が 連 し て い ま し た 政 治 宗 教 の し か し そ の 時 間 が あ り ま し た ら 少 し 困 惑 し て 子 供 た ち は 
ど う や っ て か わ か り ま せ ん に 参 加 す る プ ロ セ ス す る の で す 
そ し て 7 日 9 月 の ニ ュ ー ヨ ー ク に さ れ ま し た 
で は 政 府 や 政 府 を 議 会 に は 国 連 の ５ ４ 時 に ス ポ ン サ の ア イ デ ア に あ る 日 &amp;quot;ngừng lực&amp;quot; 撃 力 は あ り ま せ ん の よ う に し よ う と 日 史 を 2 1 日 9 月 そ し て そ れ を 受 け 入 れ ら の 手 の 世 界 

そ し て nokia っ て い ま す 
見 て い る 私 た ち が 取 り 付 け は 後 ろ に 小 さ な 小 さ な 物 を 実 現 す る と い う こ と で す そ し て い る の で す 奥 さ ん の 再 生 し ま す 
し か し 彼 ら は 光 を 使 っ て 画 面 で す 
想 像 し て い る の で す こ れ ら れ る こ と が で き る こ と が で き る か も 分 け て 設 置 さ れ 
私 た ち に す る こ と が で き る こ と が で き る 床 に 皆 さ ん の テ ー 
す で に 入 る 家 や ポ ケ ッ ト も xách, 活 動 す る で し ょ う パ ポ ケ ッ ト の 中 に あ な た の 
で は あ り ま せ ん 心 配 を し て く れ る な ん て こ れ ら の 電 で す 
そ し て み ま し ょ う こ と が あ な た を 与 え る で し ょ う 
だ か ら な い と 思 い ま し た 最 後 に こ の よ う な ビ ジ ョ ン の 新 聞 や 雑 誌 の 永 久 yorker magazine, る ニ ュ ー ス だ と 思 い ま し た の で し ょ う 理 論 に な り ま す 
そ し て 人 に 読 み 取 り ま せ ん で す 「 こ れ は こ の よ う に す る の は 技 術 dây.&amp;quot; で は あ り ま せ ん 
皆 さ ん あ り が と う ご ざ い ま す 

こ こ で は あ な た は こ れ は と い う こ と で す 
問 題 を 始 め ま し た 考 え た 時 に つ い て 議 論 の 価 値 に か し 、 な ぜ 
例 え ば sáo. に つ い て 
私 た ち が sáo. 植 物 を し て い る の で す 
誰 か の 良 い の で す か ? 
全 て の 人 が 見 て み ま し ょ う 
何 て 言 う の で し ょ う 
で も 良 い 者 か ? 
大 き く な っ て い ま す 

完 全 に 理 
し か し 第 三 の 杖 vèo 通 さ れ る こ と を す る 必 要 が あ り ま し た 、 力 を す る た め の 資 金 で も 行 っ て braille 院 の 方 法 を 学 ぶ た め に 真 剣 な 技 術 者 の 盲 人 は そ の 犬 が 動 物 向 し ま し た 私 の 人 生 を 変 え る 
そ し て る こ と が で き ま し た 大 学 に 戻 っ て 大 人 に よ っ て の 投 資 し て い ま し た が 私 に 向 犬 の よ う な も の で し た な 技 術 が あ り ま し た 1 0 年 後 に 取 り 戻 し ま し た 光 さ れ て い ま す 
で は あ り ま せ ん 変 な の で す 
参 加 し た ３ つ の 手 術 を 受 け た そ し て そ の 一 つ は ま だ 実 験 段 階 に あ り ま す 
実 際 こ れ は 小 声 で 祈 り ロ ボ ッ ト を 使 っ て い ま す 
彼 ら は 血 流 量 を 集 め た の で す 私 の 目 の 下 か ら 
大 き な 変 化 し ま し た 世 界 で は 進 歩 し ま し た 創 造 的 な も の も の で す 新 し い 携 帯 電 話 を コ ン ピ ュ ー タ ー ラ は す べ て し ま し た が こ の 前 に な り ま し た 
そ し て 人 の 目 は 記 憶 を 失 い ま し た 写 真 の 代 わ り ま す 全 て の 感 覚 を 感 じ の 周 り の 音 や 匂 い の で 
そ こ で あ る 日 私 が 自 分 の 部 屋 に 見 て い ま し た こ の 部 屋 に 座 っ て い ま し た も の だ と 思 い ま し た の で す こ れ は 怪 物 の 
そ こ で 私 は 歩 き 回 っ て い ま す 
そ し て し ま し た と し た 「 nó”. に 触 れ る だ け で す 
そ し て そ れ に 触 れ ま し た の で す が で き ま し た “ôi 上 で す こ れ は 私 の 服 を 着 た ” 
全 て と も 違 っ て い ま す が 見 え る か ら で す こ れ が 当 然 の こ と で す 
し か し 失 明 さ れ た の で す 記 憶 は 全 て の 感 情 に つ い て で す 
大 き な 変 化 し ま し た 私 に は ２ つ を 見 て 自 分 の 手 と し ま し た そ し て し ま し た 人 生 の 1 0 年 
時 間 を 考 え ま し た そ し て い る か ら で す そ の 理 由 と し て 家 族 や 友 人 
し か し を し て 気 づ き ま し た 時 間 を し ま し た そ し て し ま し た そ の 全 て に も 必 要 が あ り ま し た 急 を 続 け る こ と が で き る の で す 
私 た ち は あ り ま せ ん し ま し た 言 葉 を 見 つ け よ う に サ ー 集 団 か ら と 協 力 す る た め に 出 る 事 故 に 出 会 い ま し た 
し か し 概 念 は 正 し い 人 の 人 を 回 復 す る た め に し て 以 来 の た め に 私 は 人 を 教 え て い ま す 
私 は こ こ に 立 っ て い る で し ょ う し て い る の で は あ り ま せ ん 今 日 は お か げ な け れ ば 共 同 作 業 が 非 常 に ア 
多 く の 皆 さ ん あ り が と う 
今 日 お 話 し す る 議 論 が な ん て 狂 っ た メ デ ィ ア が 終 焉 社 会 性 の 
説 明 し ま し ょ う 
今 日 の 議 論 の 応 用 の 社 会 的 メ デ ィ ア が 好 き か 知 っ て い ま す そ し て い る こ と が 好 き 嫌 い ま す こ れ に 貢 献 し て い る 支 援 を 解 放 す る た め に 私 た ち に 基 づ い た の が 私 た ち の コ ミ ュ ニ テ ィ が 性 に つ い て だ と 思 い ま し た メ デ ィ ア は 社 会 う と し て い る の で す 私 た ち の 印 象 を giỡ 動 が ど ん な ど は と て も 奇 妙 に や っ て い る 食 品 魂 が 見 え ま す 世 界 中 の メ デ ィ ア の 広 告 し な け れ ば 世 界 を コ ン ピ ュ ー タ イ の 傾 向 は メ デ ィ ア を 作 り 出 さ れ た 写 真 を 歪 曲 し て の 人 生 に つ い て 私 た ち は 性 に つ い て 
私 は 思 い ま し た こ と は 全 て を 変 え る で し ょ う 
今 で は ほ と ん ど の 企 業 の メ デ ィ ア の 電 長 新 chơi... ゲ ー ム で 
彼 ら の 方 法 を 使 っ て 分 は オ ー 市 場 を 理 解 す る に は 観 客 は 学 校 で 料 古 い リ 
彼 ら は ブ ラ ン ド を 作 る の は 非 常 に 制 限 す る た め に 私 た ち を 形 成 す る こ と で は 馬 鹿 げ た メ デ ィ ア 企 業 に つ い て い る と 信 じ て い ま す れ ば 人 類 で き る の に そ れ ら れ て い ま す 予 測 す る こ と が で き る さ れ て い ま す ど う で し ょ う gu そ れ が あ り ま す も の が 好 き な も の で す が そ の も の で す こ れ は 人 口 の 大 部 分 の 文 化 の 実 際 に 基 づ い て の 決 定 さ れ て い ま す こ の 人 口 統 計 に つ い て 
す べ て の 料 に つ い て 
年 を 取 り か を 1 8 4 9 に 例 が あ り ま す 大 き な が る の を 作 り 情 報 の 大 国 か ら 1 9 6 0 年 に こ の 世 代 の 時 代 に 記 世 界 大 戦 後 、 子 供 た ち は ま だ 
今 で は あ り ま し た の に 大 し か し こ れ は 会 社 の 大 き な nielson, ラ の よ う な も の に な り ま せ ん 聴 衆 の ５ ４ 歳 の ビ デ オ に 
環 境 の 中 で の 情 報 を 私 た ち は あ り ま せ ん 
&amp;quot;mad 版 を 見 る と 私 の よ う な 映 画 で す ア メ リ カ の メ デ ィ ア の 好 き 
博 faye 彼 は 何 か を 研 究 と 呼 ば れ る 社 会 の 最 初 の 1 9 6 0 年 代 に し よ う と す る の を 作 り デ ー タ の 心 理 学 の 複 雑 な ユ ー ザ ー 
し か し 社 会 の 研 究 し て い ま し た が あ り ま せ ん 実 際 に 大 き な 影 響 を 及 ぼ す ビ ジ ネ ス に メ デ ィ ア 
研 究 で す 実 際 に は cưu 料 sở. 公 
中 心 に し ま し た lear ノ ー マ ン は 大 学 usc. そ し て 私 た ち は た く さ ん の 研 究 を し ま し た か ら 、 ７ 、 ８ 年 に つ い て こ こ し 料 hính そ し て い る 影 響 を 与 え ま す メ デ ィ ア の そ の こ の 国 外 国 に し て 
そ し て 3 年 か ら 最 近 の ツ ー ル し ま し た メ デ ィ ア を 見 て 何 を す る た め に 社 会 を 変 え ま し た そ し て 私 た ち を 見 つ け ま し た 興 味 深 い で す よ あ り ま す 全 て の 人 の 参 加 者 は メ デ ィ ア に 社 会 的 ネ ッ ト ワ ー ク で あ る 種 類 の 大 い に な る メ デ ィ ア 会 社 の 広 告 を 使 っ て し ま し た 彼 ら を 理 解 す る に は こ こ で も 今 は こ の た め の も 意 味 が よ り も 前 に 
な ぜ な ら テ ク ノ ロ ジ ー の オ ン ラ イ ン メ デ ィ ア で す よ り も 簡 単 に 私 た ち か ら 抜 け 出 す る た め に い く つ か の 箱 が 自 分 の 料 で 
私 た ち は 繋 が っ て い る こ と が で き る よ う に 自 由 の 自 我 々 の オ ン ラ イ ン し よ う と 私 た ち は 嘘 を つ に な に 簡 単 に ネ ッ ト ワ ー ク の 
で も 私 た ち は 繋 が っ て い る 人 と 同 じ こ と が で き ま せ ん 私 た ち に 私 た ち が 必 要 な メ デ ィ ア 会 社 を 助 け る よ う に す る こ と に し て い ま す 
だ か ら メ デ ィ ア 会 社 の 伝 統 的 な 考 え て も ち ろ ん な も の コ ミ ュ ニ ケ ー ジ の コ ミ ュ ニ テ ィ ー ネ ッ ト ワ ー ク を 知 っ て い ま す こ れ は 大 き な い 量 の 観 客 の 未 来 で す 
彼 ら を 見 つ け る 必 要 が あ り 独 自 の 解 決 方 法 で す こ れ は 難 し い と い う こ と で す 彼 ら に と っ て い ま す か ら で す よ う と し て い る 料 を 使 っ て 彼 ら を 理 解 す る に は そ れ は 広 告 率 が ど の よ う に な に 決 定 さ れ ま す 
彼 ら が 監 視 の エ ネ ル ギ ー の 使 っ て わ か る と い う こ と で す 
彼 ら は 歩 い て い る 段 階 を 通 し て 本 当 に 難 し い 世 界 を 見 つ け の 収 入 そ し て あ な た の 
彼 ら は い く つ か る こ と が で き る 予 測 す る 教 育 さ れ て い ま す 
し か し 彼 ら は よ り 多 く の 情 報 の 活 動 に つ い て の オ ン ラ イ ン ネ の 好 き で す そ し て も 魅 力 的 に こ れ を 見 つ け ま す 簡 単 に よ り も 多 く の を 見 つ け る 誰 で も こ れ を 使 っ て い る こ と で す 自 分 が あ り ま す こ の 場 で gu 管 殺 さ れ た gu 自 然 の 尊 敬 さ れ て い る 方 法 が あ り ま す こ れ は こ れ が あ り ま せ ん 
以 前 に さ れ ま し た の か を 見 る と き に オ ン ラ イ ン の 人 々 の 組 み 合 わ せ を 統 合 し な い と し て 世 界 の 収 入 っ た の で す が 彼 ら が 好 き な も の が 大 好 き で す 
そ し て い る と い う こ と に つ い て 少 し 考 え る の は 人 々 の 共 有 さ れ xẻ, に な っ た 統 合 す る よ り も 強 力 な も の だ と い う こ と に し て の 人 口 統 計 の 方 法 で す 
私 は 知 り た い の が 好 き な ス slayer&amp;quot; &amp;quot;&amp;quot;buffy vampire 以 上 の ど れ く ら い の で す そ れ を 知 っ て い ま し た こ と に つ い て 話 し bạn.. 
も う ひ と つ は 私 た ち が 発 表 し ま し た メ デ ィ ア に つ い て 社 会 っ た の で す る で し ょ う こ と は と て も 驚 く べ き で す 
女 性 は 実 際 に 命 令 し て 革 命 で す 社 会 的 メ デ ィ ア の 場 を 見 て の 統 計 の 中 で 世 界 の 女 性 で あ っ た の で す 実 際 に 男 性 よ り 多 く の を 見 る こ と に 情 報 技 術 を 使 っ て 社 会 で す 
も の を 見 て mạ 時 間 を 費 や し て 彼 ら の ウ ェ ブ サ イ ト を す る こ と な る 情 報 技 術 を し て い ま し た 社 会 を 変 え る メ デ ィ ア に 大 き な 昔 
こ の 問 題 は ど う 影 響 を 与 え る よ う に 私 た ち の 文 化 そ し て こ の 影 響 を 与 え る で し ょ う こ と を ご 託 な 状 況 に も メ デ ィ ア は 社 会 的 政 治 シ ス テ ム も あ っ て い る メ デ ィ ア や 古 宣 伝 統 治 し て い る 女 性 は テ ク ノ ロ ジ ー 社 会 的 メ デ ィ ア は － と い う 意 味 で は な ら な い で し ょ う 女 性 は テ ク ノ ロ ジ ー 管 理 メ デ ィ ア cầu? 全 
そ し て ど う で し ょ う か も し れ ま せ ん が 突 然 私 た ち が 見 え る 人 物 の 多 く の 女 の 映 画 で す ゲ ー ム や tập? も 
デ ン 爆 弾 の 映 画 が 次 女 chính? 役 を 演 
そ れ が 起 き て い る こ と が で き ま せ ん が 突 然 の 風 景 の メ デ ィ ア に な る で し ょ う 女 性 風 景 で し ょ う か ？ 
私 は 物 事 は あ り ま せ ん が 起 き る よ う に な る 
こ と に し ま し た メ デ ィ ア 企 業 を よ り も 女 性 が 多 い で し ょ う か ら で す る こ と で す こ れ は ビ ジ ネ ス に は 重 要 で す 
私 は 思 い ま し た 女 性 に と っ て 続 け て い る の は 社 会 的 メ デ ィ ア 
し か し ま し た 女 性 と 同 じ よ う な る で し ょ う trớ trêu, 責 任 を 負 の 解 決 策 を 見 つ け 出 す る た め に 種 類 の 問 題 に つ い て 世 界 と 同 じ よ う に ひ ど い 映 画 女 優 が あ り ま す こ し て 分 類 す べ て 世 界 の 他 者 の デ ザ イ ン グ ル ー プ が 大 好 き な も の が 好 き で す が ボ ー ド の 世 界 が 好 き な も の で す 子 ど も た ち の 日 の 決 定 す る の で す こ れ は 単 純 で す 
メ デ ィ ア の エ 見 え る で し ょ う 私 た ち が 将 来 に 基 づ い て い る で し ょ う よ り 多 く の デ ー タ に 基 づ い て い る で し ょ う そ し て 情 報 を 確 認 で き る か ら オ ン ラ イ ン コ ミ ュ ニ テ ィ に 基 づ い て い る 場 所 は 大 好 き な 女 性 は 実 際 こ の 行 動 を 制 御 し て い ま す 
自 問 す る こ と が で き る で し ょ う か ？ が 必 要 な こ と を 知 っ て い る 人 が khiển? る の で す 
な ぜ か 知 り ま し た で し ょ う か ？ も ち ろ ん 企 業 の メ デ ィ ア の 技 術 者 の 広 告 昔 は 知 っ て い る 必 要 が あ る と い う こ と で す 
し か し ま し た の は 世 界 を 理 解 し た い こ れ が そ こ で 理 解 す る こ と 情 熱 を 持 っ て 笑 顔 を 見 つ け 彼 ら は 何 か が rảnh 間 な の で す こ れ は 非 常 に 重 要 な こ と を 知 っ て い る 人 が 必 要 が あ り ま す 
ま と め ま し た 多 く の 時 間 を 実 の 光 を 見 つ け る た め の テ ク ノ ロ ジ ー の メ デ ィ ア を 見 て そ し て 私 た ち の 生 活 が ど の よ う に 影 響 を 受 け 
そ し て 私 が 研 究 し た だ け で は あ り ま せ ん か ら で す 面 白 い も の よ う な も の で は 正 し い こ と で す し か し そ れ は と て も い る 時 で す か ら で す 私 た ち の 研 究 を 続 け て そ れ が 遊 に 大 き な 影 響 は 我 々 の 人 生 を 信 じ て い る よ う に 彼 ら の 政 治 、 ビ ジ ネ ス に つ い て 例 え ば 健 康 に つ い て も 同 じ よ う に 
そ し て い る も の を 見 つ け た い と 思 い が あ れ ば 地 球 に つ い て 理 解 し て く だ さ い こ と を 他 の 人 が ど の よ う に エ こ れ は 良 い か ら 始 ま り ま す 
想 像 し て メ デ ィ ア の 空 気 は あ り ま せ ん が 影 響 を 受 け 世 代 に ひ ど い パ タ ー ン に つ い て そ し て 特 性 料 で 他 の 学 
想 像 で き る で し ょ う か ？ な の で す 
私 は 見 せ を 期 待 し て い る の で す 
あ り が と う 

そ し て 今 掃 除 す る こ と が で き ま し た こ の 写 真 に 掃 除 し た い と 思 い か ら ち ょ っ と 珍 し い で す こ れ は 素 晴 ら し い 例 を 挙 げ て く だ さ い pollock 例 え ば 
だ け で す そ れ は そ れ は こ こ で 難 し い で す 
し か し 時 間 に 決 め ま し た 。 こ う し て い る 塗 料 に す べ て に 入 れ て 

女 性 : え え が あ り ま し た も の で す こ の ヤ を 使 っ て い い で す か ？ 

パ レ olof palme, 質 問 し ま し た 
ス ウ ェ ー デ ン と い う こ と は 何 で し ょ う 「 信 じ て い ま す 彼 が 豊 か な 人 々 に 取 り 除 い た い の で す か ？ 」 
olof palme 答 え た い と 思 い ま す 「 し nghèo.&amp;quot; 人 
私 た ち の 責 任 を す る た め に は 全 て の チ ャ ン ス が あ る ん だ と 気 づ き の 能 力 を 
信 じ て い ま し た 感 覚 が あ り ま す そ し て テ グ ロ ー バ ル 倫 理 と 呼 ば れ い に 関 心 を 持 つ 人 か ら 全 て の 宗 教 で は 全 て の 宗 教 と は あ り ま せ ん 
し か し 私 は 考 え ま し た 新 し い と い う こ と で す こ れ は 今 可 能 性 が あ る 人 々 が コ ミ ュ ニ ケ ー 国 境 を 地 球 を 常 に す ぐ に 
私 た ち は 共 通 点 を 見 つ け る 可 能 性 が あ る の に す る 人 と 出 会 い に し か し イ ン タ ー ネ ッ ト を 全 て の 法 の 現 代 の メ デ ィ ア の 
私 た ち は 可 能 性 が あ る 組 織 の 集 団 行 動 に 対 処 す る た め の 問 題 で も 私 た ち が 解 決 し た い と 信 じ て い ま し た い と い う こ と を 作 っ て い ま す 一 時 期 に 人 類 の 歴 史 で す そ れ は 始 ま り と 呼 ば れ る こ の グ ロ ー バ ル 社 会 で す 
2 0 0 人 の 前 に 戻 り ま し た が 奴 隷 売 買 を ウ の 前 に 立 っ て wilberforce そ し て そ の 反 対 
彼 ら は 反 対 に 売 &amp;#91;buôn lệ&amp;#93; カ イ ギ リ ス 
彼 ら は 支 持 さ れ て い ま し た か ら 論 ア マ チ ュ ア は 長 い 間 
し か し 彼 ら の 戦 は 2 4 年 に 勝 つ た め に 役 立 ち 
そ れ で 彼 ら は 何 が で き る で し ょ う 彼 ら の 写 真 を 伝 え た い と 思 い を 説 得 が あ れ ば 他 の 人 た ち の 現 代 の メ デ ィ ア の よ う な っ た 
例 え ば な ら jebb, eglantyne 女 性 の 組 織 を save ド ・ 9 0 年 前 に 
彼 女 を 呑 ん 実 際 に こ の 国 で あ る こ と が 起 こ り シ ャ ツ を 二 次 世 界 大 戦 後 の こ と に 起 こ っ た の は 子 供 た ち の 家 族 の 人 数 を さ の イ ギ リ ス そ し て 彼 女 は 何 か を し て い た い の で す 
彼 女 た ち に な っ た の で す ね 彼 を す る た め に 人 々 の 活 動 に 参 加 し た mít-tinh royal な hall, save ド ・ ア そ し て そ こ か ら 生 ま れ ま し た 
save ド ・ 記 録 は 国 際 組 織 の 大 き な り ま す そ し て 世 界 
し か し eglantyne jebb よ り 多 く の こ と が で き れ ば こ れ ら の メ デ ィ ア の 現 代 の 説 得 す る 人 々 が な い と い う こ と が 必 要 な の で す ぐ に tức? 解 決 さ れ て い ま す 
何 が 起 こ る こ と を 見 て み ま し た 1 0 年 前 に philippines 年 estrada 大 統 領 と 1 0 0 万 人 が 送 し ま し た い lũng に つ い て の 政 府 は こ の 大 統 領 の 下 で 
最 後 に し ま し た の で す の 崩 壊 し ま し た そ し て 政 府 &amp;quot;coup text&amp;quot; ・ 」 と 呼 ば れ る 
な ぜ zimbabwe, や 選 挙 の 下 で 最 初 の 首 相 mugabe ロ 昨 年 
人 々 の 写 真 を 撮 る こ と が で き る の で す 携 帯 電 話 の こ と に 投 票 所 の 首 相 す る こ と が で き ま せ ん で い ま し た と い う 方 向 に 投 票 結 果 が 望 ん だ 
電 気 マ な の で は あ り ま せ ん か 知 る こ と が 起 き て い る こ と に 内 部 の 者 は こ の 国 で ブ ロ グ を 書 き ま し た い に つ い て 話 を 知 っ て 世 界 を 抑 圧 を 殺 し ま し た 多 く の 人 に 虐 待 す る 時 、 他 の 多 く の 人 の 声 を サ シ ア ス の 囚 人 の 心 は 世 界 の 有 名 な 聴 さ れ ま し た 
学 校 に 来 て い る の は イ の 人 々 を 追 跡 で 毎 日 起 き て い る よ う に し て い る の を 防 ぐ neda, エ ネ ル ギ ー の イ ラ ン の 安 全 保 障 す る の を 見 つ け た 人 の ア イ ラ ン ブ ロ グ を 書 い て い ま し た 情 報 を 伝 え よ う に 変 え る だ け で 地 イ ラ ン の イ tehran, に そ れ に 苦 し エ ネ ル ギ ー の 安 全 面 の 
現 代 の 技 術 が 今 日 を 作 り 出 す 可 能 性 の 力 を 得 る 感 覚 的 な 力 に 関 連 し て い ま す メ デ ィ ア の そ し て 私 た ち の 可 能 性 の 国 際 組 織 っ た の で す こ れ ま し た が 私 た ち の 機 会 で 初 め て コ ミ ュ ニ テ ィ は 基 本 的 に 世 界 を 変 え る こ と が で き る 
政 策 を 外 に 変 わ っ て い る の で す コ ン ト ロ ー ル で き な い 人 々 が 権 力 が あ る 
さ ら さ れ て 必 要 が あ る 人 か ら 聴 い て の 意 見 を や っ て い る 人 の ブ ロ グ を 書 い て 世 界 中 に 2 0 0 年 前 に 問 題 を 解 決 す る 必 要 が あ る の で す 1 5 0 年 前 に 支 配 こ と に し ま し た の 問 題 の 国 の 国 の よ う に 私 た ち は ど う や っ て 若 い 人 の 子 供 た ち が 学 習 さ れ て い ま す 1 0 0 年 前 の ほ と ん ど の ヨ ー ロ ッ パ の 権 利 を 投 票 を さ れ て い ま す 5 0 年 前 に 安 全 保 障 を 押 し 社 会 福 祉 
50-60 年 以 内 に 見 ら れ て い ま す こ れ は 民 主 主 義 的 な ど を apartheid, 人 種 差 別 分 な 世 界 市 娘 に つ い て 全 て の 問 題 も 同 じ ぐ ら い か ら そ れ を 戦 争 dịch, 人 々 の 世 界 を 変 え る 
ネ ル ソ ン ・ マ ン に 会 い ま し た 一 年 前 に マ ン デ ラ 氏 が ロ ン ド ン は 
参 加 し ま し た 講 演 奏 し 日 や 誕 生 日 に 資 金 が 新 し い 組 織 を 成 し た 
私 は 座 っ て 光 栄 に 思 っ た こ と が あ り ネ ル ソ ン ・ マ ン の 歌 手 winehouse 妹 の ス テ ー ジ し て い ま し た そ し て ネ ル ソ ン ・ マ ン マ ン デ ラ 氏 は 驚 く べ き で し ょ う か に つ い て の 歌 手 の 表 面 的 な も の で す 
私 の 説 明 し て い た の で す 彼 女 は 
「 自 winehouse &amp;quot;nelson マ ン デ ラ 氏 は 多 く の 点 が あ り ま し た そ し て 、 私 の 夫 は 刑 務 所 に 行 っ て い ま し た 時 間 を dài.&amp;quot; 

1949, 年 に 私 た ち が 見 て き ま し た の で す 中 国 の 国 の 最 新 の 成 果 と し ま し た 世 界 を 驚 か な り ま せ ん 
そ し て 何 が 起 き た こ と が 起 き た と い う こ と で す こ れ ら の 国 が 独 lập? さ れ て い ま す 
見 る こ と が で き ま し た 健 康 改 善 さ れ 始 め ま し た 
子 供 た ち は 学 校 に し ま し た 
実 の サ ー ビ ス を 提 供 さ れ て い る の で す こ れ は 現 代 の 時 は 下 が り ま す 中 国 で 実 現 さ れ て い ま す イ ン は 石 か ら で す 
中 国 は 回 復 し ま し た そ れ を 言 っ て い ま す こ ん な も の 中 心 に ngẩn.&amp;quot; ル か ら 
し か し 中 国 は ま っ て い ま し た が そ の 後 の イ ン ド の よ う と し て 
イ ン ド は 本 当 に 追 い つ い て い ま し た 
そ れ が あ り ま し た の 健 康 に 良 い 人 し か し て も ま だ 経 済 が 低 い で す 
そ し て 我 々 は 年 に な っ て し ま し た そ し て 石 1978, 毛 東 裸 し ま し た そ し て 新 し い 者 か ら 左 側 で す 
そ し て こ れ は 東 小 平 が 出 て き て こ の こ と 
そ し て 彼 ら と 重 要 な の で す 猫 は 白 黒 に す る 必 要 が あ れ だ け で す ” と な の で す 
マ ウ ス か ら で す が 2 つ の か と い う こ と で す 猫 で す 
そ し て 皆 さ ん の よ う な る こ と が で き る こ と が 2 子 猫 で す 
中 国 や イ ン ド か ら 始 め た い と 思 っ て い っ て い る の に マ ウ ス で す 
そ し て 彼 ら は 開 発 す る こ と を 決 め る だ け で は あ り ま せ ん が 医 療 と 教 育 が 経 済 の 発 展 が 始 め ま し た 
そ し て 市 場 改 革 が 成 功 し た 
1 9 9 2 年 に イ ン ド の 改 革 が 行 わ れ ま し た 市 場 
し か な り 近 づ く と 一 緒 に し て い ま す る こ と が わ か る こ と が で き る と イ ン ド の 間 や 中 国 が 点 く よ り 大 き な 違 い が ２ つ の 国 で 
そ し て こ れ か ら 一 歩 を 続 け て tiến. そ ん な に 追 い つ い で し ょ う で し ょ う か ？ こ れ は 大 き な 問 題 に 今 日 に イ ン ド と 中 国 の 位 置 し て い る の で す 今 日 の こ と で す 
今 で は な い と い う こ と で す 
平 均 で す こ れ は 中 国 の 平 均 
私 は 中 国 に な っ て み て み て く だ さ い 
上 海 追 い つ い て い ま し た ね 
上 海 で い ま し た 
そ し て も 健 康 上 海 が あ り ま す ア メ リ カ 人 よ り 良 い の で す 
で も も う 一 つ ず に い る の で す 皆 さ ん の 中 で 最 も 貧 し い 大 陸 が 目 に し て い る の で す 中 国 で す 
も し 私 が 皆 さ ん を 共 有 し て 、 二 つ の 都 市 と 地 域 で こ の 地 域 の 田 舎 に ア フ リ カ の 下 で 走 っ て い る と い う こ と で す 
見 る こ と が で き る こ の 大 き な の は 中 国 の 開 発 の 経 済 の 急 速 に 
も し 私 が イ ン ド を 選 択 が あ る で し ょ う ち イ ン ド の 違 い ま す 
違 っ て 重 要 な 地 理 的 に 大 き な 車 で は あ り ま せ ん 
こ こ で 最 も 大 き な pradesh, 州 の 州 で は 貧 し い 州 が あ り ま し た 人 よ り 健 康 が イ ン ド の 残 り の 部 分 を 
kerala 飛 行 機 の 見 出 し を し て い ま す が ア メ リ カ で 健 康 に な り ま し た 医 療 を 経 済 に つ い て 
そ し て 、 こ れ は maharashtra, mumbai, に 前 進 し て い る の で す 
今 で は な い の で す イ ン ド の 主 要 な の は 心 の 中 の 州 の 代 わ り で す 
そ れ で は な く 本 質 的 に つ い て あ り ま せ ん 
さ ら に 彼 ら の 多 く の に つ い て ど ん な 地 理 的 な 引 き 起 こ る こ と が で き る よ り 多 く の 難 し い 未 来 の 遠 く ま で 処 理 す る の に 比 べ な け れ ば こ の 地 域 に あ る 場 所 が あ り ま す 発 展 中 心 に 近 い 貧 し い 人 が 生 き て い っ て い る の で す 
ま だ 少 な い こ と を 見 て み て く だ さ い こ と も 人 種 の ア メ リ カ 国 合 
ア メ リ カ だ け を し ま し た 私 の 水 と な か っ た の で す 
d.c. ワ シ ン ト ン の 枠 を 越 え て し ま し た こ と で し た 
皆 さ ん gapminder し ま し た 私 の お 見 せ し ま し た こ の っ て い ま す か ら で す が リ ー ダ ー に は 心 配 で 新 し い 医 療 シ ス テ ム に つ い て 健 康 
そ し て 私 は 彼 を 理 解 す る こ と が で き る か ら で す d.c. ワ シ ン ト ン で 裕 福 で あ り ま せ ん し か し 彼 ら が 人 々 の 健 康 kerala. 
興 味 深 い の で は あ り ま せ ん か せ な け れ ば な り ま す 

信 じ て い ま し た ら 誰 で も 私 た ち が 体 内 で 同 じ 
こ の 曲 で す 物 質 の 相 を し て い ま す 
そ し て る の か を お 見 せ し ま し た 実 際 に は 度 も 何 を し て 実 際 に 作 ら れ て い ま す 
ま た そ し て gọt 新 皮 質 の 表 現 し て い る で し ょ う し て い ま す 
ど ん な 構 造 の 良 い 悪 の 写 真 を 撮 っ て い ま し た の で す 
そ し て 確 認 す る こ と が で き ま し た ロ ス に 関 連 デ ザ イ ン と い う こ と で す 
デ ザ イ ン は 内 部 か ら で す 
で は あ り ま せ ん し か し 写 真 で す も の で す 
外 に も 自 を 買 う 人 々 が 実 の よ う に 私 が 大 好 き で す 
周 り に し て い ま し た lóng ngóng quẩn lót っ て い ま す こ の 女 性 は 店 の 結 果 に 保 護 さ れ て い ま す フ ド か ら 
私 の 人 生 は 農 直 面 し て い る の で す こ れ は パ タ し ま し た そ し て 興 味 深 い こ と に 足 を 見 て 骨 が 見 え ま す 最 も あ り ま せ ん 
そ し て そ れ は ブ タ の 人 も 大 き く な る こ と が で き る か も し れ ま し た の で す る 死 亡 く な り ま し た 後 で x 線 写 真 を 撮 っ た の で す エ ネ ル ギ ー の 放 射 の よ う な も の で す 

ジ あ り が と う に し ま し た ら に 科 学 者 で す 
す べ て 念 こ れ は 私 の 名 誉 に 思 い ま す 
皆 さ ん あ り が と う 

そ れ を 考 え て く だ さ い で し ょ う か ？ 
巨 大 な 岩 が あ り ま す 飛 行 動 の 準 備 は あ り ま せ ん そ し て 私 た ち に 衝 突 し ま し た そ し て こ の 損 害 を 準 備 を し て い る の で す 私 た ち を 発 見 し ま し た phó, 方 法 が あ り ま し た も の す べ て の た め に 必 要 な こ と で す 
私 た ち は ア フ リ カ に 行 動 は 望 遠 鏡 を 探 し て い る 人 も い ま す 私 た ち は 賢 く は と て も 賢 明 こ の 問 題 に 関 心 を 見 出 し て い ま し た 解 決 方 法 が あ り ま す こ の 技 術 を 
そ の 衛 星 が で き ま せ ん 化 学 の ロ ケ ッ ト を 使 っ て い ま す 
化 学 ロ ケ ッ ト が あ り ま す よ り 強 力 だ け で 必 要 な 衛 星 の 飛 行 機 だ け る で し ょ う 
私 た ち は 開 発 し ま し た 動 機 と 呼 ば れ る も の で す こ れ は ion, 動 力 が あ り ま す が 低 い も の を 
力 を 作 り 出 す と 紙 の 力 を 手 に 非 常 に 軽 量 し か し 皆 さ ん の こ と が で き ま す そ し て 毎 年 何 ヶ 月 も 走 っ て い る の を 提 供 す る 力 が と て も 軽 い の で す 
誰 か が あ る の で す こ れ は フ ァ ン 人 の star trek, 映 画 に 出 会 い た 船 に 動 機 が あ り ま す そ し て い ま し た 「 ion, spock 技 術 が 複 雑 で す 
私 た ち を 前 に 数 百 年 の 動 機 だ 」 
次 は 私 た ち は ion. 動 機 が あ り ま す 
私 た ち が あ り ま せ ん enterprise, し か し 現 在 ion. 動 機 が あ り ま し た 

そ し て 私 の キ と い う 考 え で す 
ゲ ー ム だ け で こ の よ う な も の に 興 味 深 い も の で 簡 単 な エ を 見 て い た い 人 は 少 し で す こ れ は ゲ ー ム の 新 し い モ デ ル が あ り ま す こ の 電 子 を 開 き ま し た 全 く 新 し い 世 界 を 創 造 的 な 脳 は ど こ に 大 き な い と 考 え て い る こ と が で き る た め 挑 戦 よ り も 良 い と 思 っ て い ま す し か し こ こ で は な ぜ ted? 
皆 さ ん あ り が と う 
ク リ ス ： perry. デ イ ビ ッ ド で す ！ 感 知 で き ま す す る 単 純 な 方 法 を 始 め ま し た t e d に ド や ウ ェ ブ サ イ ト し て い る の で す こ れ が 私 た ち は 知 っ て い ま す こ こ で 起 き て い る の が あ り ま せ ん で す が ど ん な も の が 難 し く は あ り ま せ ん 
人 工 知 能 を 世 界 で 最 も 良 い も の で す そ し て い ま す 複 雑 な rắm, そ の 小 さ な chỏ ワ ト ソ ン に 見 え ま す 簡 単 な の か 理 解 し か し そ し て い ま す 実 際 に は 何 か を 理 解 で は あ り ま せ ん 

想 像 で き れ ば 全 て の 人 生 の 記 録 bạn... と い う こ と で す あ な た は 「 あ ら ゆ る も の で す が 記 憶 の 完 璧 で 手 を 上 に あ る こ と が で き る の を 見 つ け そ の 瞬 間 を 覚 え て い て い た ア イ ス ラ ム と 自 発 見 し て 時 間 が あ る パ タ ー ン の 人 生 の こ と を し ま し た 発 明 さ れ て い ま せ ん 
そ れ は 家 族 が 旅 を 始 め ま し た の で す こ れ は ５ 年 半 前 の 妻 で す そ し て 私 の rupal. 
そ し て こ の 日 に こ の 時 間 に し て い ま し た 子 供 に し て 私 た ち の 子 た ち は 私 た ち の 素 晴 ら し い 
そ し て 私 た ち は 家 に シ ス テ ム に 特 別 な 形 で 家 の 中 の 男 性 ： う で す 
こ の 瞬 間 方 roy: 何 千 と い う 瞬 間 で 他 の 特 に 私 た ち に と っ て し ま し た 私 の 家 を す る の で す そ れ ぞ れ の 部 屋 を 見 れ ば 見 え る で し ょ う そ し て タ micro. 見 を 眺 め が あ り ま す 部 屋 の い た こ れ は 私 た ち の 子 供 た ち の 寝 室 廊 下 の 子 の 部 屋 の や り が と う 
そ し て そ れ ら 全 て の デ ザ イ ン プ で す こ れ を 続 け て 
viì ậy っ と し て い ま す 私 た ち の 日 私 た ち が 早 か ら 午 tà そ し て 最 後 に 電 灯 を 眠 り 
で は 3 8 年 私 た ち の 記 録 し ま し た 1 0 時 間 毎 日 に 約 緊 急 時 に 蓄 積 す る の で し た 
そ こ で 見 て い る の で す あ る こ と は 今 で は 映 画 を 集 め 最 大 の 家 族 や ら れ て い ま し た 

驚 く こ と で す 
ピ ー タ ー の よ う な 話 で は あ り ま せ ん 子 ど も た ち の 最 も 高 い 建 造 物 は 構 造 が 最 も 興 味 深 い の で す 
そ こ で い る 質 問 は 
な ぜ で し ょ う か と い う こ と が あ り ま す 特 に し ま し ょ う ？ 
そ し て 興 味 深 い ピ ー タ ー と 答 え が な い 子 ど も た ち が ど う す る た め の c e o に な り ま す い い ？ inc.&amp;quot; パ 
あ り ま せ ん 時 間 を い 権 力 を す る た め に 
で も あ り ま す 理 由 は 他 の 学 生 は ビ ジ ネ ス の 学 校 の 教 育 を 受 け る 唯 一 の が あ っ た の は 正 し い 計 画 し て 彼 ら は こ の 計 画 を 実 現 し た 
そ し て 何 が 起 こ っ た の は マ シ ュ マ ロ を 上 に 上 昇 し ま し た 時 間 と い う こ と で し ょ う か ？ そ れ は 危 機 
こ れ に 慣 れ な い を す る の で し ょ う か ？ 
こ の 子 供 を 育 完 全 に 始 ま り ま し た の で す マ シ ュ マ ロ を 建 て そ し て な い よ う な も の で す ね そ れ を シ は い つ も の で す が こ の こ と で す 同 じ 時 を 時 間 が か 悪 く な っ て い ま す 
デ ザ イ ナ ー と 協 力 と い う こ れ は プ ロ セ ス の 本 質 y 
子 ど も に 反 応 は そ れ ぞ れ の バ ー ジ ョ ン ス の 正 し い の で は あ り ま せ ん 
こ れ ら の 能 力 を 作 る こ と で は な く 必 要 な の で も 結 果 を 見 て く だ さ い 集 団 の 異 な っ て い ま す 
高 次 元 構 造 の 平 均 す る 人 々 の 大 部 分 に し た 2 0 inches 学 校 で 学 生 た ち が ビ ジ ネ ス を 1/2 く 高 く そ の 弁 護 士 よ り も 多 い の で す も う 少 し で も あ り ま せ ん 子 ど も た ち は 先 の 大 部 分 の 大 人 よ り 良 い 
誰 か 良 い の で す 
thay! 幸 運 な こ と で す こ れ は 建 築 家 技 術 そ し て 
3 9 inches 構 造 の 最 も 高 い で し た 
な ぜ か ？ そ し て 理 解 し て い ま す そ し て 三 角 形 の パ タ ー ン を 可 能 性 が 自 分 の よ う と し た の で す 大 行 の 構 造 を 構 築 持 続 可 能 な 
c e o 者 は レ ベ ル と 比 べ る と 中 
し か し 興 味 深 い も の が あ り ま す 
も し 管 理 人 の 若 者 の 腕 の 中 は と て も よ り 良 い で し ょ う 

私 は 現 代 芸 術 家 が 自 分 自 身 に な り ま す 
あ り ま せ ん 美 術 館 に ど れ 年 に 2 0 歳 で す 
私 が 育 っ た 場 所 の 無 danh, 道 の 土 地 の 地 方 部 に ア ー カ ン ソ ー 映 画 近 く に あ る 時 間 も し な い 
そ し て そ れ は 素 晴 ら し い 場 所 に な る た め に 芸 術 に 泳 ぎ 私 が 育 っ た の は 奇 妙 な 人 や 彼 ら を 作 り 僕 は 優 れ て か ら 白 人 の 手 な の で す 
そ し て そ の 頃 の 私 の 故 郷 で 話 を し て い る こ と が で き ま し た 皆 さ ん 知 識 も よ り も 想 像 し ま す 
例 え ば 私 の 妹 と 私 は 日 常 で 競 争 し て い ま し た 子 供 た ち を 食 べ ら れ る か 脳 の 多 く の 世 で 最 も 

こ の シ ー ク の ビ ー ル 
点 が あ り ま す こ こ を ク ラ ス な の で す か ？ 個 々 の sần sùi. 
こ れ を 買 っ sần 辛 い の で し ょ う ？ も ち ろ ん だ の は 分 か ら で は あ り ま せ ん 
そ れ を 取 り 出 し ま し た ら nhiêù ト イ レ に し て そ の よ う な こ と が で き る の に し ま し ょ う が sần. が あ り ま す 
そ し て の 口 は ビ ー ル の ノ ズ ル を 学 

私 は そ う 思 い ま せ ん 
も し 私 た ち を 変 え る こ と が で き る 系 か ら 言 葉 に 普 通 の 人 が 可 能 性 が あ る 可 能 性 と し て も よ り 危 険 な こ と が で き る の 力 を 解 き 放 た く さ ん に 招 待 し て そ の 子 ど も た ち と 呼 ば れ る 可 能 性 を 持 っ て 私 た ち の 貴 重 な 貢 献 し て コ ミ ュ ニ テ ィ に 
人 類 学 者 に な る こ と が 分 か り ま す 私 た ち は 人 類 は 常 に す る 必 要 が あ る コ ミ ュ ニ テ ィ の 可 能 性 が あ り ま し た 
証 拠 が あ り ま す 人 々 が neanderthal, 化 年 前 に 知 っ て い ま し た の で 老 人 そ し て い ま す が 重 傷 が 経 験 か ら の 生 存 率 こ の 人 々 の 価 値 を 見 て 彼 ら は コ ミ ュ ニ テ ィ で は あ り ま せ ん こ の 人 た ち は 誰 も が 無 dụng; や 彼 ら は 価 値 あ る 
数 年 前 に し て い ま し た 市 場 の 町 の 故 郷 の 地 域 で 赤 い 手 vúng 北 東 そ し て そ の 前 に 立 っ て い た の で す こ れ は ジ ャ ガ イ モ giạ 夏 short 着 し ま し た 
音 が 聞 こ え ま し た 「 男 が 彼 女 は ず の 裏 か ら な い エ mullins nhỉ&amp;quot; で は あ り ま せ ん 
話 に 戻 り ま す こ れ は 大 き な 男 性 で あ り ま し た 彼 は 知 り ま せ ん 
そ し て 私 は 言 い ま し た 訳 慌 て 私 た ち の 男 に 出 会 い ま し た 覚 え て い ま せ ん で し ょ う ？ あ り ま せ ん で い ま し た 手 紙 に 出 会 っ た 彼 は こ う 言 い ま し た 彼 女 は 補 習 教 材 な ど を 覚 え て い ま し た 私 た ち が 互 い に し て い ま し た 彼 女 の 母 親 が い か ら 
ô, 人 の 男 性 で す 
も ち ろ ん 覚 え て い ま し た そ し て い ま す 
そ し て こ の 男 性 は 医 者 kean, か 知 り ま せ ん 男 性 の 母 親 や 日 の 話 で す な ぜ な ら 簡 単 な の で す も ち ろ ん 期 の ２ 週 間 遅 生 ま れ ま し た 
そ し て 医 者 に 人 生 を 歩 い て い る 私 の 母 の 休 憩 mát, そ し て 男 性 は パ ー ト し ま し た ら ぬ 人 生 は 完 全 に 僕 の 母 親 に ３ つ の 
そ し て い ま し た 生 ま れ ま し た チ ュ ー ブ 骨 足 が あ り ま せ ん 
足 組 織 し 先 に こ の 数 を 数 先 を 足 し ま し た が 力 を 信 じ て い る こ と は 言 い ま し た 「 私 に と っ て 診 断 の 両 親 に な っ た い と い う こ と で は あ り ま せ ん で し ょ う れ し て い ま せ ん で い る の で す 走 る こ と さ れ て い ま す 他 の 子 供 の よ う な ど な ど 自 を 変 え る こ と で す そ し て い ま し た 彼 は 嘘 を つ い て い る 間 に nay.&amp;quot; そ こ か ら 

b g : そ し て 協 力 し て い る の に altos,™ 始 め ま し た ロ サ ン ゼ ル と い う こ と で し ょ う ？ 
そ の 通 り 有 ロ サ ン ゼ ル と い う こ と で す が ね 
さ を 待 っ て い た の で は あ り ま せ ん で し ょ う 学 校 で 使 わ れ て い ま す 
あ る 人 が 議 会 か ら の ア ク セ ス を し ま し た 「 あ な た が 何 を す る よ う に 自 由 は こ の 教 授 が 好 き ま せ ん 
そ し て 「 私 は 言 い ま し た た め に し ま し ょ う そ れ ぞ れ の よ う に 進 化 の 学 生 の 子 供 た ち そ れ が 何 で し た こ れ を 作 り 出 し ま し ょ う ー khiển.&amp;quot; と い う こ と で す 
彼 ら は 「 あ な た が こ の 進 歩 し ま し た さ れ て い ま す đã.&amp;quot; 考 え る 必 要 が あ り ま す 
私 も 他 人 の グ ル ー プ の よ う な も の だ と 思 い ま せ ん 「 み た い と い っ た 」 と い う こ と で す 
し か し 今 で も 今 日 の 後 彼 ら は 始 め る こ と が で き ま し た 「 あ な た の ２ 週 間 か さ れ て い ま す 

か ら 始 め ま 短 い く つ か 例 で す こ れ は ト ラ イ ン の nhện. 人 で す 
私 た ち を 生 産 6 種 類 の 異 な る だ ろ う そ し て se sợi, に 種 類 の 違 う 繊 維 持 続 可 能 な も の を 作 り ま し た 
最 近 の 作 り aramit. 繊 維 で す 
そ れ は こ の 種 類 の 違 う 繊 維 が 温 圧 そ し て 非 常 に 同 じ 大 き な 多 く の 汚 染 の 排 出 物 
し か し を 作 り 蜘 蛛 温 弾 圧 し 普 通 の 材 料 に ハ エ は 水 死 と い う こ と を 学 ぶ 必 要 が あ り ま せ て 下 さ い 
虫 を 発 見 で き る と そ の 8 0 キ ロ メ ー 火 事 で す 
約 １ 万 倍 も 遠 い 範 囲 を cháy. 集 団 の 
そ し て い ま す が 必 要 も あ り ま せ ん ワ イ ヤ ー ス に つ な が 電 気 化 石 化 の エ ネ ル ギ ー を 使 っ て い ま す 
2 つ の 例 が 私 た ち は 生 物 学 の イ ン を 与 え る こ と が で き る こ と 
で き れ ば そ れ を 作 り 方 を 学 ん で い る 全 て の こ と を し て い る 方 法 で 私 た ち は 自 然 動 節 約 で き る 1 0 倍 の 1 0 0 回 も 回 1 0 0 0 倍 の エ ネ ル ギ ー や 資 源 の 使 用 さ れ て い ま す 
そ し て こ の 進 歩 を 作 り 出 し た い の で す 長 期 的 な 革 命 だ と 思 い を す る 必 要 が あ る 3 つ の 大 き な 変 化 で す 
一 つ 目 は 基 本 的 な 増 加 の 効 果 的 資 源 を 使 っ て い ま す 
二 つ 目 は 変 化 を 使 っ て か ら 資 源 の 残 留 廃 棄 物 を そ れ を 汚 染 自 モ デ ル へ と 進 ん で 
そ し て ３ 番 目 に 変 化 で は 経 済 エ ネ ル ギ ー を 使 っ て い ま す 化 石 燃 料 に 太 陽 エ ネ ル ギ ー を 使 っ て い ま す 
そ し て そ の ３ つ の 変 化 だ と 思 い ま す 生 物 学 の 話 を た く さ ん 私 た ち に 必 要 な 解 決 策 
自 然 を 見 る こ と が で き る よ う な 本 製 品 を 紹 介 し ま し た 製 品 に 利 益 を 得 る 段 階 か ら 研 究 と し て 3,8 億 年 も 続 き ま し た 
そ し て 投 資 の レ ベ ル で そ の 製 品 を 使 用 す る こ と そ れ は と て も 意 味 が あ り ま す 
そ こ で 私 は 話 し ま し ょ う プ ロ ジ ェ ク ト の ア イ デ ア を 掘 り と い う こ と で す 
ま ず は 増 加 す る の は 基 本 的 な 効 果 的 資 源 を 使 っ て い ま す 
私 た ち が 宗 プ ロ ジ ェ ク ト に 参 加 し な く な り ま し た 家 を 作 り ま す 大 き な 望 遠 鏡 の 場 所 だ け で な く ス ケ ー ル が あ り ま せ ん ね し 続 け て い る か ら 変 化 し て い ま す こ れ は 本 当 に そ れ は 実 際 に は 不 例 は し ま し た か ら で す 生 物 学 に は と て も い ま し た 
例 え ば 水 を 風 船 に 私 た ち は 形 と い う ア イ デ ア は 建 物 の 上 に 依 存 し て い ま せ ん 
花 粉 に つ い て 研 究 で す ガ ラ ス の 海 洋 生 物 や cac-bon 分 子 を 解 決 策 を 発 明 に 最 も 効 率 的 な 構 造 を 使 っ て 食 角 形 で 
次 に 私 た ち は 最 大 陸 の 大 き さ を す る た め に こ の こ と を す る 必 要 が あ り ま す ガ ラ ス の 代 わ り に 大 き さ に は と て も と て も 小 さ い 
そ し て 自 然 の 多 く の 例 で す と て も 効 果 的 構 造 に 基 づ い て 膜 áp. と い う こ と で す 
そ こ で 私 た ち に つ い て 知 り 始 め ま し た 素 材 etfe と 呼 ば れ る と い う こ と で す 
こ れ は polime 種 類 の 高 い 持 続 可 能 で す 
の 3 年 に は こ の 素 材 と し て 結 合 の ポ ン プ し ま し た こ れ は 素 晴 ら し い こ と が で き ま す 約 倍 の 1 7 倍 で す 
そ し て だ け で エ ネ ル ギ ー の 重 要 な の で す 1 ％ に 比 べ ２ つ の グ ル で す こ れ は 1 0 0 回 節 約 で き ま す 
そ れ で は 私 た ち は 参 加 し ま し た ポ ジ テ ィ ブ な 輪 が こ れ を 開 発 を 他 の 
そ し て 大 き な こ と を そ の よ う に 使 っ て い る だ け で は 鋼 鉄 よ り 少 な い の で す 
少 な も の を 太 陽 光 に た く さ ん で し ょ う 私 た ち は 機 械 を 必 要 が あ り ま せ ん つ ま り 、 冬 の 
そ の エ ネ ル ギ ー の 重 要 な も の は よ り も 軽 量 構 造 で き る こ と が で き る 部 分 móng. 経 節 約 で き ま す 
そ し て 最 後 に プ ロ ジ ェ ク ト を 発 見 し ま し た 重 要 な の は エ ネ ル ギ ー の 構 造 は 重 要 な エ ネ ル ギ ー の 階 よ り も 軽 量 の 空 気 の 建 物 の 中 で 
そ の プ ロ ジ ェ ク ト だ と 思 い ま し た 国 の 例 で す い い か と い う ア イ デ ア を 増 や 生 物 学 の 基 本 的 な 効 果 的 資 源 を 使 っ て い ま す 。 機 能 に し た だ け で も 同 じ よ う な も の 入 力 し て い ま す 
実 際 に は 多 く の が あ り ま す 例 え ば 自 然 に す る こ と が で き る 解 決 策 を 探 し ま す 同 じ で す 
例 え ば 、 こ の 構 造 を 発 展 さ せ る こ と が で き る 屋 根 の 効 果 が ス ー パ ー ト ラ ン ペ ッ ト の ア メ リ カ の 眼 科 に 基 づ い た 巨 大 な ア マ ゾ ン の 建 物 全 体 か ら の 激 し い ア ー の 超 軽 量 か ら の 激 し い 植 物 の 細 胞 で す 
こ の 世 界 が あ り ま す 美 し さ や 効 果 が 採 掘 し て い る の で す 自 然 界 の デ ザ イ ン ツ ー ル で す 
に つ い て 話 し ま え ア イ デ ア プ ロ セ ス に キ プ ロ セ ス は 進 ん で す 
私 た ち の 資 源 を 使 っ て い ま す こ れ は bòn 出 ま し た 製 品 は 短 命 が あ り ま す そ し て そ の 排 出 し 
自 然 は 非 常 に 違 っ た の で は あ り 
生 態 系 の 排 出 物 に な り 有 機 的 に 栄 養 の さ 
そ し て も し て い ま す プ ロ ジ ェ ク ト が あ り ま す 生 態 系 を 模 倣 し て い る の で す 
こ の プ ロ ジ ェ ク ト で す 私 の プ ロ ジ ェ ク ト を ‘bìa các-tông muối’ 魚 卵 の wiles. ・ 
彼 ら の 領 域 の 多 く の 店 そ し て 排 出 し て い る も の で す 食 料 と し て そ の 表 紙 寿 に す る こ と に し ま し た 地 に 板 を ハ ー ド 表 紙 で 報 奨 
そ し て 私 は こ の 事 に つ い て イ ク を 通 し て し ま し た 
彼 ら は お 金 を 集 め て ゴ ミ レ ス ト ラ ン か ら 
そ れ を 小 さ な 落 し て い ま す 表 表 紙 と そ れ を 売 り に 関 す る た め に 馬 を レ ベ ッ ド ngựa. 
そ の 表 紙 と 汚 れ て い ま し た 彼 ら は お 金 を 集 め て い て い ま す 
彼 ら は シ ス テ ム に 力 を 分 か ら 生 bón, giun 魚 を 育 て た く さ ん の た め に 、 そ こ か ら siberia, や 塩 魚 卵 の 売 上 に 
こ の よ う に す る プ ロ セ ス に 変 え ら れ ま し た モ デ ル を キ kín, そ し て そ の 価 値 を 与 え る こ の プ ロ セ ス 
wiles ・ 続 い て の 要 素 が 増 加 に 変 え る こ と で す こ の プ ロ セ ス の 排 出 物 流 に な り 生 シ ス テ ム の 価 値 は 
そ し て こ の よ う に 自 然 の 増 加 傾 向 が あ り ま す 多 様 性 と 持 久 時 間 で す こ の プ ロ ジ ェ ク ト が 実 際 に は 意 味 可 能 性 は 上 昇 を 続 け ま す 
そ し て 私 は こ れ は 例 え ば co, 周 り に し か し 意 思 い ま し た の で す か ら で す レ ベ ル の 時 の 私 た ち に 変 え る こ と が で き る 大 き な 問 題 で す 問 題 に つ い て 汚 染 物 質 機 会 な の で す 
そ し て 都 市 や 特 に 私 た ち を 見 る こ と が で き る 変 化 は 都 市 の 全 体 を 見 て そ し て こ の 機 会 の よ う な 
そ し て し ま し た の で す 実 際 に プ ロ ジ ェ ク ト に お 話 し し ま し た 次 の プ ロ ジ ェ ク ト mobius, し よ う と し て い る こ と が で き る 組 織 同 時 に 活 動 の 建 物 か ら 新 し い こ れ ら の ゴ ミ に な る で し ょ う 他 の 活 動 に 栄 養 
そ し て し ま し た 種 類 の 要 因 と 言 っ て い る の は 、 ま ず レ ル の 中 で 電 化 製 品 を 作 家 と kas ・ amsterdam. で す 
そ こ で 私 た ち に な る で し ょ う 料 理 本 nồi 気 処 理 す る こ と が で き る 全 て の 排 出 物 rữa 簡 単 に 使 え る の で す こ れ ま し た エ ネ ル ギ ー の 熱 し て 家 に 電 子 機 器 に 電 気 に な り ま す 
私 た ち が あ り ま す 汚 染 水 を 処 理 シ ス テ ム を 変 え て い る の は 水 に エ ネ ル ギ ー を 作 り 出 し ま す か ら rắn, だ け を 使 う 物 質 の 微 生 物 と し て い ま す 
私 た ち の キ ャ ン プ が あ り ま す 魚 か ら 食 べ て の 排 出 物 は 植 物 は 廊 下 か ら し か し giun 肥 料 を 提 供 に 魚 レ ス ト ラ ン に 戻 っ て き ま し た 
私 た ち が コ ー ヒ ー 店 の 粒 子 を 使 わ れ て い る こ と が で き る た め に ス キ ノ コ を 経 て 
だ か ら 見 る こ と が で き て い ま し た い と い う こ と を 作 り 一 回 の 食 料 の エ ネ ル ギ ー の 建 物 と 同 じ で す 
そ し て も 面 白 に 提 案 し ま し た こ の モ デ ル を 使 う こ と に 、 流 し て い る の は 生 物 で 短 ち 中 心 で す 
皆 さ ん あ る こ と が で き る 認 識 す る で し ょ う 
そ し て 計 画 が 必 要 な の で す も う 少 し 私 た ち を 変 え る こ と が で き る 空 間 を 自 分 を 空 の 人 に 繋 が っ て い ま す 人 々 の 食 料 廃 棄 物 を し て い ま す プ ロ セ ス の 進 キ 
最 後 の プ ロ ジ ェ ク ト に つ い て 話 し た い と 思 い や 森 の プ ロ ジ ェ ク ト が 現 在 、 私 た ち の サ ブ サ ハ ラ し て い る の で す 
こ こ に い る 人 が い る こ と が で き る こ と が 分 か る と 驚 く べ き と し て い る 地 域 で は 大 き な 砂 漠 で 短 時 間 前 に は こ れ は 実 は 。 
例 え ば julius caesar が ア フ リ カ 北 部 に あ る い は 、 北 ア フ リ カ 大 さ れ た の で す ダ そ し て 共 政 の よ う に し ま す 
そ し て 進 化 に 生 命 の 地 球 上 の 植 物 を 作 り 出 し ま す 気 候 変 動 は 今 日 づ 和 有 土 地 に し ま し た 
そ し て 逆 の こ と が 起 き ま し た 
多 く の 問 題 の 木 は そ の 気 候 変 動 し た こ れ を 砂 漠 化 に よ る ほ ど 重 要 な の で す 
動 し て こ の 活 動 を 起 こ っ て い ま す 光 合 い も の 
そ し て こ の こ と が で き る の で す 砂 漠 の 境 界 翻 訳 を 非 常 に い ま す 
そ し て そ れ は 質 問 す る こ と が で き る と い う と 私 た ち に 介 入 す る こ と を 移 動 立 ち 止 ま っ て い ま す も し 地 に よ り も 重 要 な の で す 砂 漠 化 」 で す 
そ し て 生 物 を 見 れ ば 進 化 の 生 活 に 適 応 す る た め に 見 え る で し ょ う 砂 漠 の 素 晴 ら し い 例 が 好 き な 状 態 に 希 少 な い の で す こ れ は 水 し て い る の で す ハ ー ド namibia, 進 化 し ま し た を 見 つ け ら れ る こ と が で き る た め に 自 分 の コ ー ラ 砂 漠 の よ う に 夜 に 牛 の 上 に 砂 山 が あ り ま す そ し て 新 皮 質 の 黒 に xỉn, げ る こ と が で き る 熱 に 外 に 出 し て 夜 に な り 周 り を よ り も 
だ か ら で す が 風 を 吹 き 飛 ば 食 に 入 っ て か ら 海 水 の 勘 違 い で し ょ う 皮 質 の 小 さ な の で す 
太 陽 の 前 に 日 を す れ ば よ か っ て い る の は 外 観 や 口 に し て い る で し ょ う 
水 を 飲 ん だ 後 穴 に 忘 れ て い ま す そ し て 一 日 中 
そ し て 意 志 と 呼 ん で い ま す こ の よ う な ら な け れ ば よ り も 
な ぜ な ら に 近 く を 見 る の で し ょ う bọ, た く さ ん の 小 さ な く あ り ま す 
そ し て く る こ と が で き る の で す そ れ を 吸 い nước: 水 を 惹 き つ け ま す 
た く の で す こ れ は 新 皮 質 な 水 を 吸 い 
そ し て い ま す る の は 水 を 形 成 し 始 め ま し た の で す が 求 め 傷 が あ り ま し た 涙 な 形 で 球 体 は 象 徴 的 で 全 体 の 中 に は ウ 皮 質 の 
だ か ら さ れ て い る の が あ り ま せ ん 湿 エ ネ ル ギ ー の 空 気 の 中 の 小 さ な の で す 水 を 得 る こ と が で き る 効 果 が 口 に し て い ま す こ れ は 素 晴 ら し い 例 に 環 境 に 適 応 と 権 力 が 制 限 し て い ま す そ の 意 味 に 関 連 し て い る の が 私 た ち の 挑 戦 し て い る の で す あ と 数 年 の 数 十 年 後 に 
私 た ち と 温 室 を 発 明 し ま し た こ れ は 海 水 の た め に デ ザ イ ン 望 遠 鏡 の 沿 岸 電 乾 燥 地 方 法 で す 実 の 活 動 が 壁 の 周 囲 を 成 し て 飛 行 機 器 を 取 り 付 け る の で し た 風 や う る 湿 を 増 や し て そ の 間 で 作 ら れ て い る で し ょ う 
だ か ら で す そ の 中 を ẩm, 植 物 を 育 て る と い う 意 味 で す が 必 要 な の で す 少 な か っ た の で す 
そ し て 家 に 戻 っ て ガ 食 に 集 っ て い く の 方 法 に 全 く 同 じ よ う に な っ て い る の で す 
望 遠 鏡 を 通 し て の 家 の 最 初 の 建 設 さ れ て い る こ と を 発 見 を 作 る の で す 多 く の 国 と 比 べ る と コ ー ラ の 需 要 の 内 部 畑 
そ こ で 彼 ら は 拡 大 し 始 め ま し た こ の モ デ ル の 周 り の 地 域 で す 
そ し て 家 に 組 み 合 わ せ し ま し た 湿 え と し て イ ン ド の 小 さ な も の で す 
こ の 写 真 に 撮 ら れ た 日 に 完 璧 で 一 年 後 こ の よ う に 見 え る の で す 
イ ン と 同 じ よ う な っ て い る の は 緑 に 広 が っ て 建 物 か ら 変 乾 燥 地 域 で ひ 地 脂 肪 の 色 は 生 物 学 に つ い て そ の 意 味 し ま し た の で す こ れ は デ ザ イ ン の 目 的 を 守 る 目 的 を 達 す る た め に 再 生 さ れ て い ま す 
私 達 が 拡 大 し た い の 規 模 の イ ン ア イ デ ア を 利 用 さ れ る 利 益 を 最 大 化 
そ し て 自 然 に つ い て 考 え る よ う な 競 争 力 に つ い て 考 え 
し か し 実 際 は 生 態 系 は 機 能 を 見 つ け る こ と が で き る だ け の 例 で す コ ミ ュ ニ テ ィ の 関 係 」 
そ れ で イ ン の 重 要 な 生 物 学 の 原 則 は 同 時 に 応 用 す る 方 法 を 探 し た 技 術 の 集 団 の 共 生 的 に 
そ し て 理 想 的 な 技 術 を 使 っ て 望 遠 鏡 は 家 に 海 水 に 集 中 太 陽 エ ネ ル ギ ー を 使 っ て エ ネ ル ギ ー を エ ネ ル ギ ー の 温 度 に 集 中 太 陽 の 電 気 を 作 る の で す 
そ し て 提 供 す る た め に ア イ デ ア を 可 能 性 に csp, の だ と 思 っ て い る と 思 い ま す エ ネ ル ギ ー を し ま し た さ れ て い ま す 何 万 倍 も 太 陽 か ら 毎 年 の エ ネ ル ギ ー 使 用 に 形 す べ て 何 万 倍 に な り ま す 。 
だ か ら の エ ネ ル ギ ー 問 題 あ り ま せ ん で す こ れ は 難 し い 課 題 に 対 し て の 源 で す 
そ し て み た い な る と 言 っ て い る の で す ま ず 第 一 に 、 技 術 の 活 動 す る こ と が で き ま す 「 合 砂 漠 
csp 供 給 が 必 要 は あ り ま せ ん 最 水 の 正 確 さ れ て い る こ と で す 海 水 望 遠 鏡 の 作 家 
多 く の エ ネ ル ギ ー の 排 出 量 csp 熱 度 
全 て を 活 用 す る こ と が で き る エ ネ ル ギ ー の 温 度 を よ り 多 く の 国 に 海 に 飛 行 機 で す し 高 利 益 よ り 回 復 す る 
そ し て 最 後 に 、 ボ ー ル の 下 の 物 の gương, を 育 て る こ と が で き る す べ て で き ま せ ん で 植 物 を 垂 直 接 太 陽 光 の 下 さ れ て い ま す 
こ の シ ス テ ム は こ の よ う に し て こ の ア イ デ ア を 作 り 私 た ち は 長 い 壁 者 の 望 遠 鏡 の 風 向 
私 た ち に 集 中 す る 者 は 太 陽 エ ネ ル ギ ー の 真 ん 中 道 で す 
皆 さ ん の 疑 問 が で き る こ と に よ る と 私 た ち に と っ て 塩 エ ネ ル ギ ー の た め で す 
そ の ナ ー が あ り ま す れ ば 資 源 を 使 っ て 得 ら れ て い ま せ ん 正 し い で し ょ う か と 考 え で は あ り ま せ ん で し ょ う か ？ 俺 を 捨 て る こ と だ と 考 え る で し ょ う đi?”, 俺 に 加 え る こ と が で き る シ ス テ ム を す る た め に 何 か trị?” 価 値 を 
そ し て 異 な る も の な の で し ょ う 惑 星 の 段 階 で 異 な っ て い ま す 
海 水 を 成 し て 行 い ま す が 初 め 炭 酸 カ ル シ ウ ム で す 
勘 違 い ま す こ と を コ ン ピ ュ ー タ を 飛 行 機 の よ う に 明 さ れ て い ま す 。 左 徐 々 に 収 炭 酸 カ ル シ ウ ム し て し ま し た 
し か ら で き ま す そ れ を 利 用 で き ま す 建 築 材 料 が 軽 く 
そ し て cac-bon に つ い て 考 え る こ と が で き ま す が そ の 空 気 を 減 ら そ れ が 海 に 閉 じ 商 品 の 建 築 
次 は clorua. natri 
圧 縮 す る こ と も で き で す よ う な 建 物 を し ま し た こ れ は ホ テ ル ボ で す 
そ し て す べ て の 種 類 の 化 合 物 の そ し て い る こ と が で き る よ う な 装 phốt xuất, を 抽 出 す る こ と を す る 必 要 が あ る bón 地 に 砂 漠 
そ れ だ け で す る こ と が で き る 問 題 に つ い て い る も の 全 海 水 の 
だ か ら 出 る こ と が で き る 要 素 を 抽 出 価 値 が あ る liti 電 池 の よ う に 使 え る 効 率 の 高 電 池 で す 
そ の 中 の 湾 で ア ラ ブ の 塩 水 で は あ り ま せ ん が 私 を 上 げ る と い う 塩 水 の 排 出 量 の 工 塩 菌 を こ れ は 生 態 系 の 崩 壊 の 近 づ く 
す る こ と が で き ま し ょ う 全 て の 水 を 使 っ て い ま す 塩 
私 た ち は で き る の で す 蒸 気 が 増 加 す る た め に 利 益 を 変 え 、 そ し て 塩 水 の 排 出 物 は 問 題 で す 緊 急 事 態 に 大 き な チ ャ ン ス で す 
実 際 に は サ ブ サ ハ ラ の プ ロ ジ ェ ク ト は 私 た ち に モ デ ル を 作 る 方 法 は あ り ま せ ん 然 食 品 cacbon, 再 生 可 能 エ ネ ル ギ ー の 問 題 に つ い て い た の で 最 も 重 要 な の で す こ の よ う な も の で す 地 、 砂 漠 化 さ れ て い ま す 
そ う に な っ て い ま す が 大 き な 課 題 の 話 を し ま し た ラ ー 効 率 的 資 源 が 円 の 経 済 太 陽 エ ネ ル ギ ー 
だ け で は あ り ま せ ん が 可 能 と て も 重 要 で す 
私 は 信 じ て い ま す と い う 研 究 す る の は 自 然 の 問 題 を 解 決 す る の で す 多 く の 解 決 策 を 
し か し そ の 上 に こ の 考 え を 実 際 に 言 い ポ ジ テ ィ ブ な 持 続 可 能 な デ ザ イ ン に つ い て 
で す が 多 す ぎ る 環 境 に つ い て 話 を 使 っ て の 否 定 的 な 言 語 は と て も 
し か し こ れ は こ れ に つ い て ど 豊 か な そ し て 最 適 化 
そ し て こ れ は あ り ま す 重 要 な の で す 
言 っ て い ま し た antoine saint-exupery ・ “nếu を 作 り た い の で す チ ー ム で は あ り ま せ ん 電 車 座 っ て そ れ に 仕 事 に つ い て 
必 要 が あ り ま す い イ 心 の グ ル ー プ の 人 々 に つ い て き ま し た 探 検 は 火 に xa.” を 
そ し て こ れ は 私 た ち の す る 必 要 が あ り そ こ で ポ ジ テ ィ ブ だ と 考 え て み ま し ょ う や っ て く だ さ い そ し て 生 に な り ま し た 新 し い 時 間 に 興 味 深 い の で す 
あ り が と う 
二 人 の 人 が 愚 か 
h i v を 広 め tràn&amp;quot; そ こ で の 新 聞 で イ ギ リ ス で す 
こ れ は 保 護 人 を 長 く は あ り ま せ ん 
私 は 好 奇 心 手 --giơ 同 意 し て い る の で し ょ う ？ 誰 だ と い う こ と で す か 二 dũng 心 な の で す こ れ は か つ て 言 い ま す 医 師 が 疫 学 活 動 し ま し た こ の 分 野 の 1 5 年 ４ つ の ア フ リ カ 大 陸 で 働 い て い ま す こ れ は 彼 女 を 見 て 
そ し て 今 か ら 始 め ま し た 反 対 意 見 が 正 し い こ の 半 分 だ け で す 
人 々 は h i v に か ら で す 彼 が 当 時 や っ て い る と い う こ と で す 
し か し 大 部 分 で や っ て い る 愚 か な こ と の 合 理 的 な 理 由 は 完 璧 で す （ 拍 手 ） 
古 代 trí&amp;quot; 翌 日 目 に は 医 療 食 の コ ミ ュ ニ テ ィ な の で す 
そ し て 公 眼 鏡 を 医 療 に と っ て コ ミ ュ ニ テ ィ が 提 供 し な け れ ば そ れ を 人 々 に 情 報 の 利 を 得 る こ と が 必 要 が あ り ま す 彼 ら に 彼 ら を や ら な け れ ば そ れ を 提 供 し な け れ ば 、 サ ー ビ ス を 提 供 し た と し て の 人 が 少 し 報 奨 に な る で し ょ う trí&amp;quot; 翌 日 目 の 決 断 の 人 生 が 長 期 的 な 健 康 そ し て 
こ れ は 素 晴 ら し い 問 題 で し た か ら 私 に と っ て い ま し た 私 は h i v は h i v を 知 っ て い ま す 貧 し い と い う こ と で す こ れ ま で 無 け れ ば 世 界 に 参 加 し て い る の で す ヒ ted&amp;apos;07, 価 -fê; h i v は 実 際 に 薬 を 大 好 き 
そ し て こ の 2 つ の 存 在 が 人 を 少 し 不 合 理 状 態 で す こ れ は ダ &amp;#91;tiếng cười&amp;#93; 麻 薬 中 毒 で す 
そ こ で 私 た ち は 始 め ま し た も の と 同 じ 理 中 に 
こ の 時 を 覚 え て い ま し た と 話 す イ ン ド ネ シ ア 人 の 私 の frankie. 
そ し て し ま し た 彼 は 昼 食 に つ い て し ま し た 彼 は 時 間 バ 刑 務 所 で chích. 予 防 接 種 の 誕 生 日 で す こ れ は 誰 も 彼 ら は 少 し ま し た そ し て tuồn hê-rô-in giam, 場 に 彼 は 親 切 に し ま し た 共 有 で き ま す 友 人 と し て い ま す 
全 て の 人 は 全 て を ア レ ン と の 誕 生 日 や っ て い る の で す そ し て 彼 を ラ と 人 々 の 予 防 接 種 を 始 め ま し た 
最 初 に 予 防 接 種 の よ う と し て そ れ で 彼 は モ ー タ に 金 属 の 次 に 予 防 接 種 と し て い ま す 
そ し て 「 &amp;quot;tớ 世 に は 2 2 も し て い る こ と が で き る 金 属 の 友 人 が い て い る 割 合 血 tớ, 降 ろ し い 
ど xuẩn, な の で す 
そ し て い ま す 友 人 の 中 の 小 さ な い と 考 え 始 め ま し た 
こ れ は ghiếc す れ ば 
危 険 な の で し ょ う 
本 当 に そ し て く だ さ い &amp;apos;làm 危 険 は あ り が と う 少 し 時 に 薬 の 友 人 で す 
で は あ り 少 し ま し ょ う 
そ し て の 話 を し て こ の 話 を し ま し た 
「 世 界 と 刺 激 薬 を ngốc.&amp;quot; な の で す 
そ し て あ り ま せ ん で る 責 任 芸 彼 は 正 確 に し か し 実 際 に は 世 界 中 毒 に heroin, そ し て か ら 
そ の 選 択 肢 で は あ り ま せ ん 汚 れ た 植 物 を 受 け 入 れ る 金 属 や 胸 状 態 で す 
そ し て こ の 場 所 が ア メ リ カ ス し た い こ と が で き る の で す か ら で す 
し か し 私 は 科 学 者 で す 
で は あ り ま せ ん か ら デ ー タ を 物 語 を 見 て み ま し ょ う 。 そ の デ ー タ で 
私 た ち に つ い て 話 し ま し た 1 0 0 0 ア ３ イ ン ド ネ シ ア の 街 に 言 い ま し た そ し て 知 っ て い ま す 「 さ て ど の よ う に h i v の か ？ 」 「 え え を 共 有 tiêm.&amp;quot; 金 を 使 っ て い ま し た そ の 1 0 0 % 近 く に い る と い う 共 通 の 注 射 を 使 っ て 
「 そ し て 知 っ て い る こ と が で き る 場 所 に な る 金 属 に 値 す る こ と が で き る の か ？ 」 と 答 え を 回 避 す る こ と に し ま し た 1 0 0 ％ biết&amp;quot;. そ し て い る の で す 「 ア nặng; を 知 っ て い ま し た 場 所 が sạch.&amp;quot; 金 属 し て い る の は 「 金 を 持 っ て い ま す か ？ 」 と 
私 た ち の 人 々 が イ ン タ ビ ュ ー で 彼 ら が 場 所 に 集 chích. そ し て 「 予 防 接 種 を 持 っ て 浄 金 の か ？ 」 
4 の 最 大 限 に す る の で す 
そ こ で も あ り ま せ ん が 驚 く べ き こ と で す が 金 を 使 っ て 予 防 接 種 を chích 週 間 前 に 予 防 接 種 の 清 潔 だ け で 1 9 1 0 の 共 通 し て い る こ と で す 
こ の こ と が で き る の で す 大 き な く な り ま す 
全 て の 人 を 知 っ て い ま す 
彼 ら は 金 属 tiêm, 共 用 を 彼 ら は h i v 感 染 し て 彼 ら の よ う な 共 用 を で す 
そ こ で こ れ は 何 に つ い て で は な い ス ト で し ょ う よ り も 共 用 を や ら な け れ ば そ れ は 何 で し ょ う ？ 
質 問 を し ま し た の で す る の で す 「 答 え ま し た か ？ 
た く な い よ り 共 通 の 予 防 接 種 の 金 属 で 用 的 な 人 で 眠 り ま す 
そ こ に 問 題 が あ り ま す 
し か し ま し た 共 通 の 予 防 接 種 を 使 っ て し ま し た 金 属 で あ り ま せ ん tù.&amp;quot; に イ ン ド ネ シ ア で は 現 在 で あ れ ば 金 を 持 っ て い ま し た 予 防 接 種 tóm, 警 察 に 埋 め ら れ る で し ょ う か ら 
方 程 式 を 変 え る の で す そ し て し ま す い い ？ 
な ぜ な ら 皆 さ ん の 選 択 肢 が あ り ま せ ん 私 は 金 を 使 っ て い ま す 自 分 の 予 防 接 種 を 使 い ま し た と 私 は 共 通 し て 予 防 接 種 の 病 気 と 金 属 す る こ と が で き ま し た が 死 ん で し ょ う 1 0 年 後 に は 使 う こ と が で き ま し た 金 属 で 特 に 予 防 接 種 の 刑 務 所 が 明 日 の 考 え て い る の で す 
そ れ が 悪 い 意 見 で は h i v に 恐 ろ し い の は と 思 う こ と が よ り も 刑 務 所 年 以 内 に 座 っ て 
で き る で し ょ う 彼 の 世 の 状 況 に 直 面 す る と 突 然 h i v 感 染 率 に な り ま す 論 理 的 な 共 通 の 注 射 を 使 っ て い る の で す 
今 見 て み る と い う こ と で す 者 の 観 点 か ら フ を こ れ は 本 当 に 簡 単 な 問 題 で は な い の で す 
突 然 、 大 学 の 一 列 動 で す 
私 た ち は 論 理 的 な こ と に コ ミ ュ ニ テ ィ の 医 療 
人 々 が 金 を 使 っ て い た い の で す そ し て 予 防 接 種 の ア ク ワ ク チ ン 接 種 を 使 い た い と 
こ れ ら の 問 題 を 解 決 す る こ と が で き る こ と を 簡 単 に 金 属 で 予 防 接 種 を 全 て の 人 が 削 除 し て 始 め る こ と を 恐 れ る 
さ て 、 最 初 の 人 間 と い う こ と を 認 識 し て 何 か そ れ に つ い て 国 レ ベ ル で 開 く 有 名 で す 
thatcher ー そ し て 彼 女 は 詩 の プ ロ グ ラ ム し ま し た 行 動 を 変 え る 予 防 接 種 の 金 属 の 国 が 世 界 で 初 め て そ の 他 の 国 の オ ー ス ト ラ リ ア の オ ラ ン ダ の 克 服 し ま し た そ し て そ の 他 の 国 の 国 が 見 え る こ と が で き ま せ ん 人 口 の 4 ％ が h i v は 予 防 接 種 の ツ ー ル の 仕 事 を し て い る 場 所 で は あ り ま せ ん 例 え ば ニ ュ ー ヨ ー ク の よ う に 
mát-xcơ-va, jakarta, 最 高 の ツ ー ル は 2 つ の 感 染 予 防 接 種 の 病 気 で 死 ん で こ の 人 に も 行 っ て い ま す 
こ の 仕 事 に thatcher ー で は あ り ま せ ん で す が 彼 女 は 愛 に 依 存 症 が 大 き な の で す 
彼 女 と い う こ と で す か ら で す こ の 国 が 持 つ 国 医 療 サ ー ビ ス 
そ こ で 彼 女 に 投 資 し な け れ ば な り ま せ ん で い る 方 法 は 部 屋 の 結 果 と な る で し ょ う 彼 女 の 費 用 に 治 療 し て そ の 後 は 明 ら か の 費 用 の そ れ よ り も 高 い 
そ し て い ま し た 決 断 を 論 理 的 な 政 治 に 合 わ せ て 
も し 私 が オ タ ク を 眼 鏡 を 持 っ て 医 療 の コ ミ ュ ニ テ ィ が こ れ を 見 て み ま し た デ ー タ が あ り ま す こ の よ う に な っ て い る と 脳 で は あ り ま せ ん 
し か し こ の 国 政 府 の 場 所 は 明 ら か を 強 制 さ れ た 感 じ ま せ ん が 医 療 を 健 康 に し ま し た 人 々 の 選 択 肢 は 全 く 違 っ た 道 の り で す 
す べ て し ま し た ア メ リ カ で は デ ー タ を 見 て デ ー タ を 見 て い ま せ ん 
で す こ れ ら の 数 百 の 研 究 者 か ら 寺 院 の 重 要 な 科 学 的 そ し て こ れ は ア メ リ カ の 研 究 に よ る 多 く の プ ロ グ ラ ム の 効 果 が 予 防 接 種 の 金 属 
さ て 、 こ の プ ロ グ ラ ム の 予 防 接 種 の 金 属 効 果 的 に は あ り ま せ ん で す こ れ は ス ラ イ ド の こ と を し ま し た こ と に な る の で す そ し て し ま し た し か し 右 は あ り ま せ ん こ の ス ラ イ ド で す 

beatjazz 
beatjazz live looping は 即 興 ジ ャ ズ に し ま す が 
音 の デ ザ イ ン の よ う に 動 い て い る の で す 
デ ザ イ ン に 手 を 加 速 し ま す そ れ ぞ れ の 位 置 を 感 じ て い ま す 手 
ラ イ ト の 色 の 表 の 音 を し て い ま し た 
例 え ば う 赤 い ド 
青 い う ベ ー ス 
緑 和 音 う 
音 に う っ て 
英 語 tía う ー 
な の で す ボ タ ン ト ラ ン ペ ッ ト の 背 景 の 説 ghi-ta 番 個 多 く の ゼ 熱 を 
表 面 は 賢 い 携 帯 の シ ス テ ム の 表 情 報 を 
な ぜ だ ろ う か ？ 文 化 の 原 子 化 す る た め に 音 楽 
全 体 で す こ と が で き ま す 過 去 か ら 現 在 未 来 に そ れ か ら で き れ ば 研 究 と し て 抽 象 的 で 直 接 化 
そ し て 音 楽 と “ beatjazz&amp;quot; d.j 人 気 に な り ま す 
し か し 建 築 は 未 来 を 待 っ て よ り も の で す 

想 像 し て く だ さ い 立 っ て い る の で す ど ん な ど の 道 路 ア メ リ カ や 日 本 人 近 く に 近 家 列 し 何 と い う 名 前 で 
そ し て い ま せ ん 「 答 え た の で す こ れ は 実 際 oak, elm. 道 路 で す こ れ は こ れ は こ の 線 26, 27”. で す 
彼 は 言 い ま し た 行 為 で す ね し か し そ こ で 何 者 と い う 名 前 で 
答 え で は な い の で す “dãy タ が あ り ま せ ん 
道 路 は tên; 行 為 だ け で は な い の で は あ り ま せ ん đường.” の 名 前 の 
彼 は 少 し な く 困 惑 し て 失 望 さ せ そ し て 
そ し て し ま し ょ う こ と を し て い る の で す ど ん な 道 の り で す そ の 日 に 向 か っ て し ま す が 近 道 路 の 名 前 は 何 を 
彼 ら は 答 え は 1 7 の “đó 者 は こ の 家 で す — “ 1 6 人 
そ し て あ な た は 「 “vâng, し か し こ の 道 の 名 前 は 何 で す 
そ し て 彼 ら の 答 え は 題 名 が あ り ま せ ん ね 
新 し い 家 行 為 で す 
地 図 を 見 て く だ さ い ま す こ れ は g o o g l e の 数 列 14,15,16,17,18,19. 者 
全 て の 家 の 題 名 が あ り ま す 
で は 道 路 の 名 前 の よ う に な り 
そ し て ね そ こ で 質 問 は ど う bạn?” 者 た ち が 知 っ て い ま す 
彼 は 答 え た の で す こ れ は 8 地 区 も “dễ 
な ぜ 者 の 数 列 者 một.” 7 
あ な た は 「 “vâng. 歩 し か し 、 隣 接 地 し ま し た い て い る ん で い く ら い tự.&amp;quot; も あ り ま せ ん 
彼 は 「 も ち ろ ん 者 で も い ま す か ら さ れ て い ま す 建 築 さ れ て い ま す 
最 初 の 家 を 建 て た 行 為 に こ の 家 で す 
二 つ 目 は 建 築 家 は ２ つ の 数 と 呼 ん で い ま す 
３ つ 目 の 建 築 家 と 呼 ば れ る の は 簡 単 で す こ れ は ３ 葉 を 「 明 ら か で す 
そ こ で 、 私 の 好 き に す る こ と が 必 要 が あ っ て い ま す が こ の 世 界 の 半 分 を 決 定 を 認 識 す る 私 た ち が わ か り ま せ ん が あ り ま す る と い う こ と に 気 づ き の 反 対 は 正 し い こ と も で き ま す 
例 え ば 中 国 の 医 者 は 彼 ら の 仕 事 を 信 じ て い ま す こ と を 健 康 的 で す 
そ こ で か 月 の 健 康 で す 彼 ら は お 金 を 払 っ て も 必 要 が あ る 病 気 は あ り ま せ ん か ら で す お 金 を 完 全 に 豊 か に 責 任 と い う こ と で す 彼 ら は 健 康 に 、 病 痛 み は あ り ま せ ん 

